DEBUG 2025-04-02 11:58:18.196 UTC: 	 CRAB Client version: v3.250318
DEBUG 2025-04-02 11:58:18.196 UTC: 	 Running on: Linux private-snu 6.13.8-200.fc41.x86_64 #1 SMP PREEMPT_DYNAMIC Sun Mar 23 05:03:09 UTC 2025 x86_64 x86_64 x86_64 GNU/Linux
DEBUG 2025-04-02 11:58:18.196 UTC: 	 Using SINGULARITY image: private-el9.sif
DEBUG 2025-04-02 11:58:18.196 UTC: 	 Operating System: AlmaLinux 9.5 (Teal Serval)
DEBUG 2025-04-02 11:58:18.196 UTC: 	 Executing command: 'submit'
DEBUG 2025-04-02 11:58:18.196 UTC: 	 Found CRAB cache file /home/choij/.crab3
INFO 2025-04-02 11:58:18.196 UTC: 	 Will use CRAB configuration file crab_config_W2j_LO_5f_CPPNONE.py
DEBUG 2025-04-02 11:58:18.197 UTC: 	 Loading CRAB configuration file.
DEBUG 2025-04-02 11:58:20.804 UTC: 	 Will use CRAB plugin PRIVATEMC (i.e. will run an a MC generation job type).
DEBUG 2025-04-02 11:58:20.804 UTC: 	 Checking credentials
DEBUG 2025-04-02 11:58:20.805 UTC: 	 Found proxy file /tmp/x509up_u1000
DEBUG 2025-04-02 11:58:20.805 UTC: 	 Making sure it has proper VOMS extension
DEBUG 2025-04-02 11:58:20.805 UTC: 	 Executing command :
 voms-proxy-info --vo --file /tmp/x509up_u1000
DEBUG 2025-04-02 11:58:21.113 UTC: 	 output : cms

 error: 
 retcode : 0
DEBUG 2025-04-02 11:58:21.113 UTC: 	 Getting proxy life time left
DEBUG 2025-04-02 11:58:21.113 UTC: 	 Executing command :
 voms-proxy-info --actimeleft --timeleft --file /tmp/x509up_u1000
DEBUG 2025-04-02 11:58:21.412 UTC: 	 output : 581568
581568

 error: 
 retcode : 0
DEBUG 2025-04-02 11:58:21.412 UTC: 	 Proxy valid for 161:32:48 hours
DEBUG 2025-04-02 11:58:21.412 UTC: 	 Encoded data for curl request: subresource=delegatedn
DEBUG 2025-04-02 11:58:22.252 UTC: 	 Registering user credentials on myproxy for /DC=ch/DC=cern/OU=computers/CN=crab-(preprod|prod)-tw(01|02).cern.ch|/DC=ch/DC=cern/OU=computers/CN=crab-dev-tw(01|02|03|04).cern.ch|/DC=ch/DC=cern/OU=Organic Units/OU=Users/CN=cmscrab/CN=(817881|373708)/CN=Robot: cms crab|/DC=ch/DC=cern/OU=Organic Units/OU=Users/CN=crabint1/CN=373708/CN=Robot: CMS CRAB Integration 1
DEBUG 2025-04-02 11:58:22.252 UTC: 	 Executing command :
 voms-proxy-info --identity --file /tmp/x509up_u1000
DEBUG 2025-04-02 11:58:22.565 UTC: 	 output : /DC=ch/DC=cern/OU=Organic Units/OU=Users/CN=choij/CN=841389/CN=Jin Choi

 error: 
 retcode : 0
DEBUG 2025-04-02 11:58:22.565 UTC: 	 Getting myproxy life time left for 62145c27448958522230f1583fedca774537a25d
DEBUG 2025-04-02 11:58:22.565 UTC: 	 Executing command :
 myproxy-info -s myproxy.cern.ch -l 62145c27448958522230f1583fedca774537a25d
DEBUG 2025-04-02 11:58:24.216 UTC: 	 output : username: 62145c27448958522230f1583fedca774537a25d
owner: /DC=ch/DC=cern/OU=Organic Units/OU=Users/CN=choij/CN=841389/CN=Jin Choi
  renewal policy: /DC=ch/DC=cern/OU=computers/CN=crab-(preprod|prod)-tw(01|02).cern.ch|/DC=ch/DC=cern/OU=computers/CN=crab-dev-tw(01|02|03|04).cern.ch|/DC=ch/DC=cern/OU=Organic Units/OU=Users/CN=cmscrab/CN=(817881|373708)/CN=Robot: cms crab|/DC=ch/DC=cern/OU=Organic Units/OU=Users/CN=crabint1/CN=373708/CN=Robot: CMS CRAB Integration 1
  trusted retrieval policy: /DC=ch/DC=cern/OU=computers/CN=crab-(preprod|prod)-tw(01|02).cern.ch|/DC=ch/DC=cern/OU=computers/CN=crab-dev-tw(01|02|03|04).cern.ch|/DC=ch/DC=cern/OU=Organic Units/OU=Users/CN=cmscrab/CN=(817881|373708)/CN=Robot: cms crab|/DC=ch/DC=cern/OU=Organic Units/OU=Users/CN=crabint1/CN=373708/CN=Robot: CMS CRAB Integration 1
  timeleft: 521:17:40  (21.7 days)

 error: 
 retcode : 0
DEBUG 2025-04-02 11:58:24.216 UTC: 	 Myproxy is valid: 1876620
DEBUG 2025-04-02 11:58:24.216 UTC: 	 Result of myproxy credential check:
  Credential exists on myproxy: username: 62145c27448958522230f1583fedca774537a25d  - validity: 21 days, 17:17:00
DEBUG 2025-04-02 11:58:24.216 UTC: 	 Command use: submit
DEBUG 2025-04-02 11:58:24.216 UTC: 	 Options use: ['-c', 'crab_config_W2j_LO_5f_CPPNONE.py']
DEBUG 2025-04-02 11:58:24.217 UTC: 	 Encoded data for curl request: subresource=version
DEBUG 2025-04-02 11:58:25.055 UTC: 	 CRABClient version: v3.250318
DEBUG 2025-04-02 11:58:25.055 UTC: 	 Instance is prod
DEBUG 2025-04-02 11:58:25.055 UTC: 	 Server base url is cmsweb.cern.ch
DEBUG 2025-04-02 11:58:25.055 UTC: 	 Command api workflow
DEBUG 2025-04-02 11:58:25.055 UTC: 	 Started submission
DEBUG 2025-04-02 11:58:25.055 UTC: 	 Working on /home/choij/workspace/CustomNanoGEN_CMSSW_13_0_13/src/Configuration/CustomNanoGEN/crab/crab_projects/crab_W2j_LO_5f_CPPNONE
DEBUG 2025-04-02 11:58:25.056 UTC: 	 Encoded data for curl request: subresource=backendurls
DEBUG 2025-04-02 11:58:25.904 UTC: 	 Loading required information from the environment
DEBUG 2025-04-02 11:58:25.904 UTC: 	 Found CMSSW_13_0_13 for el9_amd64_gcc11 with base /home/choij/workspace/CustomNanoGEN_CMSSW_13_0_13
DEBUG 2025-04-02 11:58:25.904 UTC: 	 UNIQUE NAME: tarUUID 5b5b1c6e-26dd-4c06-b564-777e22989902 
DEBUG 2025-04-02 11:58:25.904 UTC: 	 self.config: from WMCore.Configuration import Configuration
config = Configuration()
config.section_('General')
config.General.workArea = 'crab_projects'
config.General.transferOutputs = True
config.General.transferLogs = False
config.General.requestName = 'W2j_LO_5f_CPPNONE'
config.section_('JobType')
config.JobType.numCores = 1
config.JobType.pluginName = 'PrivateMC'
config.JobType.allowUndistributedCMSSW = False
config.JobType.maxMemoryMB = 5000
config.JobType.psetName = '../configs/Hadronizer_TuneCP5_13p6TeV_W2j_LO_5f_CPPNONE_LHE_pythia8_cfg.py'
config.section_('Data')
config.Data.unitsPerJob = 4000
config.Data.totalUnits = 160000
config.Data.splitting = 'EventBased'
config.Data.outputDatasetTag = 'Run3Summer23wmLHEGS'
config.Data.outputPrimaryDataset = 'W2j_LO_5f_CPPNONE'
config.Data.publication = False
config.Data.outLFNDirBase = '/store/user/choij/MG4GPU/Validation'
config.section_('Site')
config.Site.storageSite = 'T3_KR_KNU'
config.section_('User')
config.section_('Debug')

DEBUG 2025-04-02 11:58:25.904 UTC: 	 self.config.JobType.psetName: ../configs/Hadronizer_TuneCP5_13p6TeV_W2j_LO_5f_CPPNONE_LHE_pythia8_cfg.py
INFO 2025-04-02 11:58:25.904 UTC: 	 Importing CMSSW configuration ../configs/Hadronizer_TuneCP5_13p6TeV_W2j_LO_5f_CPPNONE_LHE_pythia8_cfg.py
INFO 2025-04-02 11:58:26.518 UTC: 	 Finished importing CMSSW configuration ../configs/Hadronizer_TuneCP5_13p6TeV_W2j_LO_5f_CPPNONE_LHE_pythia8_cfg.py
DEBUG 2025-04-02 11:58:26.518 UTC: 	 Writing CMSSW configuration to /home/choij/workspace/CustomNanoGEN_CMSSW_13_0_13/src/Configuration/CustomNanoGEN/crab/crab_projects/crab_W2j_LO_5f_CPPNONE/inputs/PSet.py
DEBUG 2025-04-02 11:58:26.618 UTC: 	 The following EDM output files will be collected: ['NANOGEN.root']
DEBUG 2025-04-02 11:58:26.618 UTC: 	 The following TFile output files will be collected: []
DEBUG 2025-04-02 11:58:26.618 UTC: 	 The following user output files (not listed as PoolOuputModule or TFileService in the CMSSW PSet) will be collected: 
DEBUG 2025-04-02 11:58:26.618 UTC: 	 Loading required information from the environment
DEBUG 2025-04-02 11:58:26.618 UTC: 	 Found CMSSW_13_0_13 for el9_amd64_gcc11 with base /home/choij/workspace/CustomNanoGEN_CMSSW_13_0_13
DEBUG 2025-04-02 11:58:26.618 UTC: 	 Making tarball in /home/choij/workspace/CustomNanoGEN_CMSSW_13_0_13/src/Configuration/CustomNanoGEN/crab/crab_projects/crab_W2j_LO_5f_CPPNONE/inputs/5b5b1c6e-26dd-4c06-b564-777e22989902default.tgz
DEBUG 2025-04-02 11:58:26.619 UTC: 	 Checking directory /home/choij/workspace/CustomNanoGEN_CMSSW_13_0_13/bin
DEBUG 2025-04-02 11:58:26.619 UTC: 	 Adding directory /home/choij/workspace/CustomNanoGEN_CMSSW_13_0_13/bin to tarball
DEBUG 2025-04-02 11:58:26.620 UTC: 	 Checking directory /home/choij/workspace/CustomNanoGEN_CMSSW_13_0_13/python
DEBUG 2025-04-02 11:58:26.620 UTC: 	 Adding directory /home/choij/workspace/CustomNanoGEN_CMSSW_13_0_13/python to tarball
DEBUG 2025-04-02 11:58:26.622 UTC: 	 Checking directory /home/choij/workspace/CustomNanoGEN_CMSSW_13_0_13/cfipython
DEBUG 2025-04-02 11:58:26.622 UTC: 	 Adding directory /home/choij/workspace/CustomNanoGEN_CMSSW_13_0_13/cfipython to tarball
DEBUG 2025-04-02 11:58:26.623 UTC: 	 Checking directory /home/choij/workspace/CustomNanoGEN_CMSSW_13_0_13/lib
DEBUG 2025-04-02 11:58:26.623 UTC: 	 Adding directory /home/choij/workspace/CustomNanoGEN_CMSSW_13_0_13/lib to tarball
DEBUG 2025-04-02 11:58:26.623 UTC: 	 Checking directory /home/choij/workspace/CustomNanoGEN_CMSSW_13_0_13/biglib
DEBUG 2025-04-02 11:58:26.624 UTC: 	 Adding directory /home/choij/workspace/CustomNanoGEN_CMSSW_13_0_13/biglib to tarball
DEBUG 2025-04-02 11:58:26.624 UTC: 	 Checking directory /home/choij/workspace/CustomNanoGEN_CMSSW_13_0_13/module
DEBUG 2025-04-02 11:58:26.624 UTC: 	 Checking directory /home/choij/workspace/CustomNanoGEN_CMSSW_13_0_13/config/SCRAM/hooks
DEBUG 2025-04-02 11:58:26.624 UTC: 	 Adding directory /home/choij/workspace/CustomNanoGEN_CMSSW_13_0_13/config/SCRAM/hooks to tarball
DEBUG 2025-04-02 11:58:26.629 UTC: 	 Adding directory /home/choij/workspace/CustomNanoGEN_CMSSW_13_0_13/src/Configuration/CustomNanoGEN/python to tarball
DEBUG 2025-04-02 11:58:26.776 UTC: 	 Uploading archive /home/choij/workspace/CustomNanoGEN_CMSSW_13_0_13/src/Configuration/CustomNanoGEN/crab/crab_projects/crab_W2j_LO_5f_CPPNONE/inputs/5b5b1c6e-26dd-4c06-b564-777e22989902default.tgz (198 KB) to the CRAB cache. Using URI https://cmsweb.cern.ch/S3/crabcache_prod
DEBUG 2025-04-02 11:58:26.870 UTC: 	 Encoded data for curl request: subresource=upload&objecttype=sandbox&tarballname=19238eac67275c93abbb2b8cdfafc1ae9c9471f7a3ffbfdc677774a5171b7e14.tar.gz
DEBUG 2025-04-02 12:00:42.474 UTC: 	 Will execute:
curl -f -v -X POST  -H "User-Agent: CRAB" -F "key=choij/sandboxes/19238eac67275c93abbb2b8cdfafc1ae9c9471f7a3ffbfdc677774a5171b7e14.tar.gz" -F "AWSAccessKeyId=715203df6482458ba839e73e6dab634b" -F "policy=eyJleHBpcmF0aW9uIjogIjIwMjUtMDQtMDJUMTM6MDA6NDJaIiwgImNvbmRpdGlvbnMiOiBbeyJidWNrZXQiOiAiY3JhYmNhY2hlX3Byb2QifSwgeyJrZXkiOiAiY2hvaWovc2FuZGJveGVzLzE5MjM4ZWFjNjcyNzVjOTNhYmJiMmI4Y2RmYWZjMWFlOWM5NDcxZjdhM2ZmYmZkYzY3Nzc3NGE1MTcxYjdlMTQudGFyLmd6In1dfQ==" -F "signature=caM8zKhmxqd8T8APSqvzSz0Ee90=" -F "file=@/home/choij/workspace/CustomNanoGEN_CMSSW_13_0_13/src/Configuration/CustomNanoGEN/crab/crab_projects/crab_W2j_LO_5f_CPPNONE/inputs/5b5b1c6e-26dd-4c06-b564-777e22989902default.tgz" "https://s3.cern.ch/crabcache_prod"
DEBUG 2025-04-02 12:00:44.115 UTC: 	 exitcode: 0
stdout: b''
DEBUG 2025-04-02 12:00:44.115 UTC: 	 upload to S3 of sandbox /home/choij/workspace/CustomNanoGEN_CMSSW_13_0_13/src/Configuration/CustomNanoGEN/crab/crab_projects/crab_W2j_LO_5f_CPPNONE/inputs/5b5b1c6e-26dd-4c06-b564-777e22989902default.tgz completed
DEBUG 2025-04-02 12:00:44.115 UTC: 	 make sure that object is ready for retrieve
DEBUG 2025-04-02 12:00:45.117 UTC: 	 Encoded data for curl request: subresource=download&objecttype=sandbox&tarballname=19238eac67275c93abbb2b8cdfafc1ae9c9471f7a3ffbfdc677774a5171b7e14.tar.gz&clientmethod=head_object
DEBUG 2025-04-02 12:00:45.950 UTC: 	 PreSignedUrl to download sandbox received OK
DEBUG 2025-04-02 12:00:45.954 UTC: 	 Will execute:
 curl -v -s -f -o /dev/null --head  "https://s3.cern.ch/crabcache_prod/choij/sandboxes/19238eac67275c93abbb2b8cdfafc1ae9c9471f7a3ffbfdc677774a5171b7e14.tar.gz?AWSAccessKeyId=715203df6482458ba839e73e6dab634b&Signature=Wmwdn5%2Fu%2BmuKYJmh7e5DPePbef0%3D&Expires=1743598845"
DEBUG 2025-04-02 12:00:46.778 UTC: 	 exitcode: 0
stdout: b''
DEBUG 2025-04-02 12:00:46.778 UTC: 	 sandbox /home/choij/workspace/CustomNanoGEN_CMSSW_13_0_13/src/Configuration/CustomNanoGEN/crab/crab_projects/crab_W2j_LO_5f_CPPNONE/inputs/5b5b1c6e-26dd-4c06-b564-777e22989902default.tgz successfully uploaded to S3
DEBUG 2025-04-02 12:00:46.778 UTC: 	 Loading required information from the environment
DEBUG 2025-04-02 12:00:46.778 UTC: 	 Found CMSSW_13_0_13 for el9_amd64_gcc11 with base /home/choij/workspace/CustomNanoGEN_CMSSW_13_0_13
DEBUG 2025-04-02 12:00:46.778 UTC: 	 Making tarball in /home/choij/workspace/CustomNanoGEN_CMSSW_13_0_13/src/Configuration/CustomNanoGEN/crab/crab_projects/crab_W2j_LO_5f_CPPNONE/inputs/debugFiles.tgz
DEBUG 2025-04-02 12:00:46.781 UTC: 	 Uploading archive /home/choij/workspace/CustomNanoGEN_CMSSW_13_0_13/src/Configuration/CustomNanoGEN/crab/crab_projects/crab_W2j_LO_5f_CPPNONE/inputs/debugFiles.tgz (3 KB) to the CRAB cache. Using URI https://cmsweb.cern.ch/S3/crabcache_prod
DEBUG 2025-04-02 12:00:46.782 UTC: 	 Encoded data for curl request: subresource=upload&objecttype=sandbox&tarballname=ec33733f3b96c3b3d146c550061ffc44fa6bead67462cb555c701d59986cd4f1.tar.gz
DEBUG 2025-04-02 12:00:47.622 UTC: 	 Will execute:
curl -f -v -X POST  -H "User-Agent: CRAB" -F "key=choij/sandboxes/ec33733f3b96c3b3d146c550061ffc44fa6bead67462cb555c701d59986cd4f1.tar.gz" -F "AWSAccessKeyId=715203df6482458ba839e73e6dab634b" -F "policy=eyJleHBpcmF0aW9uIjogIjIwMjUtMDQtMDJUMTM6MDA6NDdaIiwgImNvbmRpdGlvbnMiOiBbeyJidWNrZXQiOiAiY3JhYmNhY2hlX3Byb2QifSwgeyJrZXkiOiAiY2hvaWovc2FuZGJveGVzL2VjMzM3MzNmM2I5NmMzYjNkMTQ2YzU1MDA2MWZmYzQ0ZmE2YmVhZDY3NDYyY2I1NTVjNzAxZDU5OTg2Y2Q0ZjEudGFyLmd6In1dfQ==" -F "signature=5SvFvD/7rZpLa+4aUMJrbBDXCYk=" -F "file=@/home/choij/workspace/CustomNanoGEN_CMSSW_13_0_13/src/Configuration/CustomNanoGEN/crab/crab_projects/crab_W2j_LO_5f_CPPNONE/inputs/debugFiles.tgz" "https://s3.cern.ch/crabcache_prod"
DEBUG 2025-04-02 12:00:48.449 UTC: 	 exitcode: 0
stdout: b''
DEBUG 2025-04-02 12:00:48.449 UTC: 	 upload to S3 of sandbox /home/choij/workspace/CustomNanoGEN_CMSSW_13_0_13/src/Configuration/CustomNanoGEN/crab/crab_projects/crab_W2j_LO_5f_CPPNONE/inputs/debugFiles.tgz completed
DEBUG 2025-04-02 12:00:48.449 UTC: 	 make sure that object is ready for retrieve
DEBUG 2025-04-02 12:00:49.450 UTC: 	 Encoded data for curl request: subresource=download&objecttype=sandbox&tarballname=ec33733f3b96c3b3d146c550061ffc44fa6bead67462cb555c701d59986cd4f1.tar.gz&clientmethod=head_object
DEBUG 2025-04-02 12:00:50.289 UTC: 	 PreSignedUrl to download sandbox received OK
DEBUG 2025-04-02 12:00:50.292 UTC: 	 Will execute:
 curl -v -s -f -o /dev/null --head  "https://s3.cern.ch/crabcache_prod/choij/sandboxes/ec33733f3b96c3b3d146c550061ffc44fa6bead67462cb555c701d59986cd4f1.tar.gz?AWSAccessKeyId=715203df6482458ba839e73e6dab634b&Signature=yBgQBCu6N2oP%2BIInm4NGzhhg%2Bus%3D&Expires=1743598850"
DEBUG 2025-04-02 12:00:51.125 UTC: 	 exitcode: 0
stdout: b''
DEBUG 2025-04-02 12:00:51.125 UTC: 	 sandbox /home/choij/workspace/CustomNanoGEN_CMSSW_13_0_13/src/Configuration/CustomNanoGEN/crab/crab_projects/crab_W2j_LO_5f_CPPNONE/inputs/debugFiles.tgz successfully uploaded to S3
DEBUG 2025-04-02 12:00:51.125 UTC: 	 Result uploading input files: 19238eac67275c93abbb2b8cdfafc1ae9c9471f7a3ffbfdc677774a5171b7e14.tar.gz 
DEBUG 2025-04-02 12:00:51.125 UTC: 	 submit() - self.configuration from WMCore.Configuration import Configuration
config = Configuration()
config.section_('General')
config.General.workArea = 'crab_projects'
config.General.transferOutputs = True
config.General.transferLogs = False
config.General.requestName = 'W2j_LO_5f_CPPNONE'
config.section_('JobType')
config.JobType.numCores = 1
config.JobType.pluginName = 'PrivateMC'
config.JobType.allowUndistributedCMSSW = False
config.JobType.maxMemoryMB = 5000
config.JobType.psetName = '../configs/Hadronizer_TuneCP5_13p6TeV_W2j_LO_5f_CPPNONE_LHE_pythia8_cfg.py'
config.section_('Data')
config.Data.unitsPerJob = 4000
config.Data.totalUnits = 160000
config.Data.splitting = 'EventBased'
config.Data.outputDatasetTag = 'Run3Summer23wmLHEGS'
config.Data.outputPrimaryDataset = 'W2j_LO_5f_CPPNONE'
config.Data.publication = False
config.Data.outLFNDirBase = '/store/user/choij/MG4GPU/Validation'
config.section_('Site')
config.Site.storageSite = 'T3_KR_KNU'
config.section_('User')
config.section_('Debug')

DEBUG 2025-04-02 12:00:51.126 UTC: 	 submit() - self.configreq {'dryrun': 0, 'workflow': 'crab_W2j_LO_5f_CPPNONE', 'saveoutput': 1, 'savelogsflag': 0, 'primarydataset': 'W2j_LO_5f_CPPNONE', 'nonvaliddata': 0, 'userfiles': [], 'dbsurl': 'https://cmsweb.cern.ch/dbs/prod/global/DBSReader', 'useparent': 0, 'ignorelocality': 0, 'splitalgo': 'EventBased', 'algoargs': 4000, 'totalunits': 160000, 'lfn': '/store/user/choij/MG4GPU/Validation', 'publication': 0, 'publishdbsurl': 'https://cmsweb.cern.ch/dbs/prod/phys03/DBSWriter', 'publishname2': 'Run3Summer23wmLHEGS', 'jobtype': 'PrivateMC', 'generator': 'pythia', 'addoutputfiles': [], 'maxjobruntime': 1250, 'numcores': 1, 'maxmemory': 5000, 'priority': 10, 'nonprodsw': 0, 'asyncdest': 'T3_KR_KNU', 'requireaccelerator': 0, 'oneEventMode': 0, 'extrajdl': [], 'ignoreglobalblacklist': 0, 'partialdataset': 0, 'inputblocks': []}
DEBUG 2025-04-02 12:00:51.126 UTC: 	 submit() - jobconfig {'addoutputfiles': [], 'tfileoutfiles': [], 'edmoutfiles': ['NANOGEN.root'], 'jobarch': 'el9_amd64_gcc11', 'jobminuarch': 'any', 'jobsw': 'CMSSW_13_0_13', 'cacheurl': 'https://cmsweb.cern.ch/S3/crabcache_prod', 'cachefilename': '19238eac67275c93abbb2b8cdfafc1ae9c9471f7a3ffbfdc677774a5171b7e14.tar.gz', 'debugfilename': 'ec33733f3b96c3b3d146c550061ffc44fa6bead67462cb555c701d59986cd4f1.tar.gz', 'jobtype': 'PrivateMC', 'primarydataset': 'W2j_LO_5f_CPPNONE'}
INFO 2025-04-02 12:00:51.126 UTC: 	 Sending the request to the server at cmsweb.cern.ch
DEBUG 2025-04-02 12:00:51.126 UTC: 	 Submitting {'dryrun': 0, 'workflow': 'crab_W2j_LO_5f_CPPNONE', 'saveoutput': 1, 'savelogsflag': 0, 'primarydataset': 'W2j_LO_5f_CPPNONE', 'nonvaliddata': 0, 'userfiles': [], 'dbsurl': 'https://cmsweb.cern.ch/dbs/prod/global/DBSReader', 'useparent': 0, 'ignorelocality': 0, 'splitalgo': 'EventBased', 'algoargs': 4000, 'totalunits': 160000, 'lfn': '/store/user/choij/MG4GPU/Validation', 'publication': 0, 'publishdbsurl': 'https://cmsweb.cern.ch/dbs/prod/phys03/DBSWriter', 'publishname2': 'Run3Summer23wmLHEGS', 'jobtype': 'PrivateMC', 'generator': 'pythia', 'addoutputfiles': [], 'maxjobruntime': 1250, 'numcores': 1, 'maxmemory': 5000, 'priority': 10, 'nonprodsw': 0, 'asyncdest': 'T3_KR_KNU', 'requireaccelerator': 0, 'oneEventMode': 0, 'extrajdl': [], 'ignoreglobalblacklist': 0, 'partialdataset': 0, 'inputblocks': [], 'tfileoutfiles': [], 'edmoutfiles': ['NANOGEN.root'], 'jobarch': 'el9_amd64_gcc11', 'jobminuarch': 'any', 'jobsw': 'CMSSW_13_0_13', 'cacheurl': 'https://cmsweb.cern.ch/S3/crabcache_prod', 'cachefilename': '19238eac67275c93abbb2b8cdfafc1ae9c9471f7a3ffbfdc677774a5171b7e14.tar.gz', 'debugfilename': 'ec33733f3b96c3b3d146c550061ffc44fa6bead67462cb555c701d59986cd4f1.tar.gz'} 
DEBUG 2025-04-02 12:00:51.126 UTC: 	 Encoded data for curl request: dryrun=0&workflow=crab_W2j_LO_5f_CPPNONE&saveoutput=1&savelogsflag=0&primarydataset=W2j_LO_5f_CPPNONE&nonvaliddata=0&dbsurl=https%3A%2F%2Fcmsweb.cern.ch%2Fdbs%2Fprod%2Fglobal%2FDBSReader&useparent=0&ignorelocality=0&splitalgo=EventBased&algoargs=4000&totalunits=160000&lfn=%2Fstore%2Fuser%2Fchoij%2FMG4GPU%2FValidation&publication=0&publishdbsurl=https%3A%2F%2Fcmsweb.cern.ch%2Fdbs%2Fprod%2Fphys03%2FDBSWriter&publishname2=Run3Summer23wmLHEGS&jobtype=PrivateMC&generator=pythia&maxjobruntime=1250&numcores=1&maxmemory=5000&priority=10&nonprodsw=0&asyncdest=T3_KR_KNU&requireaccelerator=0&oneEventMode=0&ignoreglobalblacklist=0&partialdataset=0&jobarch=el9_amd64_gcc11&jobminuarch=any&jobsw=CMSSW_13_0_13&cacheurl=https%3A%2F%2Fcmsweb.cern.ch%2FS3%2Fcrabcache_prod&cachefilename=19238eac67275c93abbb2b8cdfafc1ae9c9471f7a3ffbfdc677774a5171b7e14.tar.gz&debugfilename=ec33733f3b96c3b3d146c550061ffc44fa6bead67462cb555c701d59986cd4f1.tar.gz&edmoutfiles=NANOGEN.root
DEBUG 2025-04-02 12:03:05.841 UTC: 	 Result: {'result': [{'RequestName': '250402_120305:choij_crab_W2j_LO_5f_CPPNONE'}]}
INFO 2025-04-02 12:03:05.841 UTC: 	 Success: Your task has been delivered to the prod CRAB3 server.
INFO 2025-04-02 12:03:05.842 UTC: 	 Task name: 250402_120305:choij_crab_W2j_LO_5f_CPPNONE
INFO 2025-04-02 12:03:05.842 UTC: 	 Project dir: crab_projects/crab_W2j_LO_5f_CPPNONE
INFO 2025-04-02 12:03:05.842 UTC: 	 Please use ' crab status -d crab_projects/crab_W2j_LO_5f_CPPNONE ' to check how the submission process proceeds.
DEBUG 2025-04-02 12:03:05.842 UTC: 	 About to return
INFO 2025-04-02 12:03:05.843 UTC: 	 Log file is /home/choij/workspace/CustomNanoGEN_CMSSW_13_0_13/src/Configuration/CustomNanoGEN/crab/crab_projects/crab_W2j_LO_5f_CPPNONE/crab.log
DEBUG 2025-04-02 14:16:52.195 UTC: 	 CRAB Client version: v3.250318
DEBUG 2025-04-02 14:16:52.195 UTC: 	 Running on: Linux private-snu 6.13.8-200.fc41.x86_64 #1 SMP PREEMPT_DYNAMIC Sun Mar 23 05:03:09 UTC 2025 x86_64 x86_64 x86_64 GNU/Linux
DEBUG 2025-04-02 14:16:52.195 UTC: 	 Using SINGULARITY image: private-el9.sif
DEBUG 2025-04-02 14:16:52.195 UTC: 	 Operating System: AlmaLinux 9.5 (Teal Serval)
DEBUG 2025-04-02 14:16:52.195 UTC: 	 Executing command: 'status'
DEBUG 2025-04-02 14:16:52.195 UTC: 	 Found CRAB cache file /home/choij/.crab3
DEBUG 2025-04-02 14:16:52.196 UTC: 	 Checking credentials
DEBUG 2025-04-02 14:16:52.196 UTC: 	 Found proxy file /tmp/x509up_u1000
DEBUG 2025-04-02 14:16:52.196 UTC: 	 Making sure it has proper VOMS extension
DEBUG 2025-04-02 14:16:52.196 UTC: 	 Executing command :
 voms-proxy-info --vo --file /tmp/x509up_u1000
DEBUG 2025-04-02 14:16:52.525 UTC: 	 output : cms

 error: 
 retcode : 0
DEBUG 2025-04-02 14:16:52.525 UTC: 	 Getting proxy life time left
DEBUG 2025-04-02 14:16:52.525 UTC: 	 Executing command :
 voms-proxy-info --actimeleft --timeleft --file /tmp/x509up_u1000
DEBUG 2025-04-02 14:16:52.861 UTC: 	 output : 573257
573257

 error: 
 retcode : 0
DEBUG 2025-04-02 14:16:52.861 UTC: 	 Proxy valid for 159:14:17 hours
DEBUG 2025-04-02 14:16:52.862 UTC: 	 Encoded data for curl request: subresource=delegatedn
DEBUG 2025-04-02 14:16:53.700 UTC: 	 Registering user credentials on myproxy for /DC=ch/DC=cern/OU=computers/CN=crab-(preprod|prod)-tw(01|02).cern.ch|/DC=ch/DC=cern/OU=computers/CN=crab-dev-tw(01|02|03|04).cern.ch|/DC=ch/DC=cern/OU=Organic Units/OU=Users/CN=cmscrab/CN=(817881|373708)/CN=Robot: cms crab|/DC=ch/DC=cern/OU=Organic Units/OU=Users/CN=crabint1/CN=373708/CN=Robot: CMS CRAB Integration 1
DEBUG 2025-04-02 14:16:53.700 UTC: 	 Executing command :
 voms-proxy-info --identity --file /tmp/x509up_u1000
DEBUG 2025-04-02 14:16:54.020 UTC: 	 output : /DC=ch/DC=cern/OU=Organic Units/OU=Users/CN=choij/CN=841389/CN=Jin Choi

 error: 
 retcode : 0
DEBUG 2025-04-02 14:16:54.021 UTC: 	 Getting myproxy life time left for 62145c27448958522230f1583fedca774537a25d
DEBUG 2025-04-02 14:16:54.021 UTC: 	 Executing command :
 myproxy-info -s myproxy.cern.ch -l 62145c27448958522230f1583fedca774537a25d
DEBUG 2025-04-02 14:16:55.950 UTC: 	 output : username: 62145c27448958522230f1583fedca774537a25d
owner: /DC=ch/DC=cern/OU=Organic Units/OU=Users/CN=choij/CN=841389/CN=Jin Choi
  renewal policy: /DC=ch/DC=cern/OU=computers/CN=crab-(preprod|prod)-tw(01|02).cern.ch|/DC=ch/DC=cern/OU=computers/CN=crab-dev-tw(01|02|03|04).cern.ch|/DC=ch/DC=cern/OU=Organic Units/OU=Users/CN=cmscrab/CN=(817881|373708)/CN=Robot: cms crab|/DC=ch/DC=cern/OU=Organic Units/OU=Users/CN=crabint1/CN=373708/CN=Robot: CMS CRAB Integration 1
  trusted retrieval policy: /DC=ch/DC=cern/OU=computers/CN=crab-(preprod|prod)-tw(01|02).cern.ch|/DC=ch/DC=cern/OU=computers/CN=crab-dev-tw(01|02|03|04).cern.ch|/DC=ch/DC=cern/OU=Organic Units/OU=Users/CN=cmscrab/CN=(817881|373708)/CN=Robot: cms crab|/DC=ch/DC=cern/OU=Organic Units/OU=Users/CN=crabint1/CN=373708/CN=Robot: CMS CRAB Integration 1
  timeleft: 518:59:09  (21.6 days)

 error: 
 retcode : 0
DEBUG 2025-04-02 14:16:55.950 UTC: 	 Myproxy is valid: 1868340
DEBUG 2025-04-02 14:16:55.951 UTC: 	 Result of myproxy credential check:
  Credential exists on myproxy: username: 62145c27448958522230f1583fedca774537a25d  - validity: 21 days, 14:59:00
DEBUG 2025-04-02 14:16:55.951 UTC: 	 Retrieving username ...
DEBUG 2025-04-02 14:16:55.951 UTC: 	 Retrieving username from CRIC...
DEBUG 2025-04-02 14:16:57.632 UTC: 	 username is choij
INFO 2025-04-02 14:16:58.680 UTC: 	 Rucio client intialized for account choij
DEBUG 2025-04-02 14:16:58.681 UTC: 	 Command use: status
DEBUG 2025-04-02 14:16:58.681 UTC: 	 Options use: ['-d', 'crab_projects/crab_W2j_LO_5f_CPPNONE']
DEBUG 2025-04-02 14:16:58.681 UTC: 	 Encoded data for curl request: subresource=version
DEBUG 2025-04-02 14:16:59.519 UTC: 	 CRABClient version: v3.250318
DEBUG 2025-04-02 14:16:59.519 UTC: 	 Instance is prod
DEBUG 2025-04-02 14:16:59.519 UTC: 	 Server base url is cmsweb.cern.ch
DEBUG 2025-04-02 14:16:59.519 UTC: 	 Command api workflow
DEBUG 2025-04-02 14:16:59.519 UTC: 	 Encoded data for curl request: subresource=search&workflow=250402_120305%3Achoij_crab_W2j_LO_5f_CPPNONE
DEBUG 2025-04-02 14:17:00.380 UTC: 	 Got information from server oracle database: {'desc': {'columns': ['tm_taskname', 'tm_activity', 'tm_task_status', 'tm_task_command', 'tm_start_time', 'tm_start_injection', 'tm_end_injection', 'tm_task_failure', 'tm_job_sw', 'tm_job_arch', 'tm_input_dataset', 'tm_nonvalid_input_dataset', 'tm_use_parent', 'tm_site_whitelist', 'tm_site_blacklist', 'tm_split_algo', 'tm_split_args', 'tm_user_sandbox', 'tm_cache_url', 'tm_username', 'tm_user_dn', 'tm_user_vo', 'tm_user_role', 'tm_user_group', 'tm_publish_name', 'tm_publish_groupname', 'tm_asyncdest', 'tm_dbs_url', 'tm_publish_dbs_url', 'tm_publication', 'tm_outfiles', 'tm_tfile_outfiles', 'tm_edm_outfiles', 'tm_job_type', 'tm_generator', 'tm_events_per_lumi', 'tm_arguments', 'tm_save_logs', 'tw_name', 'tm_user_infiles', 'tm_maxjobruntime', 'tm_numcores', 'tm_maxmemory', 'tm_priority', 'tm_output_dataset', 'tm_task_warnings', 'tm_user_webdir', 'tm_scriptexe', 'tm_scriptargs', 'tm_extrajdl', 'tm_collector', 'tm_schedd', 'tm_dry_run', 'tm_user_files', 'tm_transfer_outputs', 'tm_output_lfn', 'tm_ignore_locality', 'tm_fail_limit', 'tm_one_event_mode', 'tm_secondary_input_dataset', 'tm_primary_dataset', 'tm_last_publication', 'tm_debug_files', 'clusterid', 'tm_ignore_global_blacklist', 'tm_submitter_ip_addr', 'tm_totalunits', 'tm_ddm_reqid', 'tm_user_config', 'tm_transfer_container', 'tm_transfer_rule', 'tm_publish_rule', 'tm_multipub_rule', 'tm_job_min_microarch', 'tm_dagman_status', 'tm_num_jobs', 'tm_uploaded']}, 'result': ['250402_120305:choij_crab_W2j_LO_5f_CPPNONE', 'None', 'SUBMITTED', 'SUBMIT', '2025-04-02 12:03:05.704111', 'None', '2025-04-02 12:04:39.865374', 'None', 'CMSSW_13_0_13', 'el9_amd64_gcc11', 'None', 'F', '0', '[]', '[]', 'EventBased', "{'halt_job_on_file_boundaries': False, 'splitOnRun': False, 'events_per_job': 4000, 'runs': [], 'lumis': []}", '19238eac67275c93abbb2b8cdfafc1ae9c9471f7a3ffbfdc677774a5171b7e14.tar.gz', 'https://cmsweb.cern.ch/S3/crabcache_prod', 'choij', '/DC=ch/DC=cern/OU=Organic Units/OU=Users/CN=choij/CN=841389/CN=Jin Choi', 'cms', 'None', 'None', 'Run3Summer23wmLHEGS-00000000000000000000000000000000', 'F', 'T3_KR_KNU', 'https://cmsweb.cern.ch/dbs/prod/global/DBSReader', 'https://cmsweb.cern.ch/dbs/prod/phys03/DBSWriter', 'F', '[]', '[]', "['NANOGEN.root']", 'PrivateMC', 'pythia', 'None', '{}', 'F', 'crab-prod-tw01', '[]', '1250', '1', '5000', '10', "['/FakeDataset/fakefile-FakePublish-01060c97ae25245f226bffd414daf927/USER']", "['Task requests 5000 MB of memory, but only 2500 are guaranteed to be available. Jobs may not find a site where to run and stay idle forever.']", 'http://vocms0199.cern.ch/mon/choij/250402_120305:choij_crab_W2j_LO_5f_CPPNONE', 'None', '[]', '[]', 'cmsgwms-collector-global.cern.ch:9620,cmsgwms-collector-global.fnal.gov:9620', 'crab3@vocms0199.cern.ch', 'F', '[]', 'T', '/store/user/choij/MG4GPU/Validation', 'F', 'None', 'F', 'None', 'W2j_LO_5f_CPPNONE', 'None', 'ec33733f3b96c3b3d146c550061ffc44fa6bead67462cb555c701d59986cd4f1.tar.gz', '80520499', 'F', '188.184.75.82', '160000.0', 'None', '{"partialdataset": false, "requireaccelerator": false, "acceleratorparams": null, "inputblocks": null}', 'None', 'None', 'None', 'None', 'any', 'NOT_READY', '0', 'F']}
INFO 2025-04-02 14:17:00.380 UTC: 	 CRAB project directory:		/home/choij/workspace/CustomNanoGEN_CMSSW_13_0_13/src/Configuration/CustomNanoGEN/crab/crab_projects/crab_W2j_LO_5f_CPPNONE
INFO 2025-04-02 14:17:00.380 UTC: 	 Task name:			250402_120305:choij_crab_W2j_LO_5f_CPPNONE
INFO 2025-04-02 14:17:00.380 UTC: 	 Grid scheduler - Task Worker:	crab3@vocms0199.cern.ch - crab-prod-tw01
INFO 2025-04-02 14:17:00.380 UTC: 	 Status on the CRAB server:	SUBMITTED
INFO 2025-04-02 14:17:00.380 UTC: 	 Task URL to use for HELP:	https://cmsweb.cern.ch/crabserver/ui/task/250402_120305%3Achoij_crab_W2j_LO_5f_CPPNONE
INFO 2025-04-02 14:17:00.386 UTC: 	 Dashboard monitoring URL:	https://monit-grafana.cern.ch/d/cmsTMDetail/cms-task-monitoring-task-view?orgId=11&var-user=choij&var-task=250402_120305%3Achoij_crab_W2j_LO_5f_CPPNONE&from=1743591785000&to=now
WARNING 2025-04-02 14:17:00.386 UTC: 	 Warning:			Task requests 5000 MB of memory, but only 2500 are guaranteed to be available. Jobs may not find a site where to run and stay idle forever.
DEBUG 2025-04-02 14:17:00.386 UTC: 	 The CRAB server submitted your task to the Grid scheduler (cluster ID: 80520499)
DEBUG 2025-04-02 14:17:00.386 UTC: 	 Webdir is located at http://vocms0199.cern.ch/mon/choij/250402_120305:choij_crab_W2j_LO_5f_CPPNONE
DEBUG 2025-04-02 14:17:00.386 UTC: 	 Encoded data for curl request: subresource=webdirprx&workflow=250402_120305%3Achoij_crab_W2j_LO_5f_CPPNONE
DEBUG 2025-04-02 14:17:01.230 UTC: 	 Proxied webdir is located at https://cmsweb.cern.ch:8443/scheddmon/0199/choij/250402_120305:choij_crab_W2j_LO_5f_CPPNONE
DEBUG 2025-04-02 14:17:01.230 UTC: 	 Retrieving 'status_cache' file from https://cmsweb.cern.ch:8443/scheddmon/0199/choij/250402_120305:choij_crab_W2j_LO_5f_CPPNONE/status_cache.pkl
DEBUG 2025-04-02 14:17:01.230 UTC: 	 Will execute:
curl -sS --capath /cvmfs/grid.cern.ch/etc/grid-security/certificates --cert /tmp/x509up_u1000 --key /tmp/x509up_u1000 -o /tmp/crab_status-cache-sp74pxu9.pkl -w %"{http_code}" "https://cmsweb.cern.ch:8443/scheddmon/0199/choij/250402_120305:choij_crab_W2j_LO_5f_CPPNONE/status_cache.pkl"
DEBUG 2025-04-02 14:17:01.230 UTC: 	 Executing command :
 curl -sS --capath /cvmfs/grid.cern.ch/etc/grid-security/certificates --cert /tmp/x509up_u1000 --key /tmp/x509up_u1000 -o /tmp/crab_status-cache-sp74pxu9.pkl -w %"{http_code}" "https://cmsweb.cern.ch:8443/scheddmon/0199/choij/250402_120305:choij_crab_W2j_LO_5f_CPPNONE/status_cache.pkl"
DEBUG 2025-04-02 14:17:02.329 UTC: 	 output : 200
 error: 
 retcode : 0
DEBUG 2025-04-02 14:17:02.329 UTC: 	 exitcode: 0
stdout: 200
stderr: 
error details: 
DEBUG 2025-04-02 14:17:02.330 UTC: 	 Got information from status cache file: {'1': {'Retries': 0, 'Restarts': 0, 'SiteHistory': ['Unknown', 'T2_BE_IIHE', 'T2_BE_IIHE'], 'ResidentSetSize': [3826600], 'SubmitTimes': [1743595550.0], 'StartTimes': [1743595743.0], 'EndTimes': [1743598910.0], 'TotalUserCpuTimeHistory': [2817], 'TotalSysCpuTimeHistory': [13], 'WallDurations': [8.0, 167.2188093662262, 3167.0], 'JobIds': ['80520787.0'], 'State': 'finished', 'RecordedSite': True}, '20': {'Retries': 0, 'Restarts': 0, 'SiteHistory': ['T2_CH_CERN', 'T2_CH_CERN'], 'ResidentSetSize': [1059996], 'SubmitTimes': [1743595550.0], 'StartTimes': [1743595594.0], 'EndTimes': [1743597705.0], 'TotalUserCpuTimeHistory': [1813], 'TotalSysCpuTimeHistory': [6], 'WallDurations': [9.0, 2111.0], 'JobIds': ['80520789.0'], 'State': 'finished', 'RecordedSite': True}, '4': {'Retries': 0, 'Restarts': 0, 'SiteHistory': ['Unknown', 'T2_BE_IIHE', 'T2_BE_IIHE'], 'ResidentSetSize': [1038064], 'SubmitTimes': [1743595550.0], 'StartTimes': [1743595743.0], 'EndTimes': [1743597601.0], 'TotalUserCpuTimeHistory': [1611], 'TotalSysCpuTimeHistory': [8], 'WallDurations': [9.0, 167.2188093662262, 1858.0], 'JobIds': ['80520792.0'], 'State': 'finished', 'RecordedSite': True}, '18': {'Retries': 0, 'Restarts': 0, 'SiteHistory': ['T2_CH_CERN', 'T2_CH_CERN'], 'ResidentSetSize': [4060708], 'SubmitTimes': [1743595550.0], 'StartTimes': [1743595593.0], 'EndTimes': [1743600180.0], 'TotalUserCpuTimeHistory': [3842], 'TotalSysCpuTimeHistory': [14], 'WallDurations': [9.0, 4587.0], 'JobIds': ['80520794.0'], 'State': 'finished', 'RecordedSite': True}, '7': {'Retries': 0, 'Restarts': 0, 'SiteHistory': ['T2_CH_CERN', 'T2_CH_CERN'], 'ResidentSetSize': [4058816], 'SubmitTimes': [1743595550.0], 'StartTimes': [1743595595.0], 'EndTimes': [1743600201.0], 'TotalUserCpuTimeHistory': [3880], 'TotalSysCpuTimeHistory': [17], 'WallDurations': [9.0, 4606.0], 'JobIds': ['80520796.0'], 'State': 'finished', 'RecordedSite': True}, '12': {'Retries': 0, 'Restarts': 0, 'SiteHistory': ['Unknown', 'T2_CH_CERN', 'T2_CH_CERN'], 'ResidentSetSize': [1041940], 'SubmitTimes': [1743595550.0], 'StartTimes': [1743595892.0], 'EndTimes': [1743597449.0], 'TotalUserCpuTimeHistory': [1294], 'TotalSysCpuTimeHistory': [8], 'WallDurations': [9.0, 18.218809366226196, 1557.0], 'JobIds': ['80520799.0'], 'State': 'finished', 'RecordedSite': True}, '15': {'Retries': 0, 'Restarts': 0, 'SiteHistory': ['Unknown', 'T2_CH_CERN', 'T2_CH_CERN'], 'ResidentSetSize': [1058132], 'SubmitTimes': [1743595550.0], 'StartTimes': [1743595892.0], 'EndTimes': [1743597560.0], 'TotalUserCpuTimeHistory': [1392], 'TotalSysCpuTimeHistory': [8], 'WallDurations': [9.0, 18.218809366226196, 1668.0], 'JobIds': ['80520801.0'], 'State': 'finished', 'RecordedSite': True}, '10': {'Retries': 0, 'Restarts': 0, 'SiteHistory': ['T2_CH_CERN', 'T2_CH_CERN'], 'ResidentSetSize': [4053760], 'SubmitTimes': [1743595550.0], 'StartTimes': [1743595594.0], 'EndTimes': [1743599631.0], 'TotalUserCpuTimeHistory': [3471], 'TotalSysCpuTimeHistory': [13], 'WallDurations': [9.0, 4037.0], 'JobIds': ['80520804.0'], 'State': 'finished', 'RecordedSite': True}, '17': {'Retries': 0, 'Restarts': 0, 'SiteHistory': ['T2_CH_CERN', 'T2_CH_CERN'], 'ResidentSetSize': [4051484], 'SubmitTimes': [1743595550.0], 'StartTimes': [1743595594.0], 'EndTimes': [1743599647.0], 'TotalUserCpuTimeHistory': [3413], 'TotalSysCpuTimeHistory': [14], 'WallDurations': [9.0, 4053.0], 'JobIds': ['80520807.0'], 'State': 'finished', 'RecordedSite': True}, '9': {'Retries': 0, 'Restarts': 0, 'SiteHistory': ['T2_CH_CERN', 'T2_CH_CERN'], 'ResidentSetSize': [4056688], 'SubmitTimes': [1743595550.0], 'StartTimes': [1743595595.0], 'EndTimes': [1743599513.0], 'TotalUserCpuTimeHistory': [3273], 'TotalSysCpuTimeHistory': [14], 'WallDurations': [9.0, 3918.0], 'JobIds': ['80520810.0'], 'State': 'finished', 'RecordedSite': True}, '16': {'Retries': 0, 'Restarts': 0, 'SiteHistory': ['T2_CH_CERN', 'T2_CH_CERN'], 'ResidentSetSize': [4056244], 'SubmitTimes': [1743595550.0], 'StartTimes': [1743595595.0], 'EndTimes': [1743599647.0], 'TotalUserCpuTimeHistory': [3475], 'TotalSysCpuTimeHistory': [13], 'WallDurations': [9.0, 4052.0], 'JobIds': ['80520812.0'], 'State': 'finished', 'RecordedSite': True}, '11': {'Retries': 0, 'Restarts': 0, 'SiteHistory': ['Unknown', 'T2_CH_CERN', 'T2_CH_CERN'], 'ResidentSetSize': [1059588], 'SubmitTimes': [1743595551.0], 'StartTimes': [1743595948.0], 'EndTimes': [1743597214.0], 'TotalUserCpuTimeHistory': [1064], 'TotalSysCpuTimeHistory': [7], 'WallDurations': [9.0, 262.3745994567871, 1266.0], 'JobIds': ['80520815.0'], 'State': 'finished', 'RecordedSite': True}, '27': {'Retries': 0, 'Restarts': 0, 'SiteHistory': ['Unknown', 'T2_CH_CERN', 'T2_CH_CERN'], 'ResidentSetSize': [1052456], 'SubmitTimes': [1743595551.0], 'StartTimes': [1743595948.0], 'EndTimes': [1743597404.0], 'TotalUserCpuTimeHistory': [1224], 'TotalSysCpuTimeHistory': [7], 'WallDurations': [8.0, 262.3745994567871, 1456.0], 'JobIds': ['80520818.0'], 'State': 'finished', 'RecordedSite': True}, '26': {'Retries': 0, 'Restarts': 0, 'SiteHistory': ['Unknown', 'T2_CH_CERN', 'T2_CH_CERN'], 'ResidentSetSize': [1069532], 'SubmitTimes': [1743595551.0], 'StartTimes': [1743595949.0], 'EndTimes': [1743598155.0], 'TotalUserCpuTimeHistory': [1931], 'TotalSysCpuTimeHistory': [9], 'WallDurations': [8.0, 261.3745994567871, 2206.0], 'JobIds': ['80520820.0'], 'State': 'finished', 'RecordedSite': True}, '3': {'Retries': 0, 'Restarts': 0, 'SiteHistory': ['Unknown', 'T2_BE_IIHE', 'T2_BE_IIHE'], 'ResidentSetSize': [1046176], 'SubmitTimes': [1743595551.0], 'StartTimes': [1743595743.0], 'EndTimes': [1743596731.0], 'TotalUserCpuTimeHistory': [843], 'TotalSysCpuTimeHistory': [5], 'WallDurations': [8.0, 167.2188093662262, 988.0], 'JobIds': ['80520823.0'], 'State': 'finished', 'RecordedSite': True}, '22': {'Retries': 0, 'Restarts': 0, 'SiteHistory': ['Unknown', 'T2_CH_CERN', 'T2_CH_CERN'], 'ResidentSetSize': [1043292], 'SubmitTimes': [1743595551.0], 'StartTimes': [1743595949.0], 'EndTimes': [1743597392.0], 'TotalUserCpuTimeHistory': [1217], 'TotalSysCpuTimeHistory': [7], 'WallDurations': [8.0, 261.3745994567871, 1443.0], 'JobIds': ['80520826.0'], 'State': 'finished', 'RecordedSite': True}, '14': {'Retries': 0, 'Restarts': 0, 'SiteHistory': ['Unknown', 'T2_CH_CERN', 'T2_CH_CERN'], 'ResidentSetSize': [1053516], 'SubmitTimes': [1743595551.0], 'StartTimes': [1743595949.0], 'EndTimes': [1743597308.0], 'TotalUserCpuTimeHistory': [1149], 'TotalSysCpuTimeHistory': [8], 'WallDurations': [8.0, 261.3745994567871, 1359.0], 'JobIds': ['80520828.0'], 'State': 'finished', 'RecordedSite': True}, '23': {'Retries': 0, 'Restarts': 0, 'SiteHistory': ['Unknown', 'T2_CH_CERN', 'T2_CH_CERN'], 'ResidentSetSize': [1060436], 'SubmitTimes': [1743595551.0], 'StartTimes': [1743595949.0], 'EndTimes': [1743598306.0], 'TotalUserCpuTimeHistory': [2053], 'TotalSysCpuTimeHistory': [10], 'WallDurations': [8.0, 261.3745994567871, 2357.0], 'JobIds': ['80520831.0'], 'State': 'finished', 'RecordedSite': True}, '5': {'Retries': 0, 'Restarts': 0, 'SiteHistory': ['Unknown', 'T2_IT_Bari', 'T2_IT_Bari'], 'ResidentSetSize': [1044748], 'SubmitTimes': [1743595551.0], 'StartTimes': [1743595744.0], 'EndTimes': [1743599067.0], 'TotalUserCpuTimeHistory': [2333], 'TotalSysCpuTimeHistory': [13], 'WallDurations': [10.0, 166.2188093662262, 3323.0], 'JobIds': ['80520834.0'], 'State': 'finished', 'RecordedSite': True}, '13': {'Retries': 0, 'Restarts': 0, 'SiteHistory': ['Unknown', 'T2_CH_CERN', 'T2_CH_CERN'], 'ResidentSetSize': [1049872], 'SubmitTimes': [1743595551.0], 'StartTimes': [1743595949.0], 'EndTimes': [1743597431.0], 'TotalUserCpuTimeHistory': [1245], 'TotalSysCpuTimeHistory': [9], 'WallDurations': [9.0, 261.3745994567871, 1482.0], 'JobIds': ['80520836.0'], 'State': 'finished', 'RecordedSite': True}, '2': {'Retries': 0, 'Restarts': 0, 'SiteHistory': ['Unknown', 'T2_UK_London_IC', 'T2_UK_London_IC'], 'ResidentSetSize': [4025272], 'SubmitTimes': [1743595551.0], 'StartTimes': [1743595743.0], 'EndTimes': [1743597953.0], 'TotalUserCpuTimeHistory': [1804], 'TotalSysCpuTimeHistory': [10], 'WallDurations': [9.0, 167.2188093662262, 2210.0], 'JobIds': ['80520839.0'], 'State': 'finished', 'RecordedSite': True}, '8': {'Retries': 0, 'Restarts': 0, 'SiteHistory': ['Unknown', 'T2_CH_CERN', 'T2_CH_CERN'], 'ResidentSetSize': [1041908], 'SubmitTimes': [1743595551.0], 'StartTimes': [1743595951.0], 'EndTimes': [1743597770.0], 'TotalUserCpuTimeHistory': [1522], 'TotalSysCpuTimeHistory': [9], 'WallDurations': [8.0, 259.3745994567871, 1819.0], 'JobIds': ['80520842.0'], 'State': 'finished', 'RecordedSite': True}, '19': {'Retries': 0, 'Restarts': 0, 'SiteHistory': ['Unknown', 'T2_CH_CERN', 'T2_CH_CERN'], 'ResidentSetSize': [1041712], 'SubmitTimes': [1743595551.0], 'StartTimes': [1743595951.0], 'EndTimes': [1743597791.0], 'TotalUserCpuTimeHistory': [1541], 'TotalSysCpuTimeHistory': [10], 'WallDurations': [8.0, 259.3745994567871, 1840.0], 'JobIds': ['80520845.0'], 'State': 'finished', 'RecordedSite': True}, '6': {'Retries': 0, 'Restarts': 0, 'SiteHistory': ['Unknown', 'T2_CH_CERN', 'T2_CH_CERN'], 'ResidentSetSize': [1043208], 'SubmitTimes': [1743595551.0], 'StartTimes': [1743596010.0], 'EndTimes': [1743597905.0], 'TotalUserCpuTimeHistory': [1601], 'TotalSysCpuTimeHistory': [10], 'WallDurations': [8.0, 200.3745994567871, 1895.0], 'JobIds': ['80520846.0'], 'State': 'finished', 'RecordedSite': True}, '31': {'Retries': 0, 'Restarts': 0, 'SiteHistory': ['Unknown', 'T2_CH_CERN', 'T2_CH_CERN'], 'ResidentSetSize': [1054772], 'SubmitTimes': [1743595551.0], 'StartTimes': [1743596010.0], 'EndTimes': [1743597518.0], 'TotalUserCpuTimeHistory': [1251], 'TotalSysCpuTimeHistory': [8], 'WallDurations': [9.0, 200.3745994567871, 1508.0], 'JobIds': ['80520848.0'], 'State': 'finished', 'RecordedSite': True}, '28': {'Retries': 0, 'Restarts': 0, 'SiteHistory': ['Unknown', 'T2_CH_CERN', 'T2_CH_CERN'], 'ResidentSetSize': [4051140], 'SubmitTimes': [1743595551.0], 'StartTimes': [1743596011.0], 'EndTimes': [1743598328.0], 'TotalUserCpuTimeHistory': [1946], 'TotalSysCpuTimeHistory': [11], 'WallDurations': [8.0, 199.3745994567871, 2317.0], 'JobIds': ['80520850.0'], 'State': 'finished', 'RecordedSite': True}, '24': {'Retries': 0, 'Restarts': 0, 'SiteHistory': ['Unknown', 'T2_CH_CERN', 'T2_CH_CERN'], 'ResidentSetSize': [4048428], 'SubmitTimes': [1743595551.0], 'StartTimes': [1743595713.0], 'EndTimes': [1743598618.0], 'TotalUserCpuTimeHistory': [2462], 'TotalSysCpuTimeHistory': [11], 'WallDurations': [10.0, 197.2188093662262, 2905.0], 'JobIds': ['80520851.0'], 'State': 'finished', 'RecordedSite': True}, '32': {'Retries': 0, 'Restarts': 0, 'SiteHistory': ['Unknown', 'T2_CH_CERN', 'T2_CH_CERN'], 'ResidentSetSize': [3987204], 'SubmitTimes': [1743595551.0], 'StartTimes': [1743596012.0], 'EndTimes': [1743598380.0], 'TotalUserCpuTimeHistory': [1951], 'TotalSysCpuTimeHistory': [16], 'WallDurations': [9.0, 198.3745994567871, 2368.0], 'JobIds': ['80520853.0'], 'State': 'finished', 'RecordedSite': True}, '33': {'Retries': 0, 'Restarts': 0, 'SiteHistory': ['Unknown', 'T2_CH_CERN', 'T2_CH_CERN'], 'ResidentSetSize': [1057956], 'SubmitTimes': [1743595551.0], 'StartTimes': [1743596012.0], 'EndTimes': [1743597723.0], 'TotalUserCpuTimeHistory': [1436], 'TotalSysCpuTimeHistory': [10], 'WallDurations': [8.0, 198.3745994567871, 1711.0], 'JobIds': ['80520855.0'], 'State': 'finished', 'RecordedSite': True}, '25': {'Retries': 0, 'Restarts': 0, 'SiteHistory': ['Unknown', 'T2_CH_CERN', 'T2_CH_CERN'], 'ResidentSetSize': [4041524], 'SubmitTimes': [1743595552.0], 'StartTimes': [1743596011.0], 'EndTimes': [1743599532.0], 'TotalUserCpuTimeHistory': [2407], 'TotalSysCpuTimeHistory': [14], 'WallDurations': [9.0, 199.3745994567871, 3521.0], 'JobIds': ['80520856.0'], 'State': 'finished', 'RecordedSite': True}, '30': {'Retries': 0, 'Restarts': 0, 'SiteHistory': ['Unknown', 'T2_CH_CERN', 'T2_CH_CERN'], 'ResidentSetSize': [4058920], 'SubmitTimes': [1743595552.0], 'StartTimes': [1743596012.0], 'EndTimes': [1743598976.0], 'TotalUserCpuTimeHistory': [2331], 'TotalSysCpuTimeHistory': [14], 'WallDurations': [8.0, 198.3745994567871, 2964.0], 'JobIds': ['80520858.0'], 'State': 'finished', 'RecordedSite': True}, '29': {'Retries': 0, 'Restarts': 0, 'SiteHistory': ['Unknown', 'T2_CH_CERN', 'T2_CH_CERN'], 'ResidentSetSize': [4038244], 'SubmitTimes': [1743595552.0], 'StartTimes': [1743596011.0], 'EndTimes': [1743598721.0], 'TotalUserCpuTimeHistory': [2316], 'TotalSysCpuTimeHistory': [10], 'WallDurations': [9.0, 199.3745994567871, 2710.0], 'JobIds': ['80520860.0'], 'State': 'finished', 'RecordedSite': True}, '35': {'Retries': 0, 'Restarts': 0, 'SiteHistory': ['Unknown', 'T2_CH_CERN', 'T2_CH_CERN'], 'ResidentSetSize': [1073828], 'SubmitTimes': [1743595552.0], 'StartTimes': [1743596029.0], 'EndTimes': [1743597405.0], 'TotalUserCpuTimeHistory': [1158], 'TotalSysCpuTimeHistory': [8], 'WallDurations': [9.0, 181.3745994567871, 1376.0], 'JobIds': ['80520862.0'], 'State': 'finished', 'RecordedSite': True}, '21': {'Retries': 0, 'Restarts': 0, 'SiteHistory': ['Unknown', 'T2_CH_CERN', 'T2_CH_CERN'], 'ResidentSetSize': [1039696], 'SubmitTimes': [1743595552.0], 'StartTimes': [1743596011.0], 'EndTimes': [1743597321.0], 'TotalUserCpuTimeHistory': [1105], 'TotalSysCpuTimeHistory': [8], 'WallDurations': [9.0, 199.3745994567871, 1310.0], 'JobIds': ['80520863.0'], 'State': 'finished', 'RecordedSite': True}, '38': {'Retries': 0, 'Restarts': 0, 'SiteHistory': ['Unknown', 'T2_CH_CERN', 'T2_CH_CERN'], 'ResidentSetSize': [1045520], 'SubmitTimes': [1743595552.0], 'StartTimes': [1743596011.0], 'EndTimes': [1743597590.0], 'TotalUserCpuTimeHistory': [1333], 'TotalSysCpuTimeHistory': [8], 'WallDurations': [8.0, 199.3745994567871, 1579.0], 'JobIds': ['80520865.0'], 'State': 'finished', 'RecordedSite': True}, '34': {'Retries': 0, 'Restarts': 0, 'SiteHistory': ['Unknown', 'T2_CH_CERN', 'T2_CH_CERN'], 'ResidentSetSize': [1069376], 'SubmitTimes': [1743595552.0], 'StartTimes': [1743596011.0], 'EndTimes': [1743599176.0], 'TotalUserCpuTimeHistory': [2351], 'TotalSysCpuTimeHistory': [15], 'WallDurations': [9.0, 199.3745994567871, 3165.0], 'JobIds': ['80520866.0'], 'State': 'finished', 'RecordedSite': True}, '39': {'Retries': 0, 'Restarts': 0, 'SiteHistory': ['Unknown', 'T2_CH_CERN', 'T2_CH_CERN'], 'ResidentSetSize': [1054984], 'SubmitTimes': [1743595552.0], 'StartTimes': [1743596011.0], 'EndTimes': [1743597389.0], 'TotalUserCpuTimeHistory': [1150], 'TotalSysCpuTimeHistory': [7], 'WallDurations': [9.0, 199.3745994567871, 1378.0], 'JobIds': ['80520868.0'], 'State': 'finished', 'RecordedSite': True}, '36': {'Retries': 0, 'Restarts': 0, 'SiteHistory': ['Unknown', 'T2_CH_CERN', 'T2_CH_CERN'], 'ResidentSetSize': [1050284], 'SubmitTimes': [1743595552.0], 'StartTimes': [1743596012.0], 'EndTimes': [1743598197.0], 'TotalUserCpuTimeHistory': [1857], 'TotalSysCpuTimeHistory': [11], 'WallDurations': [8.0, 198.3745994567871, 2185.0], 'JobIds': ['80520869.0'], 'State': 'finished', 'RecordedSite': True}, '40': {'Retries': 0, 'Restarts': 0, 'SiteHistory': ['Unknown', 'T2_CH_CERN', 'T2_CH_CERN'], 'ResidentSetSize': [4045488], 'SubmitTimes': [1743595558.0], 'StartTimes': [1743596012.0], 'EndTimes': [1743599433.0], 'TotalUserCpuTimeHistory': [2321], 'TotalSysCpuTimeHistory': [12], 'WallDurations': [9.0, 198.3745994567871, 3421.0], 'JobIds': ['80520913.0'], 'State': 'finished', 'RecordedSite': True}, '37': {'Retries': 0, 'Restarts': 0, 'SiteHistory': ['Unknown', 'T2_CH_CERN', 'T2_CH_CERN'], 'ResidentSetSize': [4042884], 'SubmitTimes': [1743595558.0], 'StartTimes': [1743596012.0], 'EndTimes': [1743598633.0], 'TotalUserCpuTimeHistory': [2245], 'TotalSysCpuTimeHistory': [10], 'WallDurations': [9.0, 198.3745994567871, 2621.0], 'JobIds': ['80520914.0'], 'State': 'finished', 'RecordedSite': True}}
INFO 2025-04-02 14:17:02.330 UTC: 	 Status on the scheduler:	COMPLETED
INFO 2025-04-02 14:17:02.330 UTC: 	 
Jobs status:                    finished     		100.0% (40/40)
INFO 2025-04-02 14:17:02.330 UTC: 	 
No publication information (publication has been disabled in the CRAB configuration file)
INFO 2025-04-02 14:17:02.331 UTC: 	 
Warning: the max jobs runtime is less than 30% of the task requested value (1250 min), please consider to request a lower value for failed jobs (allowed through crab resubmit) and/or improve the jobs splitting (e.g. config.Data.splitting = 'Automatic') in a new task.
INFO 2025-04-02 14:17:02.331 UTC: 	 
Summary of run jobs:
 * Memory: 1021MB min, 3965MB max, 2191MB ave
 * Runtime: 0:16:28 min, 1:16:46 max, 0:40:07 ave
 * CPU eff: 68% min, 89% max, 83% ave
 * Waste: 1:55:34 (7% of total)

INFO 2025-04-02 14:17:02.332 UTC: 	 Log file is /home/choij/workspace/CustomNanoGEN_CMSSW_13_0_13/src/Configuration/CustomNanoGEN/crab/crab_projects/crab_W2j_LO_5f_CPPNONE/crab.log
