DEBUG 2025-04-02 11:58:54.497 UTC: 	 CRAB Client version: v3.250318
DEBUG 2025-04-02 11:58:54.497 UTC: 	 Running on: Linux private-snu 6.13.8-200.fc41.x86_64 #1 SMP PREEMPT_DYNAMIC Sun Mar 23 05:03:09 UTC 2025 x86_64 x86_64 x86_64 GNU/Linux
DEBUG 2025-04-02 11:58:54.497 UTC: 	 Using SINGULARITY image: private-el9.sif
DEBUG 2025-04-02 11:58:54.497 UTC: 	 Operating System: AlmaLinux 9.5 (Teal Serval)
DEBUG 2025-04-02 11:58:54.497 UTC: 	 Executing command: 'submit'
DEBUG 2025-04-02 11:58:54.497 UTC: 	 Found CRAB cache file /home/choij/.crab3
INFO 2025-04-02 11:58:54.498 UTC: 	 Will use CRAB configuration file crab_config_W3j_LO_5f_CPPAVX2.py
DEBUG 2025-04-02 11:58:54.498 UTC: 	 Loading CRAB configuration file.
DEBUG 2025-04-02 11:58:56.192 UTC: 	 Will use CRAB plugin PRIVATEMC (i.e. will run an a MC generation job type).
DEBUG 2025-04-02 11:58:56.193 UTC: 	 Checking credentials
DEBUG 2025-04-02 11:58:56.193 UTC: 	 Found proxy file /tmp/x509up_u1000
DEBUG 2025-04-02 11:58:56.193 UTC: 	 Making sure it has proper VOMS extension
DEBUG 2025-04-02 11:58:56.193 UTC: 	 Executing command :
 voms-proxy-info --vo --file /tmp/x509up_u1000
DEBUG 2025-04-02 11:58:56.485 UTC: 	 output : cms

 error: 
 retcode : 0
DEBUG 2025-04-02 11:58:56.485 UTC: 	 Getting proxy life time left
DEBUG 2025-04-02 11:58:56.485 UTC: 	 Executing command :
 voms-proxy-info --actimeleft --timeleft --file /tmp/x509up_u1000
DEBUG 2025-04-02 11:58:56.777 UTC: 	 output : 581533
581533

 error: 
 retcode : 0
DEBUG 2025-04-02 11:58:56.777 UTC: 	 Proxy valid for 161:32:13 hours
DEBUG 2025-04-02 11:58:56.777 UTC: 	 Encoded data for curl request: subresource=delegatedn
DEBUG 2025-04-02 11:58:57.609 UTC: 	 Registering user credentials on myproxy for /DC=ch/DC=cern/OU=computers/CN=crab-(preprod|prod)-tw(01|02).cern.ch|/DC=ch/DC=cern/OU=computers/CN=crab-dev-tw(01|02|03|04).cern.ch|/DC=ch/DC=cern/OU=Organic Units/OU=Users/CN=cmscrab/CN=(817881|373708)/CN=Robot: cms crab|/DC=ch/DC=cern/OU=Organic Units/OU=Users/CN=crabint1/CN=373708/CN=Robot: CMS CRAB Integration 1
DEBUG 2025-04-02 11:58:57.609 UTC: 	 Executing command :
 voms-proxy-info --identity --file /tmp/x509up_u1000
DEBUG 2025-04-02 11:58:57.900 UTC: 	 output : /DC=ch/DC=cern/OU=Organic Units/OU=Users/CN=choij/CN=841389/CN=Jin Choi

 error: 
 retcode : 0
DEBUG 2025-04-02 11:58:57.900 UTC: 	 Getting myproxy life time left for 62145c27448958522230f1583fedca774537a25d
DEBUG 2025-04-02 11:58:57.900 UTC: 	 Executing command :
 myproxy-info -s myproxy.cern.ch -l 62145c27448958522230f1583fedca774537a25d
DEBUG 2025-04-02 11:58:59.484 UTC: 	 output : username: 62145c27448958522230f1583fedca774537a25d
owner: /DC=ch/DC=cern/OU=Organic Units/OU=Users/CN=choij/CN=841389/CN=Jin Choi
  renewal policy: /DC=ch/DC=cern/OU=computers/CN=crab-(preprod|prod)-tw(01|02).cern.ch|/DC=ch/DC=cern/OU=computers/CN=crab-dev-tw(01|02|03|04).cern.ch|/DC=ch/DC=cern/OU=Organic Units/OU=Users/CN=cmscrab/CN=(817881|373708)/CN=Robot: cms crab|/DC=ch/DC=cern/OU=Organic Units/OU=Users/CN=crabint1/CN=373708/CN=Robot: CMS CRAB Integration 1
  trusted retrieval policy: /DC=ch/DC=cern/OU=computers/CN=crab-(preprod|prod)-tw(01|02).cern.ch|/DC=ch/DC=cern/OU=computers/CN=crab-dev-tw(01|02|03|04).cern.ch|/DC=ch/DC=cern/OU=Organic Units/OU=Users/CN=cmscrab/CN=(817881|373708)/CN=Robot: cms crab|/DC=ch/DC=cern/OU=Organic Units/OU=Users/CN=crabint1/CN=373708/CN=Robot: CMS CRAB Integration 1
  timeleft: 521:17:05  (21.7 days)

 error: 
 retcode : 0
DEBUG 2025-04-02 11:58:59.484 UTC: 	 Myproxy is valid: 1876620
DEBUG 2025-04-02 11:58:59.484 UTC: 	 Result of myproxy credential check:
  Credential exists on myproxy: username: 62145c27448958522230f1583fedca774537a25d  - validity: 21 days, 17:17:00
DEBUG 2025-04-02 11:58:59.484 UTC: 	 Command use: submit
DEBUG 2025-04-02 11:58:59.484 UTC: 	 Options use: ['-c', 'crab_config_W3j_LO_5f_CPPAVX2.py']
DEBUG 2025-04-02 11:58:59.484 UTC: 	 Encoded data for curl request: subresource=version
DEBUG 2025-04-02 11:59:00.315 UTC: 	 CRABClient version: v3.250318
DEBUG 2025-04-02 11:59:00.315 UTC: 	 Instance is prod
DEBUG 2025-04-02 11:59:00.315 UTC: 	 Server base url is cmsweb.cern.ch
DEBUG 2025-04-02 11:59:00.315 UTC: 	 Command api workflow
DEBUG 2025-04-02 11:59:00.315 UTC: 	 Started submission
DEBUG 2025-04-02 11:59:00.315 UTC: 	 Working on /home/choij/workspace/CustomNanoGEN_CMSSW_13_0_13/src/Configuration/CustomNanoGEN/crab/crab_projects/crab_W3j_LO_5f_CPPAVX2
DEBUG 2025-04-02 11:59:00.315 UTC: 	 Encoded data for curl request: subresource=backendurls
DEBUG 2025-04-02 11:59:01.152 UTC: 	 Loading required information from the environment
DEBUG 2025-04-02 11:59:01.152 UTC: 	 Found CMSSW_13_0_13 for el9_amd64_gcc11 with base /home/choij/workspace/CustomNanoGEN_CMSSW_13_0_13
DEBUG 2025-04-02 11:59:01.152 UTC: 	 UNIQUE NAME: tarUUID bd90bb44-e376-4281-8654-1b3cd20e3c83 
DEBUG 2025-04-02 11:59:01.152 UTC: 	 self.config: from WMCore.Configuration import Configuration
config = Configuration()
config.section_('General')
config.General.transferLogs = False
config.General.workArea = 'crab_projects'
config.General.requestName = 'W3j_LO_5f_CPPAVX2'
config.General.transferOutputs = True
config.section_('JobType')
config.JobType.allowUndistributedCMSSW = False
config.JobType.numCores = 1
config.JobType.maxMemoryMB = 5000
config.JobType.psetName = '../configs/Hadronizer_TuneCP5_13p6TeV_W3j_LO_5f_CPPAVX2_LHE_pythia8_cfg.py'
config.JobType.pluginName = 'PrivateMC'
config.section_('Data')
config.Data.splitting = 'EventBased'
config.Data.totalUnits = 160000
config.Data.outputPrimaryDataset = 'W3j_LO_5f_CPPAVX2'
config.Data.unitsPerJob = 4000
config.Data.outputDatasetTag = 'Run3Summer23wmLHEGS'
config.Data.publication = False
config.Data.outLFNDirBase = '/store/user/choij/MG4GPU/Validation'
config.section_('Site')
config.Site.storageSite = 'T3_KR_KNU'
config.section_('User')
config.section_('Debug')

DEBUG 2025-04-02 11:59:01.152 UTC: 	 self.config.JobType.psetName: ../configs/Hadronizer_TuneCP5_13p6TeV_W3j_LO_5f_CPPAVX2_LHE_pythia8_cfg.py
INFO 2025-04-02 11:59:01.152 UTC: 	 Importing CMSSW configuration ../configs/Hadronizer_TuneCP5_13p6TeV_W3j_LO_5f_CPPAVX2_LHE_pythia8_cfg.py
INFO 2025-04-02 11:59:01.778 UTC: 	 Finished importing CMSSW configuration ../configs/Hadronizer_TuneCP5_13p6TeV_W3j_LO_5f_CPPAVX2_LHE_pythia8_cfg.py
DEBUG 2025-04-02 11:59:01.778 UTC: 	 Writing CMSSW configuration to /home/choij/workspace/CustomNanoGEN_CMSSW_13_0_13/src/Configuration/CustomNanoGEN/crab/crab_projects/crab_W3j_LO_5f_CPPAVX2/inputs/PSet.py
DEBUG 2025-04-02 11:59:01.878 UTC: 	 The following EDM output files will be collected: ['NANOGEN.root']
DEBUG 2025-04-02 11:59:01.878 UTC: 	 The following TFile output files will be collected: []
DEBUG 2025-04-02 11:59:01.878 UTC: 	 The following user output files (not listed as PoolOuputModule or TFileService in the CMSSW PSet) will be collected: 
DEBUG 2025-04-02 11:59:01.878 UTC: 	 Loading required information from the environment
DEBUG 2025-04-02 11:59:01.879 UTC: 	 Found CMSSW_13_0_13 for el9_amd64_gcc11 with base /home/choij/workspace/CustomNanoGEN_CMSSW_13_0_13
DEBUG 2025-04-02 11:59:01.879 UTC: 	 Making tarball in /home/choij/workspace/CustomNanoGEN_CMSSW_13_0_13/src/Configuration/CustomNanoGEN/crab/crab_projects/crab_W3j_LO_5f_CPPAVX2/inputs/bd90bb44-e376-4281-8654-1b3cd20e3c83default.tgz
DEBUG 2025-04-02 11:59:01.879 UTC: 	 Checking directory /home/choij/workspace/CustomNanoGEN_CMSSW_13_0_13/bin
DEBUG 2025-04-02 11:59:01.879 UTC: 	 Adding directory /home/choij/workspace/CustomNanoGEN_CMSSW_13_0_13/bin to tarball
DEBUG 2025-04-02 11:59:01.880 UTC: 	 Checking directory /home/choij/workspace/CustomNanoGEN_CMSSW_13_0_13/python
DEBUG 2025-04-02 11:59:01.880 UTC: 	 Adding directory /home/choij/workspace/CustomNanoGEN_CMSSW_13_0_13/python to tarball
DEBUG 2025-04-02 11:59:01.883 UTC: 	 Checking directory /home/choij/workspace/CustomNanoGEN_CMSSW_13_0_13/cfipython
DEBUG 2025-04-02 11:59:01.883 UTC: 	 Adding directory /home/choij/workspace/CustomNanoGEN_CMSSW_13_0_13/cfipython to tarball
DEBUG 2025-04-02 11:59:01.883 UTC: 	 Checking directory /home/choij/workspace/CustomNanoGEN_CMSSW_13_0_13/lib
DEBUG 2025-04-02 11:59:01.883 UTC: 	 Adding directory /home/choij/workspace/CustomNanoGEN_CMSSW_13_0_13/lib to tarball
DEBUG 2025-04-02 11:59:01.884 UTC: 	 Checking directory /home/choij/workspace/CustomNanoGEN_CMSSW_13_0_13/biglib
DEBUG 2025-04-02 11:59:01.884 UTC: 	 Adding directory /home/choij/workspace/CustomNanoGEN_CMSSW_13_0_13/biglib to tarball
DEBUG 2025-04-02 11:59:01.884 UTC: 	 Checking directory /home/choij/workspace/CustomNanoGEN_CMSSW_13_0_13/module
DEBUG 2025-04-02 11:59:01.884 UTC: 	 Checking directory /home/choij/workspace/CustomNanoGEN_CMSSW_13_0_13/config/SCRAM/hooks
DEBUG 2025-04-02 11:59:01.884 UTC: 	 Adding directory /home/choij/workspace/CustomNanoGEN_CMSSW_13_0_13/config/SCRAM/hooks to tarball
DEBUG 2025-04-02 11:59:01.889 UTC: 	 Adding directory /home/choij/workspace/CustomNanoGEN_CMSSW_13_0_13/src/Configuration/CustomNanoGEN/python to tarball
DEBUG 2025-04-02 11:59:02.037 UTC: 	 Uploading archive /home/choij/workspace/CustomNanoGEN_CMSSW_13_0_13/src/Configuration/CustomNanoGEN/crab/crab_projects/crab_W3j_LO_5f_CPPAVX2/inputs/bd90bb44-e376-4281-8654-1b3cd20e3c83default.tgz (198 KB) to the CRAB cache. Using URI https://cmsweb.cern.ch/S3/crabcache_prod
DEBUG 2025-04-02 11:59:02.126 UTC: 	 Encoded data for curl request: subresource=upload&objecttype=sandbox&tarballname=e9804ec5120b6f78691e4808ede7b61075dce241e9ec8668e6c8798601641b38.tar.gz
DEBUG 2025-04-02 12:01:19.362 UTC: 	 Will execute:
curl -f -v -X POST  -H "User-Agent: CRAB" -F "key=choij/sandboxes/e9804ec5120b6f78691e4808ede7b61075dce241e9ec8668e6c8798601641b38.tar.gz" -F "AWSAccessKeyId=715203df6482458ba839e73e6dab634b" -F "policy=eyJleHBpcmF0aW9uIjogIjIwMjUtMDQtMDJUMTM6MDE6MTlaIiwgImNvbmRpdGlvbnMiOiBbeyJidWNrZXQiOiAiY3JhYmNhY2hlX3Byb2QifSwgeyJrZXkiOiAiY2hvaWovc2FuZGJveGVzL2U5ODA0ZWM1MTIwYjZmNzg2OTFlNDgwOGVkZTdiNjEwNzVkY2UyNDFlOWVjODY2OGU2Yzg3OTg2MDE2NDFiMzgudGFyLmd6In1dfQ==" -F "signature=FiaqA8mMUH4BPtj63vDOrJ8LVbg=" -F "file=@/home/choij/workspace/CustomNanoGEN_CMSSW_13_0_13/src/Configuration/CustomNanoGEN/crab/crab_projects/crab_W3j_LO_5f_CPPAVX2/inputs/bd90bb44-e376-4281-8654-1b3cd20e3c83default.tgz" "https://s3.cern.ch/crabcache_prod"
DEBUG 2025-04-02 12:01:21.028 UTC: 	 exitcode: 0
stdout: b''
DEBUG 2025-04-02 12:01:21.028 UTC: 	 upload to S3 of sandbox /home/choij/workspace/CustomNanoGEN_CMSSW_13_0_13/src/Configuration/CustomNanoGEN/crab/crab_projects/crab_W3j_LO_5f_CPPAVX2/inputs/bd90bb44-e376-4281-8654-1b3cd20e3c83default.tgz completed
DEBUG 2025-04-02 12:01:21.028 UTC: 	 make sure that object is ready for retrieve
DEBUG 2025-04-02 12:01:22.030 UTC: 	 Encoded data for curl request: subresource=download&objecttype=sandbox&tarballname=e9804ec5120b6f78691e4808ede7b61075dce241e9ec8668e6c8798601641b38.tar.gz&clientmethod=head_object
DEBUG 2025-04-02 12:01:22.877 UTC: 	 PreSignedUrl to download sandbox received OK
DEBUG 2025-04-02 12:01:22.881 UTC: 	 Will execute:
 curl -v -s -f -o /dev/null --head  "https://s3.cern.ch/crabcache_prod/choij/sandboxes/e9804ec5120b6f78691e4808ede7b61075dce241e9ec8668e6c8798601641b38.tar.gz?AWSAccessKeyId=715203df6482458ba839e73e6dab634b&Signature=6VtoUZWjyn09oOusId5p2OjOnZI%3D&Expires=1743598882"
DEBUG 2025-04-02 12:01:23.712 UTC: 	 exitcode: 0
stdout: b''
DEBUG 2025-04-02 12:01:23.713 UTC: 	 sandbox /home/choij/workspace/CustomNanoGEN_CMSSW_13_0_13/src/Configuration/CustomNanoGEN/crab/crab_projects/crab_W3j_LO_5f_CPPAVX2/inputs/bd90bb44-e376-4281-8654-1b3cd20e3c83default.tgz successfully uploaded to S3
DEBUG 2025-04-02 12:01:23.713 UTC: 	 Loading required information from the environment
DEBUG 2025-04-02 12:01:23.713 UTC: 	 Found CMSSW_13_0_13 for el9_amd64_gcc11 with base /home/choij/workspace/CustomNanoGEN_CMSSW_13_0_13
DEBUG 2025-04-02 12:01:23.713 UTC: 	 Making tarball in /home/choij/workspace/CustomNanoGEN_CMSSW_13_0_13/src/Configuration/CustomNanoGEN/crab/crab_projects/crab_W3j_LO_5f_CPPAVX2/inputs/debugFiles.tgz
DEBUG 2025-04-02 12:01:23.716 UTC: 	 Uploading archive /home/choij/workspace/CustomNanoGEN_CMSSW_13_0_13/src/Configuration/CustomNanoGEN/crab/crab_projects/crab_W3j_LO_5f_CPPAVX2/inputs/debugFiles.tgz (3 KB) to the CRAB cache. Using URI https://cmsweb.cern.ch/S3/crabcache_prod
DEBUG 2025-04-02 12:01:23.717 UTC: 	 Encoded data for curl request: subresource=upload&objecttype=sandbox&tarballname=c59a1d78791ac9e307f68ed8894fa7e70b823e48e67ba36de0fc169b6948d4f1.tar.gz
DEBUG 2025-04-02 12:01:24.562 UTC: 	 Will execute:
curl -f -v -X POST  -H "User-Agent: CRAB" -F "key=choij/sandboxes/c59a1d78791ac9e307f68ed8894fa7e70b823e48e67ba36de0fc169b6948d4f1.tar.gz" -F "AWSAccessKeyId=715203df6482458ba839e73e6dab634b" -F "policy=eyJleHBpcmF0aW9uIjogIjIwMjUtMDQtMDJUMTM6MDE6MjRaIiwgImNvbmRpdGlvbnMiOiBbeyJidWNrZXQiOiAiY3JhYmNhY2hlX3Byb2QifSwgeyJrZXkiOiAiY2hvaWovc2FuZGJveGVzL2M1OWExZDc4NzkxYWM5ZTMwN2Y2OGVkODg5NGZhN2U3MGI4MjNlNDhlNjdiYTM2ZGUwZmMxNjliNjk0OGQ0ZjEudGFyLmd6In1dfQ==" -F "signature=e891iAjuOuxZdsYvEkC2A+e7DBQ=" -F "file=@/home/choij/workspace/CustomNanoGEN_CMSSW_13_0_13/src/Configuration/CustomNanoGEN/crab/crab_projects/crab_W3j_LO_5f_CPPAVX2/inputs/debugFiles.tgz" "https://s3.cern.ch/crabcache_prod"
DEBUG 2025-04-02 12:01:25.389 UTC: 	 exitcode: 0
stdout: b''
DEBUG 2025-04-02 12:01:25.389 UTC: 	 upload to S3 of sandbox /home/choij/workspace/CustomNanoGEN_CMSSW_13_0_13/src/Configuration/CustomNanoGEN/crab/crab_projects/crab_W3j_LO_5f_CPPAVX2/inputs/debugFiles.tgz completed
DEBUG 2025-04-02 12:01:25.389 UTC: 	 make sure that object is ready for retrieve
DEBUG 2025-04-02 12:01:26.391 UTC: 	 Encoded data for curl request: subresource=download&objecttype=sandbox&tarballname=c59a1d78791ac9e307f68ed8894fa7e70b823e48e67ba36de0fc169b6948d4f1.tar.gz&clientmethod=head_object
DEBUG 2025-04-02 12:01:29.640 UTC: 	 PreSignedUrl to download sandbox received OK
DEBUG 2025-04-02 12:01:29.643 UTC: 	 Will execute:
 curl -v -s -f -o /dev/null --head  "https://s3.cern.ch/crabcache_prod/choij/sandboxes/c59a1d78791ac9e307f68ed8894fa7e70b823e48e67ba36de0fc169b6948d4f1.tar.gz?AWSAccessKeyId=715203df6482458ba839e73e6dab634b&Signature=VXR5RuxJp1etRA45vMwLKAOWk14%3D&Expires=1743598889"
DEBUG 2025-04-02 12:01:30.724 UTC: 	 exitcode: 0
stdout: b''
DEBUG 2025-04-02 12:01:30.724 UTC: 	 sandbox /home/choij/workspace/CustomNanoGEN_CMSSW_13_0_13/src/Configuration/CustomNanoGEN/crab/crab_projects/crab_W3j_LO_5f_CPPAVX2/inputs/debugFiles.tgz successfully uploaded to S3
DEBUG 2025-04-02 12:01:30.724 UTC: 	 Result uploading input files: e9804ec5120b6f78691e4808ede7b61075dce241e9ec8668e6c8798601641b38.tar.gz 
DEBUG 2025-04-02 12:01:30.724 UTC: 	 submit() - self.configuration from WMCore.Configuration import Configuration
config = Configuration()
config.section_('General')
config.General.transferLogs = False
config.General.workArea = 'crab_projects'
config.General.requestName = 'W3j_LO_5f_CPPAVX2'
config.General.transferOutputs = True
config.section_('JobType')
config.JobType.allowUndistributedCMSSW = False
config.JobType.numCores = 1
config.JobType.maxMemoryMB = 5000
config.JobType.psetName = '../configs/Hadronizer_TuneCP5_13p6TeV_W3j_LO_5f_CPPAVX2_LHE_pythia8_cfg.py'
config.JobType.pluginName = 'PrivateMC'
config.section_('Data')
config.Data.splitting = 'EventBased'
config.Data.totalUnits = 160000
config.Data.outputPrimaryDataset = 'W3j_LO_5f_CPPAVX2'
config.Data.unitsPerJob = 4000
config.Data.outputDatasetTag = 'Run3Summer23wmLHEGS'
config.Data.publication = False
config.Data.outLFNDirBase = '/store/user/choij/MG4GPU/Validation'
config.section_('Site')
config.Site.storageSite = 'T3_KR_KNU'
config.section_('User')
config.section_('Debug')

DEBUG 2025-04-02 12:01:30.724 UTC: 	 submit() - self.configreq {'dryrun': 0, 'workflow': 'crab_W3j_LO_5f_CPPAVX2', 'saveoutput': 1, 'savelogsflag': 0, 'primarydataset': 'W3j_LO_5f_CPPAVX2', 'nonvaliddata': 0, 'userfiles': [], 'dbsurl': 'https://cmsweb.cern.ch/dbs/prod/global/DBSReader', 'useparent': 0, 'ignorelocality': 0, 'splitalgo': 'EventBased', 'algoargs': 4000, 'totalunits': 160000, 'lfn': '/store/user/choij/MG4GPU/Validation', 'publication': 0, 'publishdbsurl': 'https://cmsweb.cern.ch/dbs/prod/phys03/DBSWriter', 'publishname2': 'Run3Summer23wmLHEGS', 'jobtype': 'PrivateMC', 'generator': 'pythia', 'addoutputfiles': [], 'maxjobruntime': 1250, 'numcores': 1, 'maxmemory': 5000, 'priority': 10, 'nonprodsw': 0, 'asyncdest': 'T3_KR_KNU', 'requireaccelerator': 0, 'oneEventMode': 0, 'extrajdl': [], 'ignoreglobalblacklist': 0, 'partialdataset': 0, 'inputblocks': []}
DEBUG 2025-04-02 12:01:30.724 UTC: 	 submit() - jobconfig {'addoutputfiles': [], 'tfileoutfiles': [], 'edmoutfiles': ['NANOGEN.root'], 'jobarch': 'el9_amd64_gcc11', 'jobminuarch': 'any', 'jobsw': 'CMSSW_13_0_13', 'cacheurl': 'https://cmsweb.cern.ch/S3/crabcache_prod', 'cachefilename': 'e9804ec5120b6f78691e4808ede7b61075dce241e9ec8668e6c8798601641b38.tar.gz', 'debugfilename': 'c59a1d78791ac9e307f68ed8894fa7e70b823e48e67ba36de0fc169b6948d4f1.tar.gz', 'jobtype': 'PrivateMC', 'primarydataset': 'W3j_LO_5f_CPPAVX2'}
INFO 2025-04-02 12:01:30.724 UTC: 	 Sending the request to the server at cmsweb.cern.ch
DEBUG 2025-04-02 12:01:30.725 UTC: 	 Submitting {'dryrun': 0, 'workflow': 'crab_W3j_LO_5f_CPPAVX2', 'saveoutput': 1, 'savelogsflag': 0, 'primarydataset': 'W3j_LO_5f_CPPAVX2', 'nonvaliddata': 0, 'userfiles': [], 'dbsurl': 'https://cmsweb.cern.ch/dbs/prod/global/DBSReader', 'useparent': 0, 'ignorelocality': 0, 'splitalgo': 'EventBased', 'algoargs': 4000, 'totalunits': 160000, 'lfn': '/store/user/choij/MG4GPU/Validation', 'publication': 0, 'publishdbsurl': 'https://cmsweb.cern.ch/dbs/prod/phys03/DBSWriter', 'publishname2': 'Run3Summer23wmLHEGS', 'jobtype': 'PrivateMC', 'generator': 'pythia', 'addoutputfiles': [], 'maxjobruntime': 1250, 'numcores': 1, 'maxmemory': 5000, 'priority': 10, 'nonprodsw': 0, 'asyncdest': 'T3_KR_KNU', 'requireaccelerator': 0, 'oneEventMode': 0, 'extrajdl': [], 'ignoreglobalblacklist': 0, 'partialdataset': 0, 'inputblocks': [], 'tfileoutfiles': [], 'edmoutfiles': ['NANOGEN.root'], 'jobarch': 'el9_amd64_gcc11', 'jobminuarch': 'any', 'jobsw': 'CMSSW_13_0_13', 'cacheurl': 'https://cmsweb.cern.ch/S3/crabcache_prod', 'cachefilename': 'e9804ec5120b6f78691e4808ede7b61075dce241e9ec8668e6c8798601641b38.tar.gz', 'debugfilename': 'c59a1d78791ac9e307f68ed8894fa7e70b823e48e67ba36de0fc169b6948d4f1.tar.gz'} 
DEBUG 2025-04-02 12:01:30.725 UTC: 	 Encoded data for curl request: dryrun=0&workflow=crab_W3j_LO_5f_CPPAVX2&saveoutput=1&savelogsflag=0&primarydataset=W3j_LO_5f_CPPAVX2&nonvaliddata=0&dbsurl=https%3A%2F%2Fcmsweb.cern.ch%2Fdbs%2Fprod%2Fglobal%2FDBSReader&useparent=0&ignorelocality=0&splitalgo=EventBased&algoargs=4000&totalunits=160000&lfn=%2Fstore%2Fuser%2Fchoij%2FMG4GPU%2FValidation&publication=0&publishdbsurl=https%3A%2F%2Fcmsweb.cern.ch%2Fdbs%2Fprod%2Fphys03%2FDBSWriter&publishname2=Run3Summer23wmLHEGS&jobtype=PrivateMC&generator=pythia&maxjobruntime=1250&numcores=1&maxmemory=5000&priority=10&nonprodsw=0&asyncdest=T3_KR_KNU&requireaccelerator=0&oneEventMode=0&ignoreglobalblacklist=0&partialdataset=0&jobarch=el9_amd64_gcc11&jobminuarch=any&jobsw=CMSSW_13_0_13&cacheurl=https%3A%2F%2Fcmsweb.cern.ch%2FS3%2Fcrabcache_prod&cachefilename=e9804ec5120b6f78691e4808ede7b61075dce241e9ec8668e6c8798601641b38.tar.gz&debugfilename=c59a1d78791ac9e307f68ed8894fa7e70b823e48e67ba36de0fc169b6948d4f1.tar.gz&edmoutfiles=NANOGEN.root
DEBUG 2025-04-02 12:01:31.668 UTC: 	 Result: {'result': [{'RequestName': '250402_120131:choij_crab_W3j_LO_5f_CPPAVX2'}]}
INFO 2025-04-02 12:01:31.669 UTC: 	 Success: Your task has been delivered to the prod CRAB3 server.
INFO 2025-04-02 12:01:31.669 UTC: 	 Task name: 250402_120131:choij_crab_W3j_LO_5f_CPPAVX2
INFO 2025-04-02 12:01:31.669 UTC: 	 Project dir: crab_projects/crab_W3j_LO_5f_CPPAVX2
INFO 2025-04-02 12:01:31.669 UTC: 	 Please use ' crab status -d crab_projects/crab_W3j_LO_5f_CPPAVX2 ' to check how the submission process proceeds.
DEBUG 2025-04-02 12:01:31.669 UTC: 	 About to return
INFO 2025-04-02 12:01:31.671 UTC: 	 Log file is /home/choij/workspace/CustomNanoGEN_CMSSW_13_0_13/src/Configuration/CustomNanoGEN/crab/crab_projects/crab_W3j_LO_5f_CPPAVX2/crab.log
DEBUG 2025-04-02 14:17:00.169 UTC: 	 CRAB Client version: v3.250318
DEBUG 2025-04-02 14:17:00.169 UTC: 	 Running on: Linux private-snu 6.13.8-200.fc41.x86_64 #1 SMP PREEMPT_DYNAMIC Sun Mar 23 05:03:09 UTC 2025 x86_64 x86_64 x86_64 GNU/Linux
DEBUG 2025-04-02 14:17:00.169 UTC: 	 Using SINGULARITY image: private-el9.sif
DEBUG 2025-04-02 14:17:00.169 UTC: 	 Operating System: AlmaLinux 9.5 (Teal Serval)
DEBUG 2025-04-02 14:17:00.169 UTC: 	 Executing command: 'status'
DEBUG 2025-04-02 14:17:00.170 UTC: 	 Found CRAB cache file /home/choij/.crab3
DEBUG 2025-04-02 14:17:00.170 UTC: 	 Checking credentials
DEBUG 2025-04-02 14:17:00.170 UTC: 	 Found proxy file /tmp/x509up_u1000
DEBUG 2025-04-02 14:17:00.170 UTC: 	 Making sure it has proper VOMS extension
DEBUG 2025-04-02 14:17:00.170 UTC: 	 Executing command :
 voms-proxy-info --vo --file /tmp/x509up_u1000
DEBUG 2025-04-02 14:17:00.485 UTC: 	 output : cms

 error: 
 retcode : 0
DEBUG 2025-04-02 14:17:00.485 UTC: 	 Getting proxy life time left
DEBUG 2025-04-02 14:17:00.485 UTC: 	 Executing command :
 voms-proxy-info --actimeleft --timeleft --file /tmp/x509up_u1000
DEBUG 2025-04-02 14:17:00.788 UTC: 	 output : 573249
573249

 error: 
 retcode : 0
DEBUG 2025-04-02 14:17:00.788 UTC: 	 Proxy valid for 159:14:09 hours
DEBUG 2025-04-02 14:17:00.788 UTC: 	 Encoded data for curl request: subresource=delegatedn
DEBUG 2025-04-02 14:19:17.349 UTC: 	 Registering user credentials on myproxy for /DC=ch/DC=cern/OU=computers/CN=crab-(preprod|prod)-tw(01|02).cern.ch|/DC=ch/DC=cern/OU=computers/CN=crab-dev-tw(01|02|03|04).cern.ch|/DC=ch/DC=cern/OU=Organic Units/OU=Users/CN=cmscrab/CN=(817881|373708)/CN=Robot: cms crab|/DC=ch/DC=cern/OU=Organic Units/OU=Users/CN=crabint1/CN=373708/CN=Robot: CMS CRAB Integration 1
DEBUG 2025-04-02 14:19:17.350 UTC: 	 Executing command :
 voms-proxy-info --identity --file /tmp/x509up_u1000
DEBUG 2025-04-02 14:19:17.635 UTC: 	 output : /DC=ch/DC=cern/OU=Organic Units/OU=Users/CN=choij/CN=841389/CN=Jin Choi

 error: 
 retcode : 0
DEBUG 2025-04-02 14:19:17.635 UTC: 	 Getting myproxy life time left for 62145c27448958522230f1583fedca774537a25d
DEBUG 2025-04-02 14:19:17.635 UTC: 	 Executing command :
 myproxy-info -s myproxy.cern.ch -l 62145c27448958522230f1583fedca774537a25d
DEBUG 2025-04-02 14:19:19.279 UTC: 	 output : username: 62145c27448958522230f1583fedca774537a25d
owner: /DC=ch/DC=cern/OU=Organic Units/OU=Users/CN=choij/CN=841389/CN=Jin Choi
  renewal policy: /DC=ch/DC=cern/OU=computers/CN=crab-(preprod|prod)-tw(01|02).cern.ch|/DC=ch/DC=cern/OU=computers/CN=crab-dev-tw(01|02|03|04).cern.ch|/DC=ch/DC=cern/OU=Organic Units/OU=Users/CN=cmscrab/CN=(817881|373708)/CN=Robot: cms crab|/DC=ch/DC=cern/OU=Organic Units/OU=Users/CN=crabint1/CN=373708/CN=Robot: CMS CRAB Integration 1
  trusted retrieval policy: /DC=ch/DC=cern/OU=computers/CN=crab-(preprod|prod)-tw(01|02).cern.ch|/DC=ch/DC=cern/OU=computers/CN=crab-dev-tw(01|02|03|04).cern.ch|/DC=ch/DC=cern/OU=Organic Units/OU=Users/CN=cmscrab/CN=(817881|373708)/CN=Robot: cms crab|/DC=ch/DC=cern/OU=Organic Units/OU=Users/CN=crabint1/CN=373708/CN=Robot: CMS CRAB Integration 1
  timeleft: 518:56:45  (21.6 days)

 error: 
 retcode : 0
DEBUG 2025-04-02 14:19:19.279 UTC: 	 Myproxy is valid: 1868160
DEBUG 2025-04-02 14:19:19.279 UTC: 	 Result of myproxy credential check:
  Credential exists on myproxy: username: 62145c27448958522230f1583fedca774537a25d  - validity: 21 days, 14:56:00
DEBUG 2025-04-02 14:19:19.279 UTC: 	 Retrieving username ...
DEBUG 2025-04-02 14:19:19.279 UTC: 	 Retrieving username from CRIC...
DEBUG 2025-04-02 14:19:21.212 UTC: 	 username is choij
INFO 2025-04-02 14:19:22.265 UTC: 	 Rucio client intialized for account choij
DEBUG 2025-04-02 14:19:22.266 UTC: 	 Command use: status
DEBUG 2025-04-02 14:19:22.266 UTC: 	 Options use: ['-d', 'crab_projects/crab_W3j_LO_5f_CPPAVX2']
DEBUG 2025-04-02 14:19:22.266 UTC: 	 Encoded data for curl request: subresource=version
DEBUG 2025-04-02 14:19:23.099 UTC: 	 CRABClient version: v3.250318
DEBUG 2025-04-02 14:19:23.099 UTC: 	 Instance is prod
DEBUG 2025-04-02 14:19:23.099 UTC: 	 Server base url is cmsweb.cern.ch
DEBUG 2025-04-02 14:19:23.099 UTC: 	 Command api workflow
DEBUG 2025-04-02 14:19:23.099 UTC: 	 Encoded data for curl request: subresource=search&workflow=250402_120131%3Achoij_crab_W3j_LO_5f_CPPAVX2
DEBUG 2025-04-02 14:19:23.937 UTC: 	 Got information from server oracle database: {'desc': {'columns': ['tm_taskname', 'tm_activity', 'tm_task_status', 'tm_task_command', 'tm_start_time', 'tm_start_injection', 'tm_end_injection', 'tm_task_failure', 'tm_job_sw', 'tm_job_arch', 'tm_input_dataset', 'tm_nonvalid_input_dataset', 'tm_use_parent', 'tm_site_whitelist', 'tm_site_blacklist', 'tm_split_algo', 'tm_split_args', 'tm_user_sandbox', 'tm_cache_url', 'tm_username', 'tm_user_dn', 'tm_user_vo', 'tm_user_role', 'tm_user_group', 'tm_publish_name', 'tm_publish_groupname', 'tm_asyncdest', 'tm_dbs_url', 'tm_publish_dbs_url', 'tm_publication', 'tm_outfiles', 'tm_tfile_outfiles', 'tm_edm_outfiles', 'tm_job_type', 'tm_generator', 'tm_events_per_lumi', 'tm_arguments', 'tm_save_logs', 'tw_name', 'tm_user_infiles', 'tm_maxjobruntime', 'tm_numcores', 'tm_maxmemory', 'tm_priority', 'tm_output_dataset', 'tm_task_warnings', 'tm_user_webdir', 'tm_scriptexe', 'tm_scriptargs', 'tm_extrajdl', 'tm_collector', 'tm_schedd', 'tm_dry_run', 'tm_user_files', 'tm_transfer_outputs', 'tm_output_lfn', 'tm_ignore_locality', 'tm_fail_limit', 'tm_one_event_mode', 'tm_secondary_input_dataset', 'tm_primary_dataset', 'tm_last_publication', 'tm_debug_files', 'clusterid', 'tm_ignore_global_blacklist', 'tm_submitter_ip_addr', 'tm_totalunits', 'tm_ddm_reqid', 'tm_user_config', 'tm_transfer_container', 'tm_transfer_rule', 'tm_publish_rule', 'tm_multipub_rule', 'tm_job_min_microarch', 'tm_dagman_status', 'tm_num_jobs', 'tm_uploaded']}, 'result': ['250402_120131:choij_crab_W3j_LO_5f_CPPAVX2', 'None', 'SUBMITTED', 'SUBMIT', '2025-04-02 12:01:31.530620', 'None', '2025-04-02 12:03:13.989901', 'None', 'CMSSW_13_0_13', 'el9_amd64_gcc11', 'None', 'F', '0', '[]', '[]', 'EventBased', "{'halt_job_on_file_boundaries': False, 'splitOnRun': False, 'events_per_job': 4000, 'runs': [], 'lumis': []}", 'e9804ec5120b6f78691e4808ede7b61075dce241e9ec8668e6c8798601641b38.tar.gz', 'https://cmsweb.cern.ch/S3/crabcache_prod', 'choij', '/DC=ch/DC=cern/OU=Organic Units/OU=Users/CN=choij/CN=841389/CN=Jin Choi', 'cms', 'None', 'None', 'Run3Summer23wmLHEGS-00000000000000000000000000000000', 'F', 'T3_KR_KNU', 'https://cmsweb.cern.ch/dbs/prod/global/DBSReader', 'https://cmsweb.cern.ch/dbs/prod/phys03/DBSWriter', 'F', '[]', '[]', "['NANOGEN.root']", 'PrivateMC', 'pythia', 'None', '{}', 'F', 'crab-prod-tw02', '[]', '1250', '1', '5000', '10', "['/FakeDataset/fakefile-FakePublish-451e377fac76b84475c24ddbdc66c4ed/USER']", "['Task requests 5000 MB of memory, but only 2500 are guaranteed to be available. Jobs may not find a site where to run and stay idle forever.']", 'http://vocms0120.cern.ch/mon/choij/250402_120131:choij_crab_W3j_LO_5f_CPPAVX2', 'None', '[]', '[]', 'cmsgwms-collector-global.cern.ch:9620,cmsgwms-collector-global.fnal.gov:9620', 'crab3@vocms0120.cern.ch', 'F', '[]', 'T', '/store/user/choij/MG4GPU/Validation', 'F', 'None', 'F', 'None', 'W3j_LO_5f_CPPAVX2', 'None', 'c59a1d78791ac9e307f68ed8894fa7e70b823e48e67ba36de0fc169b6948d4f1.tar.gz', '120865566', 'F', '188.184.73.32', '160000.0', 'None', '{"partialdataset": false, "requireaccelerator": false, "acceleratorparams": null, "inputblocks": null}', 'None', 'None', 'None', 'None', 'any', 'NOT_READY', '0', 'F']}
INFO 2025-04-02 14:19:23.937 UTC: 	 CRAB project directory:		/home/choij/workspace/CustomNanoGEN_CMSSW_13_0_13/src/Configuration/CustomNanoGEN/crab/crab_projects/crab_W3j_LO_5f_CPPAVX2
INFO 2025-04-02 14:19:23.938 UTC: 	 Task name:			250402_120131:choij_crab_W3j_LO_5f_CPPAVX2
INFO 2025-04-02 14:19:23.938 UTC: 	 Grid scheduler - Task Worker:	crab3@vocms0120.cern.ch - crab-prod-tw02
INFO 2025-04-02 14:19:23.938 UTC: 	 Status on the CRAB server:	SUBMITTED
INFO 2025-04-02 14:19:23.938 UTC: 	 Task URL to use for HELP:	https://cmsweb.cern.ch/crabserver/ui/task/250402_120131%3Achoij_crab_W3j_LO_5f_CPPAVX2
INFO 2025-04-02 14:19:23.942 UTC: 	 Dashboard monitoring URL:	https://monit-grafana.cern.ch/d/cmsTMDetail/cms-task-monitoring-task-view?orgId=11&var-user=choij&var-task=250402_120131%3Achoij_crab_W3j_LO_5f_CPPAVX2&from=1743591691000&to=now
WARNING 2025-04-02 14:19:23.942 UTC: 	 Warning:			Task requests 5000 MB of memory, but only 2500 are guaranteed to be available. Jobs may not find a site where to run and stay idle forever.
DEBUG 2025-04-02 14:19:23.942 UTC: 	 The CRAB server submitted your task to the Grid scheduler (cluster ID: 120865566)
DEBUG 2025-04-02 14:19:23.942 UTC: 	 Webdir is located at http://vocms0120.cern.ch/mon/choij/250402_120131:choij_crab_W3j_LO_5f_CPPAVX2
DEBUG 2025-04-02 14:19:23.942 UTC: 	 Encoded data for curl request: subresource=webdirprx&workflow=250402_120131%3Achoij_crab_W3j_LO_5f_CPPAVX2
DEBUG 2025-04-02 14:19:24.783 UTC: 	 Proxied webdir is located at https://cmsweb.cern.ch:8443/scheddmon/0120/choij/250402_120131:choij_crab_W3j_LO_5f_CPPAVX2
DEBUG 2025-04-02 14:19:24.784 UTC: 	 Retrieving 'status_cache' file from https://cmsweb.cern.ch:8443/scheddmon/0120/choij/250402_120131:choij_crab_W3j_LO_5f_CPPAVX2/status_cache.pkl
DEBUG 2025-04-02 14:19:24.784 UTC: 	 Will execute:
curl -sS --capath /cvmfs/grid.cern.ch/etc/grid-security/certificates --cert /tmp/x509up_u1000 --key /tmp/x509up_u1000 -o /tmp/crab_status-cache-nnpac67t.pkl -w %"{http_code}" "https://cmsweb.cern.ch:8443/scheddmon/0120/choij/250402_120131:choij_crab_W3j_LO_5f_CPPAVX2/status_cache.pkl"
DEBUG 2025-04-02 14:19:24.784 UTC: 	 Executing command :
 curl -sS --capath /cvmfs/grid.cern.ch/etc/grid-security/certificates --cert /tmp/x509up_u1000 --key /tmp/x509up_u1000 -o /tmp/crab_status-cache-nnpac67t.pkl -w %"{http_code}" "https://cmsweb.cern.ch:8443/scheddmon/0120/choij/250402_120131:choij_crab_W3j_LO_5f_CPPAVX2/status_cache.pkl"
DEBUG 2025-04-02 14:19:25.882 UTC: 	 output : 200
 error: 
 retcode : 0
DEBUG 2025-04-02 14:19:25.882 UTC: 	 exitcode: 0
stdout: 200
stderr: 
error details: 
DEBUG 2025-04-02 14:19:25.882 UTC: 	 Got information from status cache file: {'4': {'Retries': 0, 'Restarts': 0, 'SiteHistory': ['Unknown', 'T2_CH_CERN', 'T2_CH_CERN'], 'ResidentSetSize': [4059240], 'SubmitTimes': [1743595458.0], 'StartTimes': [1743595891.0], 'EndTimes': [1743597729.0], 'TotalUserCpuTimeHistory': [1463], 'TotalSysCpuTimeHistory': [9], 'WallDurations': [10.0, 234.31928634643555, 1838.0], 'JobIds': ['120865619.0'], 'State': 'finished', 'RecordedSite': True}, '12': {'Retries': 0, 'Restarts': 0, 'SiteHistory': ['Unknown', 'T2_CH_CERN', 'T2_CH_CERN'], 'ResidentSetSize': [4046588], 'SubmitTimes': [1743595458.0], 'StartTimes': [1743595833.0], 'EndTimes': [1743599503.0], 'TotalUserCpuTimeHistory': [2953], 'TotalSysCpuTimeHistory': [11], 'WallDurations': [8.0, 292.31928634643555, 3670.0], 'JobIds': ['120865620.0'], 'State': 'finished', 'RecordedSite': True}, '6': {'Retries': 0, 'Restarts': 0, 'SiteHistory': ['Unknown', 'T2_CH_CERN', 'T2_CH_CERN'], 'ResidentSetSize': [1041716], 'SubmitTimes': [1743595458.0], 'StartTimes': [1743595834.0], 'EndTimes': [1743598475.0], 'TotalUserCpuTimeHistory': [2030], 'TotalSysCpuTimeHistory': [14], 'WallDurations': [8.0, 291.31928634643555, 2641.0], 'JobIds': ['120865621.0'], 'State': 'finished', 'RecordedSite': True}, '14': {'Retries': 0, 'Restarts': 0, 'SiteHistory': ['Unknown', 'T2_CH_CERN', 'T2_CH_CERN'], 'ResidentSetSize': [4018364], 'SubmitTimes': [1743595458.0], 'StartTimes': [1743595833.0], 'EndTimes': [1743597426.0], 'TotalUserCpuTimeHistory': [1247], 'TotalSysCpuTimeHistory': [9], 'WallDurations': [9.0, 292.31928634643555, 1593.0], 'JobIds': ['120865622.0'], 'State': 'finished', 'RecordedSite': True}, '8': {'Retries': 0, 'Restarts': 0, 'SiteHistory': ['Unknown', 'T2_CH_CERN', 'T2_CH_CERN'], 'ResidentSetSize': [4029148], 'SubmitTimes': [1743595458.0], 'StartTimes': [1743595833.0], 'EndTimes': [1743597428.0], 'TotalUserCpuTimeHistory': [1221], 'TotalSysCpuTimeHistory': [7], 'WallDurations': [9.0, 292.31928634643555, 1595.0], 'JobIds': ['120865623.0'], 'State': 'finished', 'RecordedSite': True}, '9': {'Retries': 0, 'Restarts': 0, 'SiteHistory': ['Unknown', 'T2_CH_CERN', 'T2_CH_CERN'], 'ResidentSetSize': [2306024], 'SubmitTimes': [1743595458.0], 'StartTimes': [1743595536.0], 'EndTimes': [1743598116.0], 'TotalUserCpuTimeHistory': [2057], 'TotalSysCpuTimeHistory': [8], 'WallDurations': [9.0, 288.97799038887024, 2580.0], 'JobIds': ['120865624.0'], 'State': 'finished', 'RecordedSite': True}, '1': {'Retries': 0, 'Restarts': 0, 'SiteHistory': ['Unknown', 'T2_CH_CERN', 'T2_CH_CERN'], 'ResidentSetSize': [1049988], 'SubmitTimes': [1743595458.0], 'StartTimes': [1743595891.0], 'EndTimes': [1743597812.0], 'TotalUserCpuTimeHistory': [1475], 'TotalSysCpuTimeHistory': [11], 'WallDurations': [9.0, 234.31928634643555, 1921.0], 'JobIds': ['120865625.0'], 'State': 'finished', 'RecordedSite': True}, '3': {'Retries': 0, 'Restarts': 0, 'SiteHistory': ['Unknown', 'T2_CH_CERN', 'T2_CH_CERN'], 'ResidentSetSize': [4032660], 'SubmitTimes': [1743595458.0], 'StartTimes': [1743595892.0], 'EndTimes': [1743597522.0], 'TotalUserCpuTimeHistory': [1269], 'TotalSysCpuTimeHistory': [7], 'WallDurations': [8.0, 233.31928634643555, 1630.0], 'JobIds': ['120865626.0'], 'State': 'finished', 'RecordedSite': True}, '19': {'Retries': 0, 'Restarts': 0, 'SiteHistory': ['Unknown', 'T2_CH_CERN', 'T2_CH_CERN'], 'ResidentSetSize': [1066140], 'SubmitTimes': [1743595458.0], 'StartTimes': [1743595833.0], 'EndTimes': [1743597205.0], 'TotalUserCpuTimeHistory': [1078], 'TotalSysCpuTimeHistory': [5], 'WallDurations': [8.0, 292.31928634643555, 1372.0], 'JobIds': ['120865627.0'], 'State': 'finished', 'RecordedSite': True}, '17': {'Retries': 0, 'Restarts': 0, 'SiteHistory': ['Unknown', 'T2_CH_CERN', 'T2_CH_CERN'], 'ResidentSetSize': [4033260], 'SubmitTimes': [1743595458.0], 'StartTimes': [1743595833.0], 'EndTimes': [1743597306.0], 'TotalUserCpuTimeHistory': [1127], 'TotalSysCpuTimeHistory': [11], 'WallDurations': [10.0, 292.31928634643555, 1473.0], 'JobIds': ['120865628.0'], 'State': 'finished', 'RecordedSite': True}, '16': {'Retries': 0, 'Restarts': 0, 'SiteHistory': ['Unknown', 'T2_CH_CERN', 'T2_CH_CERN'], 'ResidentSetSize': [1062536], 'SubmitTimes': [1743595458.0], 'StartTimes': [1743595834.0], 'EndTimes': [1743598167.0], 'TotalUserCpuTimeHistory': [1833], 'TotalSysCpuTimeHistory': [12], 'WallDurations': [8.0, 291.31928634643555, 2333.0], 'JobIds': ['120865629.0'], 'State': 'finished', 'RecordedSite': True}, '2': {'Retries': 0, 'Restarts': 0, 'SiteHistory': ['Unknown', 'T2_CH_CERN', 'T2_CH_CERN'], 'ResidentSetSize': [1062196], 'SubmitTimes': [1743595458.0], 'StartTimes': [1743595891.0], 'EndTimes': [1743598481.0], 'TotalUserCpuTimeHistory': [2003], 'TotalSysCpuTimeHistory': [6], 'WallDurations': [9.0, 234.31928634643555, 2590.0], 'JobIds': ['120865630.0'], 'State': 'finished', 'RecordedSite': True}, '11': {'Retries': 0, 'Restarts': 0, 'SiteHistory': ['Unknown', 'T2_CH_CERN', 'T2_CH_CERN'], 'ResidentSetSize': [4006420], 'SubmitTimes': [1743595458.0], 'StartTimes': [1743595834.0], 'EndTimes': [1743597845.0], 'TotalUserCpuTimeHistory': [1572], 'TotalSysCpuTimeHistory': [9], 'WallDurations': [9.0, 291.31928634643555, 2011.0], 'JobIds': ['120865631.0'], 'State': 'finished', 'RecordedSite': True}, '15': {'Retries': 0, 'Restarts': 0, 'SiteHistory': ['Unknown', 'T2_CH_CERN', 'T2_CH_CERN'], 'ResidentSetSize': [1063724], 'SubmitTimes': [1743595458.0], 'StartTimes': [1743595833.0], 'EndTimes': [1743598760.0], 'TotalUserCpuTimeHistory': [2335], 'TotalSysCpuTimeHistory': [9], 'WallDurations': [10.0, 292.31928634643555, 2927.0], 'JobIds': ['120865632.0'], 'State': 'finished', 'RecordedSite': True}, '5': {'Retries': 0, 'Restarts': 0, 'SiteHistory': ['Unknown', 'T2_CH_CERN', 'T2_CH_CERN'], 'ResidentSetSize': [2716684], 'SubmitTimes': [1743595463.0], 'StartTimes': [1743595891.0], 'EndTimes': [1743600364.0], 'TotalUserCpuTimeHistory': [3456], 'TotalSysCpuTimeHistory': [13], 'WallDurations': [9.0, 234.31928634643555, 4473.0], 'JobIds': ['120865634.0'], 'State': 'finished', 'RecordedSite': True}, '7': {'Retries': 0, 'Restarts': 0, 'SiteHistory': ['Unknown', 'T2_CH_CERN', 'T2_CH_CERN'], 'ResidentSetSize': [4059704], 'SubmitTimes': [1743595463.0], 'StartTimes': [1743595537.0], 'EndTimes': [1743600473.0], 'TotalUserCpuTimeHistory': [3913], 'TotalSysCpuTimeHistory': [13], 'WallDurations': [8.0, 287.97799038887024, 4936.0], 'JobIds': ['120865635.0'], 'State': 'finished', 'RecordedSite': True}, '10': {'Retries': 0, 'Restarts': 0, 'SiteHistory': ['Unknown', 'T2_CH_CERN', 'T2_CH_CERN'], 'ResidentSetSize': [1299476], 'SubmitTimes': [1743595463.0], 'StartTimes': [1743595833.0], 'EndTimes': [1743597681.0], 'TotalUserCpuTimeHistory': [1413], 'TotalSysCpuTimeHistory': [8], 'WallDurations': [9.0, 292.31928634643555, 1848.0], 'JobIds': ['120865636.0'], 'State': 'finished', 'RecordedSite': True}, '13': {'Retries': 0, 'Restarts': 0, 'SiteHistory': ['Unknown', 'T2_CH_CERN', 'T2_CH_CERN'], 'ResidentSetSize': [3666176], 'SubmitTimes': [1743595463.0], 'StartTimes': [1743595833.0], 'EndTimes': [1743597531.0], 'TotalUserCpuTimeHistory': [1282], 'TotalSysCpuTimeHistory': [9], 'WallDurations': [8.0, 292.31928634643555, 1698.0], 'JobIds': ['120865637.0'], 'State': 'finished', 'RecordedSite': True}, '18': {'Retries': 0, 'Restarts': 0, 'SiteHistory': ['Unknown', 'T2_CH_CERN', 'T2_CH_CERN'], 'ResidentSetSize': [4014820], 'SubmitTimes': [1743595463.0], 'StartTimes': [1743595833.0], 'EndTimes': [1743597605.0], 'TotalUserCpuTimeHistory': [1419], 'TotalSysCpuTimeHistory': [7], 'WallDurations': [9.0, 292.31928634643555, 1772.0], 'JobIds': ['120865638.0'], 'State': 'finished', 'RecordedSite': True}, '20': {'Retries': 0, 'Restarts': 0, 'SiteHistory': ['Unknown', 'T2_CH_CERN', 'T2_CH_CERN'], 'ResidentSetSize': [4056420], 'SubmitTimes': [1743595463.0], 'StartTimes': [1743595534.0], 'EndTimes': [1743599830.0], 'TotalUserCpuTimeHistory': [3433], 'TotalSysCpuTimeHistory': [12], 'WallDurations': [9.0, 290.97799038887024, 4296.0], 'JobIds': ['120865639.0'], 'State': 'finished', 'RecordedSite': True}, '21': {'Retries': 0, 'Restarts': 0, 'SiteHistory': ['Unknown', 'T2_CH_CERN', 'T2_CH_CERN'], 'ResidentSetSize': [1063676], 'SubmitTimes': [1743595463.0], 'StartTimes': [1743595535.0], 'EndTimes': [1743598609.0], 'TotalUserCpuTimeHistory': [2422], 'TotalSysCpuTimeHistory': [10], 'WallDurations': [9.0, 289.97799038887024, 3074.0], 'JobIds': ['120865640.0'], 'State': 'finished', 'RecordedSite': True}, '22': {'Retries': 0, 'Restarts': 0, 'SiteHistory': ['Unknown', 'T2_CH_CERN', 'T2_CH_CERN'], 'ResidentSetSize': [1030380], 'SubmitTimes': [1743595463.0], 'StartTimes': [1743595833.0], 'EndTimes': [1743598355.0], 'TotalUserCpuTimeHistory': [1956], 'TotalSysCpuTimeHistory': [11], 'WallDurations': [10.0, 292.31928634643555, 2522.0], 'JobIds': ['120865641.0'], 'State': 'finished', 'RecordedSite': True}, '23': {'Retries': 0, 'Restarts': 0, 'SiteHistory': ['Unknown', 'T2_CH_CERN', 'T2_CH_CERN'], 'ResidentSetSize': [1083536], 'SubmitTimes': [1743595463.0], 'StartTimes': [1743595833.0], 'EndTimes': [1743597606.0], 'TotalUserCpuTimeHistory': [1348], 'TotalSysCpuTimeHistory': [8], 'WallDurations': [8.0, 292.31928634643555, 1773.0], 'JobIds': ['120865642.0'], 'State': 'finished', 'RecordedSite': True}, '24': {'Retries': 0, 'Restarts': 0, 'SiteHistory': ['Unknown', 'T2_CH_CERN', 'T2_CH_CERN'], 'ResidentSetSize': [4051584], 'SubmitTimes': [1743595463.0], 'StartTimes': [1743595535.0], 'EndTimes': [1743599688.0], 'TotalUserCpuTimeHistory': [3275], 'TotalSysCpuTimeHistory': [13], 'WallDurations': [10.0, 289.97799038887024, 4153.0], 'JobIds': ['120865643.0'], 'State': 'finished', 'RecordedSite': True}, '26': {'Retries': 0, 'Restarts': 0, 'SiteHistory': ['Unknown', 'T2_CH_CERN', 'T2_CH_CERN'], 'ResidentSetSize': [4034320], 'SubmitTimes': [1743595463.0], 'StartTimes': [1743595833.0], 'EndTimes': [1743597261.0], 'TotalUserCpuTimeHistory': [1115], 'TotalSysCpuTimeHistory': [8], 'WallDurations': [8.0, 292.31928634643555, 1428.0], 'JobIds': ['120865644.0'], 'State': 'finished', 'RecordedSite': True}, '27': {'Retries': 0, 'Restarts': 0, 'SiteHistory': ['Unknown', 'T2_CH_CERN', 'T2_CH_CERN'], 'ResidentSetSize': [4017460], 'SubmitTimes': [1743595463.0], 'StartTimes': [1743595833.0], 'EndTimes': [1743597419.0], 'TotalUserCpuTimeHistory': [1246], 'TotalSysCpuTimeHistory': [10], 'WallDurations': [10.0, 292.31928634643555, 1586.0], 'JobIds': ['120865645.0'], 'State': 'finished', 'RecordedSite': True}, '29': {'Retries': 0, 'Restarts': 0, 'SiteHistory': ['Unknown', 'T2_CH_CERN', 'T2_CH_CERN'], 'ResidentSetSize': [4047588], 'SubmitTimes': [1743595463.0], 'StartTimes': [1743595834.0], 'EndTimes': [1743599163.0], 'TotalUserCpuTimeHistory': [2688], 'TotalSysCpuTimeHistory': [9], 'WallDurations': [8.0, 291.31928634643555, 3329.0], 'JobIds': ['120865646.0'], 'State': 'finished', 'RecordedSite': True}, '34': {'Retries': 0, 'Restarts': 0, 'SiteHistory': ['Unknown', 'T2_CH_CERN', 'T2_CH_CERN'], 'ResidentSetSize': [4010096], 'SubmitTimes': [1743595463.0], 'StartTimes': [1743595833.0], 'EndTimes': [1743597351.0], 'TotalUserCpuTimeHistory': [1176], 'TotalSysCpuTimeHistory': [7], 'WallDurations': [9.0, 292.31928634643555, 1518.0], 'JobIds': ['120865647.0'], 'State': 'finished', 'RecordedSite': True}, '28': {'Retries': 0, 'Restarts': 0, 'SiteHistory': ['Unknown', 'T2_CH_CERN', 'T2_CH_CERN'], 'ResidentSetSize': [4027724], 'SubmitTimes': [1743595463.0], 'StartTimes': [1743595833.0], 'EndTimes': [1743597537.0], 'TotalUserCpuTimeHistory': [1300], 'TotalSysCpuTimeHistory': [7], 'WallDurations': [9.0, 292.31928634643555, 1704.0], 'JobIds': ['120865648.0'], 'State': 'finished', 'RecordedSite': True}, '33': {'Retries': 0, 'Restarts': 0, 'SiteHistory': ['Unknown', 'T2_CH_CERN', 'T2_CH_CERN'], 'ResidentSetSize': [4050820], 'SubmitTimes': [1743595463.0], 'StartTimes': [1743595536.0], 'EndTimes': [1743599545.0], 'TotalUserCpuTimeHistory': [3234], 'TotalSysCpuTimeHistory': [11], 'WallDurations': [8.0, 288.97799038887024, 4009.0], 'JobIds': ['120865649.0'], 'State': 'finished', 'RecordedSite': True}, '30': {'Retries': 0, 'Restarts': 0, 'SiteHistory': ['Unknown', 'T2_CH_CERN', 'T2_CH_CERN'], 'ResidentSetSize': [4007244], 'SubmitTimes': [1743595463.0], 'StartTimes': [1743595833.0], 'EndTimes': [1743597585.0], 'TotalUserCpuTimeHistory': [1333], 'TotalSysCpuTimeHistory': [11], 'WallDurations': [8.0, 292.31928634643555, 1752.0], 'JobIds': ['120865650.0'], 'State': 'finished', 'RecordedSite': True}, '25': {'Retries': 0, 'Restarts': 0, 'SiteHistory': ['Unknown', 'T2_CH_CERN', 'T2_CH_CERN'], 'ResidentSetSize': [3992044], 'SubmitTimes': [1743595463.0], 'StartTimes': [1743595833.0], 'EndTimes': [1743598264.0], 'TotalUserCpuTimeHistory': [1920], 'TotalSysCpuTimeHistory': [10], 'WallDurations': [8.0, 292.31928634643555, 2431.0], 'JobIds': ['120865651.0'], 'State': 'finished', 'RecordedSite': True}, '32': {'Retries': 0, 'Restarts': 0, 'SiteHistory': ['Unknown', 'T2_CH_CERN', 'T2_CH_CERN'], 'ResidentSetSize': [4014032], 'SubmitTimes': [1743595463.0], 'StartTimes': [1743595833.0], 'EndTimes': [1743597324.0], 'TotalUserCpuTimeHistory': [1145], 'TotalSysCpuTimeHistory': [7], 'WallDurations': [10.0, 292.31928634643555, 1491.0], 'JobIds': ['120865652.0'], 'State': 'finished', 'RecordedSite': True}, '31': {'Retries': 0, 'Restarts': 0, 'SiteHistory': ['Unknown', 'T2_CH_CERN', 'T2_CH_CERN'], 'ResidentSetSize': [4041832], 'SubmitTimes': [1743595463.0], 'StartTimes': [1743595833.0], 'EndTimes': [1743597430.0], 'TotalUserCpuTimeHistory': [1254], 'TotalSysCpuTimeHistory': [7], 'WallDurations': [8.0, 292.31928634643555, 1597.0], 'JobIds': ['120865653.0'], 'State': 'finished', 'RecordedSite': True}, '36': {'Retries': 0, 'Restarts': 0, 'SiteHistory': ['Unknown', 'T2_CH_CERN', 'T2_CH_CERN'], 'ResidentSetSize': [4015920], 'SubmitTimes': [1743595463.0], 'StartTimes': [1743595833.0], 'EndTimes': [1743599718.0], 'TotalUserCpuTimeHistory': [3098], 'TotalSysCpuTimeHistory': [13], 'WallDurations': [9.0, 292.31928634643555, 3885.0], 'JobIds': ['120865654.0'], 'State': 'finished', 'RecordedSite': True}, '40': {'Retries': 0, 'Restarts': 0, 'SiteHistory': ['Unknown', 'T2_CH_CERN', 'T2_CH_CERN'], 'ResidentSetSize': [4020940], 'SubmitTimes': [1743595463.0], 'StartTimes': [1743595833.0], 'EndTimes': [1743597633.0], 'TotalUserCpuTimeHistory': [1429], 'TotalSysCpuTimeHistory': [9], 'WallDurations': [8.0, 292.31928634643555, 1800.0], 'JobIds': ['120865655.0'], 'State': 'finished', 'RecordedSite': True}, '35': {'Retries': 0, 'Restarts': 0, 'SiteHistory': ['Unknown', 'T2_CH_CERN', 'T2_CH_CERN'], 'ResidentSetSize': [4022172], 'SubmitTimes': [1743595463.0], 'StartTimes': [1743595833.0], 'EndTimes': [1743597425.0], 'TotalUserCpuTimeHistory': [1244], 'TotalSysCpuTimeHistory': [8], 'WallDurations': [10.0, 292.31928634643555, 1592.0], 'JobIds': ['120865656.0'], 'State': 'finished', 'RecordedSite': True}, '39': {'Retries': 0, 'Restarts': 0, 'SiteHistory': ['Unknown', 'T2_CH_CERN', 'T2_CH_CERN'], 'ResidentSetSize': [1863668], 'SubmitTimes': [1743595463.0], 'StartTimes': [1743595833.0], 'EndTimes': [1743597746.0], 'TotalUserCpuTimeHistory': [1469], 'TotalSysCpuTimeHistory': [9], 'WallDurations': [8.0, 292.31928634643555, 1913.0], 'JobIds': ['120865657.0'], 'State': 'finished', 'RecordedSite': True}, '38': {'Retries': 0, 'Restarts': 0, 'SiteHistory': ['Unknown', 'T2_CH_CERN', 'T2_CH_CERN'], 'ResidentSetSize': [4038624], 'SubmitTimes': [1743595463.0], 'StartTimes': [1743595534.0], 'EndTimes': [1743598876.0], 'TotalUserCpuTimeHistory': [2400], 'TotalSysCpuTimeHistory': [15], 'WallDurations': [9.0, 290.97799038887024, 3342.0], 'JobIds': ['120865658.0'], 'State': 'finished', 'RecordedSite': True}, '37': {'Retries': 0, 'Restarts': 0, 'SiteHistory': ['Unknown', 'T2_CH_CERN', 'T2_CH_CERN'], 'ResidentSetSize': [1057912], 'SubmitTimes': [1743595463.0], 'StartTimes': [1743595534.0], 'EndTimes': [1743598349.0], 'TotalUserCpuTimeHistory': [2235], 'TotalSysCpuTimeHistory': [10], 'WallDurations': [10.0, 290.97799038887024, 2815.0], 'JobIds': ['120865659.0'], 'State': 'finished', 'RecordedSite': True}}
INFO 2025-04-02 14:19:25.882 UTC: 	 Status on the scheduler:	COMPLETED
INFO 2025-04-02 14:19:25.883 UTC: 	 
Jobs status:                    finished     		100.0% (40/40)
INFO 2025-04-02 14:19:25.883 UTC: 	 
No publication information (publication has been disabled in the CRAB configuration file)
INFO 2025-04-02 14:19:25.883 UTC: 	 
Warning: the max jobs runtime is less than 30% of the task requested value (1250 min), please consider to request a lower value for failed jobs (allowed through crab resubmit) and/or improve the jobs splitting (e.g. config.Data.splitting = 'Automatic') in a new task.
INFO 2025-04-02 14:19:25.883 UTC: 	 
Summary of run jobs:
 * Memory: 1025MB min, 3964MB max, 3007MB ave
 * Runtime: 0:22:52 min, 1:22:16 max, 0:40:22 ave
 * CPU eff: 72% min, 81% max, 79% ave
 * Waste: 3:15:31 (11% of total)

INFO 2025-04-02 14:19:25.885 UTC: 	 Log file is /home/choij/workspace/CustomNanoGEN_CMSSW_13_0_13/src/Configuration/CustomNanoGEN/crab/crab_projects/crab_W3j_LO_5f_CPPAVX2/crab.log
