DEBUG 2025-04-02 08:27:06.342 UTC: 	 CRAB Client version: v3.250318
DEBUG 2025-04-02 08:27:06.342 UTC: 	 Running on: Linux private-snu 6.13.8-200.fc41.x86_64 #1 SMP PREEMPT_DYNAMIC Sun Mar 23 05:03:09 UTC 2025 x86_64 x86_64 x86_64 GNU/Linux
DEBUG 2025-04-02 08:27:06.343 UTC: 	 Using SINGULARITY image: private-el8.sif
DEBUG 2025-04-02 08:27:06.343 UTC: 	 Operating System: AlmaLinux 8.10 (Cerulean Leopard)
DEBUG 2025-04-02 08:27:06.343 UTC: 	 Executing command: 'submit'
DEBUG 2025-04-02 08:27:06.343 UTC: 	 Found CRAB cache file /home/choij/.crab3
INFO 2025-04-02 08:27:06.343 UTC: 	 Will use CRAB configuration file crab_config_DY1j_LO_5f_CPPNONE.py
DEBUG 2025-04-02 08:27:06.343 UTC: 	 Loading CRAB configuration file.
DEBUG 2025-04-02 08:27:09.528 UTC: 	 Will use CRAB plugin PRIVATEMC (i.e. will run an a MC generation job type).
DEBUG 2025-04-02 08:27:09.528 UTC: 	 Checking credentials
DEBUG 2025-04-02 08:27:09.528 UTC: 	 Found proxy file /tmp/x509up_u1000
DEBUG 2025-04-02 08:27:09.528 UTC: 	 Making sure it has proper VOMS extension
DEBUG 2025-04-02 08:27:09.529 UTC: 	 Executing command :
 voms-proxy-info --vo --file /tmp/x509up_u1000
DEBUG 2025-04-02 08:27:09.862 UTC: 	 output : cms

 error: 
 retcode : 0
DEBUG 2025-04-02 08:27:09.862 UTC: 	 Getting proxy life time left
DEBUG 2025-04-02 08:27:09.862 UTC: 	 Executing command :
 voms-proxy-info --actimeleft --timeleft --file /tmp/x509up_u1000
DEBUG 2025-04-02 08:27:10.208 UTC: 	 output : 594239
594239

 error: 
 retcode : 0
DEBUG 2025-04-02 08:27:10.208 UTC: 	 Proxy valid for 165:03:59 hours
DEBUG 2025-04-02 08:27:10.208 UTC: 	 Encoded data for curl request: subresource=delegatedn
DEBUG 2025-04-02 08:27:11.037 UTC: 	 Registering user credentials on myproxy for /DC=ch/DC=cern/OU=computers/CN=crab-(preprod|prod)-tw(01|02).cern.ch|/DC=ch/DC=cern/OU=computers/CN=crab-dev-tw(01|02|03|04).cern.ch|/DC=ch/DC=cern/OU=Organic Units/OU=Users/CN=cmscrab/CN=(817881|373708)/CN=Robot: cms crab|/DC=ch/DC=cern/OU=Organic Units/OU=Users/CN=crabint1/CN=373708/CN=Robot: CMS CRAB Integration 1
DEBUG 2025-04-02 08:27:11.037 UTC: 	 Executing command :
 voms-proxy-info --identity --file /tmp/x509up_u1000
DEBUG 2025-04-02 08:27:11.373 UTC: 	 output : /DC=ch/DC=cern/OU=Organic Units/OU=Users/CN=choij/CN=841389/CN=Jin Choi

 error: 
 retcode : 0
DEBUG 2025-04-02 08:27:11.374 UTC: 	 Getting myproxy life time left for 62145c27448958522230f1583fedca774537a25d
DEBUG 2025-04-02 08:27:11.374 UTC: 	 Executing command :
 myproxy-info -s myproxy.cern.ch -l 62145c27448958522230f1583fedca774537a25d
DEBUG 2025-04-02 08:27:16.107 UTC: 	 output : username: 62145c27448958522230f1583fedca774537a25d
owner: /DC=ch/DC=cern/OU=Organic Units/OU=Users/CN=choij/CN=841389/CN=Jin Choi
  renewal policy: /DC=ch/DC=cern/OU=computers/CN=crab-(preprod|prod)-tw(01|02).cern.ch|/DC=ch/DC=cern/OU=computers/CN=crab-dev-tw(01|02|03|04).cern.ch|/DC=ch/DC=cern/OU=Organic Units/OU=Users/CN=cmscrab/CN=(817881|373708)/CN=Robot: cms crab|/DC=ch/DC=cern/OU=Organic Units/OU=Users/CN=crabint1/CN=373708/CN=Robot: CMS CRAB Integration 1
  trusted retrieval policy: /DC=ch/DC=cern/OU=computers/CN=crab-(preprod|prod)-tw(01|02).cern.ch|/DC=ch/DC=cern/OU=computers/CN=crab-dev-tw(01|02|03|04).cern.ch|/DC=ch/DC=cern/OU=Organic Units/OU=Users/CN=cmscrab/CN=(817881|373708)/CN=Robot: cms crab|/DC=ch/DC=cern/OU=Organic Units/OU=Users/CN=crabint1/CN=373708/CN=Robot: CMS CRAB Integration 1
  timeleft: 524:48:48  (21.9 days)

 error: 
 retcode : 0
DEBUG 2025-04-02 08:27:16.107 UTC: 	 Myproxy is valid: 1889280
DEBUG 2025-04-02 08:27:16.107 UTC: 	 Result of myproxy credential check:
  Credential exists on myproxy: username: 62145c27448958522230f1583fedca774537a25d  - validity: 21 days, 20:48:00
DEBUG 2025-04-02 08:27:16.107 UTC: 	 Command use: submit
DEBUG 2025-04-02 08:27:16.107 UTC: 	 Options use: ['-c', 'crab_config_DY1j_LO_5f_CPPNONE.py']
DEBUG 2025-04-02 08:27:16.107 UTC: 	 Encoded data for curl request: subresource=version
DEBUG 2025-04-02 08:29:29.445 UTC: 	 CRABClient version: v3.250318
DEBUG 2025-04-02 08:29:29.445 UTC: 	 Instance is prod
DEBUG 2025-04-02 08:29:29.445 UTC: 	 Server base url is cmsweb.cern.ch
DEBUG 2025-04-02 08:29:29.445 UTC: 	 Command api workflow
DEBUG 2025-04-02 08:29:29.445 UTC: 	 Started submission
DEBUG 2025-04-02 08:29:29.445 UTC: 	 Working on /home/choij/workspace/CustomNanoGEN_CMSSW_13_0_13/src/Configuration/CustomNanoGEN/crab/crab_projects/crab_DY1j_LO_5f_CPPNONE
DEBUG 2025-04-02 08:29:29.445 UTC: 	 Encoded data for curl request: subresource=backendurls
DEBUG 2025-04-02 08:29:30.315 UTC: 	 Loading required information from the environment
DEBUG 2025-04-02 08:29:30.315 UTC: 	 Found CMSSW_13_0_13 for el8_amd64_gcc11 with base /home/choij/workspace/CustomNanoGEN_CMSSW_13_0_13
DEBUG 2025-04-02 08:29:30.315 UTC: 	 UNIQUE NAME: tarUUID 3a45c34c-d602-40ee-9445-d93c52eec34d 
DEBUG 2025-04-02 08:29:30.315 UTC: 	 self.config: from WMCore.Configuration import Configuration
config = Configuration()
config.section_('General')
config.General.transferLogs = False
config.General.workArea = 'crab_projects'
config.General.requestName = 'DY1j_LO_5f_CPPNONE'
config.General.transferOutputs = True
config.section_('JobType')
config.JobType.numCores = 1
config.JobType.pluginName = 'PrivateMC'
config.JobType.allowUndistributedCMSSW = False
config.JobType.psetName = '../configs/Hadronizer_TuneCP5_13p6TeV_DY1j_LO_5f_CPPNONE_LHE_pythia8_cfg.py'
config.section_('Data')
config.Data.publication = False
config.Data.splitting = 'EventBased'
config.Data.outLFNDirBase = '/store/user/choij/CustomNanoGEN'
config.Data.outputPrimaryDataset = 'Validation'
config.Data.outputDatasetTag = 'Run3Summer23wmLHEGS'
config.Data.totalUnits = 200000
config.Data.unitsPerJob = 5000
config.section_('Site')
config.Site.storageSite = 'T3_KR_KNU'
config.section_('User')
config.section_('Debug')

DEBUG 2025-04-02 08:29:30.315 UTC: 	 self.config.JobType.psetName: ../configs/Hadronizer_TuneCP5_13p6TeV_DY1j_LO_5f_CPPNONE_LHE_pythia8_cfg.py
INFO 2025-04-02 08:29:30.315 UTC: 	 Importing CMSSW configuration ../configs/Hadronizer_TuneCP5_13p6TeV_DY1j_LO_5f_CPPNONE_LHE_pythia8_cfg.py
INFO 2025-04-02 08:29:31.054 UTC: 	 Finished importing CMSSW configuration ../configs/Hadronizer_TuneCP5_13p6TeV_DY1j_LO_5f_CPPNONE_LHE_pythia8_cfg.py
DEBUG 2025-04-02 08:29:31.054 UTC: 	 Writing CMSSW configuration to /home/choij/workspace/CustomNanoGEN_CMSSW_13_0_13/src/Configuration/CustomNanoGEN/crab/crab_projects/crab_DY1j_LO_5f_CPPNONE/inputs/PSet.py
DEBUG 2025-04-02 08:29:31.155 UTC: 	 The following EDM output files will be collected: ['NANOGEN.root']
DEBUG 2025-04-02 08:29:31.155 UTC: 	 The following TFile output files will be collected: []
DEBUG 2025-04-02 08:29:31.155 UTC: 	 The following user output files (not listed as PoolOuputModule or TFileService in the CMSSW PSet) will be collected: 
DEBUG 2025-04-02 08:29:31.155 UTC: 	 Loading required information from the environment
DEBUG 2025-04-02 08:29:31.155 UTC: 	 Found CMSSW_13_0_13 for el8_amd64_gcc11 with base /home/choij/workspace/CustomNanoGEN_CMSSW_13_0_13
DEBUG 2025-04-02 08:29:31.155 UTC: 	 Making tarball in /home/choij/workspace/CustomNanoGEN_CMSSW_13_0_13/src/Configuration/CustomNanoGEN/crab/crab_projects/crab_DY1j_LO_5f_CPPNONE/inputs/3a45c34c-d602-40ee-9445-d93c52eec34ddefault.tgz
DEBUG 2025-04-02 08:29:31.155 UTC: 	 Checking directory /home/choij/workspace/CustomNanoGEN_CMSSW_13_0_13/bin
DEBUG 2025-04-02 08:29:31.155 UTC: 	 Adding directory /home/choij/workspace/CustomNanoGEN_CMSSW_13_0_13/bin to tarball
DEBUG 2025-04-02 08:29:31.157 UTC: 	 Checking directory /home/choij/workspace/CustomNanoGEN_CMSSW_13_0_13/python
DEBUG 2025-04-02 08:29:31.157 UTC: 	 Adding directory /home/choij/workspace/CustomNanoGEN_CMSSW_13_0_13/python to tarball
DEBUG 2025-04-02 08:29:31.159 UTC: 	 Checking directory /home/choij/workspace/CustomNanoGEN_CMSSW_13_0_13/cfipython
DEBUG 2025-04-02 08:29:31.159 UTC: 	 Adding directory /home/choij/workspace/CustomNanoGEN_CMSSW_13_0_13/cfipython to tarball
DEBUG 2025-04-02 08:29:31.160 UTC: 	 Checking directory /home/choij/workspace/CustomNanoGEN_CMSSW_13_0_13/lib
DEBUG 2025-04-02 08:29:31.160 UTC: 	 Adding directory /home/choij/workspace/CustomNanoGEN_CMSSW_13_0_13/lib to tarball
DEBUG 2025-04-02 08:29:31.160 UTC: 	 Checking directory /home/choij/workspace/CustomNanoGEN_CMSSW_13_0_13/biglib
DEBUG 2025-04-02 08:29:31.160 UTC: 	 Adding directory /home/choij/workspace/CustomNanoGEN_CMSSW_13_0_13/biglib to tarball
DEBUG 2025-04-02 08:29:31.161 UTC: 	 Checking directory /home/choij/workspace/CustomNanoGEN_CMSSW_13_0_13/module
DEBUG 2025-04-02 08:29:31.161 UTC: 	 Checking directory /home/choij/workspace/CustomNanoGEN_CMSSW_13_0_13/config/SCRAM/hooks
DEBUG 2025-04-02 08:29:31.161 UTC: 	 Adding directory /home/choij/workspace/CustomNanoGEN_CMSSW_13_0_13/config/SCRAM/hooks to tarball
DEBUG 2025-04-02 08:29:31.165 UTC: 	 Adding directory /home/choij/workspace/CustomNanoGEN_CMSSW_13_0_13/src/Configuration/CustomNanoGEN/python to tarball
DEBUG 2025-04-02 08:29:31.314 UTC: 	 Uploading archive /home/choij/workspace/CustomNanoGEN_CMSSW_13_0_13/src/Configuration/CustomNanoGEN/crab/crab_projects/crab_DY1j_LO_5f_CPPNONE/inputs/3a45c34c-d602-40ee-9445-d93c52eec34ddefault.tgz (198 KB) to the CRAB cache. Using URI https://cmsweb.cern.ch/S3/crabcache_prod
DEBUG 2025-04-02 08:29:31.403 UTC: 	 Encoded data for curl request: subresource=upload&objecttype=sandbox&tarballname=de2d5109f9fdb03d22e24791a905aee24839b345c908ac0f5f903fe0b3c2982f.tar.gz
DEBUG 2025-04-02 08:29:32.244 UTC: 	 Will execute:
curl -f -v -X POST  -H "User-Agent: CRAB" -F "key=choij/sandboxes/de2d5109f9fdb03d22e24791a905aee24839b345c908ac0f5f903fe0b3c2982f.tar.gz" -F "AWSAccessKeyId=715203df6482458ba839e73e6dab634b" -F "policy=eyJleHBpcmF0aW9uIjogIjIwMjUtMDQtMDJUMDk6Mjk6MzJaIiwgImNvbmRpdGlvbnMiOiBbeyJidWNrZXQiOiAiY3JhYmNhY2hlX3Byb2QifSwgeyJrZXkiOiAiY2hvaWovc2FuZGJveGVzL2RlMmQ1MTA5ZjlmZGIwM2QyMmUyNDc5MWE5MDVhZWUyNDgzOWIzNDVjOTA4YWMwZjVmOTAzZmUwYjNjMjk4MmYudGFyLmd6In1dfQ==" -F "signature=oX8lZ45FXP/bPl1bIo0Usi67/ws=" -F "file=@/home/choij/workspace/CustomNanoGEN_CMSSW_13_0_13/src/Configuration/CustomNanoGEN/crab/crab_projects/crab_DY1j_LO_5f_CPPNONE/inputs/3a45c34c-d602-40ee-9445-d93c52eec34ddefault.tgz" "https://s3.cern.ch/crabcache_prod"
DEBUG 2025-04-02 08:29:34.152 UTC: 	 exitcode: 0
stdout: b''
DEBUG 2025-04-02 08:29:34.152 UTC: 	 upload to S3 of sandbox /home/choij/workspace/CustomNanoGEN_CMSSW_13_0_13/src/Configuration/CustomNanoGEN/crab/crab_projects/crab_DY1j_LO_5f_CPPNONE/inputs/3a45c34c-d602-40ee-9445-d93c52eec34ddefault.tgz completed
DEBUG 2025-04-02 08:29:34.152 UTC: 	 make sure that object is ready for retrieve
DEBUG 2025-04-02 08:29:35.153 UTC: 	 Encoded data for curl request: subresource=download&objecttype=sandbox&tarballname=de2d5109f9fdb03d22e24791a905aee24839b345c908ac0f5f903fe0b3c2982f.tar.gz&clientmethod=head_object
DEBUG 2025-04-02 08:29:35.985 UTC: 	 PreSignedUrl to download sandbox received OK
DEBUG 2025-04-02 08:29:35.989 UTC: 	 Will execute:
 curl -v -s -f -o /dev/null --head  "https://s3.cern.ch/crabcache_prod/choij/sandboxes/de2d5109f9fdb03d22e24791a905aee24839b345c908ac0f5f903fe0b3c2982f.tar.gz?AWSAccessKeyId=715203df6482458ba839e73e6dab634b&Signature=U8qXfRFgl2e2eZf9hSJQMJhgWHY%3D&Expires=1743586175"
DEBUG 2025-04-02 08:29:36.806 UTC: 	 exitcode: 0
stdout: b''
DEBUG 2025-04-02 08:29:36.806 UTC: 	 sandbox /home/choij/workspace/CustomNanoGEN_CMSSW_13_0_13/src/Configuration/CustomNanoGEN/crab/crab_projects/crab_DY1j_LO_5f_CPPNONE/inputs/3a45c34c-d602-40ee-9445-d93c52eec34ddefault.tgz successfully uploaded to S3
DEBUG 2025-04-02 08:29:36.806 UTC: 	 Loading required information from the environment
DEBUG 2025-04-02 08:29:36.806 UTC: 	 Found CMSSW_13_0_13 for el8_amd64_gcc11 with base /home/choij/workspace/CustomNanoGEN_CMSSW_13_0_13
DEBUG 2025-04-02 08:29:36.806 UTC: 	 Making tarball in /home/choij/workspace/CustomNanoGEN_CMSSW_13_0_13/src/Configuration/CustomNanoGEN/crab/crab_projects/crab_DY1j_LO_5f_CPPNONE/inputs/debugFiles.tgz
DEBUG 2025-04-02 08:29:36.809 UTC: 	 Uploading archive /home/choij/workspace/CustomNanoGEN_CMSSW_13_0_13/src/Configuration/CustomNanoGEN/crab/crab_projects/crab_DY1j_LO_5f_CPPNONE/inputs/debugFiles.tgz (3 KB) to the CRAB cache. Using URI https://cmsweb.cern.ch/S3/crabcache_prod
DEBUG 2025-04-02 08:29:36.810 UTC: 	 Encoded data for curl request: subresource=upload&objecttype=sandbox&tarballname=c7c882553540befdd4a995d275a821e4e9d9a870c1ed48ff7da5f193769987fa.tar.gz
DEBUG 2025-04-02 08:31:52.863 UTC: 	 Will execute:
curl -f -v -X POST  -H "User-Agent: CRAB" -F "key=choij/sandboxes/c7c882553540befdd4a995d275a821e4e9d9a870c1ed48ff7da5f193769987fa.tar.gz" -F "AWSAccessKeyId=715203df6482458ba839e73e6dab634b" -F "policy=eyJleHBpcmF0aW9uIjogIjIwMjUtMDQtMDJUMDk6MzE6NTJaIiwgImNvbmRpdGlvbnMiOiBbeyJidWNrZXQiOiAiY3JhYmNhY2hlX3Byb2QifSwgeyJrZXkiOiAiY2hvaWovc2FuZGJveGVzL2M3Yzg4MjU1MzU0MGJlZmRkNGE5OTVkMjc1YTgyMWU0ZTlkOWE4NzBjMWVkNDhmZjdkYTVmMTkzNzY5OTg3ZmEudGFyLmd6In1dfQ==" -F "signature=qUhL+cj6BYjUAvKY107gpVwbxoY=" -F "file=@/home/choij/workspace/CustomNanoGEN_CMSSW_13_0_13/src/Configuration/CustomNanoGEN/crab/crab_projects/crab_DY1j_LO_5f_CPPNONE/inputs/debugFiles.tgz" "https://s3.cern.ch/crabcache_prod"
DEBUG 2025-04-02 08:31:53.686 UTC: 	 exitcode: 0
stdout: b''
DEBUG 2025-04-02 08:31:53.686 UTC: 	 upload to S3 of sandbox /home/choij/workspace/CustomNanoGEN_CMSSW_13_0_13/src/Configuration/CustomNanoGEN/crab/crab_projects/crab_DY1j_LO_5f_CPPNONE/inputs/debugFiles.tgz completed
DEBUG 2025-04-02 08:31:53.686 UTC: 	 make sure that object is ready for retrieve
DEBUG 2025-04-02 08:31:54.687 UTC: 	 Encoded data for curl request: subresource=download&objecttype=sandbox&tarballname=c7c882553540befdd4a995d275a821e4e9d9a870c1ed48ff7da5f193769987fa.tar.gz&clientmethod=head_object
DEBUG 2025-04-02 08:31:55.515 UTC: 	 PreSignedUrl to download sandbox received OK
DEBUG 2025-04-02 08:31:55.518 UTC: 	 Will execute:
 curl -v -s -f -o /dev/null --head  "https://s3.cern.ch/crabcache_prod/choij/sandboxes/c7c882553540befdd4a995d275a821e4e9d9a870c1ed48ff7da5f193769987fa.tar.gz?AWSAccessKeyId=715203df6482458ba839e73e6dab634b&Signature=H5Wl9crLae4yVi9r0ojyEwLe2UA%3D&Expires=1743586315"
DEBUG 2025-04-02 08:31:56.351 UTC: 	 exitcode: 0
stdout: b''
DEBUG 2025-04-02 08:31:56.351 UTC: 	 sandbox /home/choij/workspace/CustomNanoGEN_CMSSW_13_0_13/src/Configuration/CustomNanoGEN/crab/crab_projects/crab_DY1j_LO_5f_CPPNONE/inputs/debugFiles.tgz successfully uploaded to S3
DEBUG 2025-04-02 08:31:56.351 UTC: 	 Result uploading input files: de2d5109f9fdb03d22e24791a905aee24839b345c908ac0f5f903fe0b3c2982f.tar.gz 
DEBUG 2025-04-02 08:31:56.351 UTC: 	 submit() - self.configuration from WMCore.Configuration import Configuration
config = Configuration()
config.section_('General')
config.General.transferLogs = False
config.General.workArea = 'crab_projects'
config.General.requestName = 'DY1j_LO_5f_CPPNONE'
config.General.transferOutputs = True
config.section_('JobType')
config.JobType.numCores = 1
config.JobType.pluginName = 'PrivateMC'
config.JobType.allowUndistributedCMSSW = False
config.JobType.psetName = '../configs/Hadronizer_TuneCP5_13p6TeV_DY1j_LO_5f_CPPNONE_LHE_pythia8_cfg.py'
config.section_('Data')
config.Data.publication = False
config.Data.splitting = 'EventBased'
config.Data.outLFNDirBase = '/store/user/choij/CustomNanoGEN'
config.Data.outputPrimaryDataset = 'Validation'
config.Data.outputDatasetTag = 'Run3Summer23wmLHEGS'
config.Data.totalUnits = 200000
config.Data.unitsPerJob = 5000
config.section_('Site')
config.Site.storageSite = 'T3_KR_KNU'
config.section_('User')
config.section_('Debug')

DEBUG 2025-04-02 08:31:56.351 UTC: 	 submit() - self.configreq {'dryrun': 0, 'workflow': 'crab_DY1j_LO_5f_CPPNONE', 'saveoutput': 1, 'savelogsflag': 0, 'primarydataset': 'Validation', 'nonvaliddata': 0, 'userfiles': [], 'dbsurl': 'https://cmsweb.cern.ch/dbs/prod/global/DBSReader', 'useparent': 0, 'ignorelocality': 0, 'splitalgo': 'EventBased', 'algoargs': 5000, 'totalunits': 200000, 'lfn': '/store/user/choij/CustomNanoGEN', 'publication': 0, 'publishdbsurl': 'https://cmsweb.cern.ch/dbs/prod/phys03/DBSWriter', 'publishname2': 'Run3Summer23wmLHEGS', 'jobtype': 'PrivateMC', 'generator': 'pythia', 'addoutputfiles': [], 'maxjobruntime': 1250, 'numcores': 1, 'maxmemory': 2000, 'priority': 10, 'nonprodsw': 0, 'asyncdest': 'T3_KR_KNU', 'requireaccelerator': 0, 'oneEventMode': 0, 'extrajdl': [], 'ignoreglobalblacklist': 0, 'partialdataset': 0, 'inputblocks': []}
DEBUG 2025-04-02 08:31:56.351 UTC: 	 submit() - jobconfig {'addoutputfiles': [], 'tfileoutfiles': [], 'edmoutfiles': ['NANOGEN.root'], 'jobarch': 'el8_amd64_gcc11', 'jobminuarch': 'any', 'jobsw': 'CMSSW_13_0_13', 'cacheurl': 'https://cmsweb.cern.ch/S3/crabcache_prod', 'cachefilename': 'de2d5109f9fdb03d22e24791a905aee24839b345c908ac0f5f903fe0b3c2982f.tar.gz', 'debugfilename': 'c7c882553540befdd4a995d275a821e4e9d9a870c1ed48ff7da5f193769987fa.tar.gz', 'jobtype': 'PrivateMC', 'primarydataset': 'Validation'}
INFO 2025-04-02 08:31:56.351 UTC: 	 Sending the request to the server at cmsweb.cern.ch
DEBUG 2025-04-02 08:31:56.351 UTC: 	 Submitting {'dryrun': 0, 'workflow': 'crab_DY1j_LO_5f_CPPNONE', 'saveoutput': 1, 'savelogsflag': 0, 'primarydataset': 'Validation', 'nonvaliddata': 0, 'userfiles': [], 'dbsurl': 'https://cmsweb.cern.ch/dbs/prod/global/DBSReader', 'useparent': 0, 'ignorelocality': 0, 'splitalgo': 'EventBased', 'algoargs': 5000, 'totalunits': 200000, 'lfn': '/store/user/choij/CustomNanoGEN', 'publication': 0, 'publishdbsurl': 'https://cmsweb.cern.ch/dbs/prod/phys03/DBSWriter', 'publishname2': 'Run3Summer23wmLHEGS', 'jobtype': 'PrivateMC', 'generator': 'pythia', 'addoutputfiles': [], 'maxjobruntime': 1250, 'numcores': 1, 'maxmemory': 2000, 'priority': 10, 'nonprodsw': 0, 'asyncdest': 'T3_KR_KNU', 'requireaccelerator': 0, 'oneEventMode': 0, 'extrajdl': [], 'ignoreglobalblacklist': 0, 'partialdataset': 0, 'inputblocks': [], 'tfileoutfiles': [], 'edmoutfiles': ['NANOGEN.root'], 'jobarch': 'el8_amd64_gcc11', 'jobminuarch': 'any', 'jobsw': 'CMSSW_13_0_13', 'cacheurl': 'https://cmsweb.cern.ch/S3/crabcache_prod', 'cachefilename': 'de2d5109f9fdb03d22e24791a905aee24839b345c908ac0f5f903fe0b3c2982f.tar.gz', 'debugfilename': 'c7c882553540befdd4a995d275a821e4e9d9a870c1ed48ff7da5f193769987fa.tar.gz'} 
DEBUG 2025-04-02 08:31:56.352 UTC: 	 Encoded data for curl request: dryrun=0&workflow=crab_DY1j_LO_5f_CPPNONE&saveoutput=1&savelogsflag=0&primarydataset=Validation&nonvaliddata=0&dbsurl=https%3A%2F%2Fcmsweb.cern.ch%2Fdbs%2Fprod%2Fglobal%2FDBSReader&useparent=0&ignorelocality=0&splitalgo=EventBased&algoargs=5000&totalunits=200000&lfn=%2Fstore%2Fuser%2Fchoij%2FCustomNanoGEN&publication=0&publishdbsurl=https%3A%2F%2Fcmsweb.cern.ch%2Fdbs%2Fprod%2Fphys03%2FDBSWriter&publishname2=Run3Summer23wmLHEGS&jobtype=PrivateMC&generator=pythia&maxjobruntime=1250&numcores=1&maxmemory=2000&priority=10&nonprodsw=0&asyncdest=T3_KR_KNU&requireaccelerator=0&oneEventMode=0&ignoreglobalblacklist=0&partialdataset=0&jobarch=el8_amd64_gcc11&jobminuarch=any&jobsw=CMSSW_13_0_13&cacheurl=https%3A%2F%2Fcmsweb.cern.ch%2FS3%2Fcrabcache_prod&cachefilename=de2d5109f9fdb03d22e24791a905aee24839b345c908ac0f5f903fe0b3c2982f.tar.gz&debugfilename=c7c882553540befdd4a995d275a821e4e9d9a870c1ed48ff7da5f193769987fa.tar.gz&edmoutfiles=NANOGEN.root
DEBUG 2025-04-02 08:31:57.203 UTC: 	 Result: {'result': [{'RequestName': '250402_083157:choij_crab_DY1j_LO_5f_CPPNONE'}]}
INFO 2025-04-02 08:31:57.203 UTC: 	 Success: Your task has been delivered to the prod CRAB3 server.
INFO 2025-04-02 08:31:57.203 UTC: 	 Task name: 250402_083157:choij_crab_DY1j_LO_5f_CPPNONE
INFO 2025-04-02 08:31:57.203 UTC: 	 Project dir: crab_projects/crab_DY1j_LO_5f_CPPNONE
INFO 2025-04-02 08:31:57.203 UTC: 	 Please use ' crab status -d crab_projects/crab_DY1j_LO_5f_CPPNONE ' to check how the submission process proceeds.
DEBUG 2025-04-02 08:31:57.203 UTC: 	 About to return
INFO 2025-04-02 08:31:57.205 UTC: 	 Log file is /home/choij/workspace/CustomNanoGEN_CMSSW_13_0_13/src/Configuration/CustomNanoGEN/crab/crab_projects/crab_DY1j_LO_5f_CPPNONE/crab.log
