DEBUG 2025-04-02 08:27:06.449 UTC: 	 CRAB Client version: v3.250318
DEBUG 2025-04-02 08:27:06.449 UTC: 	 Running on: Linux private-snu 6.13.8-200.fc41.x86_64 #1 SMP PREEMPT_DYNAMIC Sun Mar 23 05:03:09 UTC 2025 x86_64 x86_64 x86_64 GNU/Linux
DEBUG 2025-04-02 08:27:06.449 UTC: 	 Using SINGULARITY image: private-el8.sif
DEBUG 2025-04-02 08:27:06.449 UTC: 	 Operating System: AlmaLinux 8.10 (Cerulean Leopard)
DEBUG 2025-04-02 08:27:06.449 UTC: 	 Executing command: 'submit'
DEBUG 2025-04-02 08:27:06.449 UTC: 	 Found CRAB cache file /home/choij/.crab3
INFO 2025-04-02 08:27:06.449 UTC: 	 Will use CRAB configuration file crab_config_DY0j_LO_5f_CPPAVX2.py
DEBUG 2025-04-02 08:27:06.449 UTC: 	 Loading CRAB configuration file.
DEBUG 2025-04-02 08:27:13.980 UTC: 	 Will use CRAB plugin PRIVATEMC (i.e. will run an a MC generation job type).
DEBUG 2025-04-02 08:27:13.981 UTC: 	 Checking credentials
DEBUG 2025-04-02 08:27:13.981 UTC: 	 Found proxy file /tmp/x509up_u1000
DEBUG 2025-04-02 08:27:13.981 UTC: 	 Making sure it has proper VOMS extension
DEBUG 2025-04-02 08:27:13.981 UTC: 	 Executing command :
 voms-proxy-info --vo --file /tmp/x509up_u1000
DEBUG 2025-04-02 08:27:14.352 UTC: 	 output : cms

 error: 
 retcode : 0
DEBUG 2025-04-02 08:27:14.352 UTC: 	 Getting proxy life time left
DEBUG 2025-04-02 08:27:14.352 UTC: 	 Executing command :
 voms-proxy-info --actimeleft --timeleft --file /tmp/x509up_u1000
DEBUG 2025-04-02 08:27:14.724 UTC: 	 output : 594235
594235

 error: 
 retcode : 0
DEBUG 2025-04-02 08:27:14.724 UTC: 	 Proxy valid for 165:03:55 hours
DEBUG 2025-04-02 08:27:14.724 UTC: 	 Encoded data for curl request: subresource=delegatedn
DEBUG 2025-04-02 08:27:15.550 UTC: 	 Registering user credentials on myproxy for /DC=ch/DC=cern/OU=computers/CN=crab-(preprod|prod)-tw(01|02).cern.ch|/DC=ch/DC=cern/OU=computers/CN=crab-dev-tw(01|02|03|04).cern.ch|/DC=ch/DC=cern/OU=Organic Units/OU=Users/CN=cmscrab/CN=(817881|373708)/CN=Robot: cms crab|/DC=ch/DC=cern/OU=Organic Units/OU=Users/CN=crabint1/CN=373708/CN=Robot: CMS CRAB Integration 1
DEBUG 2025-04-02 08:27:15.551 UTC: 	 Executing command :
 voms-proxy-info --identity --file /tmp/x509up_u1000
DEBUG 2025-04-02 08:27:15.882 UTC: 	 output : /DC=ch/DC=cern/OU=Organic Units/OU=Users/CN=choij/CN=841389/CN=Jin Choi

 error: 
 retcode : 0
DEBUG 2025-04-02 08:27:15.883 UTC: 	 Getting myproxy life time left for 62145c27448958522230f1583fedca774537a25d
DEBUG 2025-04-02 08:27:15.883 UTC: 	 Executing command :
 myproxy-info -s myproxy.cern.ch -l 62145c27448958522230f1583fedca774537a25d
DEBUG 2025-04-02 08:27:17.499 UTC: 	 output : username: 62145c27448958522230f1583fedca774537a25d
owner: /DC=ch/DC=cern/OU=Organic Units/OU=Users/CN=choij/CN=841389/CN=Jin Choi
  renewal policy: /DC=ch/DC=cern/OU=computers/CN=crab-(preprod|prod)-tw(01|02).cern.ch|/DC=ch/DC=cern/OU=computers/CN=crab-dev-tw(01|02|03|04).cern.ch|/DC=ch/DC=cern/OU=Organic Units/OU=Users/CN=cmscrab/CN=(817881|373708)/CN=Robot: cms crab|/DC=ch/DC=cern/OU=Organic Units/OU=Users/CN=crabint1/CN=373708/CN=Robot: CMS CRAB Integration 1
  trusted retrieval policy: /DC=ch/DC=cern/OU=computers/CN=crab-(preprod|prod)-tw(01|02).cern.ch|/DC=ch/DC=cern/OU=computers/CN=crab-dev-tw(01|02|03|04).cern.ch|/DC=ch/DC=cern/OU=Organic Units/OU=Users/CN=cmscrab/CN=(817881|373708)/CN=Robot: cms crab|/DC=ch/DC=cern/OU=Organic Units/OU=Users/CN=crabint1/CN=373708/CN=Robot: CMS CRAB Integration 1
  timeleft: 524:48:47  (21.9 days)

 error: 
 retcode : 0
DEBUG 2025-04-02 08:27:17.499 UTC: 	 Myproxy is valid: 1889280
DEBUG 2025-04-02 08:27:17.499 UTC: 	 Result of myproxy credential check:
  Credential exists on myproxy: username: 62145c27448958522230f1583fedca774537a25d  - validity: 21 days, 20:48:00
DEBUG 2025-04-02 08:27:17.499 UTC: 	 Command use: submit
DEBUG 2025-04-02 08:27:17.499 UTC: 	 Options use: ['-c', 'crab_config_DY0j_LO_5f_CPPAVX2.py']
DEBUG 2025-04-02 08:27:17.499 UTC: 	 Encoded data for curl request: subresource=version
DEBUG 2025-04-02 08:27:18.327 UTC: 	 CRABClient version: v3.250318
DEBUG 2025-04-02 08:27:18.327 UTC: 	 Instance is prod
DEBUG 2025-04-02 08:27:18.327 UTC: 	 Server base url is cmsweb.cern.ch
DEBUG 2025-04-02 08:27:18.327 UTC: 	 Command api workflow
DEBUG 2025-04-02 08:27:18.327 UTC: 	 Started submission
DEBUG 2025-04-02 08:27:18.327 UTC: 	 Working on /home/choij/workspace/CustomNanoGEN_CMSSW_13_0_13/src/Configuration/CustomNanoGEN/crab/crab_projects/crab_DY0j_LO_5f_CPPAVX2
DEBUG 2025-04-02 08:27:18.328 UTC: 	 Encoded data for curl request: subresource=backendurls
DEBUG 2025-04-02 08:27:19.166 UTC: 	 Loading required information from the environment
DEBUG 2025-04-02 08:27:19.166 UTC: 	 Found CMSSW_13_0_13 for el8_amd64_gcc11 with base /home/choij/workspace/CustomNanoGEN_CMSSW_13_0_13
DEBUG 2025-04-02 08:27:19.166 UTC: 	 UNIQUE NAME: tarUUID bf717d1a-8bf6-4880-b7f4-684500ceec77 
DEBUG 2025-04-02 08:27:19.166 UTC: 	 self.config: from WMCore.Configuration import Configuration
config = Configuration()
config.section_('General')
config.General.transferLogs = False
config.General.transferOutputs = True
config.General.workArea = 'crab_projects'
config.General.requestName = 'DY0j_LO_5f_CPPAVX2'
config.section_('JobType')
config.JobType.psetName = '../configs/Hadronizer_TuneCP5_13p6TeV_DY0j_LO_5f_CPPAVX2_LHE_pythia8_cfg.py'
config.JobType.numCores = 1
config.JobType.pluginName = 'PrivateMC'
config.JobType.allowUndistributedCMSSW = False
config.section_('Data')
config.Data.splitting = 'EventBased'
config.Data.unitsPerJob = 5000
config.Data.publication = False
config.Data.outputPrimaryDataset = 'Validation'
config.Data.totalUnits = 200000
config.Data.outLFNDirBase = '/store/user/choij/CustomNanoGEN'
config.Data.outputDatasetTag = 'Run3Summer23wmLHEGS'
config.section_('Site')
config.Site.storageSite = 'T3_KR_KNU'
config.section_('User')
config.section_('Debug')

DEBUG 2025-04-02 08:27:19.167 UTC: 	 self.config.JobType.psetName: ../configs/Hadronizer_TuneCP5_13p6TeV_DY0j_LO_5f_CPPAVX2_LHE_pythia8_cfg.py
INFO 2025-04-02 08:27:19.167 UTC: 	 Importing CMSSW configuration ../configs/Hadronizer_TuneCP5_13p6TeV_DY0j_LO_5f_CPPAVX2_LHE_pythia8_cfg.py
INFO 2025-04-02 08:27:19.862 UTC: 	 Finished importing CMSSW configuration ../configs/Hadronizer_TuneCP5_13p6TeV_DY0j_LO_5f_CPPAVX2_LHE_pythia8_cfg.py
DEBUG 2025-04-02 08:27:19.862 UTC: 	 Writing CMSSW configuration to /home/choij/workspace/CustomNanoGEN_CMSSW_13_0_13/src/Configuration/CustomNanoGEN/crab/crab_projects/crab_DY0j_LO_5f_CPPAVX2/inputs/PSet.py
DEBUG 2025-04-02 08:27:19.974 UTC: 	 The following EDM output files will be collected: ['NANOGEN.root']
DEBUG 2025-04-02 08:27:19.974 UTC: 	 The following TFile output files will be collected: []
DEBUG 2025-04-02 08:27:19.974 UTC: 	 The following user output files (not listed as PoolOuputModule or TFileService in the CMSSW PSet) will be collected: 
DEBUG 2025-04-02 08:27:19.974 UTC: 	 Loading required information from the environment
DEBUG 2025-04-02 08:27:19.974 UTC: 	 Found CMSSW_13_0_13 for el8_amd64_gcc11 with base /home/choij/workspace/CustomNanoGEN_CMSSW_13_0_13
DEBUG 2025-04-02 08:27:19.974 UTC: 	 Making tarball in /home/choij/workspace/CustomNanoGEN_CMSSW_13_0_13/src/Configuration/CustomNanoGEN/crab/crab_projects/crab_DY0j_LO_5f_CPPAVX2/inputs/bf717d1a-8bf6-4880-b7f4-684500ceec77default.tgz
DEBUG 2025-04-02 08:27:19.975 UTC: 	 Checking directory /home/choij/workspace/CustomNanoGEN_CMSSW_13_0_13/bin
DEBUG 2025-04-02 08:27:19.975 UTC: 	 Adding directory /home/choij/workspace/CustomNanoGEN_CMSSW_13_0_13/bin to tarball
DEBUG 2025-04-02 08:27:19.976 UTC: 	 Checking directory /home/choij/workspace/CustomNanoGEN_CMSSW_13_0_13/python
DEBUG 2025-04-02 08:27:19.976 UTC: 	 Adding directory /home/choij/workspace/CustomNanoGEN_CMSSW_13_0_13/python to tarball
DEBUG 2025-04-02 08:27:19.979 UTC: 	 Checking directory /home/choij/workspace/CustomNanoGEN_CMSSW_13_0_13/cfipython
DEBUG 2025-04-02 08:27:19.979 UTC: 	 Adding directory /home/choij/workspace/CustomNanoGEN_CMSSW_13_0_13/cfipython to tarball
DEBUG 2025-04-02 08:27:19.979 UTC: 	 Checking directory /home/choij/workspace/CustomNanoGEN_CMSSW_13_0_13/lib
DEBUG 2025-04-02 08:27:19.979 UTC: 	 Adding directory /home/choij/workspace/CustomNanoGEN_CMSSW_13_0_13/lib to tarball
DEBUG 2025-04-02 08:27:19.980 UTC: 	 Checking directory /home/choij/workspace/CustomNanoGEN_CMSSW_13_0_13/biglib
DEBUG 2025-04-02 08:27:19.980 UTC: 	 Adding directory /home/choij/workspace/CustomNanoGEN_CMSSW_13_0_13/biglib to tarball
DEBUG 2025-04-02 08:27:19.980 UTC: 	 Checking directory /home/choij/workspace/CustomNanoGEN_CMSSW_13_0_13/module
DEBUG 2025-04-02 08:27:19.980 UTC: 	 Checking directory /home/choij/workspace/CustomNanoGEN_CMSSW_13_0_13/config/SCRAM/hooks
DEBUG 2025-04-02 08:27:19.980 UTC: 	 Adding directory /home/choij/workspace/CustomNanoGEN_CMSSW_13_0_13/config/SCRAM/hooks to tarball
DEBUG 2025-04-02 08:27:19.985 UTC: 	 Adding directory /home/choij/workspace/CustomNanoGEN_CMSSW_13_0_13/src/Configuration/CustomNanoGEN/python to tarball
DEBUG 2025-04-02 08:27:20.145 UTC: 	 Uploading archive /home/choij/workspace/CustomNanoGEN_CMSSW_13_0_13/src/Configuration/CustomNanoGEN/crab/crab_projects/crab_DY0j_LO_5f_CPPAVX2/inputs/bf717d1a-8bf6-4880-b7f4-684500ceec77default.tgz (198 KB) to the CRAB cache. Using URI https://cmsweb.cern.ch/S3/crabcache_prod
DEBUG 2025-04-02 08:27:20.241 UTC: 	 Encoded data for curl request: subresource=upload&objecttype=sandbox&tarballname=7fa045a6fe8581f1aa0203a3dac3cf7f352ed5bec3311c43bd1b3eb67e94348a.tar.gz
DEBUG 2025-04-02 08:27:21.134 UTC: 	 Will execute:
curl -f -v -X POST  -H "User-Agent: CRAB" -F "key=choij/sandboxes/7fa045a6fe8581f1aa0203a3dac3cf7f352ed5bec3311c43bd1b3eb67e94348a.tar.gz" -F "AWSAccessKeyId=715203df6482458ba839e73e6dab634b" -F "policy=eyJleHBpcmF0aW9uIjogIjIwMjUtMDQtMDJUMDk6Mjc6MjBaIiwgImNvbmRpdGlvbnMiOiBbeyJidWNrZXQiOiAiY3JhYmNhY2hlX3Byb2QifSwgeyJrZXkiOiAiY2hvaWovc2FuZGJveGVzLzdmYTA0NWE2ZmU4NTgxZjFhYTAyMDNhM2RhYzNjZjdmMzUyZWQ1YmVjMzMxMWM0M2JkMWIzZWI2N2U5NDM0OGEudGFyLmd6In1dfQ==" -F "signature=eh/QaLql/dKmdM8ftUoP87ExSh4=" -F "file=@/home/choij/workspace/CustomNanoGEN_CMSSW_13_0_13/src/Configuration/CustomNanoGEN/crab/crab_projects/crab_DY0j_LO_5f_CPPAVX2/inputs/bf717d1a-8bf6-4880-b7f4-684500ceec77default.tgz" "https://s3.cern.ch/crabcache_prod"
DEBUG 2025-04-02 08:27:22.834 UTC: 	 exitcode: 0
stdout: b''
DEBUG 2025-04-02 08:27:22.834 UTC: 	 upload to S3 of sandbox /home/choij/workspace/CustomNanoGEN_CMSSW_13_0_13/src/Configuration/CustomNanoGEN/crab/crab_projects/crab_DY0j_LO_5f_CPPAVX2/inputs/bf717d1a-8bf6-4880-b7f4-684500ceec77default.tgz completed
DEBUG 2025-04-02 08:27:22.834 UTC: 	 make sure that object is ready for retrieve
DEBUG 2025-04-02 08:27:23.835 UTC: 	 Encoded data for curl request: subresource=download&objecttype=sandbox&tarballname=7fa045a6fe8581f1aa0203a3dac3cf7f352ed5bec3311c43bd1b3eb67e94348a.tar.gz&clientmethod=head_object
DEBUG 2025-04-02 08:27:24.663 UTC: 	 PreSignedUrl to download sandbox received OK
DEBUG 2025-04-02 08:27:24.666 UTC: 	 Will execute:
 curl -v -s -f -o /dev/null --head  "https://s3.cern.ch/crabcache_prod/choij/sandboxes/7fa045a6fe8581f1aa0203a3dac3cf7f352ed5bec3311c43bd1b3eb67e94348a.tar.gz?AWSAccessKeyId=715203df6482458ba839e73e6dab634b&Signature=qNPwoyTp6UES%2F3F%2FHWVJmm%2BODNE%3D&Expires=1743586044"
DEBUG 2025-04-02 08:27:25.490 UTC: 	 exitcode: 0
stdout: b''
DEBUG 2025-04-02 08:27:25.490 UTC: 	 sandbox /home/choij/workspace/CustomNanoGEN_CMSSW_13_0_13/src/Configuration/CustomNanoGEN/crab/crab_projects/crab_DY0j_LO_5f_CPPAVX2/inputs/bf717d1a-8bf6-4880-b7f4-684500ceec77default.tgz successfully uploaded to S3
DEBUG 2025-04-02 08:27:25.490 UTC: 	 Loading required information from the environment
DEBUG 2025-04-02 08:27:25.490 UTC: 	 Found CMSSW_13_0_13 for el8_amd64_gcc11 with base /home/choij/workspace/CustomNanoGEN_CMSSW_13_0_13
DEBUG 2025-04-02 08:27:25.490 UTC: 	 Making tarball in /home/choij/workspace/CustomNanoGEN_CMSSW_13_0_13/src/Configuration/CustomNanoGEN/crab/crab_projects/crab_DY0j_LO_5f_CPPAVX2/inputs/debugFiles.tgz
DEBUG 2025-04-02 08:27:25.493 UTC: 	 Uploading archive /home/choij/workspace/CustomNanoGEN_CMSSW_13_0_13/src/Configuration/CustomNanoGEN/crab/crab_projects/crab_DY0j_LO_5f_CPPAVX2/inputs/debugFiles.tgz (3 KB) to the CRAB cache. Using URI https://cmsweb.cern.ch/S3/crabcache_prod
DEBUG 2025-04-02 08:27:25.494 UTC: 	 Encoded data for curl request: subresource=upload&objecttype=sandbox&tarballname=3702b0c24990f1b2f617853e0088d9a98c21d386944f4a70e312dca575f29ff3.tar.gz
DEBUG 2025-04-02 08:27:26.482 UTC: 	 Will execute:
curl -f -v -X POST  -H "User-Agent: CRAB" -F "key=choij/sandboxes/3702b0c24990f1b2f617853e0088d9a98c21d386944f4a70e312dca575f29ff3.tar.gz" -F "AWSAccessKeyId=715203df6482458ba839e73e6dab634b" -F "policy=eyJleHBpcmF0aW9uIjogIjIwMjUtMDQtMDJUMDk6Mjc6MjZaIiwgImNvbmRpdGlvbnMiOiBbeyJidWNrZXQiOiAiY3JhYmNhY2hlX3Byb2QifSwgeyJrZXkiOiAiY2hvaWovc2FuZGJveGVzLzM3MDJiMGMyNDk5MGYxYjJmNjE3ODUzZTAwODhkOWE5OGMyMWQzODY5NDRmNGE3MGUzMTJkY2E1NzVmMjlmZjMudGFyLmd6In1dfQ==" -F "signature=zHSBBJM42WCVSV9dOS01ENsmUrw=" -F "file=@/home/choij/workspace/CustomNanoGEN_CMSSW_13_0_13/src/Configuration/CustomNanoGEN/crab/crab_projects/crab_DY0j_LO_5f_CPPAVX2/inputs/debugFiles.tgz" "https://s3.cern.ch/crabcache_prod"
DEBUG 2025-04-02 08:27:27.311 UTC: 	 exitcode: 0
stdout: b''
DEBUG 2025-04-02 08:27:27.311 UTC: 	 upload to S3 of sandbox /home/choij/workspace/CustomNanoGEN_CMSSW_13_0_13/src/Configuration/CustomNanoGEN/crab/crab_projects/crab_DY0j_LO_5f_CPPAVX2/inputs/debugFiles.tgz completed
DEBUG 2025-04-02 08:27:27.312 UTC: 	 make sure that object is ready for retrieve
DEBUG 2025-04-02 08:27:28.313 UTC: 	 Encoded data for curl request: subresource=download&objecttype=sandbox&tarballname=3702b0c24990f1b2f617853e0088d9a98c21d386944f4a70e312dca575f29ff3.tar.gz&clientmethod=head_object
DEBUG 2025-04-02 08:27:29.131 UTC: 	 PreSignedUrl to download sandbox received OK
DEBUG 2025-04-02 08:27:29.134 UTC: 	 Will execute:
 curl -v -s -f -o /dev/null --head  "https://s3.cern.ch/crabcache_prod/choij/sandboxes/3702b0c24990f1b2f617853e0088d9a98c21d386944f4a70e312dca575f29ff3.tar.gz?AWSAccessKeyId=715203df6482458ba839e73e6dab634b&Signature=U2Q4RYGYt1c4hyGIqkZTOiKZZ9I%3D&Expires=1743586048"
DEBUG 2025-04-02 08:27:29.959 UTC: 	 exitcode: 0
stdout: b''
DEBUG 2025-04-02 08:27:29.959 UTC: 	 sandbox /home/choij/workspace/CustomNanoGEN_CMSSW_13_0_13/src/Configuration/CustomNanoGEN/crab/crab_projects/crab_DY0j_LO_5f_CPPAVX2/inputs/debugFiles.tgz successfully uploaded to S3
DEBUG 2025-04-02 08:27:29.959 UTC: 	 Result uploading input files: 7fa045a6fe8581f1aa0203a3dac3cf7f352ed5bec3311c43bd1b3eb67e94348a.tar.gz 
DEBUG 2025-04-02 08:27:29.960 UTC: 	 submit() - self.configuration from WMCore.Configuration import Configuration
config = Configuration()
config.section_('General')
config.General.transferLogs = False
config.General.transferOutputs = True
config.General.workArea = 'crab_projects'
config.General.requestName = 'DY0j_LO_5f_CPPAVX2'
config.section_('JobType')
config.JobType.psetName = '../configs/Hadronizer_TuneCP5_13p6TeV_DY0j_LO_5f_CPPAVX2_LHE_pythia8_cfg.py'
config.JobType.numCores = 1
config.JobType.pluginName = 'PrivateMC'
config.JobType.allowUndistributedCMSSW = False
config.section_('Data')
config.Data.splitting = 'EventBased'
config.Data.unitsPerJob = 5000
config.Data.publication = False
config.Data.outputPrimaryDataset = 'Validation'
config.Data.totalUnits = 200000
config.Data.outLFNDirBase = '/store/user/choij/CustomNanoGEN'
config.Data.outputDatasetTag = 'Run3Summer23wmLHEGS'
config.section_('Site')
config.Site.storageSite = 'T3_KR_KNU'
config.section_('User')
config.section_('Debug')

DEBUG 2025-04-02 08:27:29.960 UTC: 	 submit() - self.configreq {'dryrun': 0, 'workflow': 'crab_DY0j_LO_5f_CPPAVX2', 'saveoutput': 1, 'savelogsflag': 0, 'primarydataset': 'Validation', 'nonvaliddata': 0, 'userfiles': [], 'dbsurl': 'https://cmsweb.cern.ch/dbs/prod/global/DBSReader', 'useparent': 0, 'ignorelocality': 0, 'splitalgo': 'EventBased', 'algoargs': 5000, 'totalunits': 200000, 'lfn': '/store/user/choij/CustomNanoGEN', 'publication': 0, 'publishdbsurl': 'https://cmsweb.cern.ch/dbs/prod/phys03/DBSWriter', 'publishname2': 'Run3Summer23wmLHEGS', 'jobtype': 'PrivateMC', 'generator': 'pythia', 'addoutputfiles': [], 'maxjobruntime': 1250, 'numcores': 1, 'maxmemory': 2000, 'priority': 10, 'nonprodsw': 0, 'asyncdest': 'T3_KR_KNU', 'requireaccelerator': 0, 'oneEventMode': 0, 'extrajdl': [], 'ignoreglobalblacklist': 0, 'partialdataset': 0, 'inputblocks': []}
DEBUG 2025-04-02 08:27:29.960 UTC: 	 submit() - jobconfig {'addoutputfiles': [], 'tfileoutfiles': [], 'edmoutfiles': ['NANOGEN.root'], 'jobarch': 'el8_amd64_gcc11', 'jobminuarch': 'any', 'jobsw': 'CMSSW_13_0_13', 'cacheurl': 'https://cmsweb.cern.ch/S3/crabcache_prod', 'cachefilename': '7fa045a6fe8581f1aa0203a3dac3cf7f352ed5bec3311c43bd1b3eb67e94348a.tar.gz', 'debugfilename': '3702b0c24990f1b2f617853e0088d9a98c21d386944f4a70e312dca575f29ff3.tar.gz', 'jobtype': 'PrivateMC', 'primarydataset': 'Validation'}
INFO 2025-04-02 08:27:29.960 UTC: 	 Sending the request to the server at cmsweb.cern.ch
DEBUG 2025-04-02 08:27:29.960 UTC: 	 Submitting {'dryrun': 0, 'workflow': 'crab_DY0j_LO_5f_CPPAVX2', 'saveoutput': 1, 'savelogsflag': 0, 'primarydataset': 'Validation', 'nonvaliddata': 0, 'userfiles': [], 'dbsurl': 'https://cmsweb.cern.ch/dbs/prod/global/DBSReader', 'useparent': 0, 'ignorelocality': 0, 'splitalgo': 'EventBased', 'algoargs': 5000, 'totalunits': 200000, 'lfn': '/store/user/choij/CustomNanoGEN', 'publication': 0, 'publishdbsurl': 'https://cmsweb.cern.ch/dbs/prod/phys03/DBSWriter', 'publishname2': 'Run3Summer23wmLHEGS', 'jobtype': 'PrivateMC', 'generator': 'pythia', 'addoutputfiles': [], 'maxjobruntime': 1250, 'numcores': 1, 'maxmemory': 2000, 'priority': 10, 'nonprodsw': 0, 'asyncdest': 'T3_KR_KNU', 'requireaccelerator': 0, 'oneEventMode': 0, 'extrajdl': [], 'ignoreglobalblacklist': 0, 'partialdataset': 0, 'inputblocks': [], 'tfileoutfiles': [], 'edmoutfiles': ['NANOGEN.root'], 'jobarch': 'el8_amd64_gcc11', 'jobminuarch': 'any', 'jobsw': 'CMSSW_13_0_13', 'cacheurl': 'https://cmsweb.cern.ch/S3/crabcache_prod', 'cachefilename': '7fa045a6fe8581f1aa0203a3dac3cf7f352ed5bec3311c43bd1b3eb67e94348a.tar.gz', 'debugfilename': '3702b0c24990f1b2f617853e0088d9a98c21d386944f4a70e312dca575f29ff3.tar.gz'} 
DEBUG 2025-04-02 08:27:29.960 UTC: 	 Encoded data for curl request: dryrun=0&workflow=crab_DY0j_LO_5f_CPPAVX2&saveoutput=1&savelogsflag=0&primarydataset=Validation&nonvaliddata=0&dbsurl=https%3A%2F%2Fcmsweb.cern.ch%2Fdbs%2Fprod%2Fglobal%2FDBSReader&useparent=0&ignorelocality=0&splitalgo=EventBased&algoargs=5000&totalunits=200000&lfn=%2Fstore%2Fuser%2Fchoij%2FCustomNanoGEN&publication=0&publishdbsurl=https%3A%2F%2Fcmsweb.cern.ch%2Fdbs%2Fprod%2Fphys03%2FDBSWriter&publishname2=Run3Summer23wmLHEGS&jobtype=PrivateMC&generator=pythia&maxjobruntime=1250&numcores=1&maxmemory=2000&priority=10&nonprodsw=0&asyncdest=T3_KR_KNU&requireaccelerator=0&oneEventMode=0&ignoreglobalblacklist=0&partialdataset=0&jobarch=el8_amd64_gcc11&jobminuarch=any&jobsw=CMSSW_13_0_13&cacheurl=https%3A%2F%2Fcmsweb.cern.ch%2FS3%2Fcrabcache_prod&cachefilename=7fa045a6fe8581f1aa0203a3dac3cf7f352ed5bec3311c43bd1b3eb67e94348a.tar.gz&debugfilename=3702b0c24990f1b2f617853e0088d9a98c21d386944f4a70e312dca575f29ff3.tar.gz&edmoutfiles=NANOGEN.root
DEBUG 2025-04-02 08:27:30.920 UTC: 	 Result: {'result': [{'RequestName': '250402_082730:choij_crab_DY0j_LO_5f_CPPAVX2'}]}
INFO 2025-04-02 08:27:30.921 UTC: 	 Success: Your task has been delivered to the prod CRAB3 server.
INFO 2025-04-02 08:27:30.921 UTC: 	 Task name: 250402_082730:choij_crab_DY0j_LO_5f_CPPAVX2
INFO 2025-04-02 08:27:30.921 UTC: 	 Project dir: crab_projects/crab_DY0j_LO_5f_CPPAVX2
INFO 2025-04-02 08:27:30.921 UTC: 	 Please use ' crab status -d crab_projects/crab_DY0j_LO_5f_CPPAVX2 ' to check how the submission process proceeds.
DEBUG 2025-04-02 08:27:30.921 UTC: 	 About to return
INFO 2025-04-02 08:27:30.923 UTC: 	 Log file is /home/choij/workspace/CustomNanoGEN_CMSSW_13_0_13/src/Configuration/CustomNanoGEN/crab/crab_projects/crab_DY0j_LO_5f_CPPAVX2/crab.log
DEBUG 2025-04-02 08:58:55.189 UTC: 	 CRAB Client version: v3.250318
DEBUG 2025-04-02 08:58:55.189 UTC: 	 Running on: Linux private-snu 6.13.8-200.fc41.x86_64 #1 SMP PREEMPT_DYNAMIC Sun Mar 23 05:03:09 UTC 2025 x86_64 x86_64 x86_64 GNU/Linux
DEBUG 2025-04-02 08:58:55.189 UTC: 	 Using SINGULARITY image: private-el8.sif
DEBUG 2025-04-02 08:58:55.189 UTC: 	 Operating System: AlmaLinux 8.10 (Cerulean Leopard)
DEBUG 2025-04-02 08:58:55.189 UTC: 	 Executing command: 'status'
DEBUG 2025-04-02 08:58:55.189 UTC: 	 Found CRAB cache file /home/choij/.crab3
DEBUG 2025-04-02 08:58:55.190 UTC: 	 Checking credentials
DEBUG 2025-04-02 08:58:55.190 UTC: 	 Found proxy file /tmp/x509up_u1000
DEBUG 2025-04-02 08:58:55.190 UTC: 	 Making sure it has proper VOMS extension
DEBUG 2025-04-02 08:58:55.190 UTC: 	 Executing command :
 voms-proxy-info --vo --file /tmp/x509up_u1000
DEBUG 2025-04-02 08:58:55.503 UTC: 	 output : cms

 error: 
 retcode : 0
DEBUG 2025-04-02 08:58:55.504 UTC: 	 Getting proxy life time left
DEBUG 2025-04-02 08:58:55.504 UTC: 	 Executing command :
 voms-proxy-info --actimeleft --timeleft --file /tmp/x509up_u1000
DEBUG 2025-04-02 08:58:55.823 UTC: 	 output : 592334
592334

 error: 
 retcode : 0
DEBUG 2025-04-02 08:58:55.823 UTC: 	 Proxy valid for 164:32:14 hours
DEBUG 2025-04-02 08:58:55.823 UTC: 	 Encoded data for curl request: subresource=delegatedn
DEBUG 2025-04-02 08:58:56.936 UTC: 	 Registering user credentials on myproxy for /DC=ch/DC=cern/OU=computers/CN=crab-(preprod|prod)-tw(01|02).cern.ch|/DC=ch/DC=cern/OU=computers/CN=crab-dev-tw(01|02|03|04).cern.ch|/DC=ch/DC=cern/OU=Organic Units/OU=Users/CN=cmscrab/CN=(817881|373708)/CN=Robot: cms crab|/DC=ch/DC=cern/OU=Organic Units/OU=Users/CN=crabint1/CN=373708/CN=Robot: CMS CRAB Integration 1
DEBUG 2025-04-02 08:58:56.936 UTC: 	 Executing command :
 voms-proxy-info --identity --file /tmp/x509up_u1000
DEBUG 2025-04-02 08:58:57.251 UTC: 	 output : /DC=ch/DC=cern/OU=Organic Units/OU=Users/CN=choij/CN=841389/CN=Jin Choi

 error: 
 retcode : 0
DEBUG 2025-04-02 08:58:57.252 UTC: 	 Getting myproxy life time left for 62145c27448958522230f1583fedca774537a25d
DEBUG 2025-04-02 08:58:57.252 UTC: 	 Executing command :
 myproxy-info -s myproxy.cern.ch -l 62145c27448958522230f1583fedca774537a25d
DEBUG 2025-04-02 08:59:01.311 UTC: 	 output : username: 62145c27448958522230f1583fedca774537a25d
owner: /DC=ch/DC=cern/OU=Organic Units/OU=Users/CN=choij/CN=841389/CN=Jin Choi
  renewal policy: /DC=ch/DC=cern/OU=computers/CN=crab-(preprod|prod)-tw(01|02).cern.ch|/DC=ch/DC=cern/OU=computers/CN=crab-dev-tw(01|02|03|04).cern.ch|/DC=ch/DC=cern/OU=Organic Units/OU=Users/CN=cmscrab/CN=(817881|373708)/CN=Robot: cms crab|/DC=ch/DC=cern/OU=Organic Units/OU=Users/CN=crabint1/CN=373708/CN=Robot: CMS CRAB Integration 1
  trusted retrieval policy: /DC=ch/DC=cern/OU=computers/CN=crab-(preprod|prod)-tw(01|02).cern.ch|/DC=ch/DC=cern/OU=computers/CN=crab-dev-tw(01|02|03|04).cern.ch|/DC=ch/DC=cern/OU=Organic Units/OU=Users/CN=cmscrab/CN=(817881|373708)/CN=Robot: cms crab|/DC=ch/DC=cern/OU=Organic Units/OU=Users/CN=crabint1/CN=373708/CN=Robot: CMS CRAB Integration 1
  timeleft: 524:17:03  (21.8 days)

 error: 
 retcode : 0
DEBUG 2025-04-02 08:59:01.311 UTC: 	 Myproxy is valid: 1887420
DEBUG 2025-04-02 08:59:01.312 UTC: 	 Result of myproxy credential check:
  Credential exists on myproxy: username: 62145c27448958522230f1583fedca774537a25d  - validity: 21 days, 20:17:00
DEBUG 2025-04-02 08:59:01.312 UTC: 	 Retrieving username ...
DEBUG 2025-04-02 08:59:01.312 UTC: 	 Retrieving username from CRIC...
DEBUG 2025-04-02 08:59:03.783 UTC: 	 username is choij
INFO 2025-04-02 08:59:24.903 UTC: 	 Rucio client intialized for account choij
DEBUG 2025-04-02 08:59:24.903 UTC: 	 Command use: status
DEBUG 2025-04-02 08:59:24.903 UTC: 	 Options use: ['crab_projects/crab_DY0j_LO_5f_CPPAVX2']
DEBUG 2025-04-02 08:59:24.904 UTC: 	 Encoded data for curl request: subresource=version
DEBUG 2025-04-02 09:01:38.670 UTC: 	 CRABClient version: v3.250318
DEBUG 2025-04-02 09:01:38.670 UTC: 	 Instance is prod
DEBUG 2025-04-02 09:01:38.670 UTC: 	 Server base url is cmsweb.cern.ch
DEBUG 2025-04-02 09:01:38.670 UTC: 	 Command api workflow
DEBUG 2025-04-02 09:01:38.670 UTC: 	 Encoded data for curl request: subresource=search&workflow=250402_082730%3Achoij_crab_DY0j_LO_5f_CPPAVX2
DEBUG 2025-04-02 09:03:53.838 UTC: 	 Got information from server oracle database: {'desc': {'columns': ['tm_taskname', 'tm_activity', 'tm_task_status', 'tm_task_command', 'tm_start_time', 'tm_start_injection', 'tm_end_injection', 'tm_task_failure', 'tm_job_sw', 'tm_job_arch', 'tm_input_dataset', 'tm_nonvalid_input_dataset', 'tm_use_parent', 'tm_site_whitelist', 'tm_site_blacklist', 'tm_split_algo', 'tm_split_args', 'tm_user_sandbox', 'tm_cache_url', 'tm_username', 'tm_user_dn', 'tm_user_vo', 'tm_user_role', 'tm_user_group', 'tm_publish_name', 'tm_publish_groupname', 'tm_asyncdest', 'tm_dbs_url', 'tm_publish_dbs_url', 'tm_publication', 'tm_outfiles', 'tm_tfile_outfiles', 'tm_edm_outfiles', 'tm_job_type', 'tm_generator', 'tm_events_per_lumi', 'tm_arguments', 'tm_save_logs', 'tw_name', 'tm_user_infiles', 'tm_maxjobruntime', 'tm_numcores', 'tm_maxmemory', 'tm_priority', 'tm_output_dataset', 'tm_task_warnings', 'tm_user_webdir', 'tm_scriptexe', 'tm_scriptargs', 'tm_extrajdl', 'tm_collector', 'tm_schedd', 'tm_dry_run', 'tm_user_files', 'tm_transfer_outputs', 'tm_output_lfn', 'tm_ignore_locality', 'tm_fail_limit', 'tm_one_event_mode', 'tm_secondary_input_dataset', 'tm_primary_dataset', 'tm_last_publication', 'tm_debug_files', 'clusterid', 'tm_ignore_global_blacklist', 'tm_submitter_ip_addr', 'tm_totalunits', 'tm_ddm_reqid', 'tm_user_config', 'tm_transfer_container', 'tm_transfer_rule', 'tm_publish_rule', 'tm_multipub_rule', 'tm_job_min_microarch', 'tm_dagman_status', 'tm_num_jobs', 'tm_uploaded']}, 'result': ['250402_082730:choij_crab_DY0j_LO_5f_CPPAVX2', 'None', 'SUBMITTED', 'SUBMIT', '2025-04-02 08:27:30.782979', 'None', '2025-04-02 08:28:34.356021', 'None', 'CMSSW_13_0_13', 'el8_amd64_gcc11', 'None', 'F', '0', '[]', '[]', 'EventBased', "{'halt_job_on_file_boundaries': False, 'splitOnRun': False, 'events_per_job': 5000, 'runs': [], 'lumis': []}", '7fa045a6fe8581f1aa0203a3dac3cf7f352ed5bec3311c43bd1b3eb67e94348a.tar.gz', 'https://cmsweb.cern.ch/S3/crabcache_prod', 'choij', '/DC=ch/DC=cern/OU=Organic Units/OU=Users/CN=choij/CN=841389/CN=Jin Choi', 'cms', 'None', 'None', 'Run3Summer23wmLHEGS-00000000000000000000000000000000', 'F', 'T3_KR_KNU', 'https://cmsweb.cern.ch/dbs/prod/global/DBSReader', 'https://cmsweb.cern.ch/dbs/prod/phys03/DBSWriter', 'F', '[]', '[]', "['NANOGEN.root']", 'PrivateMC', 'pythia', 'None', '{}', 'F', 'crab-prod-tw01', '[]', '1250', '1', '2000', '10', 'None', '[]', 'http://vocms0107.cern.ch/mon/choij/250402_082730:choij_crab_DY0j_LO_5f_CPPAVX2', 'None', '[]', '[]', 'cmsgwms-collector-global.cern.ch:9620,cmsgwms-collector-global.fnal.gov:9620', 'crab3@vocms0107.cern.ch', 'F', '[]', 'T', '/store/user/choij/CustomNanoGEN', 'F', 'None', 'F', 'None', 'Validation', 'None', '3702b0c24990f1b2f617853e0088d9a98c21d386944f4a70e312dca575f29ff3.tar.gz', '122094471', 'F', '188.184.73.32', '200000.0', 'None', '{"partialdataset": false, "requireaccelerator": false, "acceleratorparams": null, "inputblocks": null}', 'None', 'None', 'None', 'None', 'any', 'NOT_READY', '0', 'F']}
INFO 2025-04-02 09:03:53.838 UTC: 	 CRAB project directory:		/home/choij/workspace/CustomNanoGEN_CMSSW_13_0_13/src/Configuration/CustomNanoGEN/crab/crab_projects/crab_DY0j_LO_5f_CPPAVX2
INFO 2025-04-02 09:03:53.838 UTC: 	 Task name:			250402_082730:choij_crab_DY0j_LO_5f_CPPAVX2
INFO 2025-04-02 09:03:53.838 UTC: 	 Grid scheduler - Task Worker:	crab3@vocms0107.cern.ch - crab-prod-tw01
INFO 2025-04-02 09:03:53.838 UTC: 	 Status on the CRAB server:	SUBMITTED
INFO 2025-04-02 09:03:53.838 UTC: 	 Task URL to use for HELP:	https://cmsweb.cern.ch/crabserver/ui/task/250402_082730%3Achoij_crab_DY0j_LO_5f_CPPAVX2
INFO 2025-04-02 09:03:54.069 UTC: 	 Dashboard monitoring URL:	https://monit-grafana.cern.ch/d/cmsTMDetail/cms-task-monitoring-task-view?orgId=11&var-user=choij&var-task=250402_082730%3Achoij_crab_DY0j_LO_5f_CPPAVX2&from=1743578850000&to=now
DEBUG 2025-04-02 09:03:54.069 UTC: 	 The CRAB server submitted your task to the Grid scheduler (cluster ID: 122094471)
DEBUG 2025-04-02 09:03:54.069 UTC: 	 Webdir is located at http://vocms0107.cern.ch/mon/choij/250402_082730:choij_crab_DY0j_LO_5f_CPPAVX2
DEBUG 2025-04-02 09:03:54.069 UTC: 	 Encoded data for curl request: subresource=webdirprx&workflow=250402_082730%3Achoij_crab_DY0j_LO_5f_CPPAVX2
DEBUG 2025-04-02 09:03:54.904 UTC: 	 Proxied webdir is located at https://cmsweb.cern.ch:8443/scheddmon/0107/choij/250402_082730:choij_crab_DY0j_LO_5f_CPPAVX2
DEBUG 2025-04-02 09:03:54.904 UTC: 	 Retrieving 'status_cache' file from https://cmsweb.cern.ch:8443/scheddmon/0107/choij/250402_082730:choij_crab_DY0j_LO_5f_CPPAVX2/status_cache.pkl
DEBUG 2025-04-02 09:03:54.904 UTC: 	 Will execute:
curl -sS --capath /cvmfs/grid.cern.ch/etc/grid-security/certificates --cert /tmp/x509up_u1000 --key /tmp/x509up_u1000 -o /tmp/crab_status-cache-nvr31ang.pkl -w %"{http_code}" "https://cmsweb.cern.ch:8443/scheddmon/0107/choij/250402_082730:choij_crab_DY0j_LO_5f_CPPAVX2/status_cache.pkl"
DEBUG 2025-04-02 09:03:54.904 UTC: 	 Executing command :
 curl -sS --capath /cvmfs/grid.cern.ch/etc/grid-security/certificates --cert /tmp/x509up_u1000 --key /tmp/x509up_u1000 -o /tmp/crab_status-cache-nvr31ang.pkl -w %"{http_code}" "https://cmsweb.cern.ch:8443/scheddmon/0107/choij/250402_082730:choij_crab_DY0j_LO_5f_CPPAVX2/status_cache.pkl"
DEBUG 2025-04-02 09:03:56.006 UTC: 	 output : 200
 error: 
 retcode : 0
DEBUG 2025-04-02 09:03:56.006 UTC: 	 exitcode: 0
stdout: 200
stderr: 
error details: 
DEBUG 2025-04-02 09:03:56.006 UTC: 	 Got information from status cache file: {'9': {'Retries': 0, 'Restarts': 0, 'SiteHistory': ['Unknown', 'T2_BE_IIHE', 'T2_BE_IIHE'], 'ResidentSetSize': [852160], 'SubmitTimes': [1743582583.0], 'StartTimes': [1743582752.0], 'EndTimes': [1743582816.0], 'TotalUserCpuTimeHistory': [8.0], 'TotalSysCpuTimeHistory': [0.0], 'WallDurations': [64.0, 200.1412250995636, 200.1412250995636], 'JobIds': ['122094706.0'], 'State': 'failed', 'RecordedSite': True, 'Error': [8001, "Error while running CMSSW:\nFatal Exception\nAn exception of category 'ExternalLHEProducer' occurred while\n   [0] Processing global begin Run run: 1\n   [1] Calling method for module ExternalLHEProducer/'externalLHEProducer'\nException Message:\nChild failed with exit code 102.\n", {'type': 'Fatal Exception', 'details': "An exception of category 'ExternalLHEProducer' occurred while\n   [0] Processing global begin Run run: 1\n   [1] Calling method for module ExternalLHEProducer/'externalLHEProducer'\nException Message:\nChild failed with exit code 102.", 'exitCode': 8001}]}, '10': {'Retries': 0, 'Restarts': 0, 'SiteHistory': ['Unknown', 'T2_BE_IIHE', 'T2_BE_IIHE'], 'ResidentSetSize': [72684], 'SubmitTimes': [1743582583.0], 'StartTimes': [1743582752.0], 'EndTimes': [1743582814.0], 'TotalUserCpuTimeHistory': [3.0], 'TotalSysCpuTimeHistory': [0.0], 'WallDurations': [62.0, 200.1412250995636, 200.1412250995636], 'JobIds': ['122094707.0'], 'State': 'failed', 'RecordedSite': True, 'Error': [8001, "Error while running CMSSW:\nFatal Exception\nAn exception of category 'ExternalLHEProducer' occurred while\n   [0] Processing global begin Run run: 1\n   [1] Calling method for module ExternalLHEProducer/'externalLHEProducer'\nException Message:\nChild failed with exit code 102.\n", {'type': 'Fatal Exception', 'details': "An exception of category 'ExternalLHEProducer' occurred while\n   [0] Processing global begin Run run: 1\n   [1] Calling method for module ExternalLHEProducer/'externalLHEProducer'\nException Message:\nChild failed with exit code 102.", 'exitCode': 8001}]}, '2': {'Retries': 0, 'Restarts': 0, 'SiteHistory': ['Unknown', 'T2_BE_IIHE', 'T2_BE_IIHE'], 'ResidentSetSize': [38900], 'SubmitTimes': [1743582583.0], 'StartTimes': [1743582753.0], 'EndTimes': [1743582818.0], 'TotalUserCpuTimeHistory': [3.0], 'TotalSysCpuTimeHistory': [0.0], 'WallDurations': [65.0, 199.1412250995636, 199.1412250995636], 'JobIds': ['122094708.0'], 'State': 'failed', 'RecordedSite': True, 'Error': [8001, "Error while running CMSSW:\nFatal Exception\nAn exception of category 'ExternalLHEProducer' occurred while\n   [0] Processing global begin Run run: 1\n   [1] Calling method for module ExternalLHEProducer/'externalLHEProducer'\nException Message:\nChild failed with exit code 102.\n", {'type': 'Fatal Exception', 'details': "An exception of category 'ExternalLHEProducer' occurred while\n   [0] Processing global begin Run run: 1\n   [1] Calling method for module ExternalLHEProducer/'externalLHEProducer'\nException Message:\nChild failed with exit code 102.", 'exitCode': 8001}]}, '17': {'Retries': 0, 'Restarts': 0, 'SiteHistory': ['Unknown', 'T2_BE_IIHE', 'T2_BE_IIHE'], 'ResidentSetSize': [47256], 'SubmitTimes': [1743582583.0], 'StartTimes': [1743582752.0], 'EndTimes': [1743582816.0], 'TotalUserCpuTimeHistory': [7.0], 'TotalSysCpuTimeHistory': [0.0], 'WallDurations': [64.0, 200.1412250995636, 200.1412250995636], 'JobIds': ['122094709.0'], 'State': 'failed', 'RecordedSite': True, 'Error': [8001, "Error while running CMSSW:\nFatal Exception\nAn exception of category 'ExternalLHEProducer' occurred while\n   [0] Processing global begin Run run: 1\n   [1] Calling method for module ExternalLHEProducer/'externalLHEProducer'\nException Message:\nChild failed with exit code 102.\n", {'type': 'Fatal Exception', 'details': "An exception of category 'ExternalLHEProducer' occurred while\n   [0] Processing global begin Run run: 1\n   [1] Calling method for module ExternalLHEProducer/'externalLHEProducer'\nException Message:\nChild failed with exit code 102.", 'exitCode': 8001}]}, '6': {'Retries': 0, 'Restarts': 0, 'SiteHistory': ['Unknown', 'T2_BE_IIHE', 'T2_BE_IIHE'], 'ResidentSetSize': [888220], 'SubmitTimes': [1743582583.0], 'StartTimes': [1743582753.0], 'EndTimes': [1743582817.0], 'TotalUserCpuTimeHistory': [8.0], 'TotalSysCpuTimeHistory': [0.0], 'WallDurations': [64.0, 199.1412250995636, 199.1412250995636], 'JobIds': ['122094710.0'], 'State': 'failed', 'RecordedSite': True, 'Error': [8001, "Error while running CMSSW:\nFatal Exception\nAn exception of category 'ExternalLHEProducer' occurred while\n   [0] Processing global begin Run run: 1\n   [1] Calling method for module ExternalLHEProducer/'externalLHEProducer'\nException Message:\nChild failed with exit code 102.\n", {'type': 'Fatal Exception', 'details': "An exception of category 'ExternalLHEProducer' occurred while\n   [0] Processing global begin Run run: 1\n   [1] Calling method for module ExternalLHEProducer/'externalLHEProducer'\nException Message:\nChild failed with exit code 102.", 'exitCode': 8001}]}, '16': {'Retries': 0, 'Restarts': 0, 'SiteHistory': ['Unknown', 'T2_BE_IIHE', 'T2_BE_IIHE'], 'ResidentSetSize': [483440], 'SubmitTimes': [1743582583.0], 'StartTimes': [1743582753.0], 'EndTimes': [1743582817.0], 'TotalUserCpuTimeHistory': [4.0], 'TotalSysCpuTimeHistory': [0.0], 'WallDurations': [64.0, 199.1412250995636, 199.1412250995636], 'JobIds': ['122094711.0'], 'State': 'failed', 'RecordedSite': True, 'Error': [8001, "Error while running CMSSW:\nFatal Exception\nAn exception of category 'ExternalLHEProducer' occurred while\n   [0] Processing global begin Run run: 1\n   [1] Calling method for module ExternalLHEProducer/'externalLHEProducer'\nException Message:\nChild failed with exit code 102.\n", {'type': 'Fatal Exception', 'details': "An exception of category 'ExternalLHEProducer' occurred while\n   [0] Processing global begin Run run: 1\n   [1] Calling method for module ExternalLHEProducer/'externalLHEProducer'\nException Message:\nChild failed with exit code 102.", 'exitCode': 8001}]}, '19': {'Retries': 0, 'Restarts': 0, 'SiteHistory': ['Unknown', 'T2_BE_IIHE', 'T2_BE_IIHE'], 'ResidentSetSize': [48004], 'SubmitTimes': [1743582583.0], 'StartTimes': [1743582753.0], 'EndTimes': [1743582817.0], 'TotalUserCpuTimeHistory': [4.0], 'TotalSysCpuTimeHistory': [0.0], 'WallDurations': [64.0, 199.1412250995636, 199.1412250995636], 'JobIds': ['122094712.0'], 'State': 'failed', 'RecordedSite': True, 'Error': [8001, "Error while running CMSSW:\nFatal Exception\nAn exception of category 'ExternalLHEProducer' occurred while\n   [0] Processing global begin Run run: 1\n   [1] Calling method for module ExternalLHEProducer/'externalLHEProducer'\nException Message:\nChild failed with exit code 102.\n", {'type': 'Fatal Exception', 'details': "An exception of category 'ExternalLHEProducer' occurred while\n   [0] Processing global begin Run run: 1\n   [1] Calling method for module ExternalLHEProducer/'externalLHEProducer'\nException Message:\nChild failed with exit code 102.", 'exitCode': 8001}]}, '11': {'Retries': 0, 'Restarts': 0, 'SiteHistory': ['Unknown', 'T2_BE_IIHE', 'T2_BE_IIHE'], 'ResidentSetSize': [933064], 'SubmitTimes': [1743582583.0], 'StartTimes': [1743582753.0], 'EndTimes': [1743582817.0], 'TotalUserCpuTimeHistory': [8.0], 'TotalSysCpuTimeHistory': [0.0], 'WallDurations': [64.0, 199.1412250995636, 199.1412250995636], 'JobIds': ['122094714.0'], 'State': 'failed', 'RecordedSite': True, 'Error': [8001, "Error while running CMSSW:\nFatal Exception\nAn exception of category 'ExternalLHEProducer' occurred while\n   [0] Processing global begin Run run: 1\n   [1] Calling method for module ExternalLHEProducer/'externalLHEProducer'\nException Message:\nChild failed with exit code 102.\n", {'type': 'Fatal Exception', 'details': "An exception of category 'ExternalLHEProducer' occurred while\n   [0] Processing global begin Run run: 1\n   [1] Calling method for module ExternalLHEProducer/'externalLHEProducer'\nException Message:\nChild failed with exit code 102.", 'exitCode': 8001}]}, '5': {'Retries': 0, 'Restarts': 0, 'SiteHistory': ['Unknown', 'T2_BE_IIHE', 'T2_BE_IIHE'], 'ResidentSetSize': [45908], 'SubmitTimes': [1743582583.0], 'StartTimes': [1743582754.0], 'EndTimes': [1743582817.0], 'TotalUserCpuTimeHistory': [4.0], 'TotalSysCpuTimeHistory': [0.0], 'WallDurations': [63.0, 198.1412250995636, 198.1412250995636], 'JobIds': ['122094715.0'], 'State': 'failed', 'RecordedSite': True, 'Error': [8001, "Error while running CMSSW:\nFatal Exception\nAn exception of category 'ExternalLHEProducer' occurred while\n   [0] Processing global begin Run run: 1\n   [1] Calling method for module ExternalLHEProducer/'externalLHEProducer'\nException Message:\nChild failed with exit code 102.\n", {'type': 'Fatal Exception', 'details': "An exception of category 'ExternalLHEProducer' occurred while\n   [0] Processing global begin Run run: 1\n   [1] Calling method for module ExternalLHEProducer/'externalLHEProducer'\nException Message:\nChild failed with exit code 102.", 'exitCode': 8001}]}, '14': {'Retries': 0, 'Restarts': 0, 'SiteHistory': ['Unknown', 'T2_BE_IIHE', 'T2_BE_IIHE'], 'ResidentSetSize': [642444], 'SubmitTimes': [1743582583.0], 'StartTimes': [1743582752.0], 'EndTimes': [1743582817.0], 'TotalUserCpuTimeHistory': [6.0], 'TotalSysCpuTimeHistory': [0.0], 'WallDurations': [65.0, 200.1412250995636, 200.1412250995636], 'JobIds': ['122094716.0'], 'State': 'failed', 'RecordedSite': True, 'Error': [8001, "Error while running CMSSW:\nFatal Exception\nAn exception of category 'ExternalLHEProducer' occurred while\n   [0] Processing global begin Run run: 1\n   [1] Calling method for module ExternalLHEProducer/'externalLHEProducer'\nException Message:\nChild failed with exit code 102.\n", {'type': 'Fatal Exception', 'details': "An exception of category 'ExternalLHEProducer' occurred while\n   [0] Processing global begin Run run: 1\n   [1] Calling method for module ExternalLHEProducer/'externalLHEProducer'\nException Message:\nChild failed with exit code 102.", 'exitCode': 8001}]}, '1': {'Retries': 0, 'Restarts': 0, 'SiteHistory': ['Unknown', 'T2_BE_IIHE', 'T2_BE_IIHE'], 'ResidentSetSize': [47244], 'SubmitTimes': [1743582583.0], 'StartTimes': [1743582754.0], 'EndTimes': [1743582817.0], 'TotalUserCpuTimeHistory': [3.0], 'TotalSysCpuTimeHistory': [0.0], 'WallDurations': [63.0, 198.1412250995636, 198.1412250995636], 'JobIds': ['122094717.0'], 'State': 'failed', 'RecordedSite': True, 'Error': [8001, "Error while running CMSSW:\nFatal Exception\nAn exception of category 'ExternalLHEProducer' occurred while\n   [0] Processing global begin Run run: 1\n   [1] Calling method for module ExternalLHEProducer/'externalLHEProducer'\nException Message:\nChild failed with exit code 102.\n", {'type': 'Fatal Exception', 'details': "An exception of category 'ExternalLHEProducer' occurred while\n   [0] Processing global begin Run run: 1\n   [1] Calling method for module ExternalLHEProducer/'externalLHEProducer'\nException Message:\nChild failed with exit code 102.", 'exitCode': 8001}]}, '3': {'Retries': 0, 'Restarts': 0, 'SiteHistory': ['Unknown', 'T2_BE_IIHE', 'T2_BE_IIHE'], 'ResidentSetSize': [641008], 'SubmitTimes': [1743582586.0], 'StartTimes': [1743582753.0], 'EndTimes': [1743582827.0], 'TotalUserCpuTimeHistory': [11.0], 'TotalSysCpuTimeHistory': [1.0], 'WallDurations': [74.0, 199.1412250995636, 199.1412250995636], 'JobIds': ['122094718.0'], 'State': 'failed', 'RecordedSite': True, 'Error': [8001, "Error while running CMSSW:\nFatal Exception\nAn exception of category 'ExternalLHEProducer' occurred while\n   [0] Processing global begin Run run: 1\n   [1] Calling method for module ExternalLHEProducer/'externalLHEProducer'\nException Message:\nChild failed with exit code 102.\n", {'type': 'Fatal Exception', 'details': "An exception of category 'ExternalLHEProducer' occurred while\n   [0] Processing global begin Run run: 1\n   [1] Calling method for module ExternalLHEProducer/'externalLHEProducer'\nException Message:\nChild failed with exit code 102.", 'exitCode': 8001}]}, '7': {'Retries': 0, 'Restarts': 0, 'SiteHistory': ['Unknown', 'T2_BE_IIHE', 'T2_BE_IIHE'], 'ResidentSetSize': [862376], 'SubmitTimes': [1743582588.0], 'StartTimes': [1743582752.0], 'EndTimes': [1743582816.0], 'TotalUserCpuTimeHistory': [7.0], 'TotalSysCpuTimeHistory': [0.0], 'WallDurations': [64.0, 200.1412250995636, 200.1412250995636], 'JobIds': ['122094720.0'], 'State': 'failed', 'RecordedSite': True, 'Error': [8001, "Error while running CMSSW:\nFatal Exception\nAn exception of category 'ExternalLHEProducer' occurred while\n   [0] Processing global begin Run run: 1\n   [1] Calling method for module ExternalLHEProducer/'externalLHEProducer'\nException Message:\nChild failed with exit code 102.\n", {'type': 'Fatal Exception', 'details': "An exception of category 'ExternalLHEProducer' occurred while\n   [0] Processing global begin Run run: 1\n   [1] Calling method for module ExternalLHEProducer/'externalLHEProducer'\nException Message:\nChild failed with exit code 102.", 'exitCode': 8001}]}, '15': {'Retries': 0, 'Restarts': 0, 'SiteHistory': ['Unknown', 'T2_BE_IIHE', 'T2_BE_IIHE'], 'ResidentSetSize': [30964], 'SubmitTimes': [1743582588.0], 'StartTimes': [1743582753.0], 'EndTimes': [1743582817.0], 'TotalUserCpuTimeHistory': [6.0], 'TotalSysCpuTimeHistory': [0.0], 'WallDurations': [64.0, 199.1412250995636, 199.1412250995636], 'JobIds': ['122094722.0'], 'State': 'failed', 'RecordedSite': True, 'Error': [8001, "Error while running CMSSW:\nFatal Exception\nAn exception of category 'ExternalLHEProducer' occurred while\n   [0] Processing global begin Run run: 1\n   [1] Calling method for module ExternalLHEProducer/'externalLHEProducer'\nException Message:\nChild failed with exit code 102.\n", {'type': 'Fatal Exception', 'details': "An exception of category 'ExternalLHEProducer' occurred while\n   [0] Processing global begin Run run: 1\n   [1] Calling method for module ExternalLHEProducer/'externalLHEProducer'\nException Message:\nChild failed with exit code 102.", 'exitCode': 8001}]}, '20': {'Retries': 0, 'Restarts': 0, 'SiteHistory': ['Unknown', 'T2_BE_IIHE', 'T2_BE_IIHE'], 'ResidentSetSize': [66932], 'SubmitTimes': [1743582588.0], 'StartTimes': [1743582753.0], 'EndTimes': [1743582817.0], 'TotalUserCpuTimeHistory': [4.0], 'TotalSysCpuTimeHistory': [0.0], 'WallDurations': [64.0, 199.1412250995636, 199.1412250995636], 'JobIds': ['122094725.0'], 'State': 'failed', 'RecordedSite': True, 'Error': [8001, "Error while running CMSSW:\nFatal Exception\nAn exception of category 'ExternalLHEProducer' occurred while\n   [0] Processing global begin Run run: 1\n   [1] Calling method for module ExternalLHEProducer/'externalLHEProducer'\nException Message:\nChild failed with exit code 102.\n", {'type': 'Fatal Exception', 'details': "An exception of category 'ExternalLHEProducer' occurred while\n   [0] Processing global begin Run run: 1\n   [1] Calling method for module ExternalLHEProducer/'externalLHEProducer'\nException Message:\nChild failed with exit code 102.", 'exitCode': 8001}]}, '12': {'Retries': 0, 'Restarts': 0, 'SiteHistory': ['Unknown', 'T2_BE_IIHE', 'T2_BE_IIHE'], 'ResidentSetSize': [859548], 'SubmitTimes': [1743582589.0], 'StartTimes': [1743582752.0], 'EndTimes': [1743582817.0], 'TotalUserCpuTimeHistory': [11.0], 'TotalSysCpuTimeHistory': [1.0], 'WallDurations': [65.0, 200.1412250995636, 200.1412250995636], 'JobIds': ['122094729.0'], 'State': 'failed', 'RecordedSite': True, 'Error': [8001, "Error while running CMSSW:\nFatal Exception\nAn exception of category 'ExternalLHEProducer' occurred while\n   [0] Processing global begin Run run: 1\n   [1] Calling method for module ExternalLHEProducer/'externalLHEProducer'\nException Message:\nChild failed with exit code 102.\n", {'type': 'Fatal Exception', 'details': "An exception of category 'ExternalLHEProducer' occurred while\n   [0] Processing global begin Run run: 1\n   [1] Calling method for module ExternalLHEProducer/'externalLHEProducer'\nException Message:\nChild failed with exit code 102.", 'exitCode': 8001}]}, '24': {'Retries': 0, 'Restarts': 0, 'SiteHistory': ['Unknown', 'T2_BE_IIHE', 'T2_BE_IIHE'], 'ResidentSetSize': [639188], 'SubmitTimes': [1743582594.0], 'StartTimes': [1743582754.0], 'EndTimes': [1743582834.0], 'TotalUserCpuTimeHistory': [19.0], 'TotalSysCpuTimeHistory': [1.0], 'WallDurations': [80.0, 198.1412250995636, 198.1412250995636], 'JobIds': ['122094757.0'], 'State': 'failed', 'RecordedSite': True, 'Error': [8001, "Error while running CMSSW:\nFatal Exception\nAn exception of category 'ExternalLHEProducer' occurred while\n   [0] Processing global begin Run run: 1\n   [1] Calling method for module ExternalLHEProducer/'externalLHEProducer'\nException Message:\nChild failed with exit code 102.\n", {'type': 'Fatal Exception', 'details': "An exception of category 'ExternalLHEProducer' occurred while\n   [0] Processing global begin Run run: 1\n   [1] Calling method for module ExternalLHEProducer/'externalLHEProducer'\nException Message:\nChild failed with exit code 102.", 'exitCode': 8001}]}, '22': {'Retries': 0, 'Restarts': 0, 'SiteHistory': ['Unknown', 'T2_BE_IIHE', 'T2_BE_IIHE'], 'ResidentSetSize': [121516], 'SubmitTimes': [1743582594.0], 'StartTimes': [1743582752.0], 'EndTimes': [1743582817.0], 'TotalUserCpuTimeHistory': [3.0], 'TotalSysCpuTimeHistory': [0.0], 'WallDurations': [65.0, 200.1412250995636, 200.1412250995636], 'JobIds': ['122094759.0'], 'State': 'failed', 'RecordedSite': True, 'Error': [8001, "Error while running CMSSW:\nFatal Exception\nAn exception of category 'ExternalLHEProducer' occurred while\n   [0] Processing global begin Run run: 1\n   [1] Calling method for module ExternalLHEProducer/'externalLHEProducer'\nException Message:\nChild failed with exit code 102.\n", {'type': 'Fatal Exception', 'details': "An exception of category 'ExternalLHEProducer' occurred while\n   [0] Processing global begin Run run: 1\n   [1] Calling method for module ExternalLHEProducer/'externalLHEProducer'\nException Message:\nChild failed with exit code 102.", 'exitCode': 8001}]}, '29': {'Retries': 0, 'Restarts': 0, 'SiteHistory': ['Unknown', 'T2_BE_IIHE', 'T2_BE_IIHE'], 'ResidentSetSize': [45864], 'SubmitTimes': [1743582594.0], 'StartTimes': [1743582753.0], 'EndTimes': [1743582818.0], 'TotalUserCpuTimeHistory': [3.0], 'TotalSysCpuTimeHistory': [0.0], 'WallDurations': [65.0, 199.1412250995636, 199.1412250995636], 'JobIds': ['122094761.0'], 'State': 'failed', 'RecordedSite': True, 'Error': [8001, "Error while running CMSSW:\nFatal Exception\nAn exception of category 'ExternalLHEProducer' occurred while\n   [0] Processing global begin Run run: 1\n   [1] Calling method for module ExternalLHEProducer/'externalLHEProducer'\nException Message:\nChild failed with exit code 102.\n", {'type': 'Fatal Exception', 'details': "An exception of category 'ExternalLHEProducer' occurred while\n   [0] Processing global begin Run run: 1\n   [1] Calling method for module ExternalLHEProducer/'externalLHEProducer'\nException Message:\nChild failed with exit code 102.", 'exitCode': 8001}]}, '32': {'Retries': 0, 'Restarts': 0, 'SiteHistory': ['Unknown', 'T2_BE_IIHE', 'T2_BE_IIHE'], 'ResidentSetSize': [72872], 'SubmitTimes': [1743582594.0], 'StartTimes': [1743582753.0], 'EndTimes': [1743582817.0], 'TotalUserCpuTimeHistory': [5.0], 'TotalSysCpuTimeHistory': [0.0], 'WallDurations': [64.0, 199.1412250995636, 199.1412250995636], 'JobIds': ['122094765.0'], 'State': 'failed', 'RecordedSite': True, 'Error': [8001, "Error while running CMSSW:\nFatal Exception\nAn exception of category 'ExternalLHEProducer' occurred while\n   [0] Processing global begin Run run: 1\n   [1] Calling method for module ExternalLHEProducer/'externalLHEProducer'\nException Message:\nChild failed with exit code 102.\n", {'type': 'Fatal Exception', 'details': "An exception of category 'ExternalLHEProducer' occurred while\n   [0] Processing global begin Run run: 1\n   [1] Calling method for module ExternalLHEProducer/'externalLHEProducer'\nException Message:\nChild failed with exit code 102.", 'exitCode': 8001}]}, '18': {'Retries': 0, 'Restarts': 0, 'SiteHistory': ['Unknown', 'T2_BE_IIHE', 'T2_BE_IIHE'], 'ResidentSetSize': [48916], 'SubmitTimes': [1743582595.0], 'StartTimes': [1743582752.0], 'EndTimes': [1743582816.0], 'TotalUserCpuTimeHistory': [4.0], 'TotalSysCpuTimeHistory': [0.0], 'WallDurations': [64.0, 200.1412250995636, 200.1412250995636], 'JobIds': ['122094769.0'], 'State': 'failed', 'RecordedSite': True, 'Error': [8001, "Error while running CMSSW:\nFatal Exception\nAn exception of category 'ExternalLHEProducer' occurred while\n   [0] Processing global begin Run run: 1\n   [1] Calling method for module ExternalLHEProducer/'externalLHEProducer'\nException Message:\nChild failed with exit code 102.\n", {'type': 'Fatal Exception', 'details': "An exception of category 'ExternalLHEProducer' occurred while\n   [0] Processing global begin Run run: 1\n   [1] Calling method for module ExternalLHEProducer/'externalLHEProducer'\nException Message:\nChild failed with exit code 102.", 'exitCode': 8001}]}, '8': {'Retries': 0, 'Restarts': 0, 'SiteHistory': ['Unknown', 'T2_BE_IIHE', 'T2_BE_IIHE'], 'ResidentSetSize': [638748], 'SubmitTimes': [1743582595.0], 'StartTimes': [1743582752.0], 'EndTimes': [1743582816.0], 'TotalUserCpuTimeHistory': [9.0], 'TotalSysCpuTimeHistory': [0.0], 'WallDurations': [64.0, 200.1412250995636, 200.1412250995636], 'JobIds': ['122094773.0'], 'State': 'failed', 'RecordedSite': True, 'Error': [8001, "Error while running CMSSW:\nFatal Exception\nAn exception of category 'ExternalLHEProducer' occurred while\n   [0] Processing global begin Run run: 1\n   [1] Calling method for module ExternalLHEProducer/'externalLHEProducer'\nException Message:\nChild failed with exit code 102.\n", {'type': 'Fatal Exception', 'details': "An exception of category 'ExternalLHEProducer' occurred while\n   [0] Processing global begin Run run: 1\n   [1] Calling method for module ExternalLHEProducer/'externalLHEProducer'\nException Message:\nChild failed with exit code 102.", 'exitCode': 8001}]}, '4': {'Retries': 0, 'Restarts': 0, 'SiteHistory': ['Unknown', 'T2_BE_IIHE', 'T2_BE_IIHE'], 'ResidentSetSize': [61728], 'SubmitTimes': [1743582595.0], 'StartTimes': [1743582753.0], 'EndTimes': [1743582817.0], 'TotalUserCpuTimeHistory': [3.0], 'TotalSysCpuTimeHistory': [0.0], 'WallDurations': [64.0, 199.1412250995636, 199.1412250995636], 'JobIds': ['122094777.0'], 'State': 'failed', 'RecordedSite': True, 'Error': [8001, "Error while running CMSSW:\nFatal Exception\nAn exception of category 'ExternalLHEProducer' occurred while\n   [0] Processing global begin Run run: 1\n   [1] Calling method for module ExternalLHEProducer/'externalLHEProducer'\nException Message:\nChild failed with exit code 102.\n", {'type': 'Fatal Exception', 'details': "An exception of category 'ExternalLHEProducer' occurred while\n   [0] Processing global begin Run run: 1\n   [1] Calling method for module ExternalLHEProducer/'externalLHEProducer'\nException Message:\nChild failed with exit code 102.", 'exitCode': 8001}]}, '28': {'Retries': 0, 'Restarts': 0, 'SiteHistory': ['Unknown', 'T2_BE_IIHE', 'T2_BE_IIHE'], 'ResidentSetSize': [47248], 'SubmitTimes': [1743582596.0], 'StartTimes': [1743582753.0], 'EndTimes': [1743582818.0], 'TotalUserCpuTimeHistory': [7.0], 'TotalSysCpuTimeHistory': [0.0], 'WallDurations': [65.0, 199.1412250995636, 199.1412250995636], 'JobIds': ['122094779.0'], 'State': 'failed', 'RecordedSite': True, 'Error': [8001, "Error while running CMSSW:\nFatal Exception\nAn exception of category 'ExternalLHEProducer' occurred while\n   [0] Processing global begin Run run: 1\n   [1] Calling method for module ExternalLHEProducer/'externalLHEProducer'\nException Message:\nChild failed with exit code 102.\n", {'type': 'Fatal Exception', 'details': "An exception of category 'ExternalLHEProducer' occurred while\n   [0] Processing global begin Run run: 1\n   [1] Calling method for module ExternalLHEProducer/'externalLHEProducer'\nException Message:\nChild failed with exit code 102.", 'exitCode': 8001}]}, '26': {'Retries': 0, 'Restarts': 0, 'SiteHistory': ['Unknown', 'T2_BE_IIHE', 'T2_BE_IIHE'], 'ResidentSetSize': [832612], 'SubmitTimes': [1743582596.0], 'StartTimes': [1743582753.0], 'EndTimes': [1743582819.0], 'TotalUserCpuTimeHistory': [12.0], 'TotalSysCpuTimeHistory': [2.0], 'WallDurations': [66.0, 199.1412250995636, 199.1412250995636], 'JobIds': ['122094781.0'], 'State': 'failed', 'RecordedSite': True, 'Error': [8001, "Error while running CMSSW:\nFatal Exception\nAn exception of category 'ExternalLHEProducer' occurred while\n   [0] Processing global begin Run run: 1\n   [1] Calling method for module ExternalLHEProducer/'externalLHEProducer'\nException Message:\nChild failed with exit code 102.\n", {'type': 'Fatal Exception', 'details': "An exception of category 'ExternalLHEProducer' occurred while\n   [0] Processing global begin Run run: 1\n   [1] Calling method for module ExternalLHEProducer/'externalLHEProducer'\nException Message:\nChild failed with exit code 102.", 'exitCode': 8001}]}, '36': {'Retries': 0, 'Restarts': 0, 'SiteHistory': ['Unknown', 'T2_BE_IIHE', 'T2_BE_IIHE'], 'ResidentSetSize': [107680], 'SubmitTimes': [1743582596.0], 'StartTimes': [1743582752.0], 'EndTimes': [1743582815.0], 'TotalUserCpuTimeHistory': [4.0], 'TotalSysCpuTimeHistory': [0.0], 'WallDurations': [63.0, 200.1412250995636, 200.1412250995636], 'JobIds': ['122094783.0'], 'State': 'failed', 'RecordedSite': True, 'Error': [8001, "Error while running CMSSW:\nFatal Exception\nAn exception of category 'ExternalLHEProducer' occurred while\n   [0] Processing global begin Run run: 1\n   [1] Calling method for module ExternalLHEProducer/'externalLHEProducer'\nException Message:\nChild failed with exit code 102.\n", {'type': 'Fatal Exception', 'details': "An exception of category 'ExternalLHEProducer' occurred while\n   [0] Processing global begin Run run: 1\n   [1] Calling method for module ExternalLHEProducer/'externalLHEProducer'\nException Message:\nChild failed with exit code 102.", 'exitCode': 8001}]}, '13': {'Retries': 0, 'Restarts': 0, 'SiteHistory': ['Unknown', 'T2_BE_IIHE', 'T2_BE_IIHE'], 'ResidentSetSize': [31380], 'SubmitTimes': [1743582596.0], 'StartTimes': [1743582753.0], 'EndTimes': [1743582817.0], 'TotalUserCpuTimeHistory': [4.0], 'TotalSysCpuTimeHistory': [0.0], 'WallDurations': [64.0, 199.1412250995636, 199.1412250995636], 'JobIds': ['122094785.0'], 'State': 'failed', 'RecordedSite': True, 'Error': [8001, "Error while running CMSSW:\nFatal Exception\nAn exception of category 'ExternalLHEProducer' occurred while\n   [0] Processing global begin Run run: 1\n   [1] Calling method for module ExternalLHEProducer/'externalLHEProducer'\nException Message:\nChild failed with exit code 102.\n", {'type': 'Fatal Exception', 'details': "An exception of category 'ExternalLHEProducer' occurred while\n   [0] Processing global begin Run run: 1\n   [1] Calling method for module ExternalLHEProducer/'externalLHEProducer'\nException Message:\nChild failed with exit code 102.", 'exitCode': 8001}]}, '23': {'Retries': 0, 'Restarts': 0, 'SiteHistory': ['Unknown', 'T2_BE_IIHE', 'T2_BE_IIHE'], 'ResidentSetSize': [850056], 'SubmitTimes': [1743582596.0], 'StartTimes': [1743582754.0], 'EndTimes': [1743582817.0], 'TotalUserCpuTimeHistory': [10.0], 'TotalSysCpuTimeHistory': [0.0], 'WallDurations': [63.0, 198.1412250995636, 198.1412250995636], 'JobIds': ['122094788.0'], 'State': 'failed', 'RecordedSite': True, 'Error': [8001, "Error while running CMSSW:\nFatal Exception\nAn exception of category 'ExternalLHEProducer' occurred while\n   [0] Processing global begin Run run: 1\n   [1] Calling method for module ExternalLHEProducer/'externalLHEProducer'\nException Message:\nChild failed with exit code 102.\n", {'type': 'Fatal Exception', 'details': "An exception of category 'ExternalLHEProducer' occurred while\n   [0] Processing global begin Run run: 1\n   [1] Calling method for module ExternalLHEProducer/'externalLHEProducer'\nException Message:\nChild failed with exit code 102.", 'exitCode': 8001}]}, '25': {'Retries': 0, 'Restarts': 0, 'SiteHistory': ['Unknown', 'T2_BE_IIHE', 'T2_BE_IIHE'], 'ResidentSetSize': [43344], 'SubmitTimes': [1743582596.0], 'StartTimes': [1743582753.0], 'EndTimes': [1743582817.0], 'TotalUserCpuTimeHistory': [4.0], 'TotalSysCpuTimeHistory': [0.0], 'WallDurations': [64.0, 199.1412250995636, 199.1412250995636], 'JobIds': ['122094790.0'], 'State': 'failed', 'RecordedSite': True, 'Error': [8001, "Error while running CMSSW:\nFatal Exception\nAn exception of category 'ExternalLHEProducer' occurred while\n   [0] Processing global begin Run run: 1\n   [1] Calling method for module ExternalLHEProducer/'externalLHEProducer'\nException Message:\nChild failed with exit code 102.\n", {'type': 'Fatal Exception', 'details': "An exception of category 'ExternalLHEProducer' occurred while\n   [0] Processing global begin Run run: 1\n   [1] Calling method for module ExternalLHEProducer/'externalLHEProducer'\nException Message:\nChild failed with exit code 102.", 'exitCode': 8001}]}, '27': {'Retries': 0, 'Restarts': 0, 'SiteHistory': ['Unknown', 'T2_BE_IIHE', 'T2_BE_IIHE'], 'ResidentSetSize': [43412], 'SubmitTimes': [1743582596.0], 'StartTimes': [1743582753.0], 'EndTimes': [1743582817.0], 'TotalUserCpuTimeHistory': [3.0], 'TotalSysCpuTimeHistory': [0.0], 'WallDurations': [64.0, 199.1412250995636, 199.1412250995636], 'JobIds': ['122094792.0'], 'State': 'failed', 'RecordedSite': True, 'Error': [8001, "Error while running CMSSW:\nFatal Exception\nAn exception of category 'ExternalLHEProducer' occurred while\n   [0] Processing global begin Run run: 1\n   [1] Calling method for module ExternalLHEProducer/'externalLHEProducer'\nException Message:\nChild failed with exit code 102.\n", {'type': 'Fatal Exception', 'details': "An exception of category 'ExternalLHEProducer' occurred while\n   [0] Processing global begin Run run: 1\n   [1] Calling method for module ExternalLHEProducer/'externalLHEProducer'\nException Message:\nChild failed with exit code 102.", 'exitCode': 8001}]}, '30': {'Retries': 0, 'Restarts': 0, 'SiteHistory': ['Unknown', 'T2_UK_London_IC', 'T2_UK_London_IC'], 'ResidentSetSize': [857192], 'SubmitTimes': [1743582596.0], 'StartTimes': [1743582752.0], 'EndTimes': [1743582890.0], 'TotalUserCpuTimeHistory': [8.0], 'TotalSysCpuTimeHistory': [1.0], 'WallDurations': [138.0, 200.1412250995636, 200.1412250995636], 'JobIds': ['122094795.0'], 'State': 'failed', 'RecordedSite': True, 'Error': [8001, "Error while running CMSSW:\nFatal Exception\nAn exception of category 'ExternalLHEProducer' occurred while\n   [0] Processing global begin Run run: 1\n   [1] Calling method for module ExternalLHEProducer/'externalLHEProducer'\nException Message:\nChild failed with exit code 102.\n", {'type': 'Fatal Exception', 'details': "An exception of category 'ExternalLHEProducer' occurred while\n   [0] Processing global begin Run run: 1\n   [1] Calling method for module ExternalLHEProducer/'externalLHEProducer'\nException Message:\nChild failed with exit code 102.", 'exitCode': 8001}]}, '31': {'Retries': 0, 'Restarts': 0, 'SiteHistory': ['Unknown', 'T2_BE_IIHE', 'T2_BE_IIHE'], 'ResidentSetSize': [836680], 'SubmitTimes': [1743582597.0], 'StartTimes': [1743582752.0], 'EndTimes': [1743582845.0], 'TotalUserCpuTimeHistory': [11.0], 'TotalSysCpuTimeHistory': [0.0], 'WallDurations': [93.0, 200.1412250995636, 200.1412250995636], 'JobIds': ['122094798.0'], 'State': 'failed', 'RecordedSite': True, 'Error': [8001, "Error while running CMSSW:\nFatal Exception\nAn exception of category 'ExternalLHEProducer' occurred while\n   [0] Processing global begin Run run: 1\n   [1] Calling method for module ExternalLHEProducer/'externalLHEProducer'\nException Message:\nChild failed with exit code 102.\n", {'type': 'Fatal Exception', 'details': "An exception of category 'ExternalLHEProducer' occurred while\n   [0] Processing global begin Run run: 1\n   [1] Calling method for module ExternalLHEProducer/'externalLHEProducer'\nException Message:\nChild failed with exit code 102.", 'exitCode': 8001}]}, '33': {'Retries': 0, 'Restarts': 0, 'SiteHistory': ['Unknown', 'T2_BE_IIHE', 'T2_BE_IIHE'], 'ResidentSetSize': [111192], 'SubmitTimes': [1743582597.0], 'StartTimes': [1743582753.0], 'EndTimes': [1743582818.0], 'TotalUserCpuTimeHistory': [12.0], 'TotalSysCpuTimeHistory': [1.0], 'WallDurations': [65.0, 199.1412250995636, 199.1412250995636], 'JobIds': ['122094801.0'], 'State': 'failed', 'RecordedSite': True, 'Error': [8001, "Error while running CMSSW:\nFatal Exception\nAn exception of category 'ExternalLHEProducer' occurred while\n   [0] Processing global begin Run run: 1\n   [1] Calling method for module ExternalLHEProducer/'externalLHEProducer'\nException Message:\nChild failed with exit code 102.\n", {'type': 'Fatal Exception', 'details': "An exception of category 'ExternalLHEProducer' occurred while\n   [0] Processing global begin Run run: 1\n   [1] Calling method for module ExternalLHEProducer/'externalLHEProducer'\nException Message:\nChild failed with exit code 102.", 'exitCode': 8001}]}, '34': {'Retries': 0, 'Restarts': 0, 'SiteHistory': ['Unknown', 'T2_BE_IIHE', 'T2_BE_IIHE'], 'ResidentSetSize': [42064], 'SubmitTimes': [1743582597.0], 'StartTimes': [1743582753.0], 'EndTimes': [1743582817.0], 'TotalUserCpuTimeHistory': [3.0], 'TotalSysCpuTimeHistory': [0.0], 'WallDurations': [64.0, 199.1412250995636, 199.1412250995636], 'JobIds': ['122094804.0'], 'State': 'failed', 'RecordedSite': True, 'Error': [8001, "Error while running CMSSW:\nFatal Exception\nAn exception of category 'ExternalLHEProducer' occurred while\n   [0] Processing global begin Run run: 1\n   [1] Calling method for module ExternalLHEProducer/'externalLHEProducer'\nException Message:\nChild failed with exit code 102.\n", {'type': 'Fatal Exception', 'details': "An exception of category 'ExternalLHEProducer' occurred while\n   [0] Processing global begin Run run: 1\n   [1] Calling method for module ExternalLHEProducer/'externalLHEProducer'\nException Message:\nChild failed with exit code 102.", 'exitCode': 8001}]}, '35': {'Retries': 0, 'Restarts': 0, 'SiteHistory': ['Unknown', 'T2_BE_IIHE', 'T2_BE_IIHE'], 'ResidentSetSize': [861724], 'SubmitTimes': [1743582597.0], 'StartTimes': [1743582753.0], 'EndTimes': [1743582817.0], 'TotalUserCpuTimeHistory': [6.0], 'TotalSysCpuTimeHistory': [0.0], 'WallDurations': [64.0, 199.1412250995636, 199.1412250995636], 'JobIds': ['122094806.0'], 'State': 'failed', 'RecordedSite': True, 'Error': [8001, "Error while running CMSSW:\nFatal Exception\nAn exception of category 'ExternalLHEProducer' occurred while\n   [0] Processing global begin Run run: 1\n   [1] Calling method for module ExternalLHEProducer/'externalLHEProducer'\nException Message:\nChild failed with exit code 102.\n", {'type': 'Fatal Exception', 'details': "An exception of category 'ExternalLHEProducer' occurred while\n   [0] Processing global begin Run run: 1\n   [1] Calling method for module ExternalLHEProducer/'externalLHEProducer'\nException Message:\nChild failed with exit code 102.", 'exitCode': 8001}]}, '37': {'Retries': 0, 'Restarts': 0, 'SiteHistory': ['Unknown', 'T2_BE_IIHE', 'T2_BE_IIHE'], 'ResidentSetSize': [642084], 'SubmitTimes': [1743582597.0], 'StartTimes': [1743582753.0], 'EndTimes': [1743582817.0], 'TotalUserCpuTimeHistory': [5.0], 'TotalSysCpuTimeHistory': [0.0], 'WallDurations': [64.0, 199.1412250995636, 199.1412250995636], 'JobIds': ['122094808.0'], 'State': 'failed', 'RecordedSite': True, 'Error': [8001, "Error while running CMSSW:\nFatal Exception\nAn exception of category 'ExternalLHEProducer' occurred while\n   [0] Processing global begin Run run: 1\n   [1] Calling method for module ExternalLHEProducer/'externalLHEProducer'\nException Message:\nChild failed with exit code 102.\n", {'type': 'Fatal Exception', 'details': "An exception of category 'ExternalLHEProducer' occurred while\n   [0] Processing global begin Run run: 1\n   [1] Calling method for module ExternalLHEProducer/'externalLHEProducer'\nException Message:\nChild failed with exit code 102.", 'exitCode': 8001}]}, '38': {'Retries': 0, 'Restarts': 0, 'SiteHistory': ['Unknown', 'T2_ES_CIEMAT', 'T2_ES_CIEMAT'], 'ResidentSetSize': [99348], 'SubmitTimes': [1743582597.0], 'StartTimes': [1743582754.0], 'EndTimes': [1743582817.0], 'TotalUserCpuTimeHistory': [7.0], 'TotalSysCpuTimeHistory': [0.0], 'WallDurations': [63.0, 198.1412250995636, 198.1412250995636], 'JobIds': ['122094811.0'], 'State': 'failed', 'RecordedSite': True, 'Error': [8001, "Error while running CMSSW:\nFatal Exception\nAn exception of category 'ExternalLHEProducer' occurred while\n   [0] Processing global begin Run run: 1\n   [1] Calling method for module ExternalLHEProducer/'externalLHEProducer'\nException Message:\nChild failed with exit code 102.\n", {'type': 'Fatal Exception', 'details': "An exception of category 'ExternalLHEProducer' occurred while\n   [0] Processing global begin Run run: 1\n   [1] Calling method for module ExternalLHEProducer/'externalLHEProducer'\nException Message:\nChild failed with exit code 102.", 'exitCode': 8001}]}, '39': {'Retries': 0, 'Restarts': 0, 'SiteHistory': ['Unknown', 'T2_UK_SGrid_RALPP', 'T2_UK_SGrid_RALPP'], 'ResidentSetSize': [90240], 'SubmitTimes': [1743582597.0], 'StartTimes': [1743582753.0], 'EndTimes': [1743582818.0], 'TotalUserCpuTimeHistory': [6.0], 'TotalSysCpuTimeHistory': [0.0], 'WallDurations': [65.0, 199.1412250995636, 199.1412250995636], 'JobIds': ['122094813.0'], 'State': 'failed', 'RecordedSite': True, 'Error': [8001, "Error while running CMSSW:\nFatal Exception\nAn exception of category 'ExternalLHEProducer' occurred while\n   [0] Processing global begin Run run: 1\n   [1] Calling method for module ExternalLHEProducer/'externalLHEProducer'\nException Message:\nChild failed with exit code 102.\n", {'type': 'Fatal Exception', 'details': "An exception of category 'ExternalLHEProducer' occurred while\n   [0] Processing global begin Run run: 1\n   [1] Calling method for module ExternalLHEProducer/'externalLHEProducer'\nException Message:\nChild failed with exit code 102.", 'exitCode': 8001}]}, '40': {'Retries': 0, 'Restarts': 0, 'SiteHistory': ['Unknown', 'T2_BE_IIHE', 'T2_BE_IIHE'], 'ResidentSetSize': [852652], 'SubmitTimes': [1743582597.0], 'StartTimes': [1743582753.0], 'EndTimes': [1743582821.0], 'TotalUserCpuTimeHistory': [8.0], 'TotalSysCpuTimeHistory': [0.0], 'WallDurations': [68.0, 199.1412250995636, 199.1412250995636], 'JobIds': ['122094816.0'], 'State': 'failed', 'RecordedSite': True, 'Error': [8001, "Error while running CMSSW:\nFatal Exception\nAn exception of category 'ExternalLHEProducer' occurred while\n   [0] Processing global begin Run run: 1\n   [1] Calling method for module ExternalLHEProducer/'externalLHEProducer'\nException Message:\nChild failed with exit code 102.\n", {'type': 'Fatal Exception', 'details': "An exception of category 'ExternalLHEProducer' occurred while\n   [0] Processing global begin Run run: 1\n   [1] Calling method for module ExternalLHEProducer/'externalLHEProducer'\nException Message:\nChild failed with exit code 102.", 'exitCode': 8001}]}, '21': {'Retries': 0, 'Restarts': 0, 'SiteHistory': ['Unknown', 'T2_BE_IIHE', 'T2_BE_IIHE'], 'ResidentSetSize': [639376], 'SubmitTimes': [1743582597.0], 'StartTimes': [1743582753.0], 'EndTimes': [1743582817.0], 'TotalUserCpuTimeHistory': [10.0], 'TotalSysCpuTimeHistory': [0.0], 'WallDurations': [64.0, 199.1412250995636, 199.1412250995636], 'JobIds': ['122094818.0'], 'State': 'failed', 'RecordedSite': True, 'Error': [8001, "Error while running CMSSW:\nFatal Exception\nAn exception of category 'ExternalLHEProducer' occurred while\n   [0] Processing global begin Run run: 1\n   [1] Calling method for module ExternalLHEProducer/'externalLHEProducer'\nException Message:\nChild failed with exit code 102.\n", {'type': 'Fatal Exception', 'details': "An exception of category 'ExternalLHEProducer' occurred while\n   [0] Processing global begin Run run: 1\n   [1] Calling method for module ExternalLHEProducer/'externalLHEProducer'\nException Message:\nChild failed with exit code 102.", 'exitCode': 8001}]}}
INFO 2025-04-02 09:03:56.007 UTC: 	 Status on the scheduler:	FAILED
INFO 2025-04-02 09:03:56.007 UTC: 	 
Jobs status:                    failed       		100.0% (40/40)
INFO 2025-04-02 09:03:56.007 UTC: 	 
No publication information (publication has been disabled in the CRAB configuration file)
INFO 2025-04-02 09:03:56.007 UTC: 	 
Error Summary: (use crab status --verboseErrors for details about the errors)

40 jobs failed with exit code 8001

Have a look at https://twiki.cern.ch/twiki/bin/viewauth/CMSPublic/JobExitCodes for a description of the exit codes.
INFO 2025-04-02 09:03:56.008 UTC: 	 
Warning: the max jobs runtime is less than 30% of the task requested value (1250 min), please consider to request a lower value for failed jobs (allowed through crab resubmit) and/or improve the jobs splitting (e.g. config.Data.splitting = 'Automatic') in a new task.
INFO 2025-04-02 09:03:56.008 UTC: 	 
Warning: the average jobs CPU efficiency is less than 50%, please consider to improve the jobs splitting (e.g. config.Data.splitting = 'Automatic') in a new task
INFO 2025-04-02 09:03:56.008 UTC: 	 
Summary of run jobs:
 * Memory: 46MB min, 911MB max, 371MB ave
 * Runtime: 0:03:18 min, 0:03:20 max, 0:03:19 ave
 * CPU eff: 1% min, 10% max, 3% ave
 * Waste: 2:57:48 (57% of total)

INFO 2025-04-02 09:03:56.010 UTC: 	 Log file is /home/choij/workspace/CustomNanoGEN_CMSSW_13_0_13/src/Configuration/CustomNanoGEN/crab/crab_projects/crab_DY0j_LO_5f_CPPAVX2/crab.log
