DEBUG 2025-04-02 08:37:08.367 UTC: 	 CRAB Client version: v3.250318
DEBUG 2025-04-02 08:37:08.367 UTC: 	 Running on: Linux private-snu 6.13.8-200.fc41.x86_64 #1 SMP PREEMPT_DYNAMIC Sun Mar 23 05:03:09 UTC 2025 x86_64 x86_64 x86_64 GNU/Linux
DEBUG 2025-04-02 08:37:08.367 UTC: 	 Using SINGULARITY image: private-el8.sif
DEBUG 2025-04-02 08:37:08.367 UTC: 	 Operating System: AlmaLinux 8.10 (Cerulean Leopard)
DEBUG 2025-04-02 08:37:08.367 UTC: 	 Executing command: 'submit'
DEBUG 2025-04-02 08:37:08.367 UTC: 	 Found CRAB cache file /home/choij/.crab3
INFO 2025-04-02 08:37:08.367 UTC: 	 Will use CRAB configuration file crab_config_W3j_LO_5f_UPSTREAM.py
DEBUG 2025-04-02 08:37:08.367 UTC: 	 Loading CRAB configuration file.
DEBUG 2025-04-02 08:37:10.057 UTC: 	 Will use CRAB plugin PRIVATEMC (i.e. will run an a MC generation job type).
DEBUG 2025-04-02 08:37:10.057 UTC: 	 Checking credentials
DEBUG 2025-04-02 08:37:10.057 UTC: 	 Found proxy file /tmp/x509up_u1000
DEBUG 2025-04-02 08:37:10.057 UTC: 	 Making sure it has proper VOMS extension
DEBUG 2025-04-02 08:37:10.057 UTC: 	 Executing command :
 voms-proxy-info --vo --file /tmp/x509up_u1000
DEBUG 2025-04-02 08:37:10.375 UTC: 	 output : cms

 error: 
 retcode : 0
DEBUG 2025-04-02 08:37:10.375 UTC: 	 Getting proxy life time left
DEBUG 2025-04-02 08:37:10.375 UTC: 	 Executing command :
 voms-proxy-info --actimeleft --timeleft --file /tmp/x509up_u1000
DEBUG 2025-04-02 08:37:10.700 UTC: 	 output : 593639
593639

 error: 
 retcode : 0
DEBUG 2025-04-02 08:37:10.700 UTC: 	 Proxy valid for 164:53:59 hours
DEBUG 2025-04-02 08:37:10.700 UTC: 	 Encoded data for curl request: subresource=delegatedn
DEBUG 2025-04-02 08:37:11.530 UTC: 	 Registering user credentials on myproxy for /DC=ch/DC=cern/OU=computers/CN=crab-(preprod|prod)-tw(01|02).cern.ch|/DC=ch/DC=cern/OU=computers/CN=crab-dev-tw(01|02|03|04).cern.ch|/DC=ch/DC=cern/OU=Organic Units/OU=Users/CN=cmscrab/CN=(817881|373708)/CN=Robot: cms crab|/DC=ch/DC=cern/OU=Organic Units/OU=Users/CN=crabint1/CN=373708/CN=Robot: CMS CRAB Integration 1
DEBUG 2025-04-02 08:37:11.530 UTC: 	 Executing command :
 voms-proxy-info --identity --file /tmp/x509up_u1000
DEBUG 2025-04-02 08:37:11.849 UTC: 	 output : /DC=ch/DC=cern/OU=Organic Units/OU=Users/CN=choij/CN=841389/CN=Jin Choi

 error: 
 retcode : 0
DEBUG 2025-04-02 08:37:11.849 UTC: 	 Getting myproxy life time left for 62145c27448958522230f1583fedca774537a25d
DEBUG 2025-04-02 08:37:11.849 UTC: 	 Executing command :
 myproxy-info -s myproxy.cern.ch -l 62145c27448958522230f1583fedca774537a25d
DEBUG 2025-04-02 08:37:13.445 UTC: 	 output : username: 62145c27448958522230f1583fedca774537a25d
owner: /DC=ch/DC=cern/OU=Organic Units/OU=Users/CN=choij/CN=841389/CN=Jin Choi
  renewal policy: /DC=ch/DC=cern/OU=computers/CN=crab-(preprod|prod)-tw(01|02).cern.ch|/DC=ch/DC=cern/OU=computers/CN=crab-dev-tw(01|02|03|04).cern.ch|/DC=ch/DC=cern/OU=Organic Units/OU=Users/CN=cmscrab/CN=(817881|373708)/CN=Robot: cms crab|/DC=ch/DC=cern/OU=Organic Units/OU=Users/CN=crabint1/CN=373708/CN=Robot: CMS CRAB Integration 1
  trusted retrieval policy: /DC=ch/DC=cern/OU=computers/CN=crab-(preprod|prod)-tw(01|02).cern.ch|/DC=ch/DC=cern/OU=computers/CN=crab-dev-tw(01|02|03|04).cern.ch|/DC=ch/DC=cern/OU=Organic Units/OU=Users/CN=cmscrab/CN=(817881|373708)/CN=Robot: cms crab|/DC=ch/DC=cern/OU=Organic Units/OU=Users/CN=crabint1/CN=373708/CN=Robot: CMS CRAB Integration 1
  timeleft: 524:38:51  (21.9 days)

 error: 
 retcode : 0
DEBUG 2025-04-02 08:37:13.445 UTC: 	 Myproxy is valid: 1888680
DEBUG 2025-04-02 08:37:13.445 UTC: 	 Result of myproxy credential check:
  Credential exists on myproxy: username: 62145c27448958522230f1583fedca774537a25d  - validity: 21 days, 20:38:00
DEBUG 2025-04-02 08:37:13.445 UTC: 	 Command use: submit
DEBUG 2025-04-02 08:37:13.445 UTC: 	 Options use: ['-c', 'crab_config_W3j_LO_5f_UPSTREAM.py']
DEBUG 2025-04-02 08:37:13.445 UTC: 	 Encoded data for curl request: subresource=version
DEBUG 2025-04-02 08:37:14.283 UTC: 	 CRABClient version: v3.250318
DEBUG 2025-04-02 08:37:14.283 UTC: 	 Instance is prod
DEBUG 2025-04-02 08:37:14.283 UTC: 	 Server base url is cmsweb.cern.ch
DEBUG 2025-04-02 08:37:14.283 UTC: 	 Command api workflow
DEBUG 2025-04-02 08:37:14.283 UTC: 	 Started submission
DEBUG 2025-04-02 08:37:14.283 UTC: 	 Working on /home/choij/workspace/CustomNanoGEN_CMSSW_13_0_13/src/Configuration/CustomNanoGEN/crab/crab_projects/crab_W3j_LO_5f_UPSTREAM
DEBUG 2025-04-02 08:37:14.283 UTC: 	 Encoded data for curl request: subresource=backendurls
DEBUG 2025-04-02 08:37:15.126 UTC: 	 Loading required information from the environment
DEBUG 2025-04-02 08:37:15.126 UTC: 	 Found CMSSW_13_0_13 for el8_amd64_gcc11 with base /home/choij/workspace/CustomNanoGEN_CMSSW_13_0_13
DEBUG 2025-04-02 08:37:15.126 UTC: 	 UNIQUE NAME: tarUUID d83a09cf-a38a-41b8-9fff-97fc318e9a76 
DEBUG 2025-04-02 08:37:15.126 UTC: 	 self.config: from WMCore.Configuration import Configuration
config = Configuration()
config.section_('General')
config.General.transferLogs = False
config.General.transferOutputs = True
config.General.requestName = 'W3j_LO_5f_UPSTREAM'
config.General.workArea = 'crab_projects'
config.section_('JobType')
config.JobType.pluginName = 'PrivateMC'
config.JobType.allowUndistributedCMSSW = False
config.JobType.psetName = '../configs/Hadronizer_TuneCP5_13p6TeV_W3j_LO_5f_UPSTREAM_LHE_pythia8_cfg.py'
config.JobType.numCores = 1
config.section_('Data')
config.Data.outputPrimaryDataset = 'Validation'
config.Data.totalUnits = 200000
config.Data.splitting = 'EventBased'
config.Data.outLFNDirBase = '/store/user/choij/CustomNanoGEN'
config.Data.publication = False
config.Data.unitsPerJob = 5000
config.Data.outputDatasetTag = 'Run3Summer23wmLHEGS'
config.section_('Site')
config.Site.storageSite = 'T3_KR_KNU'
config.section_('User')
config.section_('Debug')

DEBUG 2025-04-02 08:37:15.126 UTC: 	 self.config.JobType.psetName: ../configs/Hadronizer_TuneCP5_13p6TeV_W3j_LO_5f_UPSTREAM_LHE_pythia8_cfg.py
INFO 2025-04-02 08:37:15.126 UTC: 	 Importing CMSSW configuration ../configs/Hadronizer_TuneCP5_13p6TeV_W3j_LO_5f_UPSTREAM_LHE_pythia8_cfg.py
INFO 2025-04-02 08:37:15.733 UTC: 	 Finished importing CMSSW configuration ../configs/Hadronizer_TuneCP5_13p6TeV_W3j_LO_5f_UPSTREAM_LHE_pythia8_cfg.py
DEBUG 2025-04-02 08:37:15.733 UTC: 	 Writing CMSSW configuration to /home/choij/workspace/CustomNanoGEN_CMSSW_13_0_13/src/Configuration/CustomNanoGEN/crab/crab_projects/crab_W3j_LO_5f_UPSTREAM/inputs/PSet.py
DEBUG 2025-04-02 08:37:15.834 UTC: 	 The following EDM output files will be collected: ['NANOGEN.root']
DEBUG 2025-04-02 08:37:15.834 UTC: 	 The following TFile output files will be collected: []
DEBUG 2025-04-02 08:37:15.834 UTC: 	 The following user output files (not listed as PoolOuputModule or TFileService in the CMSSW PSet) will be collected: 
DEBUG 2025-04-02 08:37:15.834 UTC: 	 Loading required information from the environment
DEBUG 2025-04-02 08:37:15.834 UTC: 	 Found CMSSW_13_0_13 for el8_amd64_gcc11 with base /home/choij/workspace/CustomNanoGEN_CMSSW_13_0_13
DEBUG 2025-04-02 08:37:15.834 UTC: 	 Making tarball in /home/choij/workspace/CustomNanoGEN_CMSSW_13_0_13/src/Configuration/CustomNanoGEN/crab/crab_projects/crab_W3j_LO_5f_UPSTREAM/inputs/d83a09cf-a38a-41b8-9fff-97fc318e9a76default.tgz
DEBUG 2025-04-02 08:37:15.834 UTC: 	 Checking directory /home/choij/workspace/CustomNanoGEN_CMSSW_13_0_13/bin
DEBUG 2025-04-02 08:37:15.834 UTC: 	 Adding directory /home/choij/workspace/CustomNanoGEN_CMSSW_13_0_13/bin to tarball
DEBUG 2025-04-02 08:37:15.836 UTC: 	 Checking directory /home/choij/workspace/CustomNanoGEN_CMSSW_13_0_13/python
DEBUG 2025-04-02 08:37:15.836 UTC: 	 Adding directory /home/choij/workspace/CustomNanoGEN_CMSSW_13_0_13/python to tarball
DEBUG 2025-04-02 08:37:15.838 UTC: 	 Checking directory /home/choij/workspace/CustomNanoGEN_CMSSW_13_0_13/cfipython
DEBUG 2025-04-02 08:37:15.838 UTC: 	 Adding directory /home/choij/workspace/CustomNanoGEN_CMSSW_13_0_13/cfipython to tarball
DEBUG 2025-04-02 08:37:15.838 UTC: 	 Checking directory /home/choij/workspace/CustomNanoGEN_CMSSW_13_0_13/lib
DEBUG 2025-04-02 08:37:15.838 UTC: 	 Adding directory /home/choij/workspace/CustomNanoGEN_CMSSW_13_0_13/lib to tarball
DEBUG 2025-04-02 08:37:15.839 UTC: 	 Checking directory /home/choij/workspace/CustomNanoGEN_CMSSW_13_0_13/biglib
DEBUG 2025-04-02 08:37:15.839 UTC: 	 Adding directory /home/choij/workspace/CustomNanoGEN_CMSSW_13_0_13/biglib to tarball
DEBUG 2025-04-02 08:37:15.839 UTC: 	 Checking directory /home/choij/workspace/CustomNanoGEN_CMSSW_13_0_13/module
DEBUG 2025-04-02 08:37:15.839 UTC: 	 Checking directory /home/choij/workspace/CustomNanoGEN_CMSSW_13_0_13/config/SCRAM/hooks
DEBUG 2025-04-02 08:37:15.839 UTC: 	 Adding directory /home/choij/workspace/CustomNanoGEN_CMSSW_13_0_13/config/SCRAM/hooks to tarball
DEBUG 2025-04-02 08:37:15.845 UTC: 	 Adding directory /home/choij/workspace/CustomNanoGEN_CMSSW_13_0_13/src/Configuration/CustomNanoGEN/python to tarball
DEBUG 2025-04-02 08:37:15.993 UTC: 	 Uploading archive /home/choij/workspace/CustomNanoGEN_CMSSW_13_0_13/src/Configuration/CustomNanoGEN/crab/crab_projects/crab_W3j_LO_5f_UPSTREAM/inputs/d83a09cf-a38a-41b8-9fff-97fc318e9a76default.tgz (198 KB) to the CRAB cache. Using URI https://cmsweb.cern.ch/S3/crabcache_prod
DEBUG 2025-04-02 08:37:16.083 UTC: 	 Encoded data for curl request: subresource=upload&objecttype=sandbox&tarballname=373dd4307f42a6c3bb558f623173d8801091bca488b952853fc3f5dfc7e1c1f7.tar.gz
DEBUG 2025-04-02 08:37:16.920 UTC: 	 Will execute:
curl -f -v -X POST  -H "User-Agent: CRAB" -F "key=choij/sandboxes/373dd4307f42a6c3bb558f623173d8801091bca488b952853fc3f5dfc7e1c1f7.tar.gz" -F "AWSAccessKeyId=715203df6482458ba839e73e6dab634b" -F "policy=eyJleHBpcmF0aW9uIjogIjIwMjUtMDQtMDJUMDk6Mzc6MTZaIiwgImNvbmRpdGlvbnMiOiBbeyJidWNrZXQiOiAiY3JhYmNhY2hlX3Byb2QifSwgeyJrZXkiOiAiY2hvaWovc2FuZGJveGVzLzM3M2RkNDMwN2Y0MmE2YzNiYjU1OGY2MjMxNzNkODgwMTA5MWJjYTQ4OGI5NTI4NTNmYzNmNWRmYzdlMWMxZjcudGFyLmd6In1dfQ==" -F "signature=+zQExzGtsIxGKEz6l/XbOF4pz40=" -F "file=@/home/choij/workspace/CustomNanoGEN_CMSSW_13_0_13/src/Configuration/CustomNanoGEN/crab/crab_projects/crab_W3j_LO_5f_UPSTREAM/inputs/d83a09cf-a38a-41b8-9fff-97fc318e9a76default.tgz" "https://s3.cern.ch/crabcache_prod"
DEBUG 2025-04-02 08:37:18.561 UTC: 	 exitcode: 0
stdout: b''
DEBUG 2025-04-02 08:37:18.561 UTC: 	 upload to S3 of sandbox /home/choij/workspace/CustomNanoGEN_CMSSW_13_0_13/src/Configuration/CustomNanoGEN/crab/crab_projects/crab_W3j_LO_5f_UPSTREAM/inputs/d83a09cf-a38a-41b8-9fff-97fc318e9a76default.tgz completed
DEBUG 2025-04-02 08:37:18.561 UTC: 	 make sure that object is ready for retrieve
DEBUG 2025-04-02 08:37:19.563 UTC: 	 Encoded data for curl request: subresource=download&objecttype=sandbox&tarballname=373dd4307f42a6c3bb558f623173d8801091bca488b952853fc3f5dfc7e1c1f7.tar.gz&clientmethod=head_object
DEBUG 2025-04-02 08:37:20.392 UTC: 	 PreSignedUrl to download sandbox received OK
DEBUG 2025-04-02 08:37:20.396 UTC: 	 Will execute:
 curl -v -s -f -o /dev/null --head  "https://s3.cern.ch/crabcache_prod/choij/sandboxes/373dd4307f42a6c3bb558f623173d8801091bca488b952853fc3f5dfc7e1c1f7.tar.gz?AWSAccessKeyId=715203df6482458ba839e73e6dab634b&Signature=XEA5zds8Vnr%2FHJX6hhkhAC6LIUw%3D&Expires=1743586640"
DEBUG 2025-04-02 08:37:21.214 UTC: 	 exitcode: 0
stdout: b''
DEBUG 2025-04-02 08:37:21.215 UTC: 	 sandbox /home/choij/workspace/CustomNanoGEN_CMSSW_13_0_13/src/Configuration/CustomNanoGEN/crab/crab_projects/crab_W3j_LO_5f_UPSTREAM/inputs/d83a09cf-a38a-41b8-9fff-97fc318e9a76default.tgz successfully uploaded to S3
DEBUG 2025-04-02 08:37:21.215 UTC: 	 Loading required information from the environment
DEBUG 2025-04-02 08:37:21.215 UTC: 	 Found CMSSW_13_0_13 for el8_amd64_gcc11 with base /home/choij/workspace/CustomNanoGEN_CMSSW_13_0_13
DEBUG 2025-04-02 08:37:21.215 UTC: 	 Making tarball in /home/choij/workspace/CustomNanoGEN_CMSSW_13_0_13/src/Configuration/CustomNanoGEN/crab/crab_projects/crab_W3j_LO_5f_UPSTREAM/inputs/debugFiles.tgz
DEBUG 2025-04-02 08:37:21.218 UTC: 	 Uploading archive /home/choij/workspace/CustomNanoGEN_CMSSW_13_0_13/src/Configuration/CustomNanoGEN/crab/crab_projects/crab_W3j_LO_5f_UPSTREAM/inputs/debugFiles.tgz (3 KB) to the CRAB cache. Using URI https://cmsweb.cern.ch/S3/crabcache_prod
DEBUG 2025-04-02 08:37:21.219 UTC: 	 Encoded data for curl request: subresource=upload&objecttype=sandbox&tarballname=d780dd583b864b65a8a2ae3169b7e2c919bb7254af46954603faa7367e7575e2.tar.gz
DEBUG 2025-04-02 08:37:22.064 UTC: 	 Will execute:
curl -f -v -X POST  -H "User-Agent: CRAB" -F "key=choij/sandboxes/d780dd583b864b65a8a2ae3169b7e2c919bb7254af46954603faa7367e7575e2.tar.gz" -F "AWSAccessKeyId=715203df6482458ba839e73e6dab634b" -F "policy=eyJleHBpcmF0aW9uIjogIjIwMjUtMDQtMDJUMDk6Mzc6MjFaIiwgImNvbmRpdGlvbnMiOiBbeyJidWNrZXQiOiAiY3JhYmNhY2hlX3Byb2QifSwgeyJrZXkiOiAiY2hvaWovc2FuZGJveGVzL2Q3ODBkZDU4M2I4NjRiNjVhOGEyYWUzMTY5YjdlMmM5MTliYjcyNTRhZjQ2OTU0NjAzZmFhNzM2N2U3NTc1ZTIudGFyLmd6In1dfQ==" -F "signature=gNapbHrvkxTi3TgyfRrSJ0U7BWQ=" -F "file=@/home/choij/workspace/CustomNanoGEN_CMSSW_13_0_13/src/Configuration/CustomNanoGEN/crab/crab_projects/crab_W3j_LO_5f_UPSTREAM/inputs/debugFiles.tgz" "https://s3.cern.ch/crabcache_prod"
DEBUG 2025-04-02 08:37:22.982 UTC: 	 exitcode: 0
stdout: b''
DEBUG 2025-04-02 08:37:22.982 UTC: 	 upload to S3 of sandbox /home/choij/workspace/CustomNanoGEN_CMSSW_13_0_13/src/Configuration/CustomNanoGEN/crab/crab_projects/crab_W3j_LO_5f_UPSTREAM/inputs/debugFiles.tgz completed
DEBUG 2025-04-02 08:37:22.982 UTC: 	 make sure that object is ready for retrieve
DEBUG 2025-04-02 08:37:23.984 UTC: 	 Encoded data for curl request: subresource=download&objecttype=sandbox&tarballname=d780dd583b864b65a8a2ae3169b7e2c919bb7254af46954603faa7367e7575e2.tar.gz&clientmethod=head_object
DEBUG 2025-04-02 08:37:24.808 UTC: 	 PreSignedUrl to download sandbox received OK
DEBUG 2025-04-02 08:37:24.811 UTC: 	 Will execute:
 curl -v -s -f -o /dev/null --head  "https://s3.cern.ch/crabcache_prod/choij/sandboxes/d780dd583b864b65a8a2ae3169b7e2c919bb7254af46954603faa7367e7575e2.tar.gz?AWSAccessKeyId=715203df6482458ba839e73e6dab634b&Signature=Y498ckHP%2F8sT%2FoWrLlXNAgpJOM0%3D&Expires=1743586644"
DEBUG 2025-04-02 08:37:25.895 UTC: 	 exitcode: 0
stdout: b''
DEBUG 2025-04-02 08:37:25.896 UTC: 	 sandbox /home/choij/workspace/CustomNanoGEN_CMSSW_13_0_13/src/Configuration/CustomNanoGEN/crab/crab_projects/crab_W3j_LO_5f_UPSTREAM/inputs/debugFiles.tgz successfully uploaded to S3
DEBUG 2025-04-02 08:37:25.896 UTC: 	 Result uploading input files: 373dd4307f42a6c3bb558f623173d8801091bca488b952853fc3f5dfc7e1c1f7.tar.gz 
DEBUG 2025-04-02 08:37:25.896 UTC: 	 submit() - self.configuration from WMCore.Configuration import Configuration
config = Configuration()
config.section_('General')
config.General.transferLogs = False
config.General.transferOutputs = True
config.General.requestName = 'W3j_LO_5f_UPSTREAM'
config.General.workArea = 'crab_projects'
config.section_('JobType')
config.JobType.pluginName = 'PrivateMC'
config.JobType.allowUndistributedCMSSW = False
config.JobType.psetName = '../configs/Hadronizer_TuneCP5_13p6TeV_W3j_LO_5f_UPSTREAM_LHE_pythia8_cfg.py'
config.JobType.numCores = 1
config.section_('Data')
config.Data.outputPrimaryDataset = 'Validation'
config.Data.totalUnits = 200000
config.Data.splitting = 'EventBased'
config.Data.outLFNDirBase = '/store/user/choij/CustomNanoGEN'
config.Data.publication = False
config.Data.unitsPerJob = 5000
config.Data.outputDatasetTag = 'Run3Summer23wmLHEGS'
config.section_('Site')
config.Site.storageSite = 'T3_KR_KNU'
config.section_('User')
config.section_('Debug')

DEBUG 2025-04-02 08:37:25.896 UTC: 	 submit() - self.configreq {'dryrun': 0, 'workflow': 'crab_W3j_LO_5f_UPSTREAM', 'saveoutput': 1, 'savelogsflag': 0, 'primarydataset': 'Validation', 'nonvaliddata': 0, 'userfiles': [], 'dbsurl': 'https://cmsweb.cern.ch/dbs/prod/global/DBSReader', 'useparent': 0, 'ignorelocality': 0, 'splitalgo': 'EventBased', 'algoargs': 5000, 'totalunits': 200000, 'lfn': '/store/user/choij/CustomNanoGEN', 'publication': 0, 'publishdbsurl': 'https://cmsweb.cern.ch/dbs/prod/phys03/DBSWriter', 'publishname2': 'Run3Summer23wmLHEGS', 'jobtype': 'PrivateMC', 'generator': 'pythia', 'addoutputfiles': [], 'maxjobruntime': 1250, 'numcores': 1, 'maxmemory': 2000, 'priority': 10, 'nonprodsw': 0, 'asyncdest': 'T3_KR_KNU', 'requireaccelerator': 0, 'oneEventMode': 0, 'extrajdl': [], 'ignoreglobalblacklist': 0, 'partialdataset': 0, 'inputblocks': []}
DEBUG 2025-04-02 08:37:25.896 UTC: 	 submit() - jobconfig {'addoutputfiles': [], 'tfileoutfiles': [], 'edmoutfiles': ['NANOGEN.root'], 'jobarch': 'el8_amd64_gcc11', 'jobminuarch': 'any', 'jobsw': 'CMSSW_13_0_13', 'cacheurl': 'https://cmsweb.cern.ch/S3/crabcache_prod', 'cachefilename': '373dd4307f42a6c3bb558f623173d8801091bca488b952853fc3f5dfc7e1c1f7.tar.gz', 'debugfilename': 'd780dd583b864b65a8a2ae3169b7e2c919bb7254af46954603faa7367e7575e2.tar.gz', 'jobtype': 'PrivateMC', 'primarydataset': 'Validation'}
INFO 2025-04-02 08:37:25.896 UTC: 	 Sending the request to the server at cmsweb.cern.ch
DEBUG 2025-04-02 08:37:25.896 UTC: 	 Submitting {'dryrun': 0, 'workflow': 'crab_W3j_LO_5f_UPSTREAM', 'saveoutput': 1, 'savelogsflag': 0, 'primarydataset': 'Validation', 'nonvaliddata': 0, 'userfiles': [], 'dbsurl': 'https://cmsweb.cern.ch/dbs/prod/global/DBSReader', 'useparent': 0, 'ignorelocality': 0, 'splitalgo': 'EventBased', 'algoargs': 5000, 'totalunits': 200000, 'lfn': '/store/user/choij/CustomNanoGEN', 'publication': 0, 'publishdbsurl': 'https://cmsweb.cern.ch/dbs/prod/phys03/DBSWriter', 'publishname2': 'Run3Summer23wmLHEGS', 'jobtype': 'PrivateMC', 'generator': 'pythia', 'addoutputfiles': [], 'maxjobruntime': 1250, 'numcores': 1, 'maxmemory': 2000, 'priority': 10, 'nonprodsw': 0, 'asyncdest': 'T3_KR_KNU', 'requireaccelerator': 0, 'oneEventMode': 0, 'extrajdl': [], 'ignoreglobalblacklist': 0, 'partialdataset': 0, 'inputblocks': [], 'tfileoutfiles': [], 'edmoutfiles': ['NANOGEN.root'], 'jobarch': 'el8_amd64_gcc11', 'jobminuarch': 'any', 'jobsw': 'CMSSW_13_0_13', 'cacheurl': 'https://cmsweb.cern.ch/S3/crabcache_prod', 'cachefilename': '373dd4307f42a6c3bb558f623173d8801091bca488b952853fc3f5dfc7e1c1f7.tar.gz', 'debugfilename': 'd780dd583b864b65a8a2ae3169b7e2c919bb7254af46954603faa7367e7575e2.tar.gz'} 
DEBUG 2025-04-02 08:37:25.896 UTC: 	 Encoded data for curl request: dryrun=0&workflow=crab_W3j_LO_5f_UPSTREAM&saveoutput=1&savelogsflag=0&primarydataset=Validation&nonvaliddata=0&dbsurl=https%3A%2F%2Fcmsweb.cern.ch%2Fdbs%2Fprod%2Fglobal%2FDBSReader&useparent=0&ignorelocality=0&splitalgo=EventBased&algoargs=5000&totalunits=200000&lfn=%2Fstore%2Fuser%2Fchoij%2FCustomNanoGEN&publication=0&publishdbsurl=https%3A%2F%2Fcmsweb.cern.ch%2Fdbs%2Fprod%2Fphys03%2FDBSWriter&publishname2=Run3Summer23wmLHEGS&jobtype=PrivateMC&generator=pythia&maxjobruntime=1250&numcores=1&maxmemory=2000&priority=10&nonprodsw=0&asyncdest=T3_KR_KNU&requireaccelerator=0&oneEventMode=0&ignoreglobalblacklist=0&partialdataset=0&jobarch=el8_amd64_gcc11&jobminuarch=any&jobsw=CMSSW_13_0_13&cacheurl=https%3A%2F%2Fcmsweb.cern.ch%2FS3%2Fcrabcache_prod&cachefilename=373dd4307f42a6c3bb558f623173d8801091bca488b952853fc3f5dfc7e1c1f7.tar.gz&debugfilename=d780dd583b864b65a8a2ae3169b7e2c919bb7254af46954603faa7367e7575e2.tar.gz&edmoutfiles=NANOGEN.root
DEBUG 2025-04-02 08:37:26.865 UTC: 	 Result: {'result': [{'RequestName': '250402_083726:choij_crab_W3j_LO_5f_UPSTREAM'}]}
INFO 2025-04-02 08:37:26.865 UTC: 	 Success: Your task has been delivered to the prod CRAB3 server.
INFO 2025-04-02 08:37:26.865 UTC: 	 Task name: 250402_083726:choij_crab_W3j_LO_5f_UPSTREAM
INFO 2025-04-02 08:37:26.865 UTC: 	 Project dir: crab_projects/crab_W3j_LO_5f_UPSTREAM
INFO 2025-04-02 08:37:26.865 UTC: 	 Please use ' crab status -d crab_projects/crab_W3j_LO_5f_UPSTREAM ' to check how the submission process proceeds.
DEBUG 2025-04-02 08:37:26.865 UTC: 	 About to return
INFO 2025-04-02 08:37:26.867 UTC: 	 Log file is /home/choij/workspace/CustomNanoGEN_CMSSW_13_0_13/src/Configuration/CustomNanoGEN/crab/crab_projects/crab_W3j_LO_5f_UPSTREAM/crab.log
