DEBUG 2025-04-02 11:58:18.200 UTC: 	 CRAB Client version: v3.250318
DEBUG 2025-04-02 11:58:18.200 UTC: 	 Running on: Linux private-snu 6.13.8-200.fc41.x86_64 #1 SMP PREEMPT_DYNAMIC Sun Mar 23 05:03:09 UTC 2025 x86_64 x86_64 x86_64 GNU/Linux
DEBUG 2025-04-02 11:58:18.200 UTC: 	 Using SINGULARITY image: private-el9.sif
DEBUG 2025-04-02 11:58:18.200 UTC: 	 Operating System: AlmaLinux 9.5 (Teal Serval)
DEBUG 2025-04-02 11:58:18.200 UTC: 	 Executing command: 'submit'
DEBUG 2025-04-02 11:58:18.200 UTC: 	 Found CRAB cache file /home/choij/.crab3
INFO 2025-04-02 11:58:18.201 UTC: 	 Will use CRAB configuration file crab_config_W2j_LO_5f_FORTRAN.py
DEBUG 2025-04-02 11:58:18.201 UTC: 	 Loading CRAB configuration file.
DEBUG 2025-04-02 11:58:20.667 UTC: 	 Will use CRAB plugin PRIVATEMC (i.e. will run an a MC generation job type).
DEBUG 2025-04-02 11:58:20.667 UTC: 	 Checking credentials
DEBUG 2025-04-02 11:58:20.667 UTC: 	 Found proxy file /tmp/x509up_u1000
DEBUG 2025-04-02 11:58:20.667 UTC: 	 Making sure it has proper VOMS extension
DEBUG 2025-04-02 11:58:20.667 UTC: 	 Executing command :
 voms-proxy-info --vo --file /tmp/x509up_u1000
DEBUG 2025-04-02 11:58:20.958 UTC: 	 output : cms

 error: 
 retcode : 0
DEBUG 2025-04-02 11:58:20.958 UTC: 	 Getting proxy life time left
DEBUG 2025-04-02 11:58:20.958 UTC: 	 Executing command :
 voms-proxy-info --actimeleft --timeleft --file /tmp/x509up_u1000
DEBUG 2025-04-02 11:58:21.261 UTC: 	 output : 581568
581568

 error: 
 retcode : 0
DEBUG 2025-04-02 11:58:21.262 UTC: 	 Proxy valid for 161:32:48 hours
DEBUG 2025-04-02 11:58:21.262 UTC: 	 Encoded data for curl request: subresource=delegatedn
DEBUG 2025-04-02 11:58:22.086 UTC: 	 Registering user credentials on myproxy for /DC=ch/DC=cern/OU=computers/CN=crab-(preprod|prod)-tw(01|02).cern.ch|/DC=ch/DC=cern/OU=computers/CN=crab-dev-tw(01|02|03|04).cern.ch|/DC=ch/DC=cern/OU=Organic Units/OU=Users/CN=cmscrab/CN=(817881|373708)/CN=Robot: cms crab|/DC=ch/DC=cern/OU=Organic Units/OU=Users/CN=crabint1/CN=373708/CN=Robot: CMS CRAB Integration 1
DEBUG 2025-04-02 11:58:22.086 UTC: 	 Executing command :
 voms-proxy-info --identity --file /tmp/x509up_u1000
DEBUG 2025-04-02 11:58:22.386 UTC: 	 output : /DC=ch/DC=cern/OU=Organic Units/OU=Users/CN=choij/CN=841389/CN=Jin Choi

 error: 
 retcode : 0
DEBUG 2025-04-02 11:58:22.386 UTC: 	 Getting myproxy life time left for 62145c27448958522230f1583fedca774537a25d
DEBUG 2025-04-02 11:58:22.386 UTC: 	 Executing command :
 myproxy-info -s myproxy.cern.ch -l 62145c27448958522230f1583fedca774537a25d
DEBUG 2025-04-02 11:58:24.079 UTC: 	 output : username: 62145c27448958522230f1583fedca774537a25d
owner: /DC=ch/DC=cern/OU=Organic Units/OU=Users/CN=choij/CN=841389/CN=Jin Choi
  renewal policy: /DC=ch/DC=cern/OU=computers/CN=crab-(preprod|prod)-tw(01|02).cern.ch|/DC=ch/DC=cern/OU=computers/CN=crab-dev-tw(01|02|03|04).cern.ch|/DC=ch/DC=cern/OU=Organic Units/OU=Users/CN=cmscrab/CN=(817881|373708)/CN=Robot: cms crab|/DC=ch/DC=cern/OU=Organic Units/OU=Users/CN=crabint1/CN=373708/CN=Robot: CMS CRAB Integration 1
  trusted retrieval policy: /DC=ch/DC=cern/OU=computers/CN=crab-(preprod|prod)-tw(01|02).cern.ch|/DC=ch/DC=cern/OU=computers/CN=crab-dev-tw(01|02|03|04).cern.ch|/DC=ch/DC=cern/OU=Organic Units/OU=Users/CN=cmscrab/CN=(817881|373708)/CN=Robot: cms crab|/DC=ch/DC=cern/OU=Organic Units/OU=Users/CN=crabint1/CN=373708/CN=Robot: CMS CRAB Integration 1
  timeleft: 521:17:40  (21.7 days)

 error: 
 retcode : 0
DEBUG 2025-04-02 11:58:24.080 UTC: 	 Myproxy is valid: 1876620
DEBUG 2025-04-02 11:58:24.080 UTC: 	 Result of myproxy credential check:
  Credential exists on myproxy: username: 62145c27448958522230f1583fedca774537a25d  - validity: 21 days, 17:17:00
DEBUG 2025-04-02 11:58:24.080 UTC: 	 Command use: submit
DEBUG 2025-04-02 11:58:24.080 UTC: 	 Options use: ['-c', 'crab_config_W2j_LO_5f_FORTRAN.py']
DEBUG 2025-04-02 11:58:24.080 UTC: 	 Encoded data for curl request: subresource=version
DEBUG 2025-04-02 12:00:38.372 UTC: 	 CRABClient version: v3.250318
DEBUG 2025-04-02 12:00:38.372 UTC: 	 Instance is prod
DEBUG 2025-04-02 12:00:38.372 UTC: 	 Server base url is cmsweb.cern.ch
DEBUG 2025-04-02 12:00:38.372 UTC: 	 Command api workflow
DEBUG 2025-04-02 12:00:38.372 UTC: 	 Started submission
DEBUG 2025-04-02 12:00:38.372 UTC: 	 Working on /home/choij/workspace/CustomNanoGEN_CMSSW_13_0_13/src/Configuration/CustomNanoGEN/crab/crab_projects/crab_W2j_LO_5f_FORTRAN
DEBUG 2025-04-02 12:00:38.373 UTC: 	 Encoded data for curl request: subresource=backendurls
DEBUG 2025-04-02 12:02:53.565 UTC: 	 Loading required information from the environment
DEBUG 2025-04-02 12:02:53.565 UTC: 	 Found CMSSW_13_0_13 for el9_amd64_gcc11 with base /home/choij/workspace/CustomNanoGEN_CMSSW_13_0_13
DEBUG 2025-04-02 12:02:53.565 UTC: 	 UNIQUE NAME: tarUUID d3b68b32-bbed-40a1-b706-df4e182836a0 
DEBUG 2025-04-02 12:02:53.565 UTC: 	 self.config: from WMCore.Configuration import Configuration
config = Configuration()
config.section_('General')
config.General.requestName = 'W2j_LO_5f_FORTRAN'
config.General.workArea = 'crab_projects'
config.General.transferLogs = False
config.General.transferOutputs = True
config.section_('JobType')
config.JobType.psetName = '../configs/Hadronizer_TuneCP5_13p6TeV_W2j_LO_5f_FORTRAN_LHE_pythia8_cfg.py'
config.JobType.allowUndistributedCMSSW = False
config.JobType.maxMemoryMB = 5000
config.JobType.pluginName = 'PrivateMC'
config.JobType.numCores = 1
config.section_('Data')
config.Data.outputPrimaryDataset = 'W2j_LO_5f_FORTRAN'
config.Data.outLFNDirBase = '/store/user/choij/MG4GPU/Validation'
config.Data.unitsPerJob = 4000
config.Data.totalUnits = 160000
config.Data.splitting = 'EventBased'
config.Data.outputDatasetTag = 'Run3Summer23wmLHEGS'
config.Data.publication = False
config.section_('Site')
config.Site.storageSite = 'T3_KR_KNU'
config.section_('User')
config.section_('Debug')

DEBUG 2025-04-02 12:02:53.565 UTC: 	 self.config.JobType.psetName: ../configs/Hadronizer_TuneCP5_13p6TeV_W2j_LO_5f_FORTRAN_LHE_pythia8_cfg.py
INFO 2025-04-02 12:02:53.565 UTC: 	 Importing CMSSW configuration ../configs/Hadronizer_TuneCP5_13p6TeV_W2j_LO_5f_FORTRAN_LHE_pythia8_cfg.py
INFO 2025-04-02 12:02:54.266 UTC: 	 Finished importing CMSSW configuration ../configs/Hadronizer_TuneCP5_13p6TeV_W2j_LO_5f_FORTRAN_LHE_pythia8_cfg.py
DEBUG 2025-04-02 12:02:54.266 UTC: 	 Writing CMSSW configuration to /home/choij/workspace/CustomNanoGEN_CMSSW_13_0_13/src/Configuration/CustomNanoGEN/crab/crab_projects/crab_W2j_LO_5f_FORTRAN/inputs/PSet.py
DEBUG 2025-04-02 12:02:54.369 UTC: 	 The following EDM output files will be collected: ['NANOGEN.root']
DEBUG 2025-04-02 12:02:54.369 UTC: 	 The following TFile output files will be collected: []
DEBUG 2025-04-02 12:02:54.369 UTC: 	 The following user output files (not listed as PoolOuputModule or TFileService in the CMSSW PSet) will be collected: 
DEBUG 2025-04-02 12:02:54.369 UTC: 	 Loading required information from the environment
DEBUG 2025-04-02 12:02:54.369 UTC: 	 Found CMSSW_13_0_13 for el9_amd64_gcc11 with base /home/choij/workspace/CustomNanoGEN_CMSSW_13_0_13
DEBUG 2025-04-02 12:02:54.369 UTC: 	 Making tarball in /home/choij/workspace/CustomNanoGEN_CMSSW_13_0_13/src/Configuration/CustomNanoGEN/crab/crab_projects/crab_W2j_LO_5f_FORTRAN/inputs/d3b68b32-bbed-40a1-b706-df4e182836a0default.tgz
DEBUG 2025-04-02 12:02:54.369 UTC: 	 Checking directory /home/choij/workspace/CustomNanoGEN_CMSSW_13_0_13/bin
DEBUG 2025-04-02 12:02:54.369 UTC: 	 Adding directory /home/choij/workspace/CustomNanoGEN_CMSSW_13_0_13/bin to tarball
DEBUG 2025-04-02 12:02:54.370 UTC: 	 Checking directory /home/choij/workspace/CustomNanoGEN_CMSSW_13_0_13/python
DEBUG 2025-04-02 12:02:54.370 UTC: 	 Adding directory /home/choij/workspace/CustomNanoGEN_CMSSW_13_0_13/python to tarball
DEBUG 2025-04-02 12:02:54.373 UTC: 	 Checking directory /home/choij/workspace/CustomNanoGEN_CMSSW_13_0_13/cfipython
DEBUG 2025-04-02 12:02:54.373 UTC: 	 Adding directory /home/choij/workspace/CustomNanoGEN_CMSSW_13_0_13/cfipython to tarball
DEBUG 2025-04-02 12:02:54.373 UTC: 	 Checking directory /home/choij/workspace/CustomNanoGEN_CMSSW_13_0_13/lib
DEBUG 2025-04-02 12:02:54.373 UTC: 	 Adding directory /home/choij/workspace/CustomNanoGEN_CMSSW_13_0_13/lib to tarball
DEBUG 2025-04-02 12:02:54.374 UTC: 	 Checking directory /home/choij/workspace/CustomNanoGEN_CMSSW_13_0_13/biglib
DEBUG 2025-04-02 12:02:54.374 UTC: 	 Adding directory /home/choij/workspace/CustomNanoGEN_CMSSW_13_0_13/biglib to tarball
DEBUG 2025-04-02 12:02:54.374 UTC: 	 Checking directory /home/choij/workspace/CustomNanoGEN_CMSSW_13_0_13/module
DEBUG 2025-04-02 12:02:54.374 UTC: 	 Checking directory /home/choij/workspace/CustomNanoGEN_CMSSW_13_0_13/config/SCRAM/hooks
DEBUG 2025-04-02 12:02:54.374 UTC: 	 Adding directory /home/choij/workspace/CustomNanoGEN_CMSSW_13_0_13/config/SCRAM/hooks to tarball
DEBUG 2025-04-02 12:02:54.380 UTC: 	 Adding directory /home/choij/workspace/CustomNanoGEN_CMSSW_13_0_13/src/Configuration/CustomNanoGEN/python to tarball
DEBUG 2025-04-02 12:02:54.541 UTC: 	 Uploading archive /home/choij/workspace/CustomNanoGEN_CMSSW_13_0_13/src/Configuration/CustomNanoGEN/crab/crab_projects/crab_W2j_LO_5f_FORTRAN/inputs/d3b68b32-bbed-40a1-b706-df4e182836a0default.tgz (198 KB) to the CRAB cache. Using URI https://cmsweb.cern.ch/S3/crabcache_prod
DEBUG 2025-04-02 12:02:54.636 UTC: 	 Encoded data for curl request: subresource=upload&objecttype=sandbox&tarballname=bac385762dacc2629a5495da9a98ca7ef323715e81fd6b517c4b869d4e5ffab5.tar.gz
DEBUG 2025-04-02 12:05:08.847 UTC: 	 Will execute:
curl -f -v -X POST  -H "User-Agent: CRAB" -F "key=choij/sandboxes/bac385762dacc2629a5495da9a98ca7ef323715e81fd6b517c4b869d4e5ffab5.tar.gz" -F "AWSAccessKeyId=715203df6482458ba839e73e6dab634b" -F "policy=eyJleHBpcmF0aW9uIjogIjIwMjUtMDQtMDJUMTM6MDU6MDhaIiwgImNvbmRpdGlvbnMiOiBbeyJidWNrZXQiOiAiY3JhYmNhY2hlX3Byb2QifSwgeyJrZXkiOiAiY2hvaWovc2FuZGJveGVzL2JhYzM4NTc2MmRhY2MyNjI5YTU0OTVkYTlhOThjYTdlZjMyMzcxNWU4MWZkNmI1MTdjNGI4NjlkNGU1ZmZhYjUudGFyLmd6In1dfQ==" -F "signature=sZGjvvxT6XJUDuoOxsgN0zwrgDE=" -F "file=@/home/choij/workspace/CustomNanoGEN_CMSSW_13_0_13/src/Configuration/CustomNanoGEN/crab/crab_projects/crab_W2j_LO_5f_FORTRAN/inputs/d3b68b32-bbed-40a1-b706-df4e182836a0default.tgz" "https://s3.cern.ch/crabcache_prod"
DEBUG 2025-04-02 12:05:10.744 UTC: 	 exitcode: 0
stdout: b''
DEBUG 2025-04-02 12:05:10.745 UTC: 	 upload to S3 of sandbox /home/choij/workspace/CustomNanoGEN_CMSSW_13_0_13/src/Configuration/CustomNanoGEN/crab/crab_projects/crab_W2j_LO_5f_FORTRAN/inputs/d3b68b32-bbed-40a1-b706-df4e182836a0default.tgz completed
DEBUG 2025-04-02 12:05:10.745 UTC: 	 make sure that object is ready for retrieve
DEBUG 2025-04-02 12:05:11.746 UTC: 	 Encoded data for curl request: subresource=download&objecttype=sandbox&tarballname=bac385762dacc2629a5495da9a98ca7ef323715e81fd6b517c4b869d4e5ffab5.tar.gz&clientmethod=head_object
DEBUG 2025-04-02 12:07:27.963 UTC: 	 PreSignedUrl to download sandbox received OK
DEBUG 2025-04-02 12:07:27.967 UTC: 	 Will execute:
 curl -v -s -f -o /dev/null --head  "https://s3.cern.ch/crabcache_prod/choij/sandboxes/bac385762dacc2629a5495da9a98ca7ef323715e81fd6b517c4b869d4e5ffab5.tar.gz?AWSAccessKeyId=715203df6482458ba839e73e6dab634b&Signature=%2Bim5WWirIwyipMKI1rnACTe6PJM%3D&Expires=1743599247"
DEBUG 2025-04-02 12:07:29.058 UTC: 	 exitcode: 0
stdout: b''
DEBUG 2025-04-02 12:07:29.058 UTC: 	 sandbox /home/choij/workspace/CustomNanoGEN_CMSSW_13_0_13/src/Configuration/CustomNanoGEN/crab/crab_projects/crab_W2j_LO_5f_FORTRAN/inputs/d3b68b32-bbed-40a1-b706-df4e182836a0default.tgz successfully uploaded to S3
DEBUG 2025-04-02 12:07:29.058 UTC: 	 Loading required information from the environment
DEBUG 2025-04-02 12:07:29.058 UTC: 	 Found CMSSW_13_0_13 for el9_amd64_gcc11 with base /home/choij/workspace/CustomNanoGEN_CMSSW_13_0_13
DEBUG 2025-04-02 12:07:29.058 UTC: 	 Making tarball in /home/choij/workspace/CustomNanoGEN_CMSSW_13_0_13/src/Configuration/CustomNanoGEN/crab/crab_projects/crab_W2j_LO_5f_FORTRAN/inputs/debugFiles.tgz
DEBUG 2025-04-02 12:07:29.061 UTC: 	 Uploading archive /home/choij/workspace/CustomNanoGEN_CMSSW_13_0_13/src/Configuration/CustomNanoGEN/crab/crab_projects/crab_W2j_LO_5f_FORTRAN/inputs/debugFiles.tgz (3 KB) to the CRAB cache. Using URI https://cmsweb.cern.ch/S3/crabcache_prod
DEBUG 2025-04-02 12:07:29.062 UTC: 	 Encoded data for curl request: subresource=upload&objecttype=sandbox&tarballname=dae5a5c95acf7b0a187f42f14cf575a263dbf61cd3576cb9e51a7359641c50fa.tar.gz
DEBUG 2025-04-02 12:07:30.188 UTC: 	 Will execute:
curl -f -v -X POST  -H "User-Agent: CRAB" -F "key=choij/sandboxes/dae5a5c95acf7b0a187f42f14cf575a263dbf61cd3576cb9e51a7359641c50fa.tar.gz" -F "AWSAccessKeyId=715203df6482458ba839e73e6dab634b" -F "policy=eyJleHBpcmF0aW9uIjogIjIwMjUtMDQtMDJUMTM6MDc6MzBaIiwgImNvbmRpdGlvbnMiOiBbeyJidWNrZXQiOiAiY3JhYmNhY2hlX3Byb2QifSwgeyJrZXkiOiAiY2hvaWovc2FuZGJveGVzL2RhZTVhNWM5NWFjZjdiMGExODdmNDJmMTRjZjU3NWEyNjNkYmY2MWNkMzU3NmNiOWU1MWE3MzU5NjQxYzUwZmEudGFyLmd6In1dfQ==" -F "signature=b0C92lXLtiKSyS2lk7B9mBGN0YA=" -F "file=@/home/choij/workspace/CustomNanoGEN_CMSSW_13_0_13/src/Configuration/CustomNanoGEN/crab/crab_projects/crab_W2j_LO_5f_FORTRAN/inputs/debugFiles.tgz" "https://s3.cern.ch/crabcache_prod"
DEBUG 2025-04-02 12:07:31.027 UTC: 	 exitcode: 0
stdout: b''
DEBUG 2025-04-02 12:07:31.027 UTC: 	 upload to S3 of sandbox /home/choij/workspace/CustomNanoGEN_CMSSW_13_0_13/src/Configuration/CustomNanoGEN/crab/crab_projects/crab_W2j_LO_5f_FORTRAN/inputs/debugFiles.tgz completed
DEBUG 2025-04-02 12:07:31.027 UTC: 	 make sure that object is ready for retrieve
DEBUG 2025-04-02 12:07:32.029 UTC: 	 Encoded data for curl request: subresource=download&objecttype=sandbox&tarballname=dae5a5c95acf7b0a187f42f14cf575a263dbf61cd3576cb9e51a7359641c50fa.tar.gz&clientmethod=head_object
DEBUG 2025-04-02 12:07:32.861 UTC: 	 PreSignedUrl to download sandbox received OK
DEBUG 2025-04-02 12:07:32.864 UTC: 	 Will execute:
 curl -v -s -f -o /dev/null --head  "https://s3.cern.ch/crabcache_prod/choij/sandboxes/dae5a5c95acf7b0a187f42f14cf575a263dbf61cd3576cb9e51a7359641c50fa.tar.gz?AWSAccessKeyId=715203df6482458ba839e73e6dab634b&Signature=KgSV%2FxqAd14fRObaFvBolL32eP8%3D&Expires=1743599252"
DEBUG 2025-04-02 12:07:33.676 UTC: 	 exitcode: 0
stdout: b''
DEBUG 2025-04-02 12:07:33.676 UTC: 	 sandbox /home/choij/workspace/CustomNanoGEN_CMSSW_13_0_13/src/Configuration/CustomNanoGEN/crab/crab_projects/crab_W2j_LO_5f_FORTRAN/inputs/debugFiles.tgz successfully uploaded to S3
DEBUG 2025-04-02 12:07:33.676 UTC: 	 Result uploading input files: bac385762dacc2629a5495da9a98ca7ef323715e81fd6b517c4b869d4e5ffab5.tar.gz 
DEBUG 2025-04-02 12:07:33.676 UTC: 	 submit() - self.configuration from WMCore.Configuration import Configuration
config = Configuration()
config.section_('General')
config.General.requestName = 'W2j_LO_5f_FORTRAN'
config.General.workArea = 'crab_projects'
config.General.transferLogs = False
config.General.transferOutputs = True
config.section_('JobType')
config.JobType.psetName = '../configs/Hadronizer_TuneCP5_13p6TeV_W2j_LO_5f_FORTRAN_LHE_pythia8_cfg.py'
config.JobType.allowUndistributedCMSSW = False
config.JobType.maxMemoryMB = 5000
config.JobType.pluginName = 'PrivateMC'
config.JobType.numCores = 1
config.section_('Data')
config.Data.outputPrimaryDataset = 'W2j_LO_5f_FORTRAN'
config.Data.outLFNDirBase = '/store/user/choij/MG4GPU/Validation'
config.Data.unitsPerJob = 4000
config.Data.totalUnits = 160000
config.Data.splitting = 'EventBased'
config.Data.outputDatasetTag = 'Run3Summer23wmLHEGS'
config.Data.publication = False
config.section_('Site')
config.Site.storageSite = 'T3_KR_KNU'
config.section_('User')
config.section_('Debug')

DEBUG 2025-04-02 12:07:33.676 UTC: 	 submit() - self.configreq {'dryrun': 0, 'workflow': 'crab_W2j_LO_5f_FORTRAN', 'saveoutput': 1, 'savelogsflag': 0, 'primarydataset': 'W2j_LO_5f_FORTRAN', 'nonvaliddata': 0, 'userfiles': [], 'dbsurl': 'https://cmsweb.cern.ch/dbs/prod/global/DBSReader', 'useparent': 0, 'ignorelocality': 0, 'splitalgo': 'EventBased', 'algoargs': 4000, 'totalunits': 160000, 'lfn': '/store/user/choij/MG4GPU/Validation', 'publication': 0, 'publishdbsurl': 'https://cmsweb.cern.ch/dbs/prod/phys03/DBSWriter', 'publishname2': 'Run3Summer23wmLHEGS', 'jobtype': 'PrivateMC', 'generator': 'pythia', 'addoutputfiles': [], 'maxjobruntime': 1250, 'numcores': 1, 'maxmemory': 5000, 'priority': 10, 'nonprodsw': 0, 'asyncdest': 'T3_KR_KNU', 'requireaccelerator': 0, 'oneEventMode': 0, 'extrajdl': [], 'ignoreglobalblacklist': 0, 'partialdataset': 0, 'inputblocks': []}
DEBUG 2025-04-02 12:07:33.676 UTC: 	 submit() - jobconfig {'addoutputfiles': [], 'tfileoutfiles': [], 'edmoutfiles': ['NANOGEN.root'], 'jobarch': 'el9_amd64_gcc11', 'jobminuarch': 'any', 'jobsw': 'CMSSW_13_0_13', 'cacheurl': 'https://cmsweb.cern.ch/S3/crabcache_prod', 'cachefilename': 'bac385762dacc2629a5495da9a98ca7ef323715e81fd6b517c4b869d4e5ffab5.tar.gz', 'debugfilename': 'dae5a5c95acf7b0a187f42f14cf575a263dbf61cd3576cb9e51a7359641c50fa.tar.gz', 'jobtype': 'PrivateMC', 'primarydataset': 'W2j_LO_5f_FORTRAN'}
INFO 2025-04-02 12:07:33.676 UTC: 	 Sending the request to the server at cmsweb.cern.ch
DEBUG 2025-04-02 12:07:33.676 UTC: 	 Submitting {'dryrun': 0, 'workflow': 'crab_W2j_LO_5f_FORTRAN', 'saveoutput': 1, 'savelogsflag': 0, 'primarydataset': 'W2j_LO_5f_FORTRAN', 'nonvaliddata': 0, 'userfiles': [], 'dbsurl': 'https://cmsweb.cern.ch/dbs/prod/global/DBSReader', 'useparent': 0, 'ignorelocality': 0, 'splitalgo': 'EventBased', 'algoargs': 4000, 'totalunits': 160000, 'lfn': '/store/user/choij/MG4GPU/Validation', 'publication': 0, 'publishdbsurl': 'https://cmsweb.cern.ch/dbs/prod/phys03/DBSWriter', 'publishname2': 'Run3Summer23wmLHEGS', 'jobtype': 'PrivateMC', 'generator': 'pythia', 'addoutputfiles': [], 'maxjobruntime': 1250, 'numcores': 1, 'maxmemory': 5000, 'priority': 10, 'nonprodsw': 0, 'asyncdest': 'T3_KR_KNU', 'requireaccelerator': 0, 'oneEventMode': 0, 'extrajdl': [], 'ignoreglobalblacklist': 0, 'partialdataset': 0, 'inputblocks': [], 'tfileoutfiles': [], 'edmoutfiles': ['NANOGEN.root'], 'jobarch': 'el9_amd64_gcc11', 'jobminuarch': 'any', 'jobsw': 'CMSSW_13_0_13', 'cacheurl': 'https://cmsweb.cern.ch/S3/crabcache_prod', 'cachefilename': 'bac385762dacc2629a5495da9a98ca7ef323715e81fd6b517c4b869d4e5ffab5.tar.gz', 'debugfilename': 'dae5a5c95acf7b0a187f42f14cf575a263dbf61cd3576cb9e51a7359641c50fa.tar.gz'} 
DEBUG 2025-04-02 12:07:33.677 UTC: 	 Encoded data for curl request: dryrun=0&workflow=crab_W2j_LO_5f_FORTRAN&saveoutput=1&savelogsflag=0&primarydataset=W2j_LO_5f_FORTRAN&nonvaliddata=0&dbsurl=https%3A%2F%2Fcmsweb.cern.ch%2Fdbs%2Fprod%2Fglobal%2FDBSReader&useparent=0&ignorelocality=0&splitalgo=EventBased&algoargs=4000&totalunits=160000&lfn=%2Fstore%2Fuser%2Fchoij%2FMG4GPU%2FValidation&publication=0&publishdbsurl=https%3A%2F%2Fcmsweb.cern.ch%2Fdbs%2Fprod%2Fphys03%2FDBSWriter&publishname2=Run3Summer23wmLHEGS&jobtype=PrivateMC&generator=pythia&maxjobruntime=1250&numcores=1&maxmemory=5000&priority=10&nonprodsw=0&asyncdest=T3_KR_KNU&requireaccelerator=0&oneEventMode=0&ignoreglobalblacklist=0&partialdataset=0&jobarch=el9_amd64_gcc11&jobminuarch=any&jobsw=CMSSW_13_0_13&cacheurl=https%3A%2F%2Fcmsweb.cern.ch%2FS3%2Fcrabcache_prod&cachefilename=bac385762dacc2629a5495da9a98ca7ef323715e81fd6b517c4b869d4e5ffab5.tar.gz&debugfilename=dae5a5c95acf7b0a187f42f14cf575a263dbf61cd3576cb9e51a7359641c50fa.tar.gz&edmoutfiles=NANOGEN.root
DEBUG 2025-04-02 12:07:34.532 UTC: 	 Result: {'result': [{'RequestName': '250402_120734:choij_crab_W2j_LO_5f_FORTRAN'}]}
INFO 2025-04-02 12:07:34.533 UTC: 	 Success: Your task has been delivered to the prod CRAB3 server.
INFO 2025-04-02 12:07:34.533 UTC: 	 Task name: 250402_120734:choij_crab_W2j_LO_5f_FORTRAN
INFO 2025-04-02 12:07:34.533 UTC: 	 Project dir: crab_projects/crab_W2j_LO_5f_FORTRAN
INFO 2025-04-02 12:07:34.533 UTC: 	 Please use ' crab status -d crab_projects/crab_W2j_LO_5f_FORTRAN ' to check how the submission process proceeds.
DEBUG 2025-04-02 12:07:34.533 UTC: 	 About to return
INFO 2025-04-02 12:07:34.534 UTC: 	 Log file is /home/choij/workspace/CustomNanoGEN_CMSSW_13_0_13/src/Configuration/CustomNanoGEN/crab/crab_projects/crab_W2j_LO_5f_FORTRAN/crab.log
DEBUG 2025-04-02 14:16:52.208 UTC: 	 CRAB Client version: v3.250318
DEBUG 2025-04-02 14:16:52.208 UTC: 	 Running on: Linux private-snu 6.13.8-200.fc41.x86_64 #1 SMP PREEMPT_DYNAMIC Sun Mar 23 05:03:09 UTC 2025 x86_64 x86_64 x86_64 GNU/Linux
DEBUG 2025-04-02 14:16:52.208 UTC: 	 Using SINGULARITY image: private-el9.sif
DEBUG 2025-04-02 14:16:52.208 UTC: 	 Operating System: AlmaLinux 9.5 (Teal Serval)
DEBUG 2025-04-02 14:16:52.208 UTC: 	 Executing command: 'status'
DEBUG 2025-04-02 14:16:52.208 UTC: 	 Found CRAB cache file /home/choij/.crab3
DEBUG 2025-04-02 14:16:52.209 UTC: 	 Checking credentials
DEBUG 2025-04-02 14:16:52.209 UTC: 	 Found proxy file /tmp/x509up_u1000
DEBUG 2025-04-02 14:16:52.209 UTC: 	 Making sure it has proper VOMS extension
DEBUG 2025-04-02 14:16:52.209 UTC: 	 Executing command :
 voms-proxy-info --vo --file /tmp/x509up_u1000
DEBUG 2025-04-02 14:16:52.532 UTC: 	 output : cms

 error: 
 retcode : 0
DEBUG 2025-04-02 14:16:52.532 UTC: 	 Getting proxy life time left
DEBUG 2025-04-02 14:16:52.532 UTC: 	 Executing command :
 voms-proxy-info --actimeleft --timeleft --file /tmp/x509up_u1000
DEBUG 2025-04-02 14:16:52.868 UTC: 	 output : 573257
573257

 error: 
 retcode : 0
DEBUG 2025-04-02 14:16:52.868 UTC: 	 Proxy valid for 159:14:17 hours
DEBUG 2025-04-02 14:16:52.868 UTC: 	 Encoded data for curl request: subresource=delegatedn
DEBUG 2025-04-02 14:16:53.707 UTC: 	 Registering user credentials on myproxy for /DC=ch/DC=cern/OU=computers/CN=crab-(preprod|prod)-tw(01|02).cern.ch|/DC=ch/DC=cern/OU=computers/CN=crab-dev-tw(01|02|03|04).cern.ch|/DC=ch/DC=cern/OU=Organic Units/OU=Users/CN=cmscrab/CN=(817881|373708)/CN=Robot: cms crab|/DC=ch/DC=cern/OU=Organic Units/OU=Users/CN=crabint1/CN=373708/CN=Robot: CMS CRAB Integration 1
DEBUG 2025-04-02 14:16:53.707 UTC: 	 Executing command :
 voms-proxy-info --identity --file /tmp/x509up_u1000
DEBUG 2025-04-02 14:16:54.032 UTC: 	 output : /DC=ch/DC=cern/OU=Organic Units/OU=Users/CN=choij/CN=841389/CN=Jin Choi

 error: 
 retcode : 0
DEBUG 2025-04-02 14:16:54.032 UTC: 	 Getting myproxy life time left for 62145c27448958522230f1583fedca774537a25d
DEBUG 2025-04-02 14:16:54.032 UTC: 	 Executing command :
 myproxy-info -s myproxy.cern.ch -l 62145c27448958522230f1583fedca774537a25d
DEBUG 2025-04-02 14:16:55.687 UTC: 	 output : username: 62145c27448958522230f1583fedca774537a25d
owner: /DC=ch/DC=cern/OU=Organic Units/OU=Users/CN=choij/CN=841389/CN=Jin Choi
  renewal policy: /DC=ch/DC=cern/OU=computers/CN=crab-(preprod|prod)-tw(01|02).cern.ch|/DC=ch/DC=cern/OU=computers/CN=crab-dev-tw(01|02|03|04).cern.ch|/DC=ch/DC=cern/OU=Organic Units/OU=Users/CN=cmscrab/CN=(817881|373708)/CN=Robot: cms crab|/DC=ch/DC=cern/OU=Organic Units/OU=Users/CN=crabint1/CN=373708/CN=Robot: CMS CRAB Integration 1
  trusted retrieval policy: /DC=ch/DC=cern/OU=computers/CN=crab-(preprod|prod)-tw(01|02).cern.ch|/DC=ch/DC=cern/OU=computers/CN=crab-dev-tw(01|02|03|04).cern.ch|/DC=ch/DC=cern/OU=Organic Units/OU=Users/CN=cmscrab/CN=(817881|373708)/CN=Robot: cms crab|/DC=ch/DC=cern/OU=Organic Units/OU=Users/CN=crabint1/CN=373708/CN=Robot: CMS CRAB Integration 1
  timeleft: 518:59:09  (21.6 days)

 error: 
 retcode : 0
DEBUG 2025-04-02 14:16:55.687 UTC: 	 Myproxy is valid: 1868340
DEBUG 2025-04-02 14:16:55.688 UTC: 	 Result of myproxy credential check:
  Credential exists on myproxy: username: 62145c27448958522230f1583fedca774537a25d  - validity: 21 days, 14:59:00
DEBUG 2025-04-02 14:16:55.688 UTC: 	 Retrieving username ...
DEBUG 2025-04-02 14:16:55.688 UTC: 	 Retrieving username from CRIC...
DEBUG 2025-04-02 14:16:58.201 UTC: 	 username is choij
INFO 2025-04-02 14:16:59.261 UTC: 	 Rucio client intialized for account choij
DEBUG 2025-04-02 14:16:59.261 UTC: 	 Command use: status
DEBUG 2025-04-02 14:16:59.261 UTC: 	 Options use: ['-d', 'crab_projects/crab_W2j_LO_5f_FORTRAN']
DEBUG 2025-04-02 14:16:59.261 UTC: 	 Encoded data for curl request: subresource=version
DEBUG 2025-04-02 14:17:00.093 UTC: 	 CRABClient version: v3.250318
DEBUG 2025-04-02 14:17:00.093 UTC: 	 Instance is prod
DEBUG 2025-04-02 14:17:00.093 UTC: 	 Server base url is cmsweb.cern.ch
DEBUG 2025-04-02 14:17:00.093 UTC: 	 Command api workflow
DEBUG 2025-04-02 14:17:00.093 UTC: 	 Encoded data for curl request: subresource=search&workflow=250402_120734%3Achoij_crab_W2j_LO_5f_FORTRAN
DEBUG 2025-04-02 14:17:00.932 UTC: 	 Got information from server oracle database: {'desc': {'columns': ['tm_taskname', 'tm_activity', 'tm_task_status', 'tm_task_command', 'tm_start_time', 'tm_start_injection', 'tm_end_injection', 'tm_task_failure', 'tm_job_sw', 'tm_job_arch', 'tm_input_dataset', 'tm_nonvalid_input_dataset', 'tm_use_parent', 'tm_site_whitelist', 'tm_site_blacklist', 'tm_split_algo', 'tm_split_args', 'tm_user_sandbox', 'tm_cache_url', 'tm_username', 'tm_user_dn', 'tm_user_vo', 'tm_user_role', 'tm_user_group', 'tm_publish_name', 'tm_publish_groupname', 'tm_asyncdest', 'tm_dbs_url', 'tm_publish_dbs_url', 'tm_publication', 'tm_outfiles', 'tm_tfile_outfiles', 'tm_edm_outfiles', 'tm_job_type', 'tm_generator', 'tm_events_per_lumi', 'tm_arguments', 'tm_save_logs', 'tw_name', 'tm_user_infiles', 'tm_maxjobruntime', 'tm_numcores', 'tm_maxmemory', 'tm_priority', 'tm_output_dataset', 'tm_task_warnings', 'tm_user_webdir', 'tm_scriptexe', 'tm_scriptargs', 'tm_extrajdl', 'tm_collector', 'tm_schedd', 'tm_dry_run', 'tm_user_files', 'tm_transfer_outputs', 'tm_output_lfn', 'tm_ignore_locality', 'tm_fail_limit', 'tm_one_event_mode', 'tm_secondary_input_dataset', 'tm_primary_dataset', 'tm_last_publication', 'tm_debug_files', 'clusterid', 'tm_ignore_global_blacklist', 'tm_submitter_ip_addr', 'tm_totalunits', 'tm_ddm_reqid', 'tm_user_config', 'tm_transfer_container', 'tm_transfer_rule', 'tm_publish_rule', 'tm_multipub_rule', 'tm_job_min_microarch', 'tm_dagman_status', 'tm_num_jobs', 'tm_uploaded']}, 'result': ['250402_120734:choij_crab_W2j_LO_5f_FORTRAN', 'None', 'SUBMITTED', 'SUBMIT', '2025-04-02 12:07:34.389625', 'None', '2025-04-02 12:09:20.725205', 'None', 'CMSSW_13_0_13', 'el9_amd64_gcc11', 'None', 'F', '0', '[]', '[]', 'EventBased', "{'halt_job_on_file_boundaries': False, 'splitOnRun': False, 'events_per_job': 4000, 'runs': [], 'lumis': []}", 'bac385762dacc2629a5495da9a98ca7ef323715e81fd6b517c4b869d4e5ffab5.tar.gz', 'https://cmsweb.cern.ch/S3/crabcache_prod', 'choij', '/DC=ch/DC=cern/OU=Organic Units/OU=Users/CN=choij/CN=841389/CN=Jin Choi', 'cms', 'None', 'None', 'Run3Summer23wmLHEGS-00000000000000000000000000000000', 'F', 'T3_KR_KNU', 'https://cmsweb.cern.ch/dbs/prod/global/DBSReader', 'https://cmsweb.cern.ch/dbs/prod/phys03/DBSWriter', 'F', '[]', '[]', "['NANOGEN.root']", 'PrivateMC', 'pythia', 'None', '{}', 'F', 'crab-prod-tw01', '[]', '1250', '1', '5000', '10', "['/FakeDataset/fakefile-FakePublish-b25f625186f38d17882afc4e16755884/USER']", "['Task requests 5000 MB of memory, but only 2500 are guaranteed to be available. Jobs may not find a site where to run and stay idle forever.']", 'http://vocms0196.cern.ch/mon/choij/250402_120734:choij_crab_W2j_LO_5f_FORTRAN', 'None', '[]', '[]', 'cmsgwms-collector-global.cern.ch:9620,cmsgwms-collector-global.fnal.gov:9620', 'crab3@vocms0196.cern.ch', 'F', '[]', 'T', '/store/user/choij/MG4GPU/Validation', 'F', 'None', 'F', 'None', 'W2j_LO_5f_FORTRAN', 'None', 'dae5a5c95acf7b0a187f42f14cf575a263dbf61cd3576cb9e51a7359641c50fa.tar.gz', '119112266', 'F', '188.184.73.32', '160000.0', 'None', '{"partialdataset": false, "requireaccelerator": false, "acceleratorparams": null, "inputblocks": null}', 'None', 'None', 'None', 'None', 'any', 'NOT_READY', '0', 'F']}
INFO 2025-04-02 14:17:00.932 UTC: 	 CRAB project directory:		/home/choij/workspace/CustomNanoGEN_CMSSW_13_0_13/src/Configuration/CustomNanoGEN/crab/crab_projects/crab_W2j_LO_5f_FORTRAN
INFO 2025-04-02 14:17:00.932 UTC: 	 Task name:			250402_120734:choij_crab_W2j_LO_5f_FORTRAN
INFO 2025-04-02 14:17:00.932 UTC: 	 Grid scheduler - Task Worker:	crab3@vocms0196.cern.ch - crab-prod-tw01
INFO 2025-04-02 14:17:00.932 UTC: 	 Status on the CRAB server:	SUBMITTED
INFO 2025-04-02 14:17:00.932 UTC: 	 Task URL to use for HELP:	https://cmsweb.cern.ch/crabserver/ui/task/250402_120734%3Achoij_crab_W2j_LO_5f_FORTRAN
INFO 2025-04-02 14:17:00.937 UTC: 	 Dashboard monitoring URL:	https://monit-grafana.cern.ch/d/cmsTMDetail/cms-task-monitoring-task-view?orgId=11&var-user=choij&var-task=250402_120734%3Achoij_crab_W2j_LO_5f_FORTRAN&from=1743592054000&to=now
WARNING 2025-04-02 14:17:00.937 UTC: 	 Warning:			Task requests 5000 MB of memory, but only 2500 are guaranteed to be available. Jobs may not find a site where to run and stay idle forever.
DEBUG 2025-04-02 14:17:00.937 UTC: 	 The CRAB server submitted your task to the Grid scheduler (cluster ID: 119112266)
DEBUG 2025-04-02 14:17:00.937 UTC: 	 Webdir is located at http://vocms0196.cern.ch/mon/choij/250402_120734:choij_crab_W2j_LO_5f_FORTRAN
DEBUG 2025-04-02 14:17:00.937 UTC: 	 Encoded data for curl request: subresource=webdirprx&workflow=250402_120734%3Achoij_crab_W2j_LO_5f_FORTRAN
DEBUG 2025-04-02 14:17:01.764 UTC: 	 Proxied webdir is located at https://cmsweb.cern.ch:8443/scheddmon/0196/choij/250402_120734:choij_crab_W2j_LO_5f_FORTRAN
DEBUG 2025-04-02 14:17:01.765 UTC: 	 Retrieving 'status_cache' file from https://cmsweb.cern.ch:8443/scheddmon/0196/choij/250402_120734:choij_crab_W2j_LO_5f_FORTRAN/status_cache.pkl
DEBUG 2025-04-02 14:17:01.765 UTC: 	 Will execute:
curl -sS --capath /cvmfs/grid.cern.ch/etc/grid-security/certificates --cert /tmp/x509up_u1000 --key /tmp/x509up_u1000 -o /tmp/crab_status-cache-tbihdrvm.pkl -w %"{http_code}" "https://cmsweb.cern.ch:8443/scheddmon/0196/choij/250402_120734:choij_crab_W2j_LO_5f_FORTRAN/status_cache.pkl"
DEBUG 2025-04-02 14:17:01.765 UTC: 	 Executing command :
 curl -sS --capath /cvmfs/grid.cern.ch/etc/grid-security/certificates --cert /tmp/x509up_u1000 --key /tmp/x509up_u1000 -o /tmp/crab_status-cache-tbihdrvm.pkl -w %"{http_code}" "https://cmsweb.cern.ch:8443/scheddmon/0196/choij/250402_120734:choij_crab_W2j_LO_5f_FORTRAN/status_cache.pkl"
DEBUG 2025-04-02 14:19:17.604 UTC: 	 output : 200
 error: 
 retcode : 0
DEBUG 2025-04-02 14:19:17.605 UTC: 	 exitcode: 0
stdout: 200
stderr: 
error details: 
DEBUG 2025-04-02 14:19:17.605 UTC: 	 Got information from status cache file: {'13': {'Retries': 0, 'Restarts': 0, 'SiteHistory': ['Unknown', 'T2_CH_CERN', 'T2_CH_CERN'], 'ResidentSetSize': [4076388], 'SubmitTimes': [1743595824.0], 'StartTimes': [1743595901.0], 'EndTimes': [1743599567.0], 'TotalUserCpuTimeHistory': [3151], 'TotalSysCpuTimeHistory': [13], 'WallDurations': [8.0, 288.0588023662567, 3666.0], 'JobIds': ['119112292.0'], 'State': 'finished', 'RecordedSite': True}, '2': {'Retries': 0, 'Restarts': 0, 'SiteHistory': ['Unknown', 'T2_CH_CERN', 'T2_CH_CERN'], 'ResidentSetSize': [1080816], 'SubmitTimes': [1743595824.0], 'StartTimes': [1743596197.0], 'EndTimes': [1743597875.0], 'TotalUserCpuTimeHistory': [1448], 'TotalSysCpuTimeHistory': [11], 'WallDurations': [9.0, 294.2764928340912, 1678.0], 'JobIds': ['119112293.0'], 'State': 'finished', 'RecordedSite': True}, '1': {'Retries': 0, 'Restarts': 0, 'SiteHistory': ['Unknown', 'T2_CH_CERN', 'T2_CH_CERN'], 'ResidentSetSize': [1057164], 'SubmitTimes': [1743595824.0], 'StartTimes': [1743596197.0], 'EndTimes': [1743597723.0], 'TotalUserCpuTimeHistory': [1297], 'TotalSysCpuTimeHistory': [8], 'WallDurations': [8.0, 294.2764928340912, 1526.0], 'JobIds': ['119112294.0'], 'State': 'finished', 'RecordedSite': True}, '6': {'Retries': 0, 'Restarts': 0, 'SiteHistory': ['Unknown', 'T2_CH_CERN', 'T2_CH_CERN'], 'ResidentSetSize': [1034336], 'SubmitTimes': [1743595824.0], 'StartTimes': [1743596196.0], 'EndTimes': [1743600841.0], 'TotalUserCpuTimeHistory': [3450], 'TotalSysCpuTimeHistory': [15], 'WallDurations': [9.0, 295.2764928340912, 4645.0], 'JobIds': ['119112295.0'], 'State': 'finished', 'RecordedSite': True}, '8': {'Retries': 0, 'Restarts': 0, 'SiteHistory': ['Unknown', 'T2_CH_CERN', 'T2_CH_CERN'], 'ResidentSetSize': [1049952], 'SubmitTimes': [1743595824.0], 'StartTimes': [1743596196.0], 'EndTimes': [1743597650.0], 'TotalUserCpuTimeHistory': [1248], 'TotalSysCpuTimeHistory': [8], 'WallDurations': [8.0, 295.2764928340912, 1454.0], 'JobIds': ['119112296.0'], 'State': 'finished', 'RecordedSite': True}, '17': {'Retries': 0, 'Restarts': 0, 'SiteHistory': ['Unknown', 'T2_CH_CERN', 'T2_CH_CERN'], 'ResidentSetSize': [4021884], 'SubmitTimes': [1743595824.0], 'StartTimes': [1743596196.0], 'EndTimes': [1743600597.0], 'TotalUserCpuTimeHistory': [3356], 'TotalSysCpuTimeHistory': [19], 'WallDurations': [10.0, 295.2764928340912, 4401.0], 'JobIds': ['119112297.0'], 'State': 'finished', 'RecordedSite': True}, '7': {'Retries': 0, 'Restarts': 0, 'SiteHistory': ['Unknown', 'T2_CH_CERN', 'T2_CH_CERN'], 'ResidentSetSize': [4081744], 'SubmitTimes': [1743595824.0], 'StartTimes': [1743595898.0], 'EndTimes': [1743599616.0], 'TotalUserCpuTimeHistory': [3202], 'TotalSysCpuTimeHistory': [11], 'WallDurations': [9.0, 291.0588023662567, 3718.0], 'JobIds': ['119112298.0'], 'State': 'finished', 'RecordedSite': True}, '20': {'Retries': 0, 'Restarts': 0, 'SiteHistory': ['Unknown', 'T2_CH_CERN', 'T2_CH_CERN'], 'ResidentSetSize': [4078040], 'SubmitTimes': [1743595829.0], 'StartTimes': [1743595899.0], 'EndTimes': [1743599691.0], 'TotalUserCpuTimeHistory': [3232], 'TotalSysCpuTimeHistory': [12], 'WallDurations': [8.0, 290.0588023662567, 3792.0], 'JobIds': ['119112299.0'], 'State': 'finished', 'RecordedSite': True}, '3': {'Retries': 0, 'Restarts': 0, 'SiteHistory': ['Unknown', 'T2_CH_CERN', 'T2_CH_CERN'], 'ResidentSetSize': [1072696], 'SubmitTimes': [1743595829.0], 'StartTimes': [1743596197.0], 'EndTimes': [1743598555.0], 'TotalUserCpuTimeHistory': [2058], 'TotalSysCpuTimeHistory': [7], 'WallDurations': [10.0, 294.2764928340912, 2358.0], 'JobIds': ['119112300.0'], 'State': 'finished', 'RecordedSite': True}, '4': {'Retries': 0, 'Restarts': 0, 'SiteHistory': ['Unknown', 'T2_CH_CERN', 'T2_CH_CERN'], 'ResidentSetSize': [4045576], 'SubmitTimes': [1743595829.0], 'StartTimes': [1743596197.0], 'EndTimes': [1743598805.0], 'TotalUserCpuTimeHistory': [2177], 'TotalSysCpuTimeHistory': [17], 'WallDurations': [8.0, 294.2764928340912, 2608.0], 'JobIds': ['119112301.0'], 'State': 'finished', 'RecordedSite': True}, '5': {'Retries': 0, 'Restarts': 0, 'SiteHistory': ['Unknown', 'T2_CH_CERN', 'T2_CH_CERN'], 'ResidentSetSize': [1054260], 'SubmitTimes': [1743595829.0], 'StartTimes': [1743596197.0], 'EndTimes': [1743597726.0], 'TotalUserCpuTimeHistory': [1289], 'TotalSysCpuTimeHistory': [9], 'WallDurations': [8.0, 294.2764928340912, 1529.0], 'JobIds': ['119112302.0'], 'State': 'finished', 'RecordedSite': True}, '9': {'Retries': 0, 'Restarts': 0, 'SiteHistory': ['Unknown', 'T2_CH_CERN', 'T2_CH_CERN'], 'ResidentSetSize': [2860724], 'SubmitTimes': [1743595829.0], 'StartTimes': [1743595897.0], 'EndTimes': [1743599451.0], 'TotalUserCpuTimeHistory': [2904], 'TotalSysCpuTimeHistory': [14], 'WallDurations': [10.0, 292.0588023662567, 3554.0], 'JobIds': ['119112303.0'], 'State': 'finished', 'RecordedSite': True}, '10': {'Retries': 0, 'Restarts': 0, 'SiteHistory': ['Unknown', 'T2_CH_CERN', 'T2_CH_CERN'], 'ResidentSetSize': [4082352], 'SubmitTimes': [1743595829.0], 'StartTimes': [1743595899.0], 'EndTimes': [1743600796.0], 'TotalUserCpuTimeHistory': [4127], 'TotalSysCpuTimeHistory': [16], 'WallDurations': [9.0, 290.0588023662567, 4897.0], 'JobIds': ['119112304.0'], 'State': 'finished', 'RecordedSite': True}, '11': {'Retries': 0, 'Restarts': 0, 'SiteHistory': ['Unknown', 'T2_CH_CERN', 'T2_CH_CERN'], 'ResidentSetSize': [4084036], 'SubmitTimes': [1743595829.0], 'StartTimes': [1743595898.0], 'EndTimes': [1743599671.0], 'TotalUserCpuTimeHistory': [3227], 'TotalSysCpuTimeHistory': [12], 'WallDurations': [8.0, 291.0588023662567, 3773.0], 'JobIds': ['119112305.0'], 'State': 'finished', 'RecordedSite': True}, '12': {'Retries': 0, 'Restarts': 0, 'SiteHistory': ['Unknown', 'T2_CH_CERN', 'T2_CH_CERN'], 'ResidentSetSize': [3982436], 'SubmitTimes': [1743595829.0], 'StartTimes': [1743596196.0], 'EndTimes': [1743598739.0], 'TotalUserCpuTimeHistory': [2057], 'TotalSysCpuTimeHistory': [15], 'WallDurations': [9.0, 295.2764928340912, 2543.0], 'JobIds': ['119112306.0'], 'State': 'finished', 'RecordedSite': True}, '14': {'Retries': 0, 'Restarts': 0, 'SiteHistory': ['Unknown', 'T2_CH_CERN', 'T2_CH_CERN'], 'ResidentSetSize': [1055400], 'SubmitTimes': [1743595829.0], 'StartTimes': [1743596196.0], 'EndTimes': [1743598056.0], 'TotalUserCpuTimeHistory': [1587], 'TotalSysCpuTimeHistory': [9], 'WallDurations': [8.0, 295.2764928340912, 1860.0], 'JobIds': ['119112307.0'], 'State': 'finished', 'RecordedSite': True}, '15': {'Retries': 0, 'Restarts': 0, 'SiteHistory': ['Unknown', 'T2_CH_CERN', 'T2_CH_CERN'], 'ResidentSetSize': [1035640], 'SubmitTimes': [1743595829.0], 'StartTimes': [1743596196.0], 'EndTimes': [1743598004.0], 'TotalUserCpuTimeHistory': [1506], 'TotalSysCpuTimeHistory': [11], 'WallDurations': [8.0, 295.2764928340912, 1808.0], 'JobIds': ['119112308.0'], 'State': 'finished', 'RecordedSite': True}, '16': {'Retries': 0, 'Restarts': 0, 'SiteHistory': ['Unknown', 'T2_CH_CERN', 'T2_CH_CERN'], 'ResidentSetSize': [1051376], 'SubmitTimes': [1743595829.0], 'StartTimes': [1743596196.0], 'EndTimes': [1743597855.0], 'TotalUserCpuTimeHistory': [1407], 'TotalSysCpuTimeHistory': [9], 'WallDurations': [10.0, 295.2764928340912, 1659.0], 'JobIds': ['119112309.0'], 'State': 'finished', 'RecordedSite': True}, '18': {'Retries': 0, 'Restarts': 0, 'SiteHistory': ['Unknown', 'T2_CH_CERN', 'T2_CH_CERN'], 'ResidentSetSize': [1054240], 'SubmitTimes': [1743595829.0], 'StartTimes': [1743596196.0], 'EndTimes': [1743598116.0], 'TotalUserCpuTimeHistory': [1641], 'TotalSysCpuTimeHistory': [9], 'WallDurations': [9.0, 295.2764928340912, 1920.0], 'JobIds': ['119112310.0'], 'State': 'finished', 'RecordedSite': True}, '19': {'Retries': 0, 'Restarts': 0, 'SiteHistory': ['Unknown', 'T2_CH_CERN', 'T2_CH_CERN'], 'ResidentSetSize': [1069048], 'SubmitTimes': [1743595829.0], 'StartTimes': [1743596196.0], 'EndTimes': [1743598230.0], 'TotalUserCpuTimeHistory': [1832], 'TotalSysCpuTimeHistory': [5], 'WallDurations': [8.0, 295.2764928340912, 2034.0], 'JobIds': ['119112311.0'], 'State': 'finished', 'RecordedSite': True}, '22': {'Retries': 0, 'Restarts': 0, 'SiteHistory': ['Unknown', 'T2_CH_CERN', 'T2_CH_CERN'], 'ResidentSetSize': [1045740], 'SubmitTimes': [1743595829.0], 'StartTimes': [1743596197.0], 'EndTimes': [1743597953.0], 'TotalUserCpuTimeHistory': [1468], 'TotalSysCpuTimeHistory': [10], 'WallDurations': [8.0, 294.2764928340912, 1756.0], 'JobIds': ['119112312.0'], 'State': 'finished', 'RecordedSite': True}, '23': {'Retries': 0, 'Restarts': 0, 'SiteHistory': ['Unknown', 'T2_CH_CERN', 'T2_CH_CERN'], 'ResidentSetSize': [4048428], 'SubmitTimes': [1743595829.0], 'StartTimes': [1743596197.0], 'EndTimes': [1743599157.0], 'TotalUserCpuTimeHistory': [2295], 'TotalSysCpuTimeHistory': [15], 'WallDurations': [9.0, 294.2764928340912, 2960.0], 'JobIds': ['119112313.0'], 'State': 'finished', 'RecordedSite': True}, '24': {'Retries': 0, 'Restarts': 0, 'SiteHistory': ['Unknown', 'T2_CH_CERN', 'T2_CH_CERN'], 'ResidentSetSize': [4080888], 'SubmitTimes': [1743595829.0], 'StartTimes': [1743595899.0], 'EndTimes': [1743599829.0], 'TotalUserCpuTimeHistory': [3398], 'TotalSysCpuTimeHistory': [12], 'WallDurations': [8.0, 290.0588023662567, 3930.0], 'JobIds': ['119112314.0'], 'State': 'finished', 'RecordedSite': True}, '25': {'Retries': 0, 'Restarts': 0, 'SiteHistory': ['Unknown', 'T2_CH_CERN', 'T2_CH_CERN'], 'ResidentSetSize': [1067468], 'SubmitTimes': [1743595829.0], 'StartTimes': [1743596196.0], 'EndTimes': [1743597596.0], 'TotalUserCpuTimeHistory': [1174], 'TotalSysCpuTimeHistory': [8], 'WallDurations': [9.0, 295.2764928340912, 1400.0], 'JobIds': ['119112315.0'], 'State': 'finished', 'RecordedSite': True}, '21': {'Retries': 0, 'Restarts': 0, 'SiteHistory': ['Unknown', 'T2_CH_CERN', 'T2_CH_CERN'], 'ResidentSetSize': [4083388], 'SubmitTimes': [1743595829.0], 'StartTimes': [1743595899.0], 'EndTimes': [1743599907.0], 'TotalUserCpuTimeHistory': [3384], 'TotalSysCpuTimeHistory': [16], 'WallDurations': [9.0, 290.0588023662567, 4008.0], 'JobIds': ['119112316.0'], 'State': 'finished', 'RecordedSite': True}, '26': {'Retries': 0, 'Restarts': 0, 'SiteHistory': ['Unknown', 'T2_CH_CERN', 'T2_CH_CERN'], 'ResidentSetSize': [1064848], 'SubmitTimes': [1743595829.0], 'StartTimes': [1743596198.0], 'EndTimes': [1743597572.0], 'TotalUserCpuTimeHistory': [1174], 'TotalSysCpuTimeHistory': [8], 'WallDurations': [8.0, 293.2764928340912, 1374.0], 'JobIds': ['119112317.0'], 'State': 'finished', 'RecordedSite': True}, '27': {'Retries': 0, 'Restarts': 0, 'SiteHistory': ['Unknown', 'T2_CH_CERN', 'T2_CH_CERN'], 'ResidentSetSize': [1062092], 'SubmitTimes': [1743595829.0], 'StartTimes': [1743596197.0], 'EndTimes': [1743597531.0], 'TotalUserCpuTimeHistory': [1141], 'TotalSysCpuTimeHistory': [7], 'WallDurations': [9.0, 294.2764928340912, 1334.0], 'JobIds': ['119112318.0'], 'State': 'finished', 'RecordedSite': True}, '35': {'Retries': 0, 'Restarts': 0, 'SiteHistory': ['Unknown', 'T2_CH_CERN', 'T2_CH_CERN'], 'ResidentSetSize': [4050876], 'SubmitTimes': [1743595829.0], 'StartTimes': [1743596198.0], 'EndTimes': [1743598988.0], 'TotalUserCpuTimeHistory': [2407], 'TotalSysCpuTimeHistory': [9], 'WallDurations': [8.0, 293.2764928340912, 2790.0], 'JobIds': ['119112319.0'], 'State': 'finished', 'RecordedSite': True}, '38': {'Retries': 0, 'Restarts': 0, 'SiteHistory': ['Unknown', 'T2_CH_CERN', 'T2_CH_CERN'], 'ResidentSetSize': [4040268], 'SubmitTimes': [1743595829.0], 'StartTimes': [1743596197.0], 'EndTimes': [1743598839.0], 'TotalUserCpuTimeHistory': [2175], 'TotalSysCpuTimeHistory': [13], 'WallDurations': [9.0, 294.2764928340912, 2642.0], 'JobIds': ['119112320.0'], 'State': 'finished', 'RecordedSite': True}, '31': {'Retries': 0, 'Restarts': 0, 'SiteHistory': ['Unknown', 'T2_CH_CERN', 'T2_CH_CERN'], 'ResidentSetSize': [1065264], 'SubmitTimes': [1743595829.0], 'StartTimes': [1743596197.0], 'EndTimes': [1743597746.0], 'TotalUserCpuTimeHistory': [1292], 'TotalSysCpuTimeHistory': [9], 'WallDurations': [9.0, 294.2764928340912, 1549.0], 'JobIds': ['119112321.0'], 'State': 'finished', 'RecordedSite': True}, '36': {'Retries': 0, 'Restarts': 0, 'SiteHistory': ['Unknown', 'T2_CH_CERN', 'T2_CH_CERN'], 'ResidentSetSize': [1042200], 'SubmitTimes': [1743595829.0], 'StartTimes': [1743596196.0], 'EndTimes': [1743597875.0], 'TotalUserCpuTimeHistory': [1430], 'TotalSysCpuTimeHistory': [10], 'WallDurations': [9.0, 295.2764928340912, 1679.0], 'JobIds': ['119112322.0'], 'State': 'finished', 'RecordedSite': True}, '39': {'Retries': 0, 'Restarts': 0, 'SiteHistory': ['Unknown', 'T2_CH_CERN', 'T2_CH_CERN'], 'ResidentSetSize': [1049448], 'SubmitTimes': [1743595830.0], 'StartTimes': [1743596196.0], 'EndTimes': [1743598006.0], 'TotalUserCpuTimeHistory': [1512], 'TotalSysCpuTimeHistory': [11], 'WallDurations': [8.0, 295.2764928340912, 1810.0], 'JobIds': ['119112323.0'], 'State': 'finished', 'RecordedSite': True}, '33': {'Retries': 0, 'Restarts': 0, 'SiteHistory': ['Unknown', 'T2_CH_CERN', 'T2_CH_CERN'], 'ResidentSetSize': [4029480], 'SubmitTimes': [1743595830.0], 'StartTimes': [1743596197.0], 'EndTimes': [1743599218.0], 'TotalUserCpuTimeHistory': [2391], 'TotalSysCpuTimeHistory': [16], 'WallDurations': [9.0, 294.2764928340912, 3021.0], 'JobIds': ['119112324.0'], 'State': 'finished', 'RecordedSite': True}, '34': {'Retries': 0, 'Restarts': 0, 'SiteHistory': ['Unknown', 'T2_CH_CERN', 'T2_CH_CERN'], 'ResidentSetSize': [1070524], 'SubmitTimes': [1743595830.0], 'StartTimes': [1743596197.0], 'EndTimes': [1743598075.0], 'TotalUserCpuTimeHistory': [1594], 'TotalSysCpuTimeHistory': [9], 'WallDurations': [8.0, 294.2764928340912, 1878.0], 'JobIds': ['119112325.0'], 'State': 'finished', 'RecordedSite': True}, '30': {'Retries': 0, 'Restarts': 0, 'SiteHistory': ['Unknown', 'T2_CH_CERN', 'T2_CH_CERN'], 'ResidentSetSize': [3170352], 'SubmitTimes': [1743595830.0], 'StartTimes': [1743596197.0], 'EndTimes': [1743600186.0], 'TotalUserCpuTimeHistory': [3327], 'TotalSysCpuTimeHistory': [12], 'WallDurations': [8.0, 294.2764928340912, 3989.0], 'JobIds': ['119112326.0'], 'State': 'finished', 'RecordedSite': True}, '28': {'Retries': 0, 'Restarts': 0, 'SiteHistory': ['Unknown', 'T2_CH_CERN', 'T2_CH_CERN'], 'ResidentSetSize': [4021368], 'SubmitTimes': [1743595830.0], 'StartTimes': [1743596198.0], 'EndTimes': [1743598743.0], 'TotalUserCpuTimeHistory': [2125], 'TotalSysCpuTimeHistory': [16], 'WallDurations': [8.0, 293.2764928340912, 2545.0], 'JobIds': ['119112327.0'], 'State': 'finished', 'RecordedSite': True}, '32': {'Retries': 0, 'Restarts': 0, 'SiteHistory': ['Unknown', 'T2_CH_CERN', 'T2_CH_CERN'], 'ResidentSetSize': [1042004], 'SubmitTimes': [1743595830.0], 'StartTimes': [1743596197.0], 'EndTimes': [1743598404.0], 'TotalUserCpuTimeHistory': [1837], 'TotalSysCpuTimeHistory': [13], 'WallDurations': [9.0, 294.2764928340912, 2207.0], 'JobIds': ['119112328.0'], 'State': 'finished', 'RecordedSite': True}, '37': {'Retries': 0, 'Restarts': 0, 'SiteHistory': ['Unknown', 'T2_CH_CERN', 'T2_CH_CERN'], 'ResidentSetSize': [4037728], 'SubmitTimes': [1743595830.0], 'StartTimes': [1743596197.0], 'EndTimes': [1743598849.0], 'TotalUserCpuTimeHistory': [2226], 'TotalSysCpuTimeHistory': [17], 'WallDurations': [8.0, 294.2764928340912, 2652.0], 'JobIds': ['119112329.0'], 'State': 'finished', 'RecordedSite': True}, '40': {'Retries': 0, 'Restarts': 0, 'SiteHistory': ['Unknown', 'T2_CH_CERN', 'T2_CH_CERN'], 'ResidentSetSize': [1092884], 'SubmitTimes': [1743595830.0], 'StartTimes': [1743596198.0], 'EndTimes': [1743598345.0], 'TotalUserCpuTimeHistory': [1891], 'TotalSysCpuTimeHistory': [9], 'WallDurations': [8.0, 293.2764928340912, 2147.0], 'JobIds': ['119112330.0'], 'State': 'finished', 'RecordedSite': True}, '29': {'Retries': 0, 'Restarts': 0, 'SiteHistory': ['Unknown', 'T2_CH_CERN', 'T2_CH_CERN'], 'ResidentSetSize': [1077388], 'SubmitTimes': [1743595830.0], 'StartTimes': [1743596197.0], 'EndTimes': [1743598505.0], 'TotalUserCpuTimeHistory': [2003], 'TotalSysCpuTimeHistory': [7], 'WallDurations': [9.0, 294.2764928340912, 2308.0], 'JobIds': ['119112331.0'], 'State': 'finished', 'RecordedSite': True}}
INFO 2025-04-02 14:19:17.605 UTC: 	 Status on the scheduler:	COMPLETED
INFO 2025-04-02 14:19:17.605 UTC: 	 
Jobs status:                    finished     		100.0% (40/40)
INFO 2025-04-02 14:19:17.605 UTC: 	 
No publication information (publication has been disabled in the CRAB configuration file)
INFO 2025-04-02 14:19:17.606 UTC: 	 
Warning: the max jobs runtime is less than 30% of the task requested value (1250 min), please consider to request a lower value for failed jobs (allowed through crab resubmit) and/or improve the jobs splitting (e.g. config.Data.splitting = 'Automatic') in a new task.
INFO 2025-04-02 14:19:17.606 UTC: 	 
Summary of run jobs:
 * Memory: 1032MB min, 3988MB max, 2299MB ave
 * Runtime: 0:22:14 min, 1:21:37 max, 0:43:05 ave
 * CPU eff: 75% min, 90% max, 84% ave
 * Waste: 3:21:31 (10% of total)

INFO 2025-04-02 14:19:17.608 UTC: 	 Log file is /home/choij/workspace/CustomNanoGEN_CMSSW_13_0_13/src/Configuration/CustomNanoGEN/crab/crab_projects/crab_W2j_LO_5f_FORTRAN/crab.log
