DEBUG 2025-04-02 12:00:32.845 UTC: 	 CRAB Client version: v3.250318
DEBUG 2025-04-02 12:00:32.845 UTC: 	 Running on: Linux private-snu 6.13.8-200.fc41.x86_64 #1 SMP PREEMPT_DYNAMIC Sun Mar 23 05:03:09 UTC 2025 x86_64 x86_64 x86_64 GNU/Linux
DEBUG 2025-04-02 12:00:32.845 UTC: 	 Using SINGULARITY image: private-el9.sif
DEBUG 2025-04-02 12:00:32.845 UTC: 	 Operating System: AlmaLinux 9.5 (Teal Serval)
DEBUG 2025-04-02 12:00:32.846 UTC: 	 Executing command: 'submit'
DEBUG 2025-04-02 12:00:32.846 UTC: 	 Found CRAB cache file /home/choij/.crab3
INFO 2025-04-02 12:00:32.846 UTC: 	 Will use CRAB configuration file crab_config_W3j_LO_5f_FORTRAN.py
DEBUG 2025-04-02 12:00:32.846 UTC: 	 Loading CRAB configuration file.
DEBUG 2025-04-02 12:00:34.567 UTC: 	 Will use CRAB plugin PRIVATEMC (i.e. will run an a MC generation job type).
DEBUG 2025-04-02 12:00:34.567 UTC: 	 Checking credentials
DEBUG 2025-04-02 12:00:34.567 UTC: 	 Found proxy file /tmp/x509up_u1000
DEBUG 2025-04-02 12:00:34.567 UTC: 	 Making sure it has proper VOMS extension
DEBUG 2025-04-02 12:00:34.567 UTC: 	 Executing command :
 voms-proxy-info --vo --file /tmp/x509up_u1000
DEBUG 2025-04-02 12:00:34.873 UTC: 	 output : cms

 error: 
 retcode : 0
DEBUG 2025-04-02 12:00:34.874 UTC: 	 Getting proxy life time left
DEBUG 2025-04-02 12:00:34.874 UTC: 	 Executing command :
 voms-proxy-info --actimeleft --timeleft --file /tmp/x509up_u1000
DEBUG 2025-04-02 12:00:35.174 UTC: 	 output : 581434
581434

 error: 
 retcode : 0
DEBUG 2025-04-02 12:00:35.174 UTC: 	 Proxy valid for 161:30:34 hours
DEBUG 2025-04-02 12:00:35.174 UTC: 	 Encoded data for curl request: subresource=delegatedn
DEBUG 2025-04-02 12:00:36.003 UTC: 	 Registering user credentials on myproxy for /DC=ch/DC=cern/OU=computers/CN=crab-(preprod|prod)-tw(01|02).cern.ch|/DC=ch/DC=cern/OU=computers/CN=crab-dev-tw(01|02|03|04).cern.ch|/DC=ch/DC=cern/OU=Organic Units/OU=Users/CN=cmscrab/CN=(817881|373708)/CN=Robot: cms crab|/DC=ch/DC=cern/OU=Organic Units/OU=Users/CN=crabint1/CN=373708/CN=Robot: CMS CRAB Integration 1
DEBUG 2025-04-02 12:00:36.004 UTC: 	 Executing command :
 voms-proxy-info --identity --file /tmp/x509up_u1000
DEBUG 2025-04-02 12:00:36.310 UTC: 	 output : /DC=ch/DC=cern/OU=Organic Units/OU=Users/CN=choij/CN=841389/CN=Jin Choi

 error: 
 retcode : 0
DEBUG 2025-04-02 12:00:36.311 UTC: 	 Getting myproxy life time left for 62145c27448958522230f1583fedca774537a25d
DEBUG 2025-04-02 12:00:36.311 UTC: 	 Executing command :
 myproxy-info -s myproxy.cern.ch -l 62145c27448958522230f1583fedca774537a25d
DEBUG 2025-04-02 12:00:37.933 UTC: 	 output : username: 62145c27448958522230f1583fedca774537a25d
owner: /DC=ch/DC=cern/OU=Organic Units/OU=Users/CN=choij/CN=841389/CN=Jin Choi
  renewal policy: /DC=ch/DC=cern/OU=computers/CN=crab-(preprod|prod)-tw(01|02).cern.ch|/DC=ch/DC=cern/OU=computers/CN=crab-dev-tw(01|02|03|04).cern.ch|/DC=ch/DC=cern/OU=Organic Units/OU=Users/CN=cmscrab/CN=(817881|373708)/CN=Robot: cms crab|/DC=ch/DC=cern/OU=Organic Units/OU=Users/CN=crabint1/CN=373708/CN=Robot: CMS CRAB Integration 1
  trusted retrieval policy: /DC=ch/DC=cern/OU=computers/CN=crab-(preprod|prod)-tw(01|02).cern.ch|/DC=ch/DC=cern/OU=computers/CN=crab-dev-tw(01|02|03|04).cern.ch|/DC=ch/DC=cern/OU=Organic Units/OU=Users/CN=cmscrab/CN=(817881|373708)/CN=Robot: cms crab|/DC=ch/DC=cern/OU=Organic Units/OU=Users/CN=crabint1/CN=373708/CN=Robot: CMS CRAB Integration 1
  timeleft: 521:15:27  (21.7 days)

 error: 
 retcode : 0
DEBUG 2025-04-02 12:00:37.933 UTC: 	 Myproxy is valid: 1876500
DEBUG 2025-04-02 12:00:37.933 UTC: 	 Result of myproxy credential check:
  Credential exists on myproxy: username: 62145c27448958522230f1583fedca774537a25d  - validity: 21 days, 17:15:00
DEBUG 2025-04-02 12:00:37.933 UTC: 	 Command use: submit
DEBUG 2025-04-02 12:00:37.933 UTC: 	 Options use: ['-c', 'crab_config_W3j_LO_5f_FORTRAN.py']
DEBUG 2025-04-02 12:00:37.933 UTC: 	 Encoded data for curl request: subresource=version
DEBUG 2025-04-02 12:02:53.541 UTC: 	 CRABClient version: v3.250318
DEBUG 2025-04-02 12:02:53.541 UTC: 	 Instance is prod
DEBUG 2025-04-02 12:02:53.541 UTC: 	 Server base url is cmsweb.cern.ch
DEBUG 2025-04-02 12:02:53.541 UTC: 	 Command api workflow
DEBUG 2025-04-02 12:02:53.541 UTC: 	 Started submission
DEBUG 2025-04-02 12:02:53.541 UTC: 	 Working on /home/choij/workspace/CustomNanoGEN_CMSSW_13_0_13/src/Configuration/CustomNanoGEN/crab/crab_projects/crab_W3j_LO_5f_FORTRAN
DEBUG 2025-04-02 12:02:53.541 UTC: 	 Encoded data for curl request: subresource=backendurls
DEBUG 2025-04-02 12:02:54.413 UTC: 	 Loading required information from the environment
DEBUG 2025-04-02 12:02:54.413 UTC: 	 Found CMSSW_13_0_13 for el9_amd64_gcc11 with base /home/choij/workspace/CustomNanoGEN_CMSSW_13_0_13
DEBUG 2025-04-02 12:02:54.413 UTC: 	 UNIQUE NAME: tarUUID 60e422b7-7def-4f67-bebb-9854c2e155f5 
DEBUG 2025-04-02 12:02:54.413 UTC: 	 self.config: from WMCore.Configuration import Configuration
config = Configuration()
config.section_('General')
config.General.transferOutputs = True
config.General.workArea = 'crab_projects'
config.General.requestName = 'W3j_LO_5f_FORTRAN'
config.General.transferLogs = False
config.section_('JobType')
config.JobType.maxMemoryMB = 5000
config.JobType.allowUndistributedCMSSW = False
config.JobType.pluginName = 'PrivateMC'
config.JobType.psetName = '../configs/Hadronizer_TuneCP5_13p6TeV_W3j_LO_5f_FORTRAN_LHE_pythia8_cfg.py'
config.JobType.numCores = 1
config.section_('Data')
config.Data.outputPrimaryDataset = 'W3j_LO_5f_FORTRAN'
config.Data.publication = False
config.Data.totalUnits = 160000
config.Data.unitsPerJob = 4000
config.Data.splitting = 'EventBased'
config.Data.outputDatasetTag = 'Run3Summer23wmLHEGS'
config.Data.outLFNDirBase = '/store/user/choij/MG4GPU/Validation'
config.section_('Site')
config.Site.storageSite = 'T3_KR_KNU'
config.section_('User')
config.section_('Debug')

DEBUG 2025-04-02 12:02:54.413 UTC: 	 self.config.JobType.psetName: ../configs/Hadronizer_TuneCP5_13p6TeV_W3j_LO_5f_FORTRAN_LHE_pythia8_cfg.py
INFO 2025-04-02 12:02:54.413 UTC: 	 Importing CMSSW configuration ../configs/Hadronizer_TuneCP5_13p6TeV_W3j_LO_5f_FORTRAN_LHE_pythia8_cfg.py
INFO 2025-04-02 12:02:55.024 UTC: 	 Finished importing CMSSW configuration ../configs/Hadronizer_TuneCP5_13p6TeV_W3j_LO_5f_FORTRAN_LHE_pythia8_cfg.py
DEBUG 2025-04-02 12:02:55.024 UTC: 	 Writing CMSSW configuration to /home/choij/workspace/CustomNanoGEN_CMSSW_13_0_13/src/Configuration/CustomNanoGEN/crab/crab_projects/crab_W3j_LO_5f_FORTRAN/inputs/PSet.py
DEBUG 2025-04-02 12:02:55.124 UTC: 	 The following EDM output files will be collected: ['NANOGEN.root']
DEBUG 2025-04-02 12:02:55.124 UTC: 	 The following TFile output files will be collected: []
DEBUG 2025-04-02 12:02:55.124 UTC: 	 The following user output files (not listed as PoolOuputModule or TFileService in the CMSSW PSet) will be collected: 
DEBUG 2025-04-02 12:02:55.124 UTC: 	 Loading required information from the environment
DEBUG 2025-04-02 12:02:55.124 UTC: 	 Found CMSSW_13_0_13 for el9_amd64_gcc11 with base /home/choij/workspace/CustomNanoGEN_CMSSW_13_0_13
DEBUG 2025-04-02 12:02:55.124 UTC: 	 Making tarball in /home/choij/workspace/CustomNanoGEN_CMSSW_13_0_13/src/Configuration/CustomNanoGEN/crab/crab_projects/crab_W3j_LO_5f_FORTRAN/inputs/60e422b7-7def-4f67-bebb-9854c2e155f5default.tgz
DEBUG 2025-04-02 12:02:55.124 UTC: 	 Checking directory /home/choij/workspace/CustomNanoGEN_CMSSW_13_0_13/bin
DEBUG 2025-04-02 12:02:55.124 UTC: 	 Adding directory /home/choij/workspace/CustomNanoGEN_CMSSW_13_0_13/bin to tarball
DEBUG 2025-04-02 12:02:55.126 UTC: 	 Checking directory /home/choij/workspace/CustomNanoGEN_CMSSW_13_0_13/python
DEBUG 2025-04-02 12:02:55.126 UTC: 	 Adding directory /home/choij/workspace/CustomNanoGEN_CMSSW_13_0_13/python to tarball
DEBUG 2025-04-02 12:02:55.128 UTC: 	 Checking directory /home/choij/workspace/CustomNanoGEN_CMSSW_13_0_13/cfipython
DEBUG 2025-04-02 12:02:55.128 UTC: 	 Adding directory /home/choij/workspace/CustomNanoGEN_CMSSW_13_0_13/cfipython to tarball
DEBUG 2025-04-02 12:02:55.129 UTC: 	 Checking directory /home/choij/workspace/CustomNanoGEN_CMSSW_13_0_13/lib
DEBUG 2025-04-02 12:02:55.129 UTC: 	 Adding directory /home/choij/workspace/CustomNanoGEN_CMSSW_13_0_13/lib to tarball
DEBUG 2025-04-02 12:02:55.129 UTC: 	 Checking directory /home/choij/workspace/CustomNanoGEN_CMSSW_13_0_13/biglib
DEBUG 2025-04-02 12:02:55.129 UTC: 	 Adding directory /home/choij/workspace/CustomNanoGEN_CMSSW_13_0_13/biglib to tarball
DEBUG 2025-04-02 12:02:55.130 UTC: 	 Checking directory /home/choij/workspace/CustomNanoGEN_CMSSW_13_0_13/module
DEBUG 2025-04-02 12:02:55.130 UTC: 	 Checking directory /home/choij/workspace/CustomNanoGEN_CMSSW_13_0_13/config/SCRAM/hooks
DEBUG 2025-04-02 12:02:55.130 UTC: 	 Adding directory /home/choij/workspace/CustomNanoGEN_CMSSW_13_0_13/config/SCRAM/hooks to tarball
DEBUG 2025-04-02 12:02:55.135 UTC: 	 Adding directory /home/choij/workspace/CustomNanoGEN_CMSSW_13_0_13/src/Configuration/CustomNanoGEN/python to tarball
DEBUG 2025-04-02 12:02:55.285 UTC: 	 Uploading archive /home/choij/workspace/CustomNanoGEN_CMSSW_13_0_13/src/Configuration/CustomNanoGEN/crab/crab_projects/crab_W3j_LO_5f_FORTRAN/inputs/60e422b7-7def-4f67-bebb-9854c2e155f5default.tgz (198 KB) to the CRAB cache. Using URI https://cmsweb.cern.ch/S3/crabcache_prod
DEBUG 2025-04-02 12:02:55.374 UTC: 	 Encoded data for curl request: subresource=upload&objecttype=sandbox&tarballname=15b5b4fcd9b5b5e0e8e531667046c6ecfc173298c0e4f2cf3ce93a8af4632401.tar.gz
DEBUG 2025-04-02 12:02:56.236 UTC: 	 Will execute:
curl -f -v -X POST  -H "User-Agent: CRAB" -F "key=choij/sandboxes/15b5b4fcd9b5b5e0e8e531667046c6ecfc173298c0e4f2cf3ce93a8af4632401.tar.gz" -F "AWSAccessKeyId=715203df6482458ba839e73e6dab634b" -F "policy=eyJleHBpcmF0aW9uIjogIjIwMjUtMDQtMDJUMTM6MDI6NTZaIiwgImNvbmRpdGlvbnMiOiBbeyJidWNrZXQiOiAiY3JhYmNhY2hlX3Byb2QifSwgeyJrZXkiOiAiY2hvaWovc2FuZGJveGVzLzE1YjViNGZjZDliNWI1ZTBlOGU1MzE2NjcwNDZjNmVjZmMxNzMyOThjMGU0ZjJjZjNjZTkzYThhZjQ2MzI0MDEudGFyLmd6In1dfQ==" -F "signature=gBuGvfI5FVYo3GTD8NuRjLsGrPM=" -F "file=@/home/choij/workspace/CustomNanoGEN_CMSSW_13_0_13/src/Configuration/CustomNanoGEN/crab/crab_projects/crab_W3j_LO_5f_FORTRAN/inputs/60e422b7-7def-4f67-bebb-9854c2e155f5default.tgz" "https://s3.cern.ch/crabcache_prod"
DEBUG 2025-04-02 12:02:57.865 UTC: 	 exitcode: 0
stdout: b''
DEBUG 2025-04-02 12:02:57.865 UTC: 	 upload to S3 of sandbox /home/choij/workspace/CustomNanoGEN_CMSSW_13_0_13/src/Configuration/CustomNanoGEN/crab/crab_projects/crab_W3j_LO_5f_FORTRAN/inputs/60e422b7-7def-4f67-bebb-9854c2e155f5default.tgz completed
DEBUG 2025-04-02 12:02:57.865 UTC: 	 make sure that object is ready for retrieve
DEBUG 2025-04-02 12:02:58.867 UTC: 	 Encoded data for curl request: subresource=download&objecttype=sandbox&tarballname=15b5b4fcd9b5b5e0e8e531667046c6ecfc173298c0e4f2cf3ce93a8af4632401.tar.gz&clientmethod=head_object
DEBUG 2025-04-02 12:02:59.711 UTC: 	 PreSignedUrl to download sandbox received OK
DEBUG 2025-04-02 12:02:59.715 UTC: 	 Will execute:
 curl -v -s -f -o /dev/null --head  "https://s3.cern.ch/crabcache_prod/choij/sandboxes/15b5b4fcd9b5b5e0e8e531667046c6ecfc173298c0e4f2cf3ce93a8af4632401.tar.gz?AWSAccessKeyId=715203df6482458ba839e73e6dab634b&Signature=FtHPJG6hM2tPy0f2%2FPAXXaxxQYM%3D&Expires=1743598979"
DEBUG 2025-04-02 12:03:00.537 UTC: 	 exitcode: 0
stdout: b''
DEBUG 2025-04-02 12:03:00.538 UTC: 	 sandbox /home/choij/workspace/CustomNanoGEN_CMSSW_13_0_13/src/Configuration/CustomNanoGEN/crab/crab_projects/crab_W3j_LO_5f_FORTRAN/inputs/60e422b7-7def-4f67-bebb-9854c2e155f5default.tgz successfully uploaded to S3
DEBUG 2025-04-02 12:03:00.538 UTC: 	 Loading required information from the environment
DEBUG 2025-04-02 12:03:00.538 UTC: 	 Found CMSSW_13_0_13 for el9_amd64_gcc11 with base /home/choij/workspace/CustomNanoGEN_CMSSW_13_0_13
DEBUG 2025-04-02 12:03:00.538 UTC: 	 Making tarball in /home/choij/workspace/CustomNanoGEN_CMSSW_13_0_13/src/Configuration/CustomNanoGEN/crab/crab_projects/crab_W3j_LO_5f_FORTRAN/inputs/debugFiles.tgz
DEBUG 2025-04-02 12:03:00.541 UTC: 	 Uploading archive /home/choij/workspace/CustomNanoGEN_CMSSW_13_0_13/src/Configuration/CustomNanoGEN/crab/crab_projects/crab_W3j_LO_5f_FORTRAN/inputs/debugFiles.tgz (3 KB) to the CRAB cache. Using URI https://cmsweb.cern.ch/S3/crabcache_prod
DEBUG 2025-04-02 12:03:00.542 UTC: 	 Encoded data for curl request: subresource=upload&objecttype=sandbox&tarballname=9499fd1f6db2df3ae9bb8ee8e3aa06d2760420bedcde81a95a471c25d24450df.tar.gz
DEBUG 2025-04-02 12:03:01.397 UTC: 	 Will execute:
curl -f -v -X POST  -H "User-Agent: CRAB" -F "key=choij/sandboxes/9499fd1f6db2df3ae9bb8ee8e3aa06d2760420bedcde81a95a471c25d24450df.tar.gz" -F "AWSAccessKeyId=715203df6482458ba839e73e6dab634b" -F "policy=eyJleHBpcmF0aW9uIjogIjIwMjUtMDQtMDJUMTM6MDM6MDFaIiwgImNvbmRpdGlvbnMiOiBbeyJidWNrZXQiOiAiY3JhYmNhY2hlX3Byb2QifSwgeyJrZXkiOiAiY2hvaWovc2FuZGJveGVzLzk0OTlmZDFmNmRiMmRmM2FlOWJiOGVlOGUzYWEwNmQyNzYwNDIwYmVkY2RlODFhOTVhNDcxYzI1ZDI0NDUwZGYudGFyLmd6In1dfQ==" -F "signature=drCazDsnrRhtXceRcHWz5JWvDLM=" -F "file=@/home/choij/workspace/CustomNanoGEN_CMSSW_13_0_13/src/Configuration/CustomNanoGEN/crab/crab_projects/crab_W3j_LO_5f_FORTRAN/inputs/debugFiles.tgz" "https://s3.cern.ch/crabcache_prod"
DEBUG 2025-04-02 12:03:02.250 UTC: 	 exitcode: 0
stdout: b''
DEBUG 2025-04-02 12:03:02.250 UTC: 	 upload to S3 of sandbox /home/choij/workspace/CustomNanoGEN_CMSSW_13_0_13/src/Configuration/CustomNanoGEN/crab/crab_projects/crab_W3j_LO_5f_FORTRAN/inputs/debugFiles.tgz completed
DEBUG 2025-04-02 12:03:02.250 UTC: 	 make sure that object is ready for retrieve
DEBUG 2025-04-02 12:03:03.251 UTC: 	 Encoded data for curl request: subresource=download&objecttype=sandbox&tarballname=9499fd1f6db2df3ae9bb8ee8e3aa06d2760420bedcde81a95a471c25d24450df.tar.gz&clientmethod=head_object
DEBUG 2025-04-02 12:03:04.082 UTC: 	 PreSignedUrl to download sandbox received OK
DEBUG 2025-04-02 12:03:04.086 UTC: 	 Will execute:
 curl -v -s -f -o /dev/null --head  "https://s3.cern.ch/crabcache_prod/choij/sandboxes/9499fd1f6db2df3ae9bb8ee8e3aa06d2760420bedcde81a95a471c25d24450df.tar.gz?AWSAccessKeyId=715203df6482458ba839e73e6dab634b&Signature=jmM14yCbXSKKM%2FXhoQFYuCCHQys%3D&Expires=1743598983"
DEBUG 2025-04-02 12:03:04.900 UTC: 	 exitcode: 0
stdout: b''
DEBUG 2025-04-02 12:03:04.900 UTC: 	 sandbox /home/choij/workspace/CustomNanoGEN_CMSSW_13_0_13/src/Configuration/CustomNanoGEN/crab/crab_projects/crab_W3j_LO_5f_FORTRAN/inputs/debugFiles.tgz successfully uploaded to S3
DEBUG 2025-04-02 12:03:04.900 UTC: 	 Result uploading input files: 15b5b4fcd9b5b5e0e8e531667046c6ecfc173298c0e4f2cf3ce93a8af4632401.tar.gz 
DEBUG 2025-04-02 12:03:04.900 UTC: 	 submit() - self.configuration from WMCore.Configuration import Configuration
config = Configuration()
config.section_('General')
config.General.transferOutputs = True
config.General.workArea = 'crab_projects'
config.General.requestName = 'W3j_LO_5f_FORTRAN'
config.General.transferLogs = False
config.section_('JobType')
config.JobType.maxMemoryMB = 5000
config.JobType.allowUndistributedCMSSW = False
config.JobType.pluginName = 'PrivateMC'
config.JobType.psetName = '../configs/Hadronizer_TuneCP5_13p6TeV_W3j_LO_5f_FORTRAN_LHE_pythia8_cfg.py'
config.JobType.numCores = 1
config.section_('Data')
config.Data.outputPrimaryDataset = 'W3j_LO_5f_FORTRAN'
config.Data.publication = False
config.Data.totalUnits = 160000
config.Data.unitsPerJob = 4000
config.Data.splitting = 'EventBased'
config.Data.outputDatasetTag = 'Run3Summer23wmLHEGS'
config.Data.outLFNDirBase = '/store/user/choij/MG4GPU/Validation'
config.section_('Site')
config.Site.storageSite = 'T3_KR_KNU'
config.section_('User')
config.section_('Debug')

DEBUG 2025-04-02 12:03:04.900 UTC: 	 submit() - self.configreq {'dryrun': 0, 'workflow': 'crab_W3j_LO_5f_FORTRAN', 'saveoutput': 1, 'savelogsflag': 0, 'primarydataset': 'W3j_LO_5f_FORTRAN', 'nonvaliddata': 0, 'userfiles': [], 'dbsurl': 'https://cmsweb.cern.ch/dbs/prod/global/DBSReader', 'useparent': 0, 'ignorelocality': 0, 'splitalgo': 'EventBased', 'algoargs': 4000, 'totalunits': 160000, 'lfn': '/store/user/choij/MG4GPU/Validation', 'publication': 0, 'publishdbsurl': 'https://cmsweb.cern.ch/dbs/prod/phys03/DBSWriter', 'publishname2': 'Run3Summer23wmLHEGS', 'jobtype': 'PrivateMC', 'generator': 'pythia', 'addoutputfiles': [], 'maxjobruntime': 1250, 'numcores': 1, 'maxmemory': 5000, 'priority': 10, 'nonprodsw': 0, 'asyncdest': 'T3_KR_KNU', 'requireaccelerator': 0, 'oneEventMode': 0, 'extrajdl': [], 'ignoreglobalblacklist': 0, 'partialdataset': 0, 'inputblocks': []}
DEBUG 2025-04-02 12:03:04.900 UTC: 	 submit() - jobconfig {'addoutputfiles': [], 'tfileoutfiles': [], 'edmoutfiles': ['NANOGEN.root'], 'jobarch': 'el9_amd64_gcc11', 'jobminuarch': 'any', 'jobsw': 'CMSSW_13_0_13', 'cacheurl': 'https://cmsweb.cern.ch/S3/crabcache_prod', 'cachefilename': '15b5b4fcd9b5b5e0e8e531667046c6ecfc173298c0e4f2cf3ce93a8af4632401.tar.gz', 'debugfilename': '9499fd1f6db2df3ae9bb8ee8e3aa06d2760420bedcde81a95a471c25d24450df.tar.gz', 'jobtype': 'PrivateMC', 'primarydataset': 'W3j_LO_5f_FORTRAN'}
INFO 2025-04-02 12:03:04.900 UTC: 	 Sending the request to the server at cmsweb.cern.ch
DEBUG 2025-04-02 12:03:04.900 UTC: 	 Submitting {'dryrun': 0, 'workflow': 'crab_W3j_LO_5f_FORTRAN', 'saveoutput': 1, 'savelogsflag': 0, 'primarydataset': 'W3j_LO_5f_FORTRAN', 'nonvaliddata': 0, 'userfiles': [], 'dbsurl': 'https://cmsweb.cern.ch/dbs/prod/global/DBSReader', 'useparent': 0, 'ignorelocality': 0, 'splitalgo': 'EventBased', 'algoargs': 4000, 'totalunits': 160000, 'lfn': '/store/user/choij/MG4GPU/Validation', 'publication': 0, 'publishdbsurl': 'https://cmsweb.cern.ch/dbs/prod/phys03/DBSWriter', 'publishname2': 'Run3Summer23wmLHEGS', 'jobtype': 'PrivateMC', 'generator': 'pythia', 'addoutputfiles': [], 'maxjobruntime': 1250, 'numcores': 1, 'maxmemory': 5000, 'priority': 10, 'nonprodsw': 0, 'asyncdest': 'T3_KR_KNU', 'requireaccelerator': 0, 'oneEventMode': 0, 'extrajdl': [], 'ignoreglobalblacklist': 0, 'partialdataset': 0, 'inputblocks': [], 'tfileoutfiles': [], 'edmoutfiles': ['NANOGEN.root'], 'jobarch': 'el9_amd64_gcc11', 'jobminuarch': 'any', 'jobsw': 'CMSSW_13_0_13', 'cacheurl': 'https://cmsweb.cern.ch/S3/crabcache_prod', 'cachefilename': '15b5b4fcd9b5b5e0e8e531667046c6ecfc173298c0e4f2cf3ce93a8af4632401.tar.gz', 'debugfilename': '9499fd1f6db2df3ae9bb8ee8e3aa06d2760420bedcde81a95a471c25d24450df.tar.gz'} 
DEBUG 2025-04-02 12:03:04.901 UTC: 	 Encoded data for curl request: dryrun=0&workflow=crab_W3j_LO_5f_FORTRAN&saveoutput=1&savelogsflag=0&primarydataset=W3j_LO_5f_FORTRAN&nonvaliddata=0&dbsurl=https%3A%2F%2Fcmsweb.cern.ch%2Fdbs%2Fprod%2Fglobal%2FDBSReader&useparent=0&ignorelocality=0&splitalgo=EventBased&algoargs=4000&totalunits=160000&lfn=%2Fstore%2Fuser%2Fchoij%2FMG4GPU%2FValidation&publication=0&publishdbsurl=https%3A%2F%2Fcmsweb.cern.ch%2Fdbs%2Fprod%2Fphys03%2FDBSWriter&publishname2=Run3Summer23wmLHEGS&jobtype=PrivateMC&generator=pythia&maxjobruntime=1250&numcores=1&maxmemory=5000&priority=10&nonprodsw=0&asyncdest=T3_KR_KNU&requireaccelerator=0&oneEventMode=0&ignoreglobalblacklist=0&partialdataset=0&jobarch=el9_amd64_gcc11&jobminuarch=any&jobsw=CMSSW_13_0_13&cacheurl=https%3A%2F%2Fcmsweb.cern.ch%2FS3%2Fcrabcache_prod&cachefilename=15b5b4fcd9b5b5e0e8e531667046c6ecfc173298c0e4f2cf3ce93a8af4632401.tar.gz&debugfilename=9499fd1f6db2df3ae9bb8ee8e3aa06d2760420bedcde81a95a471c25d24450df.tar.gz&edmoutfiles=NANOGEN.root
DEBUG 2025-04-02 12:03:06.057 UTC: 	 Result: {'result': [{'RequestName': '250402_120305:choij_crab_W3j_LO_5f_FORTRAN'}]}
INFO 2025-04-02 12:03:06.057 UTC: 	 Success: Your task has been delivered to the prod CRAB3 server.
INFO 2025-04-02 12:03:06.057 UTC: 	 Task name: 250402_120305:choij_crab_W3j_LO_5f_FORTRAN
INFO 2025-04-02 12:03:06.057 UTC: 	 Project dir: crab_projects/crab_W3j_LO_5f_FORTRAN
INFO 2025-04-02 12:03:06.057 UTC: 	 Please use ' crab status -d crab_projects/crab_W3j_LO_5f_FORTRAN ' to check how the submission process proceeds.
DEBUG 2025-04-02 12:03:06.057 UTC: 	 About to return
INFO 2025-04-02 12:03:06.059 UTC: 	 Log file is /home/choij/workspace/CustomNanoGEN_CMSSW_13_0_13/src/Configuration/CustomNanoGEN/crab/crab_projects/crab_W3j_LO_5f_FORTRAN/crab.log
DEBUG 2025-04-02 14:17:04.354 UTC: 	 CRAB Client version: v3.250318
DEBUG 2025-04-02 14:17:04.354 UTC: 	 Running on: Linux private-snu 6.13.8-200.fc41.x86_64 #1 SMP PREEMPT_DYNAMIC Sun Mar 23 05:03:09 UTC 2025 x86_64 x86_64 x86_64 GNU/Linux
DEBUG 2025-04-02 14:17:04.354 UTC: 	 Using SINGULARITY image: private-el9.sif
DEBUG 2025-04-02 14:17:04.354 UTC: 	 Operating System: AlmaLinux 9.5 (Teal Serval)
DEBUG 2025-04-02 14:17:04.354 UTC: 	 Executing command: 'status'
DEBUG 2025-04-02 14:17:04.354 UTC: 	 Found CRAB cache file /home/choij/.crab3
DEBUG 2025-04-02 14:17:04.355 UTC: 	 Checking credentials
DEBUG 2025-04-02 14:17:04.355 UTC: 	 Found proxy file /tmp/x509up_u1000
DEBUG 2025-04-02 14:17:04.355 UTC: 	 Making sure it has proper VOMS extension
DEBUG 2025-04-02 14:17:04.355 UTC: 	 Executing command :
 voms-proxy-info --vo --file /tmp/x509up_u1000
DEBUG 2025-04-02 14:17:04.654 UTC: 	 output : cms

 error: 
 retcode : 0
DEBUG 2025-04-02 14:17:04.654 UTC: 	 Getting proxy life time left
DEBUG 2025-04-02 14:17:04.654 UTC: 	 Executing command :
 voms-proxy-info --actimeleft --timeleft --file /tmp/x509up_u1000
DEBUG 2025-04-02 14:17:04.959 UTC: 	 output : 573245
573245

 error: 
 retcode : 0
DEBUG 2025-04-02 14:17:04.959 UTC: 	 Proxy valid for 159:14:05 hours
DEBUG 2025-04-02 14:17:04.959 UTC: 	 Encoded data for curl request: subresource=delegatedn
DEBUG 2025-04-02 14:17:05.790 UTC: 	 Registering user credentials on myproxy for /DC=ch/DC=cern/OU=computers/CN=crab-(preprod|prod)-tw(01|02).cern.ch|/DC=ch/DC=cern/OU=computers/CN=crab-dev-tw(01|02|03|04).cern.ch|/DC=ch/DC=cern/OU=Organic Units/OU=Users/CN=cmscrab/CN=(817881|373708)/CN=Robot: cms crab|/DC=ch/DC=cern/OU=Organic Units/OU=Users/CN=crabint1/CN=373708/CN=Robot: CMS CRAB Integration 1
DEBUG 2025-04-02 14:17:05.791 UTC: 	 Executing command :
 voms-proxy-info --identity --file /tmp/x509up_u1000
DEBUG 2025-04-02 14:17:06.083 UTC: 	 output : /DC=ch/DC=cern/OU=Organic Units/OU=Users/CN=choij/CN=841389/CN=Jin Choi

 error: 
 retcode : 0
DEBUG 2025-04-02 14:17:06.084 UTC: 	 Getting myproxy life time left for 62145c27448958522230f1583fedca774537a25d
DEBUG 2025-04-02 14:17:06.084 UTC: 	 Executing command :
 myproxy-info -s myproxy.cern.ch -l 62145c27448958522230f1583fedca774537a25d
DEBUG 2025-04-02 14:17:07.717 UTC: 	 output : username: 62145c27448958522230f1583fedca774537a25d
owner: /DC=ch/DC=cern/OU=Organic Units/OU=Users/CN=choij/CN=841389/CN=Jin Choi
  renewal policy: /DC=ch/DC=cern/OU=computers/CN=crab-(preprod|prod)-tw(01|02).cern.ch|/DC=ch/DC=cern/OU=computers/CN=crab-dev-tw(01|02|03|04).cern.ch|/DC=ch/DC=cern/OU=Organic Units/OU=Users/CN=cmscrab/CN=(817881|373708)/CN=Robot: cms crab|/DC=ch/DC=cern/OU=Organic Units/OU=Users/CN=crabint1/CN=373708/CN=Robot: CMS CRAB Integration 1
  trusted retrieval policy: /DC=ch/DC=cern/OU=computers/CN=crab-(preprod|prod)-tw(01|02).cern.ch|/DC=ch/DC=cern/OU=computers/CN=crab-dev-tw(01|02|03|04).cern.ch|/DC=ch/DC=cern/OU=Organic Units/OU=Users/CN=cmscrab/CN=(817881|373708)/CN=Robot: cms crab|/DC=ch/DC=cern/OU=Organic Units/OU=Users/CN=crabint1/CN=373708/CN=Robot: CMS CRAB Integration 1
  timeleft: 518:58:57  (21.6 days)

 error: 
 retcode : 0
DEBUG 2025-04-02 14:17:07.717 UTC: 	 Myproxy is valid: 1868280
DEBUG 2025-04-02 14:17:07.717 UTC: 	 Result of myproxy credential check:
  Credential exists on myproxy: username: 62145c27448958522230f1583fedca774537a25d  - validity: 21 days, 14:58:00
DEBUG 2025-04-02 14:17:07.717 UTC: 	 Retrieving username ...
DEBUG 2025-04-02 14:17:07.718 UTC: 	 Retrieving username from CRIC...
DEBUG 2025-04-02 14:17:09.561 UTC: 	 username is choij
INFO 2025-04-02 14:17:10.631 UTC: 	 Rucio client intialized for account choij
DEBUG 2025-04-02 14:17:10.631 UTC: 	 Command use: status
DEBUG 2025-04-02 14:17:10.631 UTC: 	 Options use: ['-d', 'crab_projects/crab_W3j_LO_5f_FORTRAN']
DEBUG 2025-04-02 14:17:10.631 UTC: 	 Encoded data for curl request: subresource=version
DEBUG 2025-04-02 14:17:11.514 UTC: 	 CRABClient version: v3.250318
DEBUG 2025-04-02 14:17:11.514 UTC: 	 Instance is prod
DEBUG 2025-04-02 14:17:11.514 UTC: 	 Server base url is cmsweb.cern.ch
DEBUG 2025-04-02 14:17:11.514 UTC: 	 Command api workflow
DEBUG 2025-04-02 14:17:11.514 UTC: 	 Encoded data for curl request: subresource=search&workflow=250402_120305%3Achoij_crab_W3j_LO_5f_FORTRAN
DEBUG 2025-04-02 14:17:12.344 UTC: 	 Got information from server oracle database: {'desc': {'columns': ['tm_taskname', 'tm_activity', 'tm_task_status', 'tm_task_command', 'tm_start_time', 'tm_start_injection', 'tm_end_injection', 'tm_task_failure', 'tm_job_sw', 'tm_job_arch', 'tm_input_dataset', 'tm_nonvalid_input_dataset', 'tm_use_parent', 'tm_site_whitelist', 'tm_site_blacklist', 'tm_split_algo', 'tm_split_args', 'tm_user_sandbox', 'tm_cache_url', 'tm_username', 'tm_user_dn', 'tm_user_vo', 'tm_user_role', 'tm_user_group', 'tm_publish_name', 'tm_publish_groupname', 'tm_asyncdest', 'tm_dbs_url', 'tm_publish_dbs_url', 'tm_publication', 'tm_outfiles', 'tm_tfile_outfiles', 'tm_edm_outfiles', 'tm_job_type', 'tm_generator', 'tm_events_per_lumi', 'tm_arguments', 'tm_save_logs', 'tw_name', 'tm_user_infiles', 'tm_maxjobruntime', 'tm_numcores', 'tm_maxmemory', 'tm_priority', 'tm_output_dataset', 'tm_task_warnings', 'tm_user_webdir', 'tm_scriptexe', 'tm_scriptargs', 'tm_extrajdl', 'tm_collector', 'tm_schedd', 'tm_dry_run', 'tm_user_files', 'tm_transfer_outputs', 'tm_output_lfn', 'tm_ignore_locality', 'tm_fail_limit', 'tm_one_event_mode', 'tm_secondary_input_dataset', 'tm_primary_dataset', 'tm_last_publication', 'tm_debug_files', 'clusterid', 'tm_ignore_global_blacklist', 'tm_submitter_ip_addr', 'tm_totalunits', 'tm_ddm_reqid', 'tm_user_config', 'tm_transfer_container', 'tm_transfer_rule', 'tm_publish_rule', 'tm_multipub_rule', 'tm_job_min_microarch', 'tm_dagman_status', 'tm_num_jobs', 'tm_uploaded']}, 'result': ['250402_120305:choij_crab_W3j_LO_5f_FORTRAN', 'None', 'SUBMITTED', 'SUBMIT', '2025-04-02 12:03:05.917760', 'None', '2025-04-02 12:04:39.483895', 'None', 'CMSSW_13_0_13', 'el9_amd64_gcc11', 'None', 'F', '0', '[]', '[]', 'EventBased', "{'halt_job_on_file_boundaries': False, 'splitOnRun': False, 'events_per_job': 4000, 'runs': [], 'lumis': []}", '15b5b4fcd9b5b5e0e8e531667046c6ecfc173298c0e4f2cf3ce93a8af4632401.tar.gz', 'https://cmsweb.cern.ch/S3/crabcache_prod', 'choij', '/DC=ch/DC=cern/OU=Organic Units/OU=Users/CN=choij/CN=841389/CN=Jin Choi', 'cms', 'None', 'None', 'Run3Summer23wmLHEGS-00000000000000000000000000000000', 'F', 'T3_KR_KNU', 'https://cmsweb.cern.ch/dbs/prod/global/DBSReader', 'https://cmsweb.cern.ch/dbs/prod/phys03/DBSWriter', 'F', '[]', '[]', "['NANOGEN.root']", 'PrivateMC', 'pythia', 'None', '{}', 'F', 'crab-prod-tw01', '[]', '1250', '1', '5000', '10', "['/FakeDataset/fakefile-FakePublish-7f0e97837364aabeef5797e871be18b0/USER']", "['Task requests 5000 MB of memory, but only 2500 are guaranteed to be available. Jobs may not find a site where to run and stay idle forever.']", 'http://vocms0199.cern.ch/mon/choij/250402_120305:choij_crab_W3j_LO_5f_FORTRAN', 'None', '[]', '[]', 'cmsgwms-collector-global.cern.ch:9620,cmsgwms-collector-global.fnal.gov:9620', 'crab3@vocms0199.cern.ch', 'F', '[]', 'T', '/store/user/choij/MG4GPU/Validation', 'F', 'None', 'F', 'None', 'W3j_LO_5f_FORTRAN', 'None', '9499fd1f6db2df3ae9bb8ee8e3aa06d2760420bedcde81a95a471c25d24450df.tar.gz', '80520498', 'F', '188.185.89.194', '160000.0', 'None', '{"partialdataset": false, "requireaccelerator": false, "acceleratorparams": null, "inputblocks": null}', 'None', 'None', 'None', 'None', 'any', 'NOT_READY', '0', 'F']}
INFO 2025-04-02 14:17:12.344 UTC: 	 CRAB project directory:		/home/choij/workspace/CustomNanoGEN_CMSSW_13_0_13/src/Configuration/CustomNanoGEN/crab/crab_projects/crab_W3j_LO_5f_FORTRAN
INFO 2025-04-02 14:17:12.344 UTC: 	 Task name:			250402_120305:choij_crab_W3j_LO_5f_FORTRAN
INFO 2025-04-02 14:17:12.344 UTC: 	 Grid scheduler - Task Worker:	crab3@vocms0199.cern.ch - crab-prod-tw01
INFO 2025-04-02 14:17:12.344 UTC: 	 Status on the CRAB server:	SUBMITTED
INFO 2025-04-02 14:17:12.344 UTC: 	 Task URL to use for HELP:	https://cmsweb.cern.ch/crabserver/ui/task/250402_120305%3Achoij_crab_W3j_LO_5f_FORTRAN
INFO 2025-04-02 14:17:12.349 UTC: 	 Dashboard monitoring URL:	https://monit-grafana.cern.ch/d/cmsTMDetail/cms-task-monitoring-task-view?orgId=11&var-user=choij&var-task=250402_120305%3Achoij_crab_W3j_LO_5f_FORTRAN&from=1743591785000&to=now
WARNING 2025-04-02 14:17:12.349 UTC: 	 Warning:			Task requests 5000 MB of memory, but only 2500 are guaranteed to be available. Jobs may not find a site where to run and stay idle forever.
DEBUG 2025-04-02 14:17:12.349 UTC: 	 The CRAB server submitted your task to the Grid scheduler (cluster ID: 80520498)
DEBUG 2025-04-02 14:17:12.349 UTC: 	 Webdir is located at http://vocms0199.cern.ch/mon/choij/250402_120305:choij_crab_W3j_LO_5f_FORTRAN
DEBUG 2025-04-02 14:17:12.349 UTC: 	 Encoded data for curl request: subresource=webdirprx&workflow=250402_120305%3Achoij_crab_W3j_LO_5f_FORTRAN
DEBUG 2025-04-02 14:17:13.189 UTC: 	 Proxied webdir is located at https://cmsweb.cern.ch:8443/scheddmon/0199/choij/250402_120305:choij_crab_W3j_LO_5f_FORTRAN
DEBUG 2025-04-02 14:17:13.189 UTC: 	 Retrieving 'status_cache' file from https://cmsweb.cern.ch:8443/scheddmon/0199/choij/250402_120305:choij_crab_W3j_LO_5f_FORTRAN/status_cache.pkl
DEBUG 2025-04-02 14:17:13.189 UTC: 	 Will execute:
curl -sS --capath /cvmfs/grid.cern.ch/etc/grid-security/certificates --cert /tmp/x509up_u1000 --key /tmp/x509up_u1000 -o /tmp/crab_status-cache-nx_muqjv.pkl -w %"{http_code}" "https://cmsweb.cern.ch:8443/scheddmon/0199/choij/250402_120305:choij_crab_W3j_LO_5f_FORTRAN/status_cache.pkl"
DEBUG 2025-04-02 14:17:13.189 UTC: 	 Executing command :
 curl -sS --capath /cvmfs/grid.cern.ch/etc/grid-security/certificates --cert /tmp/x509up_u1000 --key /tmp/x509up_u1000 -o /tmp/crab_status-cache-nx_muqjv.pkl -w %"{http_code}" "https://cmsweb.cern.ch:8443/scheddmon/0199/choij/250402_120305:choij_crab_W3j_LO_5f_FORTRAN/status_cache.pkl"
DEBUG 2025-04-02 14:17:14.267 UTC: 	 output : 200
 error: 
 retcode : 0
DEBUG 2025-04-02 14:17:14.267 UTC: 	 exitcode: 0
stdout: 200
stderr: 
error details: 
DEBUG 2025-04-02 14:17:14.267 UTC: 	 Got information from status cache file: {'1': {'Retries': 0, 'Restarts': 0, 'SiteHistory': ['Unknown', 'T2_BE_IIHE', 'T2_BE_IIHE'], 'ResidentSetSize': [3807668], 'SubmitTimes': [1743595544.0], 'StartTimes': [1743595743.0], 'EndTimes': [1743599517.0], 'TotalUserCpuTimeHistory': [3105], 'TotalSysCpuTimeHistory': [14], 'WallDurations': [9.0, 167.22108840942383, 3774.0], 'JobIds': ['80520777.0'], 'State': 'finished', 'RecordedSite': True}, '4': {'Retries': 0, 'Restarts': 0, 'SiteHistory': ['Unknown', 'T2_IT_Rome', 'T2_IT_Rome'], 'ResidentSetSize': [3807832], 'SubmitTimes': [1743595549.0], 'StartTimes': [1743595745.0], 'EndTimes': [1743597266.0], 'TotalUserCpuTimeHistory': [1204], 'TotalSysCpuTimeHistory': [7], 'WallDurations': [8.0, 165.22108840942383, 1521.0], 'JobIds': ['80520778.0'], 'State': 'finished', 'RecordedSite': True}, '2': {'Retries': 0, 'Restarts': 0, 'SiteHistory': ['Unknown', 'T2_FR_GRIF', 'T2_FR_GRIF'], 'ResidentSetSize': [4060300], 'SubmitTimes': [1743595549.0], 'StartTimes': [1743595743.0], 'EndTimes': [1743597841.0], 'TotalUserCpuTimeHistory': [1698], 'TotalSysCpuTimeHistory': [10], 'WallDurations': [9.0, 167.22108840942383, 2098.0], 'JobIds': ['80520779.0'], 'State': 'finished', 'RecordedSite': True}, '7': {'Retries': 0, 'Restarts': 0, 'SiteHistory': ['Unknown', 'T2_CH_CERN', 'T2_CH_CERN'], 'ResidentSetSize': [1063800], 'SubmitTimes': [1743595549.0], 'StartTimes': [1743595891.0], 'EndTimes': [1743597321.0], 'TotalUserCpuTimeHistory': [1108], 'TotalSysCpuTimeHistory': [6], 'WallDurations': [8.0, 19.221088409423828, 1430.0], 'JobIds': ['80520780.0'], 'State': 'finished', 'RecordedSite': True}, '3': {'Retries': 0, 'Restarts': 0, 'SiteHistory': ['Unknown', 'T2_BE_IIHE', 'T2_BE_IIHE'], 'ResidentSetSize': [952296], 'SubmitTimes': [1743595549.0], 'StartTimes': [1743595742.0], 'EndTimes': [1743596925.0], 'TotalUserCpuTimeHistory': [954], 'TotalSysCpuTimeHistory': [5], 'WallDurations': [9.0, 168.22108840942383, 1183.0], 'JobIds': ['80520781.0'], 'State': 'finished', 'RecordedSite': True}, '16': {'Retries': 0, 'Restarts': 0, 'SiteHistory': ['T2_CH_CERN', 'T2_CH_CERN'], 'ResidentSetSize': [1054056], 'SubmitTimes': [1743595549.0], 'StartTimes': [1743595593.0], 'EndTimes': [1743598566.0], 'TotalUserCpuTimeHistory': [2425], 'TotalSysCpuTimeHistory': [8], 'WallDurations': [9.0, 2973.0], 'JobIds': ['80520783.0'], 'State': 'finished', 'RecordedSite': True}, '12': {'Retries': 0, 'Restarts': 0, 'SiteHistory': ['Unknown', 'T2_CH_CERN', 'T2_CH_CERN'], 'ResidentSetSize': [1045140], 'SubmitTimes': [1743595550.0], 'StartTimes': [1743595892.0], 'EndTimes': [1743597899.0], 'TotalUserCpuTimeHistory': [1555], 'TotalSysCpuTimeHistory': [10], 'WallDurations': [9.0, 18.221088409423828, 2007.0], 'JobIds': ['80520785.0'], 'State': 'finished', 'RecordedSite': True}, '18': {'Retries': 0, 'Restarts': 0, 'SiteHistory': ['Unknown', 'T2_CH_CERN', 'T2_CH_CERN'], 'ResidentSetSize': [1037228], 'SubmitTimes': [1743595550.0], 'StartTimes': [1743595892.0], 'EndTimes': [1743597707.0], 'TotalUserCpuTimeHistory': [1367], 'TotalSysCpuTimeHistory': [9], 'WallDurations': [9.0, 18.221088409423828, 1815.0], 'JobIds': ['80520786.0'], 'State': 'finished', 'RecordedSite': True}, '17': {'Retries': 0, 'Restarts': 0, 'SiteHistory': ['T2_CH_CERN', 'T2_CH_CERN'], 'ResidentSetSize': [4055276], 'SubmitTimes': [1743595550.0], 'StartTimes': [1743595594.0], 'EndTimes': [1743599766.0], 'TotalUserCpuTimeHistory': [3290], 'TotalSysCpuTimeHistory': [14], 'WallDurations': [9.0, 4172.0], 'JobIds': ['80520788.0'], 'State': 'finished', 'RecordedSite': True}, '25': {'Retries': 0, 'Restarts': 0, 'SiteHistory': ['T2_CH_CERN', 'T2_CH_CERN'], 'ResidentSetSize': [4051744], 'SubmitTimes': [1743595550.0], 'StartTimes': [1743595594.0], 'EndTimes': [1743599799.0], 'TotalUserCpuTimeHistory': [3306], 'TotalSysCpuTimeHistory': [11], 'WallDurations': [9.0, 4205.0], 'JobIds': ['80520790.0'], 'State': 'finished', 'RecordedSite': True}, '5': {'Retries': 0, 'Restarts': 0, 'SiteHistory': ['Unknown', 'T2_UK_SGrid_RALPP', 'T2_UK_SGrid_RALPP'], 'ResidentSetSize': [3730084], 'SubmitTimes': [1743595550.0], 'StartTimes': [1743595744.0], 'EndTimes': [1743599300.0], 'TotalUserCpuTimeHistory': [2636], 'TotalSysCpuTimeHistory': [19], 'WallDurations': [8.0, 166.22108840942383, 3556.0], 'JobIds': ['80520793.0'], 'State': 'finished', 'RecordedSite': True}, '20': {'Retries': 0, 'Restarts': 0, 'SiteHistory': ['T2_CH_CERN', 'T2_CH_CERN'], 'ResidentSetSize': [1054128], 'SubmitTimes': [1743595550.0], 'StartTimes': [1743595594.0], 'EndTimes': [1743598614.0], 'TotalUserCpuTimeHistory': [2472], 'TotalSysCpuTimeHistory': [8], 'WallDurations': [9.0, 3020.0], 'JobIds': ['80520795.0'], 'State': 'finished', 'RecordedSite': True}, '14': {'Retries': 0, 'Restarts': 0, 'SiteHistory': ['Unknown', 'T2_CH_CERN', 'T2_CH_CERN'], 'ResidentSetSize': [1057952], 'SubmitTimes': [1743595550.0], 'StartTimes': [1743595892.0], 'EndTimes': [1743597753.0], 'TotalUserCpuTimeHistory': [1419], 'TotalSysCpuTimeHistory': [9], 'WallDurations': [9.0, 18.221088409423828, 1861.0], 'JobIds': ['80520797.0'], 'State': 'finished', 'RecordedSite': True}, '15': {'Retries': 0, 'Restarts': 0, 'SiteHistory': ['T2_CH_CERN', 'T2_CH_CERN'], 'ResidentSetSize': [1056616], 'SubmitTimes': [1743595550.0], 'StartTimes': [1743595594.0], 'EndTimes': [1743598548.0], 'TotalUserCpuTimeHistory': [2415], 'TotalSysCpuTimeHistory': [8], 'WallDurations': [9.0, 2954.0], 'JobIds': ['80520800.0'], 'State': 'finished', 'RecordedSite': True}, '6': {'Retries': 0, 'Restarts': 0, 'SiteHistory': ['Unknown', 'T2_CH_CERN', 'T2_CH_CERN'], 'ResidentSetSize': [2088988], 'SubmitTimes': [1743595550.0], 'StartTimes': [1743595892.0], 'EndTimes': [1743597776.0], 'TotalUserCpuTimeHistory': [1460], 'TotalSysCpuTimeHistory': [10], 'WallDurations': [9.0, 18.221088409423828, 1884.0], 'JobIds': ['80520803.0'], 'State': 'finished', 'RecordedSite': True}, '21': {'Retries': 0, 'Restarts': 0, 'SiteHistory': ['T2_CH_CERN', 'T2_CH_CERN'], 'ResidentSetSize': [4046488], 'SubmitTimes': [1743595550.0], 'StartTimes': [1743595595.0], 'EndTimes': [1743597919.0], 'TotalUserCpuTimeHistory': [1887], 'TotalSysCpuTimeHistory': [6], 'WallDurations': [8.0, 2324.0], 'JobIds': ['80520805.0'], 'State': 'finished', 'RecordedSite': True}, '10': {'Retries': 0, 'Restarts': 0, 'SiteHistory': ['T2_CH_CERN', 'T2_CH_CERN'], 'ResidentSetSize': [4060104], 'SubmitTimes': [1743595550.0], 'StartTimes': [1743595595.0], 'EndTimes': [1743600736.0], 'TotalUserCpuTimeHistory': [3995], 'TotalSysCpuTimeHistory': [17], 'WallDurations': [9.0, 5141.0], 'JobIds': ['80520808.0'], 'State': 'finished', 'RecordedSite': True}, '26': {'Retries': 0, 'Restarts': 0, 'SiteHistory': ['T2_CH_CERN', 'T2_CH_CERN'], 'ResidentSetSize': [4048296], 'SubmitTimes': [1743595550.0], 'StartTimes': [1743595595.0], 'EndTimes': [1743597790.0], 'TotalUserCpuTimeHistory': [1760], 'TotalSysCpuTimeHistory': [5], 'WallDurations': [10.0, 2195.0], 'JobIds': ['80520811.0'], 'State': 'finished', 'RecordedSite': True}, '27': {'Retries': 0, 'Restarts': 0, 'SiteHistory': ['Unknown', 'T2_CH_CERN', 'T2_CH_CERN'], 'ResidentSetSize': [1054304], 'SubmitTimes': [1743595551.0], 'StartTimes': [1743595651.0], 'EndTimes': [1743599228.0], 'TotalUserCpuTimeHistory': [2904], 'TotalSysCpuTimeHistory': [9], 'WallDurations': [8.0, 259.2210884094238, 3577.0], 'JobIds': ['80520814.0'], 'State': 'finished', 'RecordedSite': True}, '23': {'Retries': 0, 'Restarts': 0, 'SiteHistory': ['Unknown', 'T2_CH_CERN', 'T2_CH_CERN'], 'ResidentSetSize': [4023796], 'SubmitTimes': [1743595551.0], 'StartTimes': [1743595948.0], 'EndTimes': [1743597465.0], 'TotalUserCpuTimeHistory': [1178], 'TotalSysCpuTimeHistory': [7], 'WallDurations': [8.0, 262.37605905532837, 1517.0], 'JobIds': ['80520817.0'], 'State': 'finished', 'RecordedSite': True}, '28': {'Retries': 0, 'Restarts': 0, 'SiteHistory': ['Unknown', 'T2_CH_CERN', 'T2_CH_CERN'], 'ResidentSetSize': [4002472], 'SubmitTimes': [1743595551.0], 'StartTimes': [1743595949.0], 'EndTimes': [1743597587.0], 'TotalUserCpuTimeHistory': [1271], 'TotalSysCpuTimeHistory': [8], 'WallDurations': [9.0, 261.37605905532837, 1638.0], 'JobIds': ['80520819.0'], 'State': 'finished', 'RecordedSite': True}, '36': {'Retries': 0, 'Restarts': 0, 'SiteHistory': ['Unknown', 'T2_CH_CERN', 'T2_CH_CERN'], 'ResidentSetSize': [1943052], 'SubmitTimes': [1743595551.0], 'StartTimes': [1743595950.0], 'EndTimes': [1743597930.0], 'TotalUserCpuTimeHistory': [1542], 'TotalSysCpuTimeHistory': [10], 'WallDurations': [8.0, 260.37605905532837, 1980.0], 'JobIds': ['80520822.0'], 'State': 'finished', 'RecordedSite': True}, '9': {'Retries': 0, 'Restarts': 0, 'SiteHistory': ['Unknown', 'T2_CH_CERN', 'T2_CH_CERN'], 'ResidentSetSize': [4049748], 'SubmitTimes': [1743595551.0], 'StartTimes': [1743595652.0], 'EndTimes': [1743598710.0], 'TotalUserCpuTimeHistory': [2350], 'TotalSysCpuTimeHistory': [11], 'WallDurations': [10.0, 258.2210884094238, 3058.0], 'JobIds': ['80520824.0'], 'State': 'finished', 'RecordedSite': True}, '13': {'Retries': 0, 'Restarts': 0, 'SiteHistory': ['Unknown', 'T2_CH_CERN', 'T2_CH_CERN'], 'ResidentSetSize': [4002068], 'SubmitTimes': [1743595551.0], 'StartTimes': [1743595949.0], 'EndTimes': [1743597584.0], 'TotalUserCpuTimeHistory': [1278], 'TotalSysCpuTimeHistory': [8], 'WallDurations': [9.0, 261.37605905532837, 1635.0], 'JobIds': ['80520827.0'], 'State': 'finished', 'RecordedSite': True}, '8': {'Retries': 0, 'Restarts': 0, 'SiteHistory': ['Unknown', 'T2_CH_CERN', 'T2_CH_CERN'], 'ResidentSetSize': [1046508], 'SubmitTimes': [1743595551.0], 'StartTimes': [1743595950.0], 'EndTimes': [1743597985.0], 'TotalUserCpuTimeHistory': [1579], 'TotalSysCpuTimeHistory': [10], 'WallDurations': [8.0, 260.37605905532837, 2035.0], 'JobIds': ['80520830.0'], 'State': 'finished', 'RecordedSite': True}, '11': {'Retries': 0, 'Restarts': 0, 'SiteHistory': ['Unknown', 'T2_CH_CERN', 'T2_CH_CERN'], 'ResidentSetSize': [4021648], 'SubmitTimes': [1743595551.0], 'StartTimes': [1743595949.0], 'EndTimes': [1743597453.0], 'TotalUserCpuTimeHistory': [1176], 'TotalSysCpuTimeHistory': [8], 'WallDurations': [8.0, 261.37605905532837, 1504.0], 'JobIds': ['80520832.0'], 'State': 'finished', 'RecordedSite': True}, '24': {'Retries': 0, 'Restarts': 0, 'SiteHistory': ['Unknown', 'T2_CH_CERN', 'T2_CH_CERN'], 'ResidentSetSize': [3997444], 'SubmitTimes': [1743595551.0], 'StartTimes': [1743595949.0], 'EndTimes': [1743597566.0], 'TotalUserCpuTimeHistory': [1286], 'TotalSysCpuTimeHistory': [8], 'WallDurations': [8.0, 261.37605905532837, 1617.0], 'JobIds': ['80520835.0'], 'State': 'finished', 'RecordedSite': True}, '32': {'Retries': 0, 'Restarts': 0, 'SiteHistory': ['Unknown', 'T2_CH_CERN', 'T2_CH_CERN'], 'ResidentSetSize': [1108516], 'SubmitTimes': [1743595551.0], 'StartTimes': [1743595950.0], 'EndTimes': [1743598448.0], 'TotalUserCpuTimeHistory': [2053], 'TotalSysCpuTimeHistory': [9], 'WallDurations': [8.0, 260.37605905532837, 2498.0], 'JobIds': ['80520838.0'], 'State': 'finished', 'RecordedSite': True}, '35': {'Retries': 0, 'Restarts': 0, 'SiteHistory': ['Unknown', 'T2_CH_CERN', 'T2_CH_CERN'], 'ResidentSetSize': [3991136], 'SubmitTimes': [1743595551.0], 'StartTimes': [1743595951.0], 'EndTimes': [1743597957.0], 'TotalUserCpuTimeHistory': [1582], 'TotalSysCpuTimeHistory': [10], 'WallDurations': [8.0, 259.37605905532837, 2006.0], 'JobIds': ['80520841.0'], 'State': 'finished', 'RecordedSite': True}, '19': {'Retries': 0, 'Restarts': 0, 'SiteHistory': ['Unknown', 'T2_CH_CERN', 'T2_CH_CERN'], 'ResidentSetSize': [3199588], 'SubmitTimes': [1743595551.0], 'StartTimes': [1743595951.0], 'EndTimes': [1743597964.0], 'TotalUserCpuTimeHistory': [1582], 'TotalSysCpuTimeHistory': [9], 'WallDurations': [8.0, 259.37605905532837, 2013.0], 'JobIds': ['80520843.0'], 'State': 'finished', 'RecordedSite': True}, '31': {'Retries': 0, 'Restarts': 0, 'SiteHistory': ['Unknown', 'T2_CH_CERN', 'T2_CH_CERN'], 'ResidentSetSize': [4011984], 'SubmitTimes': [1743595556.0], 'StartTimes': [1743596029.0], 'EndTimes': [1743597528.0], 'TotalUserCpuTimeHistory': [1165], 'TotalSysCpuTimeHistory': [8], 'WallDurations': [9.0, 181.37605905532837, 1499.0], 'JobIds': ['80520903.0'], 'State': 'finished', 'RecordedSite': True}, '38': {'Retries': 0, 'Restarts': 0, 'SiteHistory': ['Unknown', 'T2_CH_CERN', 'T2_CH_CERN'], 'ResidentSetSize': [3995852], 'SubmitTimes': [1743595556.0], 'StartTimes': [1743596012.0], 'EndTimes': [1743597759.0], 'TotalUserCpuTimeHistory': [1377], 'TotalSysCpuTimeHistory': [7], 'WallDurations': [8.0, 198.37605905532837, 1747.0], 'JobIds': ['80520904.0'], 'State': 'finished', 'RecordedSite': True}, '29': {'Retries': 0, 'Restarts': 0, 'SiteHistory': ['Unknown', 'T2_CH_CERN', 'T2_CH_CERN'], 'ResidentSetSize': [4022912], 'SubmitTimes': [1743595556.0], 'StartTimes': [1743596012.0], 'EndTimes': [1743599847.0], 'TotalUserCpuTimeHistory': [2445], 'TotalSysCpuTimeHistory': [10], 'WallDurations': [9.0, 198.37605905532837, 3835.0], 'JobIds': ['80520905.0'], 'State': 'finished', 'RecordedSite': True}, '30': {'Retries': 0, 'Restarts': 0, 'SiteHistory': ['Unknown', 'T2_CH_CERN', 'T2_CH_CERN'], 'ResidentSetSize': [1056916], 'SubmitTimes': [1743595557.0], 'StartTimes': [1743596012.0], 'EndTimes': [1743598922.0], 'TotalUserCpuTimeHistory': [2299], 'TotalSysCpuTimeHistory': [10], 'WallDurations': [9.0, 198.37605905532837, 2910.0], 'JobIds': ['80520906.0'], 'State': 'finished', 'RecordedSite': True}, '33': {'Retries': 0, 'Restarts': 0, 'SiteHistory': ['Unknown', 'T2_CH_CERN', 'T2_CH_CERN'], 'ResidentSetSize': [1055572], 'SubmitTimes': [1743595557.0], 'StartTimes': [1743596013.0], 'EndTimes': [1743597889.0], 'TotalUserCpuTimeHistory': [1450], 'TotalSysCpuTimeHistory': [10], 'WallDurations': [8.0, 197.37605905532837, 1876.0], 'JobIds': ['80520907.0'], 'State': 'finished', 'RecordedSite': True}, '34': {'Retries': 0, 'Restarts': 0, 'SiteHistory': ['Unknown', 'T2_CH_CERN', 'T2_CH_CERN'], 'ResidentSetSize': [3999100], 'SubmitTimes': [1743595557.0], 'StartTimes': [1743596012.0], 'EndTimes': [1743597498.0], 'TotalUserCpuTimeHistory': [1143], 'TotalSysCpuTimeHistory': [8], 'WallDurations': [9.0, 198.37605905532837, 1486.0], 'JobIds': ['80520908.0'], 'State': 'finished', 'RecordedSite': True}, '37': {'Retries': 0, 'Restarts': 0, 'SiteHistory': ['Unknown', 'T2_CH_CERN', 'T2_CH_CERN'], 'ResidentSetSize': [3015516], 'SubmitTimes': [1743595557.0], 'StartTimes': [1743596012.0], 'EndTimes': [1743599396.0], 'TotalUserCpuTimeHistory': [2366], 'TotalSysCpuTimeHistory': [15], 'WallDurations': [9.0, 198.37605905532837, 3384.0], 'JobIds': ['80520909.0'], 'State': 'finished', 'RecordedSite': True}, '39': {'Retries': 0, 'Restarts': 0, 'SiteHistory': ['Unknown', 'T2_CH_CERN', 'T2_CH_CERN'], 'ResidentSetSize': [4022924], 'SubmitTimes': [1743595557.0], 'StartTimes': [1743596012.0], 'EndTimes': [1743597687.0], 'TotalUserCpuTimeHistory': [1337], 'TotalSysCpuTimeHistory': [7], 'WallDurations': [9.0, 198.37605905532837, 1675.0], 'JobIds': ['80520910.0'], 'State': 'finished', 'RecordedSite': True}, '40': {'Retries': 0, 'Restarts': 0, 'SiteHistory': ['Unknown', 'T2_CH_CERN', 'T2_CH_CERN'], 'ResidentSetSize': [1021688], 'SubmitTimes': [1743595557.0], 'StartTimes': [1743596012.0], 'EndTimes': [1743598342.0], 'TotalUserCpuTimeHistory': [1817], 'TotalSysCpuTimeHistory': [10], 'WallDurations': [9.0, 198.37605905532837, 2330.0], 'JobIds': ['80520911.0'], 'State': 'finished', 'RecordedSite': True}, '22': {'Retries': 0, 'Restarts': 0, 'SiteHistory': ['Unknown', 'T2_CH_CERN', 'T2_CH_CERN'], 'ResidentSetSize': [3819644], 'SubmitTimes': [1743595557.0], 'StartTimes': [1743596012.0], 'EndTimes': [1743597738.0], 'TotalUserCpuTimeHistory': [1385], 'TotalSysCpuTimeHistory': [7], 'WallDurations': [8.0, 198.37605905532837, 1726.0], 'JobIds': ['80520912.0'], 'State': 'finished', 'RecordedSite': True}}
INFO 2025-04-02 14:17:14.267 UTC: 	 Status on the scheduler:	COMPLETED
INFO 2025-04-02 14:17:14.267 UTC: 	 
Jobs status:                    finished     		100.0% (40/40)
INFO 2025-04-02 14:17:14.267 UTC: 	 
No publication information (publication has been disabled in the CRAB configuration file)
INFO 2025-04-02 14:17:14.268 UTC: 	 
Warning: the max jobs runtime is less than 30% of the task requested value (1250 min), please consider to request a lower value for failed jobs (allowed through crab resubmit) and/or improve the jobs splitting (e.g. config.Data.splitting = 'Automatic') in a new task.
INFO 2025-04-02 14:17:14.268 UTC: 	 
Summary of run jobs:
 * Memory: 929MB min, 3965MB max, 2748MB ave
 * Runtime: 0:19:43 min, 1:25:41 max, 0:39:51 ave
 * CPU eff: 64% min, 83% max, 78% ave
 * Waste: 1:46:03 (6% of total)

INFO 2025-04-02 14:17:14.270 UTC: 	 Log file is /home/choij/workspace/CustomNanoGEN_CMSSW_13_0_13/src/Configuration/CustomNanoGEN/crab/crab_projects/crab_W3j_LO_5f_FORTRAN/crab.log
