DEBUG 2025-04-02 08:27:31.849 UTC: 	 CRAB Client version: v3.250318
DEBUG 2025-04-02 08:27:31.849 UTC: 	 Running on: Linux private-snu 6.13.8-200.fc41.x86_64 #1 SMP PREEMPT_DYNAMIC Sun Mar 23 05:03:09 UTC 2025 x86_64 x86_64 x86_64 GNU/Linux
DEBUG 2025-04-02 08:27:31.849 UTC: 	 Using SINGULARITY image: private-el8.sif
DEBUG 2025-04-02 08:27:31.849 UTC: 	 Operating System: AlmaLinux 8.10 (Cerulean Leopard)
DEBUG 2025-04-02 08:27:31.849 UTC: 	 Executing command: 'submit'
DEBUG 2025-04-02 08:27:31.849 UTC: 	 Found CRAB cache file /home/choij/.crab3
INFO 2025-04-02 08:27:31.850 UTC: 	 Will use CRAB configuration file crab_config_DY2j_LO_5f_LEGACY.py
DEBUG 2025-04-02 08:27:31.850 UTC: 	 Loading CRAB configuration file.
DEBUG 2025-04-02 08:27:33.515 UTC: 	 Will use CRAB plugin PRIVATEMC (i.e. will run an a MC generation job type).
DEBUG 2025-04-02 08:27:33.516 UTC: 	 Checking credentials
DEBUG 2025-04-02 08:27:33.516 UTC: 	 Found proxy file /tmp/x509up_u1000
DEBUG 2025-04-02 08:27:33.516 UTC: 	 Making sure it has proper VOMS extension
DEBUG 2025-04-02 08:27:33.516 UTC: 	 Executing command :
 voms-proxy-info --vo --file /tmp/x509up_u1000
DEBUG 2025-04-02 08:27:33.833 UTC: 	 output : cms

 error: 
 retcode : 0
DEBUG 2025-04-02 08:27:33.833 UTC: 	 Getting proxy life time left
DEBUG 2025-04-02 08:27:33.833 UTC: 	 Executing command :
 voms-proxy-info --actimeleft --timeleft --file /tmp/x509up_u1000
DEBUG 2025-04-02 08:27:34.153 UTC: 	 output : 594215
594215

 error: 
 retcode : 0
DEBUG 2025-04-02 08:27:34.153 UTC: 	 Proxy valid for 165:03:35 hours
DEBUG 2025-04-02 08:27:34.153 UTC: 	 Encoded data for curl request: subresource=delegatedn
DEBUG 2025-04-02 08:27:34.981 UTC: 	 Registering user credentials on myproxy for /DC=ch/DC=cern/OU=computers/CN=crab-(preprod|prod)-tw(01|02).cern.ch|/DC=ch/DC=cern/OU=computers/CN=crab-dev-tw(01|02|03|04).cern.ch|/DC=ch/DC=cern/OU=Organic Units/OU=Users/CN=cmscrab/CN=(817881|373708)/CN=Robot: cms crab|/DC=ch/DC=cern/OU=Organic Units/OU=Users/CN=crabint1/CN=373708/CN=Robot: CMS CRAB Integration 1
DEBUG 2025-04-02 08:27:34.981 UTC: 	 Executing command :
 voms-proxy-info --identity --file /tmp/x509up_u1000
DEBUG 2025-04-02 08:27:35.304 UTC: 	 output : /DC=ch/DC=cern/OU=Organic Units/OU=Users/CN=choij/CN=841389/CN=Jin Choi

 error: 
 retcode : 0
DEBUG 2025-04-02 08:27:35.304 UTC: 	 Getting myproxy life time left for 62145c27448958522230f1583fedca774537a25d
DEBUG 2025-04-02 08:27:35.304 UTC: 	 Executing command :
 myproxy-info -s myproxy.cern.ch -l 62145c27448958522230f1583fedca774537a25d
DEBUG 2025-04-02 08:27:36.902 UTC: 	 output : username: 62145c27448958522230f1583fedca774537a25d
owner: /DC=ch/DC=cern/OU=Organic Units/OU=Users/CN=choij/CN=841389/CN=Jin Choi
  renewal policy: /DC=ch/DC=cern/OU=computers/CN=crab-(preprod|prod)-tw(01|02).cern.ch|/DC=ch/DC=cern/OU=computers/CN=crab-dev-tw(01|02|03|04).cern.ch|/DC=ch/DC=cern/OU=Organic Units/OU=Users/CN=cmscrab/CN=(817881|373708)/CN=Robot: cms crab|/DC=ch/DC=cern/OU=Organic Units/OU=Users/CN=crabint1/CN=373708/CN=Robot: CMS CRAB Integration 1
  trusted retrieval policy: /DC=ch/DC=cern/OU=computers/CN=crab-(preprod|prod)-tw(01|02).cern.ch|/DC=ch/DC=cern/OU=computers/CN=crab-dev-tw(01|02|03|04).cern.ch|/DC=ch/DC=cern/OU=Organic Units/OU=Users/CN=cmscrab/CN=(817881|373708)/CN=Robot: cms crab|/DC=ch/DC=cern/OU=Organic Units/OU=Users/CN=crabint1/CN=373708/CN=Robot: CMS CRAB Integration 1
  timeleft: 524:48:28  (21.9 days)

 error: 
 retcode : 0
DEBUG 2025-04-02 08:27:36.902 UTC: 	 Myproxy is valid: 1889280
DEBUG 2025-04-02 08:27:36.902 UTC: 	 Result of myproxy credential check:
  Credential exists on myproxy: username: 62145c27448958522230f1583fedca774537a25d  - validity: 21 days, 20:48:00
DEBUG 2025-04-02 08:27:36.902 UTC: 	 Command use: submit
DEBUG 2025-04-02 08:27:36.902 UTC: 	 Options use: ['-c', 'crab_config_DY2j_LO_5f_LEGACY.py']
DEBUG 2025-04-02 08:27:36.902 UTC: 	 Encoded data for curl request: subresource=version
DEBUG 2025-04-02 08:27:37.736 UTC: 	 CRABClient version: v3.250318
DEBUG 2025-04-02 08:27:37.736 UTC: 	 Instance is prod
DEBUG 2025-04-02 08:27:37.736 UTC: 	 Server base url is cmsweb.cern.ch
DEBUG 2025-04-02 08:27:37.736 UTC: 	 Command api workflow
DEBUG 2025-04-02 08:27:37.736 UTC: 	 Started submission
DEBUG 2025-04-02 08:27:37.736 UTC: 	 Working on /home/choij/workspace/CustomNanoGEN_CMSSW_13_0_13/src/Configuration/CustomNanoGEN/crab/crab_projects/crab_DY2j_LO_5f_LEGACY
DEBUG 2025-04-02 08:27:37.737 UTC: 	 Encoded data for curl request: subresource=backendurls
DEBUG 2025-04-02 08:27:38.581 UTC: 	 Loading required information from the environment
DEBUG 2025-04-02 08:27:38.582 UTC: 	 Found CMSSW_13_0_13 for el8_amd64_gcc11 with base /home/choij/workspace/CustomNanoGEN_CMSSW_13_0_13
DEBUG 2025-04-02 08:27:38.582 UTC: 	 UNIQUE NAME: tarUUID 1b122391-e48b-422e-a4fc-ad33a3df2e4a 
DEBUG 2025-04-02 08:27:38.582 UTC: 	 self.config: from WMCore.Configuration import Configuration
config = Configuration()
config.section_('General')
config.General.requestName = 'DY2j_LO_5f_LEGACY'
config.General.transferOutputs = True
config.General.workArea = 'crab_projects'
config.General.transferLogs = False
config.section_('JobType')
config.JobType.allowUndistributedCMSSW = False
config.JobType.pluginName = 'PrivateMC'
config.JobType.psetName = '../configs/Hadronizer_TuneCP5_13p6TeV_DY2j_LO_5f_LEGACY_LHE_pythia8_cfg.py'
config.JobType.numCores = 1
config.section_('Data')
config.Data.outLFNDirBase = '/store/user/choij/CustomNanoGEN'
config.Data.unitsPerJob = 5000
config.Data.outputPrimaryDataset = 'Validation'
config.Data.splitting = 'EventBased'
config.Data.outputDatasetTag = 'Run3Summer23wmLHEGS'
config.Data.totalUnits = 200000
config.Data.publication = False
config.section_('Site')
config.Site.storageSite = 'T3_KR_KNU'
config.section_('User')
config.section_('Debug')

DEBUG 2025-04-02 08:27:38.582 UTC: 	 self.config.JobType.psetName: ../configs/Hadronizer_TuneCP5_13p6TeV_DY2j_LO_5f_LEGACY_LHE_pythia8_cfg.py
INFO 2025-04-02 08:27:38.582 UTC: 	 Importing CMSSW configuration ../configs/Hadronizer_TuneCP5_13p6TeV_DY2j_LO_5f_LEGACY_LHE_pythia8_cfg.py
INFO 2025-04-02 08:27:39.233 UTC: 	 Finished importing CMSSW configuration ../configs/Hadronizer_TuneCP5_13p6TeV_DY2j_LO_5f_LEGACY_LHE_pythia8_cfg.py
DEBUG 2025-04-02 08:27:39.233 UTC: 	 Writing CMSSW configuration to /home/choij/workspace/CustomNanoGEN_CMSSW_13_0_13/src/Configuration/CustomNanoGEN/crab/crab_projects/crab_DY2j_LO_5f_LEGACY/inputs/PSet.py
DEBUG 2025-04-02 08:27:39.337 UTC: 	 The following EDM output files will be collected: ['NANOGEN.root']
DEBUG 2025-04-02 08:27:39.338 UTC: 	 The following TFile output files will be collected: []
DEBUG 2025-04-02 08:27:39.338 UTC: 	 The following user output files (not listed as PoolOuputModule or TFileService in the CMSSW PSet) will be collected: 
DEBUG 2025-04-02 08:27:39.338 UTC: 	 Loading required information from the environment
DEBUG 2025-04-02 08:27:39.338 UTC: 	 Found CMSSW_13_0_13 for el8_amd64_gcc11 with base /home/choij/workspace/CustomNanoGEN_CMSSW_13_0_13
DEBUG 2025-04-02 08:27:39.338 UTC: 	 Making tarball in /home/choij/workspace/CustomNanoGEN_CMSSW_13_0_13/src/Configuration/CustomNanoGEN/crab/crab_projects/crab_DY2j_LO_5f_LEGACY/inputs/1b122391-e48b-422e-a4fc-ad33a3df2e4adefault.tgz
DEBUG 2025-04-02 08:27:39.338 UTC: 	 Checking directory /home/choij/workspace/CustomNanoGEN_CMSSW_13_0_13/bin
DEBUG 2025-04-02 08:27:39.338 UTC: 	 Adding directory /home/choij/workspace/CustomNanoGEN_CMSSW_13_0_13/bin to tarball
DEBUG 2025-04-02 08:27:39.339 UTC: 	 Checking directory /home/choij/workspace/CustomNanoGEN_CMSSW_13_0_13/python
DEBUG 2025-04-02 08:27:39.339 UTC: 	 Adding directory /home/choij/workspace/CustomNanoGEN_CMSSW_13_0_13/python to tarball
DEBUG 2025-04-02 08:27:39.342 UTC: 	 Checking directory /home/choij/workspace/CustomNanoGEN_CMSSW_13_0_13/cfipython
DEBUG 2025-04-02 08:27:39.342 UTC: 	 Adding directory /home/choij/workspace/CustomNanoGEN_CMSSW_13_0_13/cfipython to tarball
DEBUG 2025-04-02 08:27:39.342 UTC: 	 Checking directory /home/choij/workspace/CustomNanoGEN_CMSSW_13_0_13/lib
DEBUG 2025-04-02 08:27:39.342 UTC: 	 Adding directory /home/choij/workspace/CustomNanoGEN_CMSSW_13_0_13/lib to tarball
DEBUG 2025-04-02 08:27:39.343 UTC: 	 Checking directory /home/choij/workspace/CustomNanoGEN_CMSSW_13_0_13/biglib
DEBUG 2025-04-02 08:27:39.343 UTC: 	 Adding directory /home/choij/workspace/CustomNanoGEN_CMSSW_13_0_13/biglib to tarball
DEBUG 2025-04-02 08:27:39.343 UTC: 	 Checking directory /home/choij/workspace/CustomNanoGEN_CMSSW_13_0_13/module
DEBUG 2025-04-02 08:27:39.343 UTC: 	 Checking directory /home/choij/workspace/CustomNanoGEN_CMSSW_13_0_13/config/SCRAM/hooks
DEBUG 2025-04-02 08:27:39.343 UTC: 	 Adding directory /home/choij/workspace/CustomNanoGEN_CMSSW_13_0_13/config/SCRAM/hooks to tarball
DEBUG 2025-04-02 08:27:39.348 UTC: 	 Adding directory /home/choij/workspace/CustomNanoGEN_CMSSW_13_0_13/src/Configuration/CustomNanoGEN/python to tarball
DEBUG 2025-04-02 08:27:39.499 UTC: 	 Uploading archive /home/choij/workspace/CustomNanoGEN_CMSSW_13_0_13/src/Configuration/CustomNanoGEN/crab/crab_projects/crab_DY2j_LO_5f_LEGACY/inputs/1b122391-e48b-422e-a4fc-ad33a3df2e4adefault.tgz (198 KB) to the CRAB cache. Using URI https://cmsweb.cern.ch/S3/crabcache_prod
DEBUG 2025-04-02 08:27:39.590 UTC: 	 Encoded data for curl request: subresource=upload&objecttype=sandbox&tarballname=8832d65166268356767214e3dc64f891b6d46812bee11ab635d2b74c72fdd069.tar.gz
DEBUG 2025-04-02 08:27:40.414 UTC: 	 Will execute:
curl -f -v -X POST  -H "User-Agent: CRAB" -F "key=choij/sandboxes/8832d65166268356767214e3dc64f891b6d46812bee11ab635d2b74c72fdd069.tar.gz" -F "AWSAccessKeyId=715203df6482458ba839e73e6dab634b" -F "policy=eyJleHBpcmF0aW9uIjogIjIwMjUtMDQtMDJUMDk6Mjc6NDBaIiwgImNvbmRpdGlvbnMiOiBbeyJidWNrZXQiOiAiY3JhYmNhY2hlX3Byb2QifSwgeyJrZXkiOiAiY2hvaWovc2FuZGJveGVzLzg4MzJkNjUxNjYyNjgzNTY3NjcyMTRlM2RjNjRmODkxYjZkNDY4MTJiZWUxMWFiNjM1ZDJiNzRjNzJmZGQwNjkudGFyLmd6In1dfQ==" -F "signature=rUCw/o3V4IDCQ8MU0vXhDEldUZU=" -F "file=@/home/choij/workspace/CustomNanoGEN_CMSSW_13_0_13/src/Configuration/CustomNanoGEN/crab/crab_projects/crab_DY2j_LO_5f_LEGACY/inputs/1b122391-e48b-422e-a4fc-ad33a3df2e4adefault.tgz" "https://s3.cern.ch/crabcache_prod"
DEBUG 2025-04-02 08:27:42.081 UTC: 	 exitcode: 0
stdout: b''
DEBUG 2025-04-02 08:27:42.081 UTC: 	 upload to S3 of sandbox /home/choij/workspace/CustomNanoGEN_CMSSW_13_0_13/src/Configuration/CustomNanoGEN/crab/crab_projects/crab_DY2j_LO_5f_LEGACY/inputs/1b122391-e48b-422e-a4fc-ad33a3df2e4adefault.tgz completed
DEBUG 2025-04-02 08:27:42.081 UTC: 	 make sure that object is ready for retrieve
DEBUG 2025-04-02 08:27:43.083 UTC: 	 Encoded data for curl request: subresource=download&objecttype=sandbox&tarballname=8832d65166268356767214e3dc64f891b6d46812bee11ab635d2b74c72fdd069.tar.gz&clientmethod=head_object
DEBUG 2025-04-02 08:27:43.953 UTC: 	 PreSignedUrl to download sandbox received OK
DEBUG 2025-04-02 08:27:43.957 UTC: 	 Will execute:
 curl -v -s -f -o /dev/null --head  "https://s3.cern.ch/crabcache_prod/choij/sandboxes/8832d65166268356767214e3dc64f891b6d46812bee11ab635d2b74c72fdd069.tar.gz?AWSAccessKeyId=715203df6482458ba839e73e6dab634b&Signature=M9Xp0tqPjVvcqNKlPle72rnYcsc%3D&Expires=1743586063"
DEBUG 2025-04-02 08:27:44.771 UTC: 	 exitcode: 0
stdout: b''
DEBUG 2025-04-02 08:27:44.771 UTC: 	 sandbox /home/choij/workspace/CustomNanoGEN_CMSSW_13_0_13/src/Configuration/CustomNanoGEN/crab/crab_projects/crab_DY2j_LO_5f_LEGACY/inputs/1b122391-e48b-422e-a4fc-ad33a3df2e4adefault.tgz successfully uploaded to S3
DEBUG 2025-04-02 08:27:44.771 UTC: 	 Loading required information from the environment
DEBUG 2025-04-02 08:27:44.771 UTC: 	 Found CMSSW_13_0_13 for el8_amd64_gcc11 with base /home/choij/workspace/CustomNanoGEN_CMSSW_13_0_13
DEBUG 2025-04-02 08:27:44.771 UTC: 	 Making tarball in /home/choij/workspace/CustomNanoGEN_CMSSW_13_0_13/src/Configuration/CustomNanoGEN/crab/crab_projects/crab_DY2j_LO_5f_LEGACY/inputs/debugFiles.tgz
DEBUG 2025-04-02 08:27:44.774 UTC: 	 Uploading archive /home/choij/workspace/CustomNanoGEN_CMSSW_13_0_13/src/Configuration/CustomNanoGEN/crab/crab_projects/crab_DY2j_LO_5f_LEGACY/inputs/debugFiles.tgz (3 KB) to the CRAB cache. Using URI https://cmsweb.cern.ch/S3/crabcache_prod
DEBUG 2025-04-02 08:27:44.775 UTC: 	 Encoded data for curl request: subresource=upload&objecttype=sandbox&tarballname=e0af681ced3a5d4f7cf8a9ff857ffc44f4fcdf06b545c77f9520593451a4ff01.tar.gz
DEBUG 2025-04-02 08:27:45.610 UTC: 	 Will execute:
curl -f -v -X POST  -H "User-Agent: CRAB" -F "key=choij/sandboxes/e0af681ced3a5d4f7cf8a9ff857ffc44f4fcdf06b545c77f9520593451a4ff01.tar.gz" -F "AWSAccessKeyId=715203df6482458ba839e73e6dab634b" -F "policy=eyJleHBpcmF0aW9uIjogIjIwMjUtMDQtMDJUMDk6Mjc6NDVaIiwgImNvbmRpdGlvbnMiOiBbeyJidWNrZXQiOiAiY3JhYmNhY2hlX3Byb2QifSwgeyJrZXkiOiAiY2hvaWovc2FuZGJveGVzL2UwYWY2ODFjZWQzYTVkNGY3Y2Y4YTlmZjg1N2ZmYzQ0ZjRmY2RmMDZiNTQ1Yzc3Zjk1MjA1OTM0NTFhNGZmMDEudGFyLmd6In1dfQ==" -F "signature=+sn4hPPoCnsgKCFDXfB8BT52AeA=" -F "file=@/home/choij/workspace/CustomNanoGEN_CMSSW_13_0_13/src/Configuration/CustomNanoGEN/crab/crab_projects/crab_DY2j_LO_5f_LEGACY/inputs/debugFiles.tgz" "https://s3.cern.ch/crabcache_prod"
DEBUG 2025-04-02 08:27:46.496 UTC: 	 exitcode: 0
stdout: b''
DEBUG 2025-04-02 08:27:46.496 UTC: 	 upload to S3 of sandbox /home/choij/workspace/CustomNanoGEN_CMSSW_13_0_13/src/Configuration/CustomNanoGEN/crab/crab_projects/crab_DY2j_LO_5f_LEGACY/inputs/debugFiles.tgz completed
DEBUG 2025-04-02 08:27:46.496 UTC: 	 make sure that object is ready for retrieve
DEBUG 2025-04-02 08:27:47.497 UTC: 	 Encoded data for curl request: subresource=download&objecttype=sandbox&tarballname=e0af681ced3a5d4f7cf8a9ff857ffc44f4fcdf06b545c77f9520593451a4ff01.tar.gz&clientmethod=head_object
DEBUG 2025-04-02 08:30:02.212 UTC: 	 PreSignedUrl to download sandbox received OK
DEBUG 2025-04-02 08:30:02.215 UTC: 	 Will execute:
 curl -v -s -f -o /dev/null --head  "https://s3.cern.ch/crabcache_prod/choij/sandboxes/e0af681ced3a5d4f7cf8a9ff857ffc44f4fcdf06b545c77f9520593451a4ff01.tar.gz?AWSAccessKeyId=715203df6482458ba839e73e6dab634b&Signature=SRPvr2cHojGGToXhuRrC5On5d%2F4%3D&Expires=1743586202"
DEBUG 2025-04-02 08:30:03.038 UTC: 	 exitcode: 0
stdout: b''
DEBUG 2025-04-02 08:30:03.038 UTC: 	 sandbox /home/choij/workspace/CustomNanoGEN_CMSSW_13_0_13/src/Configuration/CustomNanoGEN/crab/crab_projects/crab_DY2j_LO_5f_LEGACY/inputs/debugFiles.tgz successfully uploaded to S3
DEBUG 2025-04-02 08:30:03.038 UTC: 	 Result uploading input files: 8832d65166268356767214e3dc64f891b6d46812bee11ab635d2b74c72fdd069.tar.gz 
DEBUG 2025-04-02 08:30:03.038 UTC: 	 submit() - self.configuration from WMCore.Configuration import Configuration
config = Configuration()
config.section_('General')
config.General.requestName = 'DY2j_LO_5f_LEGACY'
config.General.transferOutputs = True
config.General.workArea = 'crab_projects'
config.General.transferLogs = False
config.section_('JobType')
config.JobType.allowUndistributedCMSSW = False
config.JobType.pluginName = 'PrivateMC'
config.JobType.psetName = '../configs/Hadronizer_TuneCP5_13p6TeV_DY2j_LO_5f_LEGACY_LHE_pythia8_cfg.py'
config.JobType.numCores = 1
config.section_('Data')
config.Data.outLFNDirBase = '/store/user/choij/CustomNanoGEN'
config.Data.unitsPerJob = 5000
config.Data.outputPrimaryDataset = 'Validation'
config.Data.splitting = 'EventBased'
config.Data.outputDatasetTag = 'Run3Summer23wmLHEGS'
config.Data.totalUnits = 200000
config.Data.publication = False
config.section_('Site')
config.Site.storageSite = 'T3_KR_KNU'
config.section_('User')
config.section_('Debug')

DEBUG 2025-04-02 08:30:03.038 UTC: 	 submit() - self.configreq {'dryrun': 0, 'workflow': 'crab_DY2j_LO_5f_LEGACY', 'saveoutput': 1, 'savelogsflag': 0, 'primarydataset': 'Validation', 'nonvaliddata': 0, 'userfiles': [], 'dbsurl': 'https://cmsweb.cern.ch/dbs/prod/global/DBSReader', 'useparent': 0, 'ignorelocality': 0, 'splitalgo': 'EventBased', 'algoargs': 5000, 'totalunits': 200000, 'lfn': '/store/user/choij/CustomNanoGEN', 'publication': 0, 'publishdbsurl': 'https://cmsweb.cern.ch/dbs/prod/phys03/DBSWriter', 'publishname2': 'Run3Summer23wmLHEGS', 'jobtype': 'PrivateMC', 'generator': 'pythia', 'addoutputfiles': [], 'maxjobruntime': 1250, 'numcores': 1, 'maxmemory': 2000, 'priority': 10, 'nonprodsw': 0, 'asyncdest': 'T3_KR_KNU', 'requireaccelerator': 0, 'oneEventMode': 0, 'extrajdl': [], 'ignoreglobalblacklist': 0, 'partialdataset': 0, 'inputblocks': []}
DEBUG 2025-04-02 08:30:03.038 UTC: 	 submit() - jobconfig {'addoutputfiles': [], 'tfileoutfiles': [], 'edmoutfiles': ['NANOGEN.root'], 'jobarch': 'el8_amd64_gcc11', 'jobminuarch': 'any', 'jobsw': 'CMSSW_13_0_13', 'cacheurl': 'https://cmsweb.cern.ch/S3/crabcache_prod', 'cachefilename': '8832d65166268356767214e3dc64f891b6d46812bee11ab635d2b74c72fdd069.tar.gz', 'debugfilename': 'e0af681ced3a5d4f7cf8a9ff857ffc44f4fcdf06b545c77f9520593451a4ff01.tar.gz', 'jobtype': 'PrivateMC', 'primarydataset': 'Validation'}
INFO 2025-04-02 08:30:03.038 UTC: 	 Sending the request to the server at cmsweb.cern.ch
DEBUG 2025-04-02 08:30:03.038 UTC: 	 Submitting {'dryrun': 0, 'workflow': 'crab_DY2j_LO_5f_LEGACY', 'saveoutput': 1, 'savelogsflag': 0, 'primarydataset': 'Validation', 'nonvaliddata': 0, 'userfiles': [], 'dbsurl': 'https://cmsweb.cern.ch/dbs/prod/global/DBSReader', 'useparent': 0, 'ignorelocality': 0, 'splitalgo': 'EventBased', 'algoargs': 5000, 'totalunits': 200000, 'lfn': '/store/user/choij/CustomNanoGEN', 'publication': 0, 'publishdbsurl': 'https://cmsweb.cern.ch/dbs/prod/phys03/DBSWriter', 'publishname2': 'Run3Summer23wmLHEGS', 'jobtype': 'PrivateMC', 'generator': 'pythia', 'addoutputfiles': [], 'maxjobruntime': 1250, 'numcores': 1, 'maxmemory': 2000, 'priority': 10, 'nonprodsw': 0, 'asyncdest': 'T3_KR_KNU', 'requireaccelerator': 0, 'oneEventMode': 0, 'extrajdl': [], 'ignoreglobalblacklist': 0, 'partialdataset': 0, 'inputblocks': [], 'tfileoutfiles': [], 'edmoutfiles': ['NANOGEN.root'], 'jobarch': 'el8_amd64_gcc11', 'jobminuarch': 'any', 'jobsw': 'CMSSW_13_0_13', 'cacheurl': 'https://cmsweb.cern.ch/S3/crabcache_prod', 'cachefilename': '8832d65166268356767214e3dc64f891b6d46812bee11ab635d2b74c72fdd069.tar.gz', 'debugfilename': 'e0af681ced3a5d4f7cf8a9ff857ffc44f4fcdf06b545c77f9520593451a4ff01.tar.gz'} 
DEBUG 2025-04-02 08:30:03.038 UTC: 	 Encoded data for curl request: dryrun=0&workflow=crab_DY2j_LO_5f_LEGACY&saveoutput=1&savelogsflag=0&primarydataset=Validation&nonvaliddata=0&dbsurl=https%3A%2F%2Fcmsweb.cern.ch%2Fdbs%2Fprod%2Fglobal%2FDBSReader&useparent=0&ignorelocality=0&splitalgo=EventBased&algoargs=5000&totalunits=200000&lfn=%2Fstore%2Fuser%2Fchoij%2FCustomNanoGEN&publication=0&publishdbsurl=https%3A%2F%2Fcmsweb.cern.ch%2Fdbs%2Fprod%2Fphys03%2FDBSWriter&publishname2=Run3Summer23wmLHEGS&jobtype=PrivateMC&generator=pythia&maxjobruntime=1250&numcores=1&maxmemory=2000&priority=10&nonprodsw=0&asyncdest=T3_KR_KNU&requireaccelerator=0&oneEventMode=0&ignoreglobalblacklist=0&partialdataset=0&jobarch=el8_amd64_gcc11&jobminuarch=any&jobsw=CMSSW_13_0_13&cacheurl=https%3A%2F%2Fcmsweb.cern.ch%2FS3%2Fcrabcache_prod&cachefilename=8832d65166268356767214e3dc64f891b6d46812bee11ab635d2b74c72fdd069.tar.gz&debugfilename=e0af681ced3a5d4f7cf8a9ff857ffc44f4fcdf06b545c77f9520593451a4ff01.tar.gz&edmoutfiles=NANOGEN.root
DEBUG 2025-04-02 08:32:17.394 UTC: 	 Result: {'result': [{'RequestName': '250402_083217:choij_crab_DY2j_LO_5f_LEGACY'}]}
INFO 2025-04-02 08:32:17.395 UTC: 	 Success: Your task has been delivered to the prod CRAB3 server.
INFO 2025-04-02 08:32:17.395 UTC: 	 Task name: 250402_083217:choij_crab_DY2j_LO_5f_LEGACY
INFO 2025-04-02 08:32:17.395 UTC: 	 Project dir: crab_projects/crab_DY2j_LO_5f_LEGACY
INFO 2025-04-02 08:32:17.395 UTC: 	 Please use ' crab status -d crab_projects/crab_DY2j_LO_5f_LEGACY ' to check how the submission process proceeds.
DEBUG 2025-04-02 08:32:17.395 UTC: 	 About to return
INFO 2025-04-02 08:32:17.396 UTC: 	 Log file is /home/choij/workspace/CustomNanoGEN_CMSSW_13_0_13/src/Configuration/CustomNanoGEN/crab/crab_projects/crab_DY2j_LO_5f_LEGACY/crab.log
