DEBUG 2025-04-02 08:32:02.040 UTC: 	 CRAB Client version: v3.250318
DEBUG 2025-04-02 08:32:02.040 UTC: 	 Running on: Linux private-snu 6.13.8-200.fc41.x86_64 #1 SMP PREEMPT_DYNAMIC Sun Mar 23 05:03:09 UTC 2025 x86_64 x86_64 x86_64 GNU/Linux
DEBUG 2025-04-02 08:32:02.040 UTC: 	 Using SINGULARITY image: private-el8.sif
DEBUG 2025-04-02 08:32:02.040 UTC: 	 Operating System: AlmaLinux 8.10 (Cerulean Leopard)
DEBUG 2025-04-02 08:32:02.040 UTC: 	 Executing command: 'submit'
DEBUG 2025-04-02 08:32:02.040 UTC: 	 Found CRAB cache file /home/choij/.crab3
INFO 2025-04-02 08:32:02.040 UTC: 	 Will use CRAB configuration file crab_config_W0j_LO_5f_CPPNONE.py
DEBUG 2025-04-02 08:32:02.040 UTC: 	 Loading CRAB configuration file.
DEBUG 2025-04-02 08:32:03.696 UTC: 	 Will use CRAB plugin PRIVATEMC (i.e. will run an a MC generation job type).
DEBUG 2025-04-02 08:32:03.697 UTC: 	 Checking credentials
DEBUG 2025-04-02 08:32:03.697 UTC: 	 Found proxy file /tmp/x509up_u1000
DEBUG 2025-04-02 08:32:03.697 UTC: 	 Making sure it has proper VOMS extension
DEBUG 2025-04-02 08:32:03.697 UTC: 	 Executing command :
 voms-proxy-info --vo --file /tmp/x509up_u1000
DEBUG 2025-04-02 08:32:04.026 UTC: 	 output : cms

 error: 
 retcode : 0
DEBUG 2025-04-02 08:32:04.026 UTC: 	 Getting proxy life time left
DEBUG 2025-04-02 08:32:04.026 UTC: 	 Executing command :
 voms-proxy-info --actimeleft --timeleft --file /tmp/x509up_u1000
DEBUG 2025-04-02 08:32:04.347 UTC: 	 output : 593945
593945

 error: 
 retcode : 0
DEBUG 2025-04-02 08:32:04.348 UTC: 	 Proxy valid for 164:59:05 hours
DEBUG 2025-04-02 08:32:04.348 UTC: 	 Encoded data for curl request: subresource=delegatedn
DEBUG 2025-04-02 08:32:05.174 UTC: 	 Registering user credentials on myproxy for /DC=ch/DC=cern/OU=computers/CN=crab-(preprod|prod)-tw(01|02).cern.ch|/DC=ch/DC=cern/OU=computers/CN=crab-dev-tw(01|02|03|04).cern.ch|/DC=ch/DC=cern/OU=Organic Units/OU=Users/CN=cmscrab/CN=(817881|373708)/CN=Robot: cms crab|/DC=ch/DC=cern/OU=Organic Units/OU=Users/CN=crabint1/CN=373708/CN=Robot: CMS CRAB Integration 1
DEBUG 2025-04-02 08:32:05.174 UTC: 	 Executing command :
 voms-proxy-info --identity --file /tmp/x509up_u1000
DEBUG 2025-04-02 08:32:05.513 UTC: 	 output : /DC=ch/DC=cern/OU=Organic Units/OU=Users/CN=choij/CN=841389/CN=Jin Choi

 error: 
 retcode : 0
DEBUG 2025-04-02 08:32:05.513 UTC: 	 Getting myproxy life time left for 62145c27448958522230f1583fedca774537a25d
DEBUG 2025-04-02 08:32:05.513 UTC: 	 Executing command :
 myproxy-info -s myproxy.cern.ch -l 62145c27448958522230f1583fedca774537a25d
DEBUG 2025-04-02 08:32:07.252 UTC: 	 output : username: 62145c27448958522230f1583fedca774537a25d
owner: /DC=ch/DC=cern/OU=Organic Units/OU=Users/CN=choij/CN=841389/CN=Jin Choi
  renewal policy: /DC=ch/DC=cern/OU=computers/CN=crab-(preprod|prod)-tw(01|02).cern.ch|/DC=ch/DC=cern/OU=computers/CN=crab-dev-tw(01|02|03|04).cern.ch|/DC=ch/DC=cern/OU=Organic Units/OU=Users/CN=cmscrab/CN=(817881|373708)/CN=Robot: cms crab|/DC=ch/DC=cern/OU=Organic Units/OU=Users/CN=crabint1/CN=373708/CN=Robot: CMS CRAB Integration 1
  trusted retrieval policy: /DC=ch/DC=cern/OU=computers/CN=crab-(preprod|prod)-tw(01|02).cern.ch|/DC=ch/DC=cern/OU=computers/CN=crab-dev-tw(01|02|03|04).cern.ch|/DC=ch/DC=cern/OU=Organic Units/OU=Users/CN=cmscrab/CN=(817881|373708)/CN=Robot: cms crab|/DC=ch/DC=cern/OU=Organic Units/OU=Users/CN=crabint1/CN=373708/CN=Robot: CMS CRAB Integration 1
  timeleft: 524:43:57  (21.9 days)

 error: 
 retcode : 0
DEBUG 2025-04-02 08:32:07.252 UTC: 	 Myproxy is valid: 1888980
DEBUG 2025-04-02 08:32:07.253 UTC: 	 Result of myproxy credential check:
  Credential exists on myproxy: username: 62145c27448958522230f1583fedca774537a25d  - validity: 21 days, 20:43:00
DEBUG 2025-04-02 08:32:07.253 UTC: 	 Command use: submit
DEBUG 2025-04-02 08:32:07.253 UTC: 	 Options use: ['-c', 'crab_config_W0j_LO_5f_CPPNONE.py']
DEBUG 2025-04-02 08:32:07.253 UTC: 	 Encoded data for curl request: subresource=version
DEBUG 2025-04-02 08:32:08.071 UTC: 	 CRABClient version: v3.250318
DEBUG 2025-04-02 08:32:08.072 UTC: 	 Instance is prod
DEBUG 2025-04-02 08:32:08.072 UTC: 	 Server base url is cmsweb.cern.ch
DEBUG 2025-04-02 08:32:08.072 UTC: 	 Command api workflow
DEBUG 2025-04-02 08:32:08.072 UTC: 	 Started submission
DEBUG 2025-04-02 08:32:08.072 UTC: 	 Working on /home/choij/workspace/CustomNanoGEN_CMSSW_13_0_13/src/Configuration/CustomNanoGEN/crab/crab_projects/crab_W0j_LO_5f_CPPNONE
DEBUG 2025-04-02 08:32:08.072 UTC: 	 Encoded data for curl request: subresource=backendurls
DEBUG 2025-04-02 08:32:08.913 UTC: 	 Loading required information from the environment
DEBUG 2025-04-02 08:32:08.913 UTC: 	 Found CMSSW_13_0_13 for el8_amd64_gcc11 with base /home/choij/workspace/CustomNanoGEN_CMSSW_13_0_13
DEBUG 2025-04-02 08:32:08.913 UTC: 	 UNIQUE NAME: tarUUID 7848b2ee-fc4c-4725-8434-e7412cec9553 
DEBUG 2025-04-02 08:32:08.913 UTC: 	 self.config: from WMCore.Configuration import Configuration
config = Configuration()
config.section_('General')
config.General.requestName = 'W0j_LO_5f_CPPNONE'
config.General.transferLogs = False
config.General.workArea = 'crab_projects'
config.General.transferOutputs = True
config.section_('JobType')
config.JobType.allowUndistributedCMSSW = False
config.JobType.pluginName = 'PrivateMC'
config.JobType.numCores = 1
config.JobType.psetName = '../configs/Hadronizer_TuneCP5_13p6TeV_W0j_LO_5f_CPPNONE_LHE_pythia8_cfg.py'
config.section_('Data')
config.Data.publication = False
config.Data.totalUnits = 200000
config.Data.outputDatasetTag = 'Run3Summer23wmLHEGS'
config.Data.outLFNDirBase = '/store/user/choij/CustomNanoGEN'
config.Data.unitsPerJob = 5000
config.Data.splitting = 'EventBased'
config.Data.outputPrimaryDataset = 'Validation'
config.section_('Site')
config.Site.storageSite = 'T3_KR_KNU'
config.section_('User')
config.section_('Debug')

DEBUG 2025-04-02 08:32:08.913 UTC: 	 self.config.JobType.psetName: ../configs/Hadronizer_TuneCP5_13p6TeV_W0j_LO_5f_CPPNONE_LHE_pythia8_cfg.py
INFO 2025-04-02 08:32:08.914 UTC: 	 Importing CMSSW configuration ../configs/Hadronizer_TuneCP5_13p6TeV_W0j_LO_5f_CPPNONE_LHE_pythia8_cfg.py
INFO 2025-04-02 08:32:09.594 UTC: 	 Finished importing CMSSW configuration ../configs/Hadronizer_TuneCP5_13p6TeV_W0j_LO_5f_CPPNONE_LHE_pythia8_cfg.py
DEBUG 2025-04-02 08:32:09.594 UTC: 	 Writing CMSSW configuration to /home/choij/workspace/CustomNanoGEN_CMSSW_13_0_13/src/Configuration/CustomNanoGEN/crab/crab_projects/crab_W0j_LO_5f_CPPNONE/inputs/PSet.py
DEBUG 2025-04-02 08:32:09.699 UTC: 	 The following EDM output files will be collected: ['NANOGEN.root']
DEBUG 2025-04-02 08:32:09.699 UTC: 	 The following TFile output files will be collected: []
DEBUG 2025-04-02 08:32:09.699 UTC: 	 The following user output files (not listed as PoolOuputModule or TFileService in the CMSSW PSet) will be collected: 
DEBUG 2025-04-02 08:32:09.699 UTC: 	 Loading required information from the environment
DEBUG 2025-04-02 08:32:09.699 UTC: 	 Found CMSSW_13_0_13 for el8_amd64_gcc11 with base /home/choij/workspace/CustomNanoGEN_CMSSW_13_0_13
DEBUG 2025-04-02 08:32:09.699 UTC: 	 Making tarball in /home/choij/workspace/CustomNanoGEN_CMSSW_13_0_13/src/Configuration/CustomNanoGEN/crab/crab_projects/crab_W0j_LO_5f_CPPNONE/inputs/7848b2ee-fc4c-4725-8434-e7412cec9553default.tgz
DEBUG 2025-04-02 08:32:09.700 UTC: 	 Checking directory /home/choij/workspace/CustomNanoGEN_CMSSW_13_0_13/bin
DEBUG 2025-04-02 08:32:09.700 UTC: 	 Adding directory /home/choij/workspace/CustomNanoGEN_CMSSW_13_0_13/bin to tarball
DEBUG 2025-04-02 08:32:09.701 UTC: 	 Checking directory /home/choij/workspace/CustomNanoGEN_CMSSW_13_0_13/python
DEBUG 2025-04-02 08:32:09.701 UTC: 	 Adding directory /home/choij/workspace/CustomNanoGEN_CMSSW_13_0_13/python to tarball
DEBUG 2025-04-02 08:32:09.704 UTC: 	 Checking directory /home/choij/workspace/CustomNanoGEN_CMSSW_13_0_13/cfipython
DEBUG 2025-04-02 08:32:09.704 UTC: 	 Adding directory /home/choij/workspace/CustomNanoGEN_CMSSW_13_0_13/cfipython to tarball
DEBUG 2025-04-02 08:32:09.704 UTC: 	 Checking directory /home/choij/workspace/CustomNanoGEN_CMSSW_13_0_13/lib
DEBUG 2025-04-02 08:32:09.704 UTC: 	 Adding directory /home/choij/workspace/CustomNanoGEN_CMSSW_13_0_13/lib to tarball
DEBUG 2025-04-02 08:32:09.705 UTC: 	 Checking directory /home/choij/workspace/CustomNanoGEN_CMSSW_13_0_13/biglib
DEBUG 2025-04-02 08:32:09.705 UTC: 	 Adding directory /home/choij/workspace/CustomNanoGEN_CMSSW_13_0_13/biglib to tarball
DEBUG 2025-04-02 08:32:09.705 UTC: 	 Checking directory /home/choij/workspace/CustomNanoGEN_CMSSW_13_0_13/module
DEBUG 2025-04-02 08:32:09.705 UTC: 	 Checking directory /home/choij/workspace/CustomNanoGEN_CMSSW_13_0_13/config/SCRAM/hooks
DEBUG 2025-04-02 08:32:09.705 UTC: 	 Adding directory /home/choij/workspace/CustomNanoGEN_CMSSW_13_0_13/config/SCRAM/hooks to tarball
DEBUG 2025-04-02 08:32:09.711 UTC: 	 Adding directory /home/choij/workspace/CustomNanoGEN_CMSSW_13_0_13/src/Configuration/CustomNanoGEN/python to tarball
DEBUG 2025-04-02 08:32:09.867 UTC: 	 Uploading archive /home/choij/workspace/CustomNanoGEN_CMSSW_13_0_13/src/Configuration/CustomNanoGEN/crab/crab_projects/crab_W0j_LO_5f_CPPNONE/inputs/7848b2ee-fc4c-4725-8434-e7412cec9553default.tgz (198 KB) to the CRAB cache. Using URI https://cmsweb.cern.ch/S3/crabcache_prod
DEBUG 2025-04-02 08:32:09.962 UTC: 	 Encoded data for curl request: subresource=upload&objecttype=sandbox&tarballname=ed4aa3ec5ffc0ee53c1c0f129551790c2c6cccc66ff277dcf95a5cfe15a62454.tar.gz
DEBUG 2025-04-02 08:32:10.792 UTC: 	 Will execute:
curl -f -v -X POST  -H "User-Agent: CRAB" -F "key=choij/sandboxes/ed4aa3ec5ffc0ee53c1c0f129551790c2c6cccc66ff277dcf95a5cfe15a62454.tar.gz" -F "AWSAccessKeyId=715203df6482458ba839e73e6dab634b" -F "policy=eyJleHBpcmF0aW9uIjogIjIwMjUtMDQtMDJUMDk6MzI6MTBaIiwgImNvbmRpdGlvbnMiOiBbeyJidWNrZXQiOiAiY3JhYmNhY2hlX3Byb2QifSwgeyJrZXkiOiAiY2hvaWovc2FuZGJveGVzL2VkNGFhM2VjNWZmYzBlZTUzYzFjMGYxMjk1NTE3OTBjMmM2Y2NjYzY2ZmYyNzdkY2Y5NWE1Y2ZlMTVhNjI0NTQudGFyLmd6In1dfQ==" -F "signature=CiSUhS8CRabsrkGx3bI0f52eRMg=" -F "file=@/home/choij/workspace/CustomNanoGEN_CMSSW_13_0_13/src/Configuration/CustomNanoGEN/crab/crab_projects/crab_W0j_LO_5f_CPPNONE/inputs/7848b2ee-fc4c-4725-8434-e7412cec9553default.tgz" "https://s3.cern.ch/crabcache_prod"
DEBUG 2025-04-02 08:32:12.566 UTC: 	 exitcode: 0
stdout: b''
DEBUG 2025-04-02 08:32:12.566 UTC: 	 upload to S3 of sandbox /home/choij/workspace/CustomNanoGEN_CMSSW_13_0_13/src/Configuration/CustomNanoGEN/crab/crab_projects/crab_W0j_LO_5f_CPPNONE/inputs/7848b2ee-fc4c-4725-8434-e7412cec9553default.tgz completed
DEBUG 2025-04-02 08:32:12.566 UTC: 	 make sure that object is ready for retrieve
DEBUG 2025-04-02 08:32:13.567 UTC: 	 Encoded data for curl request: subresource=download&objecttype=sandbox&tarballname=ed4aa3ec5ffc0ee53c1c0f129551790c2c6cccc66ff277dcf95a5cfe15a62454.tar.gz&clientmethod=head_object
DEBUG 2025-04-02 08:34:28.457 UTC: 	 PreSignedUrl to download sandbox received OK
DEBUG 2025-04-02 08:34:28.460 UTC: 	 Will execute:
 curl -v -s -f -o /dev/null --head  "https://s3.cern.ch/crabcache_prod/choij/sandboxes/ed4aa3ec5ffc0ee53c1c0f129551790c2c6cccc66ff277dcf95a5cfe15a62454.tar.gz?AWSAccessKeyId=715203df6482458ba839e73e6dab634b&Signature=nZcb7qhFiub4rAjKc%2F4NC%2F2ZP9o%3D&Expires=1743586468"
DEBUG 2025-04-02 08:34:29.276 UTC: 	 exitcode: 0
stdout: b''
DEBUG 2025-04-02 08:34:29.276 UTC: 	 sandbox /home/choij/workspace/CustomNanoGEN_CMSSW_13_0_13/src/Configuration/CustomNanoGEN/crab/crab_projects/crab_W0j_LO_5f_CPPNONE/inputs/7848b2ee-fc4c-4725-8434-e7412cec9553default.tgz successfully uploaded to S3
DEBUG 2025-04-02 08:34:29.276 UTC: 	 Loading required information from the environment
DEBUG 2025-04-02 08:34:29.276 UTC: 	 Found CMSSW_13_0_13 for el8_amd64_gcc11 with base /home/choij/workspace/CustomNanoGEN_CMSSW_13_0_13
DEBUG 2025-04-02 08:34:29.276 UTC: 	 Making tarball in /home/choij/workspace/CustomNanoGEN_CMSSW_13_0_13/src/Configuration/CustomNanoGEN/crab/crab_projects/crab_W0j_LO_5f_CPPNONE/inputs/debugFiles.tgz
DEBUG 2025-04-02 08:34:29.279 UTC: 	 Uploading archive /home/choij/workspace/CustomNanoGEN_CMSSW_13_0_13/src/Configuration/CustomNanoGEN/crab/crab_projects/crab_W0j_LO_5f_CPPNONE/inputs/debugFiles.tgz (3 KB) to the CRAB cache. Using URI https://cmsweb.cern.ch/S3/crabcache_prod
DEBUG 2025-04-02 08:34:29.280 UTC: 	 Encoded data for curl request: subresource=upload&objecttype=sandbox&tarballname=bd66cbea68535800da8db3603bce8c5aeb44bd811c389cbe8c5fbca05ceaf51d.tar.gz
DEBUG 2025-04-02 08:34:30.119 UTC: 	 Will execute:
curl -f -v -X POST  -H "User-Agent: CRAB" -F "key=choij/sandboxes/bd66cbea68535800da8db3603bce8c5aeb44bd811c389cbe8c5fbca05ceaf51d.tar.gz" -F "AWSAccessKeyId=715203df6482458ba839e73e6dab634b" -F "policy=eyJleHBpcmF0aW9uIjogIjIwMjUtMDQtMDJUMDk6MzQ6MjlaIiwgImNvbmRpdGlvbnMiOiBbeyJidWNrZXQiOiAiY3JhYmNhY2hlX3Byb2QifSwgeyJrZXkiOiAiY2hvaWovc2FuZGJveGVzL2JkNjZjYmVhNjg1MzU4MDBkYThkYjM2MDNiY2U4YzVhZWI0NGJkODExYzM4OWNiZThjNWZiY2EwNWNlYWY1MWQudGFyLmd6In1dfQ==" -F "signature=Yj5NsvO9lhooIzBPb2CdrM6J2Zs=" -F "file=@/home/choij/workspace/CustomNanoGEN_CMSSW_13_0_13/src/Configuration/CustomNanoGEN/crab/crab_projects/crab_W0j_LO_5f_CPPNONE/inputs/debugFiles.tgz" "https://s3.cern.ch/crabcache_prod"
DEBUG 2025-04-02 08:34:30.950 UTC: 	 exitcode: 0
stdout: b''
DEBUG 2025-04-02 08:34:30.950 UTC: 	 upload to S3 of sandbox /home/choij/workspace/CustomNanoGEN_CMSSW_13_0_13/src/Configuration/CustomNanoGEN/crab/crab_projects/crab_W0j_LO_5f_CPPNONE/inputs/debugFiles.tgz completed
DEBUG 2025-04-02 08:34:30.950 UTC: 	 make sure that object is ready for retrieve
DEBUG 2025-04-02 08:34:31.952 UTC: 	 Encoded data for curl request: subresource=download&objecttype=sandbox&tarballname=bd66cbea68535800da8db3603bce8c5aeb44bd811c389cbe8c5fbca05ceaf51d.tar.gz&clientmethod=head_object
DEBUG 2025-04-02 08:34:32.780 UTC: 	 PreSignedUrl to download sandbox received OK
DEBUG 2025-04-02 08:34:32.783 UTC: 	 Will execute:
 curl -v -s -f -o /dev/null --head  "https://s3.cern.ch/crabcache_prod/choij/sandboxes/bd66cbea68535800da8db3603bce8c5aeb44bd811c389cbe8c5fbca05ceaf51d.tar.gz?AWSAccessKeyId=715203df6482458ba839e73e6dab634b&Signature=Z9lRSejX%2BwKePiZsVIsR%2F4y5ynI%3D&Expires=1743586472"
DEBUG 2025-04-02 08:34:33.598 UTC: 	 exitcode: 0
stdout: b''
DEBUG 2025-04-02 08:34:33.598 UTC: 	 sandbox /home/choij/workspace/CustomNanoGEN_CMSSW_13_0_13/src/Configuration/CustomNanoGEN/crab/crab_projects/crab_W0j_LO_5f_CPPNONE/inputs/debugFiles.tgz successfully uploaded to S3
DEBUG 2025-04-02 08:34:33.598 UTC: 	 Result uploading input files: ed4aa3ec5ffc0ee53c1c0f129551790c2c6cccc66ff277dcf95a5cfe15a62454.tar.gz 
DEBUG 2025-04-02 08:34:33.598 UTC: 	 submit() - self.configuration from WMCore.Configuration import Configuration
config = Configuration()
config.section_('General')
config.General.requestName = 'W0j_LO_5f_CPPNONE'
config.General.transferLogs = False
config.General.workArea = 'crab_projects'
config.General.transferOutputs = True
config.section_('JobType')
config.JobType.allowUndistributedCMSSW = False
config.JobType.pluginName = 'PrivateMC'
config.JobType.numCores = 1
config.JobType.psetName = '../configs/Hadronizer_TuneCP5_13p6TeV_W0j_LO_5f_CPPNONE_LHE_pythia8_cfg.py'
config.section_('Data')
config.Data.publication = False
config.Data.totalUnits = 200000
config.Data.outputDatasetTag = 'Run3Summer23wmLHEGS'
config.Data.outLFNDirBase = '/store/user/choij/CustomNanoGEN'
config.Data.unitsPerJob = 5000
config.Data.splitting = 'EventBased'
config.Data.outputPrimaryDataset = 'Validation'
config.section_('Site')
config.Site.storageSite = 'T3_KR_KNU'
config.section_('User')
config.section_('Debug')

DEBUG 2025-04-02 08:34:33.598 UTC: 	 submit() - self.configreq {'dryrun': 0, 'workflow': 'crab_W0j_LO_5f_CPPNONE', 'saveoutput': 1, 'savelogsflag': 0, 'primarydataset': 'Validation', 'nonvaliddata': 0, 'userfiles': [], 'dbsurl': 'https://cmsweb.cern.ch/dbs/prod/global/DBSReader', 'useparent': 0, 'ignorelocality': 0, 'splitalgo': 'EventBased', 'algoargs': 5000, 'totalunits': 200000, 'lfn': '/store/user/choij/CustomNanoGEN', 'publication': 0, 'publishdbsurl': 'https://cmsweb.cern.ch/dbs/prod/phys03/DBSWriter', 'publishname2': 'Run3Summer23wmLHEGS', 'jobtype': 'PrivateMC', 'generator': 'pythia', 'addoutputfiles': [], 'maxjobruntime': 1250, 'numcores': 1, 'maxmemory': 2000, 'priority': 10, 'nonprodsw': 0, 'asyncdest': 'T3_KR_KNU', 'requireaccelerator': 0, 'oneEventMode': 0, 'extrajdl': [], 'ignoreglobalblacklist': 0, 'partialdataset': 0, 'inputblocks': []}
DEBUG 2025-04-02 08:34:33.599 UTC: 	 submit() - jobconfig {'addoutputfiles': [], 'tfileoutfiles': [], 'edmoutfiles': ['NANOGEN.root'], 'jobarch': 'el8_amd64_gcc11', 'jobminuarch': 'any', 'jobsw': 'CMSSW_13_0_13', 'cacheurl': 'https://cmsweb.cern.ch/S3/crabcache_prod', 'cachefilename': 'ed4aa3ec5ffc0ee53c1c0f129551790c2c6cccc66ff277dcf95a5cfe15a62454.tar.gz', 'debugfilename': 'bd66cbea68535800da8db3603bce8c5aeb44bd811c389cbe8c5fbca05ceaf51d.tar.gz', 'jobtype': 'PrivateMC', 'primarydataset': 'Validation'}
INFO 2025-04-02 08:34:33.599 UTC: 	 Sending the request to the server at cmsweb.cern.ch
DEBUG 2025-04-02 08:34:33.599 UTC: 	 Submitting {'dryrun': 0, 'workflow': 'crab_W0j_LO_5f_CPPNONE', 'saveoutput': 1, 'savelogsflag': 0, 'primarydataset': 'Validation', 'nonvaliddata': 0, 'userfiles': [], 'dbsurl': 'https://cmsweb.cern.ch/dbs/prod/global/DBSReader', 'useparent': 0, 'ignorelocality': 0, 'splitalgo': 'EventBased', 'algoargs': 5000, 'totalunits': 200000, 'lfn': '/store/user/choij/CustomNanoGEN', 'publication': 0, 'publishdbsurl': 'https://cmsweb.cern.ch/dbs/prod/phys03/DBSWriter', 'publishname2': 'Run3Summer23wmLHEGS', 'jobtype': 'PrivateMC', 'generator': 'pythia', 'addoutputfiles': [], 'maxjobruntime': 1250, 'numcores': 1, 'maxmemory': 2000, 'priority': 10, 'nonprodsw': 0, 'asyncdest': 'T3_KR_KNU', 'requireaccelerator': 0, 'oneEventMode': 0, 'extrajdl': [], 'ignoreglobalblacklist': 0, 'partialdataset': 0, 'inputblocks': [], 'tfileoutfiles': [], 'edmoutfiles': ['NANOGEN.root'], 'jobarch': 'el8_amd64_gcc11', 'jobminuarch': 'any', 'jobsw': 'CMSSW_13_0_13', 'cacheurl': 'https://cmsweb.cern.ch/S3/crabcache_prod', 'cachefilename': 'ed4aa3ec5ffc0ee53c1c0f129551790c2c6cccc66ff277dcf95a5cfe15a62454.tar.gz', 'debugfilename': 'bd66cbea68535800da8db3603bce8c5aeb44bd811c389cbe8c5fbca05ceaf51d.tar.gz'} 
DEBUG 2025-04-02 08:34:33.599 UTC: 	 Encoded data for curl request: dryrun=0&workflow=crab_W0j_LO_5f_CPPNONE&saveoutput=1&savelogsflag=0&primarydataset=Validation&nonvaliddata=0&dbsurl=https%3A%2F%2Fcmsweb.cern.ch%2Fdbs%2Fprod%2Fglobal%2FDBSReader&useparent=0&ignorelocality=0&splitalgo=EventBased&algoargs=5000&totalunits=200000&lfn=%2Fstore%2Fuser%2Fchoij%2FCustomNanoGEN&publication=0&publishdbsurl=https%3A%2F%2Fcmsweb.cern.ch%2Fdbs%2Fprod%2Fphys03%2FDBSWriter&publishname2=Run3Summer23wmLHEGS&jobtype=PrivateMC&generator=pythia&maxjobruntime=1250&numcores=1&maxmemory=2000&priority=10&nonprodsw=0&asyncdest=T3_KR_KNU&requireaccelerator=0&oneEventMode=0&ignoreglobalblacklist=0&partialdataset=0&jobarch=el8_amd64_gcc11&jobminuarch=any&jobsw=CMSSW_13_0_13&cacheurl=https%3A%2F%2Fcmsweb.cern.ch%2FS3%2Fcrabcache_prod&cachefilename=ed4aa3ec5ffc0ee53c1c0f129551790c2c6cccc66ff277dcf95a5cfe15a62454.tar.gz&debugfilename=bd66cbea68535800da8db3603bce8c5aeb44bd811c389cbe8c5fbca05ceaf51d.tar.gz&edmoutfiles=NANOGEN.root
DEBUG 2025-04-02 08:34:34.430 UTC: 	 Result: {'result': [{'RequestName': '250402_083434:choij_crab_W0j_LO_5f_CPPNONE'}]}
INFO 2025-04-02 08:34:34.431 UTC: 	 Success: Your task has been delivered to the prod CRAB3 server.
INFO 2025-04-02 08:34:34.431 UTC: 	 Task name: 250402_083434:choij_crab_W0j_LO_5f_CPPNONE
INFO 2025-04-02 08:34:34.431 UTC: 	 Project dir: crab_projects/crab_W0j_LO_5f_CPPNONE
INFO 2025-04-02 08:34:34.431 UTC: 	 Please use ' crab status -d crab_projects/crab_W0j_LO_5f_CPPNONE ' to check how the submission process proceeds.
DEBUG 2025-04-02 08:34:34.431 UTC: 	 About to return
INFO 2025-04-02 08:34:34.433 UTC: 	 Log file is /home/choij/workspace/CustomNanoGEN_CMSSW_13_0_13/src/Configuration/CustomNanoGEN/crab/crab_projects/crab_W0j_LO_5f_CPPNONE/crab.log
