DEBUG 2025-04-02 08:32:16.244 UTC: 	 CRAB Client version: v3.250318
DEBUG 2025-04-02 08:32:16.245 UTC: 	 Running on: Linux private-snu 6.13.8-200.fc41.x86_64 #1 SMP PREEMPT_DYNAMIC Sun Mar 23 05:03:09 UTC 2025 x86_64 x86_64 x86_64 GNU/Linux
DEBUG 2025-04-02 08:32:16.245 UTC: 	 Using SINGULARITY image: private-el8.sif
DEBUG 2025-04-02 08:32:16.245 UTC: 	 Operating System: AlmaLinux 8.10 (Cerulean Leopard)
DEBUG 2025-04-02 08:32:16.245 UTC: 	 Executing command: 'submit'
DEBUG 2025-04-02 08:32:16.245 UTC: 	 Found CRAB cache file /home/choij/.crab3
INFO 2025-04-02 08:32:16.245 UTC: 	 Will use CRAB configuration file crab_config_W0j_LO_5f_LEGACY.py
DEBUG 2025-04-02 08:32:16.245 UTC: 	 Loading CRAB configuration file.
DEBUG 2025-04-02 08:32:17.921 UTC: 	 Will use CRAB plugin PRIVATEMC (i.e. will run an a MC generation job type).
DEBUG 2025-04-02 08:32:17.922 UTC: 	 Checking credentials
DEBUG 2025-04-02 08:32:17.922 UTC: 	 Found proxy file /tmp/x509up_u1000
DEBUG 2025-04-02 08:32:17.922 UTC: 	 Making sure it has proper VOMS extension
DEBUG 2025-04-02 08:32:17.922 UTC: 	 Executing command :
 voms-proxy-info --vo --file /tmp/x509up_u1000
DEBUG 2025-04-02 08:32:18.255 UTC: 	 output : cms

 error: 
 retcode : 0
DEBUG 2025-04-02 08:32:18.255 UTC: 	 Getting proxy life time left
DEBUG 2025-04-02 08:32:18.255 UTC: 	 Executing command :
 voms-proxy-info --actimeleft --timeleft --file /tmp/x509up_u1000
DEBUG 2025-04-02 08:32:18.581 UTC: 	 output : 593931
593931

 error: 
 retcode : 0
DEBUG 2025-04-02 08:32:18.581 UTC: 	 Proxy valid for 164:58:51 hours
DEBUG 2025-04-02 08:32:18.581 UTC: 	 Encoded data for curl request: subresource=delegatedn
DEBUG 2025-04-02 08:32:19.412 UTC: 	 Registering user credentials on myproxy for /DC=ch/DC=cern/OU=computers/CN=crab-(preprod|prod)-tw(01|02).cern.ch|/DC=ch/DC=cern/OU=computers/CN=crab-dev-tw(01|02|03|04).cern.ch|/DC=ch/DC=cern/OU=Organic Units/OU=Users/CN=cmscrab/CN=(817881|373708)/CN=Robot: cms crab|/DC=ch/DC=cern/OU=Organic Units/OU=Users/CN=crabint1/CN=373708/CN=Robot: CMS CRAB Integration 1
DEBUG 2025-04-02 08:32:19.412 UTC: 	 Executing command :
 voms-proxy-info --identity --file /tmp/x509up_u1000
DEBUG 2025-04-02 08:32:19.744 UTC: 	 output : /DC=ch/DC=cern/OU=Organic Units/OU=Users/CN=choij/CN=841389/CN=Jin Choi

 error: 
 retcode : 0
DEBUG 2025-04-02 08:32:19.744 UTC: 	 Getting myproxy life time left for 62145c27448958522230f1583fedca774537a25d
DEBUG 2025-04-02 08:32:19.744 UTC: 	 Executing command :
 myproxy-info -s myproxy.cern.ch -l 62145c27448958522230f1583fedca774537a25d
DEBUG 2025-04-02 08:32:21.360 UTC: 	 output : username: 62145c27448958522230f1583fedca774537a25d
owner: /DC=ch/DC=cern/OU=Organic Units/OU=Users/CN=choij/CN=841389/CN=Jin Choi
  renewal policy: /DC=ch/DC=cern/OU=computers/CN=crab-(preprod|prod)-tw(01|02).cern.ch|/DC=ch/DC=cern/OU=computers/CN=crab-dev-tw(01|02|03|04).cern.ch|/DC=ch/DC=cern/OU=Organic Units/OU=Users/CN=cmscrab/CN=(817881|373708)/CN=Robot: cms crab|/DC=ch/DC=cern/OU=Organic Units/OU=Users/CN=crabint1/CN=373708/CN=Robot: CMS CRAB Integration 1
  trusted retrieval policy: /DC=ch/DC=cern/OU=computers/CN=crab-(preprod|prod)-tw(01|02).cern.ch|/DC=ch/DC=cern/OU=computers/CN=crab-dev-tw(01|02|03|04).cern.ch|/DC=ch/DC=cern/OU=Organic Units/OU=Users/CN=cmscrab/CN=(817881|373708)/CN=Robot: cms crab|/DC=ch/DC=cern/OU=Organic Units/OU=Users/CN=crabint1/CN=373708/CN=Robot: CMS CRAB Integration 1
  timeleft: 524:43:43  (21.9 days)

 error: 
 retcode : 0
DEBUG 2025-04-02 08:32:21.360 UTC: 	 Myproxy is valid: 1888980
DEBUG 2025-04-02 08:32:21.360 UTC: 	 Result of myproxy credential check:
  Credential exists on myproxy: username: 62145c27448958522230f1583fedca774537a25d  - validity: 21 days, 20:43:00
DEBUG 2025-04-02 08:32:21.360 UTC: 	 Command use: submit
DEBUG 2025-04-02 08:32:21.360 UTC: 	 Options use: ['-c', 'crab_config_W0j_LO_5f_LEGACY.py']
DEBUG 2025-04-02 08:32:21.361 UTC: 	 Encoded data for curl request: subresource=version
DEBUG 2025-04-02 08:34:36.646 UTC: 	 CRABClient version: v3.250318
DEBUG 2025-04-02 08:34:36.647 UTC: 	 Instance is prod
DEBUG 2025-04-02 08:34:36.647 UTC: 	 Server base url is cmsweb.cern.ch
DEBUG 2025-04-02 08:34:36.647 UTC: 	 Command api workflow
DEBUG 2025-04-02 08:34:36.647 UTC: 	 Started submission
DEBUG 2025-04-02 08:34:36.647 UTC: 	 Working on /home/choij/workspace/CustomNanoGEN_CMSSW_13_0_13/src/Configuration/CustomNanoGEN/crab/crab_projects/crab_W0j_LO_5f_LEGACY
DEBUG 2025-04-02 08:34:36.647 UTC: 	 Encoded data for curl request: subresource=backendurls
DEBUG 2025-04-02 08:34:37.504 UTC: 	 Loading required information from the environment
DEBUG 2025-04-02 08:34:37.504 UTC: 	 Found CMSSW_13_0_13 for el8_amd64_gcc11 with base /home/choij/workspace/CustomNanoGEN_CMSSW_13_0_13
DEBUG 2025-04-02 08:34:37.504 UTC: 	 UNIQUE NAME: tarUUID 7eae149d-548f-4e7d-9b4f-9c19ae0e4c9f 
DEBUG 2025-04-02 08:34:37.504 UTC: 	 self.config: from WMCore.Configuration import Configuration
config = Configuration()
config.section_('General')
config.General.requestName = 'W0j_LO_5f_LEGACY'
config.General.transferOutputs = True
config.General.transferLogs = False
config.General.workArea = 'crab_projects'
config.section_('JobType')
config.JobType.allowUndistributedCMSSW = False
config.JobType.pluginName = 'PrivateMC'
config.JobType.numCores = 1
config.JobType.psetName = '../configs/Hadronizer_TuneCP5_13p6TeV_W0j_LO_5f_LEGACY_LHE_pythia8_cfg.py'
config.section_('Data')
config.Data.unitsPerJob = 5000
config.Data.outLFNDirBase = '/store/user/choij/CustomNanoGEN'
config.Data.splitting = 'EventBased'
config.Data.outputPrimaryDataset = 'Validation'
config.Data.publication = False
config.Data.totalUnits = 200000
config.Data.outputDatasetTag = 'Run3Summer23wmLHEGS'
config.section_('Site')
config.Site.storageSite = 'T3_KR_KNU'
config.section_('User')
config.section_('Debug')

DEBUG 2025-04-02 08:34:37.504 UTC: 	 self.config.JobType.psetName: ../configs/Hadronizer_TuneCP5_13p6TeV_W0j_LO_5f_LEGACY_LHE_pythia8_cfg.py
INFO 2025-04-02 08:34:37.505 UTC: 	 Importing CMSSW configuration ../configs/Hadronizer_TuneCP5_13p6TeV_W0j_LO_5f_LEGACY_LHE_pythia8_cfg.py
INFO 2025-04-02 08:34:38.191 UTC: 	 Finished importing CMSSW configuration ../configs/Hadronizer_TuneCP5_13p6TeV_W0j_LO_5f_LEGACY_LHE_pythia8_cfg.py
DEBUG 2025-04-02 08:34:38.191 UTC: 	 Writing CMSSW configuration to /home/choij/workspace/CustomNanoGEN_CMSSW_13_0_13/src/Configuration/CustomNanoGEN/crab/crab_projects/crab_W0j_LO_5f_LEGACY/inputs/PSet.py
DEBUG 2025-04-02 08:34:38.298 UTC: 	 The following EDM output files will be collected: ['NANOGEN.root']
DEBUG 2025-04-02 08:34:38.298 UTC: 	 The following TFile output files will be collected: []
DEBUG 2025-04-02 08:34:38.298 UTC: 	 The following user output files (not listed as PoolOuputModule or TFileService in the CMSSW PSet) will be collected: 
DEBUG 2025-04-02 08:34:38.298 UTC: 	 Loading required information from the environment
DEBUG 2025-04-02 08:34:38.298 UTC: 	 Found CMSSW_13_0_13 for el8_amd64_gcc11 with base /home/choij/workspace/CustomNanoGEN_CMSSW_13_0_13
DEBUG 2025-04-02 08:34:38.298 UTC: 	 Making tarball in /home/choij/workspace/CustomNanoGEN_CMSSW_13_0_13/src/Configuration/CustomNanoGEN/crab/crab_projects/crab_W0j_LO_5f_LEGACY/inputs/7eae149d-548f-4e7d-9b4f-9c19ae0e4c9fdefault.tgz
DEBUG 2025-04-02 08:34:38.298 UTC: 	 Checking directory /home/choij/workspace/CustomNanoGEN_CMSSW_13_0_13/bin
DEBUG 2025-04-02 08:34:38.298 UTC: 	 Adding directory /home/choij/workspace/CustomNanoGEN_CMSSW_13_0_13/bin to tarball
DEBUG 2025-04-02 08:34:38.300 UTC: 	 Checking directory /home/choij/workspace/CustomNanoGEN_CMSSW_13_0_13/python
DEBUG 2025-04-02 08:34:38.300 UTC: 	 Adding directory /home/choij/workspace/CustomNanoGEN_CMSSW_13_0_13/python to tarball
DEBUG 2025-04-02 08:34:38.302 UTC: 	 Checking directory /home/choij/workspace/CustomNanoGEN_CMSSW_13_0_13/cfipython
DEBUG 2025-04-02 08:34:38.302 UTC: 	 Adding directory /home/choij/workspace/CustomNanoGEN_CMSSW_13_0_13/cfipython to tarball
DEBUG 2025-04-02 08:34:38.303 UTC: 	 Checking directory /home/choij/workspace/CustomNanoGEN_CMSSW_13_0_13/lib
DEBUG 2025-04-02 08:34:38.303 UTC: 	 Adding directory /home/choij/workspace/CustomNanoGEN_CMSSW_13_0_13/lib to tarball
DEBUG 2025-04-02 08:34:38.303 UTC: 	 Checking directory /home/choij/workspace/CustomNanoGEN_CMSSW_13_0_13/biglib
DEBUG 2025-04-02 08:34:38.303 UTC: 	 Adding directory /home/choij/workspace/CustomNanoGEN_CMSSW_13_0_13/biglib to tarball
DEBUG 2025-04-02 08:34:38.304 UTC: 	 Checking directory /home/choij/workspace/CustomNanoGEN_CMSSW_13_0_13/module
DEBUG 2025-04-02 08:34:38.304 UTC: 	 Checking directory /home/choij/workspace/CustomNanoGEN_CMSSW_13_0_13/config/SCRAM/hooks
DEBUG 2025-04-02 08:34:38.304 UTC: 	 Adding directory /home/choij/workspace/CustomNanoGEN_CMSSW_13_0_13/config/SCRAM/hooks to tarball
DEBUG 2025-04-02 08:34:38.309 UTC: 	 Adding directory /home/choij/workspace/CustomNanoGEN_CMSSW_13_0_13/src/Configuration/CustomNanoGEN/python to tarball
DEBUG 2025-04-02 08:34:38.467 UTC: 	 Uploading archive /home/choij/workspace/CustomNanoGEN_CMSSW_13_0_13/src/Configuration/CustomNanoGEN/crab/crab_projects/crab_W0j_LO_5f_LEGACY/inputs/7eae149d-548f-4e7d-9b4f-9c19ae0e4c9fdefault.tgz (198 KB) to the CRAB cache. Using URI https://cmsweb.cern.ch/S3/crabcache_prod
DEBUG 2025-04-02 08:34:38.560 UTC: 	 Encoded data for curl request: subresource=upload&objecttype=sandbox&tarballname=5b285fd45824305fc4d37e4fbc5a6b6c734863e0d51f0ecbe163f68ecac7521b.tar.gz
DEBUG 2025-04-02 08:34:39.422 UTC: 	 Will execute:
curl -f -v -X POST  -H "User-Agent: CRAB" -F "key=choij/sandboxes/5b285fd45824305fc4d37e4fbc5a6b6c734863e0d51f0ecbe163f68ecac7521b.tar.gz" -F "AWSAccessKeyId=715203df6482458ba839e73e6dab634b" -F "policy=eyJleHBpcmF0aW9uIjogIjIwMjUtMDQtMDJUMDk6MzQ6MzlaIiwgImNvbmRpdGlvbnMiOiBbeyJidWNrZXQiOiAiY3JhYmNhY2hlX3Byb2QifSwgeyJrZXkiOiAiY2hvaWovc2FuZGJveGVzLzViMjg1ZmQ0NTgyNDMwNWZjNGQzN2U0ZmJjNWE2YjZjNzM0ODYzZTBkNTFmMGVjYmUxNjNmNjhlY2FjNzUyMWIudGFyLmd6In1dfQ==" -F "signature=kqW+LxRh8EUEmT3gXLnctR5LR0g=" -F "file=@/home/choij/workspace/CustomNanoGEN_CMSSW_13_0_13/src/Configuration/CustomNanoGEN/crab/crab_projects/crab_W0j_LO_5f_LEGACY/inputs/7eae149d-548f-4e7d-9b4f-9c19ae0e4c9fdefault.tgz" "https://s3.cern.ch/crabcache_prod"
DEBUG 2025-04-02 08:34:41.062 UTC: 	 exitcode: 0
stdout: b''
DEBUG 2025-04-02 08:34:41.062 UTC: 	 upload to S3 of sandbox /home/choij/workspace/CustomNanoGEN_CMSSW_13_0_13/src/Configuration/CustomNanoGEN/crab/crab_projects/crab_W0j_LO_5f_LEGACY/inputs/7eae149d-548f-4e7d-9b4f-9c19ae0e4c9fdefault.tgz completed
DEBUG 2025-04-02 08:34:41.062 UTC: 	 make sure that object is ready for retrieve
DEBUG 2025-04-02 08:34:42.063 UTC: 	 Encoded data for curl request: subresource=download&objecttype=sandbox&tarballname=5b285fd45824305fc4d37e4fbc5a6b6c734863e0d51f0ecbe163f68ecac7521b.tar.gz&clientmethod=head_object
DEBUG 2025-04-02 08:34:42.893 UTC: 	 PreSignedUrl to download sandbox received OK
DEBUG 2025-04-02 08:34:42.897 UTC: 	 Will execute:
 curl -v -s -f -o /dev/null --head  "https://s3.cern.ch/crabcache_prod/choij/sandboxes/5b285fd45824305fc4d37e4fbc5a6b6c734863e0d51f0ecbe163f68ecac7521b.tar.gz?AWSAccessKeyId=715203df6482458ba839e73e6dab634b&Signature=IwIzRE1ryFHyTdF8sG9hL94USW8%3D&Expires=1743586482"
DEBUG 2025-04-02 08:34:43.723 UTC: 	 exitcode: 0
stdout: b''
DEBUG 2025-04-02 08:34:43.723 UTC: 	 sandbox /home/choij/workspace/CustomNanoGEN_CMSSW_13_0_13/src/Configuration/CustomNanoGEN/crab/crab_projects/crab_W0j_LO_5f_LEGACY/inputs/7eae149d-548f-4e7d-9b4f-9c19ae0e4c9fdefault.tgz successfully uploaded to S3
DEBUG 2025-04-02 08:34:43.723 UTC: 	 Loading required information from the environment
DEBUG 2025-04-02 08:34:43.723 UTC: 	 Found CMSSW_13_0_13 for el8_amd64_gcc11 with base /home/choij/workspace/CustomNanoGEN_CMSSW_13_0_13
DEBUG 2025-04-02 08:34:43.723 UTC: 	 Making tarball in /home/choij/workspace/CustomNanoGEN_CMSSW_13_0_13/src/Configuration/CustomNanoGEN/crab/crab_projects/crab_W0j_LO_5f_LEGACY/inputs/debugFiles.tgz
DEBUG 2025-04-02 08:34:43.726 UTC: 	 Uploading archive /home/choij/workspace/CustomNanoGEN_CMSSW_13_0_13/src/Configuration/CustomNanoGEN/crab/crab_projects/crab_W0j_LO_5f_LEGACY/inputs/debugFiles.tgz (3 KB) to the CRAB cache. Using URI https://cmsweb.cern.ch/S3/crabcache_prod
DEBUG 2025-04-02 08:34:43.727 UTC: 	 Encoded data for curl request: subresource=upload&objecttype=sandbox&tarballname=41bb66ce9b05d1ad83786ee1e78164a32e32fb6387e94b06e54496386ed492e4.tar.gz
DEBUG 2025-04-02 08:34:44.582 UTC: 	 Will execute:
curl -f -v -X POST  -H "User-Agent: CRAB" -F "key=choij/sandboxes/41bb66ce9b05d1ad83786ee1e78164a32e32fb6387e94b06e54496386ed492e4.tar.gz" -F "AWSAccessKeyId=715203df6482458ba839e73e6dab634b" -F "policy=eyJleHBpcmF0aW9uIjogIjIwMjUtMDQtMDJUMDk6MzQ6NDRaIiwgImNvbmRpdGlvbnMiOiBbeyJidWNrZXQiOiAiY3JhYmNhY2hlX3Byb2QifSwgeyJrZXkiOiAiY2hvaWovc2FuZGJveGVzLzQxYmI2NmNlOWIwNWQxYWQ4Mzc4NmVlMWU3ODE2NGEzMmUzMmZiNjM4N2U5NGIwNmU1NDQ5NjM4NmVkNDkyZTQudGFyLmd6In1dfQ==" -F "signature=R8jILIKl20RRJisGkREI4BfA+Mg=" -F "file=@/home/choij/workspace/CustomNanoGEN_CMSSW_13_0_13/src/Configuration/CustomNanoGEN/crab/crab_projects/crab_W0j_LO_5f_LEGACY/inputs/debugFiles.tgz" "https://s3.cern.ch/crabcache_prod"
DEBUG 2025-04-02 08:34:45.438 UTC: 	 exitcode: 0
stdout: b''
DEBUG 2025-04-02 08:34:45.438 UTC: 	 upload to S3 of sandbox /home/choij/workspace/CustomNanoGEN_CMSSW_13_0_13/src/Configuration/CustomNanoGEN/crab/crab_projects/crab_W0j_LO_5f_LEGACY/inputs/debugFiles.tgz completed
DEBUG 2025-04-02 08:34:45.438 UTC: 	 make sure that object is ready for retrieve
DEBUG 2025-04-02 08:34:46.439 UTC: 	 Encoded data for curl request: subresource=download&objecttype=sandbox&tarballname=41bb66ce9b05d1ad83786ee1e78164a32e32fb6387e94b06e54496386ed492e4.tar.gz&clientmethod=head_object
DEBUG 2025-04-02 08:37:00.004 UTC: 	 PreSignedUrl to download sandbox received OK
DEBUG 2025-04-02 08:37:00.008 UTC: 	 Will execute:
 curl -v -s -f -o /dev/null --head  "https://s3.cern.ch/crabcache_prod/choij/sandboxes/41bb66ce9b05d1ad83786ee1e78164a32e32fb6387e94b06e54496386ed492e4.tar.gz?AWSAccessKeyId=715203df6482458ba839e73e6dab634b&Signature=%2FDh19gKI8tLyoEWrZLWV%2FmfSMtc%3D&Expires=1743586619"
DEBUG 2025-04-02 08:37:00.825 UTC: 	 exitcode: 0
stdout: b''
DEBUG 2025-04-02 08:37:00.825 UTC: 	 sandbox /home/choij/workspace/CustomNanoGEN_CMSSW_13_0_13/src/Configuration/CustomNanoGEN/crab/crab_projects/crab_W0j_LO_5f_LEGACY/inputs/debugFiles.tgz successfully uploaded to S3
DEBUG 2025-04-02 08:37:00.825 UTC: 	 Result uploading input files: 5b285fd45824305fc4d37e4fbc5a6b6c734863e0d51f0ecbe163f68ecac7521b.tar.gz 
DEBUG 2025-04-02 08:37:00.826 UTC: 	 submit() - self.configuration from WMCore.Configuration import Configuration
config = Configuration()
config.section_('General')
config.General.requestName = 'W0j_LO_5f_LEGACY'
config.General.transferOutputs = True
config.General.transferLogs = False
config.General.workArea = 'crab_projects'
config.section_('JobType')
config.JobType.allowUndistributedCMSSW = False
config.JobType.pluginName = 'PrivateMC'
config.JobType.numCores = 1
config.JobType.psetName = '../configs/Hadronizer_TuneCP5_13p6TeV_W0j_LO_5f_LEGACY_LHE_pythia8_cfg.py'
config.section_('Data')
config.Data.unitsPerJob = 5000
config.Data.outLFNDirBase = '/store/user/choij/CustomNanoGEN'
config.Data.splitting = 'EventBased'
config.Data.outputPrimaryDataset = 'Validation'
config.Data.publication = False
config.Data.totalUnits = 200000
config.Data.outputDatasetTag = 'Run3Summer23wmLHEGS'
config.section_('Site')
config.Site.storageSite = 'T3_KR_KNU'
config.section_('User')
config.section_('Debug')

DEBUG 2025-04-02 08:37:00.826 UTC: 	 submit() - self.configreq {'dryrun': 0, 'workflow': 'crab_W0j_LO_5f_LEGACY', 'saveoutput': 1, 'savelogsflag': 0, 'primarydataset': 'Validation', 'nonvaliddata': 0, 'userfiles': [], 'dbsurl': 'https://cmsweb.cern.ch/dbs/prod/global/DBSReader', 'useparent': 0, 'ignorelocality': 0, 'splitalgo': 'EventBased', 'algoargs': 5000, 'totalunits': 200000, 'lfn': '/store/user/choij/CustomNanoGEN', 'publication': 0, 'publishdbsurl': 'https://cmsweb.cern.ch/dbs/prod/phys03/DBSWriter', 'publishname2': 'Run3Summer23wmLHEGS', 'jobtype': 'PrivateMC', 'generator': 'pythia', 'addoutputfiles': [], 'maxjobruntime': 1250, 'numcores': 1, 'maxmemory': 2000, 'priority': 10, 'nonprodsw': 0, 'asyncdest': 'T3_KR_KNU', 'requireaccelerator': 0, 'oneEventMode': 0, 'extrajdl': [], 'ignoreglobalblacklist': 0, 'partialdataset': 0, 'inputblocks': []}
DEBUG 2025-04-02 08:37:00.826 UTC: 	 submit() - jobconfig {'addoutputfiles': [], 'tfileoutfiles': [], 'edmoutfiles': ['NANOGEN.root'], 'jobarch': 'el8_amd64_gcc11', 'jobminuarch': 'any', 'jobsw': 'CMSSW_13_0_13', 'cacheurl': 'https://cmsweb.cern.ch/S3/crabcache_prod', 'cachefilename': '5b285fd45824305fc4d37e4fbc5a6b6c734863e0d51f0ecbe163f68ecac7521b.tar.gz', 'debugfilename': '41bb66ce9b05d1ad83786ee1e78164a32e32fb6387e94b06e54496386ed492e4.tar.gz', 'jobtype': 'PrivateMC', 'primarydataset': 'Validation'}
INFO 2025-04-02 08:37:00.826 UTC: 	 Sending the request to the server at cmsweb.cern.ch
DEBUG 2025-04-02 08:37:00.826 UTC: 	 Submitting {'dryrun': 0, 'workflow': 'crab_W0j_LO_5f_LEGACY', 'saveoutput': 1, 'savelogsflag': 0, 'primarydataset': 'Validation', 'nonvaliddata': 0, 'userfiles': [], 'dbsurl': 'https://cmsweb.cern.ch/dbs/prod/global/DBSReader', 'useparent': 0, 'ignorelocality': 0, 'splitalgo': 'EventBased', 'algoargs': 5000, 'totalunits': 200000, 'lfn': '/store/user/choij/CustomNanoGEN', 'publication': 0, 'publishdbsurl': 'https://cmsweb.cern.ch/dbs/prod/phys03/DBSWriter', 'publishname2': 'Run3Summer23wmLHEGS', 'jobtype': 'PrivateMC', 'generator': 'pythia', 'addoutputfiles': [], 'maxjobruntime': 1250, 'numcores': 1, 'maxmemory': 2000, 'priority': 10, 'nonprodsw': 0, 'asyncdest': 'T3_KR_KNU', 'requireaccelerator': 0, 'oneEventMode': 0, 'extrajdl': [], 'ignoreglobalblacklist': 0, 'partialdataset': 0, 'inputblocks': [], 'tfileoutfiles': [], 'edmoutfiles': ['NANOGEN.root'], 'jobarch': 'el8_amd64_gcc11', 'jobminuarch': 'any', 'jobsw': 'CMSSW_13_0_13', 'cacheurl': 'https://cmsweb.cern.ch/S3/crabcache_prod', 'cachefilename': '5b285fd45824305fc4d37e4fbc5a6b6c734863e0d51f0ecbe163f68ecac7521b.tar.gz', 'debugfilename': '41bb66ce9b05d1ad83786ee1e78164a32e32fb6387e94b06e54496386ed492e4.tar.gz'} 
DEBUG 2025-04-02 08:37:00.826 UTC: 	 Encoded data for curl request: dryrun=0&workflow=crab_W0j_LO_5f_LEGACY&saveoutput=1&savelogsflag=0&primarydataset=Validation&nonvaliddata=0&dbsurl=https%3A%2F%2Fcmsweb.cern.ch%2Fdbs%2Fprod%2Fglobal%2FDBSReader&useparent=0&ignorelocality=0&splitalgo=EventBased&algoargs=5000&totalunits=200000&lfn=%2Fstore%2Fuser%2Fchoij%2FCustomNanoGEN&publication=0&publishdbsurl=https%3A%2F%2Fcmsweb.cern.ch%2Fdbs%2Fprod%2Fphys03%2FDBSWriter&publishname2=Run3Summer23wmLHEGS&jobtype=PrivateMC&generator=pythia&maxjobruntime=1250&numcores=1&maxmemory=2000&priority=10&nonprodsw=0&asyncdest=T3_KR_KNU&requireaccelerator=0&oneEventMode=0&ignoreglobalblacklist=0&partialdataset=0&jobarch=el8_amd64_gcc11&jobminuarch=any&jobsw=CMSSW_13_0_13&cacheurl=https%3A%2F%2Fcmsweb.cern.ch%2FS3%2Fcrabcache_prod&cachefilename=5b285fd45824305fc4d37e4fbc5a6b6c734863e0d51f0ecbe163f68ecac7521b.tar.gz&debugfilename=41bb66ce9b05d1ad83786ee1e78164a32e32fb6387e94b06e54496386ed492e4.tar.gz&edmoutfiles=NANOGEN.root
DEBUG 2025-04-02 08:37:01.967 UTC: 	 Result: {'result': [{'RequestName': '250402_083701:choij_crab_W0j_LO_5f_LEGACY'}]}
INFO 2025-04-02 08:37:01.967 UTC: 	 Success: Your task has been delivered to the prod CRAB3 server.
INFO 2025-04-02 08:37:01.967 UTC: 	 Task name: 250402_083701:choij_crab_W0j_LO_5f_LEGACY
INFO 2025-04-02 08:37:01.967 UTC: 	 Project dir: crab_projects/crab_W0j_LO_5f_LEGACY
INFO 2025-04-02 08:37:01.967 UTC: 	 Please use ' crab status -d crab_projects/crab_W0j_LO_5f_LEGACY ' to check how the submission process proceeds.
DEBUG 2025-04-02 08:37:01.967 UTC: 	 About to return
INFO 2025-04-02 08:37:01.969 UTC: 	 Log file is /home/choij/workspace/CustomNanoGEN_CMSSW_13_0_13/src/Configuration/CustomNanoGEN/crab/crab_projects/crab_W0j_LO_5f_LEGACY/crab.log
