DEBUG 2025-04-02 11:50:49.049 UTC: 	 CRAB Client version: v3.250318
DEBUG 2025-04-02 11:50:49.049 UTC: 	 Running on: Linux private-snu 6.13.8-200.fc41.x86_64 #1 SMP PREEMPT_DYNAMIC Sun Mar 23 05:03:09 UTC 2025 x86_64 x86_64 x86_64 GNU/Linux
DEBUG 2025-04-02 11:50:49.049 UTC: 	 Using SINGULARITY image: private-el9.sif
DEBUG 2025-04-02 11:50:49.049 UTC: 	 Operating System: AlmaLinux 9.5 (Teal Serval)
DEBUG 2025-04-02 11:50:49.049 UTC: 	 Executing command: 'submit'
DEBUG 2025-04-02 11:50:49.049 UTC: 	 Found CRAB cache file /home/choij/.crab3
INFO 2025-04-02 11:50:49.050 UTC: 	 Will use CRAB configuration file crab_config_DY2j_LO_5f_CPPNONE.py
DEBUG 2025-04-02 11:50:49.050 UTC: 	 Loading CRAB configuration file.
DEBUG 2025-04-02 11:50:58.043 UTC: 	 Will use CRAB plugin PRIVATEMC (i.e. will run an a MC generation job type).
DEBUG 2025-04-02 11:50:58.044 UTC: 	 Checking credentials
DEBUG 2025-04-02 11:50:58.044 UTC: 	 Found proxy file /tmp/x509up_u1000
DEBUG 2025-04-02 11:50:58.044 UTC: 	 Making sure it has proper VOMS extension
DEBUG 2025-04-02 11:50:58.044 UTC: 	 Executing command :
 voms-proxy-info --vo --file /tmp/x509up_u1000
DEBUG 2025-04-02 11:50:58.392 UTC: 	 output : cms

 error: 
 retcode : 0
DEBUG 2025-04-02 11:50:58.392 UTC: 	 Getting proxy life time left
DEBUG 2025-04-02 11:50:58.392 UTC: 	 Executing command :
 voms-proxy-info --actimeleft --timeleft --file /tmp/x509up_u1000
DEBUG 2025-04-02 11:50:58.705 UTC: 	 output : 582011
582011

 error: 
 retcode : 0
DEBUG 2025-04-02 11:50:58.705 UTC: 	 Proxy valid for 161:40:11 hours
DEBUG 2025-04-02 11:50:58.705 UTC: 	 Encoded data for curl request: subresource=delegatedn
DEBUG 2025-04-02 11:50:59.538 UTC: 	 Registering user credentials on myproxy for /DC=ch/DC=cern/OU=computers/CN=crab-(preprod|prod)-tw(01|02).cern.ch|/DC=ch/DC=cern/OU=computers/CN=crab-dev-tw(01|02|03|04).cern.ch|/DC=ch/DC=cern/OU=Organic Units/OU=Users/CN=cmscrab/CN=(817881|373708)/CN=Robot: cms crab|/DC=ch/DC=cern/OU=Organic Units/OU=Users/CN=crabint1/CN=373708/CN=Robot: CMS CRAB Integration 1
DEBUG 2025-04-02 11:50:59.538 UTC: 	 Executing command :
 voms-proxy-info --identity --file /tmp/x509up_u1000
DEBUG 2025-04-02 11:50:59.849 UTC: 	 output : /DC=ch/DC=cern/OU=Organic Units/OU=Users/CN=choij/CN=841389/CN=Jin Choi

 error: 
 retcode : 0
DEBUG 2025-04-02 11:50:59.849 UTC: 	 Getting myproxy life time left for 62145c27448958522230f1583fedca774537a25d
DEBUG 2025-04-02 11:50:59.849 UTC: 	 Executing command :
 myproxy-info -s myproxy.cern.ch -l 62145c27448958522230f1583fedca774537a25d
DEBUG 2025-04-02 11:51:02.677 UTC: 	 output : username: 62145c27448958522230f1583fedca774537a25d
owner: /DC=ch/DC=cern/OU=Organic Units/OU=Users/CN=choij/CN=841389/CN=Jin Choi
  renewal policy: /DC=ch/DC=cern/OU=computers/CN=crab-(preprod|prod)-tw(01|02).cern.ch|/DC=ch/DC=cern/OU=computers/CN=crab-dev-tw(01|02|03|04).cern.ch|/DC=ch/DC=cern/OU=Organic Units/OU=Users/CN=cmscrab/CN=(817881|373708)/CN=Robot: cms crab|/DC=ch/DC=cern/OU=Organic Units/OU=Users/CN=crabint1/CN=373708/CN=Robot: CMS CRAB Integration 1
  trusted retrieval policy: /DC=ch/DC=cern/OU=computers/CN=crab-(preprod|prod)-tw(01|02).cern.ch|/DC=ch/DC=cern/OU=computers/CN=crab-dev-tw(01|02|03|04).cern.ch|/DC=ch/DC=cern/OU=Organic Units/OU=Users/CN=cmscrab/CN=(817881|373708)/CN=Robot: cms crab|/DC=ch/DC=cern/OU=Organic Units/OU=Users/CN=crabint1/CN=373708/CN=Robot: CMS CRAB Integration 1
  timeleft: 521:25:02  (21.7 days)

 error: 
 retcode : 0
DEBUG 2025-04-02 11:51:02.677 UTC: 	 Myproxy is valid: 1877100
DEBUG 2025-04-02 11:51:02.677 UTC: 	 Result of myproxy credential check:
  Credential exists on myproxy: username: 62145c27448958522230f1583fedca774537a25d  - validity: 21 days, 17:25:00
DEBUG 2025-04-02 11:51:02.677 UTC: 	 Command use: submit
DEBUG 2025-04-02 11:51:02.677 UTC: 	 Options use: ['-c', 'crab_config_DY2j_LO_5f_CPPNONE.py']
DEBUG 2025-04-02 11:51:02.677 UTC: 	 Encoded data for curl request: subresource=version
DEBUG 2025-04-02 11:51:03.505 UTC: 	 CRABClient version: v3.250318
DEBUG 2025-04-02 11:51:03.505 UTC: 	 Instance is prod
DEBUG 2025-04-02 11:51:03.505 UTC: 	 Server base url is cmsweb.cern.ch
DEBUG 2025-04-02 11:51:03.505 UTC: 	 Command api workflow
DEBUG 2025-04-02 11:51:03.505 UTC: 	 Started submission
DEBUG 2025-04-02 11:51:03.505 UTC: 	 Working on /home/choij/workspace/CustomNanoGEN_CMSSW_13_0_13/src/Configuration/CustomNanoGEN/crab/crab_projects/crab_DY2j_LO_5f_CPPNONE
DEBUG 2025-04-02 11:51:03.505 UTC: 	 Encoded data for curl request: subresource=backendurls
DEBUG 2025-04-02 11:51:04.353 UTC: 	 Loading required information from the environment
DEBUG 2025-04-02 11:51:04.353 UTC: 	 Found CMSSW_13_0_13 for el9_amd64_gcc11 with base /home/choij/workspace/CustomNanoGEN_CMSSW_13_0_13
DEBUG 2025-04-02 11:51:04.353 UTC: 	 UNIQUE NAME: tarUUID 684e87cb-f58b-4fb0-9de2-820dba70e924 
DEBUG 2025-04-02 11:51:04.353 UTC: 	 self.config: from WMCore.Configuration import Configuration
config = Configuration()
config.section_('General')
config.General.transferLogs = False
config.General.workArea = 'crab_projects'
config.General.requestName = 'DY2j_LO_5f_CPPNONE'
config.General.transferOutputs = True
config.section_('JobType')
config.JobType.maxMemoryMB = 5000
config.JobType.psetName = '../configs/Hadronizer_TuneCP5_13p6TeV_DY2j_LO_5f_CPPNONE_LHE_pythia8_cfg.py'
config.JobType.numCores = 1
config.JobType.allowUndistributedCMSSW = False
config.JobType.pluginName = 'PrivateMC'
config.section_('Data')
config.Data.outLFNDirBase = '/store/user/choij/MG4GPU/Validation'
config.Data.splitting = 'EventBased'
config.Data.outputPrimaryDataset = 'DY2j_LO_5f_CPPNONE'
config.Data.publication = False
config.Data.totalUnits = 160000
config.Data.unitsPerJob = 4000
config.Data.outputDatasetTag = 'Run3Summer23wmLHEGS'
config.section_('Site')
config.Site.storageSite = 'T3_KR_KNU'
config.section_('User')
config.section_('Debug')

DEBUG 2025-04-02 11:51:04.353 UTC: 	 self.config.JobType.psetName: ../configs/Hadronizer_TuneCP5_13p6TeV_DY2j_LO_5f_CPPNONE_LHE_pythia8_cfg.py
INFO 2025-04-02 11:51:04.354 UTC: 	 Importing CMSSW configuration ../configs/Hadronizer_TuneCP5_13p6TeV_DY2j_LO_5f_CPPNONE_LHE_pythia8_cfg.py
INFO 2025-04-02 11:51:05.072 UTC: 	 Finished importing CMSSW configuration ../configs/Hadronizer_TuneCP5_13p6TeV_DY2j_LO_5f_CPPNONE_LHE_pythia8_cfg.py
DEBUG 2025-04-02 11:51:05.072 UTC: 	 Writing CMSSW configuration to /home/choij/workspace/CustomNanoGEN_CMSSW_13_0_13/src/Configuration/CustomNanoGEN/crab/crab_projects/crab_DY2j_LO_5f_CPPNONE/inputs/PSet.py
DEBUG 2025-04-02 11:51:05.182 UTC: 	 The following EDM output files will be collected: ['NANOGEN.root']
DEBUG 2025-04-02 11:51:05.182 UTC: 	 The following TFile output files will be collected: []
DEBUG 2025-04-02 11:51:05.182 UTC: 	 The following user output files (not listed as PoolOuputModule or TFileService in the CMSSW PSet) will be collected: 
DEBUG 2025-04-02 11:51:05.182 UTC: 	 Loading required information from the environment
DEBUG 2025-04-02 11:51:05.182 UTC: 	 Found CMSSW_13_0_13 for el9_amd64_gcc11 with base /home/choij/workspace/CustomNanoGEN_CMSSW_13_0_13
DEBUG 2025-04-02 11:51:05.182 UTC: 	 Making tarball in /home/choij/workspace/CustomNanoGEN_CMSSW_13_0_13/src/Configuration/CustomNanoGEN/crab/crab_projects/crab_DY2j_LO_5f_CPPNONE/inputs/684e87cb-f58b-4fb0-9de2-820dba70e924default.tgz
DEBUG 2025-04-02 11:51:05.182 UTC: 	 Checking directory /home/choij/workspace/CustomNanoGEN_CMSSW_13_0_13/bin
DEBUG 2025-04-02 11:51:05.182 UTC: 	 Adding directory /home/choij/workspace/CustomNanoGEN_CMSSW_13_0_13/bin to tarball
DEBUG 2025-04-02 11:51:05.184 UTC: 	 Checking directory /home/choij/workspace/CustomNanoGEN_CMSSW_13_0_13/python
DEBUG 2025-04-02 11:51:05.184 UTC: 	 Adding directory /home/choij/workspace/CustomNanoGEN_CMSSW_13_0_13/python to tarball
DEBUG 2025-04-02 11:51:05.186 UTC: 	 Checking directory /home/choij/workspace/CustomNanoGEN_CMSSW_13_0_13/cfipython
DEBUG 2025-04-02 11:51:05.186 UTC: 	 Adding directory /home/choij/workspace/CustomNanoGEN_CMSSW_13_0_13/cfipython to tarball
DEBUG 2025-04-02 11:51:05.187 UTC: 	 Checking directory /home/choij/workspace/CustomNanoGEN_CMSSW_13_0_13/lib
DEBUG 2025-04-02 11:51:05.187 UTC: 	 Adding directory /home/choij/workspace/CustomNanoGEN_CMSSW_13_0_13/lib to tarball
DEBUG 2025-04-02 11:51:05.187 UTC: 	 Checking directory /home/choij/workspace/CustomNanoGEN_CMSSW_13_0_13/biglib
DEBUG 2025-04-02 11:51:05.187 UTC: 	 Adding directory /home/choij/workspace/CustomNanoGEN_CMSSW_13_0_13/biglib to tarball
DEBUG 2025-04-02 11:51:05.188 UTC: 	 Checking directory /home/choij/workspace/CustomNanoGEN_CMSSW_13_0_13/module
DEBUG 2025-04-02 11:51:05.188 UTC: 	 Checking directory /home/choij/workspace/CustomNanoGEN_CMSSW_13_0_13/config/SCRAM/hooks
DEBUG 2025-04-02 11:51:05.188 UTC: 	 Adding directory /home/choij/workspace/CustomNanoGEN_CMSSW_13_0_13/config/SCRAM/hooks to tarball
DEBUG 2025-04-02 11:51:05.192 UTC: 	 Adding directory /home/choij/workspace/CustomNanoGEN_CMSSW_13_0_13/src/Configuration/CustomNanoGEN/python to tarball
DEBUG 2025-04-02 11:51:05.347 UTC: 	 Uploading archive /home/choij/workspace/CustomNanoGEN_CMSSW_13_0_13/src/Configuration/CustomNanoGEN/crab/crab_projects/crab_DY2j_LO_5f_CPPNONE/inputs/684e87cb-f58b-4fb0-9de2-820dba70e924default.tgz (198 KB) to the CRAB cache. Using URI https://cmsweb.cern.ch/S3/crabcache_prod
DEBUG 2025-04-02 11:51:05.441 UTC: 	 Encoded data for curl request: subresource=upload&objecttype=sandbox&tarballname=b310cf45b3eb080850e4c333c8324dc863d67cc18135cdf54f60db6b52652236.tar.gz
DEBUG 2025-04-02 11:51:06.291 UTC: 	 Will execute:
curl -f -v -X POST  -H "User-Agent: CRAB" -F "key=choij/sandboxes/b310cf45b3eb080850e4c333c8324dc863d67cc18135cdf54f60db6b52652236.tar.gz" -F "AWSAccessKeyId=715203df6482458ba839e73e6dab634b" -F "policy=eyJleHBpcmF0aW9uIjogIjIwMjUtMDQtMDJUMTI6NTE6MDZaIiwgImNvbmRpdGlvbnMiOiBbeyJidWNrZXQiOiAiY3JhYmNhY2hlX3Byb2QifSwgeyJrZXkiOiAiY2hvaWovc2FuZGJveGVzL2IzMTBjZjQ1YjNlYjA4MDg1MGU0YzMzM2M4MzI0ZGM4NjNkNjdjYzE4MTM1Y2RmNTRmNjBkYjZiNTI2NTIyMzYudGFyLmd6In1dfQ==" -F "signature=jWGV8pLEtBIfqM2QqTc+0WVpD3M=" -F "file=@/home/choij/workspace/CustomNanoGEN_CMSSW_13_0_13/src/Configuration/CustomNanoGEN/crab/crab_projects/crab_DY2j_LO_5f_CPPNONE/inputs/684e87cb-f58b-4fb0-9de2-820dba70e924default.tgz" "https://s3.cern.ch/crabcache_prod"
DEBUG 2025-04-02 11:51:08.039 UTC: 	 exitcode: 0
stdout: b''
DEBUG 2025-04-02 11:51:08.039 UTC: 	 upload to S3 of sandbox /home/choij/workspace/CustomNanoGEN_CMSSW_13_0_13/src/Configuration/CustomNanoGEN/crab/crab_projects/crab_DY2j_LO_5f_CPPNONE/inputs/684e87cb-f58b-4fb0-9de2-820dba70e924default.tgz completed
DEBUG 2025-04-02 11:51:08.039 UTC: 	 make sure that object is ready for retrieve
DEBUG 2025-04-02 11:51:09.040 UTC: 	 Encoded data for curl request: subresource=download&objecttype=sandbox&tarballname=b310cf45b3eb080850e4c333c8324dc863d67cc18135cdf54f60db6b52652236.tar.gz&clientmethod=head_object
DEBUG 2025-04-02 11:53:24.204 UTC: 	 PreSignedUrl to download sandbox received OK
DEBUG 2025-04-02 11:53:24.207 UTC: 	 Will execute:
 curl -v -s -f -o /dev/null --head  "https://s3.cern.ch/crabcache_prod/choij/sandboxes/b310cf45b3eb080850e4c333c8324dc863d67cc18135cdf54f60db6b52652236.tar.gz?AWSAccessKeyId=715203df6482458ba839e73e6dab634b&Signature=nK0fPCuN9BWGLU3zb6%2BjTTSv%2BXQ%3D&Expires=1743598404"
DEBUG 2025-04-02 11:53:25.023 UTC: 	 exitcode: 0
stdout: b''
DEBUG 2025-04-02 11:53:25.023 UTC: 	 sandbox /home/choij/workspace/CustomNanoGEN_CMSSW_13_0_13/src/Configuration/CustomNanoGEN/crab/crab_projects/crab_DY2j_LO_5f_CPPNONE/inputs/684e87cb-f58b-4fb0-9de2-820dba70e924default.tgz successfully uploaded to S3
DEBUG 2025-04-02 11:53:25.023 UTC: 	 Loading required information from the environment
DEBUG 2025-04-02 11:53:25.023 UTC: 	 Found CMSSW_13_0_13 for el9_amd64_gcc11 with base /home/choij/workspace/CustomNanoGEN_CMSSW_13_0_13
DEBUG 2025-04-02 11:53:25.023 UTC: 	 Making tarball in /home/choij/workspace/CustomNanoGEN_CMSSW_13_0_13/src/Configuration/CustomNanoGEN/crab/crab_projects/crab_DY2j_LO_5f_CPPNONE/inputs/debugFiles.tgz
DEBUG 2025-04-02 11:53:25.026 UTC: 	 Uploading archive /home/choij/workspace/CustomNanoGEN_CMSSW_13_0_13/src/Configuration/CustomNanoGEN/crab/crab_projects/crab_DY2j_LO_5f_CPPNONE/inputs/debugFiles.tgz (3 KB) to the CRAB cache. Using URI https://cmsweb.cern.ch/S3/crabcache_prod
DEBUG 2025-04-02 11:53:25.027 UTC: 	 Encoded data for curl request: subresource=upload&objecttype=sandbox&tarballname=9e5b3262cd265f40c0c02d29c689cf4c4aef29318d46efaa3496300c6fb8cb9d.tar.gz
DEBUG 2025-04-02 11:53:25.859 UTC: 	 Will execute:
curl -f -v -X POST  -H "User-Agent: CRAB" -F "key=choij/sandboxes/9e5b3262cd265f40c0c02d29c689cf4c4aef29318d46efaa3496300c6fb8cb9d.tar.gz" -F "AWSAccessKeyId=715203df6482458ba839e73e6dab634b" -F "policy=eyJleHBpcmF0aW9uIjogIjIwMjUtMDQtMDJUMTI6NTM6MjVaIiwgImNvbmRpdGlvbnMiOiBbeyJidWNrZXQiOiAiY3JhYmNhY2hlX3Byb2QifSwgeyJrZXkiOiAiY2hvaWovc2FuZGJveGVzLzllNWIzMjYyY2QyNjVmNDBjMGMwMmQyOWM2ODljZjRjNGFlZjI5MzE4ZDQ2ZWZhYTM0OTYzMDBjNmZiOGNiOWQudGFyLmd6In1dfQ==" -F "signature=POEqwX8bzogs+jn5xZCqNbjJCpY=" -F "file=@/home/choij/workspace/CustomNanoGEN_CMSSW_13_0_13/src/Configuration/CustomNanoGEN/crab/crab_projects/crab_DY2j_LO_5f_CPPNONE/inputs/debugFiles.tgz" "https://s3.cern.ch/crabcache_prod"
DEBUG 2025-04-02 11:53:26.762 UTC: 	 exitcode: 0
stdout: b''
DEBUG 2025-04-02 11:53:26.762 UTC: 	 upload to S3 of sandbox /home/choij/workspace/CustomNanoGEN_CMSSW_13_0_13/src/Configuration/CustomNanoGEN/crab/crab_projects/crab_DY2j_LO_5f_CPPNONE/inputs/debugFiles.tgz completed
DEBUG 2025-04-02 11:53:26.762 UTC: 	 make sure that object is ready for retrieve
DEBUG 2025-04-02 11:53:27.763 UTC: 	 Encoded data for curl request: subresource=download&objecttype=sandbox&tarballname=9e5b3262cd265f40c0c02d29c689cf4c4aef29318d46efaa3496300c6fb8cb9d.tar.gz&clientmethod=head_object
DEBUG 2025-04-02 11:53:28.594 UTC: 	 PreSignedUrl to download sandbox received OK
DEBUG 2025-04-02 11:53:28.597 UTC: 	 Will execute:
 curl -v -s -f -o /dev/null --head  "https://s3.cern.ch/crabcache_prod/choij/sandboxes/9e5b3262cd265f40c0c02d29c689cf4c4aef29318d46efaa3496300c6fb8cb9d.tar.gz?AWSAccessKeyId=715203df6482458ba839e73e6dab634b&Signature=Do9lWkWs7gmRszY1upPWASJlvfY%3D&Expires=1743598408"
DEBUG 2025-04-02 11:53:29.408 UTC: 	 exitcode: 0
stdout: b''
DEBUG 2025-04-02 11:53:29.408 UTC: 	 sandbox /home/choij/workspace/CustomNanoGEN_CMSSW_13_0_13/src/Configuration/CustomNanoGEN/crab/crab_projects/crab_DY2j_LO_5f_CPPNONE/inputs/debugFiles.tgz successfully uploaded to S3
DEBUG 2025-04-02 11:53:29.408 UTC: 	 Result uploading input files: b310cf45b3eb080850e4c333c8324dc863d67cc18135cdf54f60db6b52652236.tar.gz 
DEBUG 2025-04-02 11:53:29.408 UTC: 	 submit() - self.configuration from WMCore.Configuration import Configuration
config = Configuration()
config.section_('General')
config.General.transferLogs = False
config.General.workArea = 'crab_projects'
config.General.requestName = 'DY2j_LO_5f_CPPNONE'
config.General.transferOutputs = True
config.section_('JobType')
config.JobType.maxMemoryMB = 5000
config.JobType.psetName = '../configs/Hadronizer_TuneCP5_13p6TeV_DY2j_LO_5f_CPPNONE_LHE_pythia8_cfg.py'
config.JobType.numCores = 1
config.JobType.allowUndistributedCMSSW = False
config.JobType.pluginName = 'PrivateMC'
config.section_('Data')
config.Data.outLFNDirBase = '/store/user/choij/MG4GPU/Validation'
config.Data.splitting = 'EventBased'
config.Data.outputPrimaryDataset = 'DY2j_LO_5f_CPPNONE'
config.Data.publication = False
config.Data.totalUnits = 160000
config.Data.unitsPerJob = 4000
config.Data.outputDatasetTag = 'Run3Summer23wmLHEGS'
config.section_('Site')
config.Site.storageSite = 'T3_KR_KNU'
config.section_('User')
config.section_('Debug')

DEBUG 2025-04-02 11:53:29.408 UTC: 	 submit() - self.configreq {'dryrun': 0, 'workflow': 'crab_DY2j_LO_5f_CPPNONE', 'saveoutput': 1, 'savelogsflag': 0, 'primarydataset': 'DY2j_LO_5f_CPPNONE', 'nonvaliddata': 0, 'userfiles': [], 'dbsurl': 'https://cmsweb.cern.ch/dbs/prod/global/DBSReader', 'useparent': 0, 'ignorelocality': 0, 'splitalgo': 'EventBased', 'algoargs': 4000, 'totalunits': 160000, 'lfn': '/store/user/choij/MG4GPU/Validation', 'publication': 0, 'publishdbsurl': 'https://cmsweb.cern.ch/dbs/prod/phys03/DBSWriter', 'publishname2': 'Run3Summer23wmLHEGS', 'jobtype': 'PrivateMC', 'generator': 'pythia', 'addoutputfiles': [], 'maxjobruntime': 1250, 'numcores': 1, 'maxmemory': 5000, 'priority': 10, 'nonprodsw': 0, 'asyncdest': 'T3_KR_KNU', 'requireaccelerator': 0, 'oneEventMode': 0, 'extrajdl': [], 'ignoreglobalblacklist': 0, 'partialdataset': 0, 'inputblocks': []}
DEBUG 2025-04-02 11:53:29.408 UTC: 	 submit() - jobconfig {'addoutputfiles': [], 'tfileoutfiles': [], 'edmoutfiles': ['NANOGEN.root'], 'jobarch': 'el9_amd64_gcc11', 'jobminuarch': 'any', 'jobsw': 'CMSSW_13_0_13', 'cacheurl': 'https://cmsweb.cern.ch/S3/crabcache_prod', 'cachefilename': 'b310cf45b3eb080850e4c333c8324dc863d67cc18135cdf54f60db6b52652236.tar.gz', 'debugfilename': '9e5b3262cd265f40c0c02d29c689cf4c4aef29318d46efaa3496300c6fb8cb9d.tar.gz', 'jobtype': 'PrivateMC', 'primarydataset': 'DY2j_LO_5f_CPPNONE'}
INFO 2025-04-02 11:53:29.408 UTC: 	 Sending the request to the server at cmsweb.cern.ch
DEBUG 2025-04-02 11:53:29.408 UTC: 	 Submitting {'dryrun': 0, 'workflow': 'crab_DY2j_LO_5f_CPPNONE', 'saveoutput': 1, 'savelogsflag': 0, 'primarydataset': 'DY2j_LO_5f_CPPNONE', 'nonvaliddata': 0, 'userfiles': [], 'dbsurl': 'https://cmsweb.cern.ch/dbs/prod/global/DBSReader', 'useparent': 0, 'ignorelocality': 0, 'splitalgo': 'EventBased', 'algoargs': 4000, 'totalunits': 160000, 'lfn': '/store/user/choij/MG4GPU/Validation', 'publication': 0, 'publishdbsurl': 'https://cmsweb.cern.ch/dbs/prod/phys03/DBSWriter', 'publishname2': 'Run3Summer23wmLHEGS', 'jobtype': 'PrivateMC', 'generator': 'pythia', 'addoutputfiles': [], 'maxjobruntime': 1250, 'numcores': 1, 'maxmemory': 5000, 'priority': 10, 'nonprodsw': 0, 'asyncdest': 'T3_KR_KNU', 'requireaccelerator': 0, 'oneEventMode': 0, 'extrajdl': [], 'ignoreglobalblacklist': 0, 'partialdataset': 0, 'inputblocks': [], 'tfileoutfiles': [], 'edmoutfiles': ['NANOGEN.root'], 'jobarch': 'el9_amd64_gcc11', 'jobminuarch': 'any', 'jobsw': 'CMSSW_13_0_13', 'cacheurl': 'https://cmsweb.cern.ch/S3/crabcache_prod', 'cachefilename': 'b310cf45b3eb080850e4c333c8324dc863d67cc18135cdf54f60db6b52652236.tar.gz', 'debugfilename': '9e5b3262cd265f40c0c02d29c689cf4c4aef29318d46efaa3496300c6fb8cb9d.tar.gz'} 
DEBUG 2025-04-02 11:53:29.409 UTC: 	 Encoded data for curl request: dryrun=0&workflow=crab_DY2j_LO_5f_CPPNONE&saveoutput=1&savelogsflag=0&primarydataset=DY2j_LO_5f_CPPNONE&nonvaliddata=0&dbsurl=https%3A%2F%2Fcmsweb.cern.ch%2Fdbs%2Fprod%2Fglobal%2FDBSReader&useparent=0&ignorelocality=0&splitalgo=EventBased&algoargs=4000&totalunits=160000&lfn=%2Fstore%2Fuser%2Fchoij%2FMG4GPU%2FValidation&publication=0&publishdbsurl=https%3A%2F%2Fcmsweb.cern.ch%2Fdbs%2Fprod%2Fphys03%2FDBSWriter&publishname2=Run3Summer23wmLHEGS&jobtype=PrivateMC&generator=pythia&maxjobruntime=1250&numcores=1&maxmemory=5000&priority=10&nonprodsw=0&asyncdest=T3_KR_KNU&requireaccelerator=0&oneEventMode=0&ignoreglobalblacklist=0&partialdataset=0&jobarch=el9_amd64_gcc11&jobminuarch=any&jobsw=CMSSW_13_0_13&cacheurl=https%3A%2F%2Fcmsweb.cern.ch%2FS3%2Fcrabcache_prod&cachefilename=b310cf45b3eb080850e4c333c8324dc863d67cc18135cdf54f60db6b52652236.tar.gz&debugfilename=9e5b3262cd265f40c0c02d29c689cf4c4aef29318d46efaa3496300c6fb8cb9d.tar.gz&edmoutfiles=NANOGEN.root
DEBUG 2025-04-02 11:53:30.448 UTC: 	 Result: {'result': [{'RequestName': '250402_115330:choij_crab_DY2j_LO_5f_CPPNONE'}]}
INFO 2025-04-02 11:53:30.449 UTC: 	 Success: Your task has been delivered to the prod CRAB3 server.
INFO 2025-04-02 11:53:30.449 UTC: 	 Task name: 250402_115330:choij_crab_DY2j_LO_5f_CPPNONE
INFO 2025-04-02 11:53:30.449 UTC: 	 Project dir: crab_projects/crab_DY2j_LO_5f_CPPNONE
INFO 2025-04-02 11:53:30.449 UTC: 	 Please use ' crab status -d crab_projects/crab_DY2j_LO_5f_CPPNONE ' to check how the submission process proceeds.
DEBUG 2025-04-02 11:53:30.449 UTC: 	 About to return
INFO 2025-04-02 11:53:30.451 UTC: 	 Log file is /home/choij/workspace/CustomNanoGEN_CMSSW_13_0_13/src/Configuration/CustomNanoGEN/crab/crab_projects/crab_DY2j_LO_5f_CPPNONE/crab.log
DEBUG 2025-04-02 14:14:15.286 UTC: 	 CRAB Client version: v3.250318
DEBUG 2025-04-02 14:14:15.287 UTC: 	 Running on: Linux private-snu 6.13.8-200.fc41.x86_64 #1 SMP PREEMPT_DYNAMIC Sun Mar 23 05:03:09 UTC 2025 x86_64 x86_64 x86_64 GNU/Linux
DEBUG 2025-04-02 14:14:15.287 UTC: 	 Using SINGULARITY image: private-el9.sif
DEBUG 2025-04-02 14:14:15.287 UTC: 	 Operating System: AlmaLinux 9.5 (Teal Serval)
DEBUG 2025-04-02 14:14:15.287 UTC: 	 Executing command: 'status'
DEBUG 2025-04-02 14:14:15.287 UTC: 	 Found CRAB cache file /home/choij/.crab3
DEBUG 2025-04-02 14:14:15.288 UTC: 	 Checking credentials
DEBUG 2025-04-02 14:14:15.288 UTC: 	 Found proxy file /tmp/x509up_u1000
DEBUG 2025-04-02 14:14:15.288 UTC: 	 Making sure it has proper VOMS extension
DEBUG 2025-04-02 14:14:15.288 UTC: 	 Executing command :
 voms-proxy-info --vo --file /tmp/x509up_u1000
DEBUG 2025-04-02 14:14:16.000 UTC: 	 output : cms

 error: 
 retcode : 0
DEBUG 2025-04-02 14:14:16.000 UTC: 	 Getting proxy life time left
DEBUG 2025-04-02 14:14:16.000 UTC: 	 Executing command :
 voms-proxy-info --actimeleft --timeleft --file /tmp/x509up_u1000
DEBUG 2025-04-02 14:14:16.674 UTC: 	 output : 573413
573413

 error: 
 retcode : 0
DEBUG 2025-04-02 14:14:16.674 UTC: 	 Proxy valid for 159:16:53 hours
DEBUG 2025-04-02 14:14:16.674 UTC: 	 Encoded data for curl request: subresource=delegatedn
DEBUG 2025-04-02 14:14:17.500 UTC: 	 Registering user credentials on myproxy for /DC=ch/DC=cern/OU=computers/CN=crab-(preprod|prod)-tw(01|02).cern.ch|/DC=ch/DC=cern/OU=computers/CN=crab-dev-tw(01|02|03|04).cern.ch|/DC=ch/DC=cern/OU=Organic Units/OU=Users/CN=cmscrab/CN=(817881|373708)/CN=Robot: cms crab|/DC=ch/DC=cern/OU=Organic Units/OU=Users/CN=crabint1/CN=373708/CN=Robot: CMS CRAB Integration 1
DEBUG 2025-04-02 14:14:17.500 UTC: 	 Executing command :
 voms-proxy-info --identity --file /tmp/x509up_u1000
DEBUG 2025-04-02 14:14:17.992 UTC: 	 output : /DC=ch/DC=cern/OU=Organic Units/OU=Users/CN=choij/CN=841389/CN=Jin Choi

 error: 
 retcode : 0
DEBUG 2025-04-02 14:14:17.992 UTC: 	 Getting myproxy life time left for 62145c27448958522230f1583fedca774537a25d
DEBUG 2025-04-02 14:14:17.992 UTC: 	 Executing command :
 myproxy-info -s myproxy.cern.ch -l 62145c27448958522230f1583fedca774537a25d
DEBUG 2025-04-02 14:14:23.112 UTC: 	 output : username: 62145c27448958522230f1583fedca774537a25d
owner: /DC=ch/DC=cern/OU=Organic Units/OU=Users/CN=choij/CN=841389/CN=Jin Choi
  renewal policy: /DC=ch/DC=cern/OU=computers/CN=crab-(preprod|prod)-tw(01|02).cern.ch|/DC=ch/DC=cern/OU=computers/CN=crab-dev-tw(01|02|03|04).cern.ch|/DC=ch/DC=cern/OU=Organic Units/OU=Users/CN=cmscrab/CN=(817881|373708)/CN=Robot: cms crab|/DC=ch/DC=cern/OU=Organic Units/OU=Users/CN=crabint1/CN=373708/CN=Robot: CMS CRAB Integration 1
  trusted retrieval policy: /DC=ch/DC=cern/OU=computers/CN=crab-(preprod|prod)-tw(01|02).cern.ch|/DC=ch/DC=cern/OU=computers/CN=crab-dev-tw(01|02|03|04).cern.ch|/DC=ch/DC=cern/OU=Organic Units/OU=Users/CN=cmscrab/CN=(817881|373708)/CN=Robot: cms crab|/DC=ch/DC=cern/OU=Organic Units/OU=Users/CN=crabint1/CN=373708/CN=Robot: CMS CRAB Integration 1
  timeleft: 519:01:41  (21.6 days)

 error: 
 retcode : 0
DEBUG 2025-04-02 14:14:23.113 UTC: 	 Myproxy is valid: 1868460
DEBUG 2025-04-02 14:14:23.113 UTC: 	 Result of myproxy credential check:
  Credential exists on myproxy: username: 62145c27448958522230f1583fedca774537a25d  - validity: 21 days, 15:01:00
DEBUG 2025-04-02 14:14:23.113 UTC: 	 Retrieving username ...
DEBUG 2025-04-02 14:14:23.113 UTC: 	 Retrieving username from CRIC...
DEBUG 2025-04-02 14:14:31.412 UTC: 	 username is choij
INFO 2025-04-02 14:14:32.514 UTC: 	 Rucio client intialized for account choij
DEBUG 2025-04-02 14:14:32.514 UTC: 	 Command use: status
DEBUG 2025-04-02 14:14:32.514 UTC: 	 Options use: ['-d', 'crab_projects/crab_DY2j_LO_5f_CPPNONE']
DEBUG 2025-04-02 14:14:32.514 UTC: 	 Encoded data for curl request: subresource=version
DEBUG 2025-04-02 14:16:45.799 UTC: 	 CRABClient version: v3.250318
DEBUG 2025-04-02 14:16:45.799 UTC: 	 Instance is prod
DEBUG 2025-04-02 14:16:45.799 UTC: 	 Server base url is cmsweb.cern.ch
DEBUG 2025-04-02 14:16:45.799 UTC: 	 Command api workflow
DEBUG 2025-04-02 14:16:45.799 UTC: 	 Encoded data for curl request: subresource=search&workflow=250402_115330%3Achoij_crab_DY2j_LO_5f_CPPNONE
DEBUG 2025-04-02 14:16:46.639 UTC: 	 Got information from server oracle database: {'desc': {'columns': ['tm_taskname', 'tm_activity', 'tm_task_status', 'tm_task_command', 'tm_start_time', 'tm_start_injection', 'tm_end_injection', 'tm_task_failure', 'tm_job_sw', 'tm_job_arch', 'tm_input_dataset', 'tm_nonvalid_input_dataset', 'tm_use_parent', 'tm_site_whitelist', 'tm_site_blacklist', 'tm_split_algo', 'tm_split_args', 'tm_user_sandbox', 'tm_cache_url', 'tm_username', 'tm_user_dn', 'tm_user_vo', 'tm_user_role', 'tm_user_group', 'tm_publish_name', 'tm_publish_groupname', 'tm_asyncdest', 'tm_dbs_url', 'tm_publish_dbs_url', 'tm_publication', 'tm_outfiles', 'tm_tfile_outfiles', 'tm_edm_outfiles', 'tm_job_type', 'tm_generator', 'tm_events_per_lumi', 'tm_arguments', 'tm_save_logs', 'tw_name', 'tm_user_infiles', 'tm_maxjobruntime', 'tm_numcores', 'tm_maxmemory', 'tm_priority', 'tm_output_dataset', 'tm_task_warnings', 'tm_user_webdir', 'tm_scriptexe', 'tm_scriptargs', 'tm_extrajdl', 'tm_collector', 'tm_schedd', 'tm_dry_run', 'tm_user_files', 'tm_transfer_outputs', 'tm_output_lfn', 'tm_ignore_locality', 'tm_fail_limit', 'tm_one_event_mode', 'tm_secondary_input_dataset', 'tm_primary_dataset', 'tm_last_publication', 'tm_debug_files', 'clusterid', 'tm_ignore_global_blacklist', 'tm_submitter_ip_addr', 'tm_totalunits', 'tm_ddm_reqid', 'tm_user_config', 'tm_transfer_container', 'tm_transfer_rule', 'tm_publish_rule', 'tm_multipub_rule', 'tm_job_min_microarch', 'tm_dagman_status', 'tm_num_jobs', 'tm_uploaded']}, 'result': ['250402_115330:choij_crab_DY2j_LO_5f_CPPNONE', 'None', 'SUBMITTED', 'SUBMIT', '2025-04-02 11:53:30.308575', 'None', '2025-04-02 11:54:53.746490', 'None', 'CMSSW_13_0_13', 'el9_amd64_gcc11', 'None', 'F', '0', '[]', '[]', 'EventBased', "{'halt_job_on_file_boundaries': False, 'splitOnRun': False, 'events_per_job': 4000, 'runs': [], 'lumis': []}", 'b310cf45b3eb080850e4c333c8324dc863d67cc18135cdf54f60db6b52652236.tar.gz', 'https://cmsweb.cern.ch/S3/crabcache_prod', 'choij', '/DC=ch/DC=cern/OU=Organic Units/OU=Users/CN=choij/CN=841389/CN=Jin Choi', 'cms', 'None', 'None', 'Run3Summer23wmLHEGS-00000000000000000000000000000000', 'F', 'T3_KR_KNU', 'https://cmsweb.cern.ch/dbs/prod/global/DBSReader', 'https://cmsweb.cern.ch/dbs/prod/phys03/DBSWriter', 'F', '[]', '[]', "['NANOGEN.root']", 'PrivateMC', 'pythia', 'None', '{}', 'F', 'crab-prod-tw01', '[]', '1250', '1', '5000', '10', "['/FakeDataset/fakefile-FakePublish-61dee8a659f125b828d5ccbf88cea66d/USER']", "['Task requests 5000 MB of memory, but only 2500 are guaranteed to be available. Jobs may not find a site where to run and stay idle forever.']", 'http://vocms0194.cern.ch/mon/choij/250402_115330:choij_crab_DY2j_LO_5f_CPPNONE', 'None', '[]', '[]', 'cmsgwms-collector-global.cern.ch:9620,cmsgwms-collector-global.fnal.gov:9620', 'crab3@vocms0194.cern.ch', 'F', '[]', 'T', '/store/user/choij/MG4GPU/Validation', 'F', 'None', 'F', 'None', 'DY2j_LO_5f_CPPNONE', 'None', '9e5b3262cd265f40c0c02d29c689cf4c4aef29318d46efaa3496300c6fb8cb9d.tar.gz', '119580796', 'F', '188.185.89.194', '160000.0', 'None', '{"partialdataset": false, "requireaccelerator": false, "acceleratorparams": null, "inputblocks": null}', 'None', 'None', 'None', 'None', 'any', 'NOT_READY', '0', 'F']}
INFO 2025-04-02 14:16:46.639 UTC: 	 CRAB project directory:		/home/choij/workspace/CustomNanoGEN_CMSSW_13_0_13/src/Configuration/CustomNanoGEN/crab/crab_projects/crab_DY2j_LO_5f_CPPNONE
INFO 2025-04-02 14:16:46.639 UTC: 	 Task name:			250402_115330:choij_crab_DY2j_LO_5f_CPPNONE
INFO 2025-04-02 14:16:46.639 UTC: 	 Grid scheduler - Task Worker:	crab3@vocms0194.cern.ch - crab-prod-tw01
INFO 2025-04-02 14:16:46.639 UTC: 	 Status on the CRAB server:	SUBMITTED
INFO 2025-04-02 14:16:46.639 UTC: 	 Task URL to use for HELP:	https://cmsweb.cern.ch/crabserver/ui/task/250402_115330%3Achoij_crab_DY2j_LO_5f_CPPNONE
INFO 2025-04-02 14:16:46.644 UTC: 	 Dashboard monitoring URL:	https://monit-grafana.cern.ch/d/cmsTMDetail/cms-task-monitoring-task-view?orgId=11&var-user=choij&var-task=250402_115330%3Achoij_crab_DY2j_LO_5f_CPPNONE&from=1743591210000&to=now
WARNING 2025-04-02 14:16:46.644 UTC: 	 Warning:			Task requests 5000 MB of memory, but only 2500 are guaranteed to be available. Jobs may not find a site where to run and stay idle forever.
DEBUG 2025-04-02 14:16:46.644 UTC: 	 The CRAB server submitted your task to the Grid scheduler (cluster ID: 119580796)
DEBUG 2025-04-02 14:16:46.644 UTC: 	 Webdir is located at http://vocms0194.cern.ch/mon/choij/250402_115330:choij_crab_DY2j_LO_5f_CPPNONE
DEBUG 2025-04-02 14:16:46.644 UTC: 	 Encoded data for curl request: subresource=webdirprx&workflow=250402_115330%3Achoij_crab_DY2j_LO_5f_CPPNONE
DEBUG 2025-04-02 14:16:47.472 UTC: 	 Proxied webdir is located at https://cmsweb.cern.ch:8443/scheddmon/0194/choij/250402_115330:choij_crab_DY2j_LO_5f_CPPNONE
DEBUG 2025-04-02 14:16:47.472 UTC: 	 Retrieving 'status_cache' file from https://cmsweb.cern.ch:8443/scheddmon/0194/choij/250402_115330:choij_crab_DY2j_LO_5f_CPPNONE/status_cache.pkl
DEBUG 2025-04-02 14:16:47.472 UTC: 	 Will execute:
curl -sS --capath /cvmfs/grid.cern.ch/etc/grid-security/certificates --cert /tmp/x509up_u1000 --key /tmp/x509up_u1000 -o /tmp/crab_status-cache-wrpuwrsk.pkl -w %"{http_code}" "https://cmsweb.cern.ch:8443/scheddmon/0194/choij/250402_115330:choij_crab_DY2j_LO_5f_CPPNONE/status_cache.pkl"
DEBUG 2025-04-02 14:16:47.472 UTC: 	 Executing command :
 curl -sS --capath /cvmfs/grid.cern.ch/etc/grid-security/certificates --cert /tmp/x509up_u1000 --key /tmp/x509up_u1000 -o /tmp/crab_status-cache-wrpuwrsk.pkl -w %"{http_code}" "https://cmsweb.cern.ch:8443/scheddmon/0194/choij/250402_115330:choij_crab_DY2j_LO_5f_CPPNONE/status_cache.pkl"
DEBUG 2025-04-02 14:16:48.558 UTC: 	 output : 200
 error: 
 retcode : 0
DEBUG 2025-04-02 14:16:48.558 UTC: 	 exitcode: 0
stdout: 200
stderr: 
error details: 
DEBUG 2025-04-02 14:16:48.559 UTC: 	 Got information from status cache file: {'3': {'Retries': 0, 'Restarts': 0, 'SiteHistory': ['T2_BE_IIHE', 'T2_BE_IIHE'], 'ResidentSetSize': [826864], 'SubmitTimes': [1743594962.0], 'StartTimes': [1743595011.0], 'EndTimes': [1743596409.0], 'TotalUserCpuTimeHistory': [1200], 'TotalSysCpuTimeHistory': [4], 'WallDurations': [8.0, 1398.0], 'JobIds': ['119580849.0'], 'State': 'finished', 'RecordedSite': True}, '2': {'Retries': 0, 'Restarts': 0, 'SiteHistory': ['T2_BE_IIHE', 'T2_BE_IIHE'], 'ResidentSetSize': [1043916], 'SubmitTimes': [1743594962.0], 'StartTimes': [1743595011.0], 'EndTimes': [1743595998.0], 'TotalUserCpuTimeHistory': [846], 'TotalSysCpuTimeHistory': [5], 'WallDurations': [8.0, 987.0], 'JobIds': ['119580850.0'], 'State': 'finished', 'RecordedSite': True}, '5': {'Retries': 0, 'Restarts': 0, 'SiteHistory': ['T2_BE_IIHE', 'T2_BE_IIHE'], 'ResidentSetSize': [1037980], 'SubmitTimes': [1743594962.0], 'StartTimes': [1743595011.0], 'EndTimes': [1743596717.0], 'TotalUserCpuTimeHistory': [1469], 'TotalSysCpuTimeHistory': [7], 'WallDurations': [8.0, 1706.0], 'JobIds': ['119580851.0'], 'State': 'finished', 'RecordedSite': True}, '1': {'Retries': 0, 'Restarts': 0, 'SiteHistory': ['T2_BE_IIHE', 'T2_BE_IIHE'], 'ResidentSetSize': [1034596], 'SubmitTimes': [1743594962.0], 'StartTimes': [1743595011.0], 'EndTimes': [1743596027.0], 'TotalUserCpuTimeHistory': [867], 'TotalSysCpuTimeHistory': [4], 'WallDurations': [8.0, 1016.0], 'JobIds': ['119580852.0'], 'State': 'finished', 'RecordedSite': True}, '9': {'Retries': 0, 'Restarts': 0, 'SiteHistory': ['T2_BE_IIHE', 'T2_BE_IIHE'], 'ResidentSetSize': [3816424], 'SubmitTimes': [1743594962.0], 'StartTimes': [1743595011.0], 'EndTimes': [1743597589.0], 'TotalUserCpuTimeHistory': [2248], 'TotalSysCpuTimeHistory': [11], 'WallDurations': [8.0, 2578.0], 'JobIds': ['119580853.0'], 'State': 'finished', 'RecordedSite': True}, '10': {'Retries': 0, 'Restarts': 0, 'SiteHistory': ['T2_BE_IIHE', 'T2_BE_IIHE'], 'ResidentSetSize': [1042296], 'SubmitTimes': [1743594962.0], 'StartTimes': [1743595011.0], 'EndTimes': [1743596901.0], 'TotalUserCpuTimeHistory': [1622], 'TotalSysCpuTimeHistory': [8], 'WallDurations': [8.0, 1890.0], 'JobIds': ['119580854.0'], 'State': 'finished', 'RecordedSite': True}, '8': {'Retries': 0, 'Restarts': 0, 'SiteHistory': ['T2_BE_IIHE', 'T2_BE_IIHE'], 'ResidentSetSize': [822996], 'SubmitTimes': [1743594962.0], 'StartTimes': [1743595011.0], 'EndTimes': [1743596426.0], 'TotalUserCpuTimeHistory': [1209], 'TotalSysCpuTimeHistory': [4], 'WallDurations': [8.0, 1415.0], 'JobIds': ['119580855.0'], 'State': 'finished', 'RecordedSite': True}, '15': {'Retries': 0, 'Restarts': 0, 'SiteHistory': ['T2_BE_IIHE', 'T2_BE_IIHE'], 'ResidentSetSize': [1036016], 'SubmitTimes': [1743594963.0], 'StartTimes': [1743595010.0], 'EndTimes': [1743596774.0], 'TotalUserCpuTimeHistory': [1524], 'TotalSysCpuTimeHistory': [7], 'WallDurations': [9.0, 1764.0], 'JobIds': ['119580856.0'], 'State': 'finished', 'RecordedSite': True}, '20': {'Retries': 0, 'Restarts': 0, 'SiteHistory': ['T2_BE_IIHE', 'T2_BE_IIHE'], 'ResidentSetSize': [1005156], 'SubmitTimes': [1743594963.0], 'StartTimes': [1743595010.0], 'EndTimes': [1743596165.0], 'TotalUserCpuTimeHistory': [964], 'TotalSysCpuTimeHistory': [5], 'WallDurations': [9.0, 1155.0], 'JobIds': ['119580857.0'], 'State': 'finished', 'RecordedSite': True}, '11': {'Retries': 0, 'Restarts': 0, 'SiteHistory': ['T2_IT_Bari', 'T2_IT_Bari'], 'ResidentSetSize': [828424], 'SubmitTimes': [1743594963.0], 'StartTimes': [1743595011.0], 'EndTimes': [1743596487.0], 'TotalUserCpuTimeHistory': [1076], 'TotalSysCpuTimeHistory': [12], 'WallDurations': [9.0, 1476.0], 'JobIds': ['119580858.0'], 'State': 'finished', 'RecordedSite': True}, '18': {'Retries': 0, 'Restarts': 0, 'SiteHistory': ['T2_BE_IIHE', 'T2_BE_IIHE'], 'ResidentSetSize': [995880], 'SubmitTimes': [1743594963.0], 'StartTimes': [1743595010.0], 'EndTimes': [1743596190.0], 'TotalUserCpuTimeHistory': [995], 'TotalSysCpuTimeHistory': [6], 'WallDurations': [9.0, 1180.0], 'JobIds': ['119580859.0'], 'State': 'finished', 'RecordedSite': True}, '16': {'Retries': 0, 'Restarts': 0, 'SiteHistory': ['T2_UK_SGrid_RALPP', 'T2_UK_SGrid_RALPP'], 'ResidentSetSize': [3821356], 'SubmitTimes': [1743594963.0], 'StartTimes': [1743595011.0], 'EndTimes': [1743597140.0], 'TotalUserCpuTimeHistory': [1739], 'TotalSysCpuTimeHistory': [15], 'WallDurations': [9.0, 2129.0], 'JobIds': ['119580860.0'], 'State': 'finished', 'RecordedSite': True}, '12': {'Retries': 0, 'Restarts': 0, 'SiteHistory': ['T2_BE_IIHE', 'T2_BE_IIHE'], 'ResidentSetSize': [1050884], 'SubmitTimes': [1743594963.0], 'StartTimes': [1743595011.0], 'EndTimes': [1743596021.0], 'TotalUserCpuTimeHistory': [855], 'TotalSysCpuTimeHistory': [5], 'WallDurations': [8.0, 1010.0], 'JobIds': ['119580861.0'], 'State': 'finished', 'RecordedSite': True}, '19': {'Retries': 0, 'Restarts': 0, 'SiteHistory': ['T2_BE_IIHE', 'T2_BE_IIHE'], 'ResidentSetSize': [813772], 'SubmitTimes': [1743594963.0], 'StartTimes': [1743595010.0], 'EndTimes': [1743596054.0], 'TotalUserCpuTimeHistory': [877], 'TotalSysCpuTimeHistory': [3], 'WallDurations': [9.0, 1044.0], 'JobIds': ['119580862.0'], 'State': 'finished', 'RecordedSite': True}, '24': {'Retries': 0, 'Restarts': 0, 'SiteHistory': ['T2_BE_IIHE', 'T2_BE_IIHE'], 'ResidentSetSize': [981084], 'SubmitTimes': [1743594963.0], 'StartTimes': [1743595010.0], 'EndTimes': [1743596182.0], 'TotalUserCpuTimeHistory': [1010], 'TotalSysCpuTimeHistory': [5], 'WallDurations': [9.0, 1172.0], 'JobIds': ['119580863.0'], 'State': 'finished', 'RecordedSite': True}, '23': {'Retries': 0, 'Restarts': 0, 'SiteHistory': ['T2_BE_IIHE', 'T2_BE_IIHE'], 'ResidentSetSize': [991280], 'SubmitTimes': [1743594963.0], 'StartTimes': [1743595010.0], 'EndTimes': [1743596142.0], 'TotalUserCpuTimeHistory': [973], 'TotalSysCpuTimeHistory': [5], 'WallDurations': [9.0, 1132.0], 'JobIds': ['119580864.0'], 'State': 'finished', 'RecordedSite': True}, '29': {'Retries': 0, 'Restarts': 0, 'SiteHistory': ['T2_BE_IIHE', 'T2_BE_IIHE'], 'ResidentSetSize': [1044068], 'SubmitTimes': [1743594963.0], 'StartTimes': [1743595010.0], 'EndTimes': [1743596148.0], 'TotalUserCpuTimeHistory': [967], 'TotalSysCpuTimeHistory': [5], 'WallDurations': [9.0, 1138.0], 'JobIds': ['119580865.0'], 'State': 'finished', 'RecordedSite': True}, '7': {'Retries': 0, 'Restarts': 0, 'SiteHistory': ['T2_BE_IIHE', 'T2_BE_IIHE'], 'ResidentSetSize': [821764], 'SubmitTimes': [1743594963.0], 'StartTimes': [1743595011.0], 'EndTimes': [1743596472.0], 'TotalUserCpuTimeHistory': [1271], 'TotalSysCpuTimeHistory': [4], 'WallDurations': [8.0, 1461.0], 'JobIds': ['119580866.0'], 'State': 'finished', 'RecordedSite': True}, '6': {'Retries': 0, 'Restarts': 0, 'SiteHistory': ['T2_BE_IIHE', 'T2_BE_IIHE'], 'ResidentSetSize': [993344], 'SubmitTimes': [1743594963.0], 'StartTimes': [1743595011.0], 'EndTimes': [1743596069.0], 'TotalUserCpuTimeHistory': [920], 'TotalSysCpuTimeHistory': [5], 'WallDurations': [8.0, 1058.0], 'JobIds': ['119580867.0'], 'State': 'finished', 'RecordedSite': True}, '26': {'Retries': 0, 'Restarts': 0, 'SiteHistory': ['T2_BE_IIHE', 'T2_BE_IIHE'], 'ResidentSetSize': [1029136], 'SubmitTimes': [1743594963.0], 'StartTimes': [1743595011.0], 'EndTimes': [1743596091.0], 'TotalUserCpuTimeHistory': [936], 'TotalSysCpuTimeHistory': [5], 'WallDurations': [8.0, 1080.0], 'JobIds': ['119580868.0'], 'State': 'finished', 'RecordedSite': True}, '4': {'Retries': 0, 'Restarts': 0, 'SiteHistory': ['T2_BE_IIHE', 'T2_BE_IIHE'], 'ResidentSetSize': [827716], 'SubmitTimes': [1743594964.0], 'StartTimes': [1743595011.0], 'EndTimes': [1743596435.0], 'TotalUserCpuTimeHistory': [1218], 'TotalSysCpuTimeHistory': [4], 'WallDurations': [8.0, 1424.0], 'JobIds': ['119580869.0'], 'State': 'finished', 'RecordedSite': True}, '13': {'Retries': 0, 'Restarts': 0, 'SiteHistory': ['T2_BE_IIHE', 'T2_BE_IIHE'], 'ResidentSetSize': [1047340], 'SubmitTimes': [1743594964.0], 'StartTimes': [1743595011.0], 'EndTimes': [1743596795.0], 'TotalUserCpuTimeHistory': [1549], 'TotalSysCpuTimeHistory': [9], 'WallDurations': [8.0, 1784.0], 'JobIds': ['119580870.0'], 'State': 'finished', 'RecordedSite': True}, '28': {'Retries': 0, 'Restarts': 0, 'SiteHistory': ['T2_BE_IIHE', 'T2_BE_IIHE'], 'ResidentSetSize': [1034856], 'SubmitTimes': [1743594964.0], 'StartTimes': [1743595011.0], 'EndTimes': [1743596860.0], 'TotalUserCpuTimeHistory': [1601], 'TotalSysCpuTimeHistory': [7], 'WallDurations': [8.0, 1849.0], 'JobIds': ['119580871.0'], 'State': 'finished', 'RecordedSite': True}, '27': {'Retries': 0, 'Restarts': 0, 'SiteHistory': ['T2_BE_IIHE', 'T2_BE_IIHE'], 'ResidentSetSize': [1046504], 'SubmitTimes': [1743594964.0], 'StartTimes': [1743595010.0], 'EndTimes': [1743596848.0], 'TotalUserCpuTimeHistory': [1577], 'TotalSysCpuTimeHistory': [7], 'WallDurations': [9.0, 1838.0], 'JobIds': ['119580872.0'], 'State': 'finished', 'RecordedSite': True}, '30': {'Retries': 0, 'Restarts': 0, 'SiteHistory': ['T2_BE_IIHE', 'T2_BE_IIHE'], 'ResidentSetSize': [1047132], 'SubmitTimes': [1743594964.0], 'StartTimes': [1743595011.0], 'EndTimes': [1743596984.0], 'TotalUserCpuTimeHistory': [1677], 'TotalSysCpuTimeHistory': [7], 'WallDurations': [9.0, 1973.0], 'JobIds': ['119580874.0'], 'State': 'finished', 'RecordedSite': True}, '31': {'Retries': 0, 'Restarts': 0, 'SiteHistory': ['T2_BE_IIHE', 'T2_BE_IIHE'], 'ResidentSetSize': [1028160], 'SubmitTimes': [1743594964.0], 'StartTimes': [1743595011.0], 'EndTimes': [1743596828.0], 'TotalUserCpuTimeHistory': [1568], 'TotalSysCpuTimeHistory': [8], 'WallDurations': [8.0, 1817.0], 'JobIds': ['119580875.0'], 'State': 'finished', 'RecordedSite': True}, '35': {'Retries': 0, 'Restarts': 0, 'SiteHistory': ['T2_BE_IIHE', 'T2_BE_IIHE'], 'ResidentSetSize': [1049260], 'SubmitTimes': [1743594964.0], 'StartTimes': [1743595011.0], 'EndTimes': [1743596876.0], 'TotalUserCpuTimeHistory': [1621], 'TotalSysCpuTimeHistory': [8], 'WallDurations': [8.0, 1865.0], 'JobIds': ['119580876.0'], 'State': 'finished', 'RecordedSite': True}, '17': {'Retries': 0, 'Restarts': 0, 'SiteHistory': ['T2_BE_IIHE', 'T2_BE_IIHE'], 'ResidentSetSize': [821832], 'SubmitTimes': [1743594964.0], 'StartTimes': [1743595011.0], 'EndTimes': [1743596100.0], 'TotalUserCpuTimeHistory': [900], 'TotalSysCpuTimeHistory': [4], 'WallDurations': [8.0, 1089.0], 'JobIds': ['119580877.0'], 'State': 'finished', 'RecordedSite': True}, '22': {'Retries': 0, 'Restarts': 0, 'SiteHistory': ['T2_BE_IIHE', 'T2_BE_IIHE'], 'ResidentSetSize': [1047040], 'SubmitTimes': [1743594964.0], 'StartTimes': [1743595011.0], 'EndTimes': [1743596045.0], 'TotalUserCpuTimeHistory': [866], 'TotalSysCpuTimeHistory': [5], 'WallDurations': [8.0, 1034.0], 'JobIds': ['119580878.0'], 'State': 'finished', 'RecordedSite': True}, '37': {'Retries': 0, 'Restarts': 0, 'SiteHistory': ['T2_BE_IIHE', 'T2_BE_IIHE'], 'ResidentSetSize': [1048164], 'SubmitTimes': [1743594964.0], 'StartTimes': [1743595011.0], 'EndTimes': [1743596864.0], 'TotalUserCpuTimeHistory': [1595], 'TotalSysCpuTimeHistory': [7], 'WallDurations': [8.0, 1853.0], 'JobIds': ['119580879.0'], 'State': 'finished', 'RecordedSite': True}, '14': {'Retries': 0, 'Restarts': 0, 'SiteHistory': ['T2_BE_IIHE', 'T2_BE_IIHE'], 'ResidentSetSize': [996016], 'SubmitTimes': [1743594964.0], 'StartTimes': [1743595011.0], 'EndTimes': [1743596247.0], 'TotalUserCpuTimeHistory': [1046], 'TotalSysCpuTimeHistory': [6], 'WallDurations': [8.0, 1236.0], 'JobIds': ['119580880.0'], 'State': 'finished', 'RecordedSite': True}, '36': {'Retries': 0, 'Restarts': 0, 'SiteHistory': ['T2_BE_IIHE', 'T2_BE_IIHE'], 'ResidentSetSize': [3813376], 'SubmitTimes': [1743594964.0], 'StartTimes': [1743595011.0], 'EndTimes': [1743597697.0], 'TotalUserCpuTimeHistory': [2345], 'TotalSysCpuTimeHistory': [14], 'WallDurations': [9.0, 2686.0], 'JobIds': ['119580881.0'], 'State': 'finished', 'RecordedSite': True}, '32': {'Retries': 0, 'Restarts': 0, 'SiteHistory': ['T2_BE_IIHE', 'T2_BE_IIHE'], 'ResidentSetSize': [1022908], 'SubmitTimes': [1743594964.0], 'StartTimes': [1743595011.0], 'EndTimes': [1743596222.0], 'TotalUserCpuTimeHistory': [1014], 'TotalSysCpuTimeHistory': [5], 'WallDurations': [8.0, 1211.0], 'JobIds': ['119580882.0'], 'State': 'finished', 'RecordedSite': True}, '25': {'Retries': 0, 'Restarts': 0, 'SiteHistory': ['T2_BE_IIHE', 'T2_BE_IIHE'], 'ResidentSetSize': [985544], 'SubmitTimes': [1743594964.0], 'StartTimes': [1743595011.0], 'EndTimes': [1743596169.0], 'TotalUserCpuTimeHistory': [989], 'TotalSysCpuTimeHistory': [5], 'WallDurations': [8.0, 1158.0], 'JobIds': ['119580883.0'], 'State': 'finished', 'RecordedSite': True}, '40': {'Retries': 0, 'Restarts': 0, 'SiteHistory': ['T2_BE_IIHE', 'T2_BE_IIHE'], 'ResidentSetSize': [1039544], 'SubmitTimes': [1743594965.0], 'StartTimes': [1743595010.0], 'EndTimes': [1743596834.0], 'TotalUserCpuTimeHistory': [1577], 'TotalSysCpuTimeHistory': [8], 'WallDurations': [9.0, 1824.0], 'JobIds': ['119580884.0'], 'State': 'finished', 'RecordedSite': True}, '39': {'Retries': 0, 'Restarts': 0, 'SiteHistory': ['T2_BE_IIHE', 'T2_BE_IIHE'], 'ResidentSetSize': [828240], 'SubmitTimes': [1743594965.0], 'StartTimes': [1743595011.0], 'EndTimes': [1743596054.0], 'TotalUserCpuTimeHistory': [876], 'TotalSysCpuTimeHistory': [4], 'WallDurations': [8.0, 1043.0], 'JobIds': ['119580885.0'], 'State': 'finished', 'RecordedSite': True}, '21': {'Retries': 0, 'Restarts': 0, 'SiteHistory': ['T2_BE_IIHE', 'T2_BE_IIHE'], 'ResidentSetSize': [996108], 'SubmitTimes': [1743594965.0], 'StartTimes': [1743595011.0], 'EndTimes': [1743596165.0], 'TotalUserCpuTimeHistory': [989], 'TotalSysCpuTimeHistory': [4], 'WallDurations': [8.0, 1154.0], 'JobIds': ['119580886.0'], 'State': 'finished', 'RecordedSite': True}, '33': {'Retries': 0, 'Restarts': 0, 'SiteHistory': ['T2_BE_IIHE', 'T2_BE_IIHE'], 'ResidentSetSize': [1055252], 'SubmitTimes': [1743594965.0], 'StartTimes': [1743595010.0], 'EndTimes': [1743596826.0], 'TotalUserCpuTimeHistory': [1570], 'TotalSysCpuTimeHistory': [8], 'WallDurations': [9.0, 1816.0], 'JobIds': ['119580887.0'], 'State': 'finished', 'RecordedSite': True}, '38': {'Retries': 0, 'Restarts': 0, 'SiteHistory': ['T2_BE_IIHE', 'T2_BE_IIHE'], 'ResidentSetSize': [1057136], 'SubmitTimes': [1743594970.0], 'StartTimes': [1743595011.0], 'EndTimes': [1743596739.0], 'TotalUserCpuTimeHistory': [1497], 'TotalSysCpuTimeHistory': [7], 'WallDurations': [9.0, 1728.0], 'JobIds': ['119580889.0'], 'State': 'finished', 'RecordedSite': True}, '34': {'Retries': 0, 'Restarts': 0, 'SiteHistory': ['T2_BE_IIHE', 'T2_BE_IIHE'], 'ResidentSetSize': [1048464], 'SubmitTimes': [1743594970.0], 'StartTimes': [1743595011.0], 'EndTimes': [1743596858.0], 'TotalUserCpuTimeHistory': [1592], 'TotalSysCpuTimeHistory': [8], 'WallDurations': [8.0, 1847.0], 'JobIds': ['119580890.0'], 'State': 'finished', 'RecordedSite': True}}
INFO 2025-04-02 14:16:48.559 UTC: 	 Status on the scheduler:	COMPLETED
INFO 2025-04-02 14:16:48.559 UTC: 	 
Jobs status:                    finished     		100.0% (40/40)
INFO 2025-04-02 14:16:48.559 UTC: 	 
No publication information (publication has been disabled in the CRAB configuration file)
INFO 2025-04-02 14:16:48.560 UTC: 	 
Warning: the max jobs runtime is less than 30% of the task requested value (1250 min), please consider to request a lower value for failed jobs (allowed through crab resubmit) and/or improve the jobs splitting (e.g. config.Data.splitting = 'Automatic') in a new task.
INFO 2025-04-02 14:16:48.560 UTC: 	 
Summary of run jobs:
 * Memory: 1026MB min, 3731MB max, 1169MB ave
 * Runtime: 0:16:27 min, 0:44:46 max, 0:25:00 ave
 * CPU eff: 74% min, 88% max, 86% ave
 * Waste: 0:05:35 (1% of total)

INFO 2025-04-02 14:16:48.561 UTC: 	 Log file is /home/choij/workspace/CustomNanoGEN_CMSSW_13_0_13/src/Configuration/CustomNanoGEN/crab/crab_projects/crab_DY2j_LO_5f_CPPNONE/crab.log
