DEBUG 2025-04-02 08:27:06.377 UTC: 	 CRAB Client version: v3.250318
DEBUG 2025-04-02 08:27:06.377 UTC: 	 Running on: Linux private-snu 6.13.8-200.fc41.x86_64 #1 SMP PREEMPT_DYNAMIC Sun Mar 23 05:03:09 UTC 2025 x86_64 x86_64 x86_64 GNU/Linux
DEBUG 2025-04-02 08:27:06.377 UTC: 	 Using SINGULARITY image: private-el8.sif
DEBUG 2025-04-02 08:27:06.377 UTC: 	 Operating System: AlmaLinux 8.10 (Cerulean Leopard)
DEBUG 2025-04-02 08:27:06.377 UTC: 	 Executing command: 'submit'
DEBUG 2025-04-02 08:27:06.377 UTC: 	 Found CRAB cache file /home/choij/.crab3
INFO 2025-04-02 08:27:06.378 UTC: 	 Will use CRAB configuration file crab_config_DY1j_LO_5f_FORTRAN.py
DEBUG 2025-04-02 08:27:06.378 UTC: 	 Loading CRAB configuration file.
DEBUG 2025-04-02 08:27:14.141 UTC: 	 Will use CRAB plugin PRIVATEMC (i.e. will run an a MC generation job type).
DEBUG 2025-04-02 08:27:14.142 UTC: 	 Checking credentials
DEBUG 2025-04-02 08:27:14.142 UTC: 	 Found proxy file /tmp/x509up_u1000
DEBUG 2025-04-02 08:27:14.142 UTC: 	 Making sure it has proper VOMS extension
DEBUG 2025-04-02 08:27:14.142 UTC: 	 Executing command :
 voms-proxy-info --vo --file /tmp/x509up_u1000
DEBUG 2025-04-02 08:27:14.514 UTC: 	 output : cms

 error: 
 retcode : 0
DEBUG 2025-04-02 08:27:14.514 UTC: 	 Getting proxy life time left
DEBUG 2025-04-02 08:27:14.514 UTC: 	 Executing command :
 voms-proxy-info --actimeleft --timeleft --file /tmp/x509up_u1000
DEBUG 2025-04-02 08:27:14.885 UTC: 	 output : 594235
594235

 error: 
 retcode : 0
DEBUG 2025-04-02 08:27:14.885 UTC: 	 Proxy valid for 165:03:55 hours
DEBUG 2025-04-02 08:27:14.885 UTC: 	 Encoded data for curl request: subresource=delegatedn
DEBUG 2025-04-02 08:29:29.435 UTC: 	 Registering user credentials on myproxy for /DC=ch/DC=cern/OU=computers/CN=crab-(preprod|prod)-tw(01|02).cern.ch|/DC=ch/DC=cern/OU=computers/CN=crab-dev-tw(01|02|03|04).cern.ch|/DC=ch/DC=cern/OU=Organic Units/OU=Users/CN=cmscrab/CN=(817881|373708)/CN=Robot: cms crab|/DC=ch/DC=cern/OU=Organic Units/OU=Users/CN=crabint1/CN=373708/CN=Robot: CMS CRAB Integration 1
DEBUG 2025-04-02 08:29:29.436 UTC: 	 Executing command :
 voms-proxy-info --identity --file /tmp/x509up_u1000
DEBUG 2025-04-02 08:29:29.807 UTC: 	 output : /DC=ch/DC=cern/OU=Organic Units/OU=Users/CN=choij/CN=841389/CN=Jin Choi

 error: 
 retcode : 0
DEBUG 2025-04-02 08:29:29.807 UTC: 	 Getting myproxy life time left for 62145c27448958522230f1583fedca774537a25d
DEBUG 2025-04-02 08:29:29.807 UTC: 	 Executing command :
 myproxy-info -s myproxy.cern.ch -l 62145c27448958522230f1583fedca774537a25d
DEBUG 2025-04-02 08:29:32.866 UTC: 	 output : username: 62145c27448958522230f1583fedca774537a25d
owner: /DC=ch/DC=cern/OU=Organic Units/OU=Users/CN=choij/CN=841389/CN=Jin Choi
  renewal policy: /DC=ch/DC=cern/OU=computers/CN=crab-(preprod|prod)-tw(01|02).cern.ch|/DC=ch/DC=cern/OU=computers/CN=crab-dev-tw(01|02|03|04).cern.ch|/DC=ch/DC=cern/OU=Organic Units/OU=Users/CN=cmscrab/CN=(817881|373708)/CN=Robot: cms crab|/DC=ch/DC=cern/OU=Organic Units/OU=Users/CN=crabint1/CN=373708/CN=Robot: CMS CRAB Integration 1
  trusted retrieval policy: /DC=ch/DC=cern/OU=computers/CN=crab-(preprod|prod)-tw(01|02).cern.ch|/DC=ch/DC=cern/OU=computers/CN=crab-dev-tw(01|02|03|04).cern.ch|/DC=ch/DC=cern/OU=Organic Units/OU=Users/CN=cmscrab/CN=(817881|373708)/CN=Robot: cms crab|/DC=ch/DC=cern/OU=Organic Units/OU=Users/CN=crabint1/CN=373708/CN=Robot: CMS CRAB Integration 1
  timeleft: 524:46:32  (21.9 days)

 error: 
 retcode : 0
DEBUG 2025-04-02 08:29:32.866 UTC: 	 Myproxy is valid: 1889160
DEBUG 2025-04-02 08:29:32.866 UTC: 	 Result of myproxy credential check:
  Credential exists on myproxy: username: 62145c27448958522230f1583fedca774537a25d  - validity: 21 days, 20:46:00
DEBUG 2025-04-02 08:29:32.866 UTC: 	 Command use: submit
DEBUG 2025-04-02 08:29:32.866 UTC: 	 Options use: ['-c', 'crab_config_DY1j_LO_5f_FORTRAN.py']
DEBUG 2025-04-02 08:29:32.867 UTC: 	 Encoded data for curl request: subresource=version
DEBUG 2025-04-02 08:31:48.697 UTC: 	 CRABClient version: v3.250318
DEBUG 2025-04-02 08:31:48.697 UTC: 	 Instance is prod
DEBUG 2025-04-02 08:31:48.697 UTC: 	 Server base url is cmsweb.cern.ch
DEBUG 2025-04-02 08:31:48.697 UTC: 	 Command api workflow
DEBUG 2025-04-02 08:31:48.697 UTC: 	 Started submission
DEBUG 2025-04-02 08:31:48.697 UTC: 	 Working on /home/choij/workspace/CustomNanoGEN_CMSSW_13_0_13/src/Configuration/CustomNanoGEN/crab/crab_projects/crab_DY1j_LO_5f_FORTRAN
DEBUG 2025-04-02 08:31:48.697 UTC: 	 Encoded data for curl request: subresource=backendurls
DEBUG 2025-04-02 08:31:49.544 UTC: 	 Loading required information from the environment
DEBUG 2025-04-02 08:31:49.544 UTC: 	 Found CMSSW_13_0_13 for el8_amd64_gcc11 with base /home/choij/workspace/CustomNanoGEN_CMSSW_13_0_13
DEBUG 2025-04-02 08:31:49.544 UTC: 	 UNIQUE NAME: tarUUID 6d3cb82c-3b23-4463-9c1d-55b12697e251 
DEBUG 2025-04-02 08:31:49.544 UTC: 	 self.config: from WMCore.Configuration import Configuration
config = Configuration()
config.section_('General')
config.General.transferOutputs = True
config.General.workArea = 'crab_projects'
config.General.requestName = 'DY1j_LO_5f_FORTRAN'
config.General.transferLogs = False
config.section_('JobType')
config.JobType.numCores = 1
config.JobType.pluginName = 'PrivateMC'
config.JobType.psetName = '../configs/Hadronizer_TuneCP5_13p6TeV_DY1j_LO_5f_FORTRAN_LHE_pythia8_cfg.py'
config.JobType.allowUndistributedCMSSW = False
config.section_('Data')
config.Data.outputPrimaryDataset = 'Validation'
config.Data.publication = False
config.Data.totalUnits = 200000
config.Data.outputDatasetTag = 'Run3Summer23wmLHEGS'
config.Data.unitsPerJob = 5000
config.Data.splitting = 'EventBased'
config.Data.outLFNDirBase = '/store/user/choij/CustomNanoGEN'
config.section_('Site')
config.Site.storageSite = 'T3_KR_KNU'
config.section_('User')
config.section_('Debug')

DEBUG 2025-04-02 08:31:49.544 UTC: 	 self.config.JobType.psetName: ../configs/Hadronizer_TuneCP5_13p6TeV_DY1j_LO_5f_FORTRAN_LHE_pythia8_cfg.py
INFO 2025-04-02 08:31:49.544 UTC: 	 Importing CMSSW configuration ../configs/Hadronizer_TuneCP5_13p6TeV_DY1j_LO_5f_FORTRAN_LHE_pythia8_cfg.py
INFO 2025-04-02 08:31:50.273 UTC: 	 Finished importing CMSSW configuration ../configs/Hadronizer_TuneCP5_13p6TeV_DY1j_LO_5f_FORTRAN_LHE_pythia8_cfg.py
DEBUG 2025-04-02 08:31:50.273 UTC: 	 Writing CMSSW configuration to /home/choij/workspace/CustomNanoGEN_CMSSW_13_0_13/src/Configuration/CustomNanoGEN/crab/crab_projects/crab_DY1j_LO_5f_FORTRAN/inputs/PSet.py
DEBUG 2025-04-02 08:31:50.374 UTC: 	 The following EDM output files will be collected: ['NANOGEN.root']
DEBUG 2025-04-02 08:31:50.374 UTC: 	 The following TFile output files will be collected: []
DEBUG 2025-04-02 08:31:50.374 UTC: 	 The following user output files (not listed as PoolOuputModule or TFileService in the CMSSW PSet) will be collected: 
DEBUG 2025-04-02 08:31:50.374 UTC: 	 Loading required information from the environment
DEBUG 2025-04-02 08:31:50.374 UTC: 	 Found CMSSW_13_0_13 for el8_amd64_gcc11 with base /home/choij/workspace/CustomNanoGEN_CMSSW_13_0_13
DEBUG 2025-04-02 08:31:50.374 UTC: 	 Making tarball in /home/choij/workspace/CustomNanoGEN_CMSSW_13_0_13/src/Configuration/CustomNanoGEN/crab/crab_projects/crab_DY1j_LO_5f_FORTRAN/inputs/6d3cb82c-3b23-4463-9c1d-55b12697e251default.tgz
DEBUG 2025-04-02 08:31:50.375 UTC: 	 Checking directory /home/choij/workspace/CustomNanoGEN_CMSSW_13_0_13/bin
DEBUG 2025-04-02 08:31:50.375 UTC: 	 Adding directory /home/choij/workspace/CustomNanoGEN_CMSSW_13_0_13/bin to tarball
DEBUG 2025-04-02 08:31:50.376 UTC: 	 Checking directory /home/choij/workspace/CustomNanoGEN_CMSSW_13_0_13/python
DEBUG 2025-04-02 08:31:50.377 UTC: 	 Adding directory /home/choij/workspace/CustomNanoGEN_CMSSW_13_0_13/python to tarball
DEBUG 2025-04-02 08:31:50.379 UTC: 	 Checking directory /home/choij/workspace/CustomNanoGEN_CMSSW_13_0_13/cfipython
DEBUG 2025-04-02 08:31:50.379 UTC: 	 Adding directory /home/choij/workspace/CustomNanoGEN_CMSSW_13_0_13/cfipython to tarball
DEBUG 2025-04-02 08:31:50.379 UTC: 	 Checking directory /home/choij/workspace/CustomNanoGEN_CMSSW_13_0_13/lib
DEBUG 2025-04-02 08:31:50.379 UTC: 	 Adding directory /home/choij/workspace/CustomNanoGEN_CMSSW_13_0_13/lib to tarball
DEBUG 2025-04-02 08:31:50.380 UTC: 	 Checking directory /home/choij/workspace/CustomNanoGEN_CMSSW_13_0_13/biglib
DEBUG 2025-04-02 08:31:50.380 UTC: 	 Adding directory /home/choij/workspace/CustomNanoGEN_CMSSW_13_0_13/biglib to tarball
DEBUG 2025-04-02 08:31:50.380 UTC: 	 Checking directory /home/choij/workspace/CustomNanoGEN_CMSSW_13_0_13/module
DEBUG 2025-04-02 08:31:50.380 UTC: 	 Checking directory /home/choij/workspace/CustomNanoGEN_CMSSW_13_0_13/config/SCRAM/hooks
DEBUG 2025-04-02 08:31:50.380 UTC: 	 Adding directory /home/choij/workspace/CustomNanoGEN_CMSSW_13_0_13/config/SCRAM/hooks to tarball
DEBUG 2025-04-02 08:31:50.385 UTC: 	 Adding directory /home/choij/workspace/CustomNanoGEN_CMSSW_13_0_13/src/Configuration/CustomNanoGEN/python to tarball
DEBUG 2025-04-02 08:31:50.539 UTC: 	 Uploading archive /home/choij/workspace/CustomNanoGEN_CMSSW_13_0_13/src/Configuration/CustomNanoGEN/crab/crab_projects/crab_DY1j_LO_5f_FORTRAN/inputs/6d3cb82c-3b23-4463-9c1d-55b12697e251default.tgz (198 KB) to the CRAB cache. Using URI https://cmsweb.cern.ch/S3/crabcache_prod
DEBUG 2025-04-02 08:31:50.630 UTC: 	 Encoded data for curl request: subresource=upload&objecttype=sandbox&tarballname=333d4ebf42e4e3da9b7b41a271cf2f2e929d7a691d7b97b5231974de89a0020f.tar.gz
DEBUG 2025-04-02 08:34:03.892 UTC: 	 Will execute:
curl -f -v -X POST  -H "User-Agent: CRAB" -F "key=choij/sandboxes/333d4ebf42e4e3da9b7b41a271cf2f2e929d7a691d7b97b5231974de89a0020f.tar.gz" -F "AWSAccessKeyId=715203df6482458ba839e73e6dab634b" -F "policy=eyJleHBpcmF0aW9uIjogIjIwMjUtMDQtMDJUMDk6MzQ6MDNaIiwgImNvbmRpdGlvbnMiOiBbeyJidWNrZXQiOiAiY3JhYmNhY2hlX3Byb2QifSwgeyJrZXkiOiAiY2hvaWovc2FuZGJveGVzLzMzM2Q0ZWJmNDJlNGUzZGE5YjdiNDFhMjcxY2YyZjJlOTI5ZDdhNjkxZDdiOTdiNTIzMTk3NGRlODlhMDAyMGYudGFyLmd6In1dfQ==" -F "signature=q+iKk1mwX7jlP8S1ZxihgMniFYQ=" -F "file=@/home/choij/workspace/CustomNanoGEN_CMSSW_13_0_13/src/Configuration/CustomNanoGEN/crab/crab_projects/crab_DY1j_LO_5f_FORTRAN/inputs/6d3cb82c-3b23-4463-9c1d-55b12697e251default.tgz" "https://s3.cern.ch/crabcache_prod"
DEBUG 2025-04-02 08:34:05.804 UTC: 	 exitcode: 0
stdout: b''
DEBUG 2025-04-02 08:34:05.804 UTC: 	 upload to S3 of sandbox /home/choij/workspace/CustomNanoGEN_CMSSW_13_0_13/src/Configuration/CustomNanoGEN/crab/crab_projects/crab_DY1j_LO_5f_FORTRAN/inputs/6d3cb82c-3b23-4463-9c1d-55b12697e251default.tgz completed
DEBUG 2025-04-02 08:34:05.804 UTC: 	 make sure that object is ready for retrieve
DEBUG 2025-04-02 08:34:06.806 UTC: 	 Encoded data for curl request: subresource=download&objecttype=sandbox&tarballname=333d4ebf42e4e3da9b7b41a271cf2f2e929d7a691d7b97b5231974de89a0020f.tar.gz&clientmethod=head_object
DEBUG 2025-04-02 08:36:23.131 UTC: 	 PreSignedUrl to download sandbox received OK
DEBUG 2025-04-02 08:36:23.135 UTC: 	 Will execute:
 curl -v -s -f -o /dev/null --head  "https://s3.cern.ch/crabcache_prod/choij/sandboxes/333d4ebf42e4e3da9b7b41a271cf2f2e929d7a691d7b97b5231974de89a0020f.tar.gz?AWSAccessKeyId=715203df6482458ba839e73e6dab634b&Signature=QfZi5tAdgYQQzxa2eMwhsUrFY3Q%3D&Expires=1743586582"
DEBUG 2025-04-02 08:36:24.224 UTC: 	 exitcode: 0
stdout: b''
DEBUG 2025-04-02 08:36:24.224 UTC: 	 sandbox /home/choij/workspace/CustomNanoGEN_CMSSW_13_0_13/src/Configuration/CustomNanoGEN/crab/crab_projects/crab_DY1j_LO_5f_FORTRAN/inputs/6d3cb82c-3b23-4463-9c1d-55b12697e251default.tgz successfully uploaded to S3
DEBUG 2025-04-02 08:36:24.224 UTC: 	 Loading required information from the environment
DEBUG 2025-04-02 08:36:24.224 UTC: 	 Found CMSSW_13_0_13 for el8_amd64_gcc11 with base /home/choij/workspace/CustomNanoGEN_CMSSW_13_0_13
DEBUG 2025-04-02 08:36:24.224 UTC: 	 Making tarball in /home/choij/workspace/CustomNanoGEN_CMSSW_13_0_13/src/Configuration/CustomNanoGEN/crab/crab_projects/crab_DY1j_LO_5f_FORTRAN/inputs/debugFiles.tgz
DEBUG 2025-04-02 08:36:24.227 UTC: 	 Uploading archive /home/choij/workspace/CustomNanoGEN_CMSSW_13_0_13/src/Configuration/CustomNanoGEN/crab/crab_projects/crab_DY1j_LO_5f_FORTRAN/inputs/debugFiles.tgz (3 KB) to the CRAB cache. Using URI https://cmsweb.cern.ch/S3/crabcache_prod
DEBUG 2025-04-02 08:36:24.229 UTC: 	 Encoded data for curl request: subresource=upload&objecttype=sandbox&tarballname=a444cdfb7c9c874ced09803a85b8611d770eff8ebad9d312394f5c9881fd2d61.tar.gz
DEBUG 2025-04-02 08:36:25.064 UTC: 	 Will execute:
curl -f -v -X POST  -H "User-Agent: CRAB" -F "key=choij/sandboxes/a444cdfb7c9c874ced09803a85b8611d770eff8ebad9d312394f5c9881fd2d61.tar.gz" -F "AWSAccessKeyId=715203df6482458ba839e73e6dab634b" -F "policy=eyJleHBpcmF0aW9uIjogIjIwMjUtMDQtMDJUMDk6MzY6MjRaIiwgImNvbmRpdGlvbnMiOiBbeyJidWNrZXQiOiAiY3JhYmNhY2hlX3Byb2QifSwgeyJrZXkiOiAiY2hvaWovc2FuZGJveGVzL2E0NDRjZGZiN2M5Yzg3NGNlZDA5ODAzYTg1Yjg2MTFkNzcwZWZmOGViYWQ5ZDMxMjM5NGY1Yzk4ODFmZDJkNjEudGFyLmd6In1dfQ==" -F "signature=9GbDfDeZFv7caQdhM93N9PbVusk=" -F "file=@/home/choij/workspace/CustomNanoGEN_CMSSW_13_0_13/src/Configuration/CustomNanoGEN/crab/crab_projects/crab_DY1j_LO_5f_FORTRAN/inputs/debugFiles.tgz" "https://s3.cern.ch/crabcache_prod"
DEBUG 2025-04-02 08:36:25.904 UTC: 	 exitcode: 0
stdout: b''
DEBUG 2025-04-02 08:36:25.904 UTC: 	 upload to S3 of sandbox /home/choij/workspace/CustomNanoGEN_CMSSW_13_0_13/src/Configuration/CustomNanoGEN/crab/crab_projects/crab_DY1j_LO_5f_FORTRAN/inputs/debugFiles.tgz completed
DEBUG 2025-04-02 08:36:25.904 UTC: 	 make sure that object is ready for retrieve
DEBUG 2025-04-02 08:36:26.906 UTC: 	 Encoded data for curl request: subresource=download&objecttype=sandbox&tarballname=a444cdfb7c9c874ced09803a85b8611d770eff8ebad9d312394f5c9881fd2d61.tar.gz&clientmethod=head_object
DEBUG 2025-04-02 08:36:27.737 UTC: 	 PreSignedUrl to download sandbox received OK
DEBUG 2025-04-02 08:36:27.740 UTC: 	 Will execute:
 curl -v -s -f -o /dev/null --head  "https://s3.cern.ch/crabcache_prod/choij/sandboxes/a444cdfb7c9c874ced09803a85b8611d770eff8ebad9d312394f5c9881fd2d61.tar.gz?AWSAccessKeyId=715203df6482458ba839e73e6dab634b&Signature=bi4X0VGn660iJ5cXR4uSC6CHTJ4%3D&Expires=1743586587"
DEBUG 2025-04-02 08:36:28.557 UTC: 	 exitcode: 0
stdout: b''
DEBUG 2025-04-02 08:36:28.557 UTC: 	 sandbox /home/choij/workspace/CustomNanoGEN_CMSSW_13_0_13/src/Configuration/CustomNanoGEN/crab/crab_projects/crab_DY1j_LO_5f_FORTRAN/inputs/debugFiles.tgz successfully uploaded to S3
DEBUG 2025-04-02 08:36:28.557 UTC: 	 Result uploading input files: 333d4ebf42e4e3da9b7b41a271cf2f2e929d7a691d7b97b5231974de89a0020f.tar.gz 
DEBUG 2025-04-02 08:36:28.558 UTC: 	 submit() - self.configuration from WMCore.Configuration import Configuration
config = Configuration()
config.section_('General')
config.General.transferOutputs = True
config.General.workArea = 'crab_projects'
config.General.requestName = 'DY1j_LO_5f_FORTRAN'
config.General.transferLogs = False
config.section_('JobType')
config.JobType.numCores = 1
config.JobType.pluginName = 'PrivateMC'
config.JobType.psetName = '../configs/Hadronizer_TuneCP5_13p6TeV_DY1j_LO_5f_FORTRAN_LHE_pythia8_cfg.py'
config.JobType.allowUndistributedCMSSW = False
config.section_('Data')
config.Data.outputPrimaryDataset = 'Validation'
config.Data.publication = False
config.Data.totalUnits = 200000
config.Data.outputDatasetTag = 'Run3Summer23wmLHEGS'
config.Data.unitsPerJob = 5000
config.Data.splitting = 'EventBased'
config.Data.outLFNDirBase = '/store/user/choij/CustomNanoGEN'
config.section_('Site')
config.Site.storageSite = 'T3_KR_KNU'
config.section_('User')
config.section_('Debug')

DEBUG 2025-04-02 08:36:28.558 UTC: 	 submit() - self.configreq {'dryrun': 0, 'workflow': 'crab_DY1j_LO_5f_FORTRAN', 'saveoutput': 1, 'savelogsflag': 0, 'primarydataset': 'Validation', 'nonvaliddata': 0, 'userfiles': [], 'dbsurl': 'https://cmsweb.cern.ch/dbs/prod/global/DBSReader', 'useparent': 0, 'ignorelocality': 0, 'splitalgo': 'EventBased', 'algoargs': 5000, 'totalunits': 200000, 'lfn': '/store/user/choij/CustomNanoGEN', 'publication': 0, 'publishdbsurl': 'https://cmsweb.cern.ch/dbs/prod/phys03/DBSWriter', 'publishname2': 'Run3Summer23wmLHEGS', 'jobtype': 'PrivateMC', 'generator': 'pythia', 'addoutputfiles': [], 'maxjobruntime': 1250, 'numcores': 1, 'maxmemory': 2000, 'priority': 10, 'nonprodsw': 0, 'asyncdest': 'T3_KR_KNU', 'requireaccelerator': 0, 'oneEventMode': 0, 'extrajdl': [], 'ignoreglobalblacklist': 0, 'partialdataset': 0, 'inputblocks': []}
DEBUG 2025-04-02 08:36:28.558 UTC: 	 submit() - jobconfig {'addoutputfiles': [], 'tfileoutfiles': [], 'edmoutfiles': ['NANOGEN.root'], 'jobarch': 'el8_amd64_gcc11', 'jobminuarch': 'any', 'jobsw': 'CMSSW_13_0_13', 'cacheurl': 'https://cmsweb.cern.ch/S3/crabcache_prod', 'cachefilename': '333d4ebf42e4e3da9b7b41a271cf2f2e929d7a691d7b97b5231974de89a0020f.tar.gz', 'debugfilename': 'a444cdfb7c9c874ced09803a85b8611d770eff8ebad9d312394f5c9881fd2d61.tar.gz', 'jobtype': 'PrivateMC', 'primarydataset': 'Validation'}
INFO 2025-04-02 08:36:28.558 UTC: 	 Sending the request to the server at cmsweb.cern.ch
DEBUG 2025-04-02 08:36:28.558 UTC: 	 Submitting {'dryrun': 0, 'workflow': 'crab_DY1j_LO_5f_FORTRAN', 'saveoutput': 1, 'savelogsflag': 0, 'primarydataset': 'Validation', 'nonvaliddata': 0, 'userfiles': [], 'dbsurl': 'https://cmsweb.cern.ch/dbs/prod/global/DBSReader', 'useparent': 0, 'ignorelocality': 0, 'splitalgo': 'EventBased', 'algoargs': 5000, 'totalunits': 200000, 'lfn': '/store/user/choij/CustomNanoGEN', 'publication': 0, 'publishdbsurl': 'https://cmsweb.cern.ch/dbs/prod/phys03/DBSWriter', 'publishname2': 'Run3Summer23wmLHEGS', 'jobtype': 'PrivateMC', 'generator': 'pythia', 'addoutputfiles': [], 'maxjobruntime': 1250, 'numcores': 1, 'maxmemory': 2000, 'priority': 10, 'nonprodsw': 0, 'asyncdest': 'T3_KR_KNU', 'requireaccelerator': 0, 'oneEventMode': 0, 'extrajdl': [], 'ignoreglobalblacklist': 0, 'partialdataset': 0, 'inputblocks': [], 'tfileoutfiles': [], 'edmoutfiles': ['NANOGEN.root'], 'jobarch': 'el8_amd64_gcc11', 'jobminuarch': 'any', 'jobsw': 'CMSSW_13_0_13', 'cacheurl': 'https://cmsweb.cern.ch/S3/crabcache_prod', 'cachefilename': '333d4ebf42e4e3da9b7b41a271cf2f2e929d7a691d7b97b5231974de89a0020f.tar.gz', 'debugfilename': 'a444cdfb7c9c874ced09803a85b8611d770eff8ebad9d312394f5c9881fd2d61.tar.gz'} 
DEBUG 2025-04-02 08:36:28.558 UTC: 	 Encoded data for curl request: dryrun=0&workflow=crab_DY1j_LO_5f_FORTRAN&saveoutput=1&savelogsflag=0&primarydataset=Validation&nonvaliddata=0&dbsurl=https%3A%2F%2Fcmsweb.cern.ch%2Fdbs%2Fprod%2Fglobal%2FDBSReader&useparent=0&ignorelocality=0&splitalgo=EventBased&algoargs=5000&totalunits=200000&lfn=%2Fstore%2Fuser%2Fchoij%2FCustomNanoGEN&publication=0&publishdbsurl=https%3A%2F%2Fcmsweb.cern.ch%2Fdbs%2Fprod%2Fphys03%2FDBSWriter&publishname2=Run3Summer23wmLHEGS&jobtype=PrivateMC&generator=pythia&maxjobruntime=1250&numcores=1&maxmemory=2000&priority=10&nonprodsw=0&asyncdest=T3_KR_KNU&requireaccelerator=0&oneEventMode=0&ignoreglobalblacklist=0&partialdataset=0&jobarch=el8_amd64_gcc11&jobminuarch=any&jobsw=CMSSW_13_0_13&cacheurl=https%3A%2F%2Fcmsweb.cern.ch%2FS3%2Fcrabcache_prod&cachefilename=333d4ebf42e4e3da9b7b41a271cf2f2e929d7a691d7b97b5231974de89a0020f.tar.gz&debugfilename=a444cdfb7c9c874ced09803a85b8611d770eff8ebad9d312394f5c9881fd2d61.tar.gz&edmoutfiles=NANOGEN.root
DEBUG 2025-04-02 08:36:29.410 UTC: 	 Result: {'result': [{'RequestName': '250402_083629:choij_crab_DY1j_LO_5f_FORTRAN'}]}
INFO 2025-04-02 08:36:29.411 UTC: 	 Success: Your task has been delivered to the prod CRAB3 server.
INFO 2025-04-02 08:36:29.411 UTC: 	 Task name: 250402_083629:choij_crab_DY1j_LO_5f_FORTRAN
INFO 2025-04-02 08:36:29.411 UTC: 	 Project dir: crab_projects/crab_DY1j_LO_5f_FORTRAN
INFO 2025-04-02 08:36:29.411 UTC: 	 Please use ' crab status -d crab_projects/crab_DY1j_LO_5f_FORTRAN ' to check how the submission process proceeds.
DEBUG 2025-04-02 08:36:29.411 UTC: 	 About to return
INFO 2025-04-02 08:36:29.412 UTC: 	 Log file is /home/choij/workspace/CustomNanoGEN_CMSSW_13_0_13/src/Configuration/CustomNanoGEN/crab/crab_projects/crab_DY1j_LO_5f_FORTRAN/crab.log
