DEBUG 2025-04-02 11:56:08.016 UTC: 	 CRAB Client version: v3.250318
DEBUG 2025-04-02 11:56:08.016 UTC: 	 Running on: Linux private-snu 6.13.8-200.fc41.x86_64 #1 SMP PREEMPT_DYNAMIC Sun Mar 23 05:03:09 UTC 2025 x86_64 x86_64 x86_64 GNU/Linux
DEBUG 2025-04-02 11:56:08.016 UTC: 	 Using SINGULARITY image: private-el9.sif
DEBUG 2025-04-02 11:56:08.016 UTC: 	 Operating System: AlmaLinux 9.5 (Teal Serval)
DEBUG 2025-04-02 11:56:08.016 UTC: 	 Executing command: 'submit'
DEBUG 2025-04-02 11:56:08.016 UTC: 	 Found CRAB cache file /home/choij/.crab3
INFO 2025-04-02 11:56:08.017 UTC: 	 Will use CRAB configuration file crab_config_W1j_LO_5f_LEGACY.py
DEBUG 2025-04-02 11:56:08.017 UTC: 	 Loading CRAB configuration file.
DEBUG 2025-04-02 11:56:09.703 UTC: 	 Will use CRAB plugin PRIVATEMC (i.e. will run an a MC generation job type).
DEBUG 2025-04-02 11:56:09.703 UTC: 	 Checking credentials
DEBUG 2025-04-02 11:56:09.703 UTC: 	 Found proxy file /tmp/x509up_u1000
DEBUG 2025-04-02 11:56:09.703 UTC: 	 Making sure it has proper VOMS extension
DEBUG 2025-04-02 11:56:09.703 UTC: 	 Executing command :
 voms-proxy-info --vo --file /tmp/x509up_u1000
DEBUG 2025-04-02 11:56:09.989 UTC: 	 output : cms

 error: 
 retcode : 0
DEBUG 2025-04-02 11:56:09.990 UTC: 	 Getting proxy life time left
DEBUG 2025-04-02 11:56:09.990 UTC: 	 Executing command :
 voms-proxy-info --actimeleft --timeleft --file /tmp/x509up_u1000
DEBUG 2025-04-02 11:56:10.277 UTC: 	 output : 581699
581699

 error: 
 retcode : 0
DEBUG 2025-04-02 11:56:10.277 UTC: 	 Proxy valid for 161:34:59 hours
DEBUG 2025-04-02 11:56:10.277 UTC: 	 Encoded data for curl request: subresource=delegatedn
DEBUG 2025-04-02 11:58:27.300 UTC: 	 Registering user credentials on myproxy for /DC=ch/DC=cern/OU=computers/CN=crab-(preprod|prod)-tw(01|02).cern.ch|/DC=ch/DC=cern/OU=computers/CN=crab-dev-tw(01|02|03|04).cern.ch|/DC=ch/DC=cern/OU=Organic Units/OU=Users/CN=cmscrab/CN=(817881|373708)/CN=Robot: cms crab|/DC=ch/DC=cern/OU=Organic Units/OU=Users/CN=crabint1/CN=373708/CN=Robot: CMS CRAB Integration 1
DEBUG 2025-04-02 11:58:27.301 UTC: 	 Executing command :
 voms-proxy-info --identity --file /tmp/x509up_u1000
DEBUG 2025-04-02 11:58:27.597 UTC: 	 output : /DC=ch/DC=cern/OU=Organic Units/OU=Users/CN=choij/CN=841389/CN=Jin Choi

 error: 
 retcode : 0
DEBUG 2025-04-02 11:58:27.597 UTC: 	 Getting myproxy life time left for 62145c27448958522230f1583fedca774537a25d
DEBUG 2025-04-02 11:58:27.597 UTC: 	 Executing command :
 myproxy-info -s myproxy.cern.ch -l 62145c27448958522230f1583fedca774537a25d
DEBUG 2025-04-02 11:58:29.216 UTC: 	 output : username: 62145c27448958522230f1583fedca774537a25d
owner: /DC=ch/DC=cern/OU=Organic Units/OU=Users/CN=choij/CN=841389/CN=Jin Choi
  renewal policy: /DC=ch/DC=cern/OU=computers/CN=crab-(preprod|prod)-tw(01|02).cern.ch|/DC=ch/DC=cern/OU=computers/CN=crab-dev-tw(01|02|03|04).cern.ch|/DC=ch/DC=cern/OU=Organic Units/OU=Users/CN=cmscrab/CN=(817881|373708)/CN=Robot: cms crab|/DC=ch/DC=cern/OU=Organic Units/OU=Users/CN=crabint1/CN=373708/CN=Robot: CMS CRAB Integration 1
  trusted retrieval policy: /DC=ch/DC=cern/OU=computers/CN=crab-(preprod|prod)-tw(01|02).cern.ch|/DC=ch/DC=cern/OU=computers/CN=crab-dev-tw(01|02|03|04).cern.ch|/DC=ch/DC=cern/OU=Organic Units/OU=Users/CN=cmscrab/CN=(817881|373708)/CN=Robot: cms crab|/DC=ch/DC=cern/OU=Organic Units/OU=Users/CN=crabint1/CN=373708/CN=Robot: CMS CRAB Integration 1
  timeleft: 521:17:35  (21.7 days)

 error: 
 retcode : 0
DEBUG 2025-04-02 11:58:29.217 UTC: 	 Myproxy is valid: 1876620
DEBUG 2025-04-02 11:58:29.217 UTC: 	 Result of myproxy credential check:
  Credential exists on myproxy: username: 62145c27448958522230f1583fedca774537a25d  - validity: 21 days, 17:17:00
DEBUG 2025-04-02 11:58:29.217 UTC: 	 Command use: submit
DEBUG 2025-04-02 11:58:29.217 UTC: 	 Options use: ['-c', 'crab_config_W1j_LO_5f_LEGACY.py']
DEBUG 2025-04-02 11:58:29.217 UTC: 	 Encoded data for curl request: subresource=version
DEBUG 2025-04-02 11:58:30.082 UTC: 	 CRABClient version: v3.250318
DEBUG 2025-04-02 11:58:30.083 UTC: 	 Instance is prod
DEBUG 2025-04-02 11:58:30.083 UTC: 	 Server base url is cmsweb.cern.ch
DEBUG 2025-04-02 11:58:30.083 UTC: 	 Command api workflow
DEBUG 2025-04-02 11:58:30.083 UTC: 	 Started submission
DEBUG 2025-04-02 11:58:30.083 UTC: 	 Working on /home/choij/workspace/CustomNanoGEN_CMSSW_13_0_13/src/Configuration/CustomNanoGEN/crab/crab_projects/crab_W1j_LO_5f_LEGACY
DEBUG 2025-04-02 11:58:30.083 UTC: 	 Encoded data for curl request: subresource=backendurls
DEBUG 2025-04-02 11:58:30.930 UTC: 	 Loading required information from the environment
DEBUG 2025-04-02 11:58:30.930 UTC: 	 Found CMSSW_13_0_13 for el9_amd64_gcc11 with base /home/choij/workspace/CustomNanoGEN_CMSSW_13_0_13
DEBUG 2025-04-02 11:58:30.930 UTC: 	 UNIQUE NAME: tarUUID be427251-5d6a-4df0-b5fa-0775b10af9e3 
DEBUG 2025-04-02 11:58:30.930 UTC: 	 self.config: from WMCore.Configuration import Configuration
config = Configuration()
config.section_('General')
config.General.workArea = 'crab_projects'
config.General.transferLogs = False
config.General.transferOutputs = True
config.General.requestName = 'W1j_LO_5f_LEGACY'
config.section_('JobType')
config.JobType.psetName = '../configs/Hadronizer_TuneCP5_13p6TeV_W1j_LO_5f_LEGACY_LHE_pythia8_cfg.py'
config.JobType.maxMemoryMB = 5000
config.JobType.pluginName = 'PrivateMC'
config.JobType.allowUndistributedCMSSW = False
config.JobType.numCores = 1
config.section_('Data')
config.Data.publication = False
config.Data.splitting = 'EventBased'
config.Data.outLFNDirBase = '/store/user/choij/MG4GPU/Validation'
config.Data.outputDatasetTag = 'Run3Summer23wmLHEGS'
config.Data.outputPrimaryDataset = 'W1j_LO_5f_LEGACY'
config.Data.totalUnits = 160000
config.Data.unitsPerJob = 4000
config.section_('Site')
config.Site.storageSite = 'T3_KR_KNU'
config.section_('User')
config.section_('Debug')

DEBUG 2025-04-02 11:58:30.930 UTC: 	 self.config.JobType.psetName: ../configs/Hadronizer_TuneCP5_13p6TeV_W1j_LO_5f_LEGACY_LHE_pythia8_cfg.py
INFO 2025-04-02 11:58:30.930 UTC: 	 Importing CMSSW configuration ../configs/Hadronizer_TuneCP5_13p6TeV_W1j_LO_5f_LEGACY_LHE_pythia8_cfg.py
INFO 2025-04-02 11:58:31.546 UTC: 	 Finished importing CMSSW configuration ../configs/Hadronizer_TuneCP5_13p6TeV_W1j_LO_5f_LEGACY_LHE_pythia8_cfg.py
DEBUG 2025-04-02 11:58:31.546 UTC: 	 Writing CMSSW configuration to /home/choij/workspace/CustomNanoGEN_CMSSW_13_0_13/src/Configuration/CustomNanoGEN/crab/crab_projects/crab_W1j_LO_5f_LEGACY/inputs/PSet.py
DEBUG 2025-04-02 11:58:31.647 UTC: 	 The following EDM output files will be collected: ['NANOGEN.root']
DEBUG 2025-04-02 11:58:31.647 UTC: 	 The following TFile output files will be collected: []
DEBUG 2025-04-02 11:58:31.647 UTC: 	 The following user output files (not listed as PoolOuputModule or TFileService in the CMSSW PSet) will be collected: 
DEBUG 2025-04-02 11:58:31.647 UTC: 	 Loading required information from the environment
DEBUG 2025-04-02 11:58:31.647 UTC: 	 Found CMSSW_13_0_13 for el9_amd64_gcc11 with base /home/choij/workspace/CustomNanoGEN_CMSSW_13_0_13
DEBUG 2025-04-02 11:58:31.647 UTC: 	 Making tarball in /home/choij/workspace/CustomNanoGEN_CMSSW_13_0_13/src/Configuration/CustomNanoGEN/crab/crab_projects/crab_W1j_LO_5f_LEGACY/inputs/be427251-5d6a-4df0-b5fa-0775b10af9e3default.tgz
DEBUG 2025-04-02 11:58:31.647 UTC: 	 Checking directory /home/choij/workspace/CustomNanoGEN_CMSSW_13_0_13/bin
DEBUG 2025-04-02 11:58:31.647 UTC: 	 Adding directory /home/choij/workspace/CustomNanoGEN_CMSSW_13_0_13/bin to tarball
DEBUG 2025-04-02 11:58:31.648 UTC: 	 Checking directory /home/choij/workspace/CustomNanoGEN_CMSSW_13_0_13/python
DEBUG 2025-04-02 11:58:31.648 UTC: 	 Adding directory /home/choij/workspace/CustomNanoGEN_CMSSW_13_0_13/python to tarball
DEBUG 2025-04-02 11:58:31.651 UTC: 	 Checking directory /home/choij/workspace/CustomNanoGEN_CMSSW_13_0_13/cfipython
DEBUG 2025-04-02 11:58:31.651 UTC: 	 Adding directory /home/choij/workspace/CustomNanoGEN_CMSSW_13_0_13/cfipython to tarball
DEBUG 2025-04-02 11:58:31.651 UTC: 	 Checking directory /home/choij/workspace/CustomNanoGEN_CMSSW_13_0_13/lib
DEBUG 2025-04-02 11:58:31.651 UTC: 	 Adding directory /home/choij/workspace/CustomNanoGEN_CMSSW_13_0_13/lib to tarball
DEBUG 2025-04-02 11:58:31.652 UTC: 	 Checking directory /home/choij/workspace/CustomNanoGEN_CMSSW_13_0_13/biglib
DEBUG 2025-04-02 11:58:31.652 UTC: 	 Adding directory /home/choij/workspace/CustomNanoGEN_CMSSW_13_0_13/biglib to tarball
DEBUG 2025-04-02 11:58:31.652 UTC: 	 Checking directory /home/choij/workspace/CustomNanoGEN_CMSSW_13_0_13/module
DEBUG 2025-04-02 11:58:31.652 UTC: 	 Checking directory /home/choij/workspace/CustomNanoGEN_CMSSW_13_0_13/config/SCRAM/hooks
DEBUG 2025-04-02 11:58:31.652 UTC: 	 Adding directory /home/choij/workspace/CustomNanoGEN_CMSSW_13_0_13/config/SCRAM/hooks to tarball
DEBUG 2025-04-02 11:58:31.657 UTC: 	 Adding directory /home/choij/workspace/CustomNanoGEN_CMSSW_13_0_13/src/Configuration/CustomNanoGEN/python to tarball
DEBUG 2025-04-02 11:58:31.804 UTC: 	 Uploading archive /home/choij/workspace/CustomNanoGEN_CMSSW_13_0_13/src/Configuration/CustomNanoGEN/crab/crab_projects/crab_W1j_LO_5f_LEGACY/inputs/be427251-5d6a-4df0-b5fa-0775b10af9e3default.tgz (198 KB) to the CRAB cache. Using URI https://cmsweb.cern.ch/S3/crabcache_prod
DEBUG 2025-04-02 11:58:31.893 UTC: 	 Encoded data for curl request: subresource=upload&objecttype=sandbox&tarballname=8b94fb2a059487dc57eee10648e369d90fa1f3ef04c343b6a2d21f2dafc390ad.tar.gz
DEBUG 2025-04-02 11:58:32.733 UTC: 	 Will execute:
curl -f -v -X POST  -H "User-Agent: CRAB" -F "key=choij/sandboxes/8b94fb2a059487dc57eee10648e369d90fa1f3ef04c343b6a2d21f2dafc390ad.tar.gz" -F "AWSAccessKeyId=715203df6482458ba839e73e6dab634b" -F "policy=eyJleHBpcmF0aW9uIjogIjIwMjUtMDQtMDJUMTI6NTg6MzJaIiwgImNvbmRpdGlvbnMiOiBbeyJidWNrZXQiOiAiY3JhYmNhY2hlX3Byb2QifSwgeyJrZXkiOiAiY2hvaWovc2FuZGJveGVzLzhiOTRmYjJhMDU5NDg3ZGM1N2VlZTEwNjQ4ZTM2OWQ5MGZhMWYzZWYwNGMzNDNiNmEyZDIxZjJkYWZjMzkwYWQudGFyLmd6In1dfQ==" -F "signature=vHMKuvbjtNBC2XZAjBEEnI/ec3s=" -F "file=@/home/choij/workspace/CustomNanoGEN_CMSSW_13_0_13/src/Configuration/CustomNanoGEN/crab/crab_projects/crab_W1j_LO_5f_LEGACY/inputs/be427251-5d6a-4df0-b5fa-0775b10af9e3default.tgz" "https://s3.cern.ch/crabcache_prod"
DEBUG 2025-04-02 11:58:34.385 UTC: 	 exitcode: 0
stdout: b''
DEBUG 2025-04-02 11:58:34.385 UTC: 	 upload to S3 of sandbox /home/choij/workspace/CustomNanoGEN_CMSSW_13_0_13/src/Configuration/CustomNanoGEN/crab/crab_projects/crab_W1j_LO_5f_LEGACY/inputs/be427251-5d6a-4df0-b5fa-0775b10af9e3default.tgz completed
DEBUG 2025-04-02 11:58:34.385 UTC: 	 make sure that object is ready for retrieve
DEBUG 2025-04-02 11:58:35.387 UTC: 	 Encoded data for curl request: subresource=download&objecttype=sandbox&tarballname=8b94fb2a059487dc57eee10648e369d90fa1f3ef04c343b6a2d21f2dafc390ad.tar.gz&clientmethod=head_object
DEBUG 2025-04-02 11:58:36.215 UTC: 	 PreSignedUrl to download sandbox received OK
DEBUG 2025-04-02 11:58:36.218 UTC: 	 Will execute:
 curl -v -s -f -o /dev/null --head  "https://s3.cern.ch/crabcache_prod/choij/sandboxes/8b94fb2a059487dc57eee10648e369d90fa1f3ef04c343b6a2d21f2dafc390ad.tar.gz?AWSAccessKeyId=715203df6482458ba839e73e6dab634b&Signature=B00vrLOLzdg5rHEUSkJBlW%2BgDWQ%3D&Expires=1743598716"
DEBUG 2025-04-02 11:58:37.047 UTC: 	 exitcode: 0
stdout: b''
DEBUG 2025-04-02 11:58:37.047 UTC: 	 sandbox /home/choij/workspace/CustomNanoGEN_CMSSW_13_0_13/src/Configuration/CustomNanoGEN/crab/crab_projects/crab_W1j_LO_5f_LEGACY/inputs/be427251-5d6a-4df0-b5fa-0775b10af9e3default.tgz successfully uploaded to S3
DEBUG 2025-04-02 11:58:37.047 UTC: 	 Loading required information from the environment
DEBUG 2025-04-02 11:58:37.047 UTC: 	 Found CMSSW_13_0_13 for el9_amd64_gcc11 with base /home/choij/workspace/CustomNanoGEN_CMSSW_13_0_13
DEBUG 2025-04-02 11:58:37.047 UTC: 	 Making tarball in /home/choij/workspace/CustomNanoGEN_CMSSW_13_0_13/src/Configuration/CustomNanoGEN/crab/crab_projects/crab_W1j_LO_5f_LEGACY/inputs/debugFiles.tgz
DEBUG 2025-04-02 11:58:37.050 UTC: 	 Uploading archive /home/choij/workspace/CustomNanoGEN_CMSSW_13_0_13/src/Configuration/CustomNanoGEN/crab/crab_projects/crab_W1j_LO_5f_LEGACY/inputs/debugFiles.tgz (3 KB) to the CRAB cache. Using URI https://cmsweb.cern.ch/S3/crabcache_prod
DEBUG 2025-04-02 11:58:37.052 UTC: 	 Encoded data for curl request: subresource=upload&objecttype=sandbox&tarballname=c5d719f35b5d179edbb184328129e8ff639139c8097c2ea75018b1b6d87abb4a.tar.gz
DEBUG 2025-04-02 11:58:37.898 UTC: 	 Will execute:
curl -f -v -X POST  -H "User-Agent: CRAB" -F "key=choij/sandboxes/c5d719f35b5d179edbb184328129e8ff639139c8097c2ea75018b1b6d87abb4a.tar.gz" -F "AWSAccessKeyId=715203df6482458ba839e73e6dab634b" -F "policy=eyJleHBpcmF0aW9uIjogIjIwMjUtMDQtMDJUMTI6NTg6MzdaIiwgImNvbmRpdGlvbnMiOiBbeyJidWNrZXQiOiAiY3JhYmNhY2hlX3Byb2QifSwgeyJrZXkiOiAiY2hvaWovc2FuZGJveGVzL2M1ZDcxOWYzNWI1ZDE3OWVkYmIxODQzMjgxMjllOGZmNjM5MTM5YzgwOTdjMmVhNzUwMThiMWI2ZDg3YWJiNGEudGFyLmd6In1dfQ==" -F "signature=II0ndkVxUq9104BSxBWWEMZojcE=" -F "file=@/home/choij/workspace/CustomNanoGEN_CMSSW_13_0_13/src/Configuration/CustomNanoGEN/crab/crab_projects/crab_W1j_LO_5f_LEGACY/inputs/debugFiles.tgz" "https://s3.cern.ch/crabcache_prod"
DEBUG 2025-04-02 11:58:38.774 UTC: 	 exitcode: 0
stdout: b''
DEBUG 2025-04-02 11:58:38.774 UTC: 	 upload to S3 of sandbox /home/choij/workspace/CustomNanoGEN_CMSSW_13_0_13/src/Configuration/CustomNanoGEN/crab/crab_projects/crab_W1j_LO_5f_LEGACY/inputs/debugFiles.tgz completed
DEBUG 2025-04-02 11:58:38.774 UTC: 	 make sure that object is ready for retrieve
DEBUG 2025-04-02 11:58:39.776 UTC: 	 Encoded data for curl request: subresource=download&objecttype=sandbox&tarballname=c5d719f35b5d179edbb184328129e8ff639139c8097c2ea75018b1b6d87abb4a.tar.gz&clientmethod=head_object
DEBUG 2025-04-02 12:00:54.760 UTC: 	 PreSignedUrl to download sandbox received OK
DEBUG 2025-04-02 12:00:54.763 UTC: 	 Will execute:
 curl -v -s -f -o /dev/null --head  "https://s3.cern.ch/crabcache_prod/choij/sandboxes/c5d719f35b5d179edbb184328129e8ff639139c8097c2ea75018b1b6d87abb4a.tar.gz?AWSAccessKeyId=715203df6482458ba839e73e6dab634b&Signature=4EuC%2F1HqCvoMsCvxMi49RfK42d0%3D&Expires=1743598854"
DEBUG 2025-04-02 12:00:55.584 UTC: 	 exitcode: 0
stdout: b''
DEBUG 2025-04-02 12:00:55.584 UTC: 	 sandbox /home/choij/workspace/CustomNanoGEN_CMSSW_13_0_13/src/Configuration/CustomNanoGEN/crab/crab_projects/crab_W1j_LO_5f_LEGACY/inputs/debugFiles.tgz successfully uploaded to S3
DEBUG 2025-04-02 12:00:55.584 UTC: 	 Result uploading input files: 8b94fb2a059487dc57eee10648e369d90fa1f3ef04c343b6a2d21f2dafc390ad.tar.gz 
DEBUG 2025-04-02 12:00:55.585 UTC: 	 submit() - self.configuration from WMCore.Configuration import Configuration
config = Configuration()
config.section_('General')
config.General.workArea = 'crab_projects'
config.General.transferLogs = False
config.General.transferOutputs = True
config.General.requestName = 'W1j_LO_5f_LEGACY'
config.section_('JobType')
config.JobType.psetName = '../configs/Hadronizer_TuneCP5_13p6TeV_W1j_LO_5f_LEGACY_LHE_pythia8_cfg.py'
config.JobType.maxMemoryMB = 5000
config.JobType.pluginName = 'PrivateMC'
config.JobType.allowUndistributedCMSSW = False
config.JobType.numCores = 1
config.section_('Data')
config.Data.publication = False
config.Data.splitting = 'EventBased'
config.Data.outLFNDirBase = '/store/user/choij/MG4GPU/Validation'
config.Data.outputDatasetTag = 'Run3Summer23wmLHEGS'
config.Data.outputPrimaryDataset = 'W1j_LO_5f_LEGACY'
config.Data.totalUnits = 160000
config.Data.unitsPerJob = 4000
config.section_('Site')
config.Site.storageSite = 'T3_KR_KNU'
config.section_('User')
config.section_('Debug')

DEBUG 2025-04-02 12:00:55.585 UTC: 	 submit() - self.configreq {'dryrun': 0, 'workflow': 'crab_W1j_LO_5f_LEGACY', 'saveoutput': 1, 'savelogsflag': 0, 'primarydataset': 'W1j_LO_5f_LEGACY', 'nonvaliddata': 0, 'userfiles': [], 'dbsurl': 'https://cmsweb.cern.ch/dbs/prod/global/DBSReader', 'useparent': 0, 'ignorelocality': 0, 'splitalgo': 'EventBased', 'algoargs': 4000, 'totalunits': 160000, 'lfn': '/store/user/choij/MG4GPU/Validation', 'publication': 0, 'publishdbsurl': 'https://cmsweb.cern.ch/dbs/prod/phys03/DBSWriter', 'publishname2': 'Run3Summer23wmLHEGS', 'jobtype': 'PrivateMC', 'generator': 'pythia', 'addoutputfiles': [], 'maxjobruntime': 1250, 'numcores': 1, 'maxmemory': 5000, 'priority': 10, 'nonprodsw': 0, 'asyncdest': 'T3_KR_KNU', 'requireaccelerator': 0, 'oneEventMode': 0, 'extrajdl': [], 'ignoreglobalblacklist': 0, 'partialdataset': 0, 'inputblocks': []}
DEBUG 2025-04-02 12:00:55.585 UTC: 	 submit() - jobconfig {'addoutputfiles': [], 'tfileoutfiles': [], 'edmoutfiles': ['NANOGEN.root'], 'jobarch': 'el9_amd64_gcc11', 'jobminuarch': 'any', 'jobsw': 'CMSSW_13_0_13', 'cacheurl': 'https://cmsweb.cern.ch/S3/crabcache_prod', 'cachefilename': '8b94fb2a059487dc57eee10648e369d90fa1f3ef04c343b6a2d21f2dafc390ad.tar.gz', 'debugfilename': 'c5d719f35b5d179edbb184328129e8ff639139c8097c2ea75018b1b6d87abb4a.tar.gz', 'jobtype': 'PrivateMC', 'primarydataset': 'W1j_LO_5f_LEGACY'}
INFO 2025-04-02 12:00:55.585 UTC: 	 Sending the request to the server at cmsweb.cern.ch
DEBUG 2025-04-02 12:00:55.585 UTC: 	 Submitting {'dryrun': 0, 'workflow': 'crab_W1j_LO_5f_LEGACY', 'saveoutput': 1, 'savelogsflag': 0, 'primarydataset': 'W1j_LO_5f_LEGACY', 'nonvaliddata': 0, 'userfiles': [], 'dbsurl': 'https://cmsweb.cern.ch/dbs/prod/global/DBSReader', 'useparent': 0, 'ignorelocality': 0, 'splitalgo': 'EventBased', 'algoargs': 4000, 'totalunits': 160000, 'lfn': '/store/user/choij/MG4GPU/Validation', 'publication': 0, 'publishdbsurl': 'https://cmsweb.cern.ch/dbs/prod/phys03/DBSWriter', 'publishname2': 'Run3Summer23wmLHEGS', 'jobtype': 'PrivateMC', 'generator': 'pythia', 'addoutputfiles': [], 'maxjobruntime': 1250, 'numcores': 1, 'maxmemory': 5000, 'priority': 10, 'nonprodsw': 0, 'asyncdest': 'T3_KR_KNU', 'requireaccelerator': 0, 'oneEventMode': 0, 'extrajdl': [], 'ignoreglobalblacklist': 0, 'partialdataset': 0, 'inputblocks': [], 'tfileoutfiles': [], 'edmoutfiles': ['NANOGEN.root'], 'jobarch': 'el9_amd64_gcc11', 'jobminuarch': 'any', 'jobsw': 'CMSSW_13_0_13', 'cacheurl': 'https://cmsweb.cern.ch/S3/crabcache_prod', 'cachefilename': '8b94fb2a059487dc57eee10648e369d90fa1f3ef04c343b6a2d21f2dafc390ad.tar.gz', 'debugfilename': 'c5d719f35b5d179edbb184328129e8ff639139c8097c2ea75018b1b6d87abb4a.tar.gz'} 
DEBUG 2025-04-02 12:00:55.585 UTC: 	 Encoded data for curl request: dryrun=0&workflow=crab_W1j_LO_5f_LEGACY&saveoutput=1&savelogsflag=0&primarydataset=W1j_LO_5f_LEGACY&nonvaliddata=0&dbsurl=https%3A%2F%2Fcmsweb.cern.ch%2Fdbs%2Fprod%2Fglobal%2FDBSReader&useparent=0&ignorelocality=0&splitalgo=EventBased&algoargs=4000&totalunits=160000&lfn=%2Fstore%2Fuser%2Fchoij%2FMG4GPU%2FValidation&publication=0&publishdbsurl=https%3A%2F%2Fcmsweb.cern.ch%2Fdbs%2Fprod%2Fphys03%2FDBSWriter&publishname2=Run3Summer23wmLHEGS&jobtype=PrivateMC&generator=pythia&maxjobruntime=1250&numcores=1&maxmemory=5000&priority=10&nonprodsw=0&asyncdest=T3_KR_KNU&requireaccelerator=0&oneEventMode=0&ignoreglobalblacklist=0&partialdataset=0&jobarch=el9_amd64_gcc11&jobminuarch=any&jobsw=CMSSW_13_0_13&cacheurl=https%3A%2F%2Fcmsweb.cern.ch%2FS3%2Fcrabcache_prod&cachefilename=8b94fb2a059487dc57eee10648e369d90fa1f3ef04c343b6a2d21f2dafc390ad.tar.gz&debugfilename=c5d719f35b5d179edbb184328129e8ff639139c8097c2ea75018b1b6d87abb4a.tar.gz&edmoutfiles=NANOGEN.root
DEBUG 2025-04-02 12:00:56.434 UTC: 	 Result: {'result': [{'RequestName': '250402_120056:choij_crab_W1j_LO_5f_LEGACY'}]}
INFO 2025-04-02 12:00:56.434 UTC: 	 Success: Your task has been delivered to the prod CRAB3 server.
INFO 2025-04-02 12:00:56.434 UTC: 	 Task name: 250402_120056:choij_crab_W1j_LO_5f_LEGACY
INFO 2025-04-02 12:00:56.434 UTC: 	 Project dir: crab_projects/crab_W1j_LO_5f_LEGACY
INFO 2025-04-02 12:00:56.434 UTC: 	 Please use ' crab status -d crab_projects/crab_W1j_LO_5f_LEGACY ' to check how the submission process proceeds.
DEBUG 2025-04-02 12:00:56.434 UTC: 	 About to return
INFO 2025-04-02 12:00:56.436 UTC: 	 Log file is /home/choij/workspace/CustomNanoGEN_CMSSW_13_0_13/src/Configuration/CustomNanoGEN/crab/crab_projects/crab_W1j_LO_5f_LEGACY/crab.log
DEBUG 2025-04-02 14:16:51.228 UTC: 	 CRAB Client version: v3.250318
DEBUG 2025-04-02 14:16:51.229 UTC: 	 Running on: Linux private-snu 6.13.8-200.fc41.x86_64 #1 SMP PREEMPT_DYNAMIC Sun Mar 23 05:03:09 UTC 2025 x86_64 x86_64 x86_64 GNU/Linux
DEBUG 2025-04-02 14:16:51.229 UTC: 	 Using SINGULARITY image: private-el9.sif
DEBUG 2025-04-02 14:16:51.229 UTC: 	 Operating System: AlmaLinux 9.5 (Teal Serval)
DEBUG 2025-04-02 14:16:51.229 UTC: 	 Executing command: 'status'
DEBUG 2025-04-02 14:16:51.229 UTC: 	 Found CRAB cache file /home/choij/.crab3
DEBUG 2025-04-02 14:16:51.230 UTC: 	 Checking credentials
DEBUG 2025-04-02 14:16:51.230 UTC: 	 Found proxy file /tmp/x509up_u1000
DEBUG 2025-04-02 14:16:51.230 UTC: 	 Making sure it has proper VOMS extension
DEBUG 2025-04-02 14:16:51.230 UTC: 	 Executing command :
 voms-proxy-info --vo --file /tmp/x509up_u1000
DEBUG 2025-04-02 14:16:51.564 UTC: 	 output : cms

 error: 
 retcode : 0
DEBUG 2025-04-02 14:16:51.564 UTC: 	 Getting proxy life time left
DEBUG 2025-04-02 14:16:51.564 UTC: 	 Executing command :
 voms-proxy-info --actimeleft --timeleft --file /tmp/x509up_u1000
DEBUG 2025-04-02 14:16:51.908 UTC: 	 output : 573258
573258

 error: 
 retcode : 0
DEBUG 2025-04-02 14:16:51.908 UTC: 	 Proxy valid for 159:14:18 hours
DEBUG 2025-04-02 14:16:51.908 UTC: 	 Encoded data for curl request: subresource=delegatedn
DEBUG 2025-04-02 14:16:52.737 UTC: 	 Registering user credentials on myproxy for /DC=ch/DC=cern/OU=computers/CN=crab-(preprod|prod)-tw(01|02).cern.ch|/DC=ch/DC=cern/OU=computers/CN=crab-dev-tw(01|02|03|04).cern.ch|/DC=ch/DC=cern/OU=Organic Units/OU=Users/CN=cmscrab/CN=(817881|373708)/CN=Robot: cms crab|/DC=ch/DC=cern/OU=Organic Units/OU=Users/CN=crabint1/CN=373708/CN=Robot: CMS CRAB Integration 1
DEBUG 2025-04-02 14:16:52.737 UTC: 	 Executing command :
 voms-proxy-info --identity --file /tmp/x509up_u1000
DEBUG 2025-04-02 14:16:53.090 UTC: 	 output : /DC=ch/DC=cern/OU=Organic Units/OU=Users/CN=choij/CN=841389/CN=Jin Choi

 error: 
 retcode : 0
DEBUG 2025-04-02 14:16:53.090 UTC: 	 Getting myproxy life time left for 62145c27448958522230f1583fedca774537a25d
DEBUG 2025-04-02 14:16:53.090 UTC: 	 Executing command :
 myproxy-info -s myproxy.cern.ch -l 62145c27448958522230f1583fedca774537a25d
DEBUG 2025-04-02 14:16:55.044 UTC: 	 output : username: 62145c27448958522230f1583fedca774537a25d
owner: /DC=ch/DC=cern/OU=Organic Units/OU=Users/CN=choij/CN=841389/CN=Jin Choi
  renewal policy: /DC=ch/DC=cern/OU=computers/CN=crab-(preprod|prod)-tw(01|02).cern.ch|/DC=ch/DC=cern/OU=computers/CN=crab-dev-tw(01|02|03|04).cern.ch|/DC=ch/DC=cern/OU=Organic Units/OU=Users/CN=cmscrab/CN=(817881|373708)/CN=Robot: cms crab|/DC=ch/DC=cern/OU=Organic Units/OU=Users/CN=crabint1/CN=373708/CN=Robot: CMS CRAB Integration 1
  trusted retrieval policy: /DC=ch/DC=cern/OU=computers/CN=crab-(preprod|prod)-tw(01|02).cern.ch|/DC=ch/DC=cern/OU=computers/CN=crab-dev-tw(01|02|03|04).cern.ch|/DC=ch/DC=cern/OU=Organic Units/OU=Users/CN=cmscrab/CN=(817881|373708)/CN=Robot: cms crab|/DC=ch/DC=cern/OU=Organic Units/OU=Users/CN=crabint1/CN=373708/CN=Robot: CMS CRAB Integration 1
  timeleft: 518:59:09  (21.6 days)

 error: 
 retcode : 0
DEBUG 2025-04-02 14:16:55.045 UTC: 	 Myproxy is valid: 1868340
DEBUG 2025-04-02 14:16:55.045 UTC: 	 Result of myproxy credential check:
  Credential exists on myproxy: username: 62145c27448958522230f1583fedca774537a25d  - validity: 21 days, 14:59:00
DEBUG 2025-04-02 14:16:55.045 UTC: 	 Retrieving username ...
DEBUG 2025-04-02 14:16:55.045 UTC: 	 Retrieving username from CRIC...
DEBUG 2025-04-02 14:16:57.151 UTC: 	 username is choij
INFO 2025-04-02 14:16:58.234 UTC: 	 Rucio client intialized for account choij
DEBUG 2025-04-02 14:16:58.234 UTC: 	 Command use: status
DEBUG 2025-04-02 14:16:58.234 UTC: 	 Options use: ['-d', 'crab_projects/crab_W1j_LO_5f_LEGACY']
DEBUG 2025-04-02 14:16:58.234 UTC: 	 Encoded data for curl request: subresource=version
DEBUG 2025-04-02 14:19:13.252 UTC: 	 CRABClient version: v3.250318
DEBUG 2025-04-02 14:19:13.252 UTC: 	 Instance is prod
DEBUG 2025-04-02 14:19:13.252 UTC: 	 Server base url is cmsweb.cern.ch
DEBUG 2025-04-02 14:19:13.252 UTC: 	 Command api workflow
DEBUG 2025-04-02 14:19:13.252 UTC: 	 Encoded data for curl request: subresource=search&workflow=250402_120056%3Achoij_crab_W1j_LO_5f_LEGACY
DEBUG 2025-04-02 14:19:14.091 UTC: 	 Got information from server oracle database: {'desc': {'columns': ['tm_taskname', 'tm_activity', 'tm_task_status', 'tm_task_command', 'tm_start_time', 'tm_start_injection', 'tm_end_injection', 'tm_task_failure', 'tm_job_sw', 'tm_job_arch', 'tm_input_dataset', 'tm_nonvalid_input_dataset', 'tm_use_parent', 'tm_site_whitelist', 'tm_site_blacklist', 'tm_split_algo', 'tm_split_args', 'tm_user_sandbox', 'tm_cache_url', 'tm_username', 'tm_user_dn', 'tm_user_vo', 'tm_user_role', 'tm_user_group', 'tm_publish_name', 'tm_publish_groupname', 'tm_asyncdest', 'tm_dbs_url', 'tm_publish_dbs_url', 'tm_publication', 'tm_outfiles', 'tm_tfile_outfiles', 'tm_edm_outfiles', 'tm_job_type', 'tm_generator', 'tm_events_per_lumi', 'tm_arguments', 'tm_save_logs', 'tw_name', 'tm_user_infiles', 'tm_maxjobruntime', 'tm_numcores', 'tm_maxmemory', 'tm_priority', 'tm_output_dataset', 'tm_task_warnings', 'tm_user_webdir', 'tm_scriptexe', 'tm_scriptargs', 'tm_extrajdl', 'tm_collector', 'tm_schedd', 'tm_dry_run', 'tm_user_files', 'tm_transfer_outputs', 'tm_output_lfn', 'tm_ignore_locality', 'tm_fail_limit', 'tm_one_event_mode', 'tm_secondary_input_dataset', 'tm_primary_dataset', 'tm_last_publication', 'tm_debug_files', 'clusterid', 'tm_ignore_global_blacklist', 'tm_submitter_ip_addr', 'tm_totalunits', 'tm_ddm_reqid', 'tm_user_config', 'tm_transfer_container', 'tm_transfer_rule', 'tm_publish_rule', 'tm_multipub_rule', 'tm_job_min_microarch', 'tm_dagman_status', 'tm_num_jobs', 'tm_uploaded']}, 'result': ['250402_120056:choij_crab_W1j_LO_5f_LEGACY', 'None', 'SUBMITTED', 'SUBMIT', '2025-04-02 12:00:56.291643', 'None', '2025-04-02 12:02:44.283436', 'None', 'CMSSW_13_0_13', 'el9_amd64_gcc11', 'None', 'F', '0', '[]', '[]', 'EventBased', "{'halt_job_on_file_boundaries': False, 'splitOnRun': False, 'events_per_job': 4000, 'runs': [], 'lumis': []}", '8b94fb2a059487dc57eee10648e369d90fa1f3ef04c343b6a2d21f2dafc390ad.tar.gz', 'https://cmsweb.cern.ch/S3/crabcache_prod', 'choij', '/DC=ch/DC=cern/OU=Organic Units/OU=Users/CN=choij/CN=841389/CN=Jin Choi', 'cms', 'None', 'None', 'Run3Summer23wmLHEGS-00000000000000000000000000000000', 'F', 'T3_KR_KNU', 'https://cmsweb.cern.ch/dbs/prod/global/DBSReader', 'https://cmsweb.cern.ch/dbs/prod/phys03/DBSWriter', 'F', '[]', '[]', "['NANOGEN.root']", 'PrivateMC', 'pythia', 'None', '{}', 'F', 'crab-prod-tw01', '[]', '1250', '1', '5000', '10', "['/FakeDataset/fakefile-FakePublish-9318b32419d843b85b2ee9124041ad8b/USER']", "['Task requests 5000 MB of memory, but only 2500 are guaranteed to be available. Jobs may not find a site where to run and stay idle forever.']", 'http://vocms0196.cern.ch/mon/choij/250402_120056:choij_crab_W1j_LO_5f_LEGACY', 'None', '[]', '[]', 'cmsgwms-collector-global.cern.ch:9620,cmsgwms-collector-global.fnal.gov:9620', 'crab3@vocms0196.cern.ch', 'F', '[]', 'T', '/store/user/choij/MG4GPU/Validation', 'F', 'None', 'F', 'None', 'W1j_LO_5f_LEGACY', 'None', 'c5d719f35b5d179edbb184328129e8ff639139c8097c2ea75018b1b6d87abb4a.tar.gz', '119112078', 'F', '188.184.75.82', '160000.0', 'None', '{"partialdataset": false, "requireaccelerator": false, "acceleratorparams": null, "inputblocks": null}', 'None', 'None', 'None', 'None', 'any', 'NOT_READY', '0', 'F']}
INFO 2025-04-02 14:19:14.092 UTC: 	 CRAB project directory:		/home/choij/workspace/CustomNanoGEN_CMSSW_13_0_13/src/Configuration/CustomNanoGEN/crab/crab_projects/crab_W1j_LO_5f_LEGACY
INFO 2025-04-02 14:19:14.092 UTC: 	 Task name:			250402_120056:choij_crab_W1j_LO_5f_LEGACY
INFO 2025-04-02 14:19:14.092 UTC: 	 Grid scheduler - Task Worker:	crab3@vocms0196.cern.ch - crab-prod-tw01
INFO 2025-04-02 14:19:14.092 UTC: 	 Status on the CRAB server:	SUBMITTED
INFO 2025-04-02 14:19:14.092 UTC: 	 Task URL to use for HELP:	https://cmsweb.cern.ch/crabserver/ui/task/250402_120056%3Achoij_crab_W1j_LO_5f_LEGACY
INFO 2025-04-02 14:19:14.097 UTC: 	 Dashboard monitoring URL:	https://monit-grafana.cern.ch/d/cmsTMDetail/cms-task-monitoring-task-view?orgId=11&var-user=choij&var-task=250402_120056%3Achoij_crab_W1j_LO_5f_LEGACY&from=1743591656000&to=now
WARNING 2025-04-02 14:19:14.097 UTC: 	 Warning:			Task requests 5000 MB of memory, but only 2500 are guaranteed to be available. Jobs may not find a site where to run and stay idle forever.
DEBUG 2025-04-02 14:19:14.097 UTC: 	 The CRAB server submitted your task to the Grid scheduler (cluster ID: 119112078)
DEBUG 2025-04-02 14:19:14.097 UTC: 	 Webdir is located at http://vocms0196.cern.ch/mon/choij/250402_120056:choij_crab_W1j_LO_5f_LEGACY
DEBUG 2025-04-02 14:19:14.097 UTC: 	 Encoded data for curl request: subresource=webdirprx&workflow=250402_120056%3Achoij_crab_W1j_LO_5f_LEGACY
DEBUG 2025-04-02 14:19:14.929 UTC: 	 Proxied webdir is located at https://cmsweb.cern.ch:8443/scheddmon/0196/choij/250402_120056:choij_crab_W1j_LO_5f_LEGACY
DEBUG 2025-04-02 14:19:14.929 UTC: 	 Retrieving 'status_cache' file from https://cmsweb.cern.ch:8443/scheddmon/0196/choij/250402_120056:choij_crab_W1j_LO_5f_LEGACY/status_cache.pkl
DEBUG 2025-04-02 14:19:14.929 UTC: 	 Will execute:
curl -sS --capath /cvmfs/grid.cern.ch/etc/grid-security/certificates --cert /tmp/x509up_u1000 --key /tmp/x509up_u1000 -o /tmp/crab_status-cache-00yjtov7.pkl -w %"{http_code}" "https://cmsweb.cern.ch:8443/scheddmon/0196/choij/250402_120056:choij_crab_W1j_LO_5f_LEGACY/status_cache.pkl"
DEBUG 2025-04-02 14:19:14.929 UTC: 	 Executing command :
 curl -sS --capath /cvmfs/grid.cern.ch/etc/grid-security/certificates --cert /tmp/x509up_u1000 --key /tmp/x509up_u1000 -o /tmp/crab_status-cache-00yjtov7.pkl -w %"{http_code}" "https://cmsweb.cern.ch:8443/scheddmon/0196/choij/250402_120056:choij_crab_W1j_LO_5f_LEGACY/status_cache.pkl"
DEBUG 2025-04-02 14:19:16.027 UTC: 	 output : 200
 error: 
 retcode : 0
DEBUG 2025-04-02 14:19:16.027 UTC: 	 exitcode: 0
stdout: 200
stderr: 
error details: 
DEBUG 2025-04-02 14:19:16.028 UTC: 	 Got information from status cache file: {'3': {'Retries': 0, 'Restarts': 0, 'SiteHistory': ['Unknown', 'T2_BE_IIHE', 'T2_BE_IIHE'], 'ResidentSetSize': [839080], 'SubmitTimes': [1743595428.0], 'StartTimes': [1743595496.0], 'EndTimes': [1743596615.0], 'TotalUserCpuTimeHistory': [989], 'TotalSysCpuTimeHistory': [5], 'WallDurations': [9.0, 298.1018078327179, 1119.0], 'JobIds': ['119112130.0'], 'State': 'finished', 'RecordedSite': True}, '7': {'Retries': 0, 'Restarts': 0, 'SiteHistory': ['Unknown', 'T2_CH_CERN', 'T2_CH_CERN'], 'ResidentSetSize': [1068876], 'SubmitTimes': [1743595428.0], 'StartTimes': [1743595774.0], 'EndTimes': [1743597659.0], 'TotalUserCpuTimeHistory': [1628], 'TotalSysCpuTimeHistory': [12], 'WallDurations': [9.0, 20.101807832717896, 1885.0], 'JobIds': ['119112131.0'], 'State': 'finished', 'RecordedSite': True}, '8': {'Retries': 0, 'Restarts': 0, 'SiteHistory': ['T2_CH_CERN', 'T2_CH_CERN'], 'ResidentSetSize': [4038616], 'SubmitTimes': [1743595428.0], 'StartTimes': [1743595475.0], 'EndTimes': [1743598768.0], 'TotalUserCpuTimeHistory': [2820], 'TotalSysCpuTimeHistory': [15], 'WallDurations': [8.0, 3293.0], 'JobIds': ['119112132.0'], 'State': 'finished', 'RecordedSite': True}, '10': {'Retries': 0, 'Restarts': 0, 'SiteHistory': ['Unknown', 'T2_CH_CERN', 'T2_CH_CERN'], 'ResidentSetSize': [1096872], 'SubmitTimes': [1743595429.0], 'StartTimes': [1743595773.0], 'EndTimes': [1743597327.0], 'TotalUserCpuTimeHistory': [1339], 'TotalSysCpuTimeHistory': [9], 'WallDurations': [9.0, 21.101807832717896, 1554.0], 'JobIds': ['119112133.0'], 'State': 'finished', 'RecordedSite': True}, '12': {'Retries': 0, 'Restarts': 0, 'SiteHistory': ['Unknown', 'T2_CH_CERN', 'T2_CH_CERN'], 'ResidentSetSize': [1076984], 'SubmitTimes': [1743595429.0], 'StartTimes': [1743595775.0], 'EndTimes': [1743598135.0], 'TotalUserCpuTimeHistory': [2012], 'TotalSysCpuTimeHistory': [15], 'WallDurations': [8.0, 19.101807832717896, 2360.0], 'JobIds': ['119112134.0'], 'State': 'finished', 'RecordedSite': True}, '5': {'Retries': 0, 'Restarts': 0, 'SiteHistory': ['Unknown', 'T2_BE_IIHE', 'T2_BE_IIHE'], 'ResidentSetSize': [1081528], 'SubmitTimes': [1743595429.0], 'StartTimes': [1743595495.0], 'EndTimes': [1743596634.0], 'TotalUserCpuTimeHistory': [996], 'TotalSysCpuTimeHistory': [6], 'WallDurations': [9.0, 299.1018078327179, 1139.0], 'JobIds': ['119112135.0'], 'State': 'finished', 'RecordedSite': True}, '9': {'Retries': 0, 'Restarts': 0, 'SiteHistory': ['Unknown', 'T2_CH_CERN', 'T2_CH_CERN'], 'ResidentSetSize': [1096252], 'SubmitTimes': [1743595429.0], 'StartTimes': [1743595774.0], 'EndTimes': [1743597034.0], 'TotalUserCpuTimeHistory': [1103], 'TotalSysCpuTimeHistory': [6], 'WallDurations': [8.0, 20.101807832717896, 1260.0], 'JobIds': ['119112136.0'], 'State': 'finished', 'RecordedSite': True}, '15': {'Retries': 0, 'Restarts': 0, 'SiteHistory': ['Unknown', 'T2_CH_CERN', 'T2_CH_CERN'], 'ResidentSetSize': [1083304], 'SubmitTimes': [1743595429.0], 'StartTimes': [1743595773.0], 'EndTimes': [1743598375.0], 'TotalUserCpuTimeHistory': [2273], 'TotalSysCpuTimeHistory': [9], 'WallDurations': [8.0, 21.101807832717896, 2602.0], 'JobIds': ['119112137.0'], 'State': 'finished', 'RecordedSite': True}, '18': {'Retries': 0, 'Restarts': 0, 'SiteHistory': ['T2_CH_CERN', 'T2_CH_CERN'], 'ResidentSetSize': [1069816], 'SubmitTimes': [1743595429.0], 'StartTimes': [1743595476.0], 'EndTimes': [1743597276.0], 'TotalUserCpuTimeHistory': [1552], 'TotalSysCpuTimeHistory': [10], 'WallDurations': [9.0, 1800.0], 'JobIds': ['119112138.0'], 'State': 'finished', 'RecordedSite': True}, '1': {'Retries': 0, 'Restarts': 0, 'SiteHistory': ['Unknown', 'T2_BE_IIHE', 'T2_BE_IIHE'], 'ResidentSetSize': [847176], 'SubmitTimes': [1743595429.0], 'StartTimes': [1743595496.0], 'EndTimes': [1743596513.0], 'TotalUserCpuTimeHistory': [912], 'TotalSysCpuTimeHistory': [4], 'WallDurations': [9.0, 298.1018078327179, 1017.0], 'JobIds': ['119112139.0'], 'State': 'finished', 'RecordedSite': True}, '6': {'Retries': 0, 'Restarts': 0, 'SiteHistory': ['Unknown', 'T2_CH_CERN', 'T2_CH_CERN'], 'ResidentSetSize': [1065368], 'SubmitTimes': [1743595429.0], 'StartTimes': [1743595773.0], 'EndTimes': [1743598132.0], 'TotalUserCpuTimeHistory': [2094], 'TotalSysCpuTimeHistory': [12], 'WallDurations': [9.0, 21.101807832717896, 2359.0], 'JobIds': ['119112140.0'], 'State': 'finished', 'RecordedSite': True}, '13': {'Retries': 0, 'Restarts': 0, 'SiteHistory': ['T2_CH_CERN', 'T2_CH_CERN'], 'ResidentSetSize': [1050952], 'SubmitTimes': [1743595429.0], 'StartTimes': [1743595475.0], 'EndTimes': [1743598483.0], 'TotalUserCpuTimeHistory': [2425], 'TotalSysCpuTimeHistory': [17], 'WallDurations': [9.0, 3008.0], 'JobIds': ['119112141.0'], 'State': 'finished', 'RecordedSite': True}, '4': {'Retries': 0, 'Restarts': 0, 'SiteHistory': ['Unknown', 'T2_BE_IIHE', 'T2_BE_IIHE'], 'ResidentSetSize': [1077556], 'SubmitTimes': [1743595429.0], 'StartTimes': [1743595496.0], 'EndTimes': [1743596476.0], 'TotalUserCpuTimeHistory': [875], 'TotalSysCpuTimeHistory': [5], 'WallDurations': [9.0, 298.1018078327179, 980.0], 'JobIds': ['119112142.0'], 'State': 'finished', 'RecordedSite': True}, '14': {'Retries': 0, 'Restarts': 0, 'SiteHistory': ['Unknown', 'T2_CH_CERN', 'T2_CH_CERN'], 'ResidentSetSize': [1089264], 'SubmitTimes': [1743595429.0], 'StartTimes': [1743595774.0], 'EndTimes': [1743597020.0], 'TotalUserCpuTimeHistory': [1095], 'TotalSysCpuTimeHistory': [7], 'WallDurations': [9.0, 20.101807832717896, 1246.0], 'JobIds': ['119112143.0'], 'State': 'finished', 'RecordedSite': True}, '11': {'Retries': 0, 'Restarts': 0, 'SiteHistory': ['Unknown', 'T2_CH_CERN', 'T2_CH_CERN'], 'ResidentSetSize': [1077416], 'SubmitTimes': [1743595429.0], 'StartTimes': [1743595774.0], 'EndTimes': [1743598152.0], 'TotalUserCpuTimeHistory': [2085], 'TotalSysCpuTimeHistory': [13], 'WallDurations': [9.0, 20.101807832717896, 2378.0], 'JobIds': ['119112144.0'], 'State': 'finished', 'RecordedSite': True}, '17': {'Retries': 0, 'Restarts': 0, 'SiteHistory': ['Unknown', 'T2_CH_CERN', 'T2_CH_CERN'], 'ResidentSetSize': [1077912], 'SubmitTimes': [1743595429.0], 'StartTimes': [1743595774.0], 'EndTimes': [1743597053.0], 'TotalUserCpuTimeHistory': [1126], 'TotalSysCpuTimeHistory': [7], 'WallDurations': [9.0, 20.101807832717896, 1279.0], 'JobIds': ['119112145.0'], 'State': 'finished', 'RecordedSite': True}, '19': {'Retries': 0, 'Restarts': 0, 'SiteHistory': ['Unknown', 'T2_CH_CERN', 'T2_CH_CERN'], 'ResidentSetSize': [1091324], 'SubmitTimes': [1743595429.0], 'StartTimes': [1743595774.0], 'EndTimes': [1743598243.0], 'TotalUserCpuTimeHistory': [2203], 'TotalSysCpuTimeHistory': [6], 'WallDurations': [9.0, 20.101807832717896, 2469.0], 'JobIds': ['119112146.0'], 'State': 'finished', 'RecordedSite': True}, '16': {'Retries': 0, 'Restarts': 0, 'SiteHistory': ['Unknown', 'T2_CH_CERN', 'T2_CH_CERN'], 'ResidentSetSize': [1100828], 'SubmitTimes': [1743595429.0], 'StartTimes': [1743595774.0], 'EndTimes': [1743597046.0], 'TotalUserCpuTimeHistory': [1116], 'TotalSysCpuTimeHistory': [7], 'WallDurations': [9.0, 20.101807832717896, 1272.0], 'JobIds': ['119112147.0'], 'State': 'finished', 'RecordedSite': True}, '2': {'Retries': 0, 'Restarts': 0, 'SiteHistory': ['Unknown', 'T2_BE_IIHE', 'T2_BE_IIHE'], 'ResidentSetSize': [1001068], 'SubmitTimes': [1743595434.0], 'StartTimes': [1743595496.0], 'EndTimes': [1743596664.0], 'TotalUserCpuTimeHistory': [1024], 'TotalSysCpuTimeHistory': [6], 'WallDurations': [9.0, 298.1018078327179, 1168.0], 'JobIds': ['119112148.0'], 'State': 'finished', 'RecordedSite': True}, '20': {'Retries': 0, 'Restarts': 0, 'SiteHistory': ['T2_CH_CERN', 'T2_CH_CERN'], 'ResidentSetSize': [1059464], 'SubmitTimes': [1743595434.0], 'StartTimes': [1743595476.0], 'EndTimes': [1743598453.0], 'TotalUserCpuTimeHistory': [2406], 'TotalSysCpuTimeHistory': [17], 'WallDurations': [8.0, 2977.0], 'JobIds': ['119112149.0'], 'State': 'finished', 'RecordedSite': True}, '21': {'Retries': 0, 'Restarts': 0, 'SiteHistory': ['T2_CH_CERN', 'T2_CH_CERN'], 'ResidentSetSize': [1060136], 'SubmitTimes': [1743595434.0], 'StartTimes': [1743595476.0], 'EndTimes': [1743598432.0], 'TotalUserCpuTimeHistory': [2340], 'TotalSysCpuTimeHistory': [27], 'WallDurations': [10.0, 2956.0], 'JobIds': ['119112150.0'], 'State': 'finished', 'RecordedSite': True}, '22': {'Retries': 0, 'Restarts': 0, 'SiteHistory': ['Unknown', 'T2_FR_IPHC', 'T2_FR_IPHC'], 'ResidentSetSize': [4037152], 'SubmitTimes': [1743595434.0], 'StartTimes': [1743595496.0], 'EndTimes': [1743597299.0], 'TotalUserCpuTimeHistory': [1431], 'TotalSysCpuTimeHistory': [8], 'WallDurations': [9.0, 298.1018078327179, 1803.0], 'JobIds': ['119112151.0'], 'State': 'finished', 'RecordedSite': True}, '23': {'Retries': 0, 'Restarts': 0, 'SiteHistory': ['Unknown', 'T2_BE_UCL', 'T2_BE_UCL'], 'ResidentSetSize': [1107700], 'SubmitTimes': [1743595434.0], 'StartTimes': [1743595495.0], 'EndTimes': [1743597456.0], 'TotalUserCpuTimeHistory': [1596], 'TotalSysCpuTimeHistory': [6], 'WallDurations': [9.0, 299.1018078327179, 1961.0], 'JobIds': ['119112152.0'], 'State': 'finished', 'RecordedSite': True}, '24': {'Retries': 0, 'Restarts': 0, 'SiteHistory': ['Unknown', 'T2_BE_IIHE', 'T2_BE_IIHE'], 'ResidentSetSize': [982360], 'SubmitTimes': [1743595434.0], 'StartTimes': [1743595495.0], 'EndTimes': [1743596667.0], 'TotalUserCpuTimeHistory': [1031], 'TotalSysCpuTimeHistory': [6], 'WallDurations': [8.0, 299.1018078327179, 1172.0], 'JobIds': ['119112153.0'], 'State': 'finished', 'RecordedSite': True}, '25': {'Retries': 0, 'Restarts': 0, 'SiteHistory': ['Unknown', 'T2_BE_UCL', 'T2_BE_UCL'], 'ResidentSetSize': [1110884], 'SubmitTimes': [1743595434.0], 'StartTimes': [1743595495.0], 'EndTimes': [1743596954.0], 'TotalUserCpuTimeHistory': [915], 'TotalSysCpuTimeHistory': [3], 'WallDurations': [9.0, 299.1018078327179, 1459.0], 'JobIds': ['119112154.0'], 'State': 'finished', 'RecordedSite': True}, '26': {'Retries': 0, 'Restarts': 0, 'SiteHistory': ['Unknown', 'T2_UK_London_IC', 'T2_UK_London_IC'], 'ResidentSetSize': [1075920], 'SubmitTimes': [1743595434.0], 'StartTimes': [1743595495.0], 'EndTimes': [1743597150.0], 'TotalUserCpuTimeHistory': [1473], 'TotalSysCpuTimeHistory': [4], 'WallDurations': [9.0, 299.1018078327179, 1655.0], 'JobIds': ['119112155.0'], 'State': 'finished', 'RecordedSite': True}, '27': {'Retries': 0, 'Restarts': 0, 'SiteHistory': ['Unknown', 'T2_HU_Budapest', 'T2_HU_Budapest'], 'ResidentSetSize': [1098204], 'SubmitTimes': [1743595434.0], 'StartTimes': [1743595495.0], 'EndTimes': [1743597970.0], 'TotalUserCpuTimeHistory': [2170], 'TotalSysCpuTimeHistory': [8], 'WallDurations': [9.0, 299.1018078327179, 2475.0], 'JobIds': ['119112156.0'], 'State': 'finished', 'RecordedSite': True}, '28': {'Retries': 0, 'Restarts': 0, 'SiteHistory': ['Unknown', 'T2_FR_IPHC', 'T2_FR_IPHC'], 'ResidentSetSize': [1104692], 'SubmitTimes': [1743595434.0], 'StartTimes': [1743595496.0], 'EndTimes': [1743597119.0], 'TotalUserCpuTimeHistory': [1422], 'TotalSysCpuTimeHistory': [8], 'WallDurations': [9.0, 298.1018078327179, 1623.0], 'JobIds': ['119112157.0'], 'State': 'finished', 'RecordedSite': True}, '29': {'Retries': 0, 'Restarts': 0, 'SiteHistory': ['Unknown', 'T2_FR_IPHC', 'T2_FR_IPHC'], 'ResidentSetSize': [4038124], 'SubmitTimes': [1743595434.0], 'StartTimes': [1743595495.0], 'EndTimes': [1743597325.0], 'TotalUserCpuTimeHistory': [1453], 'TotalSysCpuTimeHistory': [8], 'WallDurations': [9.0, 299.1018078327179, 1830.0], 'JobIds': ['119112158.0'], 'State': 'finished', 'RecordedSite': True}, '30': {'Retries': 0, 'Restarts': 0, 'SiteHistory': ['Unknown', 'T2_BE_IIHE', 'T2_BE_IIHE'], 'ResidentSetSize': [846716], 'SubmitTimes': [1743595434.0], 'StartTimes': [1743595495.0], 'EndTimes': [1743596518.0], 'TotalUserCpuTimeHistory': [901], 'TotalSysCpuTimeHistory': [4], 'WallDurations': [10.0, 299.1018078327179, 1023.0], 'JobIds': ['119112159.0'], 'State': 'finished', 'RecordedSite': True}, '31': {'Retries': 0, 'Restarts': 0, 'SiteHistory': ['Unknown', 'T2_DE_RWTH', 'T2_DE_RWTH'], 'ResidentSetSize': [1108864], 'SubmitTimes': [1743595434.0], 'StartTimes': [1743595495.0], 'EndTimes': [1743598549.0], 'TotalUserCpuTimeHistory': [2669], 'TotalSysCpuTimeHistory': [14], 'WallDurations': [10.0, 299.1018078327179, 3054.0], 'JobIds': ['119112160.0'], 'State': 'finished', 'RecordedSite': True}, '32': {'Retries': 0, 'Restarts': 0, 'SiteHistory': ['Unknown', 'T2_HU_Budapest', 'T2_HU_Budapest'], 'ResidentSetSize': [1119748], 'SubmitTimes': [1743595434.0], 'StartTimes': [1743595496.0], 'EndTimes': [1743598318.0], 'TotalUserCpuTimeHistory': [2509], 'TotalSysCpuTimeHistory': [9], 'WallDurations': [9.0, 298.1018078327179, 2822.0], 'JobIds': ['119112161.0'], 'State': 'finished', 'RecordedSite': True}, '33': {'Retries': 0, 'Restarts': 0, 'SiteHistory': ['Unknown', 'T2_FR_IPHC', 'T2_FR_IPHC'], 'ResidentSetSize': [1106388], 'SubmitTimes': [1743595434.0], 'StartTimes': [1743595495.0], 'EndTimes': [1743597457.0], 'TotalUserCpuTimeHistory': [1747], 'TotalSysCpuTimeHistory': [8], 'WallDurations': [9.0, 299.1018078327179, 1962.0], 'JobIds': ['119112162.0'], 'State': 'finished', 'RecordedSite': True}, '34': {'Retries': 0, 'Restarts': 0, 'SiteHistory': ['Unknown', 'T2_FR_IPHC', 'T2_FR_IPHC'], 'ResidentSetSize': [1083760], 'SubmitTimes': [1743595434.0], 'StartTimes': [1743595496.0], 'EndTimes': [1743598133.0], 'TotalUserCpuTimeHistory': [2369], 'TotalSysCpuTimeHistory': [6], 'WallDurations': [9.0, 298.1018078327179, 2637.0], 'JobIds': ['119112163.0'], 'State': 'finished', 'RecordedSite': True}, '35': {'Retries': 0, 'Restarts': 0, 'SiteHistory': ['Unknown', 'T2_BE_IIHE', 'T2_BE_IIHE'], 'ResidentSetSize': [839296], 'SubmitTimes': [1743595434.0], 'StartTimes': [1743595495.0], 'EndTimes': [1743596690.0], 'TotalUserCpuTimeHistory': [1051], 'TotalSysCpuTimeHistory': [4], 'WallDurations': [8.0, 299.1018078327179, 1195.0], 'JobIds': ['119112164.0'], 'State': 'finished', 'RecordedSite': True}, '36': {'Retries': 0, 'Restarts': 0, 'SiteHistory': ['Unknown', 'T2_BE_IIHE', 'T2_BE_IIHE'], 'ResidentSetSize': [868468], 'SubmitTimes': [1743595434.0], 'StartTimes': [1743595495.0], 'EndTimes': [1743596635.0], 'TotalUserCpuTimeHistory': [1004], 'TotalSysCpuTimeHistory': [5], 'WallDurations': [8.0, 299.1018078327179, 1140.0], 'JobIds': ['119112165.0'], 'State': 'finished', 'RecordedSite': True}, '37': {'Retries': 0, 'Restarts': 0, 'SiteHistory': ['Unknown', 'T2_BE_UCL', 'T2_BE_UCL'], 'ResidentSetSize': [1133836], 'SubmitTimes': [1743595434.0], 'StartTimes': [1743595495.0], 'EndTimes': [1743596761.0], 'TotalUserCpuTimeHistory': [922], 'TotalSysCpuTimeHistory': [2], 'WallDurations': [8.0, 299.1018078327179, 1266.0], 'JobIds': ['119112166.0'], 'State': 'finished', 'RecordedSite': True}, '38': {'Retries': 0, 'Restarts': 0, 'SiteHistory': ['Unknown', 'T2_BE_IIHE', 'T2_BE_IIHE'], 'ResidentSetSize': [1066592], 'SubmitTimes': [1743595434.0], 'StartTimes': [1743595495.0], 'EndTimes': [1743596510.0], 'TotalUserCpuTimeHistory': [897], 'TotalSysCpuTimeHistory': [5], 'WallDurations': [9.0, 299.1018078327179, 1015.0], 'JobIds': ['119112167.0'], 'State': 'finished', 'RecordedSite': True}, '40': {'Retries': 0, 'Restarts': 0, 'SiteHistory': ['Unknown', 'T2_BE_IIHE', 'T2_BE_IIHE'], 'ResidentSetSize': [1001624], 'SubmitTimes': [1743595434.0], 'StartTimes': [1743595495.0], 'EndTimes': [1743596669.0], 'TotalUserCpuTimeHistory': [1036], 'TotalSysCpuTimeHistory': [7], 'WallDurations': [10.0, 299.1018078327179, 1174.0], 'JobIds': ['119112168.0'], 'State': 'finished', 'RecordedSite': True}, '39': {'Retries': 0, 'Restarts': 0, 'SiteHistory': ['Unknown', 'T2_BE_IIHE', 'T2_BE_IIHE'], 'ResidentSetSize': [841572], 'SubmitTimes': [1743595434.0], 'StartTimes': [1743595496.0], 'EndTimes': [1743596697.0], 'TotalUserCpuTimeHistory': [1067], 'TotalSysCpuTimeHistory': [5], 'WallDurations': [9.0, 298.1018078327179, 1201.0], 'JobIds': ['119112169.0'], 'State': 'finished', 'RecordedSite': True}}
INFO 2025-04-02 14:19:16.028 UTC: 	 Status on the scheduler:	COMPLETED
INFO 2025-04-02 14:19:16.028 UTC: 	 
Jobs status:                    finished     		100.0% (40/40)
INFO 2025-04-02 14:19:16.028 UTC: 	 
No publication information (publication has been disabled in the CRAB configuration file)
INFO 2025-04-02 14:19:16.029 UTC: 	 
Warning: the max jobs runtime is less than 30% of the task requested value (1250 min), please consider to request a lower value for failed jobs (allowed through crab resubmit) and/or improve the jobs splitting (e.g. config.Data.splitting = 'Automatic') in a new task.
INFO 2025-04-02 14:19:16.029 UTC: 	 
Summary of run jobs:
 * Memory: 827MB min, 3943MB max, 1236MB ave
 * Runtime: 0:16:20 min, 0:54:53 max, 0:30:14 ave
 * CPU eff: 63% min, 90% max, 86% ave
 * Waste: 2:09:07 (10% of total)

INFO 2025-04-02 14:19:16.030 UTC: 	 Log file is /home/choij/workspace/CustomNanoGEN_CMSSW_13_0_13/src/Configuration/CustomNanoGEN/crab/crab_projects/crab_W1j_LO_5f_LEGACY/crab.log
