DEBUG 2025-04-02 08:34:57.233 UTC: 	 CRAB Client version: v3.250318
DEBUG 2025-04-02 08:34:57.233 UTC: 	 Running on: Linux private-snu 6.13.8-200.fc41.x86_64 #1 SMP PREEMPT_DYNAMIC Sun Mar 23 05:03:09 UTC 2025 x86_64 x86_64 x86_64 GNU/Linux
DEBUG 2025-04-02 08:34:57.233 UTC: 	 Using SINGULARITY image: private-el8.sif
DEBUG 2025-04-02 08:34:57.233 UTC: 	 Operating System: AlmaLinux 8.10 (Cerulean Leopard)
DEBUG 2025-04-02 08:34:57.233 UTC: 	 Executing command: 'submit'
DEBUG 2025-04-02 08:34:57.233 UTC: 	 Found CRAB cache file /home/choij/.crab3
INFO 2025-04-02 08:34:57.234 UTC: 	 Will use CRAB configuration file crab_config_W2j_LO_5f_LEGACY.py
DEBUG 2025-04-02 08:34:57.234 UTC: 	 Loading CRAB configuration file.
DEBUG 2025-04-02 08:34:58.911 UTC: 	 Will use CRAB plugin PRIVATEMC (i.e. will run an a MC generation job type).
DEBUG 2025-04-02 08:34:58.912 UTC: 	 Checking credentials
DEBUG 2025-04-02 08:34:58.912 UTC: 	 Found proxy file /tmp/x509up_u1000
DEBUG 2025-04-02 08:34:58.912 UTC: 	 Making sure it has proper VOMS extension
DEBUG 2025-04-02 08:34:58.912 UTC: 	 Executing command :
 voms-proxy-info --vo --file /tmp/x509up_u1000
DEBUG 2025-04-02 08:34:59.224 UTC: 	 output : cms

 error: 
 retcode : 0
DEBUG 2025-04-02 08:34:59.224 UTC: 	 Getting proxy life time left
DEBUG 2025-04-02 08:34:59.224 UTC: 	 Executing command :
 voms-proxy-info --actimeleft --timeleft --file /tmp/x509up_u1000
DEBUG 2025-04-02 08:34:59.536 UTC: 	 output : 593770
593770

 error: 
 retcode : 0
DEBUG 2025-04-02 08:34:59.536 UTC: 	 Proxy valid for 164:56:10 hours
DEBUG 2025-04-02 08:34:59.537 UTC: 	 Encoded data for curl request: subresource=delegatedn
DEBUG 2025-04-02 08:35:00.366 UTC: 	 Registering user credentials on myproxy for /DC=ch/DC=cern/OU=computers/CN=crab-(preprod|prod)-tw(01|02).cern.ch|/DC=ch/DC=cern/OU=computers/CN=crab-dev-tw(01|02|03|04).cern.ch|/DC=ch/DC=cern/OU=Organic Units/OU=Users/CN=cmscrab/CN=(817881|373708)/CN=Robot: cms crab|/DC=ch/DC=cern/OU=Organic Units/OU=Users/CN=crabint1/CN=373708/CN=Robot: CMS CRAB Integration 1
DEBUG 2025-04-02 08:35:00.366 UTC: 	 Executing command :
 voms-proxy-info --identity --file /tmp/x509up_u1000
DEBUG 2025-04-02 08:35:00.679 UTC: 	 output : /DC=ch/DC=cern/OU=Organic Units/OU=Users/CN=choij/CN=841389/CN=Jin Choi

 error: 
 retcode : 0
DEBUG 2025-04-02 08:35:00.679 UTC: 	 Getting myproxy life time left for 62145c27448958522230f1583fedca774537a25d
DEBUG 2025-04-02 08:35:00.679 UTC: 	 Executing command :
 myproxy-info -s myproxy.cern.ch -l 62145c27448958522230f1583fedca774537a25d
DEBUG 2025-04-02 08:35:02.499 UTC: 	 output : username: 62145c27448958522230f1583fedca774537a25d
owner: /DC=ch/DC=cern/OU=Organic Units/OU=Users/CN=choij/CN=841389/CN=Jin Choi
  renewal policy: /DC=ch/DC=cern/OU=computers/CN=crab-(preprod|prod)-tw(01|02).cern.ch|/DC=ch/DC=cern/OU=computers/CN=crab-dev-tw(01|02|03|04).cern.ch|/DC=ch/DC=cern/OU=Organic Units/OU=Users/CN=cmscrab/CN=(817881|373708)/CN=Robot: cms crab|/DC=ch/DC=cern/OU=Organic Units/OU=Users/CN=crabint1/CN=373708/CN=Robot: CMS CRAB Integration 1
  trusted retrieval policy: /DC=ch/DC=cern/OU=computers/CN=crab-(preprod|prod)-tw(01|02).cern.ch|/DC=ch/DC=cern/OU=computers/CN=crab-dev-tw(01|02|03|04).cern.ch|/DC=ch/DC=cern/OU=Organic Units/OU=Users/CN=cmscrab/CN=(817881|373708)/CN=Robot: cms crab|/DC=ch/DC=cern/OU=Organic Units/OU=Users/CN=crabint1/CN=373708/CN=Robot: CMS CRAB Integration 1
  timeleft: 524:41:02  (21.9 days)

 error: 
 retcode : 0
DEBUG 2025-04-02 08:35:02.499 UTC: 	 Myproxy is valid: 1888860
DEBUG 2025-04-02 08:35:02.499 UTC: 	 Result of myproxy credential check:
  Credential exists on myproxy: username: 62145c27448958522230f1583fedca774537a25d  - validity: 21 days, 20:41:00
DEBUG 2025-04-02 08:35:02.500 UTC: 	 Command use: submit
DEBUG 2025-04-02 08:35:02.500 UTC: 	 Options use: ['-c', 'crab_config_W2j_LO_5f_LEGACY.py']
DEBUG 2025-04-02 08:35:02.500 UTC: 	 Encoded data for curl request: subresource=version
DEBUG 2025-04-02 08:35:03.327 UTC: 	 CRABClient version: v3.250318
DEBUG 2025-04-02 08:35:03.327 UTC: 	 Instance is prod
DEBUG 2025-04-02 08:35:03.327 UTC: 	 Server base url is cmsweb.cern.ch
DEBUG 2025-04-02 08:35:03.327 UTC: 	 Command api workflow
DEBUG 2025-04-02 08:35:03.327 UTC: 	 Started submission
DEBUG 2025-04-02 08:35:03.327 UTC: 	 Working on /home/choij/workspace/CustomNanoGEN_CMSSW_13_0_13/src/Configuration/CustomNanoGEN/crab/crab_projects/crab_W2j_LO_5f_LEGACY
DEBUG 2025-04-02 08:35:03.327 UTC: 	 Encoded data for curl request: subresource=backendurls
DEBUG 2025-04-02 08:35:04.164 UTC: 	 Loading required information from the environment
DEBUG 2025-04-02 08:35:04.164 UTC: 	 Found CMSSW_13_0_13 for el8_amd64_gcc11 with base /home/choij/workspace/CustomNanoGEN_CMSSW_13_0_13
DEBUG 2025-04-02 08:35:04.165 UTC: 	 UNIQUE NAME: tarUUID ac761eb7-fe89-4e0b-92be-cef0aff6a57e 
DEBUG 2025-04-02 08:35:04.165 UTC: 	 self.config: from WMCore.Configuration import Configuration
config = Configuration()
config.section_('General')
config.General.transferOutputs = True
config.General.transferLogs = False
config.General.requestName = 'W2j_LO_5f_LEGACY'
config.General.workArea = 'crab_projects'
config.section_('JobType')
config.JobType.pluginName = 'PrivateMC'
config.JobType.psetName = '../configs/Hadronizer_TuneCP5_13p6TeV_W2j_LO_5f_LEGACY_LHE_pythia8_cfg.py'
config.JobType.allowUndistributedCMSSW = False
config.JobType.numCores = 1
config.section_('Data')
config.Data.outLFNDirBase = '/store/user/choij/CustomNanoGEN'
config.Data.outputPrimaryDataset = 'Validation'
config.Data.unitsPerJob = 5000
config.Data.publication = False
config.Data.outputDatasetTag = 'Run3Summer23wmLHEGS'
config.Data.splitting = 'EventBased'
config.Data.totalUnits = 200000
config.section_('Site')
config.Site.storageSite = 'T3_KR_KNU'
config.section_('User')
config.section_('Debug')

DEBUG 2025-04-02 08:35:04.165 UTC: 	 self.config.JobType.psetName: ../configs/Hadronizer_TuneCP5_13p6TeV_W2j_LO_5f_LEGACY_LHE_pythia8_cfg.py
INFO 2025-04-02 08:35:04.165 UTC: 	 Importing CMSSW configuration ../configs/Hadronizer_TuneCP5_13p6TeV_W2j_LO_5f_LEGACY_LHE_pythia8_cfg.py
INFO 2025-04-02 08:35:04.793 UTC: 	 Finished importing CMSSW configuration ../configs/Hadronizer_TuneCP5_13p6TeV_W2j_LO_5f_LEGACY_LHE_pythia8_cfg.py
DEBUG 2025-04-02 08:35:04.793 UTC: 	 Writing CMSSW configuration to /home/choij/workspace/CustomNanoGEN_CMSSW_13_0_13/src/Configuration/CustomNanoGEN/crab/crab_projects/crab_W2j_LO_5f_LEGACY/inputs/PSet.py
DEBUG 2025-04-02 08:35:04.894 UTC: 	 The following EDM output files will be collected: ['NANOGEN.root']
DEBUG 2025-04-02 08:35:04.894 UTC: 	 The following TFile output files will be collected: []
DEBUG 2025-04-02 08:35:04.894 UTC: 	 The following user output files (not listed as PoolOuputModule or TFileService in the CMSSW PSet) will be collected: 
DEBUG 2025-04-02 08:35:04.894 UTC: 	 Loading required information from the environment
DEBUG 2025-04-02 08:35:04.894 UTC: 	 Found CMSSW_13_0_13 for el8_amd64_gcc11 with base /home/choij/workspace/CustomNanoGEN_CMSSW_13_0_13
DEBUG 2025-04-02 08:35:04.894 UTC: 	 Making tarball in /home/choij/workspace/CustomNanoGEN_CMSSW_13_0_13/src/Configuration/CustomNanoGEN/crab/crab_projects/crab_W2j_LO_5f_LEGACY/inputs/ac761eb7-fe89-4e0b-92be-cef0aff6a57edefault.tgz
DEBUG 2025-04-02 08:35:04.894 UTC: 	 Checking directory /home/choij/workspace/CustomNanoGEN_CMSSW_13_0_13/bin
DEBUG 2025-04-02 08:35:04.894 UTC: 	 Adding directory /home/choij/workspace/CustomNanoGEN_CMSSW_13_0_13/bin to tarball
DEBUG 2025-04-02 08:35:04.896 UTC: 	 Checking directory /home/choij/workspace/CustomNanoGEN_CMSSW_13_0_13/python
DEBUG 2025-04-02 08:35:04.896 UTC: 	 Adding directory /home/choij/workspace/CustomNanoGEN_CMSSW_13_0_13/python to tarball
DEBUG 2025-04-02 08:35:04.898 UTC: 	 Checking directory /home/choij/workspace/CustomNanoGEN_CMSSW_13_0_13/cfipython
DEBUG 2025-04-02 08:35:04.898 UTC: 	 Adding directory /home/choij/workspace/CustomNanoGEN_CMSSW_13_0_13/cfipython to tarball
DEBUG 2025-04-02 08:35:04.899 UTC: 	 Checking directory /home/choij/workspace/CustomNanoGEN_CMSSW_13_0_13/lib
DEBUG 2025-04-02 08:35:04.899 UTC: 	 Adding directory /home/choij/workspace/CustomNanoGEN_CMSSW_13_0_13/lib to tarball
DEBUG 2025-04-02 08:35:04.899 UTC: 	 Checking directory /home/choij/workspace/CustomNanoGEN_CMSSW_13_0_13/biglib
DEBUG 2025-04-02 08:35:04.899 UTC: 	 Adding directory /home/choij/workspace/CustomNanoGEN_CMSSW_13_0_13/biglib to tarball
DEBUG 2025-04-02 08:35:04.900 UTC: 	 Checking directory /home/choij/workspace/CustomNanoGEN_CMSSW_13_0_13/module
DEBUG 2025-04-02 08:35:04.900 UTC: 	 Checking directory /home/choij/workspace/CustomNanoGEN_CMSSW_13_0_13/config/SCRAM/hooks
DEBUG 2025-04-02 08:35:04.900 UTC: 	 Adding directory /home/choij/workspace/CustomNanoGEN_CMSSW_13_0_13/config/SCRAM/hooks to tarball
DEBUG 2025-04-02 08:35:04.905 UTC: 	 Adding directory /home/choij/workspace/CustomNanoGEN_CMSSW_13_0_13/src/Configuration/CustomNanoGEN/python to tarball
DEBUG 2025-04-02 08:35:05.053 UTC: 	 Uploading archive /home/choij/workspace/CustomNanoGEN_CMSSW_13_0_13/src/Configuration/CustomNanoGEN/crab/crab_projects/crab_W2j_LO_5f_LEGACY/inputs/ac761eb7-fe89-4e0b-92be-cef0aff6a57edefault.tgz (198 KB) to the CRAB cache. Using URI https://cmsweb.cern.ch/S3/crabcache_prod
DEBUG 2025-04-02 08:35:05.143 UTC: 	 Encoded data for curl request: subresource=upload&objecttype=sandbox&tarballname=67f0740fcc28b18b7a91207018a20448626ba18d899f1c6c1ba4167703986f63.tar.gz
DEBUG 2025-04-02 08:35:05.977 UTC: 	 Will execute:
curl -f -v -X POST  -H "User-Agent: CRAB" -F "key=choij/sandboxes/67f0740fcc28b18b7a91207018a20448626ba18d899f1c6c1ba4167703986f63.tar.gz" -F "AWSAccessKeyId=715203df6482458ba839e73e6dab634b" -F "policy=eyJleHBpcmF0aW9uIjogIjIwMjUtMDQtMDJUMDk6MzU6MDVaIiwgImNvbmRpdGlvbnMiOiBbeyJidWNrZXQiOiAiY3JhYmNhY2hlX3Byb2QifSwgeyJrZXkiOiAiY2hvaWovc2FuZGJveGVzLzY3ZjA3NDBmY2MyOGIxOGI3YTkxMjA3MDE4YTIwNDQ4NjI2YmExOGQ4OTlmMWM2YzFiYTQxNjc3MDM5ODZmNjMudGFyLmd6In1dfQ==" -F "signature=8R20gMv4rDE8a61LlYIlxzByrYI=" -F "file=@/home/choij/workspace/CustomNanoGEN_CMSSW_13_0_13/src/Configuration/CustomNanoGEN/crab/crab_projects/crab_W2j_LO_5f_LEGACY/inputs/ac761eb7-fe89-4e0b-92be-cef0aff6a57edefault.tgz" "https://s3.cern.ch/crabcache_prod"
DEBUG 2025-04-02 08:35:07.941 UTC: 	 exitcode: 0
stdout: b''
DEBUG 2025-04-02 08:35:07.941 UTC: 	 upload to S3 of sandbox /home/choij/workspace/CustomNanoGEN_CMSSW_13_0_13/src/Configuration/CustomNanoGEN/crab/crab_projects/crab_W2j_LO_5f_LEGACY/inputs/ac761eb7-fe89-4e0b-92be-cef0aff6a57edefault.tgz completed
DEBUG 2025-04-02 08:35:07.941 UTC: 	 make sure that object is ready for retrieve
DEBUG 2025-04-02 08:35:08.943 UTC: 	 Encoded data for curl request: subresource=download&objecttype=sandbox&tarballname=67f0740fcc28b18b7a91207018a20448626ba18d899f1c6c1ba4167703986f63.tar.gz&clientmethod=head_object
DEBUG 2025-04-02 08:35:09.776 UTC: 	 PreSignedUrl to download sandbox received OK
DEBUG 2025-04-02 08:35:09.780 UTC: 	 Will execute:
 curl -v -s -f -o /dev/null --head  "https://s3.cern.ch/crabcache_prod/choij/sandboxes/67f0740fcc28b18b7a91207018a20448626ba18d899f1c6c1ba4167703986f63.tar.gz?AWSAccessKeyId=715203df6482458ba839e73e6dab634b&Signature=KWXPmXZFcJ2AAFLu%2Ft8hh404ZlE%3D&Expires=1743586509"
DEBUG 2025-04-02 08:35:10.595 UTC: 	 exitcode: 0
stdout: b''
DEBUG 2025-04-02 08:35:10.595 UTC: 	 sandbox /home/choij/workspace/CustomNanoGEN_CMSSW_13_0_13/src/Configuration/CustomNanoGEN/crab/crab_projects/crab_W2j_LO_5f_LEGACY/inputs/ac761eb7-fe89-4e0b-92be-cef0aff6a57edefault.tgz successfully uploaded to S3
DEBUG 2025-04-02 08:35:10.595 UTC: 	 Loading required information from the environment
DEBUG 2025-04-02 08:35:10.595 UTC: 	 Found CMSSW_13_0_13 for el8_amd64_gcc11 with base /home/choij/workspace/CustomNanoGEN_CMSSW_13_0_13
DEBUG 2025-04-02 08:35:10.595 UTC: 	 Making tarball in /home/choij/workspace/CustomNanoGEN_CMSSW_13_0_13/src/Configuration/CustomNanoGEN/crab/crab_projects/crab_W2j_LO_5f_LEGACY/inputs/debugFiles.tgz
DEBUG 2025-04-02 08:35:10.598 UTC: 	 Uploading archive /home/choij/workspace/CustomNanoGEN_CMSSW_13_0_13/src/Configuration/CustomNanoGEN/crab/crab_projects/crab_W2j_LO_5f_LEGACY/inputs/debugFiles.tgz (3 KB) to the CRAB cache. Using URI https://cmsweb.cern.ch/S3/crabcache_prod
DEBUG 2025-04-02 08:35:10.599 UTC: 	 Encoded data for curl request: subresource=upload&objecttype=sandbox&tarballname=61764937771938ddead92ee1acef67aa97ae703b31c30f75a58fed96d5707f78.tar.gz
DEBUG 2025-04-02 08:35:11.575 UTC: 	 Will execute:
curl -f -v -X POST  -H "User-Agent: CRAB" -F "key=choij/sandboxes/61764937771938ddead92ee1acef67aa97ae703b31c30f75a58fed96d5707f78.tar.gz" -F "AWSAccessKeyId=715203df6482458ba839e73e6dab634b" -F "policy=eyJleHBpcmF0aW9uIjogIjIwMjUtMDQtMDJUMDk6MzU6MTFaIiwgImNvbmRpdGlvbnMiOiBbeyJidWNrZXQiOiAiY3JhYmNhY2hlX3Byb2QifSwgeyJrZXkiOiAiY2hvaWovc2FuZGJveGVzLzYxNzY0OTM3NzcxOTM4ZGRlYWQ5MmVlMWFjZWY2N2FhOTdhZTcwM2IzMWMzMGY3NWE1OGZlZDk2ZDU3MDdmNzgudGFyLmd6In1dfQ==" -F "signature=5W97mwPRhHXOf0gjmeaZBIMLTjQ=" -F "file=@/home/choij/workspace/CustomNanoGEN_CMSSW_13_0_13/src/Configuration/CustomNanoGEN/crab/crab_projects/crab_W2j_LO_5f_LEGACY/inputs/debugFiles.tgz" "https://s3.cern.ch/crabcache_prod"
DEBUG 2025-04-02 08:35:12.506 UTC: 	 exitcode: 0
stdout: b''
DEBUG 2025-04-02 08:35:12.506 UTC: 	 upload to S3 of sandbox /home/choij/workspace/CustomNanoGEN_CMSSW_13_0_13/src/Configuration/CustomNanoGEN/crab/crab_projects/crab_W2j_LO_5f_LEGACY/inputs/debugFiles.tgz completed
DEBUG 2025-04-02 08:35:12.506 UTC: 	 make sure that object is ready for retrieve
DEBUG 2025-04-02 08:35:13.508 UTC: 	 Encoded data for curl request: subresource=download&objecttype=sandbox&tarballname=61764937771938ddead92ee1acef67aa97ae703b31c30f75a58fed96d5707f78.tar.gz&clientmethod=head_object
DEBUG 2025-04-02 08:35:14.337 UTC: 	 PreSignedUrl to download sandbox received OK
DEBUG 2025-04-02 08:35:14.340 UTC: 	 Will execute:
 curl -v -s -f -o /dev/null --head  "https://s3.cern.ch/crabcache_prod/choij/sandboxes/61764937771938ddead92ee1acef67aa97ae703b31c30f75a58fed96d5707f78.tar.gz?AWSAccessKeyId=715203df6482458ba839e73e6dab634b&Signature=bwb6jGlcrkDjUxYsHMlcwmMGbEM%3D&Expires=1743586514"
DEBUG 2025-04-02 08:35:15.159 UTC: 	 exitcode: 0
stdout: b''
DEBUG 2025-04-02 08:35:15.159 UTC: 	 sandbox /home/choij/workspace/CustomNanoGEN_CMSSW_13_0_13/src/Configuration/CustomNanoGEN/crab/crab_projects/crab_W2j_LO_5f_LEGACY/inputs/debugFiles.tgz successfully uploaded to S3
DEBUG 2025-04-02 08:35:15.159 UTC: 	 Result uploading input files: 67f0740fcc28b18b7a91207018a20448626ba18d899f1c6c1ba4167703986f63.tar.gz 
DEBUG 2025-04-02 08:35:15.160 UTC: 	 submit() - self.configuration from WMCore.Configuration import Configuration
config = Configuration()
config.section_('General')
config.General.transferOutputs = True
config.General.transferLogs = False
config.General.requestName = 'W2j_LO_5f_LEGACY'
config.General.workArea = 'crab_projects'
config.section_('JobType')
config.JobType.pluginName = 'PrivateMC'
config.JobType.psetName = '../configs/Hadronizer_TuneCP5_13p6TeV_W2j_LO_5f_LEGACY_LHE_pythia8_cfg.py'
config.JobType.allowUndistributedCMSSW = False
config.JobType.numCores = 1
config.section_('Data')
config.Data.outLFNDirBase = '/store/user/choij/CustomNanoGEN'
config.Data.outputPrimaryDataset = 'Validation'
config.Data.unitsPerJob = 5000
config.Data.publication = False
config.Data.outputDatasetTag = 'Run3Summer23wmLHEGS'
config.Data.splitting = 'EventBased'
config.Data.totalUnits = 200000
config.section_('Site')
config.Site.storageSite = 'T3_KR_KNU'
config.section_('User')
config.section_('Debug')

DEBUG 2025-04-02 08:35:15.160 UTC: 	 submit() - self.configreq {'dryrun': 0, 'workflow': 'crab_W2j_LO_5f_LEGACY', 'saveoutput': 1, 'savelogsflag': 0, 'primarydataset': 'Validation', 'nonvaliddata': 0, 'userfiles': [], 'dbsurl': 'https://cmsweb.cern.ch/dbs/prod/global/DBSReader', 'useparent': 0, 'ignorelocality': 0, 'splitalgo': 'EventBased', 'algoargs': 5000, 'totalunits': 200000, 'lfn': '/store/user/choij/CustomNanoGEN', 'publication': 0, 'publishdbsurl': 'https://cmsweb.cern.ch/dbs/prod/phys03/DBSWriter', 'publishname2': 'Run3Summer23wmLHEGS', 'jobtype': 'PrivateMC', 'generator': 'pythia', 'addoutputfiles': [], 'maxjobruntime': 1250, 'numcores': 1, 'maxmemory': 2000, 'priority': 10, 'nonprodsw': 0, 'asyncdest': 'T3_KR_KNU', 'requireaccelerator': 0, 'oneEventMode': 0, 'extrajdl': [], 'ignoreglobalblacklist': 0, 'partialdataset': 0, 'inputblocks': []}
DEBUG 2025-04-02 08:35:15.160 UTC: 	 submit() - jobconfig {'addoutputfiles': [], 'tfileoutfiles': [], 'edmoutfiles': ['NANOGEN.root'], 'jobarch': 'el8_amd64_gcc11', 'jobminuarch': 'any', 'jobsw': 'CMSSW_13_0_13', 'cacheurl': 'https://cmsweb.cern.ch/S3/crabcache_prod', 'cachefilename': '67f0740fcc28b18b7a91207018a20448626ba18d899f1c6c1ba4167703986f63.tar.gz', 'debugfilename': '61764937771938ddead92ee1acef67aa97ae703b31c30f75a58fed96d5707f78.tar.gz', 'jobtype': 'PrivateMC', 'primarydataset': 'Validation'}
INFO 2025-04-02 08:35:15.160 UTC: 	 Sending the request to the server at cmsweb.cern.ch
DEBUG 2025-04-02 08:35:15.160 UTC: 	 Submitting {'dryrun': 0, 'workflow': 'crab_W2j_LO_5f_LEGACY', 'saveoutput': 1, 'savelogsflag': 0, 'primarydataset': 'Validation', 'nonvaliddata': 0, 'userfiles': [], 'dbsurl': 'https://cmsweb.cern.ch/dbs/prod/global/DBSReader', 'useparent': 0, 'ignorelocality': 0, 'splitalgo': 'EventBased', 'algoargs': 5000, 'totalunits': 200000, 'lfn': '/store/user/choij/CustomNanoGEN', 'publication': 0, 'publishdbsurl': 'https://cmsweb.cern.ch/dbs/prod/phys03/DBSWriter', 'publishname2': 'Run3Summer23wmLHEGS', 'jobtype': 'PrivateMC', 'generator': 'pythia', 'addoutputfiles': [], 'maxjobruntime': 1250, 'numcores': 1, 'maxmemory': 2000, 'priority': 10, 'nonprodsw': 0, 'asyncdest': 'T3_KR_KNU', 'requireaccelerator': 0, 'oneEventMode': 0, 'extrajdl': [], 'ignoreglobalblacklist': 0, 'partialdataset': 0, 'inputblocks': [], 'tfileoutfiles': [], 'edmoutfiles': ['NANOGEN.root'], 'jobarch': 'el8_amd64_gcc11', 'jobminuarch': 'any', 'jobsw': 'CMSSW_13_0_13', 'cacheurl': 'https://cmsweb.cern.ch/S3/crabcache_prod', 'cachefilename': '67f0740fcc28b18b7a91207018a20448626ba18d899f1c6c1ba4167703986f63.tar.gz', 'debugfilename': '61764937771938ddead92ee1acef67aa97ae703b31c30f75a58fed96d5707f78.tar.gz'} 
DEBUG 2025-04-02 08:35:15.160 UTC: 	 Encoded data for curl request: dryrun=0&workflow=crab_W2j_LO_5f_LEGACY&saveoutput=1&savelogsflag=0&primarydataset=Validation&nonvaliddata=0&dbsurl=https%3A%2F%2Fcmsweb.cern.ch%2Fdbs%2Fprod%2Fglobal%2FDBSReader&useparent=0&ignorelocality=0&splitalgo=EventBased&algoargs=5000&totalunits=200000&lfn=%2Fstore%2Fuser%2Fchoij%2FCustomNanoGEN&publication=0&publishdbsurl=https%3A%2F%2Fcmsweb.cern.ch%2Fdbs%2Fprod%2Fphys03%2FDBSWriter&publishname2=Run3Summer23wmLHEGS&jobtype=PrivateMC&generator=pythia&maxjobruntime=1250&numcores=1&maxmemory=2000&priority=10&nonprodsw=0&asyncdest=T3_KR_KNU&requireaccelerator=0&oneEventMode=0&ignoreglobalblacklist=0&partialdataset=0&jobarch=el8_amd64_gcc11&jobminuarch=any&jobsw=CMSSW_13_0_13&cacheurl=https%3A%2F%2Fcmsweb.cern.ch%2FS3%2Fcrabcache_prod&cachefilename=67f0740fcc28b18b7a91207018a20448626ba18d899f1c6c1ba4167703986f63.tar.gz&debugfilename=61764937771938ddead92ee1acef67aa97ae703b31c30f75a58fed96d5707f78.tar.gz&edmoutfiles=NANOGEN.root
DEBUG 2025-04-02 08:35:16.012 UTC: 	 Result: {'result': [{'RequestName': '250402_083515:choij_crab_W2j_LO_5f_LEGACY'}]}
INFO 2025-04-02 08:35:16.013 UTC: 	 Success: Your task has been delivered to the prod CRAB3 server.
INFO 2025-04-02 08:35:16.013 UTC: 	 Task name: 250402_083515:choij_crab_W2j_LO_5f_LEGACY
INFO 2025-04-02 08:35:16.013 UTC: 	 Project dir: crab_projects/crab_W2j_LO_5f_LEGACY
INFO 2025-04-02 08:35:16.013 UTC: 	 Please use ' crab status -d crab_projects/crab_W2j_LO_5f_LEGACY ' to check how the submission process proceeds.
DEBUG 2025-04-02 08:35:16.013 UTC: 	 About to return
INFO 2025-04-02 08:35:16.014 UTC: 	 Log file is /home/choij/workspace/CustomNanoGEN_CMSSW_13_0_13/src/Configuration/CustomNanoGEN/crab/crab_projects/crab_W2j_LO_5f_LEGACY/crab.log
