DEBUG 2025-04-02 08:29:44.613 UTC: 	 CRAB Client version: v3.250318
DEBUG 2025-04-02 08:29:44.614 UTC: 	 Running on: Linux private-snu 6.13.8-200.fc41.x86_64 #1 SMP PREEMPT_DYNAMIC Sun Mar 23 05:03:09 UTC 2025 x86_64 x86_64 x86_64 GNU/Linux
DEBUG 2025-04-02 08:29:44.614 UTC: 	 Using SINGULARITY image: private-el8.sif
DEBUG 2025-04-02 08:29:44.614 UTC: 	 Operating System: AlmaLinux 8.10 (Cerulean Leopard)
DEBUG 2025-04-02 08:29:44.614 UTC: 	 Executing command: 'submit'
DEBUG 2025-04-02 08:29:44.614 UTC: 	 Found CRAB cache file /home/choij/.crab3
INFO 2025-04-02 08:29:44.614 UTC: 	 Will use CRAB configuration file crab_config_DY3j_LO_5f_CPPAVX2.py
DEBUG 2025-04-02 08:29:44.614 UTC: 	 Loading CRAB configuration file.
DEBUG 2025-04-02 08:29:46.314 UTC: 	 Will use CRAB plugin PRIVATEMC (i.e. will run an a MC generation job type).
DEBUG 2025-04-02 08:29:46.314 UTC: 	 Checking credentials
DEBUG 2025-04-02 08:29:46.314 UTC: 	 Found proxy file /tmp/x509up_u1000
DEBUG 2025-04-02 08:29:46.314 UTC: 	 Making sure it has proper VOMS extension
DEBUG 2025-04-02 08:29:46.314 UTC: 	 Executing command :
 voms-proxy-info --vo --file /tmp/x509up_u1000
DEBUG 2025-04-02 08:29:46.634 UTC: 	 output : cms

 error: 
 retcode : 0
DEBUG 2025-04-02 08:29:46.634 UTC: 	 Getting proxy life time left
DEBUG 2025-04-02 08:29:46.634 UTC: 	 Executing command :
 voms-proxy-info --actimeleft --timeleft --file /tmp/x509up_u1000
DEBUG 2025-04-02 08:29:46.959 UTC: 	 output : 594083
594083

 error: 
 retcode : 0
DEBUG 2025-04-02 08:29:46.959 UTC: 	 Proxy valid for 165:01:23 hours
DEBUG 2025-04-02 08:29:46.959 UTC: 	 Encoded data for curl request: subresource=delegatedn
DEBUG 2025-04-02 08:29:47.792 UTC: 	 Registering user credentials on myproxy for /DC=ch/DC=cern/OU=computers/CN=crab-(preprod|prod)-tw(01|02).cern.ch|/DC=ch/DC=cern/OU=computers/CN=crab-dev-tw(01|02|03|04).cern.ch|/DC=ch/DC=cern/OU=Organic Units/OU=Users/CN=cmscrab/CN=(817881|373708)/CN=Robot: cms crab|/DC=ch/DC=cern/OU=Organic Units/OU=Users/CN=crabint1/CN=373708/CN=Robot: CMS CRAB Integration 1
DEBUG 2025-04-02 08:29:47.792 UTC: 	 Executing command :
 voms-proxy-info --identity --file /tmp/x509up_u1000
DEBUG 2025-04-02 08:29:48.130 UTC: 	 output : /DC=ch/DC=cern/OU=Organic Units/OU=Users/CN=choij/CN=841389/CN=Jin Choi

 error: 
 retcode : 0
DEBUG 2025-04-02 08:29:48.130 UTC: 	 Getting myproxy life time left for 62145c27448958522230f1583fedca774537a25d
DEBUG 2025-04-02 08:29:48.130 UTC: 	 Executing command :
 myproxy-info -s myproxy.cern.ch -l 62145c27448958522230f1583fedca774537a25d
DEBUG 2025-04-02 08:29:49.715 UTC: 	 output : username: 62145c27448958522230f1583fedca774537a25d
owner: /DC=ch/DC=cern/OU=Organic Units/OU=Users/CN=choij/CN=841389/CN=Jin Choi
  renewal policy: /DC=ch/DC=cern/OU=computers/CN=crab-(preprod|prod)-tw(01|02).cern.ch|/DC=ch/DC=cern/OU=computers/CN=crab-dev-tw(01|02|03|04).cern.ch|/DC=ch/DC=cern/OU=Organic Units/OU=Users/CN=cmscrab/CN=(817881|373708)/CN=Robot: cms crab|/DC=ch/DC=cern/OU=Organic Units/OU=Users/CN=crabint1/CN=373708/CN=Robot: CMS CRAB Integration 1
  trusted retrieval policy: /DC=ch/DC=cern/OU=computers/CN=crab-(preprod|prod)-tw(01|02).cern.ch|/DC=ch/DC=cern/OU=computers/CN=crab-dev-tw(01|02|03|04).cern.ch|/DC=ch/DC=cern/OU=Organic Units/OU=Users/CN=cmscrab/CN=(817881|373708)/CN=Robot: cms crab|/DC=ch/DC=cern/OU=Organic Units/OU=Users/CN=crabint1/CN=373708/CN=Robot: CMS CRAB Integration 1
  timeleft: 524:46:15  (21.9 days)

 error: 
 retcode : 0
DEBUG 2025-04-02 08:29:49.715 UTC: 	 Myproxy is valid: 1889160
DEBUG 2025-04-02 08:29:49.715 UTC: 	 Result of myproxy credential check:
  Credential exists on myproxy: username: 62145c27448958522230f1583fedca774537a25d  - validity: 21 days, 20:46:00
DEBUG 2025-04-02 08:29:49.715 UTC: 	 Command use: submit
DEBUG 2025-04-02 08:29:49.715 UTC: 	 Options use: ['-c', 'crab_config_DY3j_LO_5f_CPPAVX2.py']
DEBUG 2025-04-02 08:29:49.715 UTC: 	 Encoded data for curl request: subresource=version
DEBUG 2025-04-02 08:29:50.543 UTC: 	 CRABClient version: v3.250318
DEBUG 2025-04-02 08:29:50.543 UTC: 	 Instance is prod
DEBUG 2025-04-02 08:29:50.544 UTC: 	 Server base url is cmsweb.cern.ch
DEBUG 2025-04-02 08:29:50.544 UTC: 	 Command api workflow
DEBUG 2025-04-02 08:29:50.544 UTC: 	 Started submission
DEBUG 2025-04-02 08:29:50.544 UTC: 	 Working on /home/choij/workspace/CustomNanoGEN_CMSSW_13_0_13/src/Configuration/CustomNanoGEN/crab/crab_projects/crab_DY3j_LO_5f_CPPAVX2
DEBUG 2025-04-02 08:29:50.544 UTC: 	 Encoded data for curl request: subresource=backendurls
DEBUG 2025-04-02 08:29:51.388 UTC: 	 Loading required information from the environment
DEBUG 2025-04-02 08:29:51.389 UTC: 	 Found CMSSW_13_0_13 for el8_amd64_gcc11 with base /home/choij/workspace/CustomNanoGEN_CMSSW_13_0_13
DEBUG 2025-04-02 08:29:51.389 UTC: 	 UNIQUE NAME: tarUUID db332e51-9283-4a85-9cc4-c7c44df7b353 
DEBUG 2025-04-02 08:29:51.389 UTC: 	 self.config: from WMCore.Configuration import Configuration
config = Configuration()
config.section_('General')
config.General.workArea = 'crab_projects'
config.General.transferOutputs = True
config.General.requestName = 'DY3j_LO_5f_CPPAVX2'
config.General.transferLogs = False
config.section_('JobType')
config.JobType.allowUndistributedCMSSW = False
config.JobType.pluginName = 'PrivateMC'
config.JobType.numCores = 1
config.JobType.psetName = '../configs/Hadronizer_TuneCP5_13p6TeV_DY3j_LO_5f_CPPAVX2_LHE_pythia8_cfg.py'
config.section_('Data')
config.Data.outputDatasetTag = 'Run3Summer23wmLHEGS'
config.Data.unitsPerJob = 5000
config.Data.outputPrimaryDataset = 'Validation'
config.Data.splitting = 'EventBased'
config.Data.totalUnits = 200000
config.Data.publication = False
config.Data.outLFNDirBase = '/store/user/choij/CustomNanoGEN'
config.section_('Site')
config.Site.storageSite = 'T3_KR_KNU'
config.section_('User')
config.section_('Debug')

DEBUG 2025-04-02 08:29:51.389 UTC: 	 self.config.JobType.psetName: ../configs/Hadronizer_TuneCP5_13p6TeV_DY3j_LO_5f_CPPAVX2_LHE_pythia8_cfg.py
INFO 2025-04-02 08:29:51.389 UTC: 	 Importing CMSSW configuration ../configs/Hadronizer_TuneCP5_13p6TeV_DY3j_LO_5f_CPPAVX2_LHE_pythia8_cfg.py
INFO 2025-04-02 08:29:52.101 UTC: 	 Finished importing CMSSW configuration ../configs/Hadronizer_TuneCP5_13p6TeV_DY3j_LO_5f_CPPAVX2_LHE_pythia8_cfg.py
DEBUG 2025-04-02 08:29:52.101 UTC: 	 Writing CMSSW configuration to /home/choij/workspace/CustomNanoGEN_CMSSW_13_0_13/src/Configuration/CustomNanoGEN/crab/crab_projects/crab_DY3j_LO_5f_CPPAVX2/inputs/PSet.py
DEBUG 2025-04-02 08:29:52.203 UTC: 	 The following EDM output files will be collected: ['NANOGEN.root']
DEBUG 2025-04-02 08:29:52.203 UTC: 	 The following TFile output files will be collected: []
DEBUG 2025-04-02 08:29:52.203 UTC: 	 The following user output files (not listed as PoolOuputModule or TFileService in the CMSSW PSet) will be collected: 
DEBUG 2025-04-02 08:29:52.203 UTC: 	 Loading required information from the environment
DEBUG 2025-04-02 08:29:52.203 UTC: 	 Found CMSSW_13_0_13 for el8_amd64_gcc11 with base /home/choij/workspace/CustomNanoGEN_CMSSW_13_0_13
DEBUG 2025-04-02 08:29:52.203 UTC: 	 Making tarball in /home/choij/workspace/CustomNanoGEN_CMSSW_13_0_13/src/Configuration/CustomNanoGEN/crab/crab_projects/crab_DY3j_LO_5f_CPPAVX2/inputs/db332e51-9283-4a85-9cc4-c7c44df7b353default.tgz
DEBUG 2025-04-02 08:29:52.203 UTC: 	 Checking directory /home/choij/workspace/CustomNanoGEN_CMSSW_13_0_13/bin
DEBUG 2025-04-02 08:29:52.203 UTC: 	 Adding directory /home/choij/workspace/CustomNanoGEN_CMSSW_13_0_13/bin to tarball
DEBUG 2025-04-02 08:29:52.205 UTC: 	 Checking directory /home/choij/workspace/CustomNanoGEN_CMSSW_13_0_13/python
DEBUG 2025-04-02 08:29:52.205 UTC: 	 Adding directory /home/choij/workspace/CustomNanoGEN_CMSSW_13_0_13/python to tarball
DEBUG 2025-04-02 08:29:52.207 UTC: 	 Checking directory /home/choij/workspace/CustomNanoGEN_CMSSW_13_0_13/cfipython
DEBUG 2025-04-02 08:29:52.207 UTC: 	 Adding directory /home/choij/workspace/CustomNanoGEN_CMSSW_13_0_13/cfipython to tarball
DEBUG 2025-04-02 08:29:52.207 UTC: 	 Checking directory /home/choij/workspace/CustomNanoGEN_CMSSW_13_0_13/lib
DEBUG 2025-04-02 08:29:52.207 UTC: 	 Adding directory /home/choij/workspace/CustomNanoGEN_CMSSW_13_0_13/lib to tarball
DEBUG 2025-04-02 08:29:52.208 UTC: 	 Checking directory /home/choij/workspace/CustomNanoGEN_CMSSW_13_0_13/biglib
DEBUG 2025-04-02 08:29:52.208 UTC: 	 Adding directory /home/choij/workspace/CustomNanoGEN_CMSSW_13_0_13/biglib to tarball
DEBUG 2025-04-02 08:29:52.208 UTC: 	 Checking directory /home/choij/workspace/CustomNanoGEN_CMSSW_13_0_13/module
DEBUG 2025-04-02 08:29:52.208 UTC: 	 Checking directory /home/choij/workspace/CustomNanoGEN_CMSSW_13_0_13/config/SCRAM/hooks
DEBUG 2025-04-02 08:29:52.208 UTC: 	 Adding directory /home/choij/workspace/CustomNanoGEN_CMSSW_13_0_13/config/SCRAM/hooks to tarball
DEBUG 2025-04-02 08:29:52.213 UTC: 	 Adding directory /home/choij/workspace/CustomNanoGEN_CMSSW_13_0_13/src/Configuration/CustomNanoGEN/python to tarball
DEBUG 2025-04-02 08:29:52.362 UTC: 	 Uploading archive /home/choij/workspace/CustomNanoGEN_CMSSW_13_0_13/src/Configuration/CustomNanoGEN/crab/crab_projects/crab_DY3j_LO_5f_CPPAVX2/inputs/db332e51-9283-4a85-9cc4-c7c44df7b353default.tgz (198 KB) to the CRAB cache. Using URI https://cmsweb.cern.ch/S3/crabcache_prod
DEBUG 2025-04-02 08:29:52.459 UTC: 	 Encoded data for curl request: subresource=upload&objecttype=sandbox&tarballname=5edf8365cd291248aaa23db529f90d856ee61b1d42e0f3183cbf1be6b460dc5d.tar.gz
DEBUG 2025-04-02 08:29:53.353 UTC: 	 Will execute:
curl -f -v -X POST  -H "User-Agent: CRAB" -F "key=choij/sandboxes/5edf8365cd291248aaa23db529f90d856ee61b1d42e0f3183cbf1be6b460dc5d.tar.gz" -F "AWSAccessKeyId=715203df6482458ba839e73e6dab634b" -F "policy=eyJleHBpcmF0aW9uIjogIjIwMjUtMDQtMDJUMDk6Mjk6NTNaIiwgImNvbmRpdGlvbnMiOiBbeyJidWNrZXQiOiAiY3JhYmNhY2hlX3Byb2QifSwgeyJrZXkiOiAiY2hvaWovc2FuZGJveGVzLzVlZGY4MzY1Y2QyOTEyNDhhYWEyM2RiNTI5ZjkwZDg1NmVlNjFiMWQ0MmUwZjMxODNjYmYxYmU2YjQ2MGRjNWQudGFyLmd6In1dfQ==" -F "signature=Fcw6I2DBGN8gcY2hdM5gOf3w6xs=" -F "file=@/home/choij/workspace/CustomNanoGEN_CMSSW_13_0_13/src/Configuration/CustomNanoGEN/crab/crab_projects/crab_DY3j_LO_5f_CPPAVX2/inputs/db332e51-9283-4a85-9cc4-c7c44df7b353default.tgz" "https://s3.cern.ch/crabcache_prod"
DEBUG 2025-04-02 08:29:54.959 UTC: 	 exitcode: 0
stdout: b''
DEBUG 2025-04-02 08:29:54.959 UTC: 	 upload to S3 of sandbox /home/choij/workspace/CustomNanoGEN_CMSSW_13_0_13/src/Configuration/CustomNanoGEN/crab/crab_projects/crab_DY3j_LO_5f_CPPAVX2/inputs/db332e51-9283-4a85-9cc4-c7c44df7b353default.tgz completed
DEBUG 2025-04-02 08:29:54.959 UTC: 	 make sure that object is ready for retrieve
DEBUG 2025-04-02 08:29:55.960 UTC: 	 Encoded data for curl request: subresource=download&objecttype=sandbox&tarballname=5edf8365cd291248aaa23db529f90d856ee61b1d42e0f3183cbf1be6b460dc5d.tar.gz&clientmethod=head_object
DEBUG 2025-04-02 08:32:09.184 UTC: 	 PreSignedUrl to download sandbox received OK
DEBUG 2025-04-02 08:32:09.188 UTC: 	 Will execute:
 curl -v -s -f -o /dev/null --head  "https://s3.cern.ch/crabcache_prod/choij/sandboxes/5edf8365cd291248aaa23db529f90d856ee61b1d42e0f3183cbf1be6b460dc5d.tar.gz?AWSAccessKeyId=715203df6482458ba839e73e6dab634b&Signature=j9QcybAJPC6o00D03eYJDxg3wNs%3D&Expires=1743586329"
DEBUG 2025-04-02 08:32:10.003 UTC: 	 exitcode: 0
stdout: b''
DEBUG 2025-04-02 08:32:10.003 UTC: 	 sandbox /home/choij/workspace/CustomNanoGEN_CMSSW_13_0_13/src/Configuration/CustomNanoGEN/crab/crab_projects/crab_DY3j_LO_5f_CPPAVX2/inputs/db332e51-9283-4a85-9cc4-c7c44df7b353default.tgz successfully uploaded to S3
DEBUG 2025-04-02 08:32:10.003 UTC: 	 Loading required information from the environment
DEBUG 2025-04-02 08:32:10.003 UTC: 	 Found CMSSW_13_0_13 for el8_amd64_gcc11 with base /home/choij/workspace/CustomNanoGEN_CMSSW_13_0_13
DEBUG 2025-04-02 08:32:10.003 UTC: 	 Making tarball in /home/choij/workspace/CustomNanoGEN_CMSSW_13_0_13/src/Configuration/CustomNanoGEN/crab/crab_projects/crab_DY3j_LO_5f_CPPAVX2/inputs/debugFiles.tgz
DEBUG 2025-04-02 08:32:10.006 UTC: 	 Uploading archive /home/choij/workspace/CustomNanoGEN_CMSSW_13_0_13/src/Configuration/CustomNanoGEN/crab/crab_projects/crab_DY3j_LO_5f_CPPAVX2/inputs/debugFiles.tgz (3 KB) to the CRAB cache. Using URI https://cmsweb.cern.ch/S3/crabcache_prod
DEBUG 2025-04-02 08:32:10.008 UTC: 	 Encoded data for curl request: subresource=upload&objecttype=sandbox&tarballname=02707391f742d86e396c6214e90beb7a3e43683c51b92851358b02239eb3dcc2.tar.gz
DEBUG 2025-04-02 08:32:10.833 UTC: 	 Will execute:
curl -f -v -X POST  -H "User-Agent: CRAB" -F "key=choij/sandboxes/02707391f742d86e396c6214e90beb7a3e43683c51b92851358b02239eb3dcc2.tar.gz" -F "AWSAccessKeyId=715203df6482458ba839e73e6dab634b" -F "policy=eyJleHBpcmF0aW9uIjogIjIwMjUtMDQtMDJUMDk6MzI6MTBaIiwgImNvbmRpdGlvbnMiOiBbeyJidWNrZXQiOiAiY3JhYmNhY2hlX3Byb2QifSwgeyJrZXkiOiAiY2hvaWovc2FuZGJveGVzLzAyNzA3MzkxZjc0MmQ4NmUzOTZjNjIxNGU5MGJlYjdhM2U0MzY4M2M1MWI5Mjg1MTM1OGIwMjIzOWViM2RjYzIudGFyLmd6In1dfQ==" -F "signature=cha6bQ91U5gk2o4XKXl2IipAgoY=" -F "file=@/home/choij/workspace/CustomNanoGEN_CMSSW_13_0_13/src/Configuration/CustomNanoGEN/crab/crab_projects/crab_DY3j_LO_5f_CPPAVX2/inputs/debugFiles.tgz" "https://s3.cern.ch/crabcache_prod"
DEBUG 2025-04-02 08:32:11.775 UTC: 	 exitcode: 0
stdout: b''
DEBUG 2025-04-02 08:32:11.775 UTC: 	 upload to S3 of sandbox /home/choij/workspace/CustomNanoGEN_CMSSW_13_0_13/src/Configuration/CustomNanoGEN/crab/crab_projects/crab_DY3j_LO_5f_CPPAVX2/inputs/debugFiles.tgz completed
DEBUG 2025-04-02 08:32:11.775 UTC: 	 make sure that object is ready for retrieve
DEBUG 2025-04-02 08:32:12.776 UTC: 	 Encoded data for curl request: subresource=download&objecttype=sandbox&tarballname=02707391f742d86e396c6214e90beb7a3e43683c51b92851358b02239eb3dcc2.tar.gz&clientmethod=head_object
DEBUG 2025-04-02 08:32:13.608 UTC: 	 PreSignedUrl to download sandbox received OK
DEBUG 2025-04-02 08:32:13.612 UTC: 	 Will execute:
 curl -v -s -f -o /dev/null --head  "https://s3.cern.ch/crabcache_prod/choij/sandboxes/02707391f742d86e396c6214e90beb7a3e43683c51b92851358b02239eb3dcc2.tar.gz?AWSAccessKeyId=715203df6482458ba839e73e6dab634b&Signature=64G7QxjSnVO2xT%2FWm%2FFKa1RotRc%3D&Expires=1743586333"
DEBUG 2025-04-02 08:32:14.430 UTC: 	 exitcode: 0
stdout: b''
DEBUG 2025-04-02 08:32:14.430 UTC: 	 sandbox /home/choij/workspace/CustomNanoGEN_CMSSW_13_0_13/src/Configuration/CustomNanoGEN/crab/crab_projects/crab_DY3j_LO_5f_CPPAVX2/inputs/debugFiles.tgz successfully uploaded to S3
DEBUG 2025-04-02 08:32:14.430 UTC: 	 Result uploading input files: 5edf8365cd291248aaa23db529f90d856ee61b1d42e0f3183cbf1be6b460dc5d.tar.gz 
DEBUG 2025-04-02 08:32:14.430 UTC: 	 submit() - self.configuration from WMCore.Configuration import Configuration
config = Configuration()
config.section_('General')
config.General.workArea = 'crab_projects'
config.General.transferOutputs = True
config.General.requestName = 'DY3j_LO_5f_CPPAVX2'
config.General.transferLogs = False
config.section_('JobType')
config.JobType.allowUndistributedCMSSW = False
config.JobType.pluginName = 'PrivateMC'
config.JobType.numCores = 1
config.JobType.psetName = '../configs/Hadronizer_TuneCP5_13p6TeV_DY3j_LO_5f_CPPAVX2_LHE_pythia8_cfg.py'
config.section_('Data')
config.Data.outputDatasetTag = 'Run3Summer23wmLHEGS'
config.Data.unitsPerJob = 5000
config.Data.outputPrimaryDataset = 'Validation'
config.Data.splitting = 'EventBased'
config.Data.totalUnits = 200000
config.Data.publication = False
config.Data.outLFNDirBase = '/store/user/choij/CustomNanoGEN'
config.section_('Site')
config.Site.storageSite = 'T3_KR_KNU'
config.section_('User')
config.section_('Debug')

DEBUG 2025-04-02 08:32:14.430 UTC: 	 submit() - self.configreq {'dryrun': 0, 'workflow': 'crab_DY3j_LO_5f_CPPAVX2', 'saveoutput': 1, 'savelogsflag': 0, 'primarydataset': 'Validation', 'nonvaliddata': 0, 'userfiles': [], 'dbsurl': 'https://cmsweb.cern.ch/dbs/prod/global/DBSReader', 'useparent': 0, 'ignorelocality': 0, 'splitalgo': 'EventBased', 'algoargs': 5000, 'totalunits': 200000, 'lfn': '/store/user/choij/CustomNanoGEN', 'publication': 0, 'publishdbsurl': 'https://cmsweb.cern.ch/dbs/prod/phys03/DBSWriter', 'publishname2': 'Run3Summer23wmLHEGS', 'jobtype': 'PrivateMC', 'generator': 'pythia', 'addoutputfiles': [], 'maxjobruntime': 1250, 'numcores': 1, 'maxmemory': 2000, 'priority': 10, 'nonprodsw': 0, 'asyncdest': 'T3_KR_KNU', 'requireaccelerator': 0, 'oneEventMode': 0, 'extrajdl': [], 'ignoreglobalblacklist': 0, 'partialdataset': 0, 'inputblocks': []}
DEBUG 2025-04-02 08:32:14.431 UTC: 	 submit() - jobconfig {'addoutputfiles': [], 'tfileoutfiles': [], 'edmoutfiles': ['NANOGEN.root'], 'jobarch': 'el8_amd64_gcc11', 'jobminuarch': 'any', 'jobsw': 'CMSSW_13_0_13', 'cacheurl': 'https://cmsweb.cern.ch/S3/crabcache_prod', 'cachefilename': '5edf8365cd291248aaa23db529f90d856ee61b1d42e0f3183cbf1be6b460dc5d.tar.gz', 'debugfilename': '02707391f742d86e396c6214e90beb7a3e43683c51b92851358b02239eb3dcc2.tar.gz', 'jobtype': 'PrivateMC', 'primarydataset': 'Validation'}
INFO 2025-04-02 08:32:14.431 UTC: 	 Sending the request to the server at cmsweb.cern.ch
DEBUG 2025-04-02 08:32:14.431 UTC: 	 Submitting {'dryrun': 0, 'workflow': 'crab_DY3j_LO_5f_CPPAVX2', 'saveoutput': 1, 'savelogsflag': 0, 'primarydataset': 'Validation', 'nonvaliddata': 0, 'userfiles': [], 'dbsurl': 'https://cmsweb.cern.ch/dbs/prod/global/DBSReader', 'useparent': 0, 'ignorelocality': 0, 'splitalgo': 'EventBased', 'algoargs': 5000, 'totalunits': 200000, 'lfn': '/store/user/choij/CustomNanoGEN', 'publication': 0, 'publishdbsurl': 'https://cmsweb.cern.ch/dbs/prod/phys03/DBSWriter', 'publishname2': 'Run3Summer23wmLHEGS', 'jobtype': 'PrivateMC', 'generator': 'pythia', 'addoutputfiles': [], 'maxjobruntime': 1250, 'numcores': 1, 'maxmemory': 2000, 'priority': 10, 'nonprodsw': 0, 'asyncdest': 'T3_KR_KNU', 'requireaccelerator': 0, 'oneEventMode': 0, 'extrajdl': [], 'ignoreglobalblacklist': 0, 'partialdataset': 0, 'inputblocks': [], 'tfileoutfiles': [], 'edmoutfiles': ['NANOGEN.root'], 'jobarch': 'el8_amd64_gcc11', 'jobminuarch': 'any', 'jobsw': 'CMSSW_13_0_13', 'cacheurl': 'https://cmsweb.cern.ch/S3/crabcache_prod', 'cachefilename': '5edf8365cd291248aaa23db529f90d856ee61b1d42e0f3183cbf1be6b460dc5d.tar.gz', 'debugfilename': '02707391f742d86e396c6214e90beb7a3e43683c51b92851358b02239eb3dcc2.tar.gz'} 
DEBUG 2025-04-02 08:32:14.431 UTC: 	 Encoded data for curl request: dryrun=0&workflow=crab_DY3j_LO_5f_CPPAVX2&saveoutput=1&savelogsflag=0&primarydataset=Validation&nonvaliddata=0&dbsurl=https%3A%2F%2Fcmsweb.cern.ch%2Fdbs%2Fprod%2Fglobal%2FDBSReader&useparent=0&ignorelocality=0&splitalgo=EventBased&algoargs=5000&totalunits=200000&lfn=%2Fstore%2Fuser%2Fchoij%2FCustomNanoGEN&publication=0&publishdbsurl=https%3A%2F%2Fcmsweb.cern.ch%2Fdbs%2Fprod%2Fphys03%2FDBSWriter&publishname2=Run3Summer23wmLHEGS&jobtype=PrivateMC&generator=pythia&maxjobruntime=1250&numcores=1&maxmemory=2000&priority=10&nonprodsw=0&asyncdest=T3_KR_KNU&requireaccelerator=0&oneEventMode=0&ignoreglobalblacklist=0&partialdataset=0&jobarch=el8_amd64_gcc11&jobminuarch=any&jobsw=CMSSW_13_0_13&cacheurl=https%3A%2F%2Fcmsweb.cern.ch%2FS3%2Fcrabcache_prod&cachefilename=5edf8365cd291248aaa23db529f90d856ee61b1d42e0f3183cbf1be6b460dc5d.tar.gz&debugfilename=02707391f742d86e396c6214e90beb7a3e43683c51b92851358b02239eb3dcc2.tar.gz&edmoutfiles=NANOGEN.root
DEBUG 2025-04-02 08:32:15.271 UTC: 	 Result: {'result': [{'RequestName': '250402_083215:choij_crab_DY3j_LO_5f_CPPAVX2'}]}
INFO 2025-04-02 08:32:15.272 UTC: 	 Success: Your task has been delivered to the prod CRAB3 server.
INFO 2025-04-02 08:32:15.272 UTC: 	 Task name: 250402_083215:choij_crab_DY3j_LO_5f_CPPAVX2
INFO 2025-04-02 08:32:15.272 UTC: 	 Project dir: crab_projects/crab_DY3j_LO_5f_CPPAVX2
INFO 2025-04-02 08:32:15.272 UTC: 	 Please use ' crab status -d crab_projects/crab_DY3j_LO_5f_CPPAVX2 ' to check how the submission process proceeds.
DEBUG 2025-04-02 08:32:15.272 UTC: 	 About to return
INFO 2025-04-02 08:32:15.275 UTC: 	 Log file is /home/choij/workspace/CustomNanoGEN_CMSSW_13_0_13/src/Configuration/CustomNanoGEN/crab/crab_projects/crab_DY3j_LO_5f_CPPAVX2/crab.log
