DEBUG 2025-04-02 08:36:47.787 UTC: 	 CRAB Client version: v3.250318
DEBUG 2025-04-02 08:36:47.787 UTC: 	 Running on: Linux private-snu 6.13.8-200.fc41.x86_64 #1 SMP PREEMPT_DYNAMIC Sun Mar 23 05:03:09 UTC 2025 x86_64 x86_64 x86_64 GNU/Linux
DEBUG 2025-04-02 08:36:47.787 UTC: 	 Using SINGULARITY image: private-el8.sif
DEBUG 2025-04-02 08:36:47.787 UTC: 	 Operating System: AlmaLinux 8.10 (Cerulean Leopard)
DEBUG 2025-04-02 08:36:47.787 UTC: 	 Executing command: 'submit'
DEBUG 2025-04-02 08:36:47.787 UTC: 	 Found CRAB cache file /home/choij/.crab3
INFO 2025-04-02 08:36:47.788 UTC: 	 Will use CRAB configuration file crab_config_W3j_LO_5f_CPPNONE.py
DEBUG 2025-04-02 08:36:47.788 UTC: 	 Loading CRAB configuration file.
DEBUG 2025-04-02 08:36:49.439 UTC: 	 Will use CRAB plugin PRIVATEMC (i.e. will run an a MC generation job type).
DEBUG 2025-04-02 08:36:49.439 UTC: 	 Checking credentials
DEBUG 2025-04-02 08:36:49.439 UTC: 	 Found proxy file /tmp/x509up_u1000
DEBUG 2025-04-02 08:36:49.439 UTC: 	 Making sure it has proper VOMS extension
DEBUG 2025-04-02 08:36:49.440 UTC: 	 Executing command :
 voms-proxy-info --vo --file /tmp/x509up_u1000
DEBUG 2025-04-02 08:36:49.757 UTC: 	 output : cms

 error: 
 retcode : 0
DEBUG 2025-04-02 08:36:49.757 UTC: 	 Getting proxy life time left
DEBUG 2025-04-02 08:36:49.757 UTC: 	 Executing command :
 voms-proxy-info --actimeleft --timeleft --file /tmp/x509up_u1000
DEBUG 2025-04-02 08:36:50.072 UTC: 	 output : 593659
593659

 error: 
 retcode : 0
DEBUG 2025-04-02 08:36:50.072 UTC: 	 Proxy valid for 164:54:19 hours
DEBUG 2025-04-02 08:36:50.073 UTC: 	 Encoded data for curl request: subresource=delegatedn
DEBUG 2025-04-02 08:36:50.900 UTC: 	 Registering user credentials on myproxy for /DC=ch/DC=cern/OU=computers/CN=crab-(preprod|prod)-tw(01|02).cern.ch|/DC=ch/DC=cern/OU=computers/CN=crab-dev-tw(01|02|03|04).cern.ch|/DC=ch/DC=cern/OU=Organic Units/OU=Users/CN=cmscrab/CN=(817881|373708)/CN=Robot: cms crab|/DC=ch/DC=cern/OU=Organic Units/OU=Users/CN=crabint1/CN=373708/CN=Robot: CMS CRAB Integration 1
DEBUG 2025-04-02 08:36:50.900 UTC: 	 Executing command :
 voms-proxy-info --identity --file /tmp/x509up_u1000
DEBUG 2025-04-02 08:36:51.249 UTC: 	 output : /DC=ch/DC=cern/OU=Organic Units/OU=Users/CN=choij/CN=841389/CN=Jin Choi

 error: 
 retcode : 0
DEBUG 2025-04-02 08:36:51.249 UTC: 	 Getting myproxy life time left for 62145c27448958522230f1583fedca774537a25d
DEBUG 2025-04-02 08:36:51.249 UTC: 	 Executing command :
 myproxy-info -s myproxy.cern.ch -l 62145c27448958522230f1583fedca774537a25d
DEBUG 2025-04-02 08:36:52.865 UTC: 	 output : username: 62145c27448958522230f1583fedca774537a25d
owner: /DC=ch/DC=cern/OU=Organic Units/OU=Users/CN=choij/CN=841389/CN=Jin Choi
  renewal policy: /DC=ch/DC=cern/OU=computers/CN=crab-(preprod|prod)-tw(01|02).cern.ch|/DC=ch/DC=cern/OU=computers/CN=crab-dev-tw(01|02|03|04).cern.ch|/DC=ch/DC=cern/OU=Organic Units/OU=Users/CN=cmscrab/CN=(817881|373708)/CN=Robot: cms crab|/DC=ch/DC=cern/OU=Organic Units/OU=Users/CN=crabint1/CN=373708/CN=Robot: CMS CRAB Integration 1
  trusted retrieval policy: /DC=ch/DC=cern/OU=computers/CN=crab-(preprod|prod)-tw(01|02).cern.ch|/DC=ch/DC=cern/OU=computers/CN=crab-dev-tw(01|02|03|04).cern.ch|/DC=ch/DC=cern/OU=Organic Units/OU=Users/CN=cmscrab/CN=(817881|373708)/CN=Robot: cms crab|/DC=ch/DC=cern/OU=Organic Units/OU=Users/CN=crabint1/CN=373708/CN=Robot: CMS CRAB Integration 1
  timeleft: 524:39:12  (21.9 days)

 error: 
 retcode : 0
DEBUG 2025-04-02 08:36:52.865 UTC: 	 Myproxy is valid: 1888740
DEBUG 2025-04-02 08:36:52.865 UTC: 	 Result of myproxy credential check:
  Credential exists on myproxy: username: 62145c27448958522230f1583fedca774537a25d  - validity: 21 days, 20:39:00
DEBUG 2025-04-02 08:36:52.865 UTC: 	 Command use: submit
DEBUG 2025-04-02 08:36:52.865 UTC: 	 Options use: ['-c', 'crab_config_W3j_LO_5f_CPPNONE.py']
DEBUG 2025-04-02 08:36:52.865 UTC: 	 Encoded data for curl request: subresource=version
DEBUG 2025-04-02 08:36:53.694 UTC: 	 CRABClient version: v3.250318
DEBUG 2025-04-02 08:36:53.694 UTC: 	 Instance is prod
DEBUG 2025-04-02 08:36:53.694 UTC: 	 Server base url is cmsweb.cern.ch
DEBUG 2025-04-02 08:36:53.694 UTC: 	 Command api workflow
DEBUG 2025-04-02 08:36:53.694 UTC: 	 Started submission
DEBUG 2025-04-02 08:36:53.694 UTC: 	 Working on /home/choij/workspace/CustomNanoGEN_CMSSW_13_0_13/src/Configuration/CustomNanoGEN/crab/crab_projects/crab_W3j_LO_5f_CPPNONE
DEBUG 2025-04-02 08:36:53.694 UTC: 	 Encoded data for curl request: subresource=backendurls
DEBUG 2025-04-02 08:36:54.537 UTC: 	 Loading required information from the environment
DEBUG 2025-04-02 08:36:54.537 UTC: 	 Found CMSSW_13_0_13 for el8_amd64_gcc11 with base /home/choij/workspace/CustomNanoGEN_CMSSW_13_0_13
DEBUG 2025-04-02 08:36:54.537 UTC: 	 UNIQUE NAME: tarUUID e012d289-4700-40c4-9139-c0cb6b39d54c 
DEBUG 2025-04-02 08:36:54.537 UTC: 	 self.config: from WMCore.Configuration import Configuration
config = Configuration()
config.section_('General')
config.General.transferOutputs = True
config.General.requestName = 'W3j_LO_5f_CPPNONE'
config.General.transferLogs = False
config.General.workArea = 'crab_projects'
config.section_('JobType')
config.JobType.psetName = '../configs/Hadronizer_TuneCP5_13p6TeV_W3j_LO_5f_CPPNONE_LHE_pythia8_cfg.py'
config.JobType.allowUndistributedCMSSW = False
config.JobType.pluginName = 'PrivateMC'
config.JobType.numCores = 1
config.section_('Data')
config.Data.totalUnits = 200000
config.Data.outputDatasetTag = 'Run3Summer23wmLHEGS'
config.Data.publication = False
config.Data.outputPrimaryDataset = 'Validation'
config.Data.unitsPerJob = 5000
config.Data.splitting = 'EventBased'
config.Data.outLFNDirBase = '/store/user/choij/CustomNanoGEN'
config.section_('Site')
config.Site.storageSite = 'T3_KR_KNU'
config.section_('User')
config.section_('Debug')

DEBUG 2025-04-02 08:36:54.537 UTC: 	 self.config.JobType.psetName: ../configs/Hadronizer_TuneCP5_13p6TeV_W3j_LO_5f_CPPNONE_LHE_pythia8_cfg.py
INFO 2025-04-02 08:36:54.537 UTC: 	 Importing CMSSW configuration ../configs/Hadronizer_TuneCP5_13p6TeV_W3j_LO_5f_CPPNONE_LHE_pythia8_cfg.py
INFO 2025-04-02 08:36:55.157 UTC: 	 Finished importing CMSSW configuration ../configs/Hadronizer_TuneCP5_13p6TeV_W3j_LO_5f_CPPNONE_LHE_pythia8_cfg.py
DEBUG 2025-04-02 08:36:55.157 UTC: 	 Writing CMSSW configuration to /home/choij/workspace/CustomNanoGEN_CMSSW_13_0_13/src/Configuration/CustomNanoGEN/crab/crab_projects/crab_W3j_LO_5f_CPPNONE/inputs/PSet.py
DEBUG 2025-04-02 08:36:55.258 UTC: 	 The following EDM output files will be collected: ['NANOGEN.root']
DEBUG 2025-04-02 08:36:55.258 UTC: 	 The following TFile output files will be collected: []
DEBUG 2025-04-02 08:36:55.258 UTC: 	 The following user output files (not listed as PoolOuputModule or TFileService in the CMSSW PSet) will be collected: 
DEBUG 2025-04-02 08:36:55.258 UTC: 	 Loading required information from the environment
DEBUG 2025-04-02 08:36:55.258 UTC: 	 Found CMSSW_13_0_13 for el8_amd64_gcc11 with base /home/choij/workspace/CustomNanoGEN_CMSSW_13_0_13
DEBUG 2025-04-02 08:36:55.258 UTC: 	 Making tarball in /home/choij/workspace/CustomNanoGEN_CMSSW_13_0_13/src/Configuration/CustomNanoGEN/crab/crab_projects/crab_W3j_LO_5f_CPPNONE/inputs/e012d289-4700-40c4-9139-c0cb6b39d54cdefault.tgz
DEBUG 2025-04-02 08:36:55.258 UTC: 	 Checking directory /home/choij/workspace/CustomNanoGEN_CMSSW_13_0_13/bin
DEBUG 2025-04-02 08:36:55.258 UTC: 	 Adding directory /home/choij/workspace/CustomNanoGEN_CMSSW_13_0_13/bin to tarball
DEBUG 2025-04-02 08:36:55.260 UTC: 	 Checking directory /home/choij/workspace/CustomNanoGEN_CMSSW_13_0_13/python
DEBUG 2025-04-02 08:36:55.260 UTC: 	 Adding directory /home/choij/workspace/CustomNanoGEN_CMSSW_13_0_13/python to tarball
DEBUG 2025-04-02 08:36:55.262 UTC: 	 Checking directory /home/choij/workspace/CustomNanoGEN_CMSSW_13_0_13/cfipython
DEBUG 2025-04-02 08:36:55.262 UTC: 	 Adding directory /home/choij/workspace/CustomNanoGEN_CMSSW_13_0_13/cfipython to tarball
DEBUG 2025-04-02 08:36:55.262 UTC: 	 Checking directory /home/choij/workspace/CustomNanoGEN_CMSSW_13_0_13/lib
DEBUG 2025-04-02 08:36:55.262 UTC: 	 Adding directory /home/choij/workspace/CustomNanoGEN_CMSSW_13_0_13/lib to tarball
DEBUG 2025-04-02 08:36:55.263 UTC: 	 Checking directory /home/choij/workspace/CustomNanoGEN_CMSSW_13_0_13/biglib
DEBUG 2025-04-02 08:36:55.263 UTC: 	 Adding directory /home/choij/workspace/CustomNanoGEN_CMSSW_13_0_13/biglib to tarball
DEBUG 2025-04-02 08:36:55.263 UTC: 	 Checking directory /home/choij/workspace/CustomNanoGEN_CMSSW_13_0_13/module
DEBUG 2025-04-02 08:36:55.263 UTC: 	 Checking directory /home/choij/workspace/CustomNanoGEN_CMSSW_13_0_13/config/SCRAM/hooks
DEBUG 2025-04-02 08:36:55.263 UTC: 	 Adding directory /home/choij/workspace/CustomNanoGEN_CMSSW_13_0_13/config/SCRAM/hooks to tarball
DEBUG 2025-04-02 08:36:55.269 UTC: 	 Adding directory /home/choij/workspace/CustomNanoGEN_CMSSW_13_0_13/src/Configuration/CustomNanoGEN/python to tarball
DEBUG 2025-04-02 08:36:55.417 UTC: 	 Uploading archive /home/choij/workspace/CustomNanoGEN_CMSSW_13_0_13/src/Configuration/CustomNanoGEN/crab/crab_projects/crab_W3j_LO_5f_CPPNONE/inputs/e012d289-4700-40c4-9139-c0cb6b39d54cdefault.tgz (198 KB) to the CRAB cache. Using URI https://cmsweb.cern.ch/S3/crabcache_prod
DEBUG 2025-04-02 08:36:55.511 UTC: 	 Encoded data for curl request: subresource=upload&objecttype=sandbox&tarballname=fee9610a8adb62b452e65221a0dd4e7f4a4c7612d4647eed607564b38b4be60b.tar.gz
DEBUG 2025-04-02 08:36:56.343 UTC: 	 Will execute:
curl -f -v -X POST  -H "User-Agent: CRAB" -F "key=choij/sandboxes/fee9610a8adb62b452e65221a0dd4e7f4a4c7612d4647eed607564b38b4be60b.tar.gz" -F "AWSAccessKeyId=715203df6482458ba839e73e6dab634b" -F "policy=eyJleHBpcmF0aW9uIjogIjIwMjUtMDQtMDJUMDk6MzY6NTZaIiwgImNvbmRpdGlvbnMiOiBbeyJidWNrZXQiOiAiY3JhYmNhY2hlX3Byb2QifSwgeyJrZXkiOiAiY2hvaWovc2FuZGJveGVzL2ZlZTk2MTBhOGFkYjYyYjQ1MmU2NTIyMWEwZGQ0ZTdmNGE0Yzc2MTJkNDY0N2VlZDYwNzU2NGIzOGI0YmU2MGIudGFyLmd6In1dfQ==" -F "signature=7eLqYrKBEt6VIpEpN75jYdM9Jhk=" -F "file=@/home/choij/workspace/CustomNanoGEN_CMSSW_13_0_13/src/Configuration/CustomNanoGEN/crab/crab_projects/crab_W3j_LO_5f_CPPNONE/inputs/e012d289-4700-40c4-9139-c0cb6b39d54cdefault.tgz" "https://s3.cern.ch/crabcache_prod"
DEBUG 2025-04-02 08:36:57.964 UTC: 	 exitcode: 0
stdout: b''
DEBUG 2025-04-02 08:36:57.964 UTC: 	 upload to S3 of sandbox /home/choij/workspace/CustomNanoGEN_CMSSW_13_0_13/src/Configuration/CustomNanoGEN/crab/crab_projects/crab_W3j_LO_5f_CPPNONE/inputs/e012d289-4700-40c4-9139-c0cb6b39d54cdefault.tgz completed
DEBUG 2025-04-02 08:36:57.964 UTC: 	 make sure that object is ready for retrieve
DEBUG 2025-04-02 08:36:58.966 UTC: 	 Encoded data for curl request: subresource=download&objecttype=sandbox&tarballname=fee9610a8adb62b452e65221a0dd4e7f4a4c7612d4647eed607564b38b4be60b.tar.gz&clientmethod=head_object
DEBUG 2025-04-02 08:36:59.799 UTC: 	 PreSignedUrl to download sandbox received OK
DEBUG 2025-04-02 08:36:59.802 UTC: 	 Will execute:
 curl -v -s -f -o /dev/null --head  "https://s3.cern.ch/crabcache_prod/choij/sandboxes/fee9610a8adb62b452e65221a0dd4e7f4a4c7612d4647eed607564b38b4be60b.tar.gz?AWSAccessKeyId=715203df6482458ba839e73e6dab634b&Signature=Hy2cylQ2SbpHPGTfYHQo4fOI1ww%3D&Expires=1743586619"
DEBUG 2025-04-02 08:37:00.612 UTC: 	 exitcode: 0
stdout: b''
DEBUG 2025-04-02 08:37:00.612 UTC: 	 sandbox /home/choij/workspace/CustomNanoGEN_CMSSW_13_0_13/src/Configuration/CustomNanoGEN/crab/crab_projects/crab_W3j_LO_5f_CPPNONE/inputs/e012d289-4700-40c4-9139-c0cb6b39d54cdefault.tgz successfully uploaded to S3
DEBUG 2025-04-02 08:37:00.612 UTC: 	 Loading required information from the environment
DEBUG 2025-04-02 08:37:00.612 UTC: 	 Found CMSSW_13_0_13 for el8_amd64_gcc11 with base /home/choij/workspace/CustomNanoGEN_CMSSW_13_0_13
DEBUG 2025-04-02 08:37:00.612 UTC: 	 Making tarball in /home/choij/workspace/CustomNanoGEN_CMSSW_13_0_13/src/Configuration/CustomNanoGEN/crab/crab_projects/crab_W3j_LO_5f_CPPNONE/inputs/debugFiles.tgz
DEBUG 2025-04-02 08:37:00.614 UTC: 	 Uploading archive /home/choij/workspace/CustomNanoGEN_CMSSW_13_0_13/src/Configuration/CustomNanoGEN/crab/crab_projects/crab_W3j_LO_5f_CPPNONE/inputs/debugFiles.tgz (3 KB) to the CRAB cache. Using URI https://cmsweb.cern.ch/S3/crabcache_prod
DEBUG 2025-04-02 08:37:00.616 UTC: 	 Encoded data for curl request: subresource=upload&objecttype=sandbox&tarballname=89cce20d81fe9297ff08248ace2332446317e33a267d7ebaae03988f7ea4281f.tar.gz
DEBUG 2025-04-02 08:37:01.445 UTC: 	 Will execute:
curl -f -v -X POST  -H "User-Agent: CRAB" -F "key=choij/sandboxes/89cce20d81fe9297ff08248ace2332446317e33a267d7ebaae03988f7ea4281f.tar.gz" -F "AWSAccessKeyId=715203df6482458ba839e73e6dab634b" -F "policy=eyJleHBpcmF0aW9uIjogIjIwMjUtMDQtMDJUMDk6Mzc6MDFaIiwgImNvbmRpdGlvbnMiOiBbeyJidWNrZXQiOiAiY3JhYmNhY2hlX3Byb2QifSwgeyJrZXkiOiAiY2hvaWovc2FuZGJveGVzLzg5Y2NlMjBkODFmZTkyOTdmZjA4MjQ4YWNlMjMzMjQ0NjMxN2UzM2EyNjdkN2ViYWFlMDM5ODhmN2VhNDI4MWYudGFyLmd6In1dfQ==" -F "signature=abXrXKDXALVp5FjsBv5FBCPm/0E=" -F "file=@/home/choij/workspace/CustomNanoGEN_CMSSW_13_0_13/src/Configuration/CustomNanoGEN/crab/crab_projects/crab_W3j_LO_5f_CPPNONE/inputs/debugFiles.tgz" "https://s3.cern.ch/crabcache_prod"
DEBUG 2025-04-02 08:37:02.340 UTC: 	 exitcode: 0
stdout: b''
DEBUG 2025-04-02 08:37:02.341 UTC: 	 upload to S3 of sandbox /home/choij/workspace/CustomNanoGEN_CMSSW_13_0_13/src/Configuration/CustomNanoGEN/crab/crab_projects/crab_W3j_LO_5f_CPPNONE/inputs/debugFiles.tgz completed
DEBUG 2025-04-02 08:37:02.341 UTC: 	 make sure that object is ready for retrieve
DEBUG 2025-04-02 08:37:03.342 UTC: 	 Encoded data for curl request: subresource=download&objecttype=sandbox&tarballname=89cce20d81fe9297ff08248ace2332446317e33a267d7ebaae03988f7ea4281f.tar.gz&clientmethod=head_object
DEBUG 2025-04-02 08:37:04.175 UTC: 	 PreSignedUrl to download sandbox received OK
DEBUG 2025-04-02 08:37:04.179 UTC: 	 Will execute:
 curl -v -s -f -o /dev/null --head  "https://s3.cern.ch/crabcache_prod/choij/sandboxes/89cce20d81fe9297ff08248ace2332446317e33a267d7ebaae03988f7ea4281f.tar.gz?AWSAccessKeyId=715203df6482458ba839e73e6dab634b&Signature=%2BBS4bSKekqRRoWhewe5qAP8332E%3D&Expires=1743586624"
DEBUG 2025-04-02 08:37:04.994 UTC: 	 exitcode: 0
stdout: b''
DEBUG 2025-04-02 08:37:04.994 UTC: 	 sandbox /home/choij/workspace/CustomNanoGEN_CMSSW_13_0_13/src/Configuration/CustomNanoGEN/crab/crab_projects/crab_W3j_LO_5f_CPPNONE/inputs/debugFiles.tgz successfully uploaded to S3
DEBUG 2025-04-02 08:37:04.994 UTC: 	 Result uploading input files: fee9610a8adb62b452e65221a0dd4e7f4a4c7612d4647eed607564b38b4be60b.tar.gz 
DEBUG 2025-04-02 08:37:04.994 UTC: 	 submit() - self.configuration from WMCore.Configuration import Configuration
config = Configuration()
config.section_('General')
config.General.transferOutputs = True
config.General.requestName = 'W3j_LO_5f_CPPNONE'
config.General.transferLogs = False
config.General.workArea = 'crab_projects'
config.section_('JobType')
config.JobType.psetName = '../configs/Hadronizer_TuneCP5_13p6TeV_W3j_LO_5f_CPPNONE_LHE_pythia8_cfg.py'
config.JobType.allowUndistributedCMSSW = False
config.JobType.pluginName = 'PrivateMC'
config.JobType.numCores = 1
config.section_('Data')
config.Data.totalUnits = 200000
config.Data.outputDatasetTag = 'Run3Summer23wmLHEGS'
config.Data.publication = False
config.Data.outputPrimaryDataset = 'Validation'
config.Data.unitsPerJob = 5000
config.Data.splitting = 'EventBased'
config.Data.outLFNDirBase = '/store/user/choij/CustomNanoGEN'
config.section_('Site')
config.Site.storageSite = 'T3_KR_KNU'
config.section_('User')
config.section_('Debug')

DEBUG 2025-04-02 08:37:04.994 UTC: 	 submit() - self.configreq {'dryrun': 0, 'workflow': 'crab_W3j_LO_5f_CPPNONE', 'saveoutput': 1, 'savelogsflag': 0, 'primarydataset': 'Validation', 'nonvaliddata': 0, 'userfiles': [], 'dbsurl': 'https://cmsweb.cern.ch/dbs/prod/global/DBSReader', 'useparent': 0, 'ignorelocality': 0, 'splitalgo': 'EventBased', 'algoargs': 5000, 'totalunits': 200000, 'lfn': '/store/user/choij/CustomNanoGEN', 'publication': 0, 'publishdbsurl': 'https://cmsweb.cern.ch/dbs/prod/phys03/DBSWriter', 'publishname2': 'Run3Summer23wmLHEGS', 'jobtype': 'PrivateMC', 'generator': 'pythia', 'addoutputfiles': [], 'maxjobruntime': 1250, 'numcores': 1, 'maxmemory': 2000, 'priority': 10, 'nonprodsw': 0, 'asyncdest': 'T3_KR_KNU', 'requireaccelerator': 0, 'oneEventMode': 0, 'extrajdl': [], 'ignoreglobalblacklist': 0, 'partialdataset': 0, 'inputblocks': []}
DEBUG 2025-04-02 08:37:04.994 UTC: 	 submit() - jobconfig {'addoutputfiles': [], 'tfileoutfiles': [], 'edmoutfiles': ['NANOGEN.root'], 'jobarch': 'el8_amd64_gcc11', 'jobminuarch': 'any', 'jobsw': 'CMSSW_13_0_13', 'cacheurl': 'https://cmsweb.cern.ch/S3/crabcache_prod', 'cachefilename': 'fee9610a8adb62b452e65221a0dd4e7f4a4c7612d4647eed607564b38b4be60b.tar.gz', 'debugfilename': '89cce20d81fe9297ff08248ace2332446317e33a267d7ebaae03988f7ea4281f.tar.gz', 'jobtype': 'PrivateMC', 'primarydataset': 'Validation'}
INFO 2025-04-02 08:37:04.994 UTC: 	 Sending the request to the server at cmsweb.cern.ch
DEBUG 2025-04-02 08:37:04.994 UTC: 	 Submitting {'dryrun': 0, 'workflow': 'crab_W3j_LO_5f_CPPNONE', 'saveoutput': 1, 'savelogsflag': 0, 'primarydataset': 'Validation', 'nonvaliddata': 0, 'userfiles': [], 'dbsurl': 'https://cmsweb.cern.ch/dbs/prod/global/DBSReader', 'useparent': 0, 'ignorelocality': 0, 'splitalgo': 'EventBased', 'algoargs': 5000, 'totalunits': 200000, 'lfn': '/store/user/choij/CustomNanoGEN', 'publication': 0, 'publishdbsurl': 'https://cmsweb.cern.ch/dbs/prod/phys03/DBSWriter', 'publishname2': 'Run3Summer23wmLHEGS', 'jobtype': 'PrivateMC', 'generator': 'pythia', 'addoutputfiles': [], 'maxjobruntime': 1250, 'numcores': 1, 'maxmemory': 2000, 'priority': 10, 'nonprodsw': 0, 'asyncdest': 'T3_KR_KNU', 'requireaccelerator': 0, 'oneEventMode': 0, 'extrajdl': [], 'ignoreglobalblacklist': 0, 'partialdataset': 0, 'inputblocks': [], 'tfileoutfiles': [], 'edmoutfiles': ['NANOGEN.root'], 'jobarch': 'el8_amd64_gcc11', 'jobminuarch': 'any', 'jobsw': 'CMSSW_13_0_13', 'cacheurl': 'https://cmsweb.cern.ch/S3/crabcache_prod', 'cachefilename': 'fee9610a8adb62b452e65221a0dd4e7f4a4c7612d4647eed607564b38b4be60b.tar.gz', 'debugfilename': '89cce20d81fe9297ff08248ace2332446317e33a267d7ebaae03988f7ea4281f.tar.gz'} 
DEBUG 2025-04-02 08:37:04.994 UTC: 	 Encoded data for curl request: dryrun=0&workflow=crab_W3j_LO_5f_CPPNONE&saveoutput=1&savelogsflag=0&primarydataset=Validation&nonvaliddata=0&dbsurl=https%3A%2F%2Fcmsweb.cern.ch%2Fdbs%2Fprod%2Fglobal%2FDBSReader&useparent=0&ignorelocality=0&splitalgo=EventBased&algoargs=5000&totalunits=200000&lfn=%2Fstore%2Fuser%2Fchoij%2FCustomNanoGEN&publication=0&publishdbsurl=https%3A%2F%2Fcmsweb.cern.ch%2Fdbs%2Fprod%2Fphys03%2FDBSWriter&publishname2=Run3Summer23wmLHEGS&jobtype=PrivateMC&generator=pythia&maxjobruntime=1250&numcores=1&maxmemory=2000&priority=10&nonprodsw=0&asyncdest=T3_KR_KNU&requireaccelerator=0&oneEventMode=0&ignoreglobalblacklist=0&partialdataset=0&jobarch=el8_amd64_gcc11&jobminuarch=any&jobsw=CMSSW_13_0_13&cacheurl=https%3A%2F%2Fcmsweb.cern.ch%2FS3%2Fcrabcache_prod&cachefilename=fee9610a8adb62b452e65221a0dd4e7f4a4c7612d4647eed607564b38b4be60b.tar.gz&debugfilename=89cce20d81fe9297ff08248ace2332446317e33a267d7ebaae03988f7ea4281f.tar.gz&edmoutfiles=NANOGEN.root
DEBUG 2025-04-02 08:39:19.278 UTC: 	 Result: {'result': [{'RequestName': '250402_083919:choij_crab_W3j_LO_5f_CPPNONE'}]}
INFO 2025-04-02 08:39:19.278 UTC: 	 Success: Your task has been delivered to the prod CRAB3 server.
INFO 2025-04-02 08:39:19.279 UTC: 	 Task name: 250402_083919:choij_crab_W3j_LO_5f_CPPNONE
INFO 2025-04-02 08:39:19.279 UTC: 	 Project dir: crab_projects/crab_W3j_LO_5f_CPPNONE
INFO 2025-04-02 08:39:19.279 UTC: 	 Please use ' crab status -d crab_projects/crab_W3j_LO_5f_CPPNONE ' to check how the submission process proceeds.
DEBUG 2025-04-02 08:39:19.279 UTC: 	 About to return
INFO 2025-04-02 08:39:19.280 UTC: 	 Log file is /home/choij/workspace/CustomNanoGEN_CMSSW_13_0_13/src/Configuration/CustomNanoGEN/crab/crab_projects/crab_W3j_LO_5f_CPPNONE/crab.log
