DEBUG 2025-04-02 08:27:06.451 UTC: 	 CRAB Client version: v3.250318
DEBUG 2025-04-02 08:27:06.452 UTC: 	 Running on: Linux private-snu 6.13.8-200.fc41.x86_64 #1 SMP PREEMPT_DYNAMIC Sun Mar 23 05:03:09 UTC 2025 x86_64 x86_64 x86_64 GNU/Linux
DEBUG 2025-04-02 08:27:06.452 UTC: 	 Using SINGULARITY image: private-el8.sif
DEBUG 2025-04-02 08:27:06.452 UTC: 	 Operating System: AlmaLinux 8.10 (Cerulean Leopard)
DEBUG 2025-04-02 08:27:06.452 UTC: 	 Executing command: 'submit'
DEBUG 2025-04-02 08:27:06.452 UTC: 	 Found CRAB cache file /home/choij/.crab3
INFO 2025-04-02 08:27:06.452 UTC: 	 Will use CRAB configuration file crab_config_DY1j_LO_5f_UPSTREAM.py
DEBUG 2025-04-02 08:27:06.452 UTC: 	 Loading CRAB configuration file.
DEBUG 2025-04-02 08:27:13.671 UTC: 	 Will use CRAB plugin PRIVATEMC (i.e. will run an a MC generation job type).
DEBUG 2025-04-02 08:27:13.672 UTC: 	 Checking credentials
DEBUG 2025-04-02 08:27:13.672 UTC: 	 Found proxy file /tmp/x509up_u1000
DEBUG 2025-04-02 08:27:13.672 UTC: 	 Making sure it has proper VOMS extension
DEBUG 2025-04-02 08:27:13.672 UTC: 	 Executing command :
 voms-proxy-info --vo --file /tmp/x509up_u1000
DEBUG 2025-04-02 08:27:14.026 UTC: 	 output : cms

 error: 
 retcode : 0
DEBUG 2025-04-02 08:27:14.026 UTC: 	 Getting proxy life time left
DEBUG 2025-04-02 08:27:14.026 UTC: 	 Executing command :
 voms-proxy-info --actimeleft --timeleft --file /tmp/x509up_u1000
DEBUG 2025-04-02 08:27:14.404 UTC: 	 output : 594235
594235

 error: 
 retcode : 0
DEBUG 2025-04-02 08:27:14.404 UTC: 	 Proxy valid for 165:03:55 hours
DEBUG 2025-04-02 08:27:14.404 UTC: 	 Encoded data for curl request: subresource=delegatedn
DEBUG 2025-04-02 08:27:15.243 UTC: 	 Registering user credentials on myproxy for /DC=ch/DC=cern/OU=computers/CN=crab-(preprod|prod)-tw(01|02).cern.ch|/DC=ch/DC=cern/OU=computers/CN=crab-dev-tw(01|02|03|04).cern.ch|/DC=ch/DC=cern/OU=Organic Units/OU=Users/CN=cmscrab/CN=(817881|373708)/CN=Robot: cms crab|/DC=ch/DC=cern/OU=Organic Units/OU=Users/CN=crabint1/CN=373708/CN=Robot: CMS CRAB Integration 1
DEBUG 2025-04-02 08:27:15.243 UTC: 	 Executing command :
 voms-proxy-info --identity --file /tmp/x509up_u1000
DEBUG 2025-04-02 08:27:15.570 UTC: 	 output : /DC=ch/DC=cern/OU=Organic Units/OU=Users/CN=choij/CN=841389/CN=Jin Choi

 error: 
 retcode : 0
DEBUG 2025-04-02 08:27:15.570 UTC: 	 Getting myproxy life time left for 62145c27448958522230f1583fedca774537a25d
DEBUG 2025-04-02 08:27:15.570 UTC: 	 Executing command :
 myproxy-info -s myproxy.cern.ch -l 62145c27448958522230f1583fedca774537a25d
DEBUG 2025-04-02 08:27:17.190 UTC: 	 output : username: 62145c27448958522230f1583fedca774537a25d
owner: /DC=ch/DC=cern/OU=Organic Units/OU=Users/CN=choij/CN=841389/CN=Jin Choi
  renewal policy: /DC=ch/DC=cern/OU=computers/CN=crab-(preprod|prod)-tw(01|02).cern.ch|/DC=ch/DC=cern/OU=computers/CN=crab-dev-tw(01|02|03|04).cern.ch|/DC=ch/DC=cern/OU=Organic Units/OU=Users/CN=cmscrab/CN=(817881|373708)/CN=Robot: cms crab|/DC=ch/DC=cern/OU=Organic Units/OU=Users/CN=crabint1/CN=373708/CN=Robot: CMS CRAB Integration 1
  trusted retrieval policy: /DC=ch/DC=cern/OU=computers/CN=crab-(preprod|prod)-tw(01|02).cern.ch|/DC=ch/DC=cern/OU=computers/CN=crab-dev-tw(01|02|03|04).cern.ch|/DC=ch/DC=cern/OU=Organic Units/OU=Users/CN=cmscrab/CN=(817881|373708)/CN=Robot: cms crab|/DC=ch/DC=cern/OU=Organic Units/OU=Users/CN=crabint1/CN=373708/CN=Robot: CMS CRAB Integration 1
  timeleft: 524:48:47  (21.9 days)

 error: 
 retcode : 0
DEBUG 2025-04-02 08:27:17.190 UTC: 	 Myproxy is valid: 1889280
DEBUG 2025-04-02 08:27:17.190 UTC: 	 Result of myproxy credential check:
  Credential exists on myproxy: username: 62145c27448958522230f1583fedca774537a25d  - validity: 21 days, 20:48:00
DEBUG 2025-04-02 08:27:17.190 UTC: 	 Command use: submit
DEBUG 2025-04-02 08:27:17.190 UTC: 	 Options use: ['-c', 'crab_config_DY1j_LO_5f_UPSTREAM.py']
DEBUG 2025-04-02 08:27:17.190 UTC: 	 Encoded data for curl request: subresource=version
DEBUG 2025-04-02 08:27:18.009 UTC: 	 CRABClient version: v3.250318
DEBUG 2025-04-02 08:27:18.010 UTC: 	 Instance is prod
DEBUG 2025-04-02 08:27:18.010 UTC: 	 Server base url is cmsweb.cern.ch
DEBUG 2025-04-02 08:27:18.010 UTC: 	 Command api workflow
DEBUG 2025-04-02 08:27:18.010 UTC: 	 Started submission
DEBUG 2025-04-02 08:27:18.010 UTC: 	 Working on /home/choij/workspace/CustomNanoGEN_CMSSW_13_0_13/src/Configuration/CustomNanoGEN/crab/crab_projects/crab_DY1j_LO_5f_UPSTREAM
DEBUG 2025-04-02 08:27:18.010 UTC: 	 Encoded data for curl request: subresource=backendurls
DEBUG 2025-04-02 08:29:33.556 UTC: 	 Loading required information from the environment
DEBUG 2025-04-02 08:29:33.556 UTC: 	 Found CMSSW_13_0_13 for el8_amd64_gcc11 with base /home/choij/workspace/CustomNanoGEN_CMSSW_13_0_13
DEBUG 2025-04-02 08:29:33.556 UTC: 	 UNIQUE NAME: tarUUID bca0ccf6-d2e7-420e-a3dd-5fd2b142c4ec 
DEBUG 2025-04-02 08:29:33.556 UTC: 	 self.config: from WMCore.Configuration import Configuration
config = Configuration()
config.section_('General')
config.General.transferOutputs = True
config.General.workArea = 'crab_projects'
config.General.transferLogs = False
config.General.requestName = 'DY1j_LO_5f_UPSTREAM'
config.section_('JobType')
config.JobType.numCores = 1
config.JobType.allowUndistributedCMSSW = False
config.JobType.pluginName = 'PrivateMC'
config.JobType.psetName = '../configs/Hadronizer_TuneCP5_13p6TeV_DY1j_LO_5f_UPSTREAM_LHE_pythia8_cfg.py'
config.section_('Data')
config.Data.unitsPerJob = 5000
config.Data.publication = False
config.Data.outputPrimaryDataset = 'Validation'
config.Data.totalUnits = 200000
config.Data.outLFNDirBase = '/store/user/choij/CustomNanoGEN'
config.Data.outputDatasetTag = 'Run3Summer23wmLHEGS'
config.Data.splitting = 'EventBased'
config.section_('Site')
config.Site.storageSite = 'T3_KR_KNU'
config.section_('User')
config.section_('Debug')

DEBUG 2025-04-02 08:29:33.556 UTC: 	 self.config.JobType.psetName: ../configs/Hadronizer_TuneCP5_13p6TeV_DY1j_LO_5f_UPSTREAM_LHE_pythia8_cfg.py
INFO 2025-04-02 08:29:33.556 UTC: 	 Importing CMSSW configuration ../configs/Hadronizer_TuneCP5_13p6TeV_DY1j_LO_5f_UPSTREAM_LHE_pythia8_cfg.py
INFO 2025-04-02 08:29:34.253 UTC: 	 Finished importing CMSSW configuration ../configs/Hadronizer_TuneCP5_13p6TeV_DY1j_LO_5f_UPSTREAM_LHE_pythia8_cfg.py
DEBUG 2025-04-02 08:29:34.253 UTC: 	 Writing CMSSW configuration to /home/choij/workspace/CustomNanoGEN_CMSSW_13_0_13/src/Configuration/CustomNanoGEN/crab/crab_projects/crab_DY1j_LO_5f_UPSTREAM/inputs/PSet.py
DEBUG 2025-04-02 08:29:34.358 UTC: 	 The following EDM output files will be collected: ['NANOGEN.root']
DEBUG 2025-04-02 08:29:34.358 UTC: 	 The following TFile output files will be collected: []
DEBUG 2025-04-02 08:29:34.358 UTC: 	 The following user output files (not listed as PoolOuputModule or TFileService in the CMSSW PSet) will be collected: 
DEBUG 2025-04-02 08:29:34.358 UTC: 	 Loading required information from the environment
DEBUG 2025-04-02 08:29:34.358 UTC: 	 Found CMSSW_13_0_13 for el8_amd64_gcc11 with base /home/choij/workspace/CustomNanoGEN_CMSSW_13_0_13
DEBUG 2025-04-02 08:29:34.358 UTC: 	 Making tarball in /home/choij/workspace/CustomNanoGEN_CMSSW_13_0_13/src/Configuration/CustomNanoGEN/crab/crab_projects/crab_DY1j_LO_5f_UPSTREAM/inputs/bca0ccf6-d2e7-420e-a3dd-5fd2b142c4ecdefault.tgz
DEBUG 2025-04-02 08:29:34.358 UTC: 	 Checking directory /home/choij/workspace/CustomNanoGEN_CMSSW_13_0_13/bin
DEBUG 2025-04-02 08:29:34.358 UTC: 	 Adding directory /home/choij/workspace/CustomNanoGEN_CMSSW_13_0_13/bin to tarball
DEBUG 2025-04-02 08:29:34.360 UTC: 	 Checking directory /home/choij/workspace/CustomNanoGEN_CMSSW_13_0_13/python
DEBUG 2025-04-02 08:29:34.360 UTC: 	 Adding directory /home/choij/workspace/CustomNanoGEN_CMSSW_13_0_13/python to tarball
DEBUG 2025-04-02 08:29:34.362 UTC: 	 Checking directory /home/choij/workspace/CustomNanoGEN_CMSSW_13_0_13/cfipython
DEBUG 2025-04-02 08:29:34.362 UTC: 	 Adding directory /home/choij/workspace/CustomNanoGEN_CMSSW_13_0_13/cfipython to tarball
DEBUG 2025-04-02 08:29:34.363 UTC: 	 Checking directory /home/choij/workspace/CustomNanoGEN_CMSSW_13_0_13/lib
DEBUG 2025-04-02 08:29:34.363 UTC: 	 Adding directory /home/choij/workspace/CustomNanoGEN_CMSSW_13_0_13/lib to tarball
DEBUG 2025-04-02 08:29:34.363 UTC: 	 Checking directory /home/choij/workspace/CustomNanoGEN_CMSSW_13_0_13/biglib
DEBUG 2025-04-02 08:29:34.363 UTC: 	 Adding directory /home/choij/workspace/CustomNanoGEN_CMSSW_13_0_13/biglib to tarball
DEBUG 2025-04-02 08:29:34.364 UTC: 	 Checking directory /home/choij/workspace/CustomNanoGEN_CMSSW_13_0_13/module
DEBUG 2025-04-02 08:29:34.364 UTC: 	 Checking directory /home/choij/workspace/CustomNanoGEN_CMSSW_13_0_13/config/SCRAM/hooks
DEBUG 2025-04-02 08:29:34.364 UTC: 	 Adding directory /home/choij/workspace/CustomNanoGEN_CMSSW_13_0_13/config/SCRAM/hooks to tarball
DEBUG 2025-04-02 08:29:34.368 UTC: 	 Adding directory /home/choij/workspace/CustomNanoGEN_CMSSW_13_0_13/src/Configuration/CustomNanoGEN/python to tarball
DEBUG 2025-04-02 08:29:34.527 UTC: 	 Uploading archive /home/choij/workspace/CustomNanoGEN_CMSSW_13_0_13/src/Configuration/CustomNanoGEN/crab/crab_projects/crab_DY1j_LO_5f_UPSTREAM/inputs/bca0ccf6-d2e7-420e-a3dd-5fd2b142c4ecdefault.tgz (198 KB) to the CRAB cache. Using URI https://cmsweb.cern.ch/S3/crabcache_prod
DEBUG 2025-04-02 08:29:34.625 UTC: 	 Encoded data for curl request: subresource=upload&objecttype=sandbox&tarballname=5bfe853160daba1f68b1e9ddb1f280a0b06f2edbf05683514dbea59602b94117.tar.gz
DEBUG 2025-04-02 08:29:35.460 UTC: 	 Will execute:
curl -f -v -X POST  -H "User-Agent: CRAB" -F "key=choij/sandboxes/5bfe853160daba1f68b1e9ddb1f280a0b06f2edbf05683514dbea59602b94117.tar.gz" -F "AWSAccessKeyId=715203df6482458ba839e73e6dab634b" -F "policy=eyJleHBpcmF0aW9uIjogIjIwMjUtMDQtMDJUMDk6Mjk6MzVaIiwgImNvbmRpdGlvbnMiOiBbeyJidWNrZXQiOiAiY3JhYmNhY2hlX3Byb2QifSwgeyJrZXkiOiAiY2hvaWovc2FuZGJveGVzLzViZmU4NTMxNjBkYWJhMWY2OGIxZTlkZGIxZjI4MGEwYjA2ZjJlZGJmMDU2ODM1MTRkYmVhNTk2MDJiOTQxMTcudGFyLmd6In1dfQ==" -F "signature=nc9LtNa4jYmsx0idB6MJehL5vps=" -F "file=@/home/choij/workspace/CustomNanoGEN_CMSSW_13_0_13/src/Configuration/CustomNanoGEN/crab/crab_projects/crab_DY1j_LO_5f_UPSTREAM/inputs/bca0ccf6-d2e7-420e-a3dd-5fd2b142c4ecdefault.tgz" "https://s3.cern.ch/crabcache_prod"
DEBUG 2025-04-02 08:29:37.168 UTC: 	 exitcode: 0
stdout: b''
DEBUG 2025-04-02 08:29:37.168 UTC: 	 upload to S3 of sandbox /home/choij/workspace/CustomNanoGEN_CMSSW_13_0_13/src/Configuration/CustomNanoGEN/crab/crab_projects/crab_DY1j_LO_5f_UPSTREAM/inputs/bca0ccf6-d2e7-420e-a3dd-5fd2b142c4ecdefault.tgz completed
DEBUG 2025-04-02 08:29:37.168 UTC: 	 make sure that object is ready for retrieve
DEBUG 2025-04-02 08:29:38.169 UTC: 	 Encoded data for curl request: subresource=download&objecttype=sandbox&tarballname=5bfe853160daba1f68b1e9ddb1f280a0b06f2edbf05683514dbea59602b94117.tar.gz&clientmethod=head_object
DEBUG 2025-04-02 08:29:39.001 UTC: 	 PreSignedUrl to download sandbox received OK
DEBUG 2025-04-02 08:29:39.004 UTC: 	 Will execute:
 curl -v -s -f -o /dev/null --head  "https://s3.cern.ch/crabcache_prod/choij/sandboxes/5bfe853160daba1f68b1e9ddb1f280a0b06f2edbf05683514dbea59602b94117.tar.gz?AWSAccessKeyId=715203df6482458ba839e73e6dab634b&Signature=V6CpfNF350TMCWYuBxwzZ6YIYN4%3D&Expires=1743586178"
DEBUG 2025-04-02 08:29:39.822 UTC: 	 exitcode: 0
stdout: b''
DEBUG 2025-04-02 08:29:39.822 UTC: 	 sandbox /home/choij/workspace/CustomNanoGEN_CMSSW_13_0_13/src/Configuration/CustomNanoGEN/crab/crab_projects/crab_DY1j_LO_5f_UPSTREAM/inputs/bca0ccf6-d2e7-420e-a3dd-5fd2b142c4ecdefault.tgz successfully uploaded to S3
DEBUG 2025-04-02 08:29:39.822 UTC: 	 Loading required information from the environment
DEBUG 2025-04-02 08:29:39.822 UTC: 	 Found CMSSW_13_0_13 for el8_amd64_gcc11 with base /home/choij/workspace/CustomNanoGEN_CMSSW_13_0_13
DEBUG 2025-04-02 08:29:39.822 UTC: 	 Making tarball in /home/choij/workspace/CustomNanoGEN_CMSSW_13_0_13/src/Configuration/CustomNanoGEN/crab/crab_projects/crab_DY1j_LO_5f_UPSTREAM/inputs/debugFiles.tgz
DEBUG 2025-04-02 08:29:39.824 UTC: 	 Uploading archive /home/choij/workspace/CustomNanoGEN_CMSSW_13_0_13/src/Configuration/CustomNanoGEN/crab/crab_projects/crab_DY1j_LO_5f_UPSTREAM/inputs/debugFiles.tgz (3 KB) to the CRAB cache. Using URI https://cmsweb.cern.ch/S3/crabcache_prod
DEBUG 2025-04-02 08:29:39.826 UTC: 	 Encoded data for curl request: subresource=upload&objecttype=sandbox&tarballname=59432972e84a53f67229946eae953aa9634dab5823524e66f7dbbac5d57a3b4a.tar.gz
DEBUG 2025-04-02 08:29:40.703 UTC: 	 Will execute:
curl -f -v -X POST  -H "User-Agent: CRAB" -F "key=choij/sandboxes/59432972e84a53f67229946eae953aa9634dab5823524e66f7dbbac5d57a3b4a.tar.gz" -F "AWSAccessKeyId=715203df6482458ba839e73e6dab634b" -F "policy=eyJleHBpcmF0aW9uIjogIjIwMjUtMDQtMDJUMDk6Mjk6NDBaIiwgImNvbmRpdGlvbnMiOiBbeyJidWNrZXQiOiAiY3JhYmNhY2hlX3Byb2QifSwgeyJrZXkiOiAiY2hvaWovc2FuZGJveGVzLzU5NDMyOTcyZTg0YTUzZjY3MjI5OTQ2ZWFlOTUzYWE5NjM0ZGFiNTgyMzUyNGU2NmY3ZGJiYWM1ZDU3YTNiNGEudGFyLmd6In1dfQ==" -F "signature=3xGjTFvFoIoATy843wadUAuVoRU=" -F "file=@/home/choij/workspace/CustomNanoGEN_CMSSW_13_0_13/src/Configuration/CustomNanoGEN/crab/crab_projects/crab_DY1j_LO_5f_UPSTREAM/inputs/debugFiles.tgz" "https://s3.cern.ch/crabcache_prod"
DEBUG 2025-04-02 08:29:41.533 UTC: 	 exitcode: 0
stdout: b''
DEBUG 2025-04-02 08:29:41.533 UTC: 	 upload to S3 of sandbox /home/choij/workspace/CustomNanoGEN_CMSSW_13_0_13/src/Configuration/CustomNanoGEN/crab/crab_projects/crab_DY1j_LO_5f_UPSTREAM/inputs/debugFiles.tgz completed
DEBUG 2025-04-02 08:29:41.533 UTC: 	 make sure that object is ready for retrieve
DEBUG 2025-04-02 08:29:42.534 UTC: 	 Encoded data for curl request: subresource=download&objecttype=sandbox&tarballname=59432972e84a53f67229946eae953aa9634dab5823524e66f7dbbac5d57a3b4a.tar.gz&clientmethod=head_object
DEBUG 2025-04-02 08:29:43.362 UTC: 	 PreSignedUrl to download sandbox received OK
DEBUG 2025-04-02 08:29:43.365 UTC: 	 Will execute:
 curl -v -s -f -o /dev/null --head  "https://s3.cern.ch/crabcache_prod/choij/sandboxes/59432972e84a53f67229946eae953aa9634dab5823524e66f7dbbac5d57a3b4a.tar.gz?AWSAccessKeyId=715203df6482458ba839e73e6dab634b&Signature=S8EmZnLPn5SpSmd293QxOxmArX0%3D&Expires=1743586183"
DEBUG 2025-04-02 08:29:44.194 UTC: 	 exitcode: 0
stdout: b''
DEBUG 2025-04-02 08:29:44.194 UTC: 	 sandbox /home/choij/workspace/CustomNanoGEN_CMSSW_13_0_13/src/Configuration/CustomNanoGEN/crab/crab_projects/crab_DY1j_LO_5f_UPSTREAM/inputs/debugFiles.tgz successfully uploaded to S3
DEBUG 2025-04-02 08:29:44.194 UTC: 	 Result uploading input files: 5bfe853160daba1f68b1e9ddb1f280a0b06f2edbf05683514dbea59602b94117.tar.gz 
DEBUG 2025-04-02 08:29:44.194 UTC: 	 submit() - self.configuration from WMCore.Configuration import Configuration
config = Configuration()
config.section_('General')
config.General.transferOutputs = True
config.General.workArea = 'crab_projects'
config.General.transferLogs = False
config.General.requestName = 'DY1j_LO_5f_UPSTREAM'
config.section_('JobType')
config.JobType.numCores = 1
config.JobType.allowUndistributedCMSSW = False
config.JobType.pluginName = 'PrivateMC'
config.JobType.psetName = '../configs/Hadronizer_TuneCP5_13p6TeV_DY1j_LO_5f_UPSTREAM_LHE_pythia8_cfg.py'
config.section_('Data')
config.Data.unitsPerJob = 5000
config.Data.publication = False
config.Data.outputPrimaryDataset = 'Validation'
config.Data.totalUnits = 200000
config.Data.outLFNDirBase = '/store/user/choij/CustomNanoGEN'
config.Data.outputDatasetTag = 'Run3Summer23wmLHEGS'
config.Data.splitting = 'EventBased'
config.section_('Site')
config.Site.storageSite = 'T3_KR_KNU'
config.section_('User')
config.section_('Debug')

DEBUG 2025-04-02 08:29:44.194 UTC: 	 submit() - self.configreq {'dryrun': 0, 'workflow': 'crab_DY1j_LO_5f_UPSTREAM', 'saveoutput': 1, 'savelogsflag': 0, 'primarydataset': 'Validation', 'nonvaliddata': 0, 'userfiles': [], 'dbsurl': 'https://cmsweb.cern.ch/dbs/prod/global/DBSReader', 'useparent': 0, 'ignorelocality': 0, 'splitalgo': 'EventBased', 'algoargs': 5000, 'totalunits': 200000, 'lfn': '/store/user/choij/CustomNanoGEN', 'publication': 0, 'publishdbsurl': 'https://cmsweb.cern.ch/dbs/prod/phys03/DBSWriter', 'publishname2': 'Run3Summer23wmLHEGS', 'jobtype': 'PrivateMC', 'generator': 'pythia', 'addoutputfiles': [], 'maxjobruntime': 1250, 'numcores': 1, 'maxmemory': 2000, 'priority': 10, 'nonprodsw': 0, 'asyncdest': 'T3_KR_KNU', 'requireaccelerator': 0, 'oneEventMode': 0, 'extrajdl': [], 'ignoreglobalblacklist': 0, 'partialdataset': 0, 'inputblocks': []}
DEBUG 2025-04-02 08:29:44.194 UTC: 	 submit() - jobconfig {'addoutputfiles': [], 'tfileoutfiles': [], 'edmoutfiles': ['NANOGEN.root'], 'jobarch': 'el8_amd64_gcc11', 'jobminuarch': 'any', 'jobsw': 'CMSSW_13_0_13', 'cacheurl': 'https://cmsweb.cern.ch/S3/crabcache_prod', 'cachefilename': '5bfe853160daba1f68b1e9ddb1f280a0b06f2edbf05683514dbea59602b94117.tar.gz', 'debugfilename': '59432972e84a53f67229946eae953aa9634dab5823524e66f7dbbac5d57a3b4a.tar.gz', 'jobtype': 'PrivateMC', 'primarydataset': 'Validation'}
INFO 2025-04-02 08:29:44.194 UTC: 	 Sending the request to the server at cmsweb.cern.ch
DEBUG 2025-04-02 08:29:44.194 UTC: 	 Submitting {'dryrun': 0, 'workflow': 'crab_DY1j_LO_5f_UPSTREAM', 'saveoutput': 1, 'savelogsflag': 0, 'primarydataset': 'Validation', 'nonvaliddata': 0, 'userfiles': [], 'dbsurl': 'https://cmsweb.cern.ch/dbs/prod/global/DBSReader', 'useparent': 0, 'ignorelocality': 0, 'splitalgo': 'EventBased', 'algoargs': 5000, 'totalunits': 200000, 'lfn': '/store/user/choij/CustomNanoGEN', 'publication': 0, 'publishdbsurl': 'https://cmsweb.cern.ch/dbs/prod/phys03/DBSWriter', 'publishname2': 'Run3Summer23wmLHEGS', 'jobtype': 'PrivateMC', 'generator': 'pythia', 'addoutputfiles': [], 'maxjobruntime': 1250, 'numcores': 1, 'maxmemory': 2000, 'priority': 10, 'nonprodsw': 0, 'asyncdest': 'T3_KR_KNU', 'requireaccelerator': 0, 'oneEventMode': 0, 'extrajdl': [], 'ignoreglobalblacklist': 0, 'partialdataset': 0, 'inputblocks': [], 'tfileoutfiles': [], 'edmoutfiles': ['NANOGEN.root'], 'jobarch': 'el8_amd64_gcc11', 'jobminuarch': 'any', 'jobsw': 'CMSSW_13_0_13', 'cacheurl': 'https://cmsweb.cern.ch/S3/crabcache_prod', 'cachefilename': '5bfe853160daba1f68b1e9ddb1f280a0b06f2edbf05683514dbea59602b94117.tar.gz', 'debugfilename': '59432972e84a53f67229946eae953aa9634dab5823524e66f7dbbac5d57a3b4a.tar.gz'} 
DEBUG 2025-04-02 08:29:44.195 UTC: 	 Encoded data for curl request: dryrun=0&workflow=crab_DY1j_LO_5f_UPSTREAM&saveoutput=1&savelogsflag=0&primarydataset=Validation&nonvaliddata=0&dbsurl=https%3A%2F%2Fcmsweb.cern.ch%2Fdbs%2Fprod%2Fglobal%2FDBSReader&useparent=0&ignorelocality=0&splitalgo=EventBased&algoargs=5000&totalunits=200000&lfn=%2Fstore%2Fuser%2Fchoij%2FCustomNanoGEN&publication=0&publishdbsurl=https%3A%2F%2Fcmsweb.cern.ch%2Fdbs%2Fprod%2Fphys03%2FDBSWriter&publishname2=Run3Summer23wmLHEGS&jobtype=PrivateMC&generator=pythia&maxjobruntime=1250&numcores=1&maxmemory=2000&priority=10&nonprodsw=0&asyncdest=T3_KR_KNU&requireaccelerator=0&oneEventMode=0&ignoreglobalblacklist=0&partialdataset=0&jobarch=el8_amd64_gcc11&jobminuarch=any&jobsw=CMSSW_13_0_13&cacheurl=https%3A%2F%2Fcmsweb.cern.ch%2FS3%2Fcrabcache_prod&cachefilename=5bfe853160daba1f68b1e9ddb1f280a0b06f2edbf05683514dbea59602b94117.tar.gz&debugfilename=59432972e84a53f67229946eae953aa9634dab5823524e66f7dbbac5d57a3b4a.tar.gz&edmoutfiles=NANOGEN.root
DEBUG 2025-04-02 08:29:45.148 UTC: 	 Result: {'result': [{'RequestName': '250402_082944:choij_crab_DY1j_LO_5f_UPSTREAM'}]}
INFO 2025-04-02 08:29:45.148 UTC: 	 Success: Your task has been delivered to the prod CRAB3 server.
INFO 2025-04-02 08:29:45.148 UTC: 	 Task name: 250402_082944:choij_crab_DY1j_LO_5f_UPSTREAM
INFO 2025-04-02 08:29:45.148 UTC: 	 Project dir: crab_projects/crab_DY1j_LO_5f_UPSTREAM
INFO 2025-04-02 08:29:45.148 UTC: 	 Please use ' crab status -d crab_projects/crab_DY1j_LO_5f_UPSTREAM ' to check how the submission process proceeds.
DEBUG 2025-04-02 08:29:45.148 UTC: 	 About to return
INFO 2025-04-02 08:29:45.150 UTC: 	 Log file is /home/choij/workspace/CustomNanoGEN_CMSSW_13_0_13/src/Configuration/CustomNanoGEN/crab/crab_projects/crab_DY1j_LO_5f_UPSTREAM/crab.log
