DEBUG 2025-04-02 08:27:06.422 UTC: 	 CRAB Client version: v3.250318
DEBUG 2025-04-02 08:27:06.422 UTC: 	 Running on: Linux private-snu 6.13.8-200.fc41.x86_64 #1 SMP PREEMPT_DYNAMIC Sun Mar 23 05:03:09 UTC 2025 x86_64 x86_64 x86_64 GNU/Linux
DEBUG 2025-04-02 08:27:06.422 UTC: 	 Using SINGULARITY image: private-el8.sif
DEBUG 2025-04-02 08:27:06.422 UTC: 	 Operating System: AlmaLinux 8.10 (Cerulean Leopard)
DEBUG 2025-04-02 08:27:06.422 UTC: 	 Executing command: 'submit'
DEBUG 2025-04-02 08:27:06.422 UTC: 	 Found CRAB cache file /home/choij/.crab3
INFO 2025-04-02 08:27:06.423 UTC: 	 Will use CRAB configuration file crab_config_DY0j_LO_5f_CPPNONE.py
DEBUG 2025-04-02 08:27:06.423 UTC: 	 Loading CRAB configuration file.
DEBUG 2025-04-02 08:27:14.253 UTC: 	 Will use CRAB plugin PRIVATEMC (i.e. will run an a MC generation job type).
DEBUG 2025-04-02 08:27:14.254 UTC: 	 Checking credentials
DEBUG 2025-04-02 08:27:14.254 UTC: 	 Found proxy file /tmp/x509up_u1000
DEBUG 2025-04-02 08:27:14.254 UTC: 	 Making sure it has proper VOMS extension
DEBUG 2025-04-02 08:27:14.254 UTC: 	 Executing command :
 voms-proxy-info --vo --file /tmp/x509up_u1000
DEBUG 2025-04-02 08:27:14.622 UTC: 	 output : cms

 error: 
 retcode : 0
DEBUG 2025-04-02 08:27:14.622 UTC: 	 Getting proxy life time left
DEBUG 2025-04-02 08:27:14.622 UTC: 	 Executing command :
 voms-proxy-info --actimeleft --timeleft --file /tmp/x509up_u1000
DEBUG 2025-04-02 08:27:14.983 UTC: 	 output : 594235
594235

 error: 
 retcode : 0
DEBUG 2025-04-02 08:27:14.983 UTC: 	 Proxy valid for 165:03:55 hours
DEBUG 2025-04-02 08:27:14.983 UTC: 	 Encoded data for curl request: subresource=delegatedn
DEBUG 2025-04-02 08:27:15.809 UTC: 	 Registering user credentials on myproxy for /DC=ch/DC=cern/OU=computers/CN=crab-(preprod|prod)-tw(01|02).cern.ch|/DC=ch/DC=cern/OU=computers/CN=crab-dev-tw(01|02|03|04).cern.ch|/DC=ch/DC=cern/OU=Organic Units/OU=Users/CN=cmscrab/CN=(817881|373708)/CN=Robot: cms crab|/DC=ch/DC=cern/OU=Organic Units/OU=Users/CN=crabint1/CN=373708/CN=Robot: CMS CRAB Integration 1
DEBUG 2025-04-02 08:27:15.809 UTC: 	 Executing command :
 voms-proxy-info --identity --file /tmp/x509up_u1000
DEBUG 2025-04-02 08:27:16.141 UTC: 	 output : /DC=ch/DC=cern/OU=Organic Units/OU=Users/CN=choij/CN=841389/CN=Jin Choi

 error: 
 retcode : 0
DEBUG 2025-04-02 08:27:16.142 UTC: 	 Getting myproxy life time left for 62145c27448958522230f1583fedca774537a25d
DEBUG 2025-04-02 08:27:16.142 UTC: 	 Executing command :
 myproxy-info -s myproxy.cern.ch -l 62145c27448958522230f1583fedca774537a25d
DEBUG 2025-04-02 08:27:17.825 UTC: 	 output : username: 62145c27448958522230f1583fedca774537a25d
owner: /DC=ch/DC=cern/OU=Organic Units/OU=Users/CN=choij/CN=841389/CN=Jin Choi
  renewal policy: /DC=ch/DC=cern/OU=computers/CN=crab-(preprod|prod)-tw(01|02).cern.ch|/DC=ch/DC=cern/OU=computers/CN=crab-dev-tw(01|02|03|04).cern.ch|/DC=ch/DC=cern/OU=Organic Units/OU=Users/CN=cmscrab/CN=(817881|373708)/CN=Robot: cms crab|/DC=ch/DC=cern/OU=Organic Units/OU=Users/CN=crabint1/CN=373708/CN=Robot: CMS CRAB Integration 1
  trusted retrieval policy: /DC=ch/DC=cern/OU=computers/CN=crab-(preprod|prod)-tw(01|02).cern.ch|/DC=ch/DC=cern/OU=computers/CN=crab-dev-tw(01|02|03|04).cern.ch|/DC=ch/DC=cern/OU=Organic Units/OU=Users/CN=cmscrab/CN=(817881|373708)/CN=Robot: cms crab|/DC=ch/DC=cern/OU=Organic Units/OU=Users/CN=crabint1/CN=373708/CN=Robot: CMS CRAB Integration 1
  timeleft: 524:48:47  (21.9 days)

 error: 
 retcode : 0
DEBUG 2025-04-02 08:27:17.825 UTC: 	 Myproxy is valid: 1889280
DEBUG 2025-04-02 08:27:17.825 UTC: 	 Result of myproxy credential check:
  Credential exists on myproxy: username: 62145c27448958522230f1583fedca774537a25d  - validity: 21 days, 20:48:00
DEBUG 2025-04-02 08:27:17.825 UTC: 	 Command use: submit
DEBUG 2025-04-02 08:27:17.825 UTC: 	 Options use: ['-c', 'crab_config_DY0j_LO_5f_CPPNONE.py']
DEBUG 2025-04-02 08:27:17.825 UTC: 	 Encoded data for curl request: subresource=version
DEBUG 2025-04-02 08:27:18.652 UTC: 	 CRABClient version: v3.250318
DEBUG 2025-04-02 08:27:18.652 UTC: 	 Instance is prod
DEBUG 2025-04-02 08:27:18.652 UTC: 	 Server base url is cmsweb.cern.ch
DEBUG 2025-04-02 08:27:18.652 UTC: 	 Command api workflow
DEBUG 2025-04-02 08:27:18.652 UTC: 	 Started submission
DEBUG 2025-04-02 08:27:18.652 UTC: 	 Working on /home/choij/workspace/CustomNanoGEN_CMSSW_13_0_13/src/Configuration/CustomNanoGEN/crab/crab_projects/crab_DY0j_LO_5f_CPPNONE
DEBUG 2025-04-02 08:27:18.652 UTC: 	 Encoded data for curl request: subresource=backendurls
DEBUG 2025-04-02 08:27:19.496 UTC: 	 Loading required information from the environment
DEBUG 2025-04-02 08:27:19.496 UTC: 	 Found CMSSW_13_0_13 for el8_amd64_gcc11 with base /home/choij/workspace/CustomNanoGEN_CMSSW_13_0_13
DEBUG 2025-04-02 08:27:19.496 UTC: 	 UNIQUE NAME: tarUUID a976c5c4-91a5-4401-8f0a-d3f5fdf2a6bf 
DEBUG 2025-04-02 08:27:19.496 UTC: 	 self.config: from WMCore.Configuration import Configuration
config = Configuration()
config.section_('General')
config.General.transferLogs = False
config.General.transferOutputs = True
config.General.workArea = 'crab_projects'
config.General.requestName = 'DY0j_LO_5f_CPPNONE'
config.section_('JobType')
config.JobType.allowUndistributedCMSSW = False
config.JobType.numCores = 1
config.JobType.pluginName = 'PrivateMC'
config.JobType.psetName = '../configs/Hadronizer_TuneCP5_13p6TeV_DY0j_LO_5f_CPPNONE_LHE_pythia8_cfg.py'
config.section_('Data')
config.Data.unitsPerJob = 5000
config.Data.outputDatasetTag = 'Run3Summer23wmLHEGS'
config.Data.publication = False
config.Data.splitting = 'EventBased'
config.Data.totalUnits = 200000
config.Data.outLFNDirBase = '/store/user/choij/CustomNanoGEN'
config.Data.outputPrimaryDataset = 'Validation'
config.section_('Site')
config.Site.storageSite = 'T3_KR_KNU'
config.section_('User')
config.section_('Debug')

DEBUG 2025-04-02 08:27:19.496 UTC: 	 self.config.JobType.psetName: ../configs/Hadronizer_TuneCP5_13p6TeV_DY0j_LO_5f_CPPNONE_LHE_pythia8_cfg.py
INFO 2025-04-02 08:27:19.496 UTC: 	 Importing CMSSW configuration ../configs/Hadronizer_TuneCP5_13p6TeV_DY0j_LO_5f_CPPNONE_LHE_pythia8_cfg.py
INFO 2025-04-02 08:27:20.170 UTC: 	 Finished importing CMSSW configuration ../configs/Hadronizer_TuneCP5_13p6TeV_DY0j_LO_5f_CPPNONE_LHE_pythia8_cfg.py
DEBUG 2025-04-02 08:27:20.170 UTC: 	 Writing CMSSW configuration to /home/choij/workspace/CustomNanoGEN_CMSSW_13_0_13/src/Configuration/CustomNanoGEN/crab/crab_projects/crab_DY0j_LO_5f_CPPNONE/inputs/PSet.py
DEBUG 2025-04-02 08:27:20.275 UTC: 	 The following EDM output files will be collected: ['NANOGEN.root']
DEBUG 2025-04-02 08:27:20.275 UTC: 	 The following TFile output files will be collected: []
DEBUG 2025-04-02 08:27:20.275 UTC: 	 The following user output files (not listed as PoolOuputModule or TFileService in the CMSSW PSet) will be collected: 
DEBUG 2025-04-02 08:27:20.275 UTC: 	 Loading required information from the environment
DEBUG 2025-04-02 08:27:20.275 UTC: 	 Found CMSSW_13_0_13 for el8_amd64_gcc11 with base /home/choij/workspace/CustomNanoGEN_CMSSW_13_0_13
DEBUG 2025-04-02 08:27:20.275 UTC: 	 Making tarball in /home/choij/workspace/CustomNanoGEN_CMSSW_13_0_13/src/Configuration/CustomNanoGEN/crab/crab_projects/crab_DY0j_LO_5f_CPPNONE/inputs/a976c5c4-91a5-4401-8f0a-d3f5fdf2a6bfdefault.tgz
DEBUG 2025-04-02 08:27:20.275 UTC: 	 Checking directory /home/choij/workspace/CustomNanoGEN_CMSSW_13_0_13/bin
DEBUG 2025-04-02 08:27:20.275 UTC: 	 Adding directory /home/choij/workspace/CustomNanoGEN_CMSSW_13_0_13/bin to tarball
DEBUG 2025-04-02 08:27:20.277 UTC: 	 Checking directory /home/choij/workspace/CustomNanoGEN_CMSSW_13_0_13/python
DEBUG 2025-04-02 08:27:20.277 UTC: 	 Adding directory /home/choij/workspace/CustomNanoGEN_CMSSW_13_0_13/python to tarball
DEBUG 2025-04-02 08:27:20.280 UTC: 	 Checking directory /home/choij/workspace/CustomNanoGEN_CMSSW_13_0_13/cfipython
DEBUG 2025-04-02 08:27:20.280 UTC: 	 Adding directory /home/choij/workspace/CustomNanoGEN_CMSSW_13_0_13/cfipython to tarball
DEBUG 2025-04-02 08:27:20.280 UTC: 	 Checking directory /home/choij/workspace/CustomNanoGEN_CMSSW_13_0_13/lib
DEBUG 2025-04-02 08:27:20.280 UTC: 	 Adding directory /home/choij/workspace/CustomNanoGEN_CMSSW_13_0_13/lib to tarball
DEBUG 2025-04-02 08:27:20.281 UTC: 	 Checking directory /home/choij/workspace/CustomNanoGEN_CMSSW_13_0_13/biglib
DEBUG 2025-04-02 08:27:20.281 UTC: 	 Adding directory /home/choij/workspace/CustomNanoGEN_CMSSW_13_0_13/biglib to tarball
DEBUG 2025-04-02 08:27:20.281 UTC: 	 Checking directory /home/choij/workspace/CustomNanoGEN_CMSSW_13_0_13/module
DEBUG 2025-04-02 08:27:20.281 UTC: 	 Checking directory /home/choij/workspace/CustomNanoGEN_CMSSW_13_0_13/config/SCRAM/hooks
DEBUG 2025-04-02 08:27:20.281 UTC: 	 Adding directory /home/choij/workspace/CustomNanoGEN_CMSSW_13_0_13/config/SCRAM/hooks to tarball
DEBUG 2025-04-02 08:27:20.285 UTC: 	 Adding directory /home/choij/workspace/CustomNanoGEN_CMSSW_13_0_13/src/Configuration/CustomNanoGEN/python to tarball
DEBUG 2025-04-02 08:27:20.438 UTC: 	 Uploading archive /home/choij/workspace/CustomNanoGEN_CMSSW_13_0_13/src/Configuration/CustomNanoGEN/crab/crab_projects/crab_DY0j_LO_5f_CPPNONE/inputs/a976c5c4-91a5-4401-8f0a-d3f5fdf2a6bfdefault.tgz (198 KB) to the CRAB cache. Using URI https://cmsweb.cern.ch/S3/crabcache_prod
DEBUG 2025-04-02 08:27:20.530 UTC: 	 Encoded data for curl request: subresource=upload&objecttype=sandbox&tarballname=d22f0b8cf9afe312db812909fe72ec95494e789172a012152dcab40dc45a3baa.tar.gz
DEBUG 2025-04-02 08:29:37.632 UTC: 	 Will execute:
curl -f -v -X POST  -H "User-Agent: CRAB" -F "key=choij/sandboxes/d22f0b8cf9afe312db812909fe72ec95494e789172a012152dcab40dc45a3baa.tar.gz" -F "AWSAccessKeyId=715203df6482458ba839e73e6dab634b" -F "policy=eyJleHBpcmF0aW9uIjogIjIwMjUtMDQtMDJUMDk6Mjk6MzdaIiwgImNvbmRpdGlvbnMiOiBbeyJidWNrZXQiOiAiY3JhYmNhY2hlX3Byb2QifSwgeyJrZXkiOiAiY2hvaWovc2FuZGJveGVzL2QyMmYwYjhjZjlhZmUzMTJkYjgxMjkwOWZlNzJlYzk1NDk0ZTc4OTE3MmEwMTIxNTJkY2FiNDBkYzQ1YTNiYWEudGFyLmd6In1dfQ==" -F "signature=DL4g36uQLwOS7tKYw7wDagpyzH4=" -F "file=@/home/choij/workspace/CustomNanoGEN_CMSSW_13_0_13/src/Configuration/CustomNanoGEN/crab/crab_projects/crab_DY0j_LO_5f_CPPNONE/inputs/a976c5c4-91a5-4401-8f0a-d3f5fdf2a6bfdefault.tgz" "https://s3.cern.ch/crabcache_prod"
DEBUG 2025-04-02 08:29:39.304 UTC: 	 exitcode: 0
stdout: b''
DEBUG 2025-04-02 08:29:39.304 UTC: 	 upload to S3 of sandbox /home/choij/workspace/CustomNanoGEN_CMSSW_13_0_13/src/Configuration/CustomNanoGEN/crab/crab_projects/crab_DY0j_LO_5f_CPPNONE/inputs/a976c5c4-91a5-4401-8f0a-d3f5fdf2a6bfdefault.tgz completed
DEBUG 2025-04-02 08:29:39.304 UTC: 	 make sure that object is ready for retrieve
DEBUG 2025-04-02 08:29:40.305 UTC: 	 Encoded data for curl request: subresource=download&objecttype=sandbox&tarballname=d22f0b8cf9afe312db812909fe72ec95494e789172a012152dcab40dc45a3baa.tar.gz&clientmethod=head_object
DEBUG 2025-04-02 08:29:41.141 UTC: 	 PreSignedUrl to download sandbox received OK
DEBUG 2025-04-02 08:29:41.144 UTC: 	 Will execute:
 curl -v -s -f -o /dev/null --head  "https://s3.cern.ch/crabcache_prod/choij/sandboxes/d22f0b8cf9afe312db812909fe72ec95494e789172a012152dcab40dc45a3baa.tar.gz?AWSAccessKeyId=715203df6482458ba839e73e6dab634b&Signature=vKzByA1LlLzuYPD14RCRjiBV9pQ%3D&Expires=1743586181"
DEBUG 2025-04-02 08:29:41.960 UTC: 	 exitcode: 0
stdout: b''
DEBUG 2025-04-02 08:29:41.961 UTC: 	 sandbox /home/choij/workspace/CustomNanoGEN_CMSSW_13_0_13/src/Configuration/CustomNanoGEN/crab/crab_projects/crab_DY0j_LO_5f_CPPNONE/inputs/a976c5c4-91a5-4401-8f0a-d3f5fdf2a6bfdefault.tgz successfully uploaded to S3
DEBUG 2025-04-02 08:29:41.961 UTC: 	 Loading required information from the environment
DEBUG 2025-04-02 08:29:41.961 UTC: 	 Found CMSSW_13_0_13 for el8_amd64_gcc11 with base /home/choij/workspace/CustomNanoGEN_CMSSW_13_0_13
DEBUG 2025-04-02 08:29:41.961 UTC: 	 Making tarball in /home/choij/workspace/CustomNanoGEN_CMSSW_13_0_13/src/Configuration/CustomNanoGEN/crab/crab_projects/crab_DY0j_LO_5f_CPPNONE/inputs/debugFiles.tgz
DEBUG 2025-04-02 08:29:41.963 UTC: 	 Uploading archive /home/choij/workspace/CustomNanoGEN_CMSSW_13_0_13/src/Configuration/CustomNanoGEN/crab/crab_projects/crab_DY0j_LO_5f_CPPNONE/inputs/debugFiles.tgz (3 KB) to the CRAB cache. Using URI https://cmsweb.cern.ch/S3/crabcache_prod
DEBUG 2025-04-02 08:29:41.965 UTC: 	 Encoded data for curl request: subresource=upload&objecttype=sandbox&tarballname=a70d7a4e285114a687e7ac08bd0083f9dc5845512c68b4fd8d3239a11f927535.tar.gz
DEBUG 2025-04-02 08:29:42.789 UTC: 	 Will execute:
curl -f -v -X POST  -H "User-Agent: CRAB" -F "key=choij/sandboxes/a70d7a4e285114a687e7ac08bd0083f9dc5845512c68b4fd8d3239a11f927535.tar.gz" -F "AWSAccessKeyId=715203df6482458ba839e73e6dab634b" -F "policy=eyJleHBpcmF0aW9uIjogIjIwMjUtMDQtMDJUMDk6Mjk6NDJaIiwgImNvbmRpdGlvbnMiOiBbeyJidWNrZXQiOiAiY3JhYmNhY2hlX3Byb2QifSwgeyJrZXkiOiAiY2hvaWovc2FuZGJveGVzL2E3MGQ3YTRlMjg1MTE0YTY4N2U3YWMwOGJkMDA4M2Y5ZGM1ODQ1NTEyYzY4YjRmZDhkMzIzOWExMWY5Mjc1MzUudGFyLmd6In1dfQ==" -F "signature=Lay4kYztWI6gVdhv4lx8Bf7LDrA=" -F "file=@/home/choij/workspace/CustomNanoGEN_CMSSW_13_0_13/src/Configuration/CustomNanoGEN/crab/crab_projects/crab_DY0j_LO_5f_CPPNONE/inputs/debugFiles.tgz" "https://s3.cern.ch/crabcache_prod"
DEBUG 2025-04-02 08:29:43.692 UTC: 	 exitcode: 0
stdout: b''
DEBUG 2025-04-02 08:29:43.692 UTC: 	 upload to S3 of sandbox /home/choij/workspace/CustomNanoGEN_CMSSW_13_0_13/src/Configuration/CustomNanoGEN/crab/crab_projects/crab_DY0j_LO_5f_CPPNONE/inputs/debugFiles.tgz completed
DEBUG 2025-04-02 08:29:43.692 UTC: 	 make sure that object is ready for retrieve
DEBUG 2025-04-02 08:29:44.693 UTC: 	 Encoded data for curl request: subresource=download&objecttype=sandbox&tarballname=a70d7a4e285114a687e7ac08bd0083f9dc5845512c68b4fd8d3239a11f927535.tar.gz&clientmethod=head_object
DEBUG 2025-04-02 08:29:45.525 UTC: 	 PreSignedUrl to download sandbox received OK
DEBUG 2025-04-02 08:29:45.528 UTC: 	 Will execute:
 curl -v -s -f -o /dev/null --head  "https://s3.cern.ch/crabcache_prod/choij/sandboxes/a70d7a4e285114a687e7ac08bd0083f9dc5845512c68b4fd8d3239a11f927535.tar.gz?AWSAccessKeyId=715203df6482458ba839e73e6dab634b&Signature=YsHAarBiCyOX9uShMey1wQljdG4%3D&Expires=1743586185"
DEBUG 2025-04-02 08:29:46.344 UTC: 	 exitcode: 0
stdout: b''
DEBUG 2025-04-02 08:29:46.344 UTC: 	 sandbox /home/choij/workspace/CustomNanoGEN_CMSSW_13_0_13/src/Configuration/CustomNanoGEN/crab/crab_projects/crab_DY0j_LO_5f_CPPNONE/inputs/debugFiles.tgz successfully uploaded to S3
DEBUG 2025-04-02 08:29:46.344 UTC: 	 Result uploading input files: d22f0b8cf9afe312db812909fe72ec95494e789172a012152dcab40dc45a3baa.tar.gz 
DEBUG 2025-04-02 08:29:46.345 UTC: 	 submit() - self.configuration from WMCore.Configuration import Configuration
config = Configuration()
config.section_('General')
config.General.transferLogs = False
config.General.transferOutputs = True
config.General.workArea = 'crab_projects'
config.General.requestName = 'DY0j_LO_5f_CPPNONE'
config.section_('JobType')
config.JobType.allowUndistributedCMSSW = False
config.JobType.numCores = 1
config.JobType.pluginName = 'PrivateMC'
config.JobType.psetName = '../configs/Hadronizer_TuneCP5_13p6TeV_DY0j_LO_5f_CPPNONE_LHE_pythia8_cfg.py'
config.section_('Data')
config.Data.unitsPerJob = 5000
config.Data.outputDatasetTag = 'Run3Summer23wmLHEGS'
config.Data.publication = False
config.Data.splitting = 'EventBased'
config.Data.totalUnits = 200000
config.Data.outLFNDirBase = '/store/user/choij/CustomNanoGEN'
config.Data.outputPrimaryDataset = 'Validation'
config.section_('Site')
config.Site.storageSite = 'T3_KR_KNU'
config.section_('User')
config.section_('Debug')

DEBUG 2025-04-02 08:29:46.345 UTC: 	 submit() - self.configreq {'dryrun': 0, 'workflow': 'crab_DY0j_LO_5f_CPPNONE', 'saveoutput': 1, 'savelogsflag': 0, 'primarydataset': 'Validation', 'nonvaliddata': 0, 'userfiles': [], 'dbsurl': 'https://cmsweb.cern.ch/dbs/prod/global/DBSReader', 'useparent': 0, 'ignorelocality': 0, 'splitalgo': 'EventBased', 'algoargs': 5000, 'totalunits': 200000, 'lfn': '/store/user/choij/CustomNanoGEN', 'publication': 0, 'publishdbsurl': 'https://cmsweb.cern.ch/dbs/prod/phys03/DBSWriter', 'publishname2': 'Run3Summer23wmLHEGS', 'jobtype': 'PrivateMC', 'generator': 'pythia', 'addoutputfiles': [], 'maxjobruntime': 1250, 'numcores': 1, 'maxmemory': 2000, 'priority': 10, 'nonprodsw': 0, 'asyncdest': 'T3_KR_KNU', 'requireaccelerator': 0, 'oneEventMode': 0, 'extrajdl': [], 'ignoreglobalblacklist': 0, 'partialdataset': 0, 'inputblocks': []}
DEBUG 2025-04-02 08:29:46.345 UTC: 	 submit() - jobconfig {'addoutputfiles': [], 'tfileoutfiles': [], 'edmoutfiles': ['NANOGEN.root'], 'jobarch': 'el8_amd64_gcc11', 'jobminuarch': 'any', 'jobsw': 'CMSSW_13_0_13', 'cacheurl': 'https://cmsweb.cern.ch/S3/crabcache_prod', 'cachefilename': 'd22f0b8cf9afe312db812909fe72ec95494e789172a012152dcab40dc45a3baa.tar.gz', 'debugfilename': 'a70d7a4e285114a687e7ac08bd0083f9dc5845512c68b4fd8d3239a11f927535.tar.gz', 'jobtype': 'PrivateMC', 'primarydataset': 'Validation'}
INFO 2025-04-02 08:29:46.345 UTC: 	 Sending the request to the server at cmsweb.cern.ch
DEBUG 2025-04-02 08:29:46.345 UTC: 	 Submitting {'dryrun': 0, 'workflow': 'crab_DY0j_LO_5f_CPPNONE', 'saveoutput': 1, 'savelogsflag': 0, 'primarydataset': 'Validation', 'nonvaliddata': 0, 'userfiles': [], 'dbsurl': 'https://cmsweb.cern.ch/dbs/prod/global/DBSReader', 'useparent': 0, 'ignorelocality': 0, 'splitalgo': 'EventBased', 'algoargs': 5000, 'totalunits': 200000, 'lfn': '/store/user/choij/CustomNanoGEN', 'publication': 0, 'publishdbsurl': 'https://cmsweb.cern.ch/dbs/prod/phys03/DBSWriter', 'publishname2': 'Run3Summer23wmLHEGS', 'jobtype': 'PrivateMC', 'generator': 'pythia', 'addoutputfiles': [], 'maxjobruntime': 1250, 'numcores': 1, 'maxmemory': 2000, 'priority': 10, 'nonprodsw': 0, 'asyncdest': 'T3_KR_KNU', 'requireaccelerator': 0, 'oneEventMode': 0, 'extrajdl': [], 'ignoreglobalblacklist': 0, 'partialdataset': 0, 'inputblocks': [], 'tfileoutfiles': [], 'edmoutfiles': ['NANOGEN.root'], 'jobarch': 'el8_amd64_gcc11', 'jobminuarch': 'any', 'jobsw': 'CMSSW_13_0_13', 'cacheurl': 'https://cmsweb.cern.ch/S3/crabcache_prod', 'cachefilename': 'd22f0b8cf9afe312db812909fe72ec95494e789172a012152dcab40dc45a3baa.tar.gz', 'debugfilename': 'a70d7a4e285114a687e7ac08bd0083f9dc5845512c68b4fd8d3239a11f927535.tar.gz'} 
DEBUG 2025-04-02 08:29:46.345 UTC: 	 Encoded data for curl request: dryrun=0&workflow=crab_DY0j_LO_5f_CPPNONE&saveoutput=1&savelogsflag=0&primarydataset=Validation&nonvaliddata=0&dbsurl=https%3A%2F%2Fcmsweb.cern.ch%2Fdbs%2Fprod%2Fglobal%2FDBSReader&useparent=0&ignorelocality=0&splitalgo=EventBased&algoargs=5000&totalunits=200000&lfn=%2Fstore%2Fuser%2Fchoij%2FCustomNanoGEN&publication=0&publishdbsurl=https%3A%2F%2Fcmsweb.cern.ch%2Fdbs%2Fprod%2Fphys03%2FDBSWriter&publishname2=Run3Summer23wmLHEGS&jobtype=PrivateMC&generator=pythia&maxjobruntime=1250&numcores=1&maxmemory=2000&priority=10&nonprodsw=0&asyncdest=T3_KR_KNU&requireaccelerator=0&oneEventMode=0&ignoreglobalblacklist=0&partialdataset=0&jobarch=el8_amd64_gcc11&jobminuarch=any&jobsw=CMSSW_13_0_13&cacheurl=https%3A%2F%2Fcmsweb.cern.ch%2FS3%2Fcrabcache_prod&cachefilename=d22f0b8cf9afe312db812909fe72ec95494e789172a012152dcab40dc45a3baa.tar.gz&debugfilename=a70d7a4e285114a687e7ac08bd0083f9dc5845512c68b4fd8d3239a11f927535.tar.gz&edmoutfiles=NANOGEN.root
DEBUG 2025-04-02 08:32:01.027 UTC: 	 Result: {'result': [{'RequestName': '250402_083200:choij_crab_DY0j_LO_5f_CPPNONE'}]}
INFO 2025-04-02 08:32:01.028 UTC: 	 Success: Your task has been delivered to the prod CRAB3 server.
INFO 2025-04-02 08:32:01.028 UTC: 	 Task name: 250402_083200:choij_crab_DY0j_LO_5f_CPPNONE
INFO 2025-04-02 08:32:01.028 UTC: 	 Project dir: crab_projects/crab_DY0j_LO_5f_CPPNONE
INFO 2025-04-02 08:32:01.028 UTC: 	 Please use ' crab status -d crab_projects/crab_DY0j_LO_5f_CPPNONE ' to check how the submission process proceeds.
DEBUG 2025-04-02 08:32:01.028 UTC: 	 About to return
INFO 2025-04-02 08:32:01.030 UTC: 	 Log file is /home/choij/workspace/CustomNanoGEN_CMSSW_13_0_13/src/Configuration/CustomNanoGEN/crab/crab_projects/crab_DY0j_LO_5f_CPPNONE/crab.log
