DEBUG 2024-12-30 11:46:24.234 UTC: 	 CRAB Client version: v3.241125
DEBUG 2024-12-30 11:46:24.234 UTC: 	 Running on: Linux 6c293c3e374b 6.12.6-200.fc41.x86_64 #1 SMP PREEMPT_DYNAMIC Thu Dec 19 21:06:34 UTC 2024 x86_64 x86_64 x86_64 GNU/Linux
DEBUG 2024-12-30 11:46:24.234 UTC: 	 Not using Singularity
DEBUG 2024-12-30 11:46:24.234 UTC: 	 Operating System: CentOS Linux 7 (Core)
DEBUG 2024-12-30 11:46:24.234 UTC: 	 Executing command: 'submit'
DEBUG 2024-12-30 11:46:24.234 UTC: 	 Could not find CRAB cache file /home/choij/.crab3; creating a new one.
INFO 2024-12-30 11:46:24.234 UTC: 	 Will use CRAB configuration file SUBMIT_MHc100_MA15.py
DEBUG 2024-12-30 11:46:24.235 UTC: 	 Loading CRAB configuration file.
DEBUG 2024-12-30 11:46:24.235 UTC: 	 Will use CRAB plugin PRIVATEMC (i.e. will run an a MC generation job type).
ERROR 2024-12-30 11:46:24.235 UTC: 	 Working area '/home/choij/workspace/NanoGEN/CMSSW_11_3_4/src/Configuration/CustomNanoGEN/crab/13TeV/crab_projects/crab_Crab_TTToHcToWAToMuMu_MHc100_MA15' already exists 
Please change the requestName in the config file
ERROR 2024-12-30 11:46:24.235 UTC: 	 Caught ClientException exception
Traceback (most recent call last):
  File "/cvmfs/cms.cern.ch/share/cms/crab-prod/v3.241125.00/bin/crab.py", line 157, in <module>
    client()
  File "/cvmfs/cms.cern.ch/share/cms/crab-prod/v3.241125.00/bin/crab.py", line 135, in __call__
    self.cmd = sub_cmd(self.logger, args[1:])  # the crab command to be executed
  File "/cvmfs/cms.cern.ch/share/cms/crab-prod/v3.241125.00/lib/CRABClient/Commands/submit.py", line 37, in __init__
    SubCommand.__init__(self, logger, cmdargs, disable_interspersed_args=True)
  File "/cvmfs/cms.cern.ch/share/cms/crab-prod/v3.241125.00/lib/CRABClient/Commands/SubCommand.py", line 330, in __init__
    getattr(self.configuration.General, 'requestName', None))
  File "/cvmfs/cms.cern.ch/share/cms/crab-prod/v3.241125.00/lib/CRABClient/ClientUtilities.py", line 392, in createWorkArea
    raise ConfigException("Working area '%s' already exists \nPlease change the requestName in the config file" % fullpath)
ConfigException: Working area '/home/choij/workspace/NanoGEN/CMSSW_11_3_4/src/Configuration/CustomNanoGEN/crab/13TeV/crab_projects/crab_Crab_TTToHcToWAToMuMu_MHc100_MA15' already exists 
Please change the requestName in the config file
INFO 2024-12-30 11:46:24.236 UTC: 	 Log file is /home/choij/workspace/NanoGEN/CMSSW_11_3_4/src/Configuration/CustomNanoGEN/crab/13TeV/crab.log
