DEBUG 2025-04-02 08:32:18.397 UTC: 	 CRAB Client version: v3.250318
DEBUG 2025-04-02 08:32:18.397 UTC: 	 Running on: Linux private-snu 6.13.8-200.fc41.x86_64 #1 SMP PREEMPT_DYNAMIC Sun Mar 23 05:03:09 UTC 2025 x86_64 x86_64 x86_64 GNU/Linux
DEBUG 2025-04-02 08:32:18.397 UTC: 	 Using SINGULARITY image: private-el8.sif
DEBUG 2025-04-02 08:32:18.397 UTC: 	 Operating System: AlmaLinux 8.10 (Cerulean Leopard)
DEBUG 2025-04-02 08:32:18.397 UTC: 	 Executing command: 'submit'
DEBUG 2025-04-02 08:32:18.397 UTC: 	 Found CRAB cache file /home/choij/.crab3
INFO 2025-04-02 08:32:18.398 UTC: 	 Will use CRAB configuration file crab_config_W0j_LO_5f_UPSTREAM.py
DEBUG 2025-04-02 08:32:18.398 UTC: 	 Loading CRAB configuration file.
DEBUG 2025-04-02 08:32:20.125 UTC: 	 Will use CRAB plugin PRIVATEMC (i.e. will run an a MC generation job type).
DEBUG 2025-04-02 08:32:20.125 UTC: 	 Checking credentials
DEBUG 2025-04-02 08:32:20.125 UTC: 	 Found proxy file /tmp/x509up_u1000
DEBUG 2025-04-02 08:32:20.125 UTC: 	 Making sure it has proper VOMS extension
DEBUG 2025-04-02 08:32:20.125 UTC: 	 Executing command :
 voms-proxy-info --vo --file /tmp/x509up_u1000
DEBUG 2025-04-02 08:32:20.443 UTC: 	 output : cms

 error: 
 retcode : 0
DEBUG 2025-04-02 08:32:20.443 UTC: 	 Getting proxy life time left
DEBUG 2025-04-02 08:32:20.443 UTC: 	 Executing command :
 voms-proxy-info --actimeleft --timeleft --file /tmp/x509up_u1000
DEBUG 2025-04-02 08:32:20.769 UTC: 	 output : 593929
593929

 error: 
 retcode : 0
DEBUG 2025-04-02 08:32:20.769 UTC: 	 Proxy valid for 164:58:49 hours
DEBUG 2025-04-02 08:32:20.769 UTC: 	 Encoded data for curl request: subresource=delegatedn
DEBUG 2025-04-02 08:32:21.597 UTC: 	 Registering user credentials on myproxy for /DC=ch/DC=cern/OU=computers/CN=crab-(preprod|prod)-tw(01|02).cern.ch|/DC=ch/DC=cern/OU=computers/CN=crab-dev-tw(01|02|03|04).cern.ch|/DC=ch/DC=cern/OU=Organic Units/OU=Users/CN=cmscrab/CN=(817881|373708)/CN=Robot: cms crab|/DC=ch/DC=cern/OU=Organic Units/OU=Users/CN=crabint1/CN=373708/CN=Robot: CMS CRAB Integration 1
DEBUG 2025-04-02 08:32:21.597 UTC: 	 Executing command :
 voms-proxy-info --identity --file /tmp/x509up_u1000
DEBUG 2025-04-02 08:32:21.923 UTC: 	 output : /DC=ch/DC=cern/OU=Organic Units/OU=Users/CN=choij/CN=841389/CN=Jin Choi

 error: 
 retcode : 0
DEBUG 2025-04-02 08:32:21.923 UTC: 	 Getting myproxy life time left for 62145c27448958522230f1583fedca774537a25d
DEBUG 2025-04-02 08:32:21.923 UTC: 	 Executing command :
 myproxy-info -s myproxy.cern.ch -l 62145c27448958522230f1583fedca774537a25d
DEBUG 2025-04-02 08:32:23.524 UTC: 	 output : username: 62145c27448958522230f1583fedca774537a25d
owner: /DC=ch/DC=cern/OU=Organic Units/OU=Users/CN=choij/CN=841389/CN=Jin Choi
  renewal policy: /DC=ch/DC=cern/OU=computers/CN=crab-(preprod|prod)-tw(01|02).cern.ch|/DC=ch/DC=cern/OU=computers/CN=crab-dev-tw(01|02|03|04).cern.ch|/DC=ch/DC=cern/OU=Organic Units/OU=Users/CN=cmscrab/CN=(817881|373708)/CN=Robot: cms crab|/DC=ch/DC=cern/OU=Organic Units/OU=Users/CN=crabint1/CN=373708/CN=Robot: CMS CRAB Integration 1
  trusted retrieval policy: /DC=ch/DC=cern/OU=computers/CN=crab-(preprod|prod)-tw(01|02).cern.ch|/DC=ch/DC=cern/OU=computers/CN=crab-dev-tw(01|02|03|04).cern.ch|/DC=ch/DC=cern/OU=Organic Units/OU=Users/CN=cmscrab/CN=(817881|373708)/CN=Robot: cms crab|/DC=ch/DC=cern/OU=Organic Units/OU=Users/CN=crabint1/CN=373708/CN=Robot: CMS CRAB Integration 1
  timeleft: 524:43:41  (21.9 days)

 error: 
 retcode : 0
DEBUG 2025-04-02 08:32:23.524 UTC: 	 Myproxy is valid: 1888980
DEBUG 2025-04-02 08:32:23.524 UTC: 	 Result of myproxy credential check:
  Credential exists on myproxy: username: 62145c27448958522230f1583fedca774537a25d  - validity: 21 days, 20:43:00
DEBUG 2025-04-02 08:32:23.524 UTC: 	 Command use: submit
DEBUG 2025-04-02 08:32:23.524 UTC: 	 Options use: ['-c', 'crab_config_W0j_LO_5f_UPSTREAM.py']
DEBUG 2025-04-02 08:32:23.524 UTC: 	 Encoded data for curl request: subresource=version
DEBUG 2025-04-02 08:32:24.350 UTC: 	 CRABClient version: v3.250318
DEBUG 2025-04-02 08:32:24.350 UTC: 	 Instance is prod
DEBUG 2025-04-02 08:32:24.350 UTC: 	 Server base url is cmsweb.cern.ch
DEBUG 2025-04-02 08:32:24.350 UTC: 	 Command api workflow
DEBUG 2025-04-02 08:32:24.350 UTC: 	 Started submission
DEBUG 2025-04-02 08:32:24.350 UTC: 	 Working on /home/choij/workspace/CustomNanoGEN_CMSSW_13_0_13/src/Configuration/CustomNanoGEN/crab/crab_projects/crab_W0j_LO_5f_UPSTREAM
DEBUG 2025-04-02 08:32:24.350 UTC: 	 Encoded data for curl request: subresource=backendurls
DEBUG 2025-04-02 08:32:25.191 UTC: 	 Loading required information from the environment
DEBUG 2025-04-02 08:32:25.191 UTC: 	 Found CMSSW_13_0_13 for el8_amd64_gcc11 with base /home/choij/workspace/CustomNanoGEN_CMSSW_13_0_13
DEBUG 2025-04-02 08:32:25.191 UTC: 	 UNIQUE NAME: tarUUID a98e5d2a-7b05-4cdb-872a-5b26e5c902ed 
DEBUG 2025-04-02 08:32:25.191 UTC: 	 self.config: from WMCore.Configuration import Configuration
config = Configuration()
config.section_('General')
config.General.workArea = 'crab_projects'
config.General.transferOutputs = True
config.General.requestName = 'W0j_LO_5f_UPSTREAM'
config.General.transferLogs = False
config.section_('JobType')
config.JobType.allowUndistributedCMSSW = False
config.JobType.psetName = '../configs/Hadronizer_TuneCP5_13p6TeV_W0j_LO_5f_UPSTREAM_LHE_pythia8_cfg.py'
config.JobType.pluginName = 'PrivateMC'
config.JobType.numCores = 1
config.section_('Data')
config.Data.outputDatasetTag = 'Run3Summer23wmLHEGS'
config.Data.unitsPerJob = 5000
config.Data.outLFNDirBase = '/store/user/choij/CustomNanoGEN'
config.Data.outputPrimaryDataset = 'Validation'
config.Data.publication = False
config.Data.splitting = 'EventBased'
config.Data.totalUnits = 200000
config.section_('Site')
config.Site.storageSite = 'T3_KR_KNU'
config.section_('User')
config.section_('Debug')

DEBUG 2025-04-02 08:32:25.191 UTC: 	 self.config.JobType.psetName: ../configs/Hadronizer_TuneCP5_13p6TeV_W0j_LO_5f_UPSTREAM_LHE_pythia8_cfg.py
INFO 2025-04-02 08:32:25.191 UTC: 	 Importing CMSSW configuration ../configs/Hadronizer_TuneCP5_13p6TeV_W0j_LO_5f_UPSTREAM_LHE_pythia8_cfg.py
INFO 2025-04-02 08:32:25.839 UTC: 	 Finished importing CMSSW configuration ../configs/Hadronizer_TuneCP5_13p6TeV_W0j_LO_5f_UPSTREAM_LHE_pythia8_cfg.py
DEBUG 2025-04-02 08:32:25.840 UTC: 	 Writing CMSSW configuration to /home/choij/workspace/CustomNanoGEN_CMSSW_13_0_13/src/Configuration/CustomNanoGEN/crab/crab_projects/crab_W0j_LO_5f_UPSTREAM/inputs/PSet.py
DEBUG 2025-04-02 08:32:25.948 UTC: 	 The following EDM output files will be collected: ['NANOGEN.root']
DEBUG 2025-04-02 08:32:25.948 UTC: 	 The following TFile output files will be collected: []
DEBUG 2025-04-02 08:32:25.948 UTC: 	 The following user output files (not listed as PoolOuputModule or TFileService in the CMSSW PSet) will be collected: 
DEBUG 2025-04-02 08:32:25.948 UTC: 	 Loading required information from the environment
DEBUG 2025-04-02 08:32:25.948 UTC: 	 Found CMSSW_13_0_13 for el8_amd64_gcc11 with base /home/choij/workspace/CustomNanoGEN_CMSSW_13_0_13
DEBUG 2025-04-02 08:32:25.948 UTC: 	 Making tarball in /home/choij/workspace/CustomNanoGEN_CMSSW_13_0_13/src/Configuration/CustomNanoGEN/crab/crab_projects/crab_W0j_LO_5f_UPSTREAM/inputs/a98e5d2a-7b05-4cdb-872a-5b26e5c902eddefault.tgz
DEBUG 2025-04-02 08:32:25.948 UTC: 	 Checking directory /home/choij/workspace/CustomNanoGEN_CMSSW_13_0_13/bin
DEBUG 2025-04-02 08:32:25.948 UTC: 	 Adding directory /home/choij/workspace/CustomNanoGEN_CMSSW_13_0_13/bin to tarball
DEBUG 2025-04-02 08:32:25.950 UTC: 	 Checking directory /home/choij/workspace/CustomNanoGEN_CMSSW_13_0_13/python
DEBUG 2025-04-02 08:32:25.950 UTC: 	 Adding directory /home/choij/workspace/CustomNanoGEN_CMSSW_13_0_13/python to tarball
DEBUG 2025-04-02 08:32:25.952 UTC: 	 Checking directory /home/choij/workspace/CustomNanoGEN_CMSSW_13_0_13/cfipython
DEBUG 2025-04-02 08:32:25.952 UTC: 	 Adding directory /home/choij/workspace/CustomNanoGEN_CMSSW_13_0_13/cfipython to tarball
DEBUG 2025-04-02 08:32:25.953 UTC: 	 Checking directory /home/choij/workspace/CustomNanoGEN_CMSSW_13_0_13/lib
DEBUG 2025-04-02 08:32:25.953 UTC: 	 Adding directory /home/choij/workspace/CustomNanoGEN_CMSSW_13_0_13/lib to tarball
DEBUG 2025-04-02 08:32:25.953 UTC: 	 Checking directory /home/choij/workspace/CustomNanoGEN_CMSSW_13_0_13/biglib
DEBUG 2025-04-02 08:32:25.953 UTC: 	 Adding directory /home/choij/workspace/CustomNanoGEN_CMSSW_13_0_13/biglib to tarball
DEBUG 2025-04-02 08:32:25.954 UTC: 	 Checking directory /home/choij/workspace/CustomNanoGEN_CMSSW_13_0_13/module
DEBUG 2025-04-02 08:32:25.954 UTC: 	 Checking directory /home/choij/workspace/CustomNanoGEN_CMSSW_13_0_13/config/SCRAM/hooks
DEBUG 2025-04-02 08:32:25.954 UTC: 	 Adding directory /home/choij/workspace/CustomNanoGEN_CMSSW_13_0_13/config/SCRAM/hooks to tarball
DEBUG 2025-04-02 08:32:25.959 UTC: 	 Adding directory /home/choij/workspace/CustomNanoGEN_CMSSW_13_0_13/src/Configuration/CustomNanoGEN/python to tarball
DEBUG 2025-04-02 08:32:26.118 UTC: 	 Uploading archive /home/choij/workspace/CustomNanoGEN_CMSSW_13_0_13/src/Configuration/CustomNanoGEN/crab/crab_projects/crab_W0j_LO_5f_UPSTREAM/inputs/a98e5d2a-7b05-4cdb-872a-5b26e5c902eddefault.tgz (198 KB) to the CRAB cache. Using URI https://cmsweb.cern.ch/S3/crabcache_prod
DEBUG 2025-04-02 08:32:26.213 UTC: 	 Encoded data for curl request: subresource=upload&objecttype=sandbox&tarballname=51aaaaf6fcfb8cd25224fc0349843898bbdaf220539a81edc44ef843fbff2342.tar.gz
DEBUG 2025-04-02 08:32:27.054 UTC: 	 Will execute:
curl -f -v -X POST  -H "User-Agent: CRAB" -F "key=choij/sandboxes/51aaaaf6fcfb8cd25224fc0349843898bbdaf220539a81edc44ef843fbff2342.tar.gz" -F "AWSAccessKeyId=715203df6482458ba839e73e6dab634b" -F "policy=eyJleHBpcmF0aW9uIjogIjIwMjUtMDQtMDJUMDk6MzI6MjZaIiwgImNvbmRpdGlvbnMiOiBbeyJidWNrZXQiOiAiY3JhYmNhY2hlX3Byb2QifSwgeyJrZXkiOiAiY2hvaWovc2FuZGJveGVzLzUxYWFhYWY2ZmNmYjhjZDI1MjI0ZmMwMzQ5ODQzODk4YmJkYWYyMjA1MzlhODFlZGM0NGVmODQzZmJmZjIzNDIudGFyLmd6In1dfQ==" -F "signature=aH/TeuWL0taP/qyws/rOKw6edTk=" -F "file=@/home/choij/workspace/CustomNanoGEN_CMSSW_13_0_13/src/Configuration/CustomNanoGEN/crab/crab_projects/crab_W0j_LO_5f_UPSTREAM/inputs/a98e5d2a-7b05-4cdb-872a-5b26e5c902eddefault.tgz" "https://s3.cern.ch/crabcache_prod"
DEBUG 2025-04-02 08:32:28.681 UTC: 	 exitcode: 0
stdout: b''
DEBUG 2025-04-02 08:32:28.681 UTC: 	 upload to S3 of sandbox /home/choij/workspace/CustomNanoGEN_CMSSW_13_0_13/src/Configuration/CustomNanoGEN/crab/crab_projects/crab_W0j_LO_5f_UPSTREAM/inputs/a98e5d2a-7b05-4cdb-872a-5b26e5c902eddefault.tgz completed
DEBUG 2025-04-02 08:32:28.681 UTC: 	 make sure that object is ready for retrieve
DEBUG 2025-04-02 08:32:29.683 UTC: 	 Encoded data for curl request: subresource=download&objecttype=sandbox&tarballname=51aaaaf6fcfb8cd25224fc0349843898bbdaf220539a81edc44ef843fbff2342.tar.gz&clientmethod=head_object
DEBUG 2025-04-02 08:32:30.513 UTC: 	 PreSignedUrl to download sandbox received OK
DEBUG 2025-04-02 08:32:30.516 UTC: 	 Will execute:
 curl -v -s -f -o /dev/null --head  "https://s3.cern.ch/crabcache_prod/choij/sandboxes/51aaaaf6fcfb8cd25224fc0349843898bbdaf220539a81edc44ef843fbff2342.tar.gz?AWSAccessKeyId=715203df6482458ba839e73e6dab634b&Signature=Y6iiwNce5A3eibXYyVHXBDdBRhg%3D&Expires=1743586350"
DEBUG 2025-04-02 08:32:31.343 UTC: 	 exitcode: 0
stdout: b''
DEBUG 2025-04-02 08:32:31.344 UTC: 	 sandbox /home/choij/workspace/CustomNanoGEN_CMSSW_13_0_13/src/Configuration/CustomNanoGEN/crab/crab_projects/crab_W0j_LO_5f_UPSTREAM/inputs/a98e5d2a-7b05-4cdb-872a-5b26e5c902eddefault.tgz successfully uploaded to S3
DEBUG 2025-04-02 08:32:31.344 UTC: 	 Loading required information from the environment
DEBUG 2025-04-02 08:32:31.344 UTC: 	 Found CMSSW_13_0_13 for el8_amd64_gcc11 with base /home/choij/workspace/CustomNanoGEN_CMSSW_13_0_13
DEBUG 2025-04-02 08:32:31.344 UTC: 	 Making tarball in /home/choij/workspace/CustomNanoGEN_CMSSW_13_0_13/src/Configuration/CustomNanoGEN/crab/crab_projects/crab_W0j_LO_5f_UPSTREAM/inputs/debugFiles.tgz
DEBUG 2025-04-02 08:32:31.346 UTC: 	 Uploading archive /home/choij/workspace/CustomNanoGEN_CMSSW_13_0_13/src/Configuration/CustomNanoGEN/crab/crab_projects/crab_W0j_LO_5f_UPSTREAM/inputs/debugFiles.tgz (3 KB) to the CRAB cache. Using URI https://cmsweb.cern.ch/S3/crabcache_prod
DEBUG 2025-04-02 08:32:31.348 UTC: 	 Encoded data for curl request: subresource=upload&objecttype=sandbox&tarballname=3e2d5f1c11647bfb34f9ec8a805b05158fb72cea198d54b7c7d5bbeee0079bdc.tar.gz
DEBUG 2025-04-02 08:32:32.189 UTC: 	 Will execute:
curl -f -v -X POST  -H "User-Agent: CRAB" -F "key=choij/sandboxes/3e2d5f1c11647bfb34f9ec8a805b05158fb72cea198d54b7c7d5bbeee0079bdc.tar.gz" -F "AWSAccessKeyId=715203df6482458ba839e73e6dab634b" -F "policy=eyJleHBpcmF0aW9uIjogIjIwMjUtMDQtMDJUMDk6MzI6MzJaIiwgImNvbmRpdGlvbnMiOiBbeyJidWNrZXQiOiAiY3JhYmNhY2hlX3Byb2QifSwgeyJrZXkiOiAiY2hvaWovc2FuZGJveGVzLzNlMmQ1ZjFjMTE2NDdiZmIzNGY5ZWM4YTgwNWIwNTE1OGZiNzJjZWExOThkNTRiN2M3ZDViYmVlZTAwNzliZGMudGFyLmd6In1dfQ==" -F "signature=IMIyNy4WI3vTOH8oU7wJqafBK2Q=" -F "file=@/home/choij/workspace/CustomNanoGEN_CMSSW_13_0_13/src/Configuration/CustomNanoGEN/crab/crab_projects/crab_W0j_LO_5f_UPSTREAM/inputs/debugFiles.tgz" "https://s3.cern.ch/crabcache_prod"
DEBUG 2025-04-02 08:32:33.013 UTC: 	 exitcode: 0
stdout: b''
DEBUG 2025-04-02 08:32:33.013 UTC: 	 upload to S3 of sandbox /home/choij/workspace/CustomNanoGEN_CMSSW_13_0_13/src/Configuration/CustomNanoGEN/crab/crab_projects/crab_W0j_LO_5f_UPSTREAM/inputs/debugFiles.tgz completed
DEBUG 2025-04-02 08:32:33.013 UTC: 	 make sure that object is ready for retrieve
DEBUG 2025-04-02 08:32:34.015 UTC: 	 Encoded data for curl request: subresource=download&objecttype=sandbox&tarballname=3e2d5f1c11647bfb34f9ec8a805b05158fb72cea198d54b7c7d5bbeee0079bdc.tar.gz&clientmethod=head_object
DEBUG 2025-04-02 08:32:34.834 UTC: 	 PreSignedUrl to download sandbox received OK
DEBUG 2025-04-02 08:32:34.837 UTC: 	 Will execute:
 curl -v -s -f -o /dev/null --head  "https://s3.cern.ch/crabcache_prod/choij/sandboxes/3e2d5f1c11647bfb34f9ec8a805b05158fb72cea198d54b7c7d5bbeee0079bdc.tar.gz?AWSAccessKeyId=715203df6482458ba839e73e6dab634b&Signature=u6DyHjj%2FfvLrlJMtCxKts1NgvO8%3D&Expires=1743586354"
DEBUG 2025-04-02 08:32:35.661 UTC: 	 exitcode: 0
stdout: b''
DEBUG 2025-04-02 08:32:35.661 UTC: 	 sandbox /home/choij/workspace/CustomNanoGEN_CMSSW_13_0_13/src/Configuration/CustomNanoGEN/crab/crab_projects/crab_W0j_LO_5f_UPSTREAM/inputs/debugFiles.tgz successfully uploaded to S3
DEBUG 2025-04-02 08:32:35.661 UTC: 	 Result uploading input files: 51aaaaf6fcfb8cd25224fc0349843898bbdaf220539a81edc44ef843fbff2342.tar.gz 
DEBUG 2025-04-02 08:32:35.662 UTC: 	 submit() - self.configuration from WMCore.Configuration import Configuration
config = Configuration()
config.section_('General')
config.General.workArea = 'crab_projects'
config.General.transferOutputs = True
config.General.requestName = 'W0j_LO_5f_UPSTREAM'
config.General.transferLogs = False
config.section_('JobType')
config.JobType.allowUndistributedCMSSW = False
config.JobType.psetName = '../configs/Hadronizer_TuneCP5_13p6TeV_W0j_LO_5f_UPSTREAM_LHE_pythia8_cfg.py'
config.JobType.pluginName = 'PrivateMC'
config.JobType.numCores = 1
config.section_('Data')
config.Data.outputDatasetTag = 'Run3Summer23wmLHEGS'
config.Data.unitsPerJob = 5000
config.Data.outLFNDirBase = '/store/user/choij/CustomNanoGEN'
config.Data.outputPrimaryDataset = 'Validation'
config.Data.publication = False
config.Data.splitting = 'EventBased'
config.Data.totalUnits = 200000
config.section_('Site')
config.Site.storageSite = 'T3_KR_KNU'
config.section_('User')
config.section_('Debug')

DEBUG 2025-04-02 08:32:35.662 UTC: 	 submit() - self.configreq {'dryrun': 0, 'workflow': 'crab_W0j_LO_5f_UPSTREAM', 'saveoutput': 1, 'savelogsflag': 0, 'primarydataset': 'Validation', 'nonvaliddata': 0, 'userfiles': [], 'dbsurl': 'https://cmsweb.cern.ch/dbs/prod/global/DBSReader', 'useparent': 0, 'ignorelocality': 0, 'splitalgo': 'EventBased', 'algoargs': 5000, 'totalunits': 200000, 'lfn': '/store/user/choij/CustomNanoGEN', 'publication': 0, 'publishdbsurl': 'https://cmsweb.cern.ch/dbs/prod/phys03/DBSWriter', 'publishname2': 'Run3Summer23wmLHEGS', 'jobtype': 'PrivateMC', 'generator': 'pythia', 'addoutputfiles': [], 'maxjobruntime': 1250, 'numcores': 1, 'maxmemory': 2000, 'priority': 10, 'nonprodsw': 0, 'asyncdest': 'T3_KR_KNU', 'requireaccelerator': 0, 'oneEventMode': 0, 'extrajdl': [], 'ignoreglobalblacklist': 0, 'partialdataset': 0, 'inputblocks': []}
DEBUG 2025-04-02 08:32:35.662 UTC: 	 submit() - jobconfig {'addoutputfiles': [], 'tfileoutfiles': [], 'edmoutfiles': ['NANOGEN.root'], 'jobarch': 'el8_amd64_gcc11', 'jobminuarch': 'any', 'jobsw': 'CMSSW_13_0_13', 'cacheurl': 'https://cmsweb.cern.ch/S3/crabcache_prod', 'cachefilename': '51aaaaf6fcfb8cd25224fc0349843898bbdaf220539a81edc44ef843fbff2342.tar.gz', 'debugfilename': '3e2d5f1c11647bfb34f9ec8a805b05158fb72cea198d54b7c7d5bbeee0079bdc.tar.gz', 'jobtype': 'PrivateMC', 'primarydataset': 'Validation'}
INFO 2025-04-02 08:32:35.662 UTC: 	 Sending the request to the server at cmsweb.cern.ch
DEBUG 2025-04-02 08:32:35.662 UTC: 	 Submitting {'dryrun': 0, 'workflow': 'crab_W0j_LO_5f_UPSTREAM', 'saveoutput': 1, 'savelogsflag': 0, 'primarydataset': 'Validation', 'nonvaliddata': 0, 'userfiles': [], 'dbsurl': 'https://cmsweb.cern.ch/dbs/prod/global/DBSReader', 'useparent': 0, 'ignorelocality': 0, 'splitalgo': 'EventBased', 'algoargs': 5000, 'totalunits': 200000, 'lfn': '/store/user/choij/CustomNanoGEN', 'publication': 0, 'publishdbsurl': 'https://cmsweb.cern.ch/dbs/prod/phys03/DBSWriter', 'publishname2': 'Run3Summer23wmLHEGS', 'jobtype': 'PrivateMC', 'generator': 'pythia', 'addoutputfiles': [], 'maxjobruntime': 1250, 'numcores': 1, 'maxmemory': 2000, 'priority': 10, 'nonprodsw': 0, 'asyncdest': 'T3_KR_KNU', 'requireaccelerator': 0, 'oneEventMode': 0, 'extrajdl': [], 'ignoreglobalblacklist': 0, 'partialdataset': 0, 'inputblocks': [], 'tfileoutfiles': [], 'edmoutfiles': ['NANOGEN.root'], 'jobarch': 'el8_amd64_gcc11', 'jobminuarch': 'any', 'jobsw': 'CMSSW_13_0_13', 'cacheurl': 'https://cmsweb.cern.ch/S3/crabcache_prod', 'cachefilename': '51aaaaf6fcfb8cd25224fc0349843898bbdaf220539a81edc44ef843fbff2342.tar.gz', 'debugfilename': '3e2d5f1c11647bfb34f9ec8a805b05158fb72cea198d54b7c7d5bbeee0079bdc.tar.gz'} 
DEBUG 2025-04-02 08:32:35.662 UTC: 	 Encoded data for curl request: dryrun=0&workflow=crab_W0j_LO_5f_UPSTREAM&saveoutput=1&savelogsflag=0&primarydataset=Validation&nonvaliddata=0&dbsurl=https%3A%2F%2Fcmsweb.cern.ch%2Fdbs%2Fprod%2Fglobal%2FDBSReader&useparent=0&ignorelocality=0&splitalgo=EventBased&algoargs=5000&totalunits=200000&lfn=%2Fstore%2Fuser%2Fchoij%2FCustomNanoGEN&publication=0&publishdbsurl=https%3A%2F%2Fcmsweb.cern.ch%2Fdbs%2Fprod%2Fphys03%2FDBSWriter&publishname2=Run3Summer23wmLHEGS&jobtype=PrivateMC&generator=pythia&maxjobruntime=1250&numcores=1&maxmemory=2000&priority=10&nonprodsw=0&asyncdest=T3_KR_KNU&requireaccelerator=0&oneEventMode=0&ignoreglobalblacklist=0&partialdataset=0&jobarch=el8_amd64_gcc11&jobminuarch=any&jobsw=CMSSW_13_0_13&cacheurl=https%3A%2F%2Fcmsweb.cern.ch%2FS3%2Fcrabcache_prod&cachefilename=51aaaaf6fcfb8cd25224fc0349843898bbdaf220539a81edc44ef843fbff2342.tar.gz&debugfilename=3e2d5f1c11647bfb34f9ec8a805b05158fb72cea198d54b7c7d5bbeee0079bdc.tar.gz&edmoutfiles=NANOGEN.root
DEBUG 2025-04-02 08:34:48.951 UTC: 	 Result: {'result': [{'RequestName': '250402_083448:choij_crab_W0j_LO_5f_UPSTREAM'}]}
INFO 2025-04-02 08:34:48.951 UTC: 	 Success: Your task has been delivered to the prod CRAB3 server.
INFO 2025-04-02 08:34:48.951 UTC: 	 Task name: 250402_083448:choij_crab_W0j_LO_5f_UPSTREAM
INFO 2025-04-02 08:34:48.951 UTC: 	 Project dir: crab_projects/crab_W0j_LO_5f_UPSTREAM
INFO 2025-04-02 08:34:48.951 UTC: 	 Please use ' crab status -d crab_projects/crab_W0j_LO_5f_UPSTREAM ' to check how the submission process proceeds.
DEBUG 2025-04-02 08:34:48.951 UTC: 	 About to return
INFO 2025-04-02 08:34:48.953 UTC: 	 Log file is /home/choij/workspace/CustomNanoGEN_CMSSW_13_0_13/src/Configuration/CustomNanoGEN/crab/crab_projects/crab_W0j_LO_5f_UPSTREAM/crab.log
