DEBUG 2025-04-02 08:27:06.352 UTC: 	 CRAB Client version: v3.250318
DEBUG 2025-04-02 08:27:06.353 UTC: 	 Running on: Linux private-snu 6.13.8-200.fc41.x86_64 #1 SMP PREEMPT_DYNAMIC Sun Mar 23 05:03:09 UTC 2025 x86_64 x86_64 x86_64 GNU/Linux
DEBUG 2025-04-02 08:27:06.353 UTC: 	 Using SINGULARITY image: private-el8.sif
DEBUG 2025-04-02 08:27:06.353 UTC: 	 Operating System: AlmaLinux 8.10 (Cerulean Leopard)
DEBUG 2025-04-02 08:27:06.353 UTC: 	 Executing command: 'submit'
DEBUG 2025-04-02 08:27:06.353 UTC: 	 Found CRAB cache file /home/choij/.crab3
INFO 2025-04-02 08:27:06.353 UTC: 	 Will use CRAB configuration file crab_config_DY0j_LO_5f_LEGACY.py
DEBUG 2025-04-02 08:27:06.353 UTC: 	 Loading CRAB configuration file.
DEBUG 2025-04-02 08:27:13.127 UTC: 	 Will use CRAB plugin PRIVATEMC (i.e. will run an a MC generation job type).
DEBUG 2025-04-02 08:27:13.128 UTC: 	 Checking credentials
DEBUG 2025-04-02 08:27:13.128 UTC: 	 Found proxy file /tmp/x509up_u1000
DEBUG 2025-04-02 08:27:13.128 UTC: 	 Making sure it has proper VOMS extension
DEBUG 2025-04-02 08:27:13.128 UTC: 	 Executing command :
 voms-proxy-info --vo --file /tmp/x509up_u1000
DEBUG 2025-04-02 08:27:13.443 UTC: 	 output : cms

 error: 
 retcode : 0
DEBUG 2025-04-02 08:27:13.443 UTC: 	 Getting proxy life time left
DEBUG 2025-04-02 08:27:13.443 UTC: 	 Executing command :
 voms-proxy-info --actimeleft --timeleft --file /tmp/x509up_u1000
DEBUG 2025-04-02 08:27:13.789 UTC: 	 output : 594236
594236

 error: 
 retcode : 0
DEBUG 2025-04-02 08:27:13.789 UTC: 	 Proxy valid for 165:03:56 hours
DEBUG 2025-04-02 08:27:13.789 UTC: 	 Encoded data for curl request: subresource=delegatedn
DEBUG 2025-04-02 08:27:14.609 UTC: 	 Registering user credentials on myproxy for /DC=ch/DC=cern/OU=computers/CN=crab-(preprod|prod)-tw(01|02).cern.ch|/DC=ch/DC=cern/OU=computers/CN=crab-dev-tw(01|02|03|04).cern.ch|/DC=ch/DC=cern/OU=Organic Units/OU=Users/CN=cmscrab/CN=(817881|373708)/CN=Robot: cms crab|/DC=ch/DC=cern/OU=Organic Units/OU=Users/CN=crabint1/CN=373708/CN=Robot: CMS CRAB Integration 1
DEBUG 2025-04-02 08:27:14.610 UTC: 	 Executing command :
 voms-proxy-info --identity --file /tmp/x509up_u1000
DEBUG 2025-04-02 08:27:14.975 UTC: 	 output : /DC=ch/DC=cern/OU=Organic Units/OU=Users/CN=choij/CN=841389/CN=Jin Choi

 error: 
 retcode : 0
DEBUG 2025-04-02 08:27:14.975 UTC: 	 Getting myproxy life time left for 62145c27448958522230f1583fedca774537a25d
DEBUG 2025-04-02 08:27:14.975 UTC: 	 Executing command :
 myproxy-info -s myproxy.cern.ch -l 62145c27448958522230f1583fedca774537a25d
DEBUG 2025-04-02 08:27:16.553 UTC: 	 output : username: 62145c27448958522230f1583fedca774537a25d
owner: /DC=ch/DC=cern/OU=Organic Units/OU=Users/CN=choij/CN=841389/CN=Jin Choi
  renewal policy: /DC=ch/DC=cern/OU=computers/CN=crab-(preprod|prod)-tw(01|02).cern.ch|/DC=ch/DC=cern/OU=computers/CN=crab-dev-tw(01|02|03|04).cern.ch|/DC=ch/DC=cern/OU=Organic Units/OU=Users/CN=cmscrab/CN=(817881|373708)/CN=Robot: cms crab|/DC=ch/DC=cern/OU=Organic Units/OU=Users/CN=crabint1/CN=373708/CN=Robot: CMS CRAB Integration 1
  trusted retrieval policy: /DC=ch/DC=cern/OU=computers/CN=crab-(preprod|prod)-tw(01|02).cern.ch|/DC=ch/DC=cern/OU=computers/CN=crab-dev-tw(01|02|03|04).cern.ch|/DC=ch/DC=cern/OU=Organic Units/OU=Users/CN=cmscrab/CN=(817881|373708)/CN=Robot: cms crab|/DC=ch/DC=cern/OU=Organic Units/OU=Users/CN=crabint1/CN=373708/CN=Robot: CMS CRAB Integration 1
  timeleft: 524:48:48  (21.9 days)

 error: 
 retcode : 0
DEBUG 2025-04-02 08:27:16.553 UTC: 	 Myproxy is valid: 1889280
DEBUG 2025-04-02 08:27:16.553 UTC: 	 Result of myproxy credential check:
  Credential exists on myproxy: username: 62145c27448958522230f1583fedca774537a25d  - validity: 21 days, 20:48:00
DEBUG 2025-04-02 08:27:16.554 UTC: 	 Command use: submit
DEBUG 2025-04-02 08:27:16.554 UTC: 	 Options use: ['-c', 'crab_config_DY0j_LO_5f_LEGACY.py']
DEBUG 2025-04-02 08:27:16.554 UTC: 	 Encoded data for curl request: subresource=version
DEBUG 2025-04-02 08:29:33.548 UTC: 	 CRABClient version: v3.250318
DEBUG 2025-04-02 08:29:33.548 UTC: 	 Instance is prod
DEBUG 2025-04-02 08:29:33.548 UTC: 	 Server base url is cmsweb.cern.ch
DEBUG 2025-04-02 08:29:33.548 UTC: 	 Command api workflow
DEBUG 2025-04-02 08:29:33.548 UTC: 	 Started submission
DEBUG 2025-04-02 08:29:33.548 UTC: 	 Working on /home/choij/workspace/CustomNanoGEN_CMSSW_13_0_13/src/Configuration/CustomNanoGEN/crab/crab_projects/crab_DY0j_LO_5f_LEGACY
DEBUG 2025-04-02 08:29:33.548 UTC: 	 Encoded data for curl request: subresource=backendurls
DEBUG 2025-04-02 08:29:34.399 UTC: 	 Loading required information from the environment
DEBUG 2025-04-02 08:29:34.399 UTC: 	 Found CMSSW_13_0_13 for el8_amd64_gcc11 with base /home/choij/workspace/CustomNanoGEN_CMSSW_13_0_13
DEBUG 2025-04-02 08:29:34.400 UTC: 	 UNIQUE NAME: tarUUID f76cec0c-3602-42b4-8146-65a74391841c 
DEBUG 2025-04-02 08:29:34.400 UTC: 	 self.config: from WMCore.Configuration import Configuration
config = Configuration()
config.section_('General')
config.General.transferOutputs = True
config.General.transferLogs = False
config.General.requestName = 'DY0j_LO_5f_LEGACY'
config.General.workArea = 'crab_projects'
config.section_('JobType')
config.JobType.allowUndistributedCMSSW = False
config.JobType.psetName = '../configs/Hadronizer_TuneCP5_13p6TeV_DY0j_LO_5f_LEGACY_LHE_pythia8_cfg.py'
config.JobType.numCores = 1
config.JobType.pluginName = 'PrivateMC'
config.section_('Data')
config.Data.totalUnits = 200000
config.Data.outputDatasetTag = 'Run3Summer23wmLHEGS'
config.Data.splitting = 'EventBased'
config.Data.outLFNDirBase = '/store/user/choij/CustomNanoGEN'
config.Data.outputPrimaryDataset = 'Validation'
config.Data.unitsPerJob = 5000
config.Data.publication = False
config.section_('Site')
config.Site.storageSite = 'T3_KR_KNU'
config.section_('User')
config.section_('Debug')

DEBUG 2025-04-02 08:29:34.400 UTC: 	 self.config.JobType.psetName: ../configs/Hadronizer_TuneCP5_13p6TeV_DY0j_LO_5f_LEGACY_LHE_pythia8_cfg.py
INFO 2025-04-02 08:29:34.400 UTC: 	 Importing CMSSW configuration ../configs/Hadronizer_TuneCP5_13p6TeV_DY0j_LO_5f_LEGACY_LHE_pythia8_cfg.py
INFO 2025-04-02 08:29:35.042 UTC: 	 Finished importing CMSSW configuration ../configs/Hadronizer_TuneCP5_13p6TeV_DY0j_LO_5f_LEGACY_LHE_pythia8_cfg.py
DEBUG 2025-04-02 08:29:35.042 UTC: 	 Writing CMSSW configuration to /home/choij/workspace/CustomNanoGEN_CMSSW_13_0_13/src/Configuration/CustomNanoGEN/crab/crab_projects/crab_DY0j_LO_5f_LEGACY/inputs/PSet.py
DEBUG 2025-04-02 08:29:35.149 UTC: 	 The following EDM output files will be collected: ['NANOGEN.root']
DEBUG 2025-04-02 08:29:35.149 UTC: 	 The following TFile output files will be collected: []
DEBUG 2025-04-02 08:29:35.149 UTC: 	 The following user output files (not listed as PoolOuputModule or TFileService in the CMSSW PSet) will be collected: 
DEBUG 2025-04-02 08:29:35.149 UTC: 	 Loading required information from the environment
DEBUG 2025-04-02 08:29:35.149 UTC: 	 Found CMSSW_13_0_13 for el8_amd64_gcc11 with base /home/choij/workspace/CustomNanoGEN_CMSSW_13_0_13
DEBUG 2025-04-02 08:29:35.149 UTC: 	 Making tarball in /home/choij/workspace/CustomNanoGEN_CMSSW_13_0_13/src/Configuration/CustomNanoGEN/crab/crab_projects/crab_DY0j_LO_5f_LEGACY/inputs/f76cec0c-3602-42b4-8146-65a74391841cdefault.tgz
DEBUG 2025-04-02 08:29:35.149 UTC: 	 Checking directory /home/choij/workspace/CustomNanoGEN_CMSSW_13_0_13/bin
DEBUG 2025-04-02 08:29:35.149 UTC: 	 Adding directory /home/choij/workspace/CustomNanoGEN_CMSSW_13_0_13/bin to tarball
DEBUG 2025-04-02 08:29:35.151 UTC: 	 Checking directory /home/choij/workspace/CustomNanoGEN_CMSSW_13_0_13/python
DEBUG 2025-04-02 08:29:35.151 UTC: 	 Adding directory /home/choij/workspace/CustomNanoGEN_CMSSW_13_0_13/python to tarball
DEBUG 2025-04-02 08:29:35.153 UTC: 	 Checking directory /home/choij/workspace/CustomNanoGEN_CMSSW_13_0_13/cfipython
DEBUG 2025-04-02 08:29:35.153 UTC: 	 Adding directory /home/choij/workspace/CustomNanoGEN_CMSSW_13_0_13/cfipython to tarball
DEBUG 2025-04-02 08:29:35.154 UTC: 	 Checking directory /home/choij/workspace/CustomNanoGEN_CMSSW_13_0_13/lib
DEBUG 2025-04-02 08:29:35.154 UTC: 	 Adding directory /home/choij/workspace/CustomNanoGEN_CMSSW_13_0_13/lib to tarball
DEBUG 2025-04-02 08:29:35.155 UTC: 	 Checking directory /home/choij/workspace/CustomNanoGEN_CMSSW_13_0_13/biglib
DEBUG 2025-04-02 08:29:35.155 UTC: 	 Adding directory /home/choij/workspace/CustomNanoGEN_CMSSW_13_0_13/biglib to tarball
DEBUG 2025-04-02 08:29:35.155 UTC: 	 Checking directory /home/choij/workspace/CustomNanoGEN_CMSSW_13_0_13/module
DEBUG 2025-04-02 08:29:35.155 UTC: 	 Checking directory /home/choij/workspace/CustomNanoGEN_CMSSW_13_0_13/config/SCRAM/hooks
DEBUG 2025-04-02 08:29:35.155 UTC: 	 Adding directory /home/choij/workspace/CustomNanoGEN_CMSSW_13_0_13/config/SCRAM/hooks to tarball
DEBUG 2025-04-02 08:29:35.160 UTC: 	 Adding directory /home/choij/workspace/CustomNanoGEN_CMSSW_13_0_13/src/Configuration/CustomNanoGEN/python to tarball
DEBUG 2025-04-02 08:29:35.321 UTC: 	 Uploading archive /home/choij/workspace/CustomNanoGEN_CMSSW_13_0_13/src/Configuration/CustomNanoGEN/crab/crab_projects/crab_DY0j_LO_5f_LEGACY/inputs/f76cec0c-3602-42b4-8146-65a74391841cdefault.tgz (198 KB) to the CRAB cache. Using URI https://cmsweb.cern.ch/S3/crabcache_prod
DEBUG 2025-04-02 08:29:35.414 UTC: 	 Encoded data for curl request: subresource=upload&objecttype=sandbox&tarballname=76a070ea291f47162863adb1b757ceb5c03dc6647a67ad18d1fd0f272f4b23d2.tar.gz
DEBUG 2025-04-02 08:29:36.367 UTC: 	 Will execute:
curl -f -v -X POST  -H "User-Agent: CRAB" -F "key=choij/sandboxes/76a070ea291f47162863adb1b757ceb5c03dc6647a67ad18d1fd0f272f4b23d2.tar.gz" -F "AWSAccessKeyId=715203df6482458ba839e73e6dab634b" -F "policy=eyJleHBpcmF0aW9uIjogIjIwMjUtMDQtMDJUMDk6Mjk6MzZaIiwgImNvbmRpdGlvbnMiOiBbeyJidWNrZXQiOiAiY3JhYmNhY2hlX3Byb2QifSwgeyJrZXkiOiAiY2hvaWovc2FuZGJveGVzLzc2YTA3MGVhMjkxZjQ3MTYyODYzYWRiMWI3NTdjZWI1YzAzZGM2NjQ3YTY3YWQxOGQxZmQwZjI3MmY0YjIzZDIudGFyLmd6In1dfQ==" -F "signature=W55AnBC2JQatpRAJTxda4YxNnuk=" -F "file=@/home/choij/workspace/CustomNanoGEN_CMSSW_13_0_13/src/Configuration/CustomNanoGEN/crab/crab_projects/crab_DY0j_LO_5f_LEGACY/inputs/f76cec0c-3602-42b4-8146-65a74391841cdefault.tgz" "https://s3.cern.ch/crabcache_prod"
DEBUG 2025-04-02 08:29:38.007 UTC: 	 exitcode: 0
stdout: b''
DEBUG 2025-04-02 08:29:38.007 UTC: 	 upload to S3 of sandbox /home/choij/workspace/CustomNanoGEN_CMSSW_13_0_13/src/Configuration/CustomNanoGEN/crab/crab_projects/crab_DY0j_LO_5f_LEGACY/inputs/f76cec0c-3602-42b4-8146-65a74391841cdefault.tgz completed
DEBUG 2025-04-02 08:29:38.007 UTC: 	 make sure that object is ready for retrieve
DEBUG 2025-04-02 08:29:39.008 UTC: 	 Encoded data for curl request: subresource=download&objecttype=sandbox&tarballname=76a070ea291f47162863adb1b757ceb5c03dc6647a67ad18d1fd0f272f4b23d2.tar.gz&clientmethod=head_object
DEBUG 2025-04-02 08:29:39.840 UTC: 	 PreSignedUrl to download sandbox received OK
DEBUG 2025-04-02 08:29:39.843 UTC: 	 Will execute:
 curl -v -s -f -o /dev/null --head  "https://s3.cern.ch/crabcache_prod/choij/sandboxes/76a070ea291f47162863adb1b757ceb5c03dc6647a67ad18d1fd0f272f4b23d2.tar.gz?AWSAccessKeyId=715203df6482458ba839e73e6dab634b&Signature=BBniDMhW3Us5%2B0GzhPBQNnRgioE%3D&Expires=1743586179"
DEBUG 2025-04-02 08:29:40.658 UTC: 	 exitcode: 0
stdout: b''
DEBUG 2025-04-02 08:29:40.658 UTC: 	 sandbox /home/choij/workspace/CustomNanoGEN_CMSSW_13_0_13/src/Configuration/CustomNanoGEN/crab/crab_projects/crab_DY0j_LO_5f_LEGACY/inputs/f76cec0c-3602-42b4-8146-65a74391841cdefault.tgz successfully uploaded to S3
DEBUG 2025-04-02 08:29:40.658 UTC: 	 Loading required information from the environment
DEBUG 2025-04-02 08:29:40.658 UTC: 	 Found CMSSW_13_0_13 for el8_amd64_gcc11 with base /home/choij/workspace/CustomNanoGEN_CMSSW_13_0_13
DEBUG 2025-04-02 08:29:40.658 UTC: 	 Making tarball in /home/choij/workspace/CustomNanoGEN_CMSSW_13_0_13/src/Configuration/CustomNanoGEN/crab/crab_projects/crab_DY0j_LO_5f_LEGACY/inputs/debugFiles.tgz
DEBUG 2025-04-02 08:29:40.661 UTC: 	 Uploading archive /home/choij/workspace/CustomNanoGEN_CMSSW_13_0_13/src/Configuration/CustomNanoGEN/crab/crab_projects/crab_DY0j_LO_5f_LEGACY/inputs/debugFiles.tgz (3 KB) to the CRAB cache. Using URI https://cmsweb.cern.ch/S3/crabcache_prod
DEBUG 2025-04-02 08:29:40.663 UTC: 	 Encoded data for curl request: subresource=upload&objecttype=sandbox&tarballname=e30e04ba5d3d7f039e38ec67483bc4e1dc8f6901530ec94d03944c70904cd729.tar.gz
DEBUG 2025-04-02 08:29:41.490 UTC: 	 Will execute:
curl -f -v -X POST  -H "User-Agent: CRAB" -F "key=choij/sandboxes/e30e04ba5d3d7f039e38ec67483bc4e1dc8f6901530ec94d03944c70904cd729.tar.gz" -F "AWSAccessKeyId=715203df6482458ba839e73e6dab634b" -F "policy=eyJleHBpcmF0aW9uIjogIjIwMjUtMDQtMDJUMDk6Mjk6NDFaIiwgImNvbmRpdGlvbnMiOiBbeyJidWNrZXQiOiAiY3JhYmNhY2hlX3Byb2QifSwgeyJrZXkiOiAiY2hvaWovc2FuZGJveGVzL2UzMGUwNGJhNWQzZDdmMDM5ZTM4ZWM2NzQ4M2JjNGUxZGM4ZjY5MDE1MzBlYzk0ZDAzOTQ0YzcwOTA0Y2Q3MjkudGFyLmd6In1dfQ==" -F "signature=vTBnwp0NTkrJ1qLsoZeqr0HhdaM=" -F "file=@/home/choij/workspace/CustomNanoGEN_CMSSW_13_0_13/src/Configuration/CustomNanoGEN/crab/crab_projects/crab_DY0j_LO_5f_LEGACY/inputs/debugFiles.tgz" "https://s3.cern.ch/crabcache_prod"
DEBUG 2025-04-02 08:29:42.313 UTC: 	 exitcode: 0
stdout: b''
DEBUG 2025-04-02 08:29:42.313 UTC: 	 upload to S3 of sandbox /home/choij/workspace/CustomNanoGEN_CMSSW_13_0_13/src/Configuration/CustomNanoGEN/crab/crab_projects/crab_DY0j_LO_5f_LEGACY/inputs/debugFiles.tgz completed
DEBUG 2025-04-02 08:29:42.313 UTC: 	 make sure that object is ready for retrieve
DEBUG 2025-04-02 08:29:43.314 UTC: 	 Encoded data for curl request: subresource=download&objecttype=sandbox&tarballname=e30e04ba5d3d7f039e38ec67483bc4e1dc8f6901530ec94d03944c70904cd729.tar.gz&clientmethod=head_object
DEBUG 2025-04-02 08:31:57.066 UTC: 	 PreSignedUrl to download sandbox received OK
DEBUG 2025-04-02 08:31:57.070 UTC: 	 Will execute:
 curl -v -s -f -o /dev/null --head  "https://s3.cern.ch/crabcache_prod/choij/sandboxes/e30e04ba5d3d7f039e38ec67483bc4e1dc8f6901530ec94d03944c70904cd729.tar.gz?AWSAccessKeyId=715203df6482458ba839e73e6dab634b&Signature=QtSpbH0JFCWoPFEtDg7V2hfAwT0%3D&Expires=1743586316"
DEBUG 2025-04-02 08:31:57.879 UTC: 	 exitcode: 0
stdout: b''
DEBUG 2025-04-02 08:31:57.879 UTC: 	 sandbox /home/choij/workspace/CustomNanoGEN_CMSSW_13_0_13/src/Configuration/CustomNanoGEN/crab/crab_projects/crab_DY0j_LO_5f_LEGACY/inputs/debugFiles.tgz successfully uploaded to S3
DEBUG 2025-04-02 08:31:57.879 UTC: 	 Result uploading input files: 76a070ea291f47162863adb1b757ceb5c03dc6647a67ad18d1fd0f272f4b23d2.tar.gz 
DEBUG 2025-04-02 08:31:57.879 UTC: 	 submit() - self.configuration from WMCore.Configuration import Configuration
config = Configuration()
config.section_('General')
config.General.transferOutputs = True
config.General.transferLogs = False
config.General.requestName = 'DY0j_LO_5f_LEGACY'
config.General.workArea = 'crab_projects'
config.section_('JobType')
config.JobType.allowUndistributedCMSSW = False
config.JobType.psetName = '../configs/Hadronizer_TuneCP5_13p6TeV_DY0j_LO_5f_LEGACY_LHE_pythia8_cfg.py'
config.JobType.numCores = 1
config.JobType.pluginName = 'PrivateMC'
config.section_('Data')
config.Data.totalUnits = 200000
config.Data.outputDatasetTag = 'Run3Summer23wmLHEGS'
config.Data.splitting = 'EventBased'
config.Data.outLFNDirBase = '/store/user/choij/CustomNanoGEN'
config.Data.outputPrimaryDataset = 'Validation'
config.Data.unitsPerJob = 5000
config.Data.publication = False
config.section_('Site')
config.Site.storageSite = 'T3_KR_KNU'
config.section_('User')
config.section_('Debug')

DEBUG 2025-04-02 08:31:57.879 UTC: 	 submit() - self.configreq {'dryrun': 0, 'workflow': 'crab_DY0j_LO_5f_LEGACY', 'saveoutput': 1, 'savelogsflag': 0, 'primarydataset': 'Validation', 'nonvaliddata': 0, 'userfiles': [], 'dbsurl': 'https://cmsweb.cern.ch/dbs/prod/global/DBSReader', 'useparent': 0, 'ignorelocality': 0, 'splitalgo': 'EventBased', 'algoargs': 5000, 'totalunits': 200000, 'lfn': '/store/user/choij/CustomNanoGEN', 'publication': 0, 'publishdbsurl': 'https://cmsweb.cern.ch/dbs/prod/phys03/DBSWriter', 'publishname2': 'Run3Summer23wmLHEGS', 'jobtype': 'PrivateMC', 'generator': 'pythia', 'addoutputfiles': [], 'maxjobruntime': 1250, 'numcores': 1, 'maxmemory': 2000, 'priority': 10, 'nonprodsw': 0, 'asyncdest': 'T3_KR_KNU', 'requireaccelerator': 0, 'oneEventMode': 0, 'extrajdl': [], 'ignoreglobalblacklist': 0, 'partialdataset': 0, 'inputblocks': []}
DEBUG 2025-04-02 08:31:57.879 UTC: 	 submit() - jobconfig {'addoutputfiles': [], 'tfileoutfiles': [], 'edmoutfiles': ['NANOGEN.root'], 'jobarch': 'el8_amd64_gcc11', 'jobminuarch': 'any', 'jobsw': 'CMSSW_13_0_13', 'cacheurl': 'https://cmsweb.cern.ch/S3/crabcache_prod', 'cachefilename': '76a070ea291f47162863adb1b757ceb5c03dc6647a67ad18d1fd0f272f4b23d2.tar.gz', 'debugfilename': 'e30e04ba5d3d7f039e38ec67483bc4e1dc8f6901530ec94d03944c70904cd729.tar.gz', 'jobtype': 'PrivateMC', 'primarydataset': 'Validation'}
INFO 2025-04-02 08:31:57.879 UTC: 	 Sending the request to the server at cmsweb.cern.ch
DEBUG 2025-04-02 08:31:57.879 UTC: 	 Submitting {'dryrun': 0, 'workflow': 'crab_DY0j_LO_5f_LEGACY', 'saveoutput': 1, 'savelogsflag': 0, 'primarydataset': 'Validation', 'nonvaliddata': 0, 'userfiles': [], 'dbsurl': 'https://cmsweb.cern.ch/dbs/prod/global/DBSReader', 'useparent': 0, 'ignorelocality': 0, 'splitalgo': 'EventBased', 'algoargs': 5000, 'totalunits': 200000, 'lfn': '/store/user/choij/CustomNanoGEN', 'publication': 0, 'publishdbsurl': 'https://cmsweb.cern.ch/dbs/prod/phys03/DBSWriter', 'publishname2': 'Run3Summer23wmLHEGS', 'jobtype': 'PrivateMC', 'generator': 'pythia', 'addoutputfiles': [], 'maxjobruntime': 1250, 'numcores': 1, 'maxmemory': 2000, 'priority': 10, 'nonprodsw': 0, 'asyncdest': 'T3_KR_KNU', 'requireaccelerator': 0, 'oneEventMode': 0, 'extrajdl': [], 'ignoreglobalblacklist': 0, 'partialdataset': 0, 'inputblocks': [], 'tfileoutfiles': [], 'edmoutfiles': ['NANOGEN.root'], 'jobarch': 'el8_amd64_gcc11', 'jobminuarch': 'any', 'jobsw': 'CMSSW_13_0_13', 'cacheurl': 'https://cmsweb.cern.ch/S3/crabcache_prod', 'cachefilename': '76a070ea291f47162863adb1b757ceb5c03dc6647a67ad18d1fd0f272f4b23d2.tar.gz', 'debugfilename': 'e30e04ba5d3d7f039e38ec67483bc4e1dc8f6901530ec94d03944c70904cd729.tar.gz'} 
DEBUG 2025-04-02 08:31:57.879 UTC: 	 Encoded data for curl request: dryrun=0&workflow=crab_DY0j_LO_5f_LEGACY&saveoutput=1&savelogsflag=0&primarydataset=Validation&nonvaliddata=0&dbsurl=https%3A%2F%2Fcmsweb.cern.ch%2Fdbs%2Fprod%2Fglobal%2FDBSReader&useparent=0&ignorelocality=0&splitalgo=EventBased&algoargs=5000&totalunits=200000&lfn=%2Fstore%2Fuser%2Fchoij%2FCustomNanoGEN&publication=0&publishdbsurl=https%3A%2F%2Fcmsweb.cern.ch%2Fdbs%2Fprod%2Fphys03%2FDBSWriter&publishname2=Run3Summer23wmLHEGS&jobtype=PrivateMC&generator=pythia&maxjobruntime=1250&numcores=1&maxmemory=2000&priority=10&nonprodsw=0&asyncdest=T3_KR_KNU&requireaccelerator=0&oneEventMode=0&ignoreglobalblacklist=0&partialdataset=0&jobarch=el8_amd64_gcc11&jobminuarch=any&jobsw=CMSSW_13_0_13&cacheurl=https%3A%2F%2Fcmsweb.cern.ch%2FS3%2Fcrabcache_prod&cachefilename=76a070ea291f47162863adb1b757ceb5c03dc6647a67ad18d1fd0f272f4b23d2.tar.gz&debugfilename=e30e04ba5d3d7f039e38ec67483bc4e1dc8f6901530ec94d03944c70904cd729.tar.gz&edmoutfiles=NANOGEN.root
DEBUG 2025-04-02 08:31:58.734 UTC: 	 Result: {'result': [{'RequestName': '250402_083158:choij_crab_DY0j_LO_5f_LEGACY'}]}
INFO 2025-04-02 08:31:58.734 UTC: 	 Success: Your task has been delivered to the prod CRAB3 server.
INFO 2025-04-02 08:31:58.734 UTC: 	 Task name: 250402_083158:choij_crab_DY0j_LO_5f_LEGACY
INFO 2025-04-02 08:31:58.734 UTC: 	 Project dir: crab_projects/crab_DY0j_LO_5f_LEGACY
INFO 2025-04-02 08:31:58.734 UTC: 	 Please use ' crab status -d crab_projects/crab_DY0j_LO_5f_LEGACY ' to check how the submission process proceeds.
DEBUG 2025-04-02 08:31:58.734 UTC: 	 About to return
INFO 2025-04-02 08:31:58.736 UTC: 	 Log file is /home/choij/workspace/CustomNanoGEN_CMSSW_13_0_13/src/Configuration/CustomNanoGEN/crab/crab_projects/crab_DY0j_LO_5f_LEGACY/crab.log
