DEBUG 2025-04-02 08:27:06.339 UTC: 	 CRAB Client version: v3.250318
DEBUG 2025-04-02 08:27:06.339 UTC: 	 Running on: Linux private-snu 6.13.8-200.fc41.x86_64 #1 SMP PREEMPT_DYNAMIC Sun Mar 23 05:03:09 UTC 2025 x86_64 x86_64 x86_64 GNU/Linux
DEBUG 2025-04-02 08:27:06.339 UTC: 	 Using SINGULARITY image: private-el8.sif
DEBUG 2025-04-02 08:27:06.339 UTC: 	 Operating System: AlmaLinux 8.10 (Cerulean Leopard)
DEBUG 2025-04-02 08:27:06.339 UTC: 	 Executing command: 'submit'
DEBUG 2025-04-02 08:27:06.339 UTC: 	 Found CRAB cache file /home/choij/.crab3
INFO 2025-04-02 08:27:06.340 UTC: 	 Will use CRAB configuration file crab_config_DY1j_LO_5f_CPPAVX2.py
DEBUG 2025-04-02 08:27:06.340 UTC: 	 Loading CRAB configuration file.
DEBUG 2025-04-02 08:27:09.369 UTC: 	 Will use CRAB plugin PRIVATEMC (i.e. will run an a MC generation job type).
DEBUG 2025-04-02 08:27:09.370 UTC: 	 Checking credentials
DEBUG 2025-04-02 08:27:09.370 UTC: 	 Found proxy file /tmp/x509up_u1000
DEBUG 2025-04-02 08:27:09.370 UTC: 	 Making sure it has proper VOMS extension
DEBUG 2025-04-02 08:27:09.370 UTC: 	 Executing command :
 voms-proxy-info --vo --file /tmp/x509up_u1000
DEBUG 2025-04-02 08:27:09.698 UTC: 	 output : cms

 error: 
 retcode : 0
DEBUG 2025-04-02 08:27:09.698 UTC: 	 Getting proxy life time left
DEBUG 2025-04-02 08:27:09.698 UTC: 	 Executing command :
 voms-proxy-info --actimeleft --timeleft --file /tmp/x509up_u1000
DEBUG 2025-04-02 08:27:10.036 UTC: 	 output : 594239
594239

 error: 
 retcode : 0
DEBUG 2025-04-02 08:27:10.037 UTC: 	 Proxy valid for 165:03:59 hours
DEBUG 2025-04-02 08:27:10.037 UTC: 	 Encoded data for curl request: subresource=delegatedn
DEBUG 2025-04-02 08:27:10.865 UTC: 	 Registering user credentials on myproxy for /DC=ch/DC=cern/OU=computers/CN=crab-(preprod|prod)-tw(01|02).cern.ch|/DC=ch/DC=cern/OU=computers/CN=crab-dev-tw(01|02|03|04).cern.ch|/DC=ch/DC=cern/OU=Organic Units/OU=Users/CN=cmscrab/CN=(817881|373708)/CN=Robot: cms crab|/DC=ch/DC=cern/OU=Organic Units/OU=Users/CN=crabint1/CN=373708/CN=Robot: CMS CRAB Integration 1
DEBUG 2025-04-02 08:27:10.865 UTC: 	 Executing command :
 voms-proxy-info --identity --file /tmp/x509up_u1000
DEBUG 2025-04-02 08:27:11.194 UTC: 	 output : /DC=ch/DC=cern/OU=Organic Units/OU=Users/CN=choij/CN=841389/CN=Jin Choi

 error: 
 retcode : 0
DEBUG 2025-04-02 08:27:11.194 UTC: 	 Getting myproxy life time left for 62145c27448958522230f1583fedca774537a25d
DEBUG 2025-04-02 08:27:11.194 UTC: 	 Executing command :
 myproxy-info -s myproxy.cern.ch -l 62145c27448958522230f1583fedca774537a25d
DEBUG 2025-04-02 08:27:16.033 UTC: 	 output : username: 62145c27448958522230f1583fedca774537a25d
owner: /DC=ch/DC=cern/OU=Organic Units/OU=Users/CN=choij/CN=841389/CN=Jin Choi
  renewal policy: /DC=ch/DC=cern/OU=computers/CN=crab-(preprod|prod)-tw(01|02).cern.ch|/DC=ch/DC=cern/OU=computers/CN=crab-dev-tw(01|02|03|04).cern.ch|/DC=ch/DC=cern/OU=Organic Units/OU=Users/CN=cmscrab/CN=(817881|373708)/CN=Robot: cms crab|/DC=ch/DC=cern/OU=Organic Units/OU=Users/CN=crabint1/CN=373708/CN=Robot: CMS CRAB Integration 1
  trusted retrieval policy: /DC=ch/DC=cern/OU=computers/CN=crab-(preprod|prod)-tw(01|02).cern.ch|/DC=ch/DC=cern/OU=computers/CN=crab-dev-tw(01|02|03|04).cern.ch|/DC=ch/DC=cern/OU=Organic Units/OU=Users/CN=cmscrab/CN=(817881|373708)/CN=Robot: cms crab|/DC=ch/DC=cern/OU=Organic Units/OU=Users/CN=crabint1/CN=373708/CN=Robot: CMS CRAB Integration 1
  timeleft: 524:48:48  (21.9 days)

 error: 
 retcode : 0
DEBUG 2025-04-02 08:27:16.033 UTC: 	 Myproxy is valid: 1889280
DEBUG 2025-04-02 08:27:16.033 UTC: 	 Result of myproxy credential check:
  Credential exists on myproxy: username: 62145c27448958522230f1583fedca774537a25d  - validity: 21 days, 20:48:00
DEBUG 2025-04-02 08:27:16.033 UTC: 	 Command use: submit
DEBUG 2025-04-02 08:27:16.034 UTC: 	 Options use: ['-c', 'crab_config_DY1j_LO_5f_CPPAVX2.py']
DEBUG 2025-04-02 08:27:16.034 UTC: 	 Encoded data for curl request: subresource=version
DEBUG 2025-04-02 08:27:16.861 UTC: 	 CRABClient version: v3.250318
DEBUG 2025-04-02 08:27:16.861 UTC: 	 Instance is prod
DEBUG 2025-04-02 08:27:16.861 UTC: 	 Server base url is cmsweb.cern.ch
DEBUG 2025-04-02 08:27:16.861 UTC: 	 Command api workflow
DEBUG 2025-04-02 08:27:16.861 UTC: 	 Started submission
DEBUG 2025-04-02 08:27:16.861 UTC: 	 Working on /home/choij/workspace/CustomNanoGEN_CMSSW_13_0_13/src/Configuration/CustomNanoGEN/crab/crab_projects/crab_DY1j_LO_5f_CPPAVX2
DEBUG 2025-04-02 08:27:16.862 UTC: 	 Encoded data for curl request: subresource=backendurls
DEBUG 2025-04-02 08:27:17.705 UTC: 	 Loading required information from the environment
DEBUG 2025-04-02 08:27:17.705 UTC: 	 Found CMSSW_13_0_13 for el8_amd64_gcc11 with base /home/choij/workspace/CustomNanoGEN_CMSSW_13_0_13
DEBUG 2025-04-02 08:27:17.705 UTC: 	 UNIQUE NAME: tarUUID 3e598357-bbac-49ef-83ee-99ba4403adb7 
DEBUG 2025-04-02 08:27:17.705 UTC: 	 self.config: from WMCore.Configuration import Configuration
config = Configuration()
config.section_('General')
config.General.transferOutputs = True
config.General.requestName = 'DY1j_LO_5f_CPPAVX2'
config.General.transferLogs = False
config.General.workArea = 'crab_projects'
config.section_('JobType')
config.JobType.psetName = '../configs/Hadronizer_TuneCP5_13p6TeV_DY1j_LO_5f_CPPAVX2_LHE_pythia8_cfg.py'
config.JobType.numCores = 1
config.JobType.pluginName = 'PrivateMC'
config.JobType.allowUndistributedCMSSW = False
config.section_('Data')
config.Data.outputDatasetTag = 'Run3Summer23wmLHEGS'
config.Data.splitting = 'EventBased'
config.Data.outLFNDirBase = '/store/user/choij/CustomNanoGEN'
config.Data.unitsPerJob = 5000
config.Data.publication = False
config.Data.totalUnits = 200000
config.Data.outputPrimaryDataset = 'Validation'
config.section_('Site')
config.Site.storageSite = 'T3_KR_KNU'
config.section_('User')
config.section_('Debug')

DEBUG 2025-04-02 08:27:17.705 UTC: 	 self.config.JobType.psetName: ../configs/Hadronizer_TuneCP5_13p6TeV_DY1j_LO_5f_CPPAVX2_LHE_pythia8_cfg.py
INFO 2025-04-02 08:27:17.706 UTC: 	 Importing CMSSW configuration ../configs/Hadronizer_TuneCP5_13p6TeV_DY1j_LO_5f_CPPAVX2_LHE_pythia8_cfg.py
INFO 2025-04-02 08:27:18.395 UTC: 	 Finished importing CMSSW configuration ../configs/Hadronizer_TuneCP5_13p6TeV_DY1j_LO_5f_CPPAVX2_LHE_pythia8_cfg.py
DEBUG 2025-04-02 08:27:18.395 UTC: 	 Writing CMSSW configuration to /home/choij/workspace/CustomNanoGEN_CMSSW_13_0_13/src/Configuration/CustomNanoGEN/crab/crab_projects/crab_DY1j_LO_5f_CPPAVX2/inputs/PSet.py
DEBUG 2025-04-02 08:27:18.499 UTC: 	 The following EDM output files will be collected: ['NANOGEN.root']
DEBUG 2025-04-02 08:27:18.499 UTC: 	 The following TFile output files will be collected: []
DEBUG 2025-04-02 08:27:18.499 UTC: 	 The following user output files (not listed as PoolOuputModule or TFileService in the CMSSW PSet) will be collected: 
DEBUG 2025-04-02 08:27:18.499 UTC: 	 Loading required information from the environment
DEBUG 2025-04-02 08:27:18.499 UTC: 	 Found CMSSW_13_0_13 for el8_amd64_gcc11 with base /home/choij/workspace/CustomNanoGEN_CMSSW_13_0_13
DEBUG 2025-04-02 08:27:18.499 UTC: 	 Making tarball in /home/choij/workspace/CustomNanoGEN_CMSSW_13_0_13/src/Configuration/CustomNanoGEN/crab/crab_projects/crab_DY1j_LO_5f_CPPAVX2/inputs/3e598357-bbac-49ef-83ee-99ba4403adb7default.tgz
DEBUG 2025-04-02 08:27:18.499 UTC: 	 Checking directory /home/choij/workspace/CustomNanoGEN_CMSSW_13_0_13/bin
DEBUG 2025-04-02 08:27:18.499 UTC: 	 Adding directory /home/choij/workspace/CustomNanoGEN_CMSSW_13_0_13/bin to tarball
DEBUG 2025-04-02 08:27:18.501 UTC: 	 Checking directory /home/choij/workspace/CustomNanoGEN_CMSSW_13_0_13/python
DEBUG 2025-04-02 08:27:18.501 UTC: 	 Adding directory /home/choij/workspace/CustomNanoGEN_CMSSW_13_0_13/python to tarball
DEBUG 2025-04-02 08:27:18.504 UTC: 	 Checking directory /home/choij/workspace/CustomNanoGEN_CMSSW_13_0_13/cfipython
DEBUG 2025-04-02 08:27:18.504 UTC: 	 Adding directory /home/choij/workspace/CustomNanoGEN_CMSSW_13_0_13/cfipython to tarball
DEBUG 2025-04-02 08:27:18.504 UTC: 	 Checking directory /home/choij/workspace/CustomNanoGEN_CMSSW_13_0_13/lib
DEBUG 2025-04-02 08:27:18.504 UTC: 	 Adding directory /home/choij/workspace/CustomNanoGEN_CMSSW_13_0_13/lib to tarball
DEBUG 2025-04-02 08:27:18.505 UTC: 	 Checking directory /home/choij/workspace/CustomNanoGEN_CMSSW_13_0_13/biglib
DEBUG 2025-04-02 08:27:18.505 UTC: 	 Adding directory /home/choij/workspace/CustomNanoGEN_CMSSW_13_0_13/biglib to tarball
DEBUG 2025-04-02 08:27:18.505 UTC: 	 Checking directory /home/choij/workspace/CustomNanoGEN_CMSSW_13_0_13/module
DEBUG 2025-04-02 08:27:18.505 UTC: 	 Checking directory /home/choij/workspace/CustomNanoGEN_CMSSW_13_0_13/config/SCRAM/hooks
DEBUG 2025-04-02 08:27:18.505 UTC: 	 Adding directory /home/choij/workspace/CustomNanoGEN_CMSSW_13_0_13/config/SCRAM/hooks to tarball
DEBUG 2025-04-02 08:27:18.510 UTC: 	 Adding directory /home/choij/workspace/CustomNanoGEN_CMSSW_13_0_13/src/Configuration/CustomNanoGEN/python to tarball
DEBUG 2025-04-02 08:27:18.665 UTC: 	 Uploading archive /home/choij/workspace/CustomNanoGEN_CMSSW_13_0_13/src/Configuration/CustomNanoGEN/crab/crab_projects/crab_DY1j_LO_5f_CPPAVX2/inputs/3e598357-bbac-49ef-83ee-99ba4403adb7default.tgz (198 KB) to the CRAB cache. Using URI https://cmsweb.cern.ch/S3/crabcache_prod
DEBUG 2025-04-02 08:27:18.767 UTC: 	 Encoded data for curl request: subresource=upload&objecttype=sandbox&tarballname=a8572987d7aa2c6848c6c841217ef3915e6b10f7285010029d942fb81ab20ab8.tar.gz
DEBUG 2025-04-02 08:27:19.649 UTC: 	 Will execute:
curl -f -v -X POST  -H "User-Agent: CRAB" -F "key=choij/sandboxes/a8572987d7aa2c6848c6c841217ef3915e6b10f7285010029d942fb81ab20ab8.tar.gz" -F "AWSAccessKeyId=715203df6482458ba839e73e6dab634b" -F "policy=eyJleHBpcmF0aW9uIjogIjIwMjUtMDQtMDJUMDk6Mjc6MTlaIiwgImNvbmRpdGlvbnMiOiBbeyJidWNrZXQiOiAiY3JhYmNhY2hlX3Byb2QifSwgeyJrZXkiOiAiY2hvaWovc2FuZGJveGVzL2E4NTcyOTg3ZDdhYTJjNjg0OGM2Yzg0MTIxN2VmMzkxNWU2YjEwZjcyODUwMTAwMjlkOTQyZmI4MWFiMjBhYjgudGFyLmd6In1dfQ==" -F "signature=7zY2GDFYoQH6gz8OgNkqb9Strqc=" -F "file=@/home/choij/workspace/CustomNanoGEN_CMSSW_13_0_13/src/Configuration/CustomNanoGEN/crab/crab_projects/crab_DY1j_LO_5f_CPPAVX2/inputs/3e598357-bbac-49ef-83ee-99ba4403adb7default.tgz" "https://s3.cern.ch/crabcache_prod"
DEBUG 2025-04-02 08:27:21.570 UTC: 	 exitcode: 0
stdout: b''
DEBUG 2025-04-02 08:27:21.570 UTC: 	 upload to S3 of sandbox /home/choij/workspace/CustomNanoGEN_CMSSW_13_0_13/src/Configuration/CustomNanoGEN/crab/crab_projects/crab_DY1j_LO_5f_CPPAVX2/inputs/3e598357-bbac-49ef-83ee-99ba4403adb7default.tgz completed
DEBUG 2025-04-02 08:27:21.570 UTC: 	 make sure that object is ready for retrieve
DEBUG 2025-04-02 08:27:22.571 UTC: 	 Encoded data for curl request: subresource=download&objecttype=sandbox&tarballname=a8572987d7aa2c6848c6c841217ef3915e6b10f7285010029d942fb81ab20ab8.tar.gz&clientmethod=head_object
DEBUG 2025-04-02 08:27:23.402 UTC: 	 PreSignedUrl to download sandbox received OK
DEBUG 2025-04-02 08:27:23.406 UTC: 	 Will execute:
 curl -v -s -f -o /dev/null --head  "https://s3.cern.ch/crabcache_prod/choij/sandboxes/a8572987d7aa2c6848c6c841217ef3915e6b10f7285010029d942fb81ab20ab8.tar.gz?AWSAccessKeyId=715203df6482458ba839e73e6dab634b&Signature=Wg3enm7uA1ZMQSzrqJfQPQK5Qx0%3D&Expires=1743586043"
DEBUG 2025-04-02 08:27:24.253 UTC: 	 exitcode: 0
stdout: b''
DEBUG 2025-04-02 08:27:24.253 UTC: 	 sandbox /home/choij/workspace/CustomNanoGEN_CMSSW_13_0_13/src/Configuration/CustomNanoGEN/crab/crab_projects/crab_DY1j_LO_5f_CPPAVX2/inputs/3e598357-bbac-49ef-83ee-99ba4403adb7default.tgz successfully uploaded to S3
DEBUG 2025-04-02 08:27:24.253 UTC: 	 Loading required information from the environment
DEBUG 2025-04-02 08:27:24.253 UTC: 	 Found CMSSW_13_0_13 for el8_amd64_gcc11 with base /home/choij/workspace/CustomNanoGEN_CMSSW_13_0_13
DEBUG 2025-04-02 08:27:24.253 UTC: 	 Making tarball in /home/choij/workspace/CustomNanoGEN_CMSSW_13_0_13/src/Configuration/CustomNanoGEN/crab/crab_projects/crab_DY1j_LO_5f_CPPAVX2/inputs/debugFiles.tgz
DEBUG 2025-04-02 08:27:24.256 UTC: 	 Uploading archive /home/choij/workspace/CustomNanoGEN_CMSSW_13_0_13/src/Configuration/CustomNanoGEN/crab/crab_projects/crab_DY1j_LO_5f_CPPAVX2/inputs/debugFiles.tgz (3 KB) to the CRAB cache. Using URI https://cmsweb.cern.ch/S3/crabcache_prod
DEBUG 2025-04-02 08:27:24.258 UTC: 	 Encoded data for curl request: subresource=upload&objecttype=sandbox&tarballname=41f877ab494fe657f4c08600efcc461507e14fe4e3fb369686723dd580af63e9.tar.gz
DEBUG 2025-04-02 08:29:37.638 UTC: 	 Will execute:
curl -f -v -X POST  -H "User-Agent: CRAB" -F "key=choij/sandboxes/41f877ab494fe657f4c08600efcc461507e14fe4e3fb369686723dd580af63e9.tar.gz" -F "AWSAccessKeyId=715203df6482458ba839e73e6dab634b" -F "policy=eyJleHBpcmF0aW9uIjogIjIwMjUtMDQtMDJUMDk6Mjk6MzdaIiwgImNvbmRpdGlvbnMiOiBbeyJidWNrZXQiOiAiY3JhYmNhY2hlX3Byb2QifSwgeyJrZXkiOiAiY2hvaWovc2FuZGJveGVzLzQxZjg3N2FiNDk0ZmU2NTdmNGMwODYwMGVmY2M0NjE1MDdlMTRmZTRlM2ZiMzY5Njg2NzIzZGQ1ODBhZjYzZTkudGFyLmd6In1dfQ==" -F "signature=ILJ1iq9mc3zFYGlnwEduxdYvQYc=" -F "file=@/home/choij/workspace/CustomNanoGEN_CMSSW_13_0_13/src/Configuration/CustomNanoGEN/crab/crab_projects/crab_DY1j_LO_5f_CPPAVX2/inputs/debugFiles.tgz" "https://s3.cern.ch/crabcache_prod"
DEBUG 2025-04-02 08:29:38.472 UTC: 	 exitcode: 0
stdout: b''
DEBUG 2025-04-02 08:29:38.472 UTC: 	 upload to S3 of sandbox /home/choij/workspace/CustomNanoGEN_CMSSW_13_0_13/src/Configuration/CustomNanoGEN/crab/crab_projects/crab_DY1j_LO_5f_CPPAVX2/inputs/debugFiles.tgz completed
DEBUG 2025-04-02 08:29:38.472 UTC: 	 make sure that object is ready for retrieve
DEBUG 2025-04-02 08:29:39.473 UTC: 	 Encoded data for curl request: subresource=download&objecttype=sandbox&tarballname=41f877ab494fe657f4c08600efcc461507e14fe4e3fb369686723dd580af63e9.tar.gz&clientmethod=head_object
DEBUG 2025-04-02 08:29:40.291 UTC: 	 PreSignedUrl to download sandbox received OK
DEBUG 2025-04-02 08:29:40.294 UTC: 	 Will execute:
 curl -v -s -f -o /dev/null --head  "https://s3.cern.ch/crabcache_prod/choij/sandboxes/41f877ab494fe657f4c08600efcc461507e14fe4e3fb369686723dd580af63e9.tar.gz?AWSAccessKeyId=715203df6482458ba839e73e6dab634b&Signature=980XxlFx7TS9l%2F1yni2dVL52WlA%3D&Expires=1743586180"
DEBUG 2025-04-02 08:29:41.111 UTC: 	 exitcode: 0
stdout: b''
DEBUG 2025-04-02 08:29:41.111 UTC: 	 sandbox /home/choij/workspace/CustomNanoGEN_CMSSW_13_0_13/src/Configuration/CustomNanoGEN/crab/crab_projects/crab_DY1j_LO_5f_CPPAVX2/inputs/debugFiles.tgz successfully uploaded to S3
DEBUG 2025-04-02 08:29:41.111 UTC: 	 Result uploading input files: a8572987d7aa2c6848c6c841217ef3915e6b10f7285010029d942fb81ab20ab8.tar.gz 
DEBUG 2025-04-02 08:29:41.112 UTC: 	 submit() - self.configuration from WMCore.Configuration import Configuration
config = Configuration()
config.section_('General')
config.General.transferOutputs = True
config.General.requestName = 'DY1j_LO_5f_CPPAVX2'
config.General.transferLogs = False
config.General.workArea = 'crab_projects'
config.section_('JobType')
config.JobType.psetName = '../configs/Hadronizer_TuneCP5_13p6TeV_DY1j_LO_5f_CPPAVX2_LHE_pythia8_cfg.py'
config.JobType.numCores = 1
config.JobType.pluginName = 'PrivateMC'
config.JobType.allowUndistributedCMSSW = False
config.section_('Data')
config.Data.outputDatasetTag = 'Run3Summer23wmLHEGS'
config.Data.splitting = 'EventBased'
config.Data.outLFNDirBase = '/store/user/choij/CustomNanoGEN'
config.Data.unitsPerJob = 5000
config.Data.publication = False
config.Data.totalUnits = 200000
config.Data.outputPrimaryDataset = 'Validation'
config.section_('Site')
config.Site.storageSite = 'T3_KR_KNU'
config.section_('User')
config.section_('Debug')

DEBUG 2025-04-02 08:29:41.112 UTC: 	 submit() - self.configreq {'dryrun': 0, 'workflow': 'crab_DY1j_LO_5f_CPPAVX2', 'saveoutput': 1, 'savelogsflag': 0, 'primarydataset': 'Validation', 'nonvaliddata': 0, 'userfiles': [], 'dbsurl': 'https://cmsweb.cern.ch/dbs/prod/global/DBSReader', 'useparent': 0, 'ignorelocality': 0, 'splitalgo': 'EventBased', 'algoargs': 5000, 'totalunits': 200000, 'lfn': '/store/user/choij/CustomNanoGEN', 'publication': 0, 'publishdbsurl': 'https://cmsweb.cern.ch/dbs/prod/phys03/DBSWriter', 'publishname2': 'Run3Summer23wmLHEGS', 'jobtype': 'PrivateMC', 'generator': 'pythia', 'addoutputfiles': [], 'maxjobruntime': 1250, 'numcores': 1, 'maxmemory': 2000, 'priority': 10, 'nonprodsw': 0, 'asyncdest': 'T3_KR_KNU', 'requireaccelerator': 0, 'oneEventMode': 0, 'extrajdl': [], 'ignoreglobalblacklist': 0, 'partialdataset': 0, 'inputblocks': []}
DEBUG 2025-04-02 08:29:41.112 UTC: 	 submit() - jobconfig {'addoutputfiles': [], 'tfileoutfiles': [], 'edmoutfiles': ['NANOGEN.root'], 'jobarch': 'el8_amd64_gcc11', 'jobminuarch': 'any', 'jobsw': 'CMSSW_13_0_13', 'cacheurl': 'https://cmsweb.cern.ch/S3/crabcache_prod', 'cachefilename': 'a8572987d7aa2c6848c6c841217ef3915e6b10f7285010029d942fb81ab20ab8.tar.gz', 'debugfilename': '41f877ab494fe657f4c08600efcc461507e14fe4e3fb369686723dd580af63e9.tar.gz', 'jobtype': 'PrivateMC', 'primarydataset': 'Validation'}
INFO 2025-04-02 08:29:41.112 UTC: 	 Sending the request to the server at cmsweb.cern.ch
DEBUG 2025-04-02 08:29:41.112 UTC: 	 Submitting {'dryrun': 0, 'workflow': 'crab_DY1j_LO_5f_CPPAVX2', 'saveoutput': 1, 'savelogsflag': 0, 'primarydataset': 'Validation', 'nonvaliddata': 0, 'userfiles': [], 'dbsurl': 'https://cmsweb.cern.ch/dbs/prod/global/DBSReader', 'useparent': 0, 'ignorelocality': 0, 'splitalgo': 'EventBased', 'algoargs': 5000, 'totalunits': 200000, 'lfn': '/store/user/choij/CustomNanoGEN', 'publication': 0, 'publishdbsurl': 'https://cmsweb.cern.ch/dbs/prod/phys03/DBSWriter', 'publishname2': 'Run3Summer23wmLHEGS', 'jobtype': 'PrivateMC', 'generator': 'pythia', 'addoutputfiles': [], 'maxjobruntime': 1250, 'numcores': 1, 'maxmemory': 2000, 'priority': 10, 'nonprodsw': 0, 'asyncdest': 'T3_KR_KNU', 'requireaccelerator': 0, 'oneEventMode': 0, 'extrajdl': [], 'ignoreglobalblacklist': 0, 'partialdataset': 0, 'inputblocks': [], 'tfileoutfiles': [], 'edmoutfiles': ['NANOGEN.root'], 'jobarch': 'el8_amd64_gcc11', 'jobminuarch': 'any', 'jobsw': 'CMSSW_13_0_13', 'cacheurl': 'https://cmsweb.cern.ch/S3/crabcache_prod', 'cachefilename': 'a8572987d7aa2c6848c6c841217ef3915e6b10f7285010029d942fb81ab20ab8.tar.gz', 'debugfilename': '41f877ab494fe657f4c08600efcc461507e14fe4e3fb369686723dd580af63e9.tar.gz'} 
DEBUG 2025-04-02 08:29:41.112 UTC: 	 Encoded data for curl request: dryrun=0&workflow=crab_DY1j_LO_5f_CPPAVX2&saveoutput=1&savelogsflag=0&primarydataset=Validation&nonvaliddata=0&dbsurl=https%3A%2F%2Fcmsweb.cern.ch%2Fdbs%2Fprod%2Fglobal%2FDBSReader&useparent=0&ignorelocality=0&splitalgo=EventBased&algoargs=5000&totalunits=200000&lfn=%2Fstore%2Fuser%2Fchoij%2FCustomNanoGEN&publication=0&publishdbsurl=https%3A%2F%2Fcmsweb.cern.ch%2Fdbs%2Fprod%2Fphys03%2FDBSWriter&publishname2=Run3Summer23wmLHEGS&jobtype=PrivateMC&generator=pythia&maxjobruntime=1250&numcores=1&maxmemory=2000&priority=10&nonprodsw=0&asyncdest=T3_KR_KNU&requireaccelerator=0&oneEventMode=0&ignoreglobalblacklist=0&partialdataset=0&jobarch=el8_amd64_gcc11&jobminuarch=any&jobsw=CMSSW_13_0_13&cacheurl=https%3A%2F%2Fcmsweb.cern.ch%2FS3%2Fcrabcache_prod&cachefilename=a8572987d7aa2c6848c6c841217ef3915e6b10f7285010029d942fb81ab20ab8.tar.gz&debugfilename=41f877ab494fe657f4c08600efcc461507e14fe4e3fb369686723dd580af63e9.tar.gz&edmoutfiles=NANOGEN.root
DEBUG 2025-04-02 08:29:42.066 UTC: 	 Result: {'result': [{'RequestName': '250402_082941:choij_crab_DY1j_LO_5f_CPPAVX2'}]}
INFO 2025-04-02 08:29:42.067 UTC: 	 Success: Your task has been delivered to the prod CRAB3 server.
INFO 2025-04-02 08:29:42.067 UTC: 	 Task name: 250402_082941:choij_crab_DY1j_LO_5f_CPPAVX2
INFO 2025-04-02 08:29:42.067 UTC: 	 Project dir: crab_projects/crab_DY1j_LO_5f_CPPAVX2
INFO 2025-04-02 08:29:42.067 UTC: 	 Please use ' crab status -d crab_projects/crab_DY1j_LO_5f_CPPAVX2 ' to check how the submission process proceeds.
DEBUG 2025-04-02 08:29:42.067 UTC: 	 About to return
INFO 2025-04-02 08:29:42.068 UTC: 	 Log file is /home/choij/workspace/CustomNanoGEN_CMSSW_13_0_13/src/Configuration/CustomNanoGEN/crab/crab_projects/crab_DY1j_LO_5f_CPPAVX2/crab.log
