DEBUG 2025-04-02 11:50:49.055 UTC: 	 CRAB Client version: v3.250318
DEBUG 2025-04-02 11:50:49.055 UTC: 	 Running on: Linux private-snu 6.13.8-200.fc41.x86_64 #1 SMP PREEMPT_DYNAMIC Sun Mar 23 05:03:09 UTC 2025 x86_64 x86_64 x86_64 GNU/Linux
DEBUG 2025-04-02 11:50:49.056 UTC: 	 Using SINGULARITY image: private-el9.sif
DEBUG 2025-04-02 11:50:49.056 UTC: 	 Operating System: AlmaLinux 9.5 (Teal Serval)
DEBUG 2025-04-02 11:50:49.056 UTC: 	 Executing command: 'submit'
DEBUG 2025-04-02 11:50:49.056 UTC: 	 Found CRAB cache file /home/choij/.crab3
INFO 2025-04-02 11:50:49.056 UTC: 	 Will use CRAB configuration file crab_config_DY2j_LO_5f_CPPAVX2.py
DEBUG 2025-04-02 11:50:49.056 UTC: 	 Loading CRAB configuration file.
DEBUG 2025-04-02 11:50:55.192 UTC: 	 Will use CRAB plugin PRIVATEMC (i.e. will run an a MC generation job type).
DEBUG 2025-04-02 11:50:55.193 UTC: 	 Checking credentials
DEBUG 2025-04-02 11:50:55.193 UTC: 	 Found proxy file /tmp/x509up_u1000
DEBUG 2025-04-02 11:50:55.193 UTC: 	 Making sure it has proper VOMS extension
DEBUG 2025-04-02 11:50:55.193 UTC: 	 Executing command :
 voms-proxy-info --vo --file /tmp/x509up_u1000
DEBUG 2025-04-02 11:50:55.513 UTC: 	 output : cms

 error: 
 retcode : 0
DEBUG 2025-04-02 11:50:55.513 UTC: 	 Getting proxy life time left
DEBUG 2025-04-02 11:50:55.513 UTC: 	 Executing command :
 voms-proxy-info --actimeleft --timeleft --file /tmp/x509up_u1000
DEBUG 2025-04-02 11:50:55.838 UTC: 	 output : 582014
582014

 error: 
 retcode : 0
DEBUG 2025-04-02 11:50:55.838 UTC: 	 Proxy valid for 161:40:14 hours
DEBUG 2025-04-02 11:50:55.838 UTC: 	 Encoded data for curl request: subresource=delegatedn
DEBUG 2025-04-02 11:50:56.659 UTC: 	 Registering user credentials on myproxy for /DC=ch/DC=cern/OU=computers/CN=crab-(preprod|prod)-tw(01|02).cern.ch|/DC=ch/DC=cern/OU=computers/CN=crab-dev-tw(01|02|03|04).cern.ch|/DC=ch/DC=cern/OU=Organic Units/OU=Users/CN=cmscrab/CN=(817881|373708)/CN=Robot: cms crab|/DC=ch/DC=cern/OU=Organic Units/OU=Users/CN=crabint1/CN=373708/CN=Robot: CMS CRAB Integration 1
DEBUG 2025-04-02 11:50:56.659 UTC: 	 Executing command :
 voms-proxy-info --identity --file /tmp/x509up_u1000
DEBUG 2025-04-02 11:50:56.990 UTC: 	 output : /DC=ch/DC=cern/OU=Organic Units/OU=Users/CN=choij/CN=841389/CN=Jin Choi

 error: 
 retcode : 0
DEBUG 2025-04-02 11:50:56.990 UTC: 	 Getting myproxy life time left for 62145c27448958522230f1583fedca774537a25d
DEBUG 2025-04-02 11:50:56.990 UTC: 	 Executing command :
 myproxy-info -s myproxy.cern.ch -l 62145c27448958522230f1583fedca774537a25d
DEBUG 2025-04-02 11:51:02.358 UTC: 	 output : username: 62145c27448958522230f1583fedca774537a25d
owner: /DC=ch/DC=cern/OU=Organic Units/OU=Users/CN=choij/CN=841389/CN=Jin Choi
  renewal policy: /DC=ch/DC=cern/OU=computers/CN=crab-(preprod|prod)-tw(01|02).cern.ch|/DC=ch/DC=cern/OU=computers/CN=crab-dev-tw(01|02|03|04).cern.ch|/DC=ch/DC=cern/OU=Organic Units/OU=Users/CN=cmscrab/CN=(817881|373708)/CN=Robot: cms crab|/DC=ch/DC=cern/OU=Organic Units/OU=Users/CN=crabint1/CN=373708/CN=Robot: CMS CRAB Integration 1
  trusted retrieval policy: /DC=ch/DC=cern/OU=computers/CN=crab-(preprod|prod)-tw(01|02).cern.ch|/DC=ch/DC=cern/OU=computers/CN=crab-dev-tw(01|02|03|04).cern.ch|/DC=ch/DC=cern/OU=Organic Units/OU=Users/CN=cmscrab/CN=(817881|373708)/CN=Robot: cms crab|/DC=ch/DC=cern/OU=Organic Units/OU=Users/CN=crabint1/CN=373708/CN=Robot: CMS CRAB Integration 1
  timeleft: 521:25:02  (21.7 days)

 error: 
 retcode : 0
DEBUG 2025-04-02 11:51:02.358 UTC: 	 Myproxy is valid: 1877100
DEBUG 2025-04-02 11:51:02.358 UTC: 	 Result of myproxy credential check:
  Credential exists on myproxy: username: 62145c27448958522230f1583fedca774537a25d  - validity: 21 days, 17:25:00
DEBUG 2025-04-02 11:51:02.358 UTC: 	 Command use: submit
DEBUG 2025-04-02 11:51:02.358 UTC: 	 Options use: ['-c', 'crab_config_DY2j_LO_5f_CPPAVX2.py']
DEBUG 2025-04-02 11:51:02.358 UTC: 	 Encoded data for curl request: subresource=version
DEBUG 2025-04-02 11:51:03.188 UTC: 	 CRABClient version: v3.250318
DEBUG 2025-04-02 11:51:03.189 UTC: 	 Instance is prod
DEBUG 2025-04-02 11:51:03.189 UTC: 	 Server base url is cmsweb.cern.ch
DEBUG 2025-04-02 11:51:03.189 UTC: 	 Command api workflow
DEBUG 2025-04-02 11:51:03.189 UTC: 	 Started submission
DEBUG 2025-04-02 11:51:03.189 UTC: 	 Working on /home/choij/workspace/CustomNanoGEN_CMSSW_13_0_13/src/Configuration/CustomNanoGEN/crab/crab_projects/crab_DY2j_LO_5f_CPPAVX2
DEBUG 2025-04-02 11:51:03.189 UTC: 	 Encoded data for curl request: subresource=backendurls
DEBUG 2025-04-02 11:51:04.038 UTC: 	 Loading required information from the environment
DEBUG 2025-04-02 11:51:04.038 UTC: 	 Found CMSSW_13_0_13 for el9_amd64_gcc11 with base /home/choij/workspace/CustomNanoGEN_CMSSW_13_0_13
DEBUG 2025-04-02 11:51:04.038 UTC: 	 UNIQUE NAME: tarUUID e0c47069-699f-459e-a91b-2e298858af4d 
DEBUG 2025-04-02 11:51:04.038 UTC: 	 self.config: from WMCore.Configuration import Configuration
config = Configuration()
config.section_('General')
config.General.transferOutputs = True
config.General.transferLogs = False
config.General.workArea = 'crab_projects'
config.General.requestName = 'DY2j_LO_5f_CPPAVX2'
config.section_('JobType')
config.JobType.numCores = 1
config.JobType.pluginName = 'PrivateMC'
config.JobType.allowUndistributedCMSSW = False
config.JobType.psetName = '../configs/Hadronizer_TuneCP5_13p6TeV_DY2j_LO_5f_CPPAVX2_LHE_pythia8_cfg.py'
config.JobType.maxMemoryMB = 5000
config.section_('Data')
config.Data.publication = False
config.Data.unitsPerJob = 4000
config.Data.totalUnits = 160000
config.Data.outLFNDirBase = '/store/user/choij/MG4GPU/Validation'
config.Data.outputPrimaryDataset = 'DY2j_LO_5f_CPPAVX2'
config.Data.outputDatasetTag = 'Run3Summer23wmLHEGS'
config.Data.splitting = 'EventBased'
config.section_('Site')
config.Site.storageSite = 'T3_KR_KNU'
config.section_('User')
config.section_('Debug')

DEBUG 2025-04-02 11:51:04.038 UTC: 	 self.config.JobType.psetName: ../configs/Hadronizer_TuneCP5_13p6TeV_DY2j_LO_5f_CPPAVX2_LHE_pythia8_cfg.py
INFO 2025-04-02 11:51:04.038 UTC: 	 Importing CMSSW configuration ../configs/Hadronizer_TuneCP5_13p6TeV_DY2j_LO_5f_CPPAVX2_LHE_pythia8_cfg.py
INFO 2025-04-02 11:51:04.757 UTC: 	 Finished importing CMSSW configuration ../configs/Hadronizer_TuneCP5_13p6TeV_DY2j_LO_5f_CPPAVX2_LHE_pythia8_cfg.py
DEBUG 2025-04-02 11:51:04.757 UTC: 	 Writing CMSSW configuration to /home/choij/workspace/CustomNanoGEN_CMSSW_13_0_13/src/Configuration/CustomNanoGEN/crab/crab_projects/crab_DY2j_LO_5f_CPPAVX2/inputs/PSet.py
DEBUG 2025-04-02 11:51:04.869 UTC: 	 The following EDM output files will be collected: ['NANOGEN.root']
DEBUG 2025-04-02 11:51:04.869 UTC: 	 The following TFile output files will be collected: []
DEBUG 2025-04-02 11:51:04.869 UTC: 	 The following user output files (not listed as PoolOuputModule or TFileService in the CMSSW PSet) will be collected: 
DEBUG 2025-04-02 11:51:04.869 UTC: 	 Loading required information from the environment
DEBUG 2025-04-02 11:51:04.869 UTC: 	 Found CMSSW_13_0_13 for el9_amd64_gcc11 with base /home/choij/workspace/CustomNanoGEN_CMSSW_13_0_13
DEBUG 2025-04-02 11:51:04.869 UTC: 	 Making tarball in /home/choij/workspace/CustomNanoGEN_CMSSW_13_0_13/src/Configuration/CustomNanoGEN/crab/crab_projects/crab_DY2j_LO_5f_CPPAVX2/inputs/e0c47069-699f-459e-a91b-2e298858af4ddefault.tgz
DEBUG 2025-04-02 11:51:04.869 UTC: 	 Checking directory /home/choij/workspace/CustomNanoGEN_CMSSW_13_0_13/bin
DEBUG 2025-04-02 11:51:04.869 UTC: 	 Adding directory /home/choij/workspace/CustomNanoGEN_CMSSW_13_0_13/bin to tarball
DEBUG 2025-04-02 11:51:04.871 UTC: 	 Checking directory /home/choij/workspace/CustomNanoGEN_CMSSW_13_0_13/python
DEBUG 2025-04-02 11:51:04.871 UTC: 	 Adding directory /home/choij/workspace/CustomNanoGEN_CMSSW_13_0_13/python to tarball
DEBUG 2025-04-02 11:51:04.873 UTC: 	 Checking directory /home/choij/workspace/CustomNanoGEN_CMSSW_13_0_13/cfipython
DEBUG 2025-04-02 11:51:04.874 UTC: 	 Adding directory /home/choij/workspace/CustomNanoGEN_CMSSW_13_0_13/cfipython to tarball
DEBUG 2025-04-02 11:51:04.874 UTC: 	 Checking directory /home/choij/workspace/CustomNanoGEN_CMSSW_13_0_13/lib
DEBUG 2025-04-02 11:51:04.874 UTC: 	 Adding directory /home/choij/workspace/CustomNanoGEN_CMSSW_13_0_13/lib to tarball
DEBUG 2025-04-02 11:51:04.875 UTC: 	 Checking directory /home/choij/workspace/CustomNanoGEN_CMSSW_13_0_13/biglib
DEBUG 2025-04-02 11:51:04.875 UTC: 	 Adding directory /home/choij/workspace/CustomNanoGEN_CMSSW_13_0_13/biglib to tarball
DEBUG 2025-04-02 11:51:04.875 UTC: 	 Checking directory /home/choij/workspace/CustomNanoGEN_CMSSW_13_0_13/module
DEBUG 2025-04-02 11:51:04.875 UTC: 	 Checking directory /home/choij/workspace/CustomNanoGEN_CMSSW_13_0_13/config/SCRAM/hooks
DEBUG 2025-04-02 11:51:04.875 UTC: 	 Adding directory /home/choij/workspace/CustomNanoGEN_CMSSW_13_0_13/config/SCRAM/hooks to tarball
DEBUG 2025-04-02 11:51:04.879 UTC: 	 Adding directory /home/choij/workspace/CustomNanoGEN_CMSSW_13_0_13/src/Configuration/CustomNanoGEN/python to tarball
DEBUG 2025-04-02 11:51:05.045 UTC: 	 Uploading archive /home/choij/workspace/CustomNanoGEN_CMSSW_13_0_13/src/Configuration/CustomNanoGEN/crab/crab_projects/crab_DY2j_LO_5f_CPPAVX2/inputs/e0c47069-699f-459e-a91b-2e298858af4ddefault.tgz (198 KB) to the CRAB cache. Using URI https://cmsweb.cern.ch/S3/crabcache_prod
DEBUG 2025-04-02 11:51:05.143 UTC: 	 Encoded data for curl request: subresource=upload&objecttype=sandbox&tarballname=8ba8cb3f52ca2ed1054f17307e3bf0c076a32f57fbbf9632c2c1e84b81eff7d1.tar.gz
DEBUG 2025-04-02 11:51:06.024 UTC: 	 Will execute:
curl -f -v -X POST  -H "User-Agent: CRAB" -F "key=choij/sandboxes/8ba8cb3f52ca2ed1054f17307e3bf0c076a32f57fbbf9632c2c1e84b81eff7d1.tar.gz" -F "AWSAccessKeyId=715203df6482458ba839e73e6dab634b" -F "policy=eyJleHBpcmF0aW9uIjogIjIwMjUtMDQtMDJUMTI6NTE6MDVaIiwgImNvbmRpdGlvbnMiOiBbeyJidWNrZXQiOiAiY3JhYmNhY2hlX3Byb2QifSwgeyJrZXkiOiAiY2hvaWovc2FuZGJveGVzLzhiYThjYjNmNTJjYTJlZDEwNTRmMTczMDdlM2JmMGMwNzZhMzJmNTdmYmJmOTYzMmMyYzFlODRiODFlZmY3ZDEudGFyLmd6In1dfQ==" -F "signature=q6BSJ0OTvebqJg1uSRBjRK64NGM=" -F "file=@/home/choij/workspace/CustomNanoGEN_CMSSW_13_0_13/src/Configuration/CustomNanoGEN/crab/crab_projects/crab_DY2j_LO_5f_CPPAVX2/inputs/e0c47069-699f-459e-a91b-2e298858af4ddefault.tgz" "https://s3.cern.ch/crabcache_prod"
DEBUG 2025-04-02 11:51:07.927 UTC: 	 exitcode: 0
stdout: b''
DEBUG 2025-04-02 11:51:07.927 UTC: 	 upload to S3 of sandbox /home/choij/workspace/CustomNanoGEN_CMSSW_13_0_13/src/Configuration/CustomNanoGEN/crab/crab_projects/crab_DY2j_LO_5f_CPPAVX2/inputs/e0c47069-699f-459e-a91b-2e298858af4ddefault.tgz completed
DEBUG 2025-04-02 11:51:07.927 UTC: 	 make sure that object is ready for retrieve
DEBUG 2025-04-02 11:51:08.929 UTC: 	 Encoded data for curl request: subresource=download&objecttype=sandbox&tarballname=8ba8cb3f52ca2ed1054f17307e3bf0c076a32f57fbbf9632c2c1e84b81eff7d1.tar.gz&clientmethod=head_object
DEBUG 2025-04-02 11:51:09.756 UTC: 	 PreSignedUrl to download sandbox received OK
DEBUG 2025-04-02 11:51:09.760 UTC: 	 Will execute:
 curl -v -s -f -o /dev/null --head  "https://s3.cern.ch/crabcache_prod/choij/sandboxes/8ba8cb3f52ca2ed1054f17307e3bf0c076a32f57fbbf9632c2c1e84b81eff7d1.tar.gz?AWSAccessKeyId=715203df6482458ba839e73e6dab634b&Signature=Ev7WdQ4sZcd5rRETa%2FlgminfPlM%3D&Expires=1743598269"
DEBUG 2025-04-02 11:51:10.578 UTC: 	 exitcode: 0
stdout: b''
DEBUG 2025-04-02 11:51:10.578 UTC: 	 sandbox /home/choij/workspace/CustomNanoGEN_CMSSW_13_0_13/src/Configuration/CustomNanoGEN/crab/crab_projects/crab_DY2j_LO_5f_CPPAVX2/inputs/e0c47069-699f-459e-a91b-2e298858af4ddefault.tgz successfully uploaded to S3
DEBUG 2025-04-02 11:51:10.578 UTC: 	 Loading required information from the environment
DEBUG 2025-04-02 11:51:10.578 UTC: 	 Found CMSSW_13_0_13 for el9_amd64_gcc11 with base /home/choij/workspace/CustomNanoGEN_CMSSW_13_0_13
DEBUG 2025-04-02 11:51:10.578 UTC: 	 Making tarball in /home/choij/workspace/CustomNanoGEN_CMSSW_13_0_13/src/Configuration/CustomNanoGEN/crab/crab_projects/crab_DY2j_LO_5f_CPPAVX2/inputs/debugFiles.tgz
DEBUG 2025-04-02 11:51:10.581 UTC: 	 Uploading archive /home/choij/workspace/CustomNanoGEN_CMSSW_13_0_13/src/Configuration/CustomNanoGEN/crab/crab_projects/crab_DY2j_LO_5f_CPPAVX2/inputs/debugFiles.tgz (3 KB) to the CRAB cache. Using URI https://cmsweb.cern.ch/S3/crabcache_prod
DEBUG 2025-04-02 11:51:10.582 UTC: 	 Encoded data for curl request: subresource=upload&objecttype=sandbox&tarballname=b2cdc823a9b229cd7e6cd2a4de49a1876005138a32eb1af4a473a77e37a461d5.tar.gz
DEBUG 2025-04-02 11:51:11.417 UTC: 	 Will execute:
curl -f -v -X POST  -H "User-Agent: CRAB" -F "key=choij/sandboxes/b2cdc823a9b229cd7e6cd2a4de49a1876005138a32eb1af4a473a77e37a461d5.tar.gz" -F "AWSAccessKeyId=715203df6482458ba839e73e6dab634b" -F "policy=eyJleHBpcmF0aW9uIjogIjIwMjUtMDQtMDJUMTI6NTE6MTFaIiwgImNvbmRpdGlvbnMiOiBbeyJidWNrZXQiOiAiY3JhYmNhY2hlX3Byb2QifSwgeyJrZXkiOiAiY2hvaWovc2FuZGJveGVzL2IyY2RjODIzYTliMjI5Y2Q3ZTZjZDJhNGRlNDlhMTg3NjAwNTEzOGEzMmViMWFmNGE0NzNhNzdlMzdhNDYxZDUudGFyLmd6In1dfQ==" -F "signature=XdLJV62vpvppPV0Ihnhu9HXrjXI=" -F "file=@/home/choij/workspace/CustomNanoGEN_CMSSW_13_0_13/src/Configuration/CustomNanoGEN/crab/crab_projects/crab_DY2j_LO_5f_CPPAVX2/inputs/debugFiles.tgz" "https://s3.cern.ch/crabcache_prod"
DEBUG 2025-04-02 11:51:12.245 UTC: 	 exitcode: 0
stdout: b''
DEBUG 2025-04-02 11:51:12.245 UTC: 	 upload to S3 of sandbox /home/choij/workspace/CustomNanoGEN_CMSSW_13_0_13/src/Configuration/CustomNanoGEN/crab/crab_projects/crab_DY2j_LO_5f_CPPAVX2/inputs/debugFiles.tgz completed
DEBUG 2025-04-02 11:51:12.245 UTC: 	 make sure that object is ready for retrieve
DEBUG 2025-04-02 11:51:13.246 UTC: 	 Encoded data for curl request: subresource=download&objecttype=sandbox&tarballname=b2cdc823a9b229cd7e6cd2a4de49a1876005138a32eb1af4a473a77e37a461d5.tar.gz&clientmethod=head_object
DEBUG 2025-04-02 11:51:14.079 UTC: 	 PreSignedUrl to download sandbox received OK
DEBUG 2025-04-02 11:51:14.082 UTC: 	 Will execute:
 curl -v -s -f -o /dev/null --head  "https://s3.cern.ch/crabcache_prod/choij/sandboxes/b2cdc823a9b229cd7e6cd2a4de49a1876005138a32eb1af4a473a77e37a461d5.tar.gz?AWSAccessKeyId=715203df6482458ba839e73e6dab634b&Signature=sf4LP2NX06hlm5GUOxdYgdsybmE%3D&Expires=1743598273"
DEBUG 2025-04-02 11:51:14.893 UTC: 	 exitcode: 0
stdout: b''
DEBUG 2025-04-02 11:51:14.893 UTC: 	 sandbox /home/choij/workspace/CustomNanoGEN_CMSSW_13_0_13/src/Configuration/CustomNanoGEN/crab/crab_projects/crab_DY2j_LO_5f_CPPAVX2/inputs/debugFiles.tgz successfully uploaded to S3
DEBUG 2025-04-02 11:51:14.893 UTC: 	 Result uploading input files: 8ba8cb3f52ca2ed1054f17307e3bf0c076a32f57fbbf9632c2c1e84b81eff7d1.tar.gz 
DEBUG 2025-04-02 11:51:14.893 UTC: 	 submit() - self.configuration from WMCore.Configuration import Configuration
config = Configuration()
config.section_('General')
config.General.transferOutputs = True
config.General.transferLogs = False
config.General.workArea = 'crab_projects'
config.General.requestName = 'DY2j_LO_5f_CPPAVX2'
config.section_('JobType')
config.JobType.numCores = 1
config.JobType.pluginName = 'PrivateMC'
config.JobType.allowUndistributedCMSSW = False
config.JobType.psetName = '../configs/Hadronizer_TuneCP5_13p6TeV_DY2j_LO_5f_CPPAVX2_LHE_pythia8_cfg.py'
config.JobType.maxMemoryMB = 5000
config.section_('Data')
config.Data.publication = False
config.Data.unitsPerJob = 4000
config.Data.totalUnits = 160000
config.Data.outLFNDirBase = '/store/user/choij/MG4GPU/Validation'
config.Data.outputPrimaryDataset = 'DY2j_LO_5f_CPPAVX2'
config.Data.outputDatasetTag = 'Run3Summer23wmLHEGS'
config.Data.splitting = 'EventBased'
config.section_('Site')
config.Site.storageSite = 'T3_KR_KNU'
config.section_('User')
config.section_('Debug')

DEBUG 2025-04-02 11:51:14.893 UTC: 	 submit() - self.configreq {'dryrun': 0, 'workflow': 'crab_DY2j_LO_5f_CPPAVX2', 'saveoutput': 1, 'savelogsflag': 0, 'primarydataset': 'DY2j_LO_5f_CPPAVX2', 'nonvaliddata': 0, 'userfiles': [], 'dbsurl': 'https://cmsweb.cern.ch/dbs/prod/global/DBSReader', 'useparent': 0, 'ignorelocality': 0, 'splitalgo': 'EventBased', 'algoargs': 4000, 'totalunits': 160000, 'lfn': '/store/user/choij/MG4GPU/Validation', 'publication': 0, 'publishdbsurl': 'https://cmsweb.cern.ch/dbs/prod/phys03/DBSWriter', 'publishname2': 'Run3Summer23wmLHEGS', 'jobtype': 'PrivateMC', 'generator': 'pythia', 'addoutputfiles': [], 'maxjobruntime': 1250, 'numcores': 1, 'maxmemory': 5000, 'priority': 10, 'nonprodsw': 0, 'asyncdest': 'T3_KR_KNU', 'requireaccelerator': 0, 'oneEventMode': 0, 'extrajdl': [], 'ignoreglobalblacklist': 0, 'partialdataset': 0, 'inputblocks': []}
DEBUG 2025-04-02 11:51:14.893 UTC: 	 submit() - jobconfig {'addoutputfiles': [], 'tfileoutfiles': [], 'edmoutfiles': ['NANOGEN.root'], 'jobarch': 'el9_amd64_gcc11', 'jobminuarch': 'any', 'jobsw': 'CMSSW_13_0_13', 'cacheurl': 'https://cmsweb.cern.ch/S3/crabcache_prod', 'cachefilename': '8ba8cb3f52ca2ed1054f17307e3bf0c076a32f57fbbf9632c2c1e84b81eff7d1.tar.gz', 'debugfilename': 'b2cdc823a9b229cd7e6cd2a4de49a1876005138a32eb1af4a473a77e37a461d5.tar.gz', 'jobtype': 'PrivateMC', 'primarydataset': 'DY2j_LO_5f_CPPAVX2'}
INFO 2025-04-02 11:51:14.893 UTC: 	 Sending the request to the server at cmsweb.cern.ch
DEBUG 2025-04-02 11:51:14.893 UTC: 	 Submitting {'dryrun': 0, 'workflow': 'crab_DY2j_LO_5f_CPPAVX2', 'saveoutput': 1, 'savelogsflag': 0, 'primarydataset': 'DY2j_LO_5f_CPPAVX2', 'nonvaliddata': 0, 'userfiles': [], 'dbsurl': 'https://cmsweb.cern.ch/dbs/prod/global/DBSReader', 'useparent': 0, 'ignorelocality': 0, 'splitalgo': 'EventBased', 'algoargs': 4000, 'totalunits': 160000, 'lfn': '/store/user/choij/MG4GPU/Validation', 'publication': 0, 'publishdbsurl': 'https://cmsweb.cern.ch/dbs/prod/phys03/DBSWriter', 'publishname2': 'Run3Summer23wmLHEGS', 'jobtype': 'PrivateMC', 'generator': 'pythia', 'addoutputfiles': [], 'maxjobruntime': 1250, 'numcores': 1, 'maxmemory': 5000, 'priority': 10, 'nonprodsw': 0, 'asyncdest': 'T3_KR_KNU', 'requireaccelerator': 0, 'oneEventMode': 0, 'extrajdl': [], 'ignoreglobalblacklist': 0, 'partialdataset': 0, 'inputblocks': [], 'tfileoutfiles': [], 'edmoutfiles': ['NANOGEN.root'], 'jobarch': 'el9_amd64_gcc11', 'jobminuarch': 'any', 'jobsw': 'CMSSW_13_0_13', 'cacheurl': 'https://cmsweb.cern.ch/S3/crabcache_prod', 'cachefilename': '8ba8cb3f52ca2ed1054f17307e3bf0c076a32f57fbbf9632c2c1e84b81eff7d1.tar.gz', 'debugfilename': 'b2cdc823a9b229cd7e6cd2a4de49a1876005138a32eb1af4a473a77e37a461d5.tar.gz'} 
DEBUG 2025-04-02 11:51:14.894 UTC: 	 Encoded data for curl request: dryrun=0&workflow=crab_DY2j_LO_5f_CPPAVX2&saveoutput=1&savelogsflag=0&primarydataset=DY2j_LO_5f_CPPAVX2&nonvaliddata=0&dbsurl=https%3A%2F%2Fcmsweb.cern.ch%2Fdbs%2Fprod%2Fglobal%2FDBSReader&useparent=0&ignorelocality=0&splitalgo=EventBased&algoargs=4000&totalunits=160000&lfn=%2Fstore%2Fuser%2Fchoij%2FMG4GPU%2FValidation&publication=0&publishdbsurl=https%3A%2F%2Fcmsweb.cern.ch%2Fdbs%2Fprod%2Fphys03%2FDBSWriter&publishname2=Run3Summer23wmLHEGS&jobtype=PrivateMC&generator=pythia&maxjobruntime=1250&numcores=1&maxmemory=5000&priority=10&nonprodsw=0&asyncdest=T3_KR_KNU&requireaccelerator=0&oneEventMode=0&ignoreglobalblacklist=0&partialdataset=0&jobarch=el9_amd64_gcc11&jobminuarch=any&jobsw=CMSSW_13_0_13&cacheurl=https%3A%2F%2Fcmsweb.cern.ch%2FS3%2Fcrabcache_prod&cachefilename=8ba8cb3f52ca2ed1054f17307e3bf0c076a32f57fbbf9632c2c1e84b81eff7d1.tar.gz&debugfilename=b2cdc823a9b229cd7e6cd2a4de49a1876005138a32eb1af4a473a77e37a461d5.tar.gz&edmoutfiles=NANOGEN.root
DEBUG 2025-04-02 11:51:15.744 UTC: 	 Result: {'result': [{'RequestName': '250402_115115:choij_crab_DY2j_LO_5f_CPPAVX2'}]}
INFO 2025-04-02 11:51:15.744 UTC: 	 Success: Your task has been delivered to the prod CRAB3 server.
INFO 2025-04-02 11:51:15.744 UTC: 	 Task name: 250402_115115:choij_crab_DY2j_LO_5f_CPPAVX2
INFO 2025-04-02 11:51:15.744 UTC: 	 Project dir: crab_projects/crab_DY2j_LO_5f_CPPAVX2
INFO 2025-04-02 11:51:15.744 UTC: 	 Please use ' crab status -d crab_projects/crab_DY2j_LO_5f_CPPAVX2 ' to check how the submission process proceeds.
DEBUG 2025-04-02 11:51:15.744 UTC: 	 About to return
INFO 2025-04-02 11:51:15.746 UTC: 	 Log file is /home/choij/workspace/CustomNanoGEN_CMSSW_13_0_13/src/Configuration/CustomNanoGEN/crab/crab_projects/crab_DY2j_LO_5f_CPPAVX2/crab.log
DEBUG 2025-04-02 14:14:15.260 UTC: 	 CRAB Client version: v3.250318
DEBUG 2025-04-02 14:14:15.260 UTC: 	 Running on: Linux private-snu 6.13.8-200.fc41.x86_64 #1 SMP PREEMPT_DYNAMIC Sun Mar 23 05:03:09 UTC 2025 x86_64 x86_64 x86_64 GNU/Linux
DEBUG 2025-04-02 14:14:15.260 UTC: 	 Using SINGULARITY image: private-el9.sif
DEBUG 2025-04-02 14:14:15.260 UTC: 	 Operating System: AlmaLinux 9.5 (Teal Serval)
DEBUG 2025-04-02 14:14:15.260 UTC: 	 Executing command: 'status'
DEBUG 2025-04-02 14:14:15.260 UTC: 	 Found CRAB cache file /home/choij/.crab3
DEBUG 2025-04-02 14:14:15.262 UTC: 	 Checking credentials
DEBUG 2025-04-02 14:14:15.262 UTC: 	 Found proxy file /tmp/x509up_u1000
DEBUG 2025-04-02 14:14:15.262 UTC: 	 Making sure it has proper VOMS extension
DEBUG 2025-04-02 14:14:15.262 UTC: 	 Executing command :
 voms-proxy-info --vo --file /tmp/x509up_u1000
DEBUG 2025-04-02 14:14:15.955 UTC: 	 output : cms

 error: 
 retcode : 0
DEBUG 2025-04-02 14:14:15.955 UTC: 	 Getting proxy life time left
DEBUG 2025-04-02 14:14:15.955 UTC: 	 Executing command :
 voms-proxy-info --actimeleft --timeleft --file /tmp/x509up_u1000
DEBUG 2025-04-02 14:14:16.621 UTC: 	 output : 573413
573413

 error: 
 retcode : 0
DEBUG 2025-04-02 14:14:16.621 UTC: 	 Proxy valid for 159:16:53 hours
DEBUG 2025-04-02 14:14:16.621 UTC: 	 Encoded data for curl request: subresource=delegatedn
DEBUG 2025-04-02 14:14:17.463 UTC: 	 Registering user credentials on myproxy for /DC=ch/DC=cern/OU=computers/CN=crab-(preprod|prod)-tw(01|02).cern.ch|/DC=ch/DC=cern/OU=computers/CN=crab-dev-tw(01|02|03|04).cern.ch|/DC=ch/DC=cern/OU=Organic Units/OU=Users/CN=cmscrab/CN=(817881|373708)/CN=Robot: cms crab|/DC=ch/DC=cern/OU=Organic Units/OU=Users/CN=crabint1/CN=373708/CN=Robot: CMS CRAB Integration 1
DEBUG 2025-04-02 14:14:17.464 UTC: 	 Executing command :
 voms-proxy-info --identity --file /tmp/x509up_u1000
DEBUG 2025-04-02 14:14:17.925 UTC: 	 output : /DC=ch/DC=cern/OU=Organic Units/OU=Users/CN=choij/CN=841389/CN=Jin Choi

 error: 
 retcode : 0
DEBUG 2025-04-02 14:14:17.925 UTC: 	 Getting myproxy life time left for 62145c27448958522230f1583fedca774537a25d
DEBUG 2025-04-02 14:14:17.925 UTC: 	 Executing command :
 myproxy-info -s myproxy.cern.ch -l 62145c27448958522230f1583fedca774537a25d
DEBUG 2025-04-02 14:14:22.892 UTC: 	 output : username: 62145c27448958522230f1583fedca774537a25d
owner: /DC=ch/DC=cern/OU=Organic Units/OU=Users/CN=choij/CN=841389/CN=Jin Choi
  renewal policy: /DC=ch/DC=cern/OU=computers/CN=crab-(preprod|prod)-tw(01|02).cern.ch|/DC=ch/DC=cern/OU=computers/CN=crab-dev-tw(01|02|03|04).cern.ch|/DC=ch/DC=cern/OU=Organic Units/OU=Users/CN=cmscrab/CN=(817881|373708)/CN=Robot: cms crab|/DC=ch/DC=cern/OU=Organic Units/OU=Users/CN=crabint1/CN=373708/CN=Robot: CMS CRAB Integration 1
  trusted retrieval policy: /DC=ch/DC=cern/OU=computers/CN=crab-(preprod|prod)-tw(01|02).cern.ch|/DC=ch/DC=cern/OU=computers/CN=crab-dev-tw(01|02|03|04).cern.ch|/DC=ch/DC=cern/OU=Organic Units/OU=Users/CN=cmscrab/CN=(817881|373708)/CN=Robot: cms crab|/DC=ch/DC=cern/OU=Organic Units/OU=Users/CN=crabint1/CN=373708/CN=Robot: CMS CRAB Integration 1
  timeleft: 519:01:42  (21.6 days)

 error: 
 retcode : 0
DEBUG 2025-04-02 14:14:22.892 UTC: 	 Myproxy is valid: 1868460
DEBUG 2025-04-02 14:14:22.892 UTC: 	 Result of myproxy credential check:
  Credential exists on myproxy: username: 62145c27448958522230f1583fedca774537a25d  - validity: 21 days, 15:01:00
DEBUG 2025-04-02 14:14:22.892 UTC: 	 Retrieving username ...
DEBUG 2025-04-02 14:14:22.892 UTC: 	 Retrieving username from CRIC...
DEBUG 2025-04-02 14:14:29.503 UTC: 	 username is choij
INFO 2025-04-02 14:14:30.574 UTC: 	 Rucio client intialized for account choij
DEBUG 2025-04-02 14:14:30.574 UTC: 	 Command use: status
DEBUG 2025-04-02 14:14:30.574 UTC: 	 Options use: ['-d', 'crab_projects/crab_DY2j_LO_5f_CPPAVX2']
DEBUG 2025-04-02 14:14:30.574 UTC: 	 Encoded data for curl request: subresource=version
DEBUG 2025-04-02 14:14:31.396 UTC: 	 CRABClient version: v3.250318
DEBUG 2025-04-02 14:14:31.396 UTC: 	 Instance is prod
DEBUG 2025-04-02 14:14:31.396 UTC: 	 Server base url is cmsweb.cern.ch
DEBUG 2025-04-02 14:14:31.396 UTC: 	 Command api workflow
DEBUG 2025-04-02 14:14:31.397 UTC: 	 Encoded data for curl request: subresource=search&workflow=250402_115115%3Achoij_crab_DY2j_LO_5f_CPPAVX2
DEBUG 2025-04-02 14:14:32.244 UTC: 	 Got information from server oracle database: {'desc': {'columns': ['tm_taskname', 'tm_activity', 'tm_task_status', 'tm_task_command', 'tm_start_time', 'tm_start_injection', 'tm_end_injection', 'tm_task_failure', 'tm_job_sw', 'tm_job_arch', 'tm_input_dataset', 'tm_nonvalid_input_dataset', 'tm_use_parent', 'tm_site_whitelist', 'tm_site_blacklist', 'tm_split_algo', 'tm_split_args', 'tm_user_sandbox', 'tm_cache_url', 'tm_username', 'tm_user_dn', 'tm_user_vo', 'tm_user_role', 'tm_user_group', 'tm_publish_name', 'tm_publish_groupname', 'tm_asyncdest', 'tm_dbs_url', 'tm_publish_dbs_url', 'tm_publication', 'tm_outfiles', 'tm_tfile_outfiles', 'tm_edm_outfiles', 'tm_job_type', 'tm_generator', 'tm_events_per_lumi', 'tm_arguments', 'tm_save_logs', 'tw_name', 'tm_user_infiles', 'tm_maxjobruntime', 'tm_numcores', 'tm_maxmemory', 'tm_priority', 'tm_output_dataset', 'tm_task_warnings', 'tm_user_webdir', 'tm_scriptexe', 'tm_scriptargs', 'tm_extrajdl', 'tm_collector', 'tm_schedd', 'tm_dry_run', 'tm_user_files', 'tm_transfer_outputs', 'tm_output_lfn', 'tm_ignore_locality', 'tm_fail_limit', 'tm_one_event_mode', 'tm_secondary_input_dataset', 'tm_primary_dataset', 'tm_last_publication', 'tm_debug_files', 'clusterid', 'tm_ignore_global_blacklist', 'tm_submitter_ip_addr', 'tm_totalunits', 'tm_ddm_reqid', 'tm_user_config', 'tm_transfer_container', 'tm_transfer_rule', 'tm_publish_rule', 'tm_multipub_rule', 'tm_job_min_microarch', 'tm_dagman_status', 'tm_num_jobs', 'tm_uploaded']}, 'result': ['250402_115115:choij_crab_DY2j_LO_5f_CPPAVX2', 'None', 'SUBMITTED', 'SUBMIT', '2025-04-02 11:51:15.604464', 'None', '2025-04-02 11:53:05.445796', 'None', 'CMSSW_13_0_13', 'el9_amd64_gcc11', 'None', 'F', '0', '[]', '[]', 'EventBased', "{'halt_job_on_file_boundaries': False, 'splitOnRun': False, 'events_per_job': 4000, 'runs': [], 'lumis': []}", '8ba8cb3f52ca2ed1054f17307e3bf0c076a32f57fbbf9632c2c1e84b81eff7d1.tar.gz', 'https://cmsweb.cern.ch/S3/crabcache_prod', 'choij', '/DC=ch/DC=cern/OU=Organic Units/OU=Users/CN=choij/CN=841389/CN=Jin Choi', 'cms', 'None', 'None', 'Run3Summer23wmLHEGS-00000000000000000000000000000000', 'F', 'T3_KR_KNU', 'https://cmsweb.cern.ch/dbs/prod/global/DBSReader', 'https://cmsweb.cern.ch/dbs/prod/phys03/DBSWriter', 'F', '[]', '[]', "['NANOGEN.root']", 'PrivateMC', 'pythia', 'None', '{}', 'F', 'crab-prod-tw02', '[]', '1250', '1', '5000', '10', "['/FakeDataset/fakefile-FakePublish-c26f3e33d2ee0c09e27b9770b1116951/USER']", "['Task requests 5000 MB of memory, but only 2500 are guaranteed to be available. Jobs may not find a site where to run and stay idle forever.']", 'http://vocms0196.cern.ch/mon/choij/250402_115115:choij_crab_DY2j_LO_5f_CPPAVX2', 'None', '[]', '[]', 'cmsgwms-collector-global.cern.ch:9620,cmsgwms-collector-global.fnal.gov:9620', 'crab3@vocms0196.cern.ch', 'F', '[]', 'T', '/store/user/choij/MG4GPU/Validation', 'F', 'None', 'F', 'None', 'DY2j_LO_5f_CPPAVX2', 'None', 'b2cdc823a9b229cd7e6cd2a4de49a1876005138a32eb1af4a473a77e37a461d5.tar.gz', '119111559', 'F', '188.184.73.32', '160000.0', 'None', '{"partialdataset": false, "requireaccelerator": false, "acceleratorparams": null, "inputblocks": null}', 'None', 'None', 'None', 'None', 'any', 'NOT_READY', '0', 'F']}
INFO 2025-04-02 14:14:32.244 UTC: 	 CRAB project directory:		/home/choij/workspace/CustomNanoGEN_CMSSW_13_0_13/src/Configuration/CustomNanoGEN/crab/crab_projects/crab_DY2j_LO_5f_CPPAVX2
INFO 2025-04-02 14:14:32.244 UTC: 	 Task name:			250402_115115:choij_crab_DY2j_LO_5f_CPPAVX2
INFO 2025-04-02 14:14:32.244 UTC: 	 Grid scheduler - Task Worker:	crab3@vocms0196.cern.ch - crab-prod-tw02
INFO 2025-04-02 14:14:32.244 UTC: 	 Status on the CRAB server:	SUBMITTED
INFO 2025-04-02 14:14:32.244 UTC: 	 Task URL to use for HELP:	https://cmsweb.cern.ch/crabserver/ui/task/250402_115115%3Achoij_crab_DY2j_LO_5f_CPPAVX2
INFO 2025-04-02 14:14:32.249 UTC: 	 Dashboard monitoring URL:	https://monit-grafana.cern.ch/d/cmsTMDetail/cms-task-monitoring-task-view?orgId=11&var-user=choij&var-task=250402_115115%3Achoij_crab_DY2j_LO_5f_CPPAVX2&from=1743591075000&to=now
WARNING 2025-04-02 14:14:32.249 UTC: 	 Warning:			Task requests 5000 MB of memory, but only 2500 are guaranteed to be available. Jobs may not find a site where to run and stay idle forever.
DEBUG 2025-04-02 14:14:32.249 UTC: 	 The CRAB server submitted your task to the Grid scheduler (cluster ID: 119111559)
DEBUG 2025-04-02 14:14:32.249 UTC: 	 Webdir is located at http://vocms0196.cern.ch/mon/choij/250402_115115:choij_crab_DY2j_LO_5f_CPPAVX2
DEBUG 2025-04-02 14:14:32.249 UTC: 	 Encoded data for curl request: subresource=webdirprx&workflow=250402_115115%3Achoij_crab_DY2j_LO_5f_CPPAVX2
DEBUG 2025-04-02 14:14:33.082 UTC: 	 Proxied webdir is located at https://cmsweb.cern.ch:8443/scheddmon/0196/choij/250402_115115:choij_crab_DY2j_LO_5f_CPPAVX2
DEBUG 2025-04-02 14:14:33.082 UTC: 	 Retrieving 'status_cache' file from https://cmsweb.cern.ch:8443/scheddmon/0196/choij/250402_115115:choij_crab_DY2j_LO_5f_CPPAVX2/status_cache.pkl
DEBUG 2025-04-02 14:14:33.082 UTC: 	 Will execute:
curl -sS --capath /cvmfs/grid.cern.ch/etc/grid-security/certificates --cert /tmp/x509up_u1000 --key /tmp/x509up_u1000 -o /tmp/crab_status-cache-_cb6ni98.pkl -w %"{http_code}" "https://cmsweb.cern.ch:8443/scheddmon/0196/choij/250402_115115:choij_crab_DY2j_LO_5f_CPPAVX2/status_cache.pkl"
DEBUG 2025-04-02 14:14:33.082 UTC: 	 Executing command :
 curl -sS --capath /cvmfs/grid.cern.ch/etc/grid-security/certificates --cert /tmp/x509up_u1000 --key /tmp/x509up_u1000 -o /tmp/crab_status-cache-_cb6ni98.pkl -w %"{http_code}" "https://cmsweb.cern.ch:8443/scheddmon/0196/choij/250402_115115:choij_crab_DY2j_LO_5f_CPPAVX2/status_cache.pkl"
DEBUG 2025-04-02 14:14:34.178 UTC: 	 output : 200
 error: 
 retcode : 0
DEBUG 2025-04-02 14:14:34.178 UTC: 	 exitcode: 0
stdout: 200
stderr: 
error details: 
DEBUG 2025-04-02 14:14:34.179 UTC: 	 Got information from status cache file: {'2': {'Retries': 0, 'Restarts': 0, 'SiteHistory': ['Unknown', 'T2_BE_IIHE', 'T2_BE_IIHE'], 'ResidentSetSize': [3823124], 'SubmitTimes': [1743594854.0], 'StartTimes': [1743595003.0], 'EndTimes': [1743597969.0], 'TotalUserCpuTimeHistory': [2599], 'TotalSysCpuTimeHistory': [15], 'WallDurations': [9.0, 212.59747099876404, 2966.0], 'JobIds': ['119111569.0'], 'State': 'finished', 'RecordedSite': True}, '8': {'Retries': 0, 'Restarts': 0, 'SiteHistory': ['Unknown', 'T2_BE_IIHE', 'T2_BE_IIHE'], 'ResidentSetSize': [3807144], 'SubmitTimes': [1743594854.0], 'StartTimes': [1743595003.0], 'EndTimes': [1743597700.0], 'TotalUserCpuTimeHistory': [2381], 'TotalSysCpuTimeHistory': [11], 'WallDurations': [10.0, 212.59747099876404, 2697.0], 'JobIds': ['119111570.0'], 'State': 'finished', 'RecordedSite': True}, '13': {'Retries': 0, 'Restarts': 0, 'SiteHistory': ['Unknown', 'T2_UK_SGrid_RALPP', 'T2_UK_SGrid_RALPP'], 'ResidentSetSize': [4027636], 'SubmitTimes': [1743594854.0], 'StartTimes': [1743595007.0], 'EndTimes': [1743598884.0], 'TotalUserCpuTimeHistory': [2821], 'TotalSysCpuTimeHistory': [9], 'WallDurations': [8.0, 208.59747099876404, 3877.0], 'JobIds': ['119111571.0'], 'State': 'finished', 'RecordedSite': True}, '19': {'Retries': 0, 'Restarts': 0, 'SiteHistory': ['Unknown', 'T2_BE_IIHE', 'T2_BE_IIHE'], 'ResidentSetSize': [822472], 'SubmitTimes': [1743594854.0], 'StartTimes': [1743595003.0], 'EndTimes': [1743596035.0], 'TotalUserCpuTimeHistory': [876], 'TotalSysCpuTimeHistory': [4], 'WallDurations': [9.0, 212.59747099876404, 1032.0], 'JobIds': ['119111572.0'], 'State': 'finished', 'RecordedSite': True}, '18': {'Retries': 0, 'Restarts': 0, 'SiteHistory': ['Unknown', 'T2_BE_IIHE', 'T2_BE_IIHE'], 'ResidentSetSize': [1042036], 'SubmitTimes': [1743594854.0], 'StartTimes': [1743595003.0], 'EndTimes': [1743596892.0], 'TotalUserCpuTimeHistory': [1633], 'TotalSysCpuTimeHistory': [7], 'WallDurations': [9.0, 212.59747099876404, 1889.0], 'JobIds': ['119111573.0'], 'State': 'finished', 'RecordedSite': True}, '10': {'Retries': 0, 'Restarts': 0, 'SiteHistory': ['Unknown', 'T2_BE_IIHE', 'T2_BE_IIHE'], 'ResidentSetSize': [1026572], 'SubmitTimes': [1743594854.0], 'StartTimes': [1743595003.0], 'EndTimes': [1743596052.0], 'TotalUserCpuTimeHistory': [896], 'TotalSysCpuTimeHistory': [5], 'WallDurations': [9.0, 212.59747099876404, 1049.0], 'JobIds': ['119111574.0'], 'State': 'finished', 'RecordedSite': True}, '17': {'Retries': 0, 'Restarts': 0, 'SiteHistory': ['Unknown', 'T2_BE_IIHE', 'T2_BE_IIHE'], 'ResidentSetSize': [1025324], 'SubmitTimes': [1743594854.0], 'StartTimes': [1743595003.0], 'EndTimes': [1743596171.0], 'TotalUserCpuTimeHistory': [982], 'TotalSysCpuTimeHistory': [5], 'WallDurations': [9.0, 212.59747099876404, 1168.0], 'JobIds': ['119111575.0'], 'State': 'finished', 'RecordedSite': True}, '20': {'Retries': 0, 'Restarts': 0, 'SiteHistory': ['Unknown', 'T2_BE_IIHE', 'T2_BE_IIHE'], 'ResidentSetSize': [954620], 'SubmitTimes': [1743594854.0], 'StartTimes': [1743595003.0], 'EndTimes': [1743596111.0], 'TotalUserCpuTimeHistory': [941], 'TotalSysCpuTimeHistory': [6], 'WallDurations': [9.0, 212.59747099876404, 1108.0], 'JobIds': ['119111576.0'], 'State': 'finished', 'RecordedSite': True}, '4': {'Retries': 0, 'Restarts': 0, 'SiteHistory': ['Unknown', 'T2_BE_IIHE', 'T2_BE_IIHE'], 'ResidentSetSize': [1037556], 'SubmitTimes': [1743594854.0], 'StartTimes': [1743595004.0], 'EndTimes': [1743596017.0], 'TotalUserCpuTimeHistory': [866], 'TotalSysCpuTimeHistory': [6], 'WallDurations': [8.0, 211.59747099876404, 1013.0], 'JobIds': ['119111577.0'], 'State': 'finished', 'RecordedSite': True}, '3': {'Retries': 0, 'Restarts': 0, 'SiteHistory': ['Unknown', 'T2_BE_IIHE', 'T2_BE_IIHE'], 'ResidentSetSize': [1030448], 'SubmitTimes': [1743594854.0], 'StartTimes': [1743595003.0], 'EndTimes': [1743596859.0], 'TotalUserCpuTimeHistory': [1610], 'TotalSysCpuTimeHistory': [7], 'WallDurations': [10.0, 212.59747099876404, 1856.0], 'JobIds': ['119111578.0'], 'State': 'finished', 'RecordedSite': True}, '15': {'Retries': 0, 'Restarts': 0, 'SiteHistory': ['Unknown', 'T2_BE_IIHE', 'T2_BE_IIHE'], 'ResidentSetSize': [1046456], 'SubmitTimes': [1743594854.0], 'StartTimes': [1743595003.0], 'EndTimes': [1743596057.0], 'TotalUserCpuTimeHistory': [919], 'TotalSysCpuTimeHistory': [5], 'WallDurations': [9.0, 212.59747099876404, 1054.0], 'JobIds': ['119111579.0'], 'State': 'finished', 'RecordedSite': True}, '14': {'Retries': 0, 'Restarts': 0, 'SiteHistory': ['Unknown', 'T2_BE_IIHE', 'T2_BE_IIHE'], 'ResidentSetSize': [1043736], 'SubmitTimes': [1743594854.0], 'StartTimes': [1743595003.0], 'EndTimes': [1743596075.0], 'TotalUserCpuTimeHistory': [912], 'TotalSysCpuTimeHistory': [5], 'WallDurations': [9.0, 212.59747099876404, 1072.0], 'JobIds': ['119111580.0'], 'State': 'finished', 'RecordedSite': True}, '6': {'Retries': 0, 'Restarts': 0, 'SiteHistory': ['Unknown', 'T2_BE_IIHE', 'T2_BE_IIHE'], 'ResidentSetSize': [818304], 'SubmitTimes': [1743594854.0], 'StartTimes': [1743595003.0], 'EndTimes': [1743596344.0], 'TotalUserCpuTimeHistory': [1141], 'TotalSysCpuTimeHistory': [5], 'WallDurations': [10.0, 212.59747099876404, 1341.0], 'JobIds': ['119111581.0'], 'State': 'finished', 'RecordedSite': True}, '5': {'Retries': 0, 'Restarts': 0, 'SiteHistory': ['Unknown', 'T2_BE_IIHE', 'T2_BE_IIHE'], 'ResidentSetSize': [1042164], 'SubmitTimes': [1743594854.0], 'StartTimes': [1743595003.0], 'EndTimes': [1743596786.0], 'TotalUserCpuTimeHistory': [1551], 'TotalSysCpuTimeHistory': [8], 'WallDurations': [9.0, 212.59747099876404, 1783.0], 'JobIds': ['119111582.0'], 'State': 'finished', 'RecordedSite': True}, '9': {'Retries': 0, 'Restarts': 0, 'SiteHistory': ['Unknown', 'T2_BE_IIHE', 'T2_BE_IIHE'], 'ResidentSetSize': [1041620], 'SubmitTimes': [1743594854.0], 'StartTimes': [1743595003.0], 'EndTimes': [1743596823.0], 'TotalUserCpuTimeHistory': [1564], 'TotalSysCpuTimeHistory': [7], 'WallDurations': [9.0, 212.59747099876404, 1820.0], 'JobIds': ['119111583.0'], 'State': 'finished', 'RecordedSite': True}, '11': {'Retries': 0, 'Restarts': 0, 'SiteHistory': ['Unknown', 'T2_BE_IIHE', 'T2_BE_IIHE'], 'ResidentSetSize': [995408], 'SubmitTimes': [1743594854.0], 'StartTimes': [1743595003.0], 'EndTimes': [1743596039.0], 'TotalUserCpuTimeHistory': [901], 'TotalSysCpuTimeHistory': [5], 'WallDurations': [9.0, 212.59747099876404, 1036.0], 'JobIds': ['119111584.0'], 'State': 'finished', 'RecordedSite': True}, '7': {'Retries': 0, 'Restarts': 0, 'SiteHistory': ['Unknown', 'T2_BE_IIHE', 'T2_BE_IIHE'], 'ResidentSetSize': [1029940], 'SubmitTimes': [1743594854.0], 'StartTimes': [1743595003.0], 'EndTimes': [1743596179.0], 'TotalUserCpuTimeHistory': [1005], 'TotalSysCpuTimeHistory': [6], 'WallDurations': [9.0, 212.59747099876404, 1176.0], 'JobIds': ['119111585.0'], 'State': 'finished', 'RecordedSite': True}, '16': {'Retries': 0, 'Restarts': 0, 'SiteHistory': ['Unknown', 'T2_BE_IIHE', 'T2_BE_IIHE'], 'ResidentSetSize': [1009312], 'SubmitTimes': [1743594854.0], 'StartTimes': [1743595003.0], 'EndTimes': [1743596202.0], 'TotalUserCpuTimeHistory': [1012], 'TotalSysCpuTimeHistory': [5], 'WallDurations': [9.0, 212.59747099876404, 1199.0], 'JobIds': ['119111586.0'], 'State': 'finished', 'RecordedSite': True}, '1': {'Retries': 0, 'Restarts': 0, 'SiteHistory': ['Unknown', 'T2_BE_IIHE', 'T2_BE_IIHE'], 'ResidentSetSize': [817836], 'SubmitTimes': [1743594854.0], 'StartTimes': [1743595003.0], 'EndTimes': [1743596209.0], 'TotalUserCpuTimeHistory': [1024], 'TotalSysCpuTimeHistory': [5], 'WallDurations': [9.0, 212.59747099876404, 1206.0], 'JobIds': ['119111587.0'], 'State': 'finished', 'RecordedSite': True}, '12': {'Retries': 0, 'Restarts': 0, 'SiteHistory': ['Unknown', 'T2_BE_IIHE', 'T2_BE_IIHE'], 'ResidentSetSize': [1033080], 'SubmitTimes': [1743594854.0], 'StartTimes': [1743595003.0], 'EndTimes': [1743596810.0], 'TotalUserCpuTimeHistory': [1579], 'TotalSysCpuTimeHistory': [8], 'WallDurations': [9.0, 212.59747099876404, 1807.0], 'JobIds': ['119111588.0'], 'State': 'finished', 'RecordedSite': True}, '25': {'Retries': 0, 'Restarts': 0, 'SiteHistory': ['Unknown', 'T2_BE_IIHE', 'T2_BE_IIHE'], 'ResidentSetSize': [1034008], 'SubmitTimes': [1743594854.0], 'StartTimes': [1743595003.0], 'EndTimes': [1743596734.0], 'TotalUserCpuTimeHistory': [1504], 'TotalSysCpuTimeHistory': [7], 'WallDurations': [9.0, 212.59747099876404, 1731.0], 'JobIds': ['119111589.0'], 'State': 'finished', 'RecordedSite': True}, '23': {'Retries': 0, 'Restarts': 0, 'SiteHistory': ['Unknown', 'T2_BE_IIHE', 'T2_BE_IIHE'], 'ResidentSetSize': [3807332], 'SubmitTimes': [1743594854.0], 'StartTimes': [1743595003.0], 'EndTimes': [1743597661.0], 'TotalUserCpuTimeHistory': [2351], 'TotalSysCpuTimeHistory': [12], 'WallDurations': [9.0, 212.59747099876404, 2658.0], 'JobIds': ['119111590.0'], 'State': 'finished', 'RecordedSite': True}, '30': {'Retries': 0, 'Restarts': 0, 'SiteHistory': ['Unknown', 'T2_BE_IIHE', 'T2_BE_IIHE'], 'ResidentSetSize': [4001276], 'SubmitTimes': [1743594854.0], 'StartTimes': [1743595004.0], 'EndTimes': [1743596948.0], 'TotalUserCpuTimeHistory': [1655], 'TotalSysCpuTimeHistory': [8], 'WallDurations': [8.0, 211.59747099876404, 1944.0], 'JobIds': ['119111591.0'], 'State': 'finished', 'RecordedSite': True}, '26': {'Retries': 0, 'Restarts': 0, 'SiteHistory': ['Unknown', 'T2_BE_IIHE', 'T2_BE_IIHE'], 'ResidentSetSize': [1011472], 'SubmitTimes': [1743594854.0], 'StartTimes': [1743595003.0], 'EndTimes': [1743596070.0], 'TotalUserCpuTimeHistory': [931], 'TotalSysCpuTimeHistory': [5], 'WallDurations': [9.0, 212.59747099876404, 1067.0], 'JobIds': ['119111592.0'], 'State': 'finished', 'RecordedSite': True}, '28': {'Retries': 0, 'Restarts': 0, 'SiteHistory': ['Unknown', 'T2_BE_IIHE', 'T2_BE_IIHE'], 'ResidentSetSize': [1035112], 'SubmitTimes': [1743594854.0], 'StartTimes': [1743595003.0], 'EndTimes': [1743596868.0], 'TotalUserCpuTimeHistory': [1604], 'TotalSysCpuTimeHistory': [7], 'WallDurations': [9.0, 212.59747099876404, 1865.0], 'JobIds': ['119111593.0'], 'State': 'finished', 'RecordedSite': True}, '34': {'Retries': 0, 'Restarts': 0, 'SiteHistory': ['Unknown', 'T2_BE_IIHE', 'T2_BE_IIHE'], 'ResidentSetSize': [980288], 'SubmitTimes': [1743594854.0], 'StartTimes': [1743595003.0], 'EndTimes': [1743596160.0], 'TotalUserCpuTimeHistory': [991], 'TotalSysCpuTimeHistory': [6], 'WallDurations': [9.0, 212.59747099876404, 1157.0], 'JobIds': ['119111594.0'], 'State': 'finished', 'RecordedSite': True}, '32': {'Retries': 0, 'Restarts': 0, 'SiteHistory': ['Unknown', 'T2_BE_IIHE', 'T2_BE_IIHE'], 'ResidentSetSize': [1038764], 'SubmitTimes': [1743594854.0], 'StartTimes': [1743595003.0], 'EndTimes': [1743596883.0], 'TotalUserCpuTimeHistory': [1622], 'TotalSysCpuTimeHistory': [7], 'WallDurations': [9.0, 212.59747099876404, 1880.0], 'JobIds': ['119111595.0'], 'State': 'finished', 'RecordedSite': True}, '22': {'Retries': 0, 'Restarts': 0, 'SiteHistory': ['Unknown', 'T2_BE_IIHE', 'T2_BE_IIHE'], 'ResidentSetSize': [1037908], 'SubmitTimes': [1743594854.0], 'StartTimes': [1743595003.0], 'EndTimes': [1743596944.0], 'TotalUserCpuTimeHistory': [1665], 'TotalSysCpuTimeHistory': [8], 'WallDurations': [9.0, 212.59747099876404, 1941.0], 'JobIds': ['119111596.0'], 'State': 'finished', 'RecordedSite': True}, '24': {'Retries': 0, 'Restarts': 0, 'SiteHistory': ['Unknown', 'T2_BE_IIHE', 'T2_BE_IIHE'], 'ResidentSetSize': [1036784], 'SubmitTimes': [1743594854.0], 'StartTimes': [1743595003.0], 'EndTimes': [1743596808.0], 'TotalUserCpuTimeHistory': [1567], 'TotalSysCpuTimeHistory': [7], 'WallDurations': [9.0, 212.59747099876404, 1805.0], 'JobIds': ['119111597.0'], 'State': 'finished', 'RecordedSite': True}, '27': {'Retries': 0, 'Restarts': 0, 'SiteHistory': ['Unknown', 'T2_BE_IIHE', 'T2_BE_IIHE'], 'ResidentSetSize': [1032752], 'SubmitTimes': [1743594854.0], 'StartTimes': [1743595004.0], 'EndTimes': [1743596115.0], 'TotalUserCpuTimeHistory': [962], 'TotalSysCpuTimeHistory': [6], 'WallDurations': [8.0, 211.59747099876404, 1111.0], 'JobIds': ['119111598.0'], 'State': 'finished', 'RecordedSite': True}, '31': {'Retries': 0, 'Restarts': 0, 'SiteHistory': ['Unknown', 'T2_BE_IIHE', 'T2_BE_IIHE'], 'ResidentSetSize': [1032688], 'SubmitTimes': [1743594854.0], 'StartTimes': [1743595003.0], 'EndTimes': [1743596031.0], 'TotalUserCpuTimeHistory': [864], 'TotalSysCpuTimeHistory': [6], 'WallDurations': [9.0, 212.59747099876404, 1028.0], 'JobIds': ['119111599.0'], 'State': 'finished', 'RecordedSite': True}, '33': {'Retries': 0, 'Restarts': 0, 'SiteHistory': ['Unknown', 'T2_BE_IIHE', 'T2_BE_IIHE'], 'ResidentSetSize': [1043216], 'SubmitTimes': [1743594854.0], 'StartTimes': [1743595003.0], 'EndTimes': [1743596875.0], 'TotalUserCpuTimeHistory': [1631], 'TotalSysCpuTimeHistory': [8], 'WallDurations': [9.0, 212.59747099876404, 1872.0], 'JobIds': ['119111600.0'], 'State': 'finished', 'RecordedSite': True}, '36': {'Retries': 0, 'Restarts': 0, 'SiteHistory': ['Unknown', 'T2_BE_IIHE', 'T2_BE_IIHE'], 'ResidentSetSize': [1034144], 'SubmitTimes': [1743594854.0], 'StartTimes': [1743595003.0], 'EndTimes': [1743596056.0], 'TotalUserCpuTimeHistory': [909], 'TotalSysCpuTimeHistory': [5], 'WallDurations': [9.0, 212.59747099876404, 1053.0], 'JobIds': ['119111601.0'], 'State': 'finished', 'RecordedSite': True}, '29': {'Retries': 0, 'Restarts': 0, 'SiteHistory': ['Unknown', 'T2_BE_IIHE', 'T2_BE_IIHE'], 'ResidentSetSize': [974164], 'SubmitTimes': [1743594854.0], 'StartTimes': [1743595003.0], 'EndTimes': [1743596069.0], 'TotalUserCpuTimeHistory': [922], 'TotalSysCpuTimeHistory': [6], 'WallDurations': [9.0, 212.59747099876404, 1066.0], 'JobIds': ['119111602.0'], 'State': 'finished', 'RecordedSite': True}, '35': {'Retries': 0, 'Restarts': 0, 'SiteHistory': ['Unknown', 'T2_BE_IIHE', 'T2_BE_IIHE'], 'ResidentSetSize': [1042688], 'SubmitTimes': [1743594854.0], 'StartTimes': [1743595003.0], 'EndTimes': [1743596853.0], 'TotalUserCpuTimeHistory': [1611], 'TotalSysCpuTimeHistory': [8], 'WallDurations': [10.0, 212.59747099876404, 1850.0], 'JobIds': ['119111603.0'], 'State': 'finished', 'RecordedSite': True}, '40': {'Retries': 0, 'Restarts': 0, 'SiteHistory': ['Unknown', 'T2_BE_IIHE', 'T2_BE_IIHE'], 'ResidentSetSize': [1048484], 'SubmitTimes': [1743594854.0], 'StartTimes': [1743595003.0], 'EndTimes': [1743596882.0], 'TotalUserCpuTimeHistory': [1625], 'TotalSysCpuTimeHistory': [8], 'WallDurations': [9.0, 212.59747099876404, 1879.0], 'JobIds': ['119111604.0'], 'State': 'finished', 'RecordedSite': True}, '39': {'Retries': 0, 'Restarts': 0, 'SiteHistory': ['Unknown', 'T2_BE_IIHE', 'T2_BE_IIHE'], 'ResidentSetSize': [3807212], 'SubmitTimes': [1743594855.0], 'StartTimes': [1743595003.0], 'EndTimes': [1743599379.0], 'TotalUserCpuTimeHistory': [3668], 'TotalSysCpuTimeHistory': [15], 'WallDurations': [9.0, 212.59747099876404, 4376.0], 'JobIds': ['119111606.0'], 'State': 'finished', 'RecordedSite': True}, '21': {'Retries': 0, 'Restarts': 0, 'SiteHistory': ['Unknown', 'T2_BE_IIHE', 'T2_BE_IIHE'], 'ResidentSetSize': [1022408], 'SubmitTimes': [1743594855.0], 'StartTimes': [1743595003.0], 'EndTimes': [1743596712.0], 'TotalUserCpuTimeHistory': [1491], 'TotalSysCpuTimeHistory': [7], 'WallDurations': [10.0, 212.59747099876404, 1709.0], 'JobIds': ['119111607.0'], 'State': 'finished', 'RecordedSite': True}, '38': {'Retries': 0, 'Restarts': 0, 'SiteHistory': ['Unknown', 'T2_BE_IIHE', 'T2_BE_IIHE'], 'ResidentSetSize': [3807980], 'SubmitTimes': [1743594855.0], 'StartTimes': [1743595003.0], 'EndTimes': [1743598187.0], 'TotalUserCpuTimeHistory': [2785], 'TotalSysCpuTimeHistory': [10], 'WallDurations': [9.0, 212.59747099876404, 3184.0], 'JobIds': ['119111608.0'], 'State': 'finished', 'RecordedSite': True}, '37': {'Retries': 0, 'Restarts': 0, 'SiteHistory': ['Unknown', 'T2_BE_IIHE', 'T2_BE_IIHE'], 'ResidentSetSize': [1040468], 'SubmitTimes': [1743594855.0], 'StartTimes': [1743595003.0], 'EndTimes': [1743596106.0], 'TotalUserCpuTimeHistory': [950], 'TotalSysCpuTimeHistory': [5], 'WallDurations': [9.0, 212.59747099876404, 1103.0], 'JobIds': ['119111609.0'], 'State': 'finished', 'RecordedSite': True}}
INFO 2025-04-02 14:14:34.179 UTC: 	 Status on the scheduler:	COMPLETED
INFO 2025-04-02 14:14:34.179 UTC: 	 
Jobs status:                    finished     		100.0% (40/40)
INFO 2025-04-02 14:14:34.179 UTC: 	 
No publication information (publication has been disabled in the CRAB configuration file)
INFO 2025-04-02 14:14:34.180 UTC: 	 
Warning: the max jobs runtime is less than 30% of the task requested value (1250 min), please consider to request a lower value for failed jobs (allowed through crab resubmit) and/or improve the jobs splitting (e.g. config.Data.splitting = 'Automatic') in a new task.
INFO 2025-04-02 14:14:34.180 UTC: 	 
Summary of run jobs:
 * Memory: 798MB min, 3933MB max, 1473MB ave
 * Runtime: 0:16:53 min, 1:12:56 max, 0:28:30 ave
 * CPU eff: 73% min, 89% max, 86% ave
 * Waste: 2:27:37 (11% of total)

INFO 2025-04-02 14:14:34.181 UTC: 	 Log file is /home/choij/workspace/CustomNanoGEN_CMSSW_13_0_13/src/Configuration/CustomNanoGEN/crab/crab_projects/crab_DY2j_LO_5f_CPPAVX2/crab.log
