DEBUG 2025-04-02 11:50:49.007 UTC: 	 CRAB Client version: v3.250318
DEBUG 2025-04-02 11:50:49.007 UTC: 	 Running on: Linux private-snu 6.13.8-200.fc41.x86_64 #1 SMP PREEMPT_DYNAMIC Sun Mar 23 05:03:09 UTC 2025 x86_64 x86_64 x86_64 GNU/Linux
DEBUG 2025-04-02 11:50:49.007 UTC: 	 Using SINGULARITY image: private-el9.sif
DEBUG 2025-04-02 11:50:49.007 UTC: 	 Operating System: AlmaLinux 9.5 (Teal Serval)
DEBUG 2025-04-02 11:50:49.007 UTC: 	 Executing command: 'submit'
DEBUG 2025-04-02 11:50:49.007 UTC: 	 Found CRAB cache file /home/choij/.crab3
INFO 2025-04-02 11:50:49.008 UTC: 	 Will use CRAB configuration file crab_config_DY0j_LO_5f_UPSTREAM.py
DEBUG 2025-04-02 11:50:49.008 UTC: 	 Loading CRAB configuration file.
DEBUG 2025-04-02 11:50:57.579 UTC: 	 Will use CRAB plugin PRIVATEMC (i.e. will run an a MC generation job type).
DEBUG 2025-04-02 11:50:57.580 UTC: 	 Checking credentials
DEBUG 2025-04-02 11:50:57.580 UTC: 	 Found proxy file /tmp/x509up_u1000
DEBUG 2025-04-02 11:50:57.580 UTC: 	 Making sure it has proper VOMS extension
DEBUG 2025-04-02 11:50:57.580 UTC: 	 Executing command :
 voms-proxy-info --vo --file /tmp/x509up_u1000
DEBUG 2025-04-02 11:50:57.897 UTC: 	 output : cms

 error: 
 retcode : 0
DEBUG 2025-04-02 11:50:57.897 UTC: 	 Getting proxy life time left
DEBUG 2025-04-02 11:50:57.897 UTC: 	 Executing command :
 voms-proxy-info --actimeleft --timeleft --file /tmp/x509up_u1000
DEBUG 2025-04-02 11:50:58.251 UTC: 	 output : 582011
582011

 error: 
 retcode : 0
DEBUG 2025-04-02 11:50:58.251 UTC: 	 Proxy valid for 161:40:11 hours
DEBUG 2025-04-02 11:50:58.251 UTC: 	 Encoded data for curl request: subresource=delegatedn
DEBUG 2025-04-02 11:50:59.097 UTC: 	 Registering user credentials on myproxy for /DC=ch/DC=cern/OU=computers/CN=crab-(preprod|prod)-tw(01|02).cern.ch|/DC=ch/DC=cern/OU=computers/CN=crab-dev-tw(01|02|03|04).cern.ch|/DC=ch/DC=cern/OU=Organic Units/OU=Users/CN=cmscrab/CN=(817881|373708)/CN=Robot: cms crab|/DC=ch/DC=cern/OU=Organic Units/OU=Users/CN=crabint1/CN=373708/CN=Robot: CMS CRAB Integration 1
DEBUG 2025-04-02 11:50:59.098 UTC: 	 Executing command :
 voms-proxy-info --identity --file /tmp/x509up_u1000
DEBUG 2025-04-02 11:50:59.408 UTC: 	 output : /DC=ch/DC=cern/OU=Organic Units/OU=Users/CN=choij/CN=841389/CN=Jin Choi

 error: 
 retcode : 0
DEBUG 2025-04-02 11:50:59.408 UTC: 	 Getting myproxy life time left for 62145c27448958522230f1583fedca774537a25d
DEBUG 2025-04-02 11:50:59.408 UTC: 	 Executing command :
 myproxy-info -s myproxy.cern.ch -l 62145c27448958522230f1583fedca774537a25d
DEBUG 2025-04-02 11:51:02.543 UTC: 	 output : username: 62145c27448958522230f1583fedca774537a25d
owner: /DC=ch/DC=cern/OU=Organic Units/OU=Users/CN=choij/CN=841389/CN=Jin Choi
  renewal policy: /DC=ch/DC=cern/OU=computers/CN=crab-(preprod|prod)-tw(01|02).cern.ch|/DC=ch/DC=cern/OU=computers/CN=crab-dev-tw(01|02|03|04).cern.ch|/DC=ch/DC=cern/OU=Organic Units/OU=Users/CN=cmscrab/CN=(817881|373708)/CN=Robot: cms crab|/DC=ch/DC=cern/OU=Organic Units/OU=Users/CN=crabint1/CN=373708/CN=Robot: CMS CRAB Integration 1
  trusted retrieval policy: /DC=ch/DC=cern/OU=computers/CN=crab-(preprod|prod)-tw(01|02).cern.ch|/DC=ch/DC=cern/OU=computers/CN=crab-dev-tw(01|02|03|04).cern.ch|/DC=ch/DC=cern/OU=Organic Units/OU=Users/CN=cmscrab/CN=(817881|373708)/CN=Robot: cms crab|/DC=ch/DC=cern/OU=Organic Units/OU=Users/CN=crabint1/CN=373708/CN=Robot: CMS CRAB Integration 1
  timeleft: 521:25:02  (21.7 days)

 error: 
 retcode : 0
DEBUG 2025-04-02 11:51:02.543 UTC: 	 Myproxy is valid: 1877100
DEBUG 2025-04-02 11:51:02.543 UTC: 	 Result of myproxy credential check:
  Credential exists on myproxy: username: 62145c27448958522230f1583fedca774537a25d  - validity: 21 days, 17:25:00
DEBUG 2025-04-02 11:51:02.544 UTC: 	 Command use: submit
DEBUG 2025-04-02 11:51:02.544 UTC: 	 Options use: ['-c', 'crab_config_DY0j_LO_5f_UPSTREAM.py']
DEBUG 2025-04-02 11:51:02.544 UTC: 	 Encoded data for curl request: subresource=version
DEBUG 2025-04-02 11:53:16.066 UTC: 	 CRABClient version: v3.250318
DEBUG 2025-04-02 11:53:16.066 UTC: 	 Instance is prod
DEBUG 2025-04-02 11:53:16.066 UTC: 	 Server base url is cmsweb.cern.ch
DEBUG 2025-04-02 11:53:16.066 UTC: 	 Command api workflow
DEBUG 2025-04-02 11:53:16.066 UTC: 	 Started submission
DEBUG 2025-04-02 11:53:16.066 UTC: 	 Working on /home/choij/workspace/CustomNanoGEN_CMSSW_13_0_13/src/Configuration/CustomNanoGEN/crab/crab_projects/crab_DY0j_LO_5f_UPSTREAM
DEBUG 2025-04-02 11:53:16.067 UTC: 	 Encoded data for curl request: subresource=backendurls
DEBUG 2025-04-02 11:53:16.912 UTC: 	 Loading required information from the environment
DEBUG 2025-04-02 11:53:16.912 UTC: 	 Found CMSSW_13_0_13 for el9_amd64_gcc11 with base /home/choij/workspace/CustomNanoGEN_CMSSW_13_0_13
DEBUG 2025-04-02 11:53:16.912 UTC: 	 UNIQUE NAME: tarUUID 4e383a33-de79-4c0d-ae88-45fb20112674 
DEBUG 2025-04-02 11:53:16.912 UTC: 	 self.config: from WMCore.Configuration import Configuration
config = Configuration()
config.section_('General')
config.General.workArea = 'crab_projects'
config.General.requestName = 'DY0j_LO_5f_UPSTREAM'
config.General.transferLogs = False
config.General.transferOutputs = True
config.section_('JobType')
config.JobType.pluginName = 'PrivateMC'
config.JobType.psetName = '../configs/Hadronizer_TuneCP5_13p6TeV_DY0j_LO_5f_UPSTREAM_LHE_pythia8_cfg.py'
config.JobType.maxMemoryMB = 5000
config.JobType.allowUndistributedCMSSW = False
config.JobType.numCores = 1
config.section_('Data')
config.Data.totalUnits = 160000
config.Data.outputPrimaryDataset = 'DY0j_LO_5f_UPSTREAM'
config.Data.outputDatasetTag = 'Run3Summer23wmLHEGS'
config.Data.splitting = 'EventBased'
config.Data.outLFNDirBase = '/store/user/choij/MG4GPU/Validation'
config.Data.unitsPerJob = 4000
config.Data.publication = False
config.section_('Site')
config.Site.storageSite = 'T3_KR_KNU'
config.section_('User')
config.section_('Debug')

DEBUG 2025-04-02 11:53:16.912 UTC: 	 self.config.JobType.psetName: ../configs/Hadronizer_TuneCP5_13p6TeV_DY0j_LO_5f_UPSTREAM_LHE_pythia8_cfg.py
INFO 2025-04-02 11:53:16.912 UTC: 	 Importing CMSSW configuration ../configs/Hadronizer_TuneCP5_13p6TeV_DY0j_LO_5f_UPSTREAM_LHE_pythia8_cfg.py
INFO 2025-04-02 11:53:17.537 UTC: 	 Finished importing CMSSW configuration ../configs/Hadronizer_TuneCP5_13p6TeV_DY0j_LO_5f_UPSTREAM_LHE_pythia8_cfg.py
DEBUG 2025-04-02 11:53:17.537 UTC: 	 Writing CMSSW configuration to /home/choij/workspace/CustomNanoGEN_CMSSW_13_0_13/src/Configuration/CustomNanoGEN/crab/crab_projects/crab_DY0j_LO_5f_UPSTREAM/inputs/PSet.py
DEBUG 2025-04-02 11:53:17.638 UTC: 	 The following EDM output files will be collected: ['NANOGEN.root']
DEBUG 2025-04-02 11:53:17.638 UTC: 	 The following TFile output files will be collected: []
DEBUG 2025-04-02 11:53:17.638 UTC: 	 The following user output files (not listed as PoolOuputModule or TFileService in the CMSSW PSet) will be collected: 
DEBUG 2025-04-02 11:53:17.638 UTC: 	 Loading required information from the environment
DEBUG 2025-04-02 11:53:17.638 UTC: 	 Found CMSSW_13_0_13 for el9_amd64_gcc11 with base /home/choij/workspace/CustomNanoGEN_CMSSW_13_0_13
DEBUG 2025-04-02 11:53:17.638 UTC: 	 Making tarball in /home/choij/workspace/CustomNanoGEN_CMSSW_13_0_13/src/Configuration/CustomNanoGEN/crab/crab_projects/crab_DY0j_LO_5f_UPSTREAM/inputs/4e383a33-de79-4c0d-ae88-45fb20112674default.tgz
DEBUG 2025-04-02 11:53:17.638 UTC: 	 Checking directory /home/choij/workspace/CustomNanoGEN_CMSSW_13_0_13/bin
DEBUG 2025-04-02 11:53:17.638 UTC: 	 Adding directory /home/choij/workspace/CustomNanoGEN_CMSSW_13_0_13/bin to tarball
DEBUG 2025-04-02 11:53:17.640 UTC: 	 Checking directory /home/choij/workspace/CustomNanoGEN_CMSSW_13_0_13/python
DEBUG 2025-04-02 11:53:17.640 UTC: 	 Adding directory /home/choij/workspace/CustomNanoGEN_CMSSW_13_0_13/python to tarball
DEBUG 2025-04-02 11:53:17.642 UTC: 	 Checking directory /home/choij/workspace/CustomNanoGEN_CMSSW_13_0_13/cfipython
DEBUG 2025-04-02 11:53:17.642 UTC: 	 Adding directory /home/choij/workspace/CustomNanoGEN_CMSSW_13_0_13/cfipython to tarball
DEBUG 2025-04-02 11:53:17.642 UTC: 	 Checking directory /home/choij/workspace/CustomNanoGEN_CMSSW_13_0_13/lib
DEBUG 2025-04-02 11:53:17.642 UTC: 	 Adding directory /home/choij/workspace/CustomNanoGEN_CMSSW_13_0_13/lib to tarball
DEBUG 2025-04-02 11:53:17.643 UTC: 	 Checking directory /home/choij/workspace/CustomNanoGEN_CMSSW_13_0_13/biglib
DEBUG 2025-04-02 11:53:17.643 UTC: 	 Adding directory /home/choij/workspace/CustomNanoGEN_CMSSW_13_0_13/biglib to tarball
DEBUG 2025-04-02 11:53:17.643 UTC: 	 Checking directory /home/choij/workspace/CustomNanoGEN_CMSSW_13_0_13/module
DEBUG 2025-04-02 11:53:17.643 UTC: 	 Checking directory /home/choij/workspace/CustomNanoGEN_CMSSW_13_0_13/config/SCRAM/hooks
DEBUG 2025-04-02 11:53:17.643 UTC: 	 Adding directory /home/choij/workspace/CustomNanoGEN_CMSSW_13_0_13/config/SCRAM/hooks to tarball
DEBUG 2025-04-02 11:53:17.648 UTC: 	 Adding directory /home/choij/workspace/CustomNanoGEN_CMSSW_13_0_13/src/Configuration/CustomNanoGEN/python to tarball
DEBUG 2025-04-02 11:53:17.795 UTC: 	 Uploading archive /home/choij/workspace/CustomNanoGEN_CMSSW_13_0_13/src/Configuration/CustomNanoGEN/crab/crab_projects/crab_DY0j_LO_5f_UPSTREAM/inputs/4e383a33-de79-4c0d-ae88-45fb20112674default.tgz (198 KB) to the CRAB cache. Using URI https://cmsweb.cern.ch/S3/crabcache_prod
DEBUG 2025-04-02 11:53:17.884 UTC: 	 Encoded data for curl request: subresource=upload&objecttype=sandbox&tarballname=8e9581746f58ec79e931635f34fea25a8ffcde025d93166c8a5325ce135b5f70.tar.gz
DEBUG 2025-04-02 11:53:18.729 UTC: 	 Will execute:
curl -f -v -X POST  -H "User-Agent: CRAB" -F "key=choij/sandboxes/8e9581746f58ec79e931635f34fea25a8ffcde025d93166c8a5325ce135b5f70.tar.gz" -F "AWSAccessKeyId=715203df6482458ba839e73e6dab634b" -F "policy=eyJleHBpcmF0aW9uIjogIjIwMjUtMDQtMDJUMTI6NTM6MThaIiwgImNvbmRpdGlvbnMiOiBbeyJidWNrZXQiOiAiY3JhYmNhY2hlX3Byb2QifSwgeyJrZXkiOiAiY2hvaWovc2FuZGJveGVzLzhlOTU4MTc0NmY1OGVjNzllOTMxNjM1ZjM0ZmVhMjVhOGZmY2RlMDI1ZDkzMTY2YzhhNTMyNWNlMTM1YjVmNzAudGFyLmd6In1dfQ==" -F "signature=7JTbv/Ld1gMIgwXS/eXrKADUpuU=" -F "file=@/home/choij/workspace/CustomNanoGEN_CMSSW_13_0_13/src/Configuration/CustomNanoGEN/crab/crab_projects/crab_DY0j_LO_5f_UPSTREAM/inputs/4e383a33-de79-4c0d-ae88-45fb20112674default.tgz" "https://s3.cern.ch/crabcache_prod"
DEBUG 2025-04-02 11:53:20.338 UTC: 	 exitcode: 0
stdout: b''
DEBUG 2025-04-02 11:53:20.338 UTC: 	 upload to S3 of sandbox /home/choij/workspace/CustomNanoGEN_CMSSW_13_0_13/src/Configuration/CustomNanoGEN/crab/crab_projects/crab_DY0j_LO_5f_UPSTREAM/inputs/4e383a33-de79-4c0d-ae88-45fb20112674default.tgz completed
DEBUG 2025-04-02 11:53:20.338 UTC: 	 make sure that object is ready for retrieve
DEBUG 2025-04-02 11:53:21.339 UTC: 	 Encoded data for curl request: subresource=download&objecttype=sandbox&tarballname=8e9581746f58ec79e931635f34fea25a8ffcde025d93166c8a5325ce135b5f70.tar.gz&clientmethod=head_object
DEBUG 2025-04-02 11:53:22.164 UTC: 	 PreSignedUrl to download sandbox received OK
DEBUG 2025-04-02 11:53:22.168 UTC: 	 Will execute:
 curl -v -s -f -o /dev/null --head  "https://s3.cern.ch/crabcache_prod/choij/sandboxes/8e9581746f58ec79e931635f34fea25a8ffcde025d93166c8a5325ce135b5f70.tar.gz?AWSAccessKeyId=715203df6482458ba839e73e6dab634b&Signature=rkA0XLqFtkxMOLUUHuX2vkKsfwY%3D&Expires=1743598402"
DEBUG 2025-04-02 11:53:22.989 UTC: 	 exitcode: 0
stdout: b''
DEBUG 2025-04-02 11:53:22.989 UTC: 	 sandbox /home/choij/workspace/CustomNanoGEN_CMSSW_13_0_13/src/Configuration/CustomNanoGEN/crab/crab_projects/crab_DY0j_LO_5f_UPSTREAM/inputs/4e383a33-de79-4c0d-ae88-45fb20112674default.tgz successfully uploaded to S3
DEBUG 2025-04-02 11:53:22.989 UTC: 	 Loading required information from the environment
DEBUG 2025-04-02 11:53:22.989 UTC: 	 Found CMSSW_13_0_13 for el9_amd64_gcc11 with base /home/choij/workspace/CustomNanoGEN_CMSSW_13_0_13
DEBUG 2025-04-02 11:53:22.989 UTC: 	 Making tarball in /home/choij/workspace/CustomNanoGEN_CMSSW_13_0_13/src/Configuration/CustomNanoGEN/crab/crab_projects/crab_DY0j_LO_5f_UPSTREAM/inputs/debugFiles.tgz
DEBUG 2025-04-02 11:53:22.992 UTC: 	 Uploading archive /home/choij/workspace/CustomNanoGEN_CMSSW_13_0_13/src/Configuration/CustomNanoGEN/crab/crab_projects/crab_DY0j_LO_5f_UPSTREAM/inputs/debugFiles.tgz (3 KB) to the CRAB cache. Using URI https://cmsweb.cern.ch/S3/crabcache_prod
DEBUG 2025-04-02 11:53:22.993 UTC: 	 Encoded data for curl request: subresource=upload&objecttype=sandbox&tarballname=0830efce78d384f36abdc3d63f8dbddb1b65ec40dd374a48f1aca195d0f39f70.tar.gz
DEBUG 2025-04-02 11:53:23.833 UTC: 	 Will execute:
curl -f -v -X POST  -H "User-Agent: CRAB" -F "key=choij/sandboxes/0830efce78d384f36abdc3d63f8dbddb1b65ec40dd374a48f1aca195d0f39f70.tar.gz" -F "AWSAccessKeyId=715203df6482458ba839e73e6dab634b" -F "policy=eyJleHBpcmF0aW9uIjogIjIwMjUtMDQtMDJUMTI6NTM6MjNaIiwgImNvbmRpdGlvbnMiOiBbeyJidWNrZXQiOiAiY3JhYmNhY2hlX3Byb2QifSwgeyJrZXkiOiAiY2hvaWovc2FuZGJveGVzLzA4MzBlZmNlNzhkMzg0ZjM2YWJkYzNkNjNmOGRiZGRiMWI2NWVjNDBkZDM3NGE0OGYxYWNhMTk1ZDBmMzlmNzAudGFyLmd6In1dfQ==" -F "signature=agjmcrAfB/ELDfxNIamO5/fSH2s=" -F "file=@/home/choij/workspace/CustomNanoGEN_CMSSW_13_0_13/src/Configuration/CustomNanoGEN/crab/crab_projects/crab_DY0j_LO_5f_UPSTREAM/inputs/debugFiles.tgz" "https://s3.cern.ch/crabcache_prod"
DEBUG 2025-04-02 11:53:24.660 UTC: 	 exitcode: 0
stdout: b''
DEBUG 2025-04-02 11:53:24.660 UTC: 	 upload to S3 of sandbox /home/choij/workspace/CustomNanoGEN_CMSSW_13_0_13/src/Configuration/CustomNanoGEN/crab/crab_projects/crab_DY0j_LO_5f_UPSTREAM/inputs/debugFiles.tgz completed
DEBUG 2025-04-02 11:53:24.660 UTC: 	 make sure that object is ready for retrieve
DEBUG 2025-04-02 11:53:25.662 UTC: 	 Encoded data for curl request: subresource=download&objecttype=sandbox&tarballname=0830efce78d384f36abdc3d63f8dbddb1b65ec40dd374a48f1aca195d0f39f70.tar.gz&clientmethod=head_object
DEBUG 2025-04-02 11:55:39.365 UTC: 	 PreSignedUrl to download sandbox received OK
DEBUG 2025-04-02 11:55:39.368 UTC: 	 Will execute:
 curl -v -s -f -o /dev/null --head  "https://s3.cern.ch/crabcache_prod/choij/sandboxes/0830efce78d384f36abdc3d63f8dbddb1b65ec40dd374a48f1aca195d0f39f70.tar.gz?AWSAccessKeyId=715203df6482458ba839e73e6dab634b&Signature=ga4rgxZdpUOeFG3TrWtLLeV%2FixY%3D&Expires=1743598539"
DEBUG 2025-04-02 11:55:40.459 UTC: 	 exitcode: 0
stdout: b''
DEBUG 2025-04-02 11:55:40.459 UTC: 	 sandbox /home/choij/workspace/CustomNanoGEN_CMSSW_13_0_13/src/Configuration/CustomNanoGEN/crab/crab_projects/crab_DY0j_LO_5f_UPSTREAM/inputs/debugFiles.tgz successfully uploaded to S3
DEBUG 2025-04-02 11:55:40.459 UTC: 	 Result uploading input files: 8e9581746f58ec79e931635f34fea25a8ffcde025d93166c8a5325ce135b5f70.tar.gz 
DEBUG 2025-04-02 11:55:40.459 UTC: 	 submit() - self.configuration from WMCore.Configuration import Configuration
config = Configuration()
config.section_('General')
config.General.workArea = 'crab_projects'
config.General.requestName = 'DY0j_LO_5f_UPSTREAM'
config.General.transferLogs = False
config.General.transferOutputs = True
config.section_('JobType')
config.JobType.pluginName = 'PrivateMC'
config.JobType.psetName = '../configs/Hadronizer_TuneCP5_13p6TeV_DY0j_LO_5f_UPSTREAM_LHE_pythia8_cfg.py'
config.JobType.maxMemoryMB = 5000
config.JobType.allowUndistributedCMSSW = False
config.JobType.numCores = 1
config.section_('Data')
config.Data.totalUnits = 160000
config.Data.outputPrimaryDataset = 'DY0j_LO_5f_UPSTREAM'
config.Data.outputDatasetTag = 'Run3Summer23wmLHEGS'
config.Data.splitting = 'EventBased'
config.Data.outLFNDirBase = '/store/user/choij/MG4GPU/Validation'
config.Data.unitsPerJob = 4000
config.Data.publication = False
config.section_('Site')
config.Site.storageSite = 'T3_KR_KNU'
config.section_('User')
config.section_('Debug')

DEBUG 2025-04-02 11:55:40.459 UTC: 	 submit() - self.configreq {'dryrun': 0, 'workflow': 'crab_DY0j_LO_5f_UPSTREAM', 'saveoutput': 1, 'savelogsflag': 0, 'primarydataset': 'DY0j_LO_5f_UPSTREAM', 'nonvaliddata': 0, 'userfiles': [], 'dbsurl': 'https://cmsweb.cern.ch/dbs/prod/global/DBSReader', 'useparent': 0, 'ignorelocality': 0, 'splitalgo': 'EventBased', 'algoargs': 4000, 'totalunits': 160000, 'lfn': '/store/user/choij/MG4GPU/Validation', 'publication': 0, 'publishdbsurl': 'https://cmsweb.cern.ch/dbs/prod/phys03/DBSWriter', 'publishname2': 'Run3Summer23wmLHEGS', 'jobtype': 'PrivateMC', 'generator': 'pythia', 'addoutputfiles': [], 'maxjobruntime': 1250, 'numcores': 1, 'maxmemory': 5000, 'priority': 10, 'nonprodsw': 0, 'asyncdest': 'T3_KR_KNU', 'requireaccelerator': 0, 'oneEventMode': 0, 'extrajdl': [], 'ignoreglobalblacklist': 0, 'partialdataset': 0, 'inputblocks': []}
DEBUG 2025-04-02 11:55:40.459 UTC: 	 submit() - jobconfig {'addoutputfiles': [], 'tfileoutfiles': [], 'edmoutfiles': ['NANOGEN.root'], 'jobarch': 'el9_amd64_gcc11', 'jobminuarch': 'any', 'jobsw': 'CMSSW_13_0_13', 'cacheurl': 'https://cmsweb.cern.ch/S3/crabcache_prod', 'cachefilename': '8e9581746f58ec79e931635f34fea25a8ffcde025d93166c8a5325ce135b5f70.tar.gz', 'debugfilename': '0830efce78d384f36abdc3d63f8dbddb1b65ec40dd374a48f1aca195d0f39f70.tar.gz', 'jobtype': 'PrivateMC', 'primarydataset': 'DY0j_LO_5f_UPSTREAM'}
INFO 2025-04-02 11:55:40.459 UTC: 	 Sending the request to the server at cmsweb.cern.ch
DEBUG 2025-04-02 11:55:40.460 UTC: 	 Submitting {'dryrun': 0, 'workflow': 'crab_DY0j_LO_5f_UPSTREAM', 'saveoutput': 1, 'savelogsflag': 0, 'primarydataset': 'DY0j_LO_5f_UPSTREAM', 'nonvaliddata': 0, 'userfiles': [], 'dbsurl': 'https://cmsweb.cern.ch/dbs/prod/global/DBSReader', 'useparent': 0, 'ignorelocality': 0, 'splitalgo': 'EventBased', 'algoargs': 4000, 'totalunits': 160000, 'lfn': '/store/user/choij/MG4GPU/Validation', 'publication': 0, 'publishdbsurl': 'https://cmsweb.cern.ch/dbs/prod/phys03/DBSWriter', 'publishname2': 'Run3Summer23wmLHEGS', 'jobtype': 'PrivateMC', 'generator': 'pythia', 'addoutputfiles': [], 'maxjobruntime': 1250, 'numcores': 1, 'maxmemory': 5000, 'priority': 10, 'nonprodsw': 0, 'asyncdest': 'T3_KR_KNU', 'requireaccelerator': 0, 'oneEventMode': 0, 'extrajdl': [], 'ignoreglobalblacklist': 0, 'partialdataset': 0, 'inputblocks': [], 'tfileoutfiles': [], 'edmoutfiles': ['NANOGEN.root'], 'jobarch': 'el9_amd64_gcc11', 'jobminuarch': 'any', 'jobsw': 'CMSSW_13_0_13', 'cacheurl': 'https://cmsweb.cern.ch/S3/crabcache_prod', 'cachefilename': '8e9581746f58ec79e931635f34fea25a8ffcde025d93166c8a5325ce135b5f70.tar.gz', 'debugfilename': '0830efce78d384f36abdc3d63f8dbddb1b65ec40dd374a48f1aca195d0f39f70.tar.gz'} 
DEBUG 2025-04-02 11:55:40.460 UTC: 	 Encoded data for curl request: dryrun=0&workflow=crab_DY0j_LO_5f_UPSTREAM&saveoutput=1&savelogsflag=0&primarydataset=DY0j_LO_5f_UPSTREAM&nonvaliddata=0&dbsurl=https%3A%2F%2Fcmsweb.cern.ch%2Fdbs%2Fprod%2Fglobal%2FDBSReader&useparent=0&ignorelocality=0&splitalgo=EventBased&algoargs=4000&totalunits=160000&lfn=%2Fstore%2Fuser%2Fchoij%2FMG4GPU%2FValidation&publication=0&publishdbsurl=https%3A%2F%2Fcmsweb.cern.ch%2Fdbs%2Fprod%2Fphys03%2FDBSWriter&publishname2=Run3Summer23wmLHEGS&jobtype=PrivateMC&generator=pythia&maxjobruntime=1250&numcores=1&maxmemory=5000&priority=10&nonprodsw=0&asyncdest=T3_KR_KNU&requireaccelerator=0&oneEventMode=0&ignoreglobalblacklist=0&partialdataset=0&jobarch=el9_amd64_gcc11&jobminuarch=any&jobsw=CMSSW_13_0_13&cacheurl=https%3A%2F%2Fcmsweb.cern.ch%2FS3%2Fcrabcache_prod&cachefilename=8e9581746f58ec79e931635f34fea25a8ffcde025d93166c8a5325ce135b5f70.tar.gz&debugfilename=0830efce78d384f36abdc3d63f8dbddb1b65ec40dd374a48f1aca195d0f39f70.tar.gz&edmoutfiles=NANOGEN.root
DEBUG 2025-04-02 11:55:41.314 UTC: 	 Result: {'result': [{'RequestName': '250402_115541:choij_crab_DY0j_LO_5f_UPSTREAM'}]}
INFO 2025-04-02 11:55:41.314 UTC: 	 Success: Your task has been delivered to the prod CRAB3 server.
INFO 2025-04-02 11:55:41.314 UTC: 	 Task name: 250402_115541:choij_crab_DY0j_LO_5f_UPSTREAM
INFO 2025-04-02 11:55:41.314 UTC: 	 Project dir: crab_projects/crab_DY0j_LO_5f_UPSTREAM
INFO 2025-04-02 11:55:41.314 UTC: 	 Please use ' crab status -d crab_projects/crab_DY0j_LO_5f_UPSTREAM ' to check how the submission process proceeds.
DEBUG 2025-04-02 11:55:41.314 UTC: 	 About to return
INFO 2025-04-02 11:55:41.316 UTC: 	 Log file is /home/choij/workspace/CustomNanoGEN_CMSSW_13_0_13/src/Configuration/CustomNanoGEN/crab/crab_projects/crab_DY0j_LO_5f_UPSTREAM/crab.log
DEBUG 2025-04-02 14:14:14.964 UTC: 	 CRAB Client version: v3.250318
DEBUG 2025-04-02 14:14:14.964 UTC: 	 Running on: Linux private-snu 6.13.8-200.fc41.x86_64 #1 SMP PREEMPT_DYNAMIC Sun Mar 23 05:03:09 UTC 2025 x86_64 x86_64 x86_64 GNU/Linux
DEBUG 2025-04-02 14:14:14.964 UTC: 	 Using SINGULARITY image: private-el9.sif
DEBUG 2025-04-02 14:14:14.964 UTC: 	 Operating System: AlmaLinux 9.5 (Teal Serval)
DEBUG 2025-04-02 14:14:14.964 UTC: 	 Executing command: 'status'
DEBUG 2025-04-02 14:14:14.965 UTC: 	 Found CRAB cache file /home/choij/.crab3
DEBUG 2025-04-02 14:14:14.966 UTC: 	 Checking credentials
DEBUG 2025-04-02 14:14:14.966 UTC: 	 Found proxy file /tmp/x509up_u1000
DEBUG 2025-04-02 14:14:14.966 UTC: 	 Making sure it has proper VOMS extension
DEBUG 2025-04-02 14:14:14.966 UTC: 	 Executing command :
 voms-proxy-info --vo --file /tmp/x509up_u1000
DEBUG 2025-04-02 14:14:15.529 UTC: 	 output : cms

 error: 
 retcode : 0
DEBUG 2025-04-02 14:14:15.529 UTC: 	 Getting proxy life time left
DEBUG 2025-04-02 14:14:15.529 UTC: 	 Executing command :
 voms-proxy-info --actimeleft --timeleft --file /tmp/x509up_u1000
DEBUG 2025-04-02 14:14:16.364 UTC: 	 output : 573413
573413

 error: 
 retcode : 0
DEBUG 2025-04-02 14:14:16.364 UTC: 	 Proxy valid for 159:16:53 hours
DEBUG 2025-04-02 14:14:16.364 UTC: 	 Encoded data for curl request: subresource=delegatedn
DEBUG 2025-04-02 14:16:33.508 UTC: 	 Registering user credentials on myproxy for /DC=ch/DC=cern/OU=computers/CN=crab-(preprod|prod)-tw(01|02).cern.ch|/DC=ch/DC=cern/OU=computers/CN=crab-dev-tw(01|02|03|04).cern.ch|/DC=ch/DC=cern/OU=Organic Units/OU=Users/CN=cmscrab/CN=(817881|373708)/CN=Robot: cms crab|/DC=ch/DC=cern/OU=Organic Units/OU=Users/CN=crabint1/CN=373708/CN=Robot: CMS CRAB Integration 1
DEBUG 2025-04-02 14:16:33.508 UTC: 	 Executing command :
 voms-proxy-info --identity --file /tmp/x509up_u1000
DEBUG 2025-04-02 14:16:33.839 UTC: 	 output : /DC=ch/DC=cern/OU=Organic Units/OU=Users/CN=choij/CN=841389/CN=Jin Choi

 error: 
 retcode : 0
DEBUG 2025-04-02 14:16:33.839 UTC: 	 Getting myproxy life time left for 62145c27448958522230f1583fedca774537a25d
DEBUG 2025-04-02 14:16:33.839 UTC: 	 Executing command :
 myproxy-info -s myproxy.cern.ch -l 62145c27448958522230f1583fedca774537a25d
DEBUG 2025-04-02 14:16:37.267 UTC: 	 output : username: 62145c27448958522230f1583fedca774537a25d
owner: /DC=ch/DC=cern/OU=Organic Units/OU=Users/CN=choij/CN=841389/CN=Jin Choi
  renewal policy: /DC=ch/DC=cern/OU=computers/CN=crab-(preprod|prod)-tw(01|02).cern.ch|/DC=ch/DC=cern/OU=computers/CN=crab-dev-tw(01|02|03|04).cern.ch|/DC=ch/DC=cern/OU=Organic Units/OU=Users/CN=cmscrab/CN=(817881|373708)/CN=Robot: cms crab|/DC=ch/DC=cern/OU=Organic Units/OU=Users/CN=crabint1/CN=373708/CN=Robot: CMS CRAB Integration 1
  trusted retrieval policy: /DC=ch/DC=cern/OU=computers/CN=crab-(preprod|prod)-tw(01|02).cern.ch|/DC=ch/DC=cern/OU=computers/CN=crab-dev-tw(01|02|03|04).cern.ch|/DC=ch/DC=cern/OU=Organic Units/OU=Users/CN=cmscrab/CN=(817881|373708)/CN=Robot: cms crab|/DC=ch/DC=cern/OU=Organic Units/OU=Users/CN=crabint1/CN=373708/CN=Robot: CMS CRAB Integration 1
  timeleft: 518:59:27  (21.6 days)

 error: 
 retcode : 0
DEBUG 2025-04-02 14:16:37.267 UTC: 	 Myproxy is valid: 1868340
DEBUG 2025-04-02 14:16:37.267 UTC: 	 Result of myproxy credential check:
  Credential exists on myproxy: username: 62145c27448958522230f1583fedca774537a25d  - validity: 21 days, 14:59:00
DEBUG 2025-04-02 14:16:37.267 UTC: 	 Retrieving username ...
DEBUG 2025-04-02 14:16:37.267 UTC: 	 Retrieving username from CRIC...
DEBUG 2025-04-02 14:16:41.252 UTC: 	 username is choij
INFO 2025-04-02 14:16:42.296 UTC: 	 Rucio client intialized for account choij
DEBUG 2025-04-02 14:16:42.296 UTC: 	 Command use: status
DEBUG 2025-04-02 14:16:42.296 UTC: 	 Options use: ['-d', 'crab_projects/crab_DY0j_LO_5f_UPSTREAM']
DEBUG 2025-04-02 14:16:42.296 UTC: 	 Encoded data for curl request: subresource=version
DEBUG 2025-04-02 14:16:43.134 UTC: 	 CRABClient version: v3.250318
DEBUG 2025-04-02 14:16:43.134 UTC: 	 Instance is prod
DEBUG 2025-04-02 14:16:43.134 UTC: 	 Server base url is cmsweb.cern.ch
DEBUG 2025-04-02 14:16:43.134 UTC: 	 Command api workflow
DEBUG 2025-04-02 14:16:43.134 UTC: 	 Encoded data for curl request: subresource=search&workflow=250402_115541%3Achoij_crab_DY0j_LO_5f_UPSTREAM
DEBUG 2025-04-02 14:18:57.067 UTC: 	 Got information from server oracle database: {'desc': {'columns': ['tm_taskname', 'tm_activity', 'tm_task_status', 'tm_task_command', 'tm_start_time', 'tm_start_injection', 'tm_end_injection', 'tm_task_failure', 'tm_job_sw', 'tm_job_arch', 'tm_input_dataset', 'tm_nonvalid_input_dataset', 'tm_use_parent', 'tm_site_whitelist', 'tm_site_blacklist', 'tm_split_algo', 'tm_split_args', 'tm_user_sandbox', 'tm_cache_url', 'tm_username', 'tm_user_dn', 'tm_user_vo', 'tm_user_role', 'tm_user_group', 'tm_publish_name', 'tm_publish_groupname', 'tm_asyncdest', 'tm_dbs_url', 'tm_publish_dbs_url', 'tm_publication', 'tm_outfiles', 'tm_tfile_outfiles', 'tm_edm_outfiles', 'tm_job_type', 'tm_generator', 'tm_events_per_lumi', 'tm_arguments', 'tm_save_logs', 'tw_name', 'tm_user_infiles', 'tm_maxjobruntime', 'tm_numcores', 'tm_maxmemory', 'tm_priority', 'tm_output_dataset', 'tm_task_warnings', 'tm_user_webdir', 'tm_scriptexe', 'tm_scriptargs', 'tm_extrajdl', 'tm_collector', 'tm_schedd', 'tm_dry_run', 'tm_user_files', 'tm_transfer_outputs', 'tm_output_lfn', 'tm_ignore_locality', 'tm_fail_limit', 'tm_one_event_mode', 'tm_secondary_input_dataset', 'tm_primary_dataset', 'tm_last_publication', 'tm_debug_files', 'clusterid', 'tm_ignore_global_blacklist', 'tm_submitter_ip_addr', 'tm_totalunits', 'tm_ddm_reqid', 'tm_user_config', 'tm_transfer_container', 'tm_transfer_rule', 'tm_publish_rule', 'tm_multipub_rule', 'tm_job_min_microarch', 'tm_dagman_status', 'tm_num_jobs', 'tm_uploaded']}, 'result': ['250402_115541:choij_crab_DY0j_LO_5f_UPSTREAM', 'None', 'SUBMITTED', 'SUBMIT', '2025-04-02 11:55:41.173392', 'None', '2025-04-02 11:58:01.560069', 'None', 'CMSSW_13_0_13', 'el9_amd64_gcc11', 'None', 'F', '0', '[]', '[]', 'EventBased', "{'halt_job_on_file_boundaries': False, 'splitOnRun': False, 'events_per_job': 4000, 'runs': [], 'lumis': []}", '8e9581746f58ec79e931635f34fea25a8ffcde025d93166c8a5325ce135b5f70.tar.gz', 'https://cmsweb.cern.ch/S3/crabcache_prod', 'choij', '/DC=ch/DC=cern/OU=Organic Units/OU=Users/CN=choij/CN=841389/CN=Jin Choi', 'cms', 'None', 'None', 'Run3Summer23wmLHEGS-00000000000000000000000000000000', 'F', 'T3_KR_KNU', 'https://cmsweb.cern.ch/dbs/prod/global/DBSReader', 'https://cmsweb.cern.ch/dbs/prod/phys03/DBSWriter', 'F', '[]', '[]', "['NANOGEN.root']", 'PrivateMC', 'pythia', 'None', '{}', 'F', 'crab-prod-tw02', '[]', '1250', '1', '5000', '10', "['/FakeDataset/fakefile-FakePublish-308475f1e0dd3c9ff97aa6c158d79a1d/USER']", "['Task requests 5000 MB of memory, but only 2500 are guaranteed to be available. Jobs may not find a site where to run and stay idle forever.']", 'http://vocms0196.cern.ch/mon/choij/250402_115541:choij_crab_DY0j_LO_5f_UPSTREAM', 'None', '[]', '[]', 'cmsgwms-collector-global.cern.ch:9620,cmsgwms-collector-global.fnal.gov:9620', 'crab3@vocms0196.cern.ch', 'F', '[]', 'T', '/store/user/choij/MG4GPU/Validation', 'F', 'None', 'F', 'None', 'DY0j_LO_5f_UPSTREAM', 'None', '0830efce78d384f36abdc3d63f8dbddb1b65ec40dd374a48f1aca195d0f39f70.tar.gz', '119111690', 'F', '137.138.154.184', '160000.0', 'None', '{"partialdataset": false, "requireaccelerator": false, "acceleratorparams": null, "inputblocks": null}', 'None', 'None', 'None', 'None', 'any', 'NOT_READY', '0', 'F']}
INFO 2025-04-02 14:18:57.067 UTC: 	 CRAB project directory:		/home/choij/workspace/CustomNanoGEN_CMSSW_13_0_13/src/Configuration/CustomNanoGEN/crab/crab_projects/crab_DY0j_LO_5f_UPSTREAM
INFO 2025-04-02 14:18:57.067 UTC: 	 Task name:			250402_115541:choij_crab_DY0j_LO_5f_UPSTREAM
INFO 2025-04-02 14:18:57.067 UTC: 	 Grid scheduler - Task Worker:	crab3@vocms0196.cern.ch - crab-prod-tw02
INFO 2025-04-02 14:18:57.067 UTC: 	 Status on the CRAB server:	SUBMITTED
INFO 2025-04-02 14:18:57.067 UTC: 	 Task URL to use for HELP:	https://cmsweb.cern.ch/crabserver/ui/task/250402_115541%3Achoij_crab_DY0j_LO_5f_UPSTREAM
INFO 2025-04-02 14:18:57.072 UTC: 	 Dashboard monitoring URL:	https://monit-grafana.cern.ch/d/cmsTMDetail/cms-task-monitoring-task-view?orgId=11&var-user=choij&var-task=250402_115541%3Achoij_crab_DY0j_LO_5f_UPSTREAM&from=1743591341000&to=now
WARNING 2025-04-02 14:18:57.072 UTC: 	 Warning:			Task requests 5000 MB of memory, but only 2500 are guaranteed to be available. Jobs may not find a site where to run and stay idle forever.
DEBUG 2025-04-02 14:18:57.072 UTC: 	 The CRAB server submitted your task to the Grid scheduler (cluster ID: 119111690)
DEBUG 2025-04-02 14:18:57.072 UTC: 	 Webdir is located at http://vocms0196.cern.ch/mon/choij/250402_115541:choij_crab_DY0j_LO_5f_UPSTREAM
DEBUG 2025-04-02 14:18:57.072 UTC: 	 Encoded data for curl request: subresource=webdirprx&workflow=250402_115541%3Achoij_crab_DY0j_LO_5f_UPSTREAM
DEBUG 2025-04-02 14:18:57.904 UTC: 	 Proxied webdir is located at https://cmsweb.cern.ch:8443/scheddmon/0196/choij/250402_115541:choij_crab_DY0j_LO_5f_UPSTREAM
DEBUG 2025-04-02 14:18:57.904 UTC: 	 Retrieving 'status_cache' file from https://cmsweb.cern.ch:8443/scheddmon/0196/choij/250402_115541:choij_crab_DY0j_LO_5f_UPSTREAM/status_cache.pkl
DEBUG 2025-04-02 14:18:57.904 UTC: 	 Will execute:
curl -sS --capath /cvmfs/grid.cern.ch/etc/grid-security/certificates --cert /tmp/x509up_u1000 --key /tmp/x509up_u1000 -o /tmp/crab_status-cache-1900o8n2.pkl -w %"{http_code}" "https://cmsweb.cern.ch:8443/scheddmon/0196/choij/250402_115541:choij_crab_DY0j_LO_5f_UPSTREAM/status_cache.pkl"
DEBUG 2025-04-02 14:18:57.904 UTC: 	 Executing command :
 curl -sS --capath /cvmfs/grid.cern.ch/etc/grid-security/certificates --cert /tmp/x509up_u1000 --key /tmp/x509up_u1000 -o /tmp/crab_status-cache-1900o8n2.pkl -w %"{http_code}" "https://cmsweb.cern.ch:8443/scheddmon/0196/choij/250402_115541:choij_crab_DY0j_LO_5f_UPSTREAM/status_cache.pkl"
DEBUG 2025-04-02 14:18:58.982 UTC: 	 output : 200
 error: 
 retcode : 0
DEBUG 2025-04-02 14:18:58.982 UTC: 	 exitcode: 0
stdout: 200
stderr: 
error details: 
DEBUG 2025-04-02 14:18:58.982 UTC: 	 Got information from status cache file: {'9': {'Retries': 0, 'Restarts': 0, 'SiteHistory': ['Unknown', 'T2_CH_CERN', 'T2_CH_CERN'], 'ResidentSetSize': [1102144], 'SubmitTimes': [1743595149.0], 'StartTimes': [1743595481.0], 'EndTimes': [1743597301.0], 'TotalUserCpuTimeHistory': [1587], 'TotalSysCpuTimeHistory': [13], 'WallDurations': [9.0, 31.10347056388855, 1820.0], 'JobIds': ['119111725.0'], 'State': 'finished', 'RecordedSite': True}, '5': {'Retries': 0, 'Restarts': 0, 'SiteHistory': ['Unknown', 'T2_BE_IIHE', 'T2_BE_IIHE'], 'ResidentSetSize': [1091384], 'SubmitTimes': [1743595149.0], 'StartTimes': [1743595253.0], 'EndTimes': [1743597153.0], 'TotalUserCpuTimeHistory': [1713], 'TotalSysCpuTimeHistory': [10], 'WallDurations': [9.0, 259.10347056388855, 1900.0], 'JobIds': ['119111726.0'], 'State': 'finished', 'RecordedSite': True}, '13': {'Retries': 0, 'Restarts': 0, 'SiteHistory': ['Unknown', 'T2_CH_CERN', 'T2_CH_CERN'], 'ResidentSetSize': [1077360], 'SubmitTimes': [1743595149.0], 'StartTimes': [1743595481.0], 'EndTimes': [1743597712.0], 'TotalUserCpuTimeHistory': [1926], 'TotalSysCpuTimeHistory': [12], 'WallDurations': [9.0, 31.10347056388855, 2231.0], 'JobIds': ['119111727.0'], 'State': 'finished', 'RecordedSite': True}, '18': {'Retries': 0, 'Restarts': 0, 'SiteHistory': ['Unknown', 'T2_CH_CERN', 'T2_CH_CERN'], 'ResidentSetSize': [1098340], 'SubmitTimes': [1743595149.0], 'StartTimes': [1743595481.0], 'EndTimes': [1743596761.0], 'TotalUserCpuTimeHistory': [1135], 'TotalSysCpuTimeHistory': [7], 'WallDurations': [9.0, 31.10347056388855, 1280.0], 'JobIds': ['119111728.0'], 'State': 'finished', 'RecordedSite': True}, '2': {'Retries': 0, 'Restarts': 0, 'SiteHistory': ['Unknown', 'T2_BE_IIHE', 'T2_BE_IIHE'], 'ResidentSetSize': [1089016], 'SubmitTimes': [1743595150.0], 'StartTimes': [1743595253.0], 'EndTimes': [1743597174.0], 'TotalUserCpuTimeHistory': [1740], 'TotalSysCpuTimeHistory': [9], 'WallDurations': [9.0, 259.10347056388855, 1921.0], 'JobIds': ['119111729.0'], 'State': 'finished', 'RecordedSite': True}, '14': {'Retries': 0, 'Restarts': 0, 'SiteHistory': ['Unknown', 'T2_CH_CERN', 'T2_CH_CERN'], 'ResidentSetSize': [1081504], 'SubmitTimes': [1743595150.0], 'StartTimes': [1743595481.0], 'EndTimes': [1743597259.0], 'TotalUserCpuTimeHistory': [1555], 'TotalSysCpuTimeHistory': [10], 'WallDurations': [9.0, 31.10347056388855, 1778.0], 'JobIds': ['119111730.0'], 'State': 'finished', 'RecordedSite': True}, '16': {'Retries': 0, 'Restarts': 0, 'SiteHistory': ['Unknown', 'T2_CH_CERN', 'T2_CH_CERN'], 'ResidentSetSize': [3995584], 'SubmitTimes': [1743595150.0], 'StartTimes': [1743595481.0], 'EndTimes': [1743599965.0], 'TotalUserCpuTimeHistory': [3744], 'TotalSysCpuTimeHistory': [35], 'WallDurations': [9.0, 31.10347056388855, 4484.0], 'JobIds': ['119111731.0'], 'State': 'finished', 'RecordedSite': True}, '6': {'Retries': 0, 'Restarts': 0, 'SiteHistory': ['Unknown', 'T2_CH_CERN', 'T2_CH_CERN'], 'ResidentSetSize': [1087520], 'SubmitTimes': [1743595150.0], 'StartTimes': [1743595483.0], 'EndTimes': [1743596907.0], 'TotalUserCpuTimeHistory': [1250], 'TotalSysCpuTimeHistory': [10], 'WallDurations': [8.0, 29.10347056388855, 1424.0], 'JobIds': ['119111732.0'], 'State': 'finished', 'RecordedSite': True}, '4': {'Retries': 0, 'Restarts': 0, 'SiteHistory': ['Unknown', 'T2_BE_IIHE', 'T2_BE_IIHE'], 'ResidentSetSize': [1100944], 'SubmitTimes': [1743595150.0], 'StartTimes': [1743595253.0], 'EndTimes': [1743597166.0], 'TotalUserCpuTimeHistory': [1730], 'TotalSysCpuTimeHistory': [8], 'WallDurations': [9.0, 259.10347056388855, 1913.0], 'JobIds': ['119111733.0'], 'State': 'finished', 'RecordedSite': True}, '7': {'Retries': 0, 'Restarts': 0, 'SiteHistory': ['Unknown', 'T2_CH_CERN', 'T2_CH_CERN'], 'ResidentSetSize': [1098556], 'SubmitTimes': [1743595150.0], 'StartTimes': [1743595481.0], 'EndTimes': [1743596783.0], 'TotalUserCpuTimeHistory': [1146], 'TotalSysCpuTimeHistory': [8], 'WallDurations': [8.0, 31.10347056388855, 1302.0], 'JobIds': ['119111734.0'], 'State': 'finished', 'RecordedSite': True}, '12': {'Retries': 0, 'Restarts': 0, 'SiteHistory': ['Unknown', 'T2_CH_CERN', 'T2_CH_CERN'], 'ResidentSetSize': [1105008], 'SubmitTimes': [1743595150.0], 'StartTimes': [1743595483.0], 'EndTimes': [1743597024.0], 'TotalUserCpuTimeHistory': [1339], 'TotalSysCpuTimeHistory': [10], 'WallDurations': [9.0, 29.10347056388855, 1541.0], 'JobIds': ['119111735.0'], 'State': 'finished', 'RecordedSite': True}, '11': {'Retries': 0, 'Restarts': 0, 'SiteHistory': ['Unknown', 'T2_CH_CERN', 'T2_CH_CERN'], 'ResidentSetSize': [1102552], 'SubmitTimes': [1743595150.0], 'StartTimes': [1743595481.0], 'EndTimes': [1743596763.0], 'TotalUserCpuTimeHistory': [1122], 'TotalSysCpuTimeHistory': [7], 'WallDurations': [9.0, 31.10347056388855, 1282.0], 'JobIds': ['119111736.0'], 'State': 'finished', 'RecordedSite': True}, '1': {'Retries': 0, 'Restarts': 0, 'SiteHistory': ['Unknown', 'T2_BE_IIHE', 'T2_BE_IIHE'], 'ResidentSetSize': [868388], 'SubmitTimes': [1743595150.0], 'StartTimes': [1743595254.0], 'EndTimes': [1743598591.0], 'TotalUserCpuTimeHistory': [3057], 'TotalSysCpuTimeHistory': [14], 'WallDurations': [9.0, 258.10347056388855, 3337.0], 'JobIds': ['119111737.0'], 'State': 'finished', 'RecordedSite': True}, '3': {'Retries': 0, 'Restarts': 0, 'SiteHistory': ['Unknown', 'T2_BE_IIHE', 'T2_BE_IIHE'], 'ResidentSetSize': [1093960], 'SubmitTimes': [1743595150.0], 'StartTimes': [1743595253.0], 'EndTimes': [1743596400.0], 'TotalUserCpuTimeHistory': [1015], 'TotalSysCpuTimeHistory': [7], 'WallDurations': [9.0, 259.10347056388855, 1147.0], 'JobIds': ['119111738.0'], 'State': 'finished', 'RecordedSite': True}, '8': {'Retries': 0, 'Restarts': 0, 'SiteHistory': ['Unknown', 'T2_CH_CERN', 'T2_CH_CERN'], 'ResidentSetSize': [1090340], 'SubmitTimes': [1743595150.0], 'StartTimes': [1743595482.0], 'EndTimes': [1743597043.0], 'TotalUserCpuTimeHistory': [1348], 'TotalSysCpuTimeHistory': [10], 'WallDurations': [8.0, 30.10347056388855, 1561.0], 'JobIds': ['119111739.0'], 'State': 'finished', 'RecordedSite': True}, '15': {'Retries': 0, 'Restarts': 0, 'SiteHistory': ['Unknown', 'T2_CH_CERN', 'T2_CH_CERN'], 'ResidentSetSize': [1110280], 'SubmitTimes': [1743595150.0], 'StartTimes': [1743595482.0], 'EndTimes': [1743597012.0], 'TotalUserCpuTimeHistory': [1342], 'TotalSysCpuTimeHistory': [10], 'WallDurations': [8.0, 30.10347056388855, 1530.0], 'JobIds': ['119111741.0'], 'State': 'finished', 'RecordedSite': True}, '20': {'Retries': 0, 'Restarts': 0, 'SiteHistory': ['T2_CH_CERN', 'T2_CH_CERN'], 'ResidentSetSize': [1103148], 'SubmitTimes': [1743595150.0], 'StartTimes': [1743595183.0], 'EndTimes': [1743598079.0], 'TotalUserCpuTimeHistory': [2524], 'TotalSysCpuTimeHistory': [11], 'WallDurations': [8.0, 2896.0], 'JobIds': ['119111742.0'], 'State': 'finished', 'RecordedSite': True}, '19': {'Retries': 0, 'Restarts': 0, 'SiteHistory': ['Unknown', 'T2_CH_CERN', 'T2_CH_CERN'], 'ResidentSetSize': [1098280], 'SubmitTimes': [1743595150.0], 'StartTimes': [1743595483.0], 'EndTimes': [1743597155.0], 'TotalUserCpuTimeHistory': [1459], 'TotalSysCpuTimeHistory': [11], 'WallDurations': [8.0, 29.10347056388855, 1672.0], 'JobIds': ['119111743.0'], 'State': 'finished', 'RecordedSite': True}, '17': {'Retries': 0, 'Restarts': 0, 'SiteHistory': ['Unknown', 'T2_CH_CERN', 'T2_CH_CERN'], 'ResidentSetSize': [1085672], 'SubmitTimes': [1743595150.0], 'StartTimes': [1743595482.0], 'EndTimes': [1743597469.0], 'TotalUserCpuTimeHistory': [1717], 'TotalSysCpuTimeHistory': [13], 'WallDurations': [9.0, 30.10347056388855, 1987.0], 'JobIds': ['119111744.0'], 'State': 'finished', 'RecordedSite': True}, '10': {'Retries': 0, 'Restarts': 0, 'SiteHistory': ['Unknown', 'T2_CH_CERN', 'T2_CH_CERN'], 'ResidentSetSize': [1083168], 'SubmitTimes': [1743595150.0], 'StartTimes': [1743595482.0], 'EndTimes': [1743597265.0], 'TotalUserCpuTimeHistory': [1552], 'TotalSysCpuTimeHistory': [12], 'WallDurations': [9.0, 30.10347056388855, 1783.0], 'JobIds': ['119111745.0'], 'State': 'finished', 'RecordedSite': True}, '32': {'Retries': 0, 'Restarts': 0, 'SiteHistory': ['Unknown', 'T2_CH_CERN', 'T2_CH_CERN'], 'ResidentSetSize': [1101568], 'SubmitTimes': [1743595150.0], 'StartTimes': [1743595483.0], 'EndTimes': [1743597051.0], 'TotalUserCpuTimeHistory': [1360], 'TotalSysCpuTimeHistory': [11], 'WallDurations': [9.0, 29.10347056388855, 1568.0], 'JobIds': ['119111746.0'], 'State': 'finished', 'RecordedSite': True}, '35': {'Retries': 0, 'Restarts': 0, 'SiteHistory': ['Unknown', 'T2_CH_CERN', 'T2_CH_CERN'], 'ResidentSetSize': [1092192], 'SubmitTimes': [1743595150.0], 'StartTimes': [1743595483.0], 'EndTimes': [1743597078.0], 'TotalUserCpuTimeHistory': [1387], 'TotalSysCpuTimeHistory': [10], 'WallDurations': [9.0, 29.10347056388855, 1595.0], 'JobIds': ['119111747.0'], 'State': 'finished', 'RecordedSite': True}, '26': {'Retries': 0, 'Restarts': 0, 'SiteHistory': ['T2_CH_CERN', 'T2_CH_CERN'], 'ResidentSetSize': [4048128], 'SubmitTimes': [1743595150.0], 'StartTimes': [1743595183.0], 'EndTimes': [1743599307.0], 'TotalUserCpuTimeHistory': [3572], 'TotalSysCpuTimeHistory': [17], 'WallDurations': [10.0, 4124.0], 'JobIds': ['119111748.0'], 'State': 'finished', 'RecordedSite': True}, '31': {'Retries': 0, 'Restarts': 0, 'SiteHistory': ['Unknown', 'T2_BE_IIHE', 'T2_BE_IIHE'], 'ResidentSetSize': [1090528], 'SubmitTimes': [1743595150.0], 'StartTimes': [1743595252.0], 'EndTimes': [1743597146.0], 'TotalUserCpuTimeHistory': [1707], 'TotalSysCpuTimeHistory': [10], 'WallDurations': [9.0, 260.10347056388855, 1894.0], 'JobIds': ['119111749.0'], 'State': 'finished', 'RecordedSite': True}, '27': {'Retries': 0, 'Restarts': 0, 'SiteHistory': ['Unknown', 'T2_RU_JINR', 'T2_RU_JINR'], 'ResidentSetSize': [2854864], 'SubmitTimes': [1743595150.0], 'StartTimes': [1743595255.0], 'EndTimes': [1743597598.0], 'TotalUserCpuTimeHistory': [1929], 'TotalSysCpuTimeHistory': [8], 'WallDurations': [10.0, 257.10347056388855, 2343.0], 'JobIds': ['119111750.0'], 'State': 'finished', 'RecordedSite': True}, '38': {'Retries': 0, 'Restarts': 0, 'SiteHistory': ['Unknown', 'T2_BE_IIHE', 'T2_BE_IIHE'], 'ResidentSetSize': [874224], 'SubmitTimes': [1743595150.0], 'StartTimes': [1743595253.0], 'EndTimes': [1743596304.0], 'TotalUserCpuTimeHistory': [949], 'TotalSysCpuTimeHistory': [4], 'WallDurations': [8.0, 259.10347056388855, 1051.0], 'JobIds': ['119111751.0'], 'State': 'finished', 'RecordedSite': True}, '23': {'Retries': 0, 'Restarts': 0, 'SiteHistory': ['Unknown', 'T2_BE_IIHE', 'T2_BE_IIHE'], 'ResidentSetSize': [1082572], 'SubmitTimes': [1743595150.0], 'StartTimes': [1743595253.0], 'EndTimes': [1743597538.0], 'TotalUserCpuTimeHistory': [2030], 'TotalSysCpuTimeHistory': [11], 'WallDurations': [9.0, 259.10347056388855, 2285.0], 'JobIds': ['119111752.0'], 'State': 'finished', 'RecordedSite': True}, '24': {'Retries': 0, 'Restarts': 0, 'SiteHistory': ['Unknown', 'T2_BE_IIHE', 'T2_BE_IIHE'], 'ResidentSetSize': [1097264], 'SubmitTimes': [1743595150.0], 'StartTimes': [1743595252.0], 'EndTimes': [1743596265.0], 'TotalUserCpuTimeHistory': [910], 'TotalSysCpuTimeHistory': [5], 'WallDurations': [8.0, 260.10347056388855, 1013.0], 'JobIds': ['119111753.0'], 'State': 'finished', 'RecordedSite': True}, '37': {'Retries': 0, 'Restarts': 0, 'SiteHistory': ['Unknown', 'T2_BE_IIHE', 'T2_BE_IIHE'], 'ResidentSetSize': [1094644], 'SubmitTimes': [1743595150.0], 'StartTimes': [1743595252.0], 'EndTimes': [1743597105.0], 'TotalUserCpuTimeHistory': [1690], 'TotalSysCpuTimeHistory': [9], 'WallDurations': [9.0, 260.10347056388855, 1853.0], 'JobIds': ['119111754.0'], 'State': 'finished', 'RecordedSite': True}, '33': {'Retries': 0, 'Restarts': 0, 'SiteHistory': ['Unknown', 'T2_IT_Bari', 'T2_IT_Bari'], 'ResidentSetSize': [891048], 'SubmitTimes': [1743595150.0], 'StartTimes': [1743595253.0], 'EndTimes': [1743596780.0], 'TotalUserCpuTimeHistory': [1367], 'TotalSysCpuTimeHistory': [6], 'WallDurations': [8.0, 259.10347056388855, 1527.0], 'JobIds': ['119111755.0'], 'State': 'finished', 'RecordedSite': True}, '22': {'Retries': 0, 'Restarts': 0, 'SiteHistory': ['Unknown', 'T2_UK_London_IC', 'T2_UK_London_IC'], 'ResidentSetSize': [4006764], 'SubmitTimes': [1743595150.0], 'StartTimes': [1743595253.0], 'EndTimes': [1743598956.0], 'TotalUserCpuTimeHistory': [2478], 'TotalSysCpuTimeHistory': [19], 'WallDurations': [9.0, 259.10347056388855, 3703.0], 'JobIds': ['119111756.0'], 'State': 'finished', 'RecordedSite': True}, '25': {'Retries': 0, 'Restarts': 0, 'SiteHistory': ['Unknown', 'T2_IT_Bari', 'T2_IT_Bari'], 'ResidentSetSize': [887156], 'SubmitTimes': [1743595150.0], 'StartTimes': [1743595253.0], 'EndTimes': [1743597832.0], 'TotalUserCpuTimeHistory': [2267], 'TotalSysCpuTimeHistory': [19], 'WallDurations': [9.0, 259.10347056388855, 2579.0], 'JobIds': ['119111757.0'], 'State': 'finished', 'RecordedSite': True}, '36': {'Retries': 0, 'Restarts': 0, 'SiteHistory': ['Unknown', 'T2_ES_CIEMAT', 'T2_ES_CIEMAT'], 'ResidentSetSize': [4025660], 'SubmitTimes': [1743595150.0], 'StartTimes': [1743595254.0], 'EndTimes': [1743597998.0], 'TotalUserCpuTimeHistory': [2282], 'TotalSysCpuTimeHistory': [8], 'WallDurations': [9.0, 258.10347056388855, 2744.0], 'JobIds': ['119111758.0'], 'State': 'finished', 'RecordedSite': True}, '34': {'Retries': 0, 'Restarts': 0, 'SiteHistory': ['Unknown', 'T2_BE_IIHE', 'T2_BE_IIHE'], 'ResidentSetSize': [882792], 'SubmitTimes': [1743595150.0], 'StartTimes': [1743595255.0], 'EndTimes': [1743596511.0], 'TotalUserCpuTimeHistory': [1128], 'TotalSysCpuTimeHistory': [4], 'WallDurations': [8.0, 257.10347056388855, 1256.0], 'JobIds': ['119111759.0'], 'State': 'finished', 'RecordedSite': True}, '30': {'Retries': 0, 'Restarts': 0, 'SiteHistory': ['Unknown', 'T2_CH_CSCS', 'T2_CH_CSCS'], 'ResidentSetSize': [1044476], 'SubmitTimes': [1743595150.0], 'StartTimes': [1743595253.0], 'EndTimes': [1743596921.0], 'TotalUserCpuTimeHistory': [1466], 'TotalSysCpuTimeHistory': [17], 'WallDurations': [8.0, 259.10347056388855, 1668.0], 'JobIds': ['119111760.0'], 'State': 'finished', 'RecordedSite': True}, '29': {'Retries': 0, 'Restarts': 0, 'SiteHistory': ['Unknown', 'T2_BE_IIHE', 'T2_BE_IIHE'], 'ResidentSetSize': [996512], 'SubmitTimes': [1743595150.0], 'StartTimes': [1743595253.0], 'EndTimes': [1743596483.0], 'TotalUserCpuTimeHistory': [1093], 'TotalSysCpuTimeHistory': [7], 'WallDurations': [9.0, 259.10347056388855, 1230.0], 'JobIds': ['119111761.0'], 'State': 'finished', 'RecordedSite': True}, '39': {'Retries': 0, 'Restarts': 0, 'SiteHistory': ['Unknown', 'T2_UK_London_IC', 'T2_UK_London_IC'], 'ResidentSetSize': [3995380], 'SubmitTimes': [1743595151.0], 'StartTimes': [1743595254.0], 'EndTimes': [1743598557.0], 'TotalUserCpuTimeHistory': [2229], 'TotalSysCpuTimeHistory': [13], 'WallDurations': [9.0, 258.10347056388855, 3303.0], 'JobIds': ['119111762.0'], 'State': 'finished', 'RecordedSite': True}, '21': {'Retries': 0, 'Restarts': 0, 'SiteHistory': ['Unknown', 'T2_RU_JINR', 'T2_RU_JINR'], 'ResidentSetSize': [903092], 'SubmitTimes': [1743595151.0], 'StartTimes': [1743595254.0], 'EndTimes': [1743597930.0], 'TotalUserCpuTimeHistory': [2139], 'TotalSysCpuTimeHistory': [9], 'WallDurations': [9.0, 258.10347056388855, 2676.0], 'JobIds': ['119111763.0'], 'State': 'finished', 'RecordedSite': True}, '40': {'Retries': 0, 'Restarts': 0, 'SiteHistory': ['Unknown', 'T2_BE_IIHE', 'T2_BE_IIHE'], 'ResidentSetSize': [1084416], 'SubmitTimes': [1743595151.0], 'StartTimes': [1743595252.0], 'EndTimes': [1743597258.0], 'TotalUserCpuTimeHistory': [1794], 'TotalSysCpuTimeHistory': [9], 'WallDurations': [9.0, 260.10347056388855, 2006.0], 'JobIds': ['119111764.0'], 'State': 'finished', 'RecordedSite': True}, '28': {'Retries': 0, 'Restarts': 0, 'SiteHistory': ['Unknown', 'T2_UK_London_IC', 'T2_UK_London_IC'], 'ResidentSetSize': [1097768], 'SubmitTimes': [1743595151.0], 'StartTimes': [1743595252.0], 'EndTimes': [1743597801.0], 'TotalUserCpuTimeHistory': [2152], 'TotalSysCpuTimeHistory': [14], 'WallDurations': [9.0, 260.10347056388855, 2549.0], 'JobIds': ['119111765.0'], 'State': 'finished', 'RecordedSite': True}}
INFO 2025-04-02 14:18:58.982 UTC: 	 Status on the scheduler:	COMPLETED
INFO 2025-04-02 14:18:58.982 UTC: 	 
Jobs status:                    finished     		100.0% (40/40)
INFO 2025-04-02 14:18:58.982 UTC: 	 
No publication information (publication has been disabled in the CRAB configuration file)
INFO 2025-04-02 14:18:58.983 UTC: 	 
Warning: the max jobs runtime is less than 30% of the task requested value (1250 min), please consider to request a lower value for failed jobs (allowed through crab resubmit) and/or improve the jobs splitting (e.g. config.Data.splitting = 'Automatic') in a new task.
INFO 2025-04-02 14:18:58.983 UTC: 	 
Summary of run jobs:
 * Memory: 848MB min, 3953MB max, 1433MB ave
 * Runtime: 0:16:53 min, 1:14:44 max, 0:34:03 ave
 * CPU eff: 67% min, 92% max, 86% ave
 * Waste: 1:48:51 (7% of total)

INFO 2025-04-02 14:18:58.985 UTC: 	 Log file is /home/choij/workspace/CustomNanoGEN_CMSSW_13_0_13/src/Configuration/CustomNanoGEN/crab/crab_projects/crab_DY0j_LO_5f_UPSTREAM/crab.log
