DEBUG 2025-04-02 11:58:39.240 UTC: 	 CRAB Client version: v3.250318
DEBUG 2025-04-02 11:58:39.240 UTC: 	 Running on: Linux private-snu 6.13.8-200.fc41.x86_64 #1 SMP PREEMPT_DYNAMIC Sun Mar 23 05:03:09 UTC 2025 x86_64 x86_64 x86_64 GNU/Linux
DEBUG 2025-04-02 11:58:39.240 UTC: 	 Using SINGULARITY image: private-el9.sif
DEBUG 2025-04-02 11:58:39.240 UTC: 	 Operating System: AlmaLinux 9.5 (Teal Serval)
DEBUG 2025-04-02 11:58:39.240 UTC: 	 Executing command: 'submit'
DEBUG 2025-04-02 11:58:39.240 UTC: 	 Found CRAB cache file /home/choij/.crab3
INFO 2025-04-02 11:58:39.241 UTC: 	 Will use CRAB configuration file crab_config_W2j_LO_5f_UPSTREAM.py
DEBUG 2025-04-02 11:58:39.241 UTC: 	 Loading CRAB configuration file.
DEBUG 2025-04-02 11:58:40.930 UTC: 	 Will use CRAB plugin PRIVATEMC (i.e. will run an a MC generation job type).
DEBUG 2025-04-02 11:58:40.930 UTC: 	 Checking credentials
DEBUG 2025-04-02 11:58:40.930 UTC: 	 Found proxy file /tmp/x509up_u1000
DEBUG 2025-04-02 11:58:40.930 UTC: 	 Making sure it has proper VOMS extension
DEBUG 2025-04-02 11:58:40.930 UTC: 	 Executing command :
 voms-proxy-info --vo --file /tmp/x509up_u1000
DEBUG 2025-04-02 11:58:41.215 UTC: 	 output : cms

 error: 
 retcode : 0
DEBUG 2025-04-02 11:58:41.215 UTC: 	 Getting proxy life time left
DEBUG 2025-04-02 11:58:41.215 UTC: 	 Executing command :
 voms-proxy-info --actimeleft --timeleft --file /tmp/x509up_u1000
DEBUG 2025-04-02 11:58:41.500 UTC: 	 output : 581548
581548

 error: 
 retcode : 0
DEBUG 2025-04-02 11:58:41.500 UTC: 	 Proxy valid for 161:32:28 hours
DEBUG 2025-04-02 11:58:41.500 UTC: 	 Encoded data for curl request: subresource=delegatedn
DEBUG 2025-04-02 11:58:42.325 UTC: 	 Registering user credentials on myproxy for /DC=ch/DC=cern/OU=computers/CN=crab-(preprod|prod)-tw(01|02).cern.ch|/DC=ch/DC=cern/OU=computers/CN=crab-dev-tw(01|02|03|04).cern.ch|/DC=ch/DC=cern/OU=Organic Units/OU=Users/CN=cmscrab/CN=(817881|373708)/CN=Robot: cms crab|/DC=ch/DC=cern/OU=Organic Units/OU=Users/CN=crabint1/CN=373708/CN=Robot: CMS CRAB Integration 1
DEBUG 2025-04-02 11:58:42.325 UTC: 	 Executing command :
 voms-proxy-info --identity --file /tmp/x509up_u1000
DEBUG 2025-04-02 11:58:42.612 UTC: 	 output : /DC=ch/DC=cern/OU=Organic Units/OU=Users/CN=choij/CN=841389/CN=Jin Choi

 error: 
 retcode : 0
DEBUG 2025-04-02 11:58:42.612 UTC: 	 Getting myproxy life time left for 62145c27448958522230f1583fedca774537a25d
DEBUG 2025-04-02 11:58:42.613 UTC: 	 Executing command :
 myproxy-info -s myproxy.cern.ch -l 62145c27448958522230f1583fedca774537a25d
DEBUG 2025-04-02 11:58:44.374 UTC: 	 output : username: 62145c27448958522230f1583fedca774537a25d
owner: /DC=ch/DC=cern/OU=Organic Units/OU=Users/CN=choij/CN=841389/CN=Jin Choi
  renewal policy: /DC=ch/DC=cern/OU=computers/CN=crab-(preprod|prod)-tw(01|02).cern.ch|/DC=ch/DC=cern/OU=computers/CN=crab-dev-tw(01|02|03|04).cern.ch|/DC=ch/DC=cern/OU=Organic Units/OU=Users/CN=cmscrab/CN=(817881|373708)/CN=Robot: cms crab|/DC=ch/DC=cern/OU=Organic Units/OU=Users/CN=crabint1/CN=373708/CN=Robot: CMS CRAB Integration 1
  trusted retrieval policy: /DC=ch/DC=cern/OU=computers/CN=crab-(preprod|prod)-tw(01|02).cern.ch|/DC=ch/DC=cern/OU=computers/CN=crab-dev-tw(01|02|03|04).cern.ch|/DC=ch/DC=cern/OU=Organic Units/OU=Users/CN=cmscrab/CN=(817881|373708)/CN=Robot: cms crab|/DC=ch/DC=cern/OU=Organic Units/OU=Users/CN=crabint1/CN=373708/CN=Robot: CMS CRAB Integration 1
  timeleft: 521:17:20  (21.7 days)

 error: 
 retcode : 0
DEBUG 2025-04-02 11:58:44.375 UTC: 	 Myproxy is valid: 1876620
DEBUG 2025-04-02 11:58:44.375 UTC: 	 Result of myproxy credential check:
  Credential exists on myproxy: username: 62145c27448958522230f1583fedca774537a25d  - validity: 21 days, 17:17:00
DEBUG 2025-04-02 11:58:44.375 UTC: 	 Command use: submit
DEBUG 2025-04-02 11:58:44.375 UTC: 	 Options use: ['-c', 'crab_config_W2j_LO_5f_UPSTREAM.py']
DEBUG 2025-04-02 11:58:44.375 UTC: 	 Encoded data for curl request: subresource=version
DEBUG 2025-04-02 12:00:58.854 UTC: 	 CRABClient version: v3.250318
DEBUG 2025-04-02 12:00:58.854 UTC: 	 Instance is prod
DEBUG 2025-04-02 12:00:58.854 UTC: 	 Server base url is cmsweb.cern.ch
DEBUG 2025-04-02 12:00:58.854 UTC: 	 Command api workflow
DEBUG 2025-04-02 12:00:58.854 UTC: 	 Started submission
DEBUG 2025-04-02 12:00:58.854 UTC: 	 Working on /home/choij/workspace/CustomNanoGEN_CMSSW_13_0_13/src/Configuration/CustomNanoGEN/crab/crab_projects/crab_W2j_LO_5f_UPSTREAM
DEBUG 2025-04-02 12:00:58.854 UTC: 	 Encoded data for curl request: subresource=backendurls
DEBUG 2025-04-02 12:03:14.049 UTC: 	 Loading required information from the environment
DEBUG 2025-04-02 12:03:14.049 UTC: 	 Found CMSSW_13_0_13 for el9_amd64_gcc11 with base /home/choij/workspace/CustomNanoGEN_CMSSW_13_0_13
DEBUG 2025-04-02 12:03:14.049 UTC: 	 UNIQUE NAME: tarUUID 6dbc89bd-1632-48f6-8fc3-670c8255a43c 
DEBUG 2025-04-02 12:03:14.049 UTC: 	 self.config: from WMCore.Configuration import Configuration
config = Configuration()
config.section_('General')
config.General.workArea = 'crab_projects'
config.General.transferLogs = False
config.General.requestName = 'W2j_LO_5f_UPSTREAM'
config.General.transferOutputs = True
config.section_('JobType')
config.JobType.psetName = '../configs/Hadronizer_TuneCP5_13p6TeV_W2j_LO_5f_UPSTREAM_LHE_pythia8_cfg.py'
config.JobType.pluginName = 'PrivateMC'
config.JobType.maxMemoryMB = 5000
config.JobType.numCores = 1
config.JobType.allowUndistributedCMSSW = False
config.section_('Data')
config.Data.unitsPerJob = 4000
config.Data.outputDatasetTag = 'Run3Summer23wmLHEGS'
config.Data.publication = False
config.Data.outLFNDirBase = '/store/user/choij/MG4GPU/Validation'
config.Data.splitting = 'EventBased'
config.Data.outputPrimaryDataset = 'W2j_LO_5f_UPSTREAM'
config.Data.totalUnits = 160000
config.section_('Site')
config.Site.storageSite = 'T3_KR_KNU'
config.section_('User')
config.section_('Debug')

DEBUG 2025-04-02 12:03:14.049 UTC: 	 self.config.JobType.psetName: ../configs/Hadronizer_TuneCP5_13p6TeV_W2j_LO_5f_UPSTREAM_LHE_pythia8_cfg.py
INFO 2025-04-02 12:03:14.049 UTC: 	 Importing CMSSW configuration ../configs/Hadronizer_TuneCP5_13p6TeV_W2j_LO_5f_UPSTREAM_LHE_pythia8_cfg.py
INFO 2025-04-02 12:03:14.650 UTC: 	 Finished importing CMSSW configuration ../configs/Hadronizer_TuneCP5_13p6TeV_W2j_LO_5f_UPSTREAM_LHE_pythia8_cfg.py
DEBUG 2025-04-02 12:03:14.651 UTC: 	 Writing CMSSW configuration to /home/choij/workspace/CustomNanoGEN_CMSSW_13_0_13/src/Configuration/CustomNanoGEN/crab/crab_projects/crab_W2j_LO_5f_UPSTREAM/inputs/PSet.py
DEBUG 2025-04-02 12:03:14.750 UTC: 	 The following EDM output files will be collected: ['NANOGEN.root']
DEBUG 2025-04-02 12:03:14.750 UTC: 	 The following TFile output files will be collected: []
DEBUG 2025-04-02 12:03:14.750 UTC: 	 The following user output files (not listed as PoolOuputModule or TFileService in the CMSSW PSet) will be collected: 
DEBUG 2025-04-02 12:03:14.750 UTC: 	 Loading required information from the environment
DEBUG 2025-04-02 12:03:14.750 UTC: 	 Found CMSSW_13_0_13 for el9_amd64_gcc11 with base /home/choij/workspace/CustomNanoGEN_CMSSW_13_0_13
DEBUG 2025-04-02 12:03:14.750 UTC: 	 Making tarball in /home/choij/workspace/CustomNanoGEN_CMSSW_13_0_13/src/Configuration/CustomNanoGEN/crab/crab_projects/crab_W2j_LO_5f_UPSTREAM/inputs/6dbc89bd-1632-48f6-8fc3-670c8255a43cdefault.tgz
DEBUG 2025-04-02 12:03:14.751 UTC: 	 Checking directory /home/choij/workspace/CustomNanoGEN_CMSSW_13_0_13/bin
DEBUG 2025-04-02 12:03:14.751 UTC: 	 Adding directory /home/choij/workspace/CustomNanoGEN_CMSSW_13_0_13/bin to tarball
DEBUG 2025-04-02 12:03:14.752 UTC: 	 Checking directory /home/choij/workspace/CustomNanoGEN_CMSSW_13_0_13/python
DEBUG 2025-04-02 12:03:14.752 UTC: 	 Adding directory /home/choij/workspace/CustomNanoGEN_CMSSW_13_0_13/python to tarball
DEBUG 2025-04-02 12:03:14.754 UTC: 	 Checking directory /home/choij/workspace/CustomNanoGEN_CMSSW_13_0_13/cfipython
DEBUG 2025-04-02 12:03:14.754 UTC: 	 Adding directory /home/choij/workspace/CustomNanoGEN_CMSSW_13_0_13/cfipython to tarball
DEBUG 2025-04-02 12:03:14.755 UTC: 	 Checking directory /home/choij/workspace/CustomNanoGEN_CMSSW_13_0_13/lib
DEBUG 2025-04-02 12:03:14.755 UTC: 	 Adding directory /home/choij/workspace/CustomNanoGEN_CMSSW_13_0_13/lib to tarball
DEBUG 2025-04-02 12:03:14.755 UTC: 	 Checking directory /home/choij/workspace/CustomNanoGEN_CMSSW_13_0_13/biglib
DEBUG 2025-04-02 12:03:14.755 UTC: 	 Adding directory /home/choij/workspace/CustomNanoGEN_CMSSW_13_0_13/biglib to tarball
DEBUG 2025-04-02 12:03:14.756 UTC: 	 Checking directory /home/choij/workspace/CustomNanoGEN_CMSSW_13_0_13/module
DEBUG 2025-04-02 12:03:14.756 UTC: 	 Checking directory /home/choij/workspace/CustomNanoGEN_CMSSW_13_0_13/config/SCRAM/hooks
DEBUG 2025-04-02 12:03:14.756 UTC: 	 Adding directory /home/choij/workspace/CustomNanoGEN_CMSSW_13_0_13/config/SCRAM/hooks to tarball
DEBUG 2025-04-02 12:03:14.761 UTC: 	 Adding directory /home/choij/workspace/CustomNanoGEN_CMSSW_13_0_13/src/Configuration/CustomNanoGEN/python to tarball
DEBUG 2025-04-02 12:03:14.908 UTC: 	 Uploading archive /home/choij/workspace/CustomNanoGEN_CMSSW_13_0_13/src/Configuration/CustomNanoGEN/crab/crab_projects/crab_W2j_LO_5f_UPSTREAM/inputs/6dbc89bd-1632-48f6-8fc3-670c8255a43cdefault.tgz (198 KB) to the CRAB cache. Using URI https://cmsweb.cern.ch/S3/crabcache_prod
DEBUG 2025-04-02 12:03:14.996 UTC: 	 Encoded data for curl request: subresource=upload&objecttype=sandbox&tarballname=202a150b9eff68f3e0edd00ab23ec72f06d1975afe7ab7c648f27426f2c03063.tar.gz
DEBUG 2025-04-02 12:03:15.825 UTC: 	 Will execute:
curl -f -v -X POST  -H "User-Agent: CRAB" -F "key=choij/sandboxes/202a150b9eff68f3e0edd00ab23ec72f06d1975afe7ab7c648f27426f2c03063.tar.gz" -F "AWSAccessKeyId=715203df6482458ba839e73e6dab634b" -F "policy=eyJleHBpcmF0aW9uIjogIjIwMjUtMDQtMDJUMTM6MDM6MTVaIiwgImNvbmRpdGlvbnMiOiBbeyJidWNrZXQiOiAiY3JhYmNhY2hlX3Byb2QifSwgeyJrZXkiOiAiY2hvaWovc2FuZGJveGVzLzIwMmExNTBiOWVmZjY4ZjNlMGVkZDAwYWIyM2VjNzJmMDZkMTk3NWFmZTdhYjdjNjQ4ZjI3NDI2ZjJjMDMwNjMudGFyLmd6In1dfQ==" -F "signature=nGjt0l+HHnL1eSbloDSGTecF2qY=" -F "file=@/home/choij/workspace/CustomNanoGEN_CMSSW_13_0_13/src/Configuration/CustomNanoGEN/crab/crab_projects/crab_W2j_LO_5f_UPSTREAM/inputs/6dbc89bd-1632-48f6-8fc3-670c8255a43cdefault.tgz" "https://s3.cern.ch/crabcache_prod"
DEBUG 2025-04-02 12:03:17.438 UTC: 	 exitcode: 0
stdout: b''
DEBUG 2025-04-02 12:03:17.439 UTC: 	 upload to S3 of sandbox /home/choij/workspace/CustomNanoGEN_CMSSW_13_0_13/src/Configuration/CustomNanoGEN/crab/crab_projects/crab_W2j_LO_5f_UPSTREAM/inputs/6dbc89bd-1632-48f6-8fc3-670c8255a43cdefault.tgz completed
DEBUG 2025-04-02 12:03:17.439 UTC: 	 make sure that object is ready for retrieve
DEBUG 2025-04-02 12:03:18.439 UTC: 	 Encoded data for curl request: subresource=download&objecttype=sandbox&tarballname=202a150b9eff68f3e0edd00ab23ec72f06d1975afe7ab7c648f27426f2c03063.tar.gz&clientmethod=head_object
DEBUG 2025-04-02 12:05:33.308 UTC: 	 PreSignedUrl to download sandbox received OK
DEBUG 2025-04-02 12:05:33.311 UTC: 	 Will execute:
 curl -v -s -f -o /dev/null --head  "https://s3.cern.ch/crabcache_prod/choij/sandboxes/202a150b9eff68f3e0edd00ab23ec72f06d1975afe7ab7c648f27426f2c03063.tar.gz?AWSAccessKeyId=715203df6482458ba839e73e6dab634b&Signature=apHy6anR6pnD0ORXgi2108qEfoc%3D&Expires=1743599133"
DEBUG 2025-04-02 12:05:34.125 UTC: 	 exitcode: 0
stdout: b''
DEBUG 2025-04-02 12:05:34.125 UTC: 	 sandbox /home/choij/workspace/CustomNanoGEN_CMSSW_13_0_13/src/Configuration/CustomNanoGEN/crab/crab_projects/crab_W2j_LO_5f_UPSTREAM/inputs/6dbc89bd-1632-48f6-8fc3-670c8255a43cdefault.tgz successfully uploaded to S3
DEBUG 2025-04-02 12:05:34.125 UTC: 	 Loading required information from the environment
DEBUG 2025-04-02 12:05:34.125 UTC: 	 Found CMSSW_13_0_13 for el9_amd64_gcc11 with base /home/choij/workspace/CustomNanoGEN_CMSSW_13_0_13
DEBUG 2025-04-02 12:05:34.125 UTC: 	 Making tarball in /home/choij/workspace/CustomNanoGEN_CMSSW_13_0_13/src/Configuration/CustomNanoGEN/crab/crab_projects/crab_W2j_LO_5f_UPSTREAM/inputs/debugFiles.tgz
DEBUG 2025-04-02 12:05:34.128 UTC: 	 Uploading archive /home/choij/workspace/CustomNanoGEN_CMSSW_13_0_13/src/Configuration/CustomNanoGEN/crab/crab_projects/crab_W2j_LO_5f_UPSTREAM/inputs/debugFiles.tgz (3 KB) to the CRAB cache. Using URI https://cmsweb.cern.ch/S3/crabcache_prod
DEBUG 2025-04-02 12:05:34.129 UTC: 	 Encoded data for curl request: subresource=upload&objecttype=sandbox&tarballname=2f1597cf11e704dad00bae0023634848c5a5a9120558e83760e8ef3cbd599e33.tar.gz
DEBUG 2025-04-02 12:05:34.976 UTC: 	 Will execute:
curl -f -v -X POST  -H "User-Agent: CRAB" -F "key=choij/sandboxes/2f1597cf11e704dad00bae0023634848c5a5a9120558e83760e8ef3cbd599e33.tar.gz" -F "AWSAccessKeyId=715203df6482458ba839e73e6dab634b" -F "policy=eyJleHBpcmF0aW9uIjogIjIwMjUtMDQtMDJUMTM6MDU6MzRaIiwgImNvbmRpdGlvbnMiOiBbeyJidWNrZXQiOiAiY3JhYmNhY2hlX3Byb2QifSwgeyJrZXkiOiAiY2hvaWovc2FuZGJveGVzLzJmMTU5N2NmMTFlNzA0ZGFkMDBiYWUwMDIzNjM0ODQ4YzVhNWE5MTIwNTU4ZTgzNzYwZThlZjNjYmQ1OTllMzMudGFyLmd6In1dfQ==" -F "signature=qVRI7/ZB6k5Lc7X50cayUOcv/CE=" -F "file=@/home/choij/workspace/CustomNanoGEN_CMSSW_13_0_13/src/Configuration/CustomNanoGEN/crab/crab_projects/crab_W2j_LO_5f_UPSTREAM/inputs/debugFiles.tgz" "https://s3.cern.ch/crabcache_prod"
DEBUG 2025-04-02 12:05:35.814 UTC: 	 exitcode: 0
stdout: b''
DEBUG 2025-04-02 12:05:35.814 UTC: 	 upload to S3 of sandbox /home/choij/workspace/CustomNanoGEN_CMSSW_13_0_13/src/Configuration/CustomNanoGEN/crab/crab_projects/crab_W2j_LO_5f_UPSTREAM/inputs/debugFiles.tgz completed
DEBUG 2025-04-02 12:05:35.814 UTC: 	 make sure that object is ready for retrieve
DEBUG 2025-04-02 12:05:36.816 UTC: 	 Encoded data for curl request: subresource=download&objecttype=sandbox&tarballname=2f1597cf11e704dad00bae0023634848c5a5a9120558e83760e8ef3cbd599e33.tar.gz&clientmethod=head_object
DEBUG 2025-04-02 12:07:52.559 UTC: 	 PreSignedUrl to download sandbox received OK
DEBUG 2025-04-02 12:07:52.562 UTC: 	 Will execute:
 curl -v -s -f -o /dev/null --head  "https://s3.cern.ch/crabcache_prod/choij/sandboxes/2f1597cf11e704dad00bae0023634848c5a5a9120558e83760e8ef3cbd599e33.tar.gz?AWSAccessKeyId=715203df6482458ba839e73e6dab634b&Signature=Vr4aRXTpWb5x%2BIaVFV0w4%2BsPwqw%3D&Expires=1743599272"
DEBUG 2025-04-02 12:07:53.383 UTC: 	 exitcode: 0
stdout: b''
DEBUG 2025-04-02 12:07:53.383 UTC: 	 sandbox /home/choij/workspace/CustomNanoGEN_CMSSW_13_0_13/src/Configuration/CustomNanoGEN/crab/crab_projects/crab_W2j_LO_5f_UPSTREAM/inputs/debugFiles.tgz successfully uploaded to S3
DEBUG 2025-04-02 12:07:53.383 UTC: 	 Result uploading input files: 202a150b9eff68f3e0edd00ab23ec72f06d1975afe7ab7c648f27426f2c03063.tar.gz 
DEBUG 2025-04-02 12:07:53.384 UTC: 	 submit() - self.configuration from WMCore.Configuration import Configuration
config = Configuration()
config.section_('General')
config.General.workArea = 'crab_projects'
config.General.transferLogs = False
config.General.requestName = 'W2j_LO_5f_UPSTREAM'
config.General.transferOutputs = True
config.section_('JobType')
config.JobType.psetName = '../configs/Hadronizer_TuneCP5_13p6TeV_W2j_LO_5f_UPSTREAM_LHE_pythia8_cfg.py'
config.JobType.pluginName = 'PrivateMC'
config.JobType.maxMemoryMB = 5000
config.JobType.numCores = 1
config.JobType.allowUndistributedCMSSW = False
config.section_('Data')
config.Data.unitsPerJob = 4000
config.Data.outputDatasetTag = 'Run3Summer23wmLHEGS'
config.Data.publication = False
config.Data.outLFNDirBase = '/store/user/choij/MG4GPU/Validation'
config.Data.splitting = 'EventBased'
config.Data.outputPrimaryDataset = 'W2j_LO_5f_UPSTREAM'
config.Data.totalUnits = 160000
config.section_('Site')
config.Site.storageSite = 'T3_KR_KNU'
config.section_('User')
config.section_('Debug')

DEBUG 2025-04-02 12:07:53.384 UTC: 	 submit() - self.configreq {'dryrun': 0, 'workflow': 'crab_W2j_LO_5f_UPSTREAM', 'saveoutput': 1, 'savelogsflag': 0, 'primarydataset': 'W2j_LO_5f_UPSTREAM', 'nonvaliddata': 0, 'userfiles': [], 'dbsurl': 'https://cmsweb.cern.ch/dbs/prod/global/DBSReader', 'useparent': 0, 'ignorelocality': 0, 'splitalgo': 'EventBased', 'algoargs': 4000, 'totalunits': 160000, 'lfn': '/store/user/choij/MG4GPU/Validation', 'publication': 0, 'publishdbsurl': 'https://cmsweb.cern.ch/dbs/prod/phys03/DBSWriter', 'publishname2': 'Run3Summer23wmLHEGS', 'jobtype': 'PrivateMC', 'generator': 'pythia', 'addoutputfiles': [], 'maxjobruntime': 1250, 'numcores': 1, 'maxmemory': 5000, 'priority': 10, 'nonprodsw': 0, 'asyncdest': 'T3_KR_KNU', 'requireaccelerator': 0, 'oneEventMode': 0, 'extrajdl': [], 'ignoreglobalblacklist': 0, 'partialdataset': 0, 'inputblocks': []}
DEBUG 2025-04-02 12:07:53.384 UTC: 	 submit() - jobconfig {'addoutputfiles': [], 'tfileoutfiles': [], 'edmoutfiles': ['NANOGEN.root'], 'jobarch': 'el9_amd64_gcc11', 'jobminuarch': 'any', 'jobsw': 'CMSSW_13_0_13', 'cacheurl': 'https://cmsweb.cern.ch/S3/crabcache_prod', 'cachefilename': '202a150b9eff68f3e0edd00ab23ec72f06d1975afe7ab7c648f27426f2c03063.tar.gz', 'debugfilename': '2f1597cf11e704dad00bae0023634848c5a5a9120558e83760e8ef3cbd599e33.tar.gz', 'jobtype': 'PrivateMC', 'primarydataset': 'W2j_LO_5f_UPSTREAM'}
INFO 2025-04-02 12:07:53.384 UTC: 	 Sending the request to the server at cmsweb.cern.ch
DEBUG 2025-04-02 12:07:53.384 UTC: 	 Submitting {'dryrun': 0, 'workflow': 'crab_W2j_LO_5f_UPSTREAM', 'saveoutput': 1, 'savelogsflag': 0, 'primarydataset': 'W2j_LO_5f_UPSTREAM', 'nonvaliddata': 0, 'userfiles': [], 'dbsurl': 'https://cmsweb.cern.ch/dbs/prod/global/DBSReader', 'useparent': 0, 'ignorelocality': 0, 'splitalgo': 'EventBased', 'algoargs': 4000, 'totalunits': 160000, 'lfn': '/store/user/choij/MG4GPU/Validation', 'publication': 0, 'publishdbsurl': 'https://cmsweb.cern.ch/dbs/prod/phys03/DBSWriter', 'publishname2': 'Run3Summer23wmLHEGS', 'jobtype': 'PrivateMC', 'generator': 'pythia', 'addoutputfiles': [], 'maxjobruntime': 1250, 'numcores': 1, 'maxmemory': 5000, 'priority': 10, 'nonprodsw': 0, 'asyncdest': 'T3_KR_KNU', 'requireaccelerator': 0, 'oneEventMode': 0, 'extrajdl': [], 'ignoreglobalblacklist': 0, 'partialdataset': 0, 'inputblocks': [], 'tfileoutfiles': [], 'edmoutfiles': ['NANOGEN.root'], 'jobarch': 'el9_amd64_gcc11', 'jobminuarch': 'any', 'jobsw': 'CMSSW_13_0_13', 'cacheurl': 'https://cmsweb.cern.ch/S3/crabcache_prod', 'cachefilename': '202a150b9eff68f3e0edd00ab23ec72f06d1975afe7ab7c648f27426f2c03063.tar.gz', 'debugfilename': '2f1597cf11e704dad00bae0023634848c5a5a9120558e83760e8ef3cbd599e33.tar.gz'} 
DEBUG 2025-04-02 12:07:53.384 UTC: 	 Encoded data for curl request: dryrun=0&workflow=crab_W2j_LO_5f_UPSTREAM&saveoutput=1&savelogsflag=0&primarydataset=W2j_LO_5f_UPSTREAM&nonvaliddata=0&dbsurl=https%3A%2F%2Fcmsweb.cern.ch%2Fdbs%2Fprod%2Fglobal%2FDBSReader&useparent=0&ignorelocality=0&splitalgo=EventBased&algoargs=4000&totalunits=160000&lfn=%2Fstore%2Fuser%2Fchoij%2FMG4GPU%2FValidation&publication=0&publishdbsurl=https%3A%2F%2Fcmsweb.cern.ch%2Fdbs%2Fprod%2Fphys03%2FDBSWriter&publishname2=Run3Summer23wmLHEGS&jobtype=PrivateMC&generator=pythia&maxjobruntime=1250&numcores=1&maxmemory=5000&priority=10&nonprodsw=0&asyncdest=T3_KR_KNU&requireaccelerator=0&oneEventMode=0&ignoreglobalblacklist=0&partialdataset=0&jobarch=el9_amd64_gcc11&jobminuarch=any&jobsw=CMSSW_13_0_13&cacheurl=https%3A%2F%2Fcmsweb.cern.ch%2FS3%2Fcrabcache_prod&cachefilename=202a150b9eff68f3e0edd00ab23ec72f06d1975afe7ab7c648f27426f2c03063.tar.gz&debugfilename=2f1597cf11e704dad00bae0023634848c5a5a9120558e83760e8ef3cbd599e33.tar.gz&edmoutfiles=NANOGEN.root
DEBUG 2025-04-02 12:07:54.235 UTC: 	 Result: {'result': [{'RequestName': '250402_120754:choij_crab_W2j_LO_5f_UPSTREAM'}]}
INFO 2025-04-02 12:07:54.236 UTC: 	 Success: Your task has been delivered to the prod CRAB3 server.
INFO 2025-04-02 12:07:54.236 UTC: 	 Task name: 250402_120754:choij_crab_W2j_LO_5f_UPSTREAM
INFO 2025-04-02 12:07:54.236 UTC: 	 Project dir: crab_projects/crab_W2j_LO_5f_UPSTREAM
INFO 2025-04-02 12:07:54.236 UTC: 	 Please use ' crab status -d crab_projects/crab_W2j_LO_5f_UPSTREAM ' to check how the submission process proceeds.
DEBUG 2025-04-02 12:07:54.236 UTC: 	 About to return
INFO 2025-04-02 12:07:54.238 UTC: 	 Log file is /home/choij/workspace/CustomNanoGEN_CMSSW_13_0_13/src/Configuration/CustomNanoGEN/crab/crab_projects/crab_W2j_LO_5f_UPSTREAM/crab.log
DEBUG 2025-04-02 14:16:53.812 UTC: 	 CRAB Client version: v3.250318
DEBUG 2025-04-02 14:16:53.812 UTC: 	 Running on: Linux private-snu 6.13.8-200.fc41.x86_64 #1 SMP PREEMPT_DYNAMIC Sun Mar 23 05:03:09 UTC 2025 x86_64 x86_64 x86_64 GNU/Linux
DEBUG 2025-04-02 14:16:53.812 UTC: 	 Using SINGULARITY image: private-el9.sif
DEBUG 2025-04-02 14:16:53.812 UTC: 	 Operating System: AlmaLinux 9.5 (Teal Serval)
DEBUG 2025-04-02 14:16:53.812 UTC: 	 Executing command: 'status'
DEBUG 2025-04-02 14:16:53.812 UTC: 	 Found CRAB cache file /home/choij/.crab3
DEBUG 2025-04-02 14:16:53.813 UTC: 	 Checking credentials
DEBUG 2025-04-02 14:16:53.813 UTC: 	 Found proxy file /tmp/x509up_u1000
DEBUG 2025-04-02 14:16:53.813 UTC: 	 Making sure it has proper VOMS extension
DEBUG 2025-04-02 14:16:53.813 UTC: 	 Executing command :
 voms-proxy-info --vo --file /tmp/x509up_u1000
DEBUG 2025-04-02 14:16:54.143 UTC: 	 output : cms

 error: 
 retcode : 0
DEBUG 2025-04-02 14:16:54.143 UTC: 	 Getting proxy life time left
DEBUG 2025-04-02 14:16:54.143 UTC: 	 Executing command :
 voms-proxy-info --actimeleft --timeleft --file /tmp/x509up_u1000
DEBUG 2025-04-02 14:16:54.447 UTC: 	 output : 573255
573255

 error: 
 retcode : 0
DEBUG 2025-04-02 14:16:54.447 UTC: 	 Proxy valid for 159:14:15 hours
DEBUG 2025-04-02 14:16:54.447 UTC: 	 Encoded data for curl request: subresource=delegatedn
DEBUG 2025-04-02 14:16:55.270 UTC: 	 Registering user credentials on myproxy for /DC=ch/DC=cern/OU=computers/CN=crab-(preprod|prod)-tw(01|02).cern.ch|/DC=ch/DC=cern/OU=computers/CN=crab-dev-tw(01|02|03|04).cern.ch|/DC=ch/DC=cern/OU=Organic Units/OU=Users/CN=cmscrab/CN=(817881|373708)/CN=Robot: cms crab|/DC=ch/DC=cern/OU=Organic Units/OU=Users/CN=crabint1/CN=373708/CN=Robot: CMS CRAB Integration 1
DEBUG 2025-04-02 14:16:55.270 UTC: 	 Executing command :
 voms-proxy-info --identity --file /tmp/x509up_u1000
DEBUG 2025-04-02 14:16:55.559 UTC: 	 output : /DC=ch/DC=cern/OU=Organic Units/OU=Users/CN=choij/CN=841389/CN=Jin Choi

 error: 
 retcode : 0
DEBUG 2025-04-02 14:16:55.560 UTC: 	 Getting myproxy life time left for 62145c27448958522230f1583fedca774537a25d
DEBUG 2025-04-02 14:16:55.560 UTC: 	 Executing command :
 myproxy-info -s myproxy.cern.ch -l 62145c27448958522230f1583fedca774537a25d
DEBUG 2025-04-02 14:16:57.217 UTC: 	 output : username: 62145c27448958522230f1583fedca774537a25d
owner: /DC=ch/DC=cern/OU=Organic Units/OU=Users/CN=choij/CN=841389/CN=Jin Choi
  renewal policy: /DC=ch/DC=cern/OU=computers/CN=crab-(preprod|prod)-tw(01|02).cern.ch|/DC=ch/DC=cern/OU=computers/CN=crab-dev-tw(01|02|03|04).cern.ch|/DC=ch/DC=cern/OU=Organic Units/OU=Users/CN=cmscrab/CN=(817881|373708)/CN=Robot: cms crab|/DC=ch/DC=cern/OU=Organic Units/OU=Users/CN=crabint1/CN=373708/CN=Robot: CMS CRAB Integration 1
  trusted retrieval policy: /DC=ch/DC=cern/OU=computers/CN=crab-(preprod|prod)-tw(01|02).cern.ch|/DC=ch/DC=cern/OU=computers/CN=crab-dev-tw(01|02|03|04).cern.ch|/DC=ch/DC=cern/OU=Organic Units/OU=Users/CN=cmscrab/CN=(817881|373708)/CN=Robot: cms crab|/DC=ch/DC=cern/OU=Organic Units/OU=Users/CN=crabint1/CN=373708/CN=Robot: CMS CRAB Integration 1
  timeleft: 518:59:07  (21.6 days)

 error: 
 retcode : 0
DEBUG 2025-04-02 14:16:57.217 UTC: 	 Myproxy is valid: 1868340
DEBUG 2025-04-02 14:16:57.217 UTC: 	 Result of myproxy credential check:
  Credential exists on myproxy: username: 62145c27448958522230f1583fedca774537a25d  - validity: 21 days, 14:59:00
DEBUG 2025-04-02 14:16:57.218 UTC: 	 Retrieving username ...
DEBUG 2025-04-02 14:16:57.218 UTC: 	 Retrieving username from CRIC...
DEBUG 2025-04-02 14:16:58.890 UTC: 	 username is choij
INFO 2025-04-02 14:16:59.959 UTC: 	 Rucio client intialized for account choij
DEBUG 2025-04-02 14:16:59.959 UTC: 	 Command use: status
DEBUG 2025-04-02 14:16:59.959 UTC: 	 Options use: ['-d', 'crab_projects/crab_W2j_LO_5f_UPSTREAM']
DEBUG 2025-04-02 14:16:59.959 UTC: 	 Encoded data for curl request: subresource=version
DEBUG 2025-04-02 14:17:00.788 UTC: 	 CRABClient version: v3.250318
DEBUG 2025-04-02 14:17:00.788 UTC: 	 Instance is prod
DEBUG 2025-04-02 14:17:00.788 UTC: 	 Server base url is cmsweb.cern.ch
DEBUG 2025-04-02 14:17:00.788 UTC: 	 Command api workflow
DEBUG 2025-04-02 14:17:00.788 UTC: 	 Encoded data for curl request: subresource=search&workflow=250402_120754%3Achoij_crab_W2j_LO_5f_UPSTREAM
DEBUG 2025-04-02 14:17:01.622 UTC: 	 Got information from server oracle database: {'desc': {'columns': ['tm_taskname', 'tm_activity', 'tm_task_status', 'tm_task_command', 'tm_start_time', 'tm_start_injection', 'tm_end_injection', 'tm_task_failure', 'tm_job_sw', 'tm_job_arch', 'tm_input_dataset', 'tm_nonvalid_input_dataset', 'tm_use_parent', 'tm_site_whitelist', 'tm_site_blacklist', 'tm_split_algo', 'tm_split_args', 'tm_user_sandbox', 'tm_cache_url', 'tm_username', 'tm_user_dn', 'tm_user_vo', 'tm_user_role', 'tm_user_group', 'tm_publish_name', 'tm_publish_groupname', 'tm_asyncdest', 'tm_dbs_url', 'tm_publish_dbs_url', 'tm_publication', 'tm_outfiles', 'tm_tfile_outfiles', 'tm_edm_outfiles', 'tm_job_type', 'tm_generator', 'tm_events_per_lumi', 'tm_arguments', 'tm_save_logs', 'tw_name', 'tm_user_infiles', 'tm_maxjobruntime', 'tm_numcores', 'tm_maxmemory', 'tm_priority', 'tm_output_dataset', 'tm_task_warnings', 'tm_user_webdir', 'tm_scriptexe', 'tm_scriptargs', 'tm_extrajdl', 'tm_collector', 'tm_schedd', 'tm_dry_run', 'tm_user_files', 'tm_transfer_outputs', 'tm_output_lfn', 'tm_ignore_locality', 'tm_fail_limit', 'tm_one_event_mode', 'tm_secondary_input_dataset', 'tm_primary_dataset', 'tm_last_publication', 'tm_debug_files', 'clusterid', 'tm_ignore_global_blacklist', 'tm_submitter_ip_addr', 'tm_totalunits', 'tm_ddm_reqid', 'tm_user_config', 'tm_transfer_container', 'tm_transfer_rule', 'tm_publish_rule', 'tm_multipub_rule', 'tm_job_min_microarch', 'tm_dagman_status', 'tm_num_jobs', 'tm_uploaded']}, 'result': ['250402_120754:choij_crab_W2j_LO_5f_UPSTREAM', 'None', 'SUBMITTED', 'SUBMIT', '2025-04-02 12:07:54.095617', 'None', '2025-04-02 12:08:50.882340', 'None', 'CMSSW_13_0_13', 'el9_amd64_gcc11', 'None', 'F', '0', '[]', '[]', 'EventBased', "{'halt_job_on_file_boundaries': False, 'splitOnRun': False, 'events_per_job': 4000, 'runs': [], 'lumis': []}", '202a150b9eff68f3e0edd00ab23ec72f06d1975afe7ab7c648f27426f2c03063.tar.gz', 'https://cmsweb.cern.ch/S3/crabcache_prod', 'choij', '/DC=ch/DC=cern/OU=Organic Units/OU=Users/CN=choij/CN=841389/CN=Jin Choi', 'cms', 'None', 'None', 'Run3Summer23wmLHEGS-00000000000000000000000000000000', 'F', 'T3_KR_KNU', 'https://cmsweb.cern.ch/dbs/prod/global/DBSReader', 'https://cmsweb.cern.ch/dbs/prod/phys03/DBSWriter', 'F', '[]', '[]', "['NANOGEN.root']", 'PrivateMC', 'pythia', 'None', '{}', 'F', 'crab-prod-tw01', '[]', '1250', '1', '5000', '10', "['/FakeDataset/fakefile-FakePublish-8868fe0d2b8ffbc396cecef84db84431/USER']", "['Task requests 5000 MB of memory, but only 2500 are guaranteed to be available. Jobs may not find a site where to run and stay idle forever.']", 'http://vocms0121.cern.ch/mon/choij/250402_120754:choij_crab_W2j_LO_5f_UPSTREAM', 'None', '[]', '[]', 'cmsgwms-collector-global.cern.ch:9620,cmsgwms-collector-global.fnal.gov:9620', 'crab3@vocms0121.cern.ch', 'F', '[]', 'T', '/store/user/choij/MG4GPU/Validation', 'F', 'None', 'F', 'None', 'W2j_LO_5f_UPSTREAM', 'None', '2f1597cf11e704dad00bae0023634848c5a5a9120558e83760e8ef3cbd599e33.tar.gz', '120030353', 'F', '188.185.101.116', '160000.0', 'None', '{"partialdataset": false, "requireaccelerator": false, "acceleratorparams": null, "inputblocks": null}', 'None', 'None', 'None', 'None', 'any', 'NOT_READY', '0', 'F']}
INFO 2025-04-02 14:17:01.623 UTC: 	 CRAB project directory:		/home/choij/workspace/CustomNanoGEN_CMSSW_13_0_13/src/Configuration/CustomNanoGEN/crab/crab_projects/crab_W2j_LO_5f_UPSTREAM
INFO 2025-04-02 14:17:01.623 UTC: 	 Task name:			250402_120754:choij_crab_W2j_LO_5f_UPSTREAM
INFO 2025-04-02 14:17:01.623 UTC: 	 Grid scheduler - Task Worker:	crab3@vocms0121.cern.ch - crab-prod-tw01
INFO 2025-04-02 14:17:01.623 UTC: 	 Status on the CRAB server:	SUBMITTED
INFO 2025-04-02 14:17:01.623 UTC: 	 Task URL to use for HELP:	https://cmsweb.cern.ch/crabserver/ui/task/250402_120754%3Achoij_crab_W2j_LO_5f_UPSTREAM
INFO 2025-04-02 14:17:01.628 UTC: 	 Dashboard monitoring URL:	https://monit-grafana.cern.ch/d/cmsTMDetail/cms-task-monitoring-task-view?orgId=11&var-user=choij&var-task=250402_120754%3Achoij_crab_W2j_LO_5f_UPSTREAM&from=1743592074000&to=now
WARNING 2025-04-02 14:17:01.628 UTC: 	 Warning:			Task requests 5000 MB of memory, but only 2500 are guaranteed to be available. Jobs may not find a site where to run and stay idle forever.
DEBUG 2025-04-02 14:17:01.628 UTC: 	 The CRAB server submitted your task to the Grid scheduler (cluster ID: 120030353)
DEBUG 2025-04-02 14:17:01.628 UTC: 	 Webdir is located at http://vocms0121.cern.ch/mon/choij/250402_120754:choij_crab_W2j_LO_5f_UPSTREAM
DEBUG 2025-04-02 14:17:01.628 UTC: 	 Encoded data for curl request: subresource=webdirprx&workflow=250402_120754%3Achoij_crab_W2j_LO_5f_UPSTREAM
DEBUG 2025-04-02 14:17:02.461 UTC: 	 Proxied webdir is located at https://cmsweb.cern.ch:8443/scheddmon/0121/choij/250402_120754:choij_crab_W2j_LO_5f_UPSTREAM
DEBUG 2025-04-02 14:17:02.461 UTC: 	 Retrieving 'status_cache' file from https://cmsweb.cern.ch:8443/scheddmon/0121/choij/250402_120754:choij_crab_W2j_LO_5f_UPSTREAM/status_cache.pkl
DEBUG 2025-04-02 14:17:02.461 UTC: 	 Will execute:
curl -sS --capath /cvmfs/grid.cern.ch/etc/grid-security/certificates --cert /tmp/x509up_u1000 --key /tmp/x509up_u1000 -o /tmp/crab_status-cache-oloaqtr7.pkl -w %"{http_code}" "https://cmsweb.cern.ch:8443/scheddmon/0121/choij/250402_120754:choij_crab_W2j_LO_5f_UPSTREAM/status_cache.pkl"
DEBUG 2025-04-02 14:17:02.461 UTC: 	 Executing command :
 curl -sS --capath /cvmfs/grid.cern.ch/etc/grid-security/certificates --cert /tmp/x509up_u1000 --key /tmp/x509up_u1000 -o /tmp/crab_status-cache-oloaqtr7.pkl -w %"{http_code}" "https://cmsweb.cern.ch:8443/scheddmon/0121/choij/250402_120754:choij_crab_W2j_LO_5f_UPSTREAM/status_cache.pkl"
DEBUG 2025-04-02 14:19:17.605 UTC: 	 output : 200
 error: 
 retcode : 0
DEBUG 2025-04-02 14:19:17.605 UTC: 	 exitcode: 0
stdout: 200
stderr: 
error details: 
DEBUG 2025-04-02 14:19:17.605 UTC: 	 Got information from status cache file: {'1': {'Retries': 0, 'Restarts': 0, 'SiteHistory': ['Unknown', 'T2_CH_CERN', 'T2_CH_CERN'], 'ResidentSetSize': [1057204], 'SubmitTimes': [1743595799.0], 'StartTimes': [1743596133.0], 'EndTimes': [1743597599.0], 'TotalUserCpuTimeHistory': [1227], 'TotalSysCpuTimeHistory': [8], 'WallDurations': [9.0, 27.391086101531982, 1466.0], 'JobIds': ['120030479.0'], 'State': 'finished', 'RecordedSite': True}, '7': {'Retries': 0, 'Restarts': 0, 'SiteHistory': ['Unknown', 'T2_CH_CERN', 'T2_CH_CERN'], 'ResidentSetSize': [1063916], 'SubmitTimes': [1743595799.0], 'StartTimes': [1743596133.0], 'EndTimes': [1743598076.0], 'TotalUserCpuTimeHistory': [1630], 'TotalSysCpuTimeHistory': [10], 'WallDurations': [9.0, 27.391086101531982, 1943.0], 'JobIds': ['120030481.0'], 'State': 'finished', 'RecordedSite': True}, '14': {'Retries': 0, 'Restarts': 0, 'SiteHistory': ['T2_CH_CERN', 'T2_CH_CERN'], 'ResidentSetSize': [4070704], 'SubmitTimes': [1743595799.0], 'StartTimes': [1743595834.0], 'EndTimes': [1743599734.0], 'TotalUserCpuTimeHistory': [3347], 'TotalSysCpuTimeHistory': [11], 'WallDurations': [8.0, 3900.0], 'JobIds': ['120030482.0'], 'State': 'finished', 'RecordedSite': True}, '10': {'Retries': 0, 'Restarts': 0, 'SiteHistory': ['Unknown', 'T2_CH_CERN', 'T2_CH_CERN'], 'ResidentSetSize': [1051504], 'SubmitTimes': [1743595799.0], 'StartTimes': [1743596133.0], 'EndTimes': [1743597584.0], 'TotalUserCpuTimeHistory': [1220], 'TotalSysCpuTimeHistory': [8], 'WallDurations': [9.0, 27.391086101531982, 1451.0], 'JobIds': ['120030483.0'], 'State': 'finished', 'RecordedSite': True}, '4': {'Retries': 0, 'Restarts': 0, 'SiteHistory': ['Unknown', 'T2_CH_CERN', 'T2_CH_CERN'], 'ResidentSetSize': [1043880], 'SubmitTimes': [1743595799.0], 'StartTimes': [1743596133.0], 'EndTimes': [1743597962.0], 'TotalUserCpuTimeHistory': [1550], 'TotalSysCpuTimeHistory': [12], 'WallDurations': [9.0, 27.391086101531982, 1829.0], 'JobIds': ['120030484.0'], 'State': 'finished', 'RecordedSite': True}, '5': {'Retries': 0, 'Restarts': 0, 'SiteHistory': ['Unknown', 'T2_CH_CERN', 'T2_CH_CERN'], 'ResidentSetSize': [1055640], 'SubmitTimes': [1743595799.0], 'StartTimes': [1743596133.0], 'EndTimes': [1743597547.0], 'TotalUserCpuTimeHistory': [1192], 'TotalSysCpuTimeHistory': [7], 'WallDurations': [9.0, 27.391086101531982, 1414.0], 'JobIds': ['120030485.0'], 'State': 'finished', 'RecordedSite': True}, '17': {'Retries': 0, 'Restarts': 0, 'SiteHistory': ['Unknown', 'T2_CH_CERN', 'T2_CH_CERN'], 'ResidentSetSize': [1048548], 'SubmitTimes': [1743595799.0], 'StartTimes': [1743596133.0], 'EndTimes': [1743597972.0], 'TotalUserCpuTimeHistory': [1564], 'TotalSysCpuTimeHistory': [10], 'WallDurations': [9.0, 27.391086101531982, 1839.0], 'JobIds': ['120030486.0'], 'State': 'finished', 'RecordedSite': True}, '15': {'Retries': 0, 'Restarts': 0, 'SiteHistory': ['Unknown', 'T2_CH_CERN', 'T2_CH_CERN'], 'ResidentSetSize': [4020572], 'SubmitTimes': [1743595799.0], 'StartTimes': [1743596133.0], 'EndTimes': [1743599317.0], 'TotalUserCpuTimeHistory': [2763], 'TotalSysCpuTimeHistory': [10], 'WallDurations': [9.0, 27.391086101531982, 3184.0], 'JobIds': ['120030487.0'], 'State': 'finished', 'RecordedSite': True}, '16': {'Retries': 0, 'Restarts': 0, 'SiteHistory': ['T2_CH_CERN', 'T2_CH_CERN'], 'ResidentSetSize': [4049928], 'SubmitTimes': [1743595799.0], 'StartTimes': [1743595836.0], 'EndTimes': [1743599623.0], 'TotalUserCpuTimeHistory': [3225], 'TotalSysCpuTimeHistory': [12], 'WallDurations': [9.0, 3787.0], 'JobIds': ['120030488.0'], 'State': 'finished', 'RecordedSite': True}, '12': {'Retries': 0, 'Restarts': 0, 'SiteHistory': ['Unknown', 'T2_CH_CERN', 'T2_CH_CERN'], 'ResidentSetSize': [1057428], 'SubmitTimes': [1743595799.0], 'StartTimes': [1743596133.0], 'EndTimes': [1743597509.0], 'TotalUserCpuTimeHistory': [1137], 'TotalSysCpuTimeHistory': [10], 'WallDurations': [9.0, 27.391086101531982, 1376.0], 'JobIds': ['120030489.0'], 'State': 'finished', 'RecordedSite': True}, '3': {'Retries': 0, 'Restarts': 0, 'SiteHistory': ['Unknown', 'T2_CH_CERN', 'T2_CH_CERN'], 'ResidentSetSize': [1052272], 'SubmitTimes': [1743595799.0], 'StartTimes': [1743596133.0], 'EndTimes': [1743597910.0], 'TotalUserCpuTimeHistory': [1492], 'TotalSysCpuTimeHistory': [11], 'WallDurations': [9.0, 27.391086101531982, 1777.0], 'JobIds': ['120030490.0'], 'State': 'finished', 'RecordedSite': True}, '18': {'Retries': 0, 'Restarts': 0, 'SiteHistory': ['Unknown', 'T2_CH_CERN', 'T2_CH_CERN'], 'ResidentSetSize': [1066252], 'SubmitTimes': [1743595799.0], 'StartTimes': [1743596133.0], 'EndTimes': [1743598134.0], 'TotalUserCpuTimeHistory': [1666], 'TotalSysCpuTimeHistory': [13], 'WallDurations': [9.0, 27.391086101531982, 2001.0], 'JobIds': ['120030491.0'], 'State': 'finished', 'RecordedSite': True}, '13': {'Retries': 0, 'Restarts': 0, 'SiteHistory': ['Unknown', 'T2_CH_CERN', 'T2_CH_CERN'], 'ResidentSetSize': [1027120], 'SubmitTimes': [1743595799.0], 'StartTimes': [1743596133.0], 'EndTimes': [1743598107.0], 'TotalUserCpuTimeHistory': [1666], 'TotalSysCpuTimeHistory': [10], 'WallDurations': [9.0, 27.391086101531982, 1974.0], 'JobIds': ['120030492.0'], 'State': 'finished', 'RecordedSite': True}, '19': {'Retries': 0, 'Restarts': 0, 'SiteHistory': ['T2_CH_CERN', 'T2_CH_CERN'], 'ResidentSetSize': [4071700], 'SubmitTimes': [1743595799.0], 'StartTimes': [1743595834.0], 'EndTimes': [1743599664.0], 'TotalUserCpuTimeHistory': [3281], 'TotalSysCpuTimeHistory': [13], 'WallDurations': [10.0, 3830.0], 'JobIds': ['120030493.0'], 'State': 'finished', 'RecordedSite': True}, '6': {'Retries': 0, 'Restarts': 0, 'SiteHistory': ['Unknown', 'T2_CH_CERN', 'T2_CH_CERN'], 'ResidentSetSize': [1078584], 'SubmitTimes': [1743595799.0], 'StartTimes': [1743596133.0], 'EndTimes': [1743597473.0], 'TotalUserCpuTimeHistory': [1145], 'TotalSysCpuTimeHistory': [8], 'WallDurations': [9.0, 27.391086101531982, 1340.0], 'JobIds': ['120030494.0'], 'State': 'finished', 'RecordedSite': True}, '11': {'Retries': 0, 'Restarts': 0, 'SiteHistory': ['Unknown', 'T2_CH_CERN', 'T2_CH_CERN'], 'ResidentSetSize': [1084300], 'SubmitTimes': [1743595799.0], 'StartTimes': [1743596133.0], 'EndTimes': [1743597881.0], 'TotalUserCpuTimeHistory': [1476], 'TotalSysCpuTimeHistory': [11], 'WallDurations': [9.0, 27.391086101531982, 1748.0], 'JobIds': ['120030495.0'], 'State': 'finished', 'RecordedSite': True}, '20': {'Retries': 0, 'Restarts': 0, 'SiteHistory': ['Unknown', 'T2_CH_CERN', 'T2_CH_CERN'], 'ResidentSetSize': [1042940], 'SubmitTimes': [1743595799.0], 'StartTimes': [1743596133.0], 'EndTimes': [1743597799.0], 'TotalUserCpuTimeHistory': [1407], 'TotalSysCpuTimeHistory': [10], 'WallDurations': [9.0, 27.391086101531982, 1666.0], 'JobIds': ['120030496.0'], 'State': 'finished', 'RecordedSite': True}, '8': {'Retries': 0, 'Restarts': 0, 'SiteHistory': ['Unknown', 'T2_CH_CERN', 'T2_CH_CERN'], 'ResidentSetSize': [4058084], 'SubmitTimes': [1743595799.0], 'StartTimes': [1743596133.0], 'EndTimes': [1743598703.0], 'TotalUserCpuTimeHistory': [2220], 'TotalSysCpuTimeHistory': [7], 'WallDurations': [9.0, 27.391086101531982, 2570.0], 'JobIds': ['120030497.0'], 'State': 'finished', 'RecordedSite': True}, '9': {'Retries': 0, 'Restarts': 0, 'SiteHistory': ['Unknown', 'T2_CH_CERN', 'T2_CH_CERN'], 'ResidentSetSize': [1063904], 'SubmitTimes': [1743595799.0], 'StartTimes': [1743596133.0], 'EndTimes': [1743597726.0], 'TotalUserCpuTimeHistory': [1330], 'TotalSysCpuTimeHistory': [9], 'WallDurations': [9.0, 27.391086101531982, 1593.0], 'JobIds': ['120030498.0'], 'State': 'finished', 'RecordedSite': True}, '2': {'Retries': 0, 'Restarts': 0, 'SiteHistory': ['T2_CH_CERN', 'T2_CH_CERN'], 'ResidentSetSize': [4053348], 'SubmitTimes': [1743595799.0], 'StartTimes': [1743595835.0], 'EndTimes': [1743600741.0], 'TotalUserCpuTimeHistory': [3682], 'TotalSysCpuTimeHistory': [15], 'WallDurations': [8.0, 4906.0], 'JobIds': ['120030499.0'], 'State': 'finished', 'RecordedSite': True}, '34': {'Retries': 0, 'Restarts': 0, 'SiteHistory': ['Unknown', 'T2_CH_CERN', 'T2_CH_CERN'], 'ResidentSetSize': [1052188], 'SubmitTimes': [1743595799.0], 'StartTimes': [1743596133.0], 'EndTimes': [1743597683.0], 'TotalUserCpuTimeHistory': [1307], 'TotalSysCpuTimeHistory': [9], 'WallDurations': [9.0, 27.391086101531982, 1550.0], 'JobIds': ['120030500.0'], 'State': 'finished', 'RecordedSite': True}, '23': {'Retries': 0, 'Restarts': 0, 'SiteHistory': ['T2_CH_CERN', 'T2_CH_CERN'], 'ResidentSetSize': [1054944], 'SubmitTimes': [1743595800.0], 'StartTimes': [1743595834.0], 'EndTimes': [1743597891.0], 'TotalUserCpuTimeHistory': [1729], 'TotalSysCpuTimeHistory': [9], 'WallDurations': [9.0, 2057.0], 'JobIds': ['120030501.0'], 'State': 'finished', 'RecordedSite': True}, '27': {'Retries': 0, 'Restarts': 0, 'SiteHistory': ['T2_CH_CERN', 'T2_CH_CERN'], 'ResidentSetSize': [4050452], 'SubmitTimes': [1743595800.0], 'StartTimes': [1743595834.0], 'EndTimes': [1743599474.0], 'TotalUserCpuTimeHistory': [3081], 'TotalSysCpuTimeHistory': [17], 'WallDurations': [9.0, 3640.0], 'JobIds': ['120030502.0'], 'State': 'finished', 'RecordedSite': True}, '37': {'Retries': 0, 'Restarts': 0, 'SiteHistory': ['Unknown', 'T2_CH_CERN', 'T2_CH_CERN'], 'ResidentSetSize': [4004436], 'SubmitTimes': [1743595801.0], 'StartTimes': [1743596133.0], 'EndTimes': [1743598125.0], 'TotalUserCpuTimeHistory': [1667], 'TotalSysCpuTimeHistory': [13], 'WallDurations': [9.0, 27.391086101531982, 1992.0], 'JobIds': ['120030503.0'], 'State': 'finished', 'RecordedSite': True}, '22': {'Retries': 0, 'Restarts': 0, 'SiteHistory': ['Unknown', 'T2_CH_CERN', 'T2_CH_CERN'], 'ResidentSetSize': [1061268], 'SubmitTimes': [1743595801.0], 'StartTimes': [1743596133.0], 'EndTimes': [1743597809.0], 'TotalUserCpuTimeHistory': [1424], 'TotalSysCpuTimeHistory': [7], 'WallDurations': [9.0, 27.391086101531982, 1676.0], 'JobIds': ['120030504.0'], 'State': 'finished', 'RecordedSite': True}, '32': {'Retries': 0, 'Restarts': 0, 'SiteHistory': ['Unknown', 'T2_CH_CERN', 'T2_CH_CERN'], 'ResidentSetSize': [1066804], 'SubmitTimes': [1743595801.0], 'StartTimes': [1743596133.0], 'EndTimes': [1743597700.0], 'TotalUserCpuTimeHistory': [1317], 'TotalSysCpuTimeHistory': [9], 'WallDurations': [9.0, 27.391086101531982, 1567.0], 'JobIds': ['120030505.0'], 'State': 'finished', 'RecordedSite': True}, '31': {'Retries': 0, 'Restarts': 0, 'SiteHistory': ['Unknown', 'T2_CH_CERN', 'T2_CH_CERN'], 'ResidentSetSize': [4040440], 'SubmitTimes': [1743595801.0], 'StartTimes': [1743596134.0], 'EndTimes': [1743599830.0], 'TotalUserCpuTimeHistory': [3123], 'TotalSysCpuTimeHistory': [12], 'WallDurations': [8.0, 26.391086101531982, 3696.0], 'JobIds': ['120030506.0'], 'State': 'finished', 'RecordedSite': True}, '29': {'Retries': 0, 'Restarts': 0, 'SiteHistory': ['T2_CH_CERN', 'T2_CH_CERN'], 'ResidentSetSize': [4046748], 'SubmitTimes': [1743595801.0], 'StartTimes': [1743595835.0], 'EndTimes': [1743599825.0], 'TotalUserCpuTimeHistory': [3371], 'TotalSysCpuTimeHistory': [13], 'WallDurations': [9.0, 3990.0], 'JobIds': ['120030507.0'], 'State': 'finished', 'RecordedSite': True}, '26': {'Retries': 0, 'Restarts': 0, 'SiteHistory': ['Unknown', 'T2_CH_CERN', 'T2_CH_CERN'], 'ResidentSetSize': [1045940], 'SubmitTimes': [1743595801.0], 'StartTimes': [1743596134.0], 'EndTimes': [1743597776.0], 'TotalUserCpuTimeHistory': [1389], 'TotalSysCpuTimeHistory': [11], 'WallDurations': [8.0, 26.391086101531982, 1642.0], 'JobIds': ['120030508.0'], 'State': 'finished', 'RecordedSite': True}, '38': {'Retries': 0, 'Restarts': 0, 'SiteHistory': ['T2_CH_CERN', 'T2_CH_CERN'], 'ResidentSetSize': [4072024], 'SubmitTimes': [1743595801.0], 'StartTimes': [1743595837.0], 'EndTimes': [1743598367.0], 'TotalUserCpuTimeHistory': [2137], 'TotalSysCpuTimeHistory': [7], 'WallDurations': [9.0, 2530.0], 'JobIds': ['120030509.0'], 'State': 'finished', 'RecordedSite': True}, '33': {'Retries': 0, 'Restarts': 0, 'SiteHistory': ['Unknown', 'T2_CH_CERN', 'T2_CH_CERN'], 'ResidentSetSize': [1054132], 'SubmitTimes': [1743595801.0], 'StartTimes': [1743596134.0], 'EndTimes': [1743597438.0], 'TotalUserCpuTimeHistory': [1129], 'TotalSysCpuTimeHistory': [8], 'WallDurations': [8.0, 26.391086101531982, 1304.0], 'JobIds': ['120030510.0'], 'State': 'finished', 'RecordedSite': True}, '21': {'Retries': 0, 'Restarts': 0, 'SiteHistory': ['Unknown', 'T2_CH_CERN', 'T2_CH_CERN'], 'ResidentSetSize': [4034852], 'SubmitTimes': [1743595801.0], 'StartTimes': [1743596133.0], 'EndTimes': [1743599752.0], 'TotalUserCpuTimeHistory': [2318], 'TotalSysCpuTimeHistory': [10], 'WallDurations': [9.0, 27.391086101531982, 3619.0], 'JobIds': ['120030511.0'], 'State': 'finished', 'RecordedSite': True}, '28': {'Retries': 0, 'Restarts': 0, 'SiteHistory': ['Unknown', 'T2_CH_CERN', 'T2_CH_CERN'], 'ResidentSetSize': [1049152], 'SubmitTimes': [1743595801.0], 'StartTimes': [1743596133.0], 'EndTimes': [1743597475.0], 'TotalUserCpuTimeHistory': [1150], 'TotalSysCpuTimeHistory': [9], 'WallDurations': [9.0, 27.391086101531982, 1342.0], 'JobIds': ['120030512.0'], 'State': 'finished', 'RecordedSite': True}, '36': {'Retries': 0, 'Restarts': 0, 'SiteHistory': ['Unknown', 'T2_CH_CERN', 'T2_CH_CERN'], 'ResidentSetSize': [1059312], 'SubmitTimes': [1743595801.0], 'StartTimes': [1743596133.0], 'EndTimes': [1743597568.0], 'TotalUserCpuTimeHistory': [1210], 'TotalSysCpuTimeHistory': [8], 'WallDurations': [9.0, 27.391086101531982, 1435.0], 'JobIds': ['120030513.0'], 'State': 'finished', 'RecordedSite': True}, '24': {'Retries': 0, 'Restarts': 0, 'SiteHistory': ['Unknown', 'T2_CH_CERN', 'T2_CH_CERN'], 'ResidentSetSize': [1049952], 'SubmitTimes': [1743595801.0], 'StartTimes': [1743596133.0], 'EndTimes': [1743597660.0], 'TotalUserCpuTimeHistory': [1295], 'TotalSysCpuTimeHistory': [8], 'WallDurations': [9.0, 27.391086101531982, 1527.0], 'JobIds': ['120030514.0'], 'State': 'finished', 'RecordedSite': True}, '25': {'Retries': 0, 'Restarts': 0, 'SiteHistory': ['Unknown', 'T2_CH_CERN', 'T2_CH_CERN'], 'ResidentSetSize': [1060048], 'SubmitTimes': [1743595802.0], 'StartTimes': [1743596133.0], 'EndTimes': [1743597677.0], 'TotalUserCpuTimeHistory': [1283], 'TotalSysCpuTimeHistory': [10], 'WallDurations': [9.0, 27.391086101531982, 1544.0], 'JobIds': ['120030515.0'], 'State': 'finished', 'RecordedSite': True}, '35': {'Retries': 0, 'Restarts': 0, 'SiteHistory': ['Unknown', 'T2_CH_CERN', 'T2_CH_CERN'], 'ResidentSetSize': [4055616], 'SubmitTimes': [1743595802.0], 'StartTimes': [1743596133.0], 'EndTimes': [1743598525.0], 'TotalUserCpuTimeHistory': [2050], 'TotalSysCpuTimeHistory': [9], 'WallDurations': [9.0, 27.391086101531982, 2392.0], 'JobIds': ['120030516.0'], 'State': 'finished', 'RecordedSite': True}, '40': {'Retries': 0, 'Restarts': 0, 'SiteHistory': ['T2_CH_CERN', 'T2_CH_CERN'], 'ResidentSetSize': [4055764], 'SubmitTimes': [1743595802.0], 'StartTimes': [1743595835.0], 'EndTimes': [1743600395.0], 'TotalUserCpuTimeHistory': [3417], 'TotalSysCpuTimeHistory': [17], 'WallDurations': [9.0, 4560.0], 'JobIds': ['120030517.0'], 'State': 'finished', 'RecordedSite': True}, '30': {'Retries': 0, 'Restarts': 0, 'SiteHistory': ['Unknown', 'T2_CH_CERN', 'T2_CH_CERN'], 'ResidentSetSize': [1051116], 'SubmitTimes': [1743595802.0], 'StartTimes': [1743596133.0], 'EndTimes': [1743597537.0], 'TotalUserCpuTimeHistory': [1196], 'TotalSysCpuTimeHistory': [7], 'WallDurations': [10.0, 27.391086101531982, 1404.0], 'JobIds': ['120030518.0'], 'State': 'finished', 'RecordedSite': True}, '39': {'Retries': 0, 'Restarts': 0, 'SiteHistory': ['Unknown', 'T2_CH_CERN', 'T2_CH_CERN'], 'ResidentSetSize': [1060028], 'SubmitTimes': [1743595802.0], 'StartTimes': [1743596133.0], 'EndTimes': [1743597506.0], 'TotalUserCpuTimeHistory': [1166], 'TotalSysCpuTimeHistory': [7], 'WallDurations': [9.0, 27.391086101531982, 1373.0], 'JobIds': ['120030520.0'], 'State': 'finished', 'RecordedSite': True}}
INFO 2025-04-02 14:19:17.605 UTC: 	 Status on the scheduler:	COMPLETED
INFO 2025-04-02 14:19:17.606 UTC: 	 
Jobs status:                    finished     		100.0% (40/40)
INFO 2025-04-02 14:19:17.606 UTC: 	 
No publication information (publication has been disabled in the CRAB configuration file)
INFO 2025-04-02 14:19:17.606 UTC: 	 
Warning: the max jobs runtime is less than 30% of the task requested value (1250 min), please consider to request a lower value for failed jobs (allowed through crab resubmit) and/or improve the jobs splitting (e.g. config.Data.splitting = 'Automatic') in a new task.
INFO 2025-04-02 14:19:17.606 UTC: 	 
Summary of run jobs:
 * Memory: 1032MB min, 3976MB max, 2054MB ave
 * Runtime: 0:21:44 min, 1:21:46 max, 0:37:40 ave
 * CPU eff: 64% min, 87% max, 83% ave
 * Waste: 0:20:03 (1% of total)

INFO 2025-04-02 14:19:17.608 UTC: 	 Log file is /home/choij/workspace/CustomNanoGEN_CMSSW_13_0_13/src/Configuration/CustomNanoGEN/crab/crab_projects/crab_W2j_LO_5f_UPSTREAM/crab.log
