DEBUG 2025-04-02 08:27:06.398 UTC: 	 CRAB Client version: v3.250318
DEBUG 2025-04-02 08:27:06.398 UTC: 	 Running on: Linux private-snu 6.13.8-200.fc41.x86_64 #1 SMP PREEMPT_DYNAMIC Sun Mar 23 05:03:09 UTC 2025 x86_64 x86_64 x86_64 GNU/Linux
DEBUG 2025-04-02 08:27:06.398 UTC: 	 Using SINGULARITY image: private-el8.sif
DEBUG 2025-04-02 08:27:06.398 UTC: 	 Operating System: AlmaLinux 8.10 (Cerulean Leopard)
DEBUG 2025-04-02 08:27:06.398 UTC: 	 Executing command: 'submit'
DEBUG 2025-04-02 08:27:06.398 UTC: 	 Found CRAB cache file /home/choij/.crab3
INFO 2025-04-02 08:27:06.399 UTC: 	 Will use CRAB configuration file crab_config_DY1j_LO_5f_LEGACY.py
DEBUG 2025-04-02 08:27:06.399 UTC: 	 Loading CRAB configuration file.
DEBUG 2025-04-02 08:27:14.385 UTC: 	 Will use CRAB plugin PRIVATEMC (i.e. will run an a MC generation job type).
DEBUG 2025-04-02 08:27:14.385 UTC: 	 Checking credentials
DEBUG 2025-04-02 08:27:14.386 UTC: 	 Found proxy file /tmp/x509up_u1000
DEBUG 2025-04-02 08:27:14.386 UTC: 	 Making sure it has proper VOMS extension
DEBUG 2025-04-02 08:27:14.386 UTC: 	 Executing command :
 voms-proxy-info --vo --file /tmp/x509up_u1000
DEBUG 2025-04-02 08:27:14.759 UTC: 	 output : cms

 error: 
 retcode : 0
DEBUG 2025-04-02 08:27:14.759 UTC: 	 Getting proxy life time left
DEBUG 2025-04-02 08:27:14.759 UTC: 	 Executing command :
 voms-proxy-info --actimeleft --timeleft --file /tmp/x509up_u1000
DEBUG 2025-04-02 08:27:15.113 UTC: 	 output : 594234
594234

 error: 
 retcode : 0
DEBUG 2025-04-02 08:27:15.113 UTC: 	 Proxy valid for 165:03:54 hours
DEBUG 2025-04-02 08:27:15.113 UTC: 	 Encoded data for curl request: subresource=delegatedn
DEBUG 2025-04-02 08:27:15.932 UTC: 	 Registering user credentials on myproxy for /DC=ch/DC=cern/OU=computers/CN=crab-(preprod|prod)-tw(01|02).cern.ch|/DC=ch/DC=cern/OU=computers/CN=crab-dev-tw(01|02|03|04).cern.ch|/DC=ch/DC=cern/OU=Organic Units/OU=Users/CN=cmscrab/CN=(817881|373708)/CN=Robot: cms crab|/DC=ch/DC=cern/OU=Organic Units/OU=Users/CN=crabint1/CN=373708/CN=Robot: CMS CRAB Integration 1
DEBUG 2025-04-02 08:27:15.932 UTC: 	 Executing command :
 voms-proxy-info --identity --file /tmp/x509up_u1000
DEBUG 2025-04-02 08:27:16.269 UTC: 	 output : /DC=ch/DC=cern/OU=Organic Units/OU=Users/CN=choij/CN=841389/CN=Jin Choi

 error: 
 retcode : 0
DEBUG 2025-04-02 08:27:16.269 UTC: 	 Getting myproxy life time left for 62145c27448958522230f1583fedca774537a25d
DEBUG 2025-04-02 08:27:16.269 UTC: 	 Executing command :
 myproxy-info -s myproxy.cern.ch -l 62145c27448958522230f1583fedca774537a25d
DEBUG 2025-04-02 08:27:17.921 UTC: 	 output : username: 62145c27448958522230f1583fedca774537a25d
owner: /DC=ch/DC=cern/OU=Organic Units/OU=Users/CN=choij/CN=841389/CN=Jin Choi
  renewal policy: /DC=ch/DC=cern/OU=computers/CN=crab-(preprod|prod)-tw(01|02).cern.ch|/DC=ch/DC=cern/OU=computers/CN=crab-dev-tw(01|02|03|04).cern.ch|/DC=ch/DC=cern/OU=Organic Units/OU=Users/CN=cmscrab/CN=(817881|373708)/CN=Robot: cms crab|/DC=ch/DC=cern/OU=Organic Units/OU=Users/CN=crabint1/CN=373708/CN=Robot: CMS CRAB Integration 1
  trusted retrieval policy: /DC=ch/DC=cern/OU=computers/CN=crab-(preprod|prod)-tw(01|02).cern.ch|/DC=ch/DC=cern/OU=computers/CN=crab-dev-tw(01|02|03|04).cern.ch|/DC=ch/DC=cern/OU=Organic Units/OU=Users/CN=cmscrab/CN=(817881|373708)/CN=Robot: cms crab|/DC=ch/DC=cern/OU=Organic Units/OU=Users/CN=crabint1/CN=373708/CN=Robot: CMS CRAB Integration 1
  timeleft: 524:48:47  (21.9 days)

 error: 
 retcode : 0
DEBUG 2025-04-02 08:27:17.921 UTC: 	 Myproxy is valid: 1889280
DEBUG 2025-04-02 08:27:17.921 UTC: 	 Result of myproxy credential check:
  Credential exists on myproxy: username: 62145c27448958522230f1583fedca774537a25d  - validity: 21 days, 20:48:00
DEBUG 2025-04-02 08:27:17.921 UTC: 	 Command use: submit
DEBUG 2025-04-02 08:27:17.921 UTC: 	 Options use: ['-c', 'crab_config_DY1j_LO_5f_LEGACY.py']
DEBUG 2025-04-02 08:27:17.921 UTC: 	 Encoded data for curl request: subresource=version
DEBUG 2025-04-02 08:27:18.756 UTC: 	 CRABClient version: v3.250318
DEBUG 2025-04-02 08:27:18.756 UTC: 	 Instance is prod
DEBUG 2025-04-02 08:27:18.756 UTC: 	 Server base url is cmsweb.cern.ch
DEBUG 2025-04-02 08:27:18.756 UTC: 	 Command api workflow
DEBUG 2025-04-02 08:27:18.756 UTC: 	 Started submission
DEBUG 2025-04-02 08:27:18.756 UTC: 	 Working on /home/choij/workspace/CustomNanoGEN_CMSSW_13_0_13/src/Configuration/CustomNanoGEN/crab/crab_projects/crab_DY1j_LO_5f_LEGACY
DEBUG 2025-04-02 08:27:18.756 UTC: 	 Encoded data for curl request: subresource=backendurls
DEBUG 2025-04-02 08:29:33.565 UTC: 	 Loading required information from the environment
DEBUG 2025-04-02 08:29:33.565 UTC: 	 Found CMSSW_13_0_13 for el8_amd64_gcc11 with base /home/choij/workspace/CustomNanoGEN_CMSSW_13_0_13
DEBUG 2025-04-02 08:29:33.566 UTC: 	 UNIQUE NAME: tarUUID 529a8ff4-1224-4527-a75f-8284b79bdb6b 
DEBUG 2025-04-02 08:29:33.566 UTC: 	 self.config: from WMCore.Configuration import Configuration
config = Configuration()
config.section_('General')
config.General.transferOutputs = True
config.General.workArea = 'crab_projects'
config.General.requestName = 'DY1j_LO_5f_LEGACY'
config.General.transferLogs = False
config.section_('JobType')
config.JobType.numCores = 1
config.JobType.psetName = '../configs/Hadronizer_TuneCP5_13p6TeV_DY1j_LO_5f_LEGACY_LHE_pythia8_cfg.py'
config.JobType.pluginName = 'PrivateMC'
config.JobType.allowUndistributedCMSSW = False
config.section_('Data')
config.Data.outputPrimaryDataset = 'Validation'
config.Data.outLFNDirBase = '/store/user/choij/CustomNanoGEN'
config.Data.publication = False
config.Data.splitting = 'EventBased'
config.Data.totalUnits = 200000
config.Data.unitsPerJob = 5000
config.Data.outputDatasetTag = 'Run3Summer23wmLHEGS'
config.section_('Site')
config.Site.storageSite = 'T3_KR_KNU'
config.section_('User')
config.section_('Debug')

DEBUG 2025-04-02 08:29:33.566 UTC: 	 self.config.JobType.psetName: ../configs/Hadronizer_TuneCP5_13p6TeV_DY1j_LO_5f_LEGACY_LHE_pythia8_cfg.py
INFO 2025-04-02 08:29:33.566 UTC: 	 Importing CMSSW configuration ../configs/Hadronizer_TuneCP5_13p6TeV_DY1j_LO_5f_LEGACY_LHE_pythia8_cfg.py
INFO 2025-04-02 08:29:34.264 UTC: 	 Finished importing CMSSW configuration ../configs/Hadronizer_TuneCP5_13p6TeV_DY1j_LO_5f_LEGACY_LHE_pythia8_cfg.py
DEBUG 2025-04-02 08:29:34.264 UTC: 	 Writing CMSSW configuration to /home/choij/workspace/CustomNanoGEN_CMSSW_13_0_13/src/Configuration/CustomNanoGEN/crab/crab_projects/crab_DY1j_LO_5f_LEGACY/inputs/PSet.py
DEBUG 2025-04-02 08:29:34.370 UTC: 	 The following EDM output files will be collected: ['NANOGEN.root']
DEBUG 2025-04-02 08:29:34.370 UTC: 	 The following TFile output files will be collected: []
DEBUG 2025-04-02 08:29:34.370 UTC: 	 The following user output files (not listed as PoolOuputModule or TFileService in the CMSSW PSet) will be collected: 
DEBUG 2025-04-02 08:29:34.370 UTC: 	 Loading required information from the environment
DEBUG 2025-04-02 08:29:34.370 UTC: 	 Found CMSSW_13_0_13 for el8_amd64_gcc11 with base /home/choij/workspace/CustomNanoGEN_CMSSW_13_0_13
DEBUG 2025-04-02 08:29:34.370 UTC: 	 Making tarball in /home/choij/workspace/CustomNanoGEN_CMSSW_13_0_13/src/Configuration/CustomNanoGEN/crab/crab_projects/crab_DY1j_LO_5f_LEGACY/inputs/529a8ff4-1224-4527-a75f-8284b79bdb6bdefault.tgz
DEBUG 2025-04-02 08:29:34.370 UTC: 	 Checking directory /home/choij/workspace/CustomNanoGEN_CMSSW_13_0_13/bin
DEBUG 2025-04-02 08:29:34.370 UTC: 	 Adding directory /home/choij/workspace/CustomNanoGEN_CMSSW_13_0_13/bin to tarball
DEBUG 2025-04-02 08:29:34.371 UTC: 	 Checking directory /home/choij/workspace/CustomNanoGEN_CMSSW_13_0_13/python
DEBUG 2025-04-02 08:29:34.371 UTC: 	 Adding directory /home/choij/workspace/CustomNanoGEN_CMSSW_13_0_13/python to tarball
DEBUG 2025-04-02 08:29:34.374 UTC: 	 Checking directory /home/choij/workspace/CustomNanoGEN_CMSSW_13_0_13/cfipython
DEBUG 2025-04-02 08:29:34.374 UTC: 	 Adding directory /home/choij/workspace/CustomNanoGEN_CMSSW_13_0_13/cfipython to tarball
DEBUG 2025-04-02 08:29:34.374 UTC: 	 Checking directory /home/choij/workspace/CustomNanoGEN_CMSSW_13_0_13/lib
DEBUG 2025-04-02 08:29:34.374 UTC: 	 Adding directory /home/choij/workspace/CustomNanoGEN_CMSSW_13_0_13/lib to tarball
DEBUG 2025-04-02 08:29:34.375 UTC: 	 Checking directory /home/choij/workspace/CustomNanoGEN_CMSSW_13_0_13/biglib
DEBUG 2025-04-02 08:29:34.375 UTC: 	 Adding directory /home/choij/workspace/CustomNanoGEN_CMSSW_13_0_13/biglib to tarball
DEBUG 2025-04-02 08:29:34.375 UTC: 	 Checking directory /home/choij/workspace/CustomNanoGEN_CMSSW_13_0_13/module
DEBUG 2025-04-02 08:29:34.375 UTC: 	 Checking directory /home/choij/workspace/CustomNanoGEN_CMSSW_13_0_13/config/SCRAM/hooks
DEBUG 2025-04-02 08:29:34.375 UTC: 	 Adding directory /home/choij/workspace/CustomNanoGEN_CMSSW_13_0_13/config/SCRAM/hooks to tarball
DEBUG 2025-04-02 08:29:34.380 UTC: 	 Adding directory /home/choij/workspace/CustomNanoGEN_CMSSW_13_0_13/src/Configuration/CustomNanoGEN/python to tarball
DEBUG 2025-04-02 08:29:34.537 UTC: 	 Uploading archive /home/choij/workspace/CustomNanoGEN_CMSSW_13_0_13/src/Configuration/CustomNanoGEN/crab/crab_projects/crab_DY1j_LO_5f_LEGACY/inputs/529a8ff4-1224-4527-a75f-8284b79bdb6bdefault.tgz (198 KB) to the CRAB cache. Using URI https://cmsweb.cern.ch/S3/crabcache_prod
DEBUG 2025-04-02 08:29:34.634 UTC: 	 Encoded data for curl request: subresource=upload&objecttype=sandbox&tarballname=426dde3c7f4c5db13c52cd202ac6b76462629a3f2f4e4aefcf415c40f7f12d1c.tar.gz
DEBUG 2025-04-02 08:29:35.481 UTC: 	 Will execute:
curl -f -v -X POST  -H "User-Agent: CRAB" -F "key=choij/sandboxes/426dde3c7f4c5db13c52cd202ac6b76462629a3f2f4e4aefcf415c40f7f12d1c.tar.gz" -F "AWSAccessKeyId=715203df6482458ba839e73e6dab634b" -F "policy=eyJleHBpcmF0aW9uIjogIjIwMjUtMDQtMDJUMDk6Mjk6MzVaIiwgImNvbmRpdGlvbnMiOiBbeyJidWNrZXQiOiAiY3JhYmNhY2hlX3Byb2QifSwgeyJrZXkiOiAiY2hvaWovc2FuZGJveGVzLzQyNmRkZTNjN2Y0YzVkYjEzYzUyY2QyMDJhYzZiNzY0NjI2MjlhM2YyZjRlNGFlZmNmNDE1YzQwZjdmMTJkMWMudGFyLmd6In1dfQ==" -F "signature=n+kB8sZhzIV6oPdl/BltLc+RHQs=" -F "file=@/home/choij/workspace/CustomNanoGEN_CMSSW_13_0_13/src/Configuration/CustomNanoGEN/crab/crab_projects/crab_DY1j_LO_5f_LEGACY/inputs/529a8ff4-1224-4527-a75f-8284b79bdb6bdefault.tgz" "https://s3.cern.ch/crabcache_prod"
DEBUG 2025-04-02 08:29:37.123 UTC: 	 exitcode: 0
stdout: b''
DEBUG 2025-04-02 08:29:37.123 UTC: 	 upload to S3 of sandbox /home/choij/workspace/CustomNanoGEN_CMSSW_13_0_13/src/Configuration/CustomNanoGEN/crab/crab_projects/crab_DY1j_LO_5f_LEGACY/inputs/529a8ff4-1224-4527-a75f-8284b79bdb6bdefault.tgz completed
DEBUG 2025-04-02 08:29:37.123 UTC: 	 make sure that object is ready for retrieve
DEBUG 2025-04-02 08:29:38.124 UTC: 	 Encoded data for curl request: subresource=download&objecttype=sandbox&tarballname=426dde3c7f4c5db13c52cd202ac6b76462629a3f2f4e4aefcf415c40f7f12d1c.tar.gz&clientmethod=head_object
DEBUG 2025-04-02 08:29:38.955 UTC: 	 PreSignedUrl to download sandbox received OK
DEBUG 2025-04-02 08:29:38.959 UTC: 	 Will execute:
 curl -v -s -f -o /dev/null --head  "https://s3.cern.ch/crabcache_prod/choij/sandboxes/426dde3c7f4c5db13c52cd202ac6b76462629a3f2f4e4aefcf415c40f7f12d1c.tar.gz?AWSAccessKeyId=715203df6482458ba839e73e6dab634b&Signature=OYk6U1jxIT1VPcbOmVfkXk%2FnC6c%3D&Expires=1743586178"
DEBUG 2025-04-02 08:29:39.777 UTC: 	 exitcode: 0
stdout: b''
DEBUG 2025-04-02 08:29:39.777 UTC: 	 sandbox /home/choij/workspace/CustomNanoGEN_CMSSW_13_0_13/src/Configuration/CustomNanoGEN/crab/crab_projects/crab_DY1j_LO_5f_LEGACY/inputs/529a8ff4-1224-4527-a75f-8284b79bdb6bdefault.tgz successfully uploaded to S3
DEBUG 2025-04-02 08:29:39.778 UTC: 	 Loading required information from the environment
DEBUG 2025-04-02 08:29:39.778 UTC: 	 Found CMSSW_13_0_13 for el8_amd64_gcc11 with base /home/choij/workspace/CustomNanoGEN_CMSSW_13_0_13
DEBUG 2025-04-02 08:29:39.778 UTC: 	 Making tarball in /home/choij/workspace/CustomNanoGEN_CMSSW_13_0_13/src/Configuration/CustomNanoGEN/crab/crab_projects/crab_DY1j_LO_5f_LEGACY/inputs/debugFiles.tgz
DEBUG 2025-04-02 08:29:39.781 UTC: 	 Uploading archive /home/choij/workspace/CustomNanoGEN_CMSSW_13_0_13/src/Configuration/CustomNanoGEN/crab/crab_projects/crab_DY1j_LO_5f_LEGACY/inputs/debugFiles.tgz (3 KB) to the CRAB cache. Using URI https://cmsweb.cern.ch/S3/crabcache_prod
DEBUG 2025-04-02 08:29:39.782 UTC: 	 Encoded data for curl request: subresource=upload&objecttype=sandbox&tarballname=4b24504e348ab13f67afcb7bd301b9460c2f1caa17c20cae16bc161f0dfa247e.tar.gz
DEBUG 2025-04-02 08:29:40.609 UTC: 	 Will execute:
curl -f -v -X POST  -H "User-Agent: CRAB" -F "key=choij/sandboxes/4b24504e348ab13f67afcb7bd301b9460c2f1caa17c20cae16bc161f0dfa247e.tar.gz" -F "AWSAccessKeyId=715203df6482458ba839e73e6dab634b" -F "policy=eyJleHBpcmF0aW9uIjogIjIwMjUtMDQtMDJUMDk6Mjk6NDBaIiwgImNvbmRpdGlvbnMiOiBbeyJidWNrZXQiOiAiY3JhYmNhY2hlX3Byb2QifSwgeyJrZXkiOiAiY2hvaWovc2FuZGJveGVzLzRiMjQ1MDRlMzQ4YWIxM2Y2N2FmY2I3YmQzMDFiOTQ2MGMyZjFjYWExN2MyMGNhZTE2YmMxNjFmMGRmYTI0N2UudGFyLmd6In1dfQ==" -F "signature=NeO7W16W2udB4LA7uXmfiHMoeNg=" -F "file=@/home/choij/workspace/CustomNanoGEN_CMSSW_13_0_13/src/Configuration/CustomNanoGEN/crab/crab_projects/crab_DY1j_LO_5f_LEGACY/inputs/debugFiles.tgz" "https://s3.cern.ch/crabcache_prod"
DEBUG 2025-04-02 08:29:41.432 UTC: 	 exitcode: 0
stdout: b''
DEBUG 2025-04-02 08:29:41.432 UTC: 	 upload to S3 of sandbox /home/choij/workspace/CustomNanoGEN_CMSSW_13_0_13/src/Configuration/CustomNanoGEN/crab/crab_projects/crab_DY1j_LO_5f_LEGACY/inputs/debugFiles.tgz completed
DEBUG 2025-04-02 08:29:41.432 UTC: 	 make sure that object is ready for retrieve
DEBUG 2025-04-02 08:29:42.433 UTC: 	 Encoded data for curl request: subresource=download&objecttype=sandbox&tarballname=4b24504e348ab13f67afcb7bd301b9460c2f1caa17c20cae16bc161f0dfa247e.tar.gz&clientmethod=head_object
DEBUG 2025-04-02 08:29:43.264 UTC: 	 PreSignedUrl to download sandbox received OK
DEBUG 2025-04-02 08:29:43.267 UTC: 	 Will execute:
 curl -v -s -f -o /dev/null --head  "https://s3.cern.ch/crabcache_prod/choij/sandboxes/4b24504e348ab13f67afcb7bd301b9460c2f1caa17c20cae16bc161f0dfa247e.tar.gz?AWSAccessKeyId=715203df6482458ba839e73e6dab634b&Signature=khSA8hVsLde8dkVF5XzmdyJW0N8%3D&Expires=1743586183"
DEBUG 2025-04-02 08:29:44.091 UTC: 	 exitcode: 0
stdout: b''
DEBUG 2025-04-02 08:29:44.091 UTC: 	 sandbox /home/choij/workspace/CustomNanoGEN_CMSSW_13_0_13/src/Configuration/CustomNanoGEN/crab/crab_projects/crab_DY1j_LO_5f_LEGACY/inputs/debugFiles.tgz successfully uploaded to S3
DEBUG 2025-04-02 08:29:44.091 UTC: 	 Result uploading input files: 426dde3c7f4c5db13c52cd202ac6b76462629a3f2f4e4aefcf415c40f7f12d1c.tar.gz 
DEBUG 2025-04-02 08:29:44.092 UTC: 	 submit() - self.configuration from WMCore.Configuration import Configuration
config = Configuration()
config.section_('General')
config.General.transferOutputs = True
config.General.workArea = 'crab_projects'
config.General.requestName = 'DY1j_LO_5f_LEGACY'
config.General.transferLogs = False
config.section_('JobType')
config.JobType.numCores = 1
config.JobType.psetName = '../configs/Hadronizer_TuneCP5_13p6TeV_DY1j_LO_5f_LEGACY_LHE_pythia8_cfg.py'
config.JobType.pluginName = 'PrivateMC'
config.JobType.allowUndistributedCMSSW = False
config.section_('Data')
config.Data.outputPrimaryDataset = 'Validation'
config.Data.outLFNDirBase = '/store/user/choij/CustomNanoGEN'
config.Data.publication = False
config.Data.splitting = 'EventBased'
config.Data.totalUnits = 200000
config.Data.unitsPerJob = 5000
config.Data.outputDatasetTag = 'Run3Summer23wmLHEGS'
config.section_('Site')
config.Site.storageSite = 'T3_KR_KNU'
config.section_('User')
config.section_('Debug')

DEBUG 2025-04-02 08:29:44.092 UTC: 	 submit() - self.configreq {'dryrun': 0, 'workflow': 'crab_DY1j_LO_5f_LEGACY', 'saveoutput': 1, 'savelogsflag': 0, 'primarydataset': 'Validation', 'nonvaliddata': 0, 'userfiles': [], 'dbsurl': 'https://cmsweb.cern.ch/dbs/prod/global/DBSReader', 'useparent': 0, 'ignorelocality': 0, 'splitalgo': 'EventBased', 'algoargs': 5000, 'totalunits': 200000, 'lfn': '/store/user/choij/CustomNanoGEN', 'publication': 0, 'publishdbsurl': 'https://cmsweb.cern.ch/dbs/prod/phys03/DBSWriter', 'publishname2': 'Run3Summer23wmLHEGS', 'jobtype': 'PrivateMC', 'generator': 'pythia', 'addoutputfiles': [], 'maxjobruntime': 1250, 'numcores': 1, 'maxmemory': 2000, 'priority': 10, 'nonprodsw': 0, 'asyncdest': 'T3_KR_KNU', 'requireaccelerator': 0, 'oneEventMode': 0, 'extrajdl': [], 'ignoreglobalblacklist': 0, 'partialdataset': 0, 'inputblocks': []}
DEBUG 2025-04-02 08:29:44.092 UTC: 	 submit() - jobconfig {'addoutputfiles': [], 'tfileoutfiles': [], 'edmoutfiles': ['NANOGEN.root'], 'jobarch': 'el8_amd64_gcc11', 'jobminuarch': 'any', 'jobsw': 'CMSSW_13_0_13', 'cacheurl': 'https://cmsweb.cern.ch/S3/crabcache_prod', 'cachefilename': '426dde3c7f4c5db13c52cd202ac6b76462629a3f2f4e4aefcf415c40f7f12d1c.tar.gz', 'debugfilename': '4b24504e348ab13f67afcb7bd301b9460c2f1caa17c20cae16bc161f0dfa247e.tar.gz', 'jobtype': 'PrivateMC', 'primarydataset': 'Validation'}
INFO 2025-04-02 08:29:44.092 UTC: 	 Sending the request to the server at cmsweb.cern.ch
DEBUG 2025-04-02 08:29:44.092 UTC: 	 Submitting {'dryrun': 0, 'workflow': 'crab_DY1j_LO_5f_LEGACY', 'saveoutput': 1, 'savelogsflag': 0, 'primarydataset': 'Validation', 'nonvaliddata': 0, 'userfiles': [], 'dbsurl': 'https://cmsweb.cern.ch/dbs/prod/global/DBSReader', 'useparent': 0, 'ignorelocality': 0, 'splitalgo': 'EventBased', 'algoargs': 5000, 'totalunits': 200000, 'lfn': '/store/user/choij/CustomNanoGEN', 'publication': 0, 'publishdbsurl': 'https://cmsweb.cern.ch/dbs/prod/phys03/DBSWriter', 'publishname2': 'Run3Summer23wmLHEGS', 'jobtype': 'PrivateMC', 'generator': 'pythia', 'addoutputfiles': [], 'maxjobruntime': 1250, 'numcores': 1, 'maxmemory': 2000, 'priority': 10, 'nonprodsw': 0, 'asyncdest': 'T3_KR_KNU', 'requireaccelerator': 0, 'oneEventMode': 0, 'extrajdl': [], 'ignoreglobalblacklist': 0, 'partialdataset': 0, 'inputblocks': [], 'tfileoutfiles': [], 'edmoutfiles': ['NANOGEN.root'], 'jobarch': 'el8_amd64_gcc11', 'jobminuarch': 'any', 'jobsw': 'CMSSW_13_0_13', 'cacheurl': 'https://cmsweb.cern.ch/S3/crabcache_prod', 'cachefilename': '426dde3c7f4c5db13c52cd202ac6b76462629a3f2f4e4aefcf415c40f7f12d1c.tar.gz', 'debugfilename': '4b24504e348ab13f67afcb7bd301b9460c2f1caa17c20cae16bc161f0dfa247e.tar.gz'} 
DEBUG 2025-04-02 08:29:44.092 UTC: 	 Encoded data for curl request: dryrun=0&workflow=crab_DY1j_LO_5f_LEGACY&saveoutput=1&savelogsflag=0&primarydataset=Validation&nonvaliddata=0&dbsurl=https%3A%2F%2Fcmsweb.cern.ch%2Fdbs%2Fprod%2Fglobal%2FDBSReader&useparent=0&ignorelocality=0&splitalgo=EventBased&algoargs=5000&totalunits=200000&lfn=%2Fstore%2Fuser%2Fchoij%2FCustomNanoGEN&publication=0&publishdbsurl=https%3A%2F%2Fcmsweb.cern.ch%2Fdbs%2Fprod%2Fphys03%2FDBSWriter&publishname2=Run3Summer23wmLHEGS&jobtype=PrivateMC&generator=pythia&maxjobruntime=1250&numcores=1&maxmemory=2000&priority=10&nonprodsw=0&asyncdest=T3_KR_KNU&requireaccelerator=0&oneEventMode=0&ignoreglobalblacklist=0&partialdataset=0&jobarch=el8_amd64_gcc11&jobminuarch=any&jobsw=CMSSW_13_0_13&cacheurl=https%3A%2F%2Fcmsweb.cern.ch%2FS3%2Fcrabcache_prod&cachefilename=426dde3c7f4c5db13c52cd202ac6b76462629a3f2f4e4aefcf415c40f7f12d1c.tar.gz&debugfilename=4b24504e348ab13f67afcb7bd301b9460c2f1caa17c20cae16bc161f0dfa247e.tar.gz&edmoutfiles=NANOGEN.root
DEBUG 2025-04-02 08:29:45.201 UTC: 	 Result: {'result': [{'RequestName': '250402_082944:choij_crab_DY1j_LO_5f_LEGACY'}]}
INFO 2025-04-02 08:29:45.201 UTC: 	 Success: Your task has been delivered to the prod CRAB3 server.
INFO 2025-04-02 08:29:45.201 UTC: 	 Task name: 250402_082944:choij_crab_DY1j_LO_5f_LEGACY
INFO 2025-04-02 08:29:45.202 UTC: 	 Project dir: crab_projects/crab_DY1j_LO_5f_LEGACY
INFO 2025-04-02 08:29:45.202 UTC: 	 Please use ' crab status -d crab_projects/crab_DY1j_LO_5f_LEGACY ' to check how the submission process proceeds.
DEBUG 2025-04-02 08:29:45.202 UTC: 	 About to return
INFO 2025-04-02 08:29:45.203 UTC: 	 Log file is /home/choij/workspace/CustomNanoGEN_CMSSW_13_0_13/src/Configuration/CustomNanoGEN/crab/crab_projects/crab_DY1j_LO_5f_LEGACY/crab.log
