DEBUG 2025-04-02 08:37:02.909 UTC: 	 CRAB Client version: v3.250318
DEBUG 2025-04-02 08:37:02.909 UTC: 	 Running on: Linux private-snu 6.13.8-200.fc41.x86_64 #1 SMP PREEMPT_DYNAMIC Sun Mar 23 05:03:09 UTC 2025 x86_64 x86_64 x86_64 GNU/Linux
DEBUG 2025-04-02 08:37:02.909 UTC: 	 Using SINGULARITY image: private-el8.sif
DEBUG 2025-04-02 08:37:02.909 UTC: 	 Operating System: AlmaLinux 8.10 (Cerulean Leopard)
DEBUG 2025-04-02 08:37:02.909 UTC: 	 Executing command: 'submit'
DEBUG 2025-04-02 08:37:02.909 UTC: 	 Found CRAB cache file /home/choij/.crab3
INFO 2025-04-02 08:37:02.910 UTC: 	 Will use CRAB configuration file crab_config_W3j_LO_5f_LEGACY.py
DEBUG 2025-04-02 08:37:02.910 UTC: 	 Loading CRAB configuration file.
DEBUG 2025-04-02 08:37:04.609 UTC: 	 Will use CRAB plugin PRIVATEMC (i.e. will run an a MC generation job type).
DEBUG 2025-04-02 08:37:04.609 UTC: 	 Checking credentials
DEBUG 2025-04-02 08:37:04.609 UTC: 	 Found proxy file /tmp/x509up_u1000
DEBUG 2025-04-02 08:37:04.609 UTC: 	 Making sure it has proper VOMS extension
DEBUG 2025-04-02 08:37:04.609 UTC: 	 Executing command :
 voms-proxy-info --vo --file /tmp/x509up_u1000
DEBUG 2025-04-02 08:37:04.925 UTC: 	 output : cms

 error: 
 retcode : 0
DEBUG 2025-04-02 08:37:04.925 UTC: 	 Getting proxy life time left
DEBUG 2025-04-02 08:37:04.925 UTC: 	 Executing command :
 voms-proxy-info --actimeleft --timeleft --file /tmp/x509up_u1000
DEBUG 2025-04-02 08:37:05.242 UTC: 	 output : 593644
593644

 error: 
 retcode : 0
DEBUG 2025-04-02 08:37:05.242 UTC: 	 Proxy valid for 164:54:04 hours
DEBUG 2025-04-02 08:37:05.243 UTC: 	 Encoded data for curl request: subresource=delegatedn
DEBUG 2025-04-02 08:37:06.076 UTC: 	 Registering user credentials on myproxy for /DC=ch/DC=cern/OU=computers/CN=crab-(preprod|prod)-tw(01|02).cern.ch|/DC=ch/DC=cern/OU=computers/CN=crab-dev-tw(01|02|03|04).cern.ch|/DC=ch/DC=cern/OU=Organic Units/OU=Users/CN=cmscrab/CN=(817881|373708)/CN=Robot: cms crab|/DC=ch/DC=cern/OU=Organic Units/OU=Users/CN=crabint1/CN=373708/CN=Robot: CMS CRAB Integration 1
DEBUG 2025-04-02 08:37:06.076 UTC: 	 Executing command :
 voms-proxy-info --identity --file /tmp/x509up_u1000
DEBUG 2025-04-02 08:37:06.395 UTC: 	 output : /DC=ch/DC=cern/OU=Organic Units/OU=Users/CN=choij/CN=841389/CN=Jin Choi

 error: 
 retcode : 0
DEBUG 2025-04-02 08:37:06.395 UTC: 	 Getting myproxy life time left for 62145c27448958522230f1583fedca774537a25d
DEBUG 2025-04-02 08:37:06.395 UTC: 	 Executing command :
 myproxy-info -s myproxy.cern.ch -l 62145c27448958522230f1583fedca774537a25d
DEBUG 2025-04-02 08:37:08.010 UTC: 	 output : username: 62145c27448958522230f1583fedca774537a25d
owner: /DC=ch/DC=cern/OU=Organic Units/OU=Users/CN=choij/CN=841389/CN=Jin Choi
  renewal policy: /DC=ch/DC=cern/OU=computers/CN=crab-(preprod|prod)-tw(01|02).cern.ch|/DC=ch/DC=cern/OU=computers/CN=crab-dev-tw(01|02|03|04).cern.ch|/DC=ch/DC=cern/OU=Organic Units/OU=Users/CN=cmscrab/CN=(817881|373708)/CN=Robot: cms crab|/DC=ch/DC=cern/OU=Organic Units/OU=Users/CN=crabint1/CN=373708/CN=Robot: CMS CRAB Integration 1
  trusted retrieval policy: /DC=ch/DC=cern/OU=computers/CN=crab-(preprod|prod)-tw(01|02).cern.ch|/DC=ch/DC=cern/OU=computers/CN=crab-dev-tw(01|02|03|04).cern.ch|/DC=ch/DC=cern/OU=Organic Units/OU=Users/CN=cmscrab/CN=(817881|373708)/CN=Robot: cms crab|/DC=ch/DC=cern/OU=Organic Units/OU=Users/CN=crabint1/CN=373708/CN=Robot: CMS CRAB Integration 1
  timeleft: 524:38:56  (21.9 days)

 error: 
 retcode : 0
DEBUG 2025-04-02 08:37:08.010 UTC: 	 Myproxy is valid: 1888680
DEBUG 2025-04-02 08:37:08.010 UTC: 	 Result of myproxy credential check:
  Credential exists on myproxy: username: 62145c27448958522230f1583fedca774537a25d  - validity: 21 days, 20:38:00
DEBUG 2025-04-02 08:37:08.010 UTC: 	 Command use: submit
DEBUG 2025-04-02 08:37:08.010 UTC: 	 Options use: ['-c', 'crab_config_W3j_LO_5f_LEGACY.py']
DEBUG 2025-04-02 08:37:08.010 UTC: 	 Encoded data for curl request: subresource=version
DEBUG 2025-04-02 08:39:23.355 UTC: 	 CRABClient version: v3.250318
DEBUG 2025-04-02 08:39:23.355 UTC: 	 Instance is prod
DEBUG 2025-04-02 08:39:23.355 UTC: 	 Server base url is cmsweb.cern.ch
DEBUG 2025-04-02 08:39:23.355 UTC: 	 Command api workflow
DEBUG 2025-04-02 08:39:23.355 UTC: 	 Started submission
DEBUG 2025-04-02 08:39:23.355 UTC: 	 Working on /home/choij/workspace/CustomNanoGEN_CMSSW_13_0_13/src/Configuration/CustomNanoGEN/crab/crab_projects/crab_W3j_LO_5f_LEGACY
DEBUG 2025-04-02 08:39:23.356 UTC: 	 Encoded data for curl request: subresource=backendurls
DEBUG 2025-04-02 08:39:24.200 UTC: 	 Loading required information from the environment
DEBUG 2025-04-02 08:39:24.200 UTC: 	 Found CMSSW_13_0_13 for el8_amd64_gcc11 with base /home/choij/workspace/CustomNanoGEN_CMSSW_13_0_13
DEBUG 2025-04-02 08:39:24.200 UTC: 	 UNIQUE NAME: tarUUID a5ce8bdb-5568-4df3-862f-aa721a12a47b 
DEBUG 2025-04-02 08:39:24.200 UTC: 	 self.config: from WMCore.Configuration import Configuration
config = Configuration()
config.section_('General')
config.General.transferOutputs = True
config.General.requestName = 'W3j_LO_5f_LEGACY'
config.General.transferLogs = False
config.General.workArea = 'crab_projects'
config.section_('JobType')
config.JobType.pluginName = 'PrivateMC'
config.JobType.psetName = '../configs/Hadronizer_TuneCP5_13p6TeV_W3j_LO_5f_LEGACY_LHE_pythia8_cfg.py'
config.JobType.numCores = 1
config.JobType.allowUndistributedCMSSW = False
config.section_('Data')
config.Data.outputPrimaryDataset = 'Validation'
config.Data.unitsPerJob = 5000
config.Data.splitting = 'EventBased'
config.Data.outputDatasetTag = 'Run3Summer23wmLHEGS'
config.Data.outLFNDirBase = '/store/user/choij/CustomNanoGEN'
config.Data.totalUnits = 200000
config.Data.publication = False
config.section_('Site')
config.Site.storageSite = 'T3_KR_KNU'
config.section_('User')
config.section_('Debug')

DEBUG 2025-04-02 08:39:24.200 UTC: 	 self.config.JobType.psetName: ../configs/Hadronizer_TuneCP5_13p6TeV_W3j_LO_5f_LEGACY_LHE_pythia8_cfg.py
INFO 2025-04-02 08:39:24.200 UTC: 	 Importing CMSSW configuration ../configs/Hadronizer_TuneCP5_13p6TeV_W3j_LO_5f_LEGACY_LHE_pythia8_cfg.py
INFO 2025-04-02 08:39:24.793 UTC: 	 Finished importing CMSSW configuration ../configs/Hadronizer_TuneCP5_13p6TeV_W3j_LO_5f_LEGACY_LHE_pythia8_cfg.py
DEBUG 2025-04-02 08:39:24.793 UTC: 	 Writing CMSSW configuration to /home/choij/workspace/CustomNanoGEN_CMSSW_13_0_13/src/Configuration/CustomNanoGEN/crab/crab_projects/crab_W3j_LO_5f_LEGACY/inputs/PSet.py
DEBUG 2025-04-02 08:39:24.893 UTC: 	 The following EDM output files will be collected: ['NANOGEN.root']
DEBUG 2025-04-02 08:39:24.893 UTC: 	 The following TFile output files will be collected: []
DEBUG 2025-04-02 08:39:24.893 UTC: 	 The following user output files (not listed as PoolOuputModule or TFileService in the CMSSW PSet) will be collected: 
DEBUG 2025-04-02 08:39:24.893 UTC: 	 Loading required information from the environment
DEBUG 2025-04-02 08:39:24.893 UTC: 	 Found CMSSW_13_0_13 for el8_amd64_gcc11 with base /home/choij/workspace/CustomNanoGEN_CMSSW_13_0_13
DEBUG 2025-04-02 08:39:24.893 UTC: 	 Making tarball in /home/choij/workspace/CustomNanoGEN_CMSSW_13_0_13/src/Configuration/CustomNanoGEN/crab/crab_projects/crab_W3j_LO_5f_LEGACY/inputs/a5ce8bdb-5568-4df3-862f-aa721a12a47bdefault.tgz
DEBUG 2025-04-02 08:39:24.893 UTC: 	 Checking directory /home/choij/workspace/CustomNanoGEN_CMSSW_13_0_13/bin
DEBUG 2025-04-02 08:39:24.893 UTC: 	 Adding directory /home/choij/workspace/CustomNanoGEN_CMSSW_13_0_13/bin to tarball
DEBUG 2025-04-02 08:39:24.895 UTC: 	 Checking directory /home/choij/workspace/CustomNanoGEN_CMSSW_13_0_13/python
DEBUG 2025-04-02 08:39:24.895 UTC: 	 Adding directory /home/choij/workspace/CustomNanoGEN_CMSSW_13_0_13/python to tarball
DEBUG 2025-04-02 08:39:24.897 UTC: 	 Checking directory /home/choij/workspace/CustomNanoGEN_CMSSW_13_0_13/cfipython
DEBUG 2025-04-02 08:39:24.897 UTC: 	 Adding directory /home/choij/workspace/CustomNanoGEN_CMSSW_13_0_13/cfipython to tarball
DEBUG 2025-04-02 08:39:24.897 UTC: 	 Checking directory /home/choij/workspace/CustomNanoGEN_CMSSW_13_0_13/lib
DEBUG 2025-04-02 08:39:24.897 UTC: 	 Adding directory /home/choij/workspace/CustomNanoGEN_CMSSW_13_0_13/lib to tarball
DEBUG 2025-04-02 08:39:24.898 UTC: 	 Checking directory /home/choij/workspace/CustomNanoGEN_CMSSW_13_0_13/biglib
DEBUG 2025-04-02 08:39:24.898 UTC: 	 Adding directory /home/choij/workspace/CustomNanoGEN_CMSSW_13_0_13/biglib to tarball
DEBUG 2025-04-02 08:39:24.898 UTC: 	 Checking directory /home/choij/workspace/CustomNanoGEN_CMSSW_13_0_13/module
DEBUG 2025-04-02 08:39:24.898 UTC: 	 Checking directory /home/choij/workspace/CustomNanoGEN_CMSSW_13_0_13/config/SCRAM/hooks
DEBUG 2025-04-02 08:39:24.898 UTC: 	 Adding directory /home/choij/workspace/CustomNanoGEN_CMSSW_13_0_13/config/SCRAM/hooks to tarball
DEBUG 2025-04-02 08:39:24.904 UTC: 	 Adding directory /home/choij/workspace/CustomNanoGEN_CMSSW_13_0_13/src/Configuration/CustomNanoGEN/python to tarball
DEBUG 2025-04-02 08:39:25.051 UTC: 	 Uploading archive /home/choij/workspace/CustomNanoGEN_CMSSW_13_0_13/src/Configuration/CustomNanoGEN/crab/crab_projects/crab_W3j_LO_5f_LEGACY/inputs/a5ce8bdb-5568-4df3-862f-aa721a12a47bdefault.tgz (198 KB) to the CRAB cache. Using URI https://cmsweb.cern.ch/S3/crabcache_prod
DEBUG 2025-04-02 08:39:25.140 UTC: 	 Encoded data for curl request: subresource=upload&objecttype=sandbox&tarballname=e773e9b45dc08abf0c180f18eba92bca11f5222e2e67a94eff750608c3ba2301.tar.gz
DEBUG 2025-04-02 08:39:25.976 UTC: 	 Will execute:
curl -f -v -X POST  -H "User-Agent: CRAB" -F "key=choij/sandboxes/e773e9b45dc08abf0c180f18eba92bca11f5222e2e67a94eff750608c3ba2301.tar.gz" -F "AWSAccessKeyId=715203df6482458ba839e73e6dab634b" -F "policy=eyJleHBpcmF0aW9uIjogIjIwMjUtMDQtMDJUMDk6Mzk6MjVaIiwgImNvbmRpdGlvbnMiOiBbeyJidWNrZXQiOiAiY3JhYmNhY2hlX3Byb2QifSwgeyJrZXkiOiAiY2hvaWovc2FuZGJveGVzL2U3NzNlOWI0NWRjMDhhYmYwYzE4MGYxOGViYTkyYmNhMTFmNTIyMmUyZTY3YTk0ZWZmNzUwNjA4YzNiYTIzMDEudGFyLmd6In1dfQ==" -F "signature=PxOPYEYpqF/TbzRWnrbCFix5Vow=" -F "file=@/home/choij/workspace/CustomNanoGEN_CMSSW_13_0_13/src/Configuration/CustomNanoGEN/crab/crab_projects/crab_W3j_LO_5f_LEGACY/inputs/a5ce8bdb-5568-4df3-862f-aa721a12a47bdefault.tgz" "https://s3.cern.ch/crabcache_prod"
DEBUG 2025-04-02 08:39:27.599 UTC: 	 exitcode: 0
stdout: b''
DEBUG 2025-04-02 08:39:27.599 UTC: 	 upload to S3 of sandbox /home/choij/workspace/CustomNanoGEN_CMSSW_13_0_13/src/Configuration/CustomNanoGEN/crab/crab_projects/crab_W3j_LO_5f_LEGACY/inputs/a5ce8bdb-5568-4df3-862f-aa721a12a47bdefault.tgz completed
DEBUG 2025-04-02 08:39:27.599 UTC: 	 make sure that object is ready for retrieve
DEBUG 2025-04-02 08:39:28.601 UTC: 	 Encoded data for curl request: subresource=download&objecttype=sandbox&tarballname=e773e9b45dc08abf0c180f18eba92bca11f5222e2e67a94eff750608c3ba2301.tar.gz&clientmethod=head_object
DEBUG 2025-04-02 08:39:29.440 UTC: 	 PreSignedUrl to download sandbox received OK
DEBUG 2025-04-02 08:39:29.443 UTC: 	 Will execute:
 curl -v -s -f -o /dev/null --head  "https://s3.cern.ch/crabcache_prod/choij/sandboxes/e773e9b45dc08abf0c180f18eba92bca11f5222e2e67a94eff750608c3ba2301.tar.gz?AWSAccessKeyId=715203df6482458ba839e73e6dab634b&Signature=ODiw1rTvIz58Yv8OArHE3FcdXaE%3D&Expires=1743586769"
DEBUG 2025-04-02 08:39:30.271 UTC: 	 exitcode: 0
stdout: b''
DEBUG 2025-04-02 08:39:30.271 UTC: 	 sandbox /home/choij/workspace/CustomNanoGEN_CMSSW_13_0_13/src/Configuration/CustomNanoGEN/crab/crab_projects/crab_W3j_LO_5f_LEGACY/inputs/a5ce8bdb-5568-4df3-862f-aa721a12a47bdefault.tgz successfully uploaded to S3
DEBUG 2025-04-02 08:39:30.272 UTC: 	 Loading required information from the environment
DEBUG 2025-04-02 08:39:30.272 UTC: 	 Found CMSSW_13_0_13 for el8_amd64_gcc11 with base /home/choij/workspace/CustomNanoGEN_CMSSW_13_0_13
DEBUG 2025-04-02 08:39:30.272 UTC: 	 Making tarball in /home/choij/workspace/CustomNanoGEN_CMSSW_13_0_13/src/Configuration/CustomNanoGEN/crab/crab_projects/crab_W3j_LO_5f_LEGACY/inputs/debugFiles.tgz
DEBUG 2025-04-02 08:39:30.274 UTC: 	 Uploading archive /home/choij/workspace/CustomNanoGEN_CMSSW_13_0_13/src/Configuration/CustomNanoGEN/crab/crab_projects/crab_W3j_LO_5f_LEGACY/inputs/debugFiles.tgz (3 KB) to the CRAB cache. Using URI https://cmsweb.cern.ch/S3/crabcache_prod
DEBUG 2025-04-02 08:39:30.276 UTC: 	 Encoded data for curl request: subresource=upload&objecttype=sandbox&tarballname=26d846cd3e606bbaee1e880a7434f9c7817690c23273c48d9cf149d55d246f64.tar.gz
DEBUG 2025-04-02 08:39:31.112 UTC: 	 Will execute:
curl -f -v -X POST  -H "User-Agent: CRAB" -F "key=choij/sandboxes/26d846cd3e606bbaee1e880a7434f9c7817690c23273c48d9cf149d55d246f64.tar.gz" -F "AWSAccessKeyId=715203df6482458ba839e73e6dab634b" -F "policy=eyJleHBpcmF0aW9uIjogIjIwMjUtMDQtMDJUMDk6Mzk6MzBaIiwgImNvbmRpdGlvbnMiOiBbeyJidWNrZXQiOiAiY3JhYmNhY2hlX3Byb2QifSwgeyJrZXkiOiAiY2hvaWovc2FuZGJveGVzLzI2ZDg0NmNkM2U2MDZiYmFlZTFlODgwYTc0MzRmOWM3ODE3NjkwYzIzMjczYzQ4ZDljZjE0OWQ1NWQyNDZmNjQudGFyLmd6In1dfQ==" -F "signature=drIVMnzq0u7XJECXzJ6iRORdNC8=" -F "file=@/home/choij/workspace/CustomNanoGEN_CMSSW_13_0_13/src/Configuration/CustomNanoGEN/crab/crab_projects/crab_W3j_LO_5f_LEGACY/inputs/debugFiles.tgz" "https://s3.cern.ch/crabcache_prod"
DEBUG 2025-04-02 08:39:31.938 UTC: 	 exitcode: 0
stdout: b''
DEBUG 2025-04-02 08:39:31.938 UTC: 	 upload to S3 of sandbox /home/choij/workspace/CustomNanoGEN_CMSSW_13_0_13/src/Configuration/CustomNanoGEN/crab/crab_projects/crab_W3j_LO_5f_LEGACY/inputs/debugFiles.tgz completed
DEBUG 2025-04-02 08:39:31.938 UTC: 	 make sure that object is ready for retrieve
DEBUG 2025-04-02 08:39:32.940 UTC: 	 Encoded data for curl request: subresource=download&objecttype=sandbox&tarballname=26d846cd3e606bbaee1e880a7434f9c7817690c23273c48d9cf149d55d246f64.tar.gz&clientmethod=head_object
DEBUG 2025-04-02 08:39:33.779 UTC: 	 PreSignedUrl to download sandbox received OK
DEBUG 2025-04-02 08:39:33.782 UTC: 	 Will execute:
 curl -v -s -f -o /dev/null --head  "https://s3.cern.ch/crabcache_prod/choij/sandboxes/26d846cd3e606bbaee1e880a7434f9c7817690c23273c48d9cf149d55d246f64.tar.gz?AWSAccessKeyId=715203df6482458ba839e73e6dab634b&Signature=zADrN59BsaHG8GfzQxDMdkAeMg8%3D&Expires=1743586773"
DEBUG 2025-04-02 08:39:34.603 UTC: 	 exitcode: 0
stdout: b''
DEBUG 2025-04-02 08:39:34.603 UTC: 	 sandbox /home/choij/workspace/CustomNanoGEN_CMSSW_13_0_13/src/Configuration/CustomNanoGEN/crab/crab_projects/crab_W3j_LO_5f_LEGACY/inputs/debugFiles.tgz successfully uploaded to S3
DEBUG 2025-04-02 08:39:34.603 UTC: 	 Result uploading input files: e773e9b45dc08abf0c180f18eba92bca11f5222e2e67a94eff750608c3ba2301.tar.gz 
DEBUG 2025-04-02 08:39:34.604 UTC: 	 submit() - self.configuration from WMCore.Configuration import Configuration
config = Configuration()
config.section_('General')
config.General.transferOutputs = True
config.General.requestName = 'W3j_LO_5f_LEGACY'
config.General.transferLogs = False
config.General.workArea = 'crab_projects'
config.section_('JobType')
config.JobType.pluginName = 'PrivateMC'
config.JobType.psetName = '../configs/Hadronizer_TuneCP5_13p6TeV_W3j_LO_5f_LEGACY_LHE_pythia8_cfg.py'
config.JobType.numCores = 1
config.JobType.allowUndistributedCMSSW = False
config.section_('Data')
config.Data.outputPrimaryDataset = 'Validation'
config.Data.unitsPerJob = 5000
config.Data.splitting = 'EventBased'
config.Data.outputDatasetTag = 'Run3Summer23wmLHEGS'
config.Data.outLFNDirBase = '/store/user/choij/CustomNanoGEN'
config.Data.totalUnits = 200000
config.Data.publication = False
config.section_('Site')
config.Site.storageSite = 'T3_KR_KNU'
config.section_('User')
config.section_('Debug')

DEBUG 2025-04-02 08:39:34.604 UTC: 	 submit() - self.configreq {'dryrun': 0, 'workflow': 'crab_W3j_LO_5f_LEGACY', 'saveoutput': 1, 'savelogsflag': 0, 'primarydataset': 'Validation', 'nonvaliddata': 0, 'userfiles': [], 'dbsurl': 'https://cmsweb.cern.ch/dbs/prod/global/DBSReader', 'useparent': 0, 'ignorelocality': 0, 'splitalgo': 'EventBased', 'algoargs': 5000, 'totalunits': 200000, 'lfn': '/store/user/choij/CustomNanoGEN', 'publication': 0, 'publishdbsurl': 'https://cmsweb.cern.ch/dbs/prod/phys03/DBSWriter', 'publishname2': 'Run3Summer23wmLHEGS', 'jobtype': 'PrivateMC', 'generator': 'pythia', 'addoutputfiles': [], 'maxjobruntime': 1250, 'numcores': 1, 'maxmemory': 2000, 'priority': 10, 'nonprodsw': 0, 'asyncdest': 'T3_KR_KNU', 'requireaccelerator': 0, 'oneEventMode': 0, 'extrajdl': [], 'ignoreglobalblacklist': 0, 'partialdataset': 0, 'inputblocks': []}
DEBUG 2025-04-02 08:39:34.604 UTC: 	 submit() - jobconfig {'addoutputfiles': [], 'tfileoutfiles': [], 'edmoutfiles': ['NANOGEN.root'], 'jobarch': 'el8_amd64_gcc11', 'jobminuarch': 'any', 'jobsw': 'CMSSW_13_0_13', 'cacheurl': 'https://cmsweb.cern.ch/S3/crabcache_prod', 'cachefilename': 'e773e9b45dc08abf0c180f18eba92bca11f5222e2e67a94eff750608c3ba2301.tar.gz', 'debugfilename': '26d846cd3e606bbaee1e880a7434f9c7817690c23273c48d9cf149d55d246f64.tar.gz', 'jobtype': 'PrivateMC', 'primarydataset': 'Validation'}
INFO 2025-04-02 08:39:34.604 UTC: 	 Sending the request to the server at cmsweb.cern.ch
DEBUG 2025-04-02 08:39:34.604 UTC: 	 Submitting {'dryrun': 0, 'workflow': 'crab_W3j_LO_5f_LEGACY', 'saveoutput': 1, 'savelogsflag': 0, 'primarydataset': 'Validation', 'nonvaliddata': 0, 'userfiles': [], 'dbsurl': 'https://cmsweb.cern.ch/dbs/prod/global/DBSReader', 'useparent': 0, 'ignorelocality': 0, 'splitalgo': 'EventBased', 'algoargs': 5000, 'totalunits': 200000, 'lfn': '/store/user/choij/CustomNanoGEN', 'publication': 0, 'publishdbsurl': 'https://cmsweb.cern.ch/dbs/prod/phys03/DBSWriter', 'publishname2': 'Run3Summer23wmLHEGS', 'jobtype': 'PrivateMC', 'generator': 'pythia', 'addoutputfiles': [], 'maxjobruntime': 1250, 'numcores': 1, 'maxmemory': 2000, 'priority': 10, 'nonprodsw': 0, 'asyncdest': 'T3_KR_KNU', 'requireaccelerator': 0, 'oneEventMode': 0, 'extrajdl': [], 'ignoreglobalblacklist': 0, 'partialdataset': 0, 'inputblocks': [], 'tfileoutfiles': [], 'edmoutfiles': ['NANOGEN.root'], 'jobarch': 'el8_amd64_gcc11', 'jobminuarch': 'any', 'jobsw': 'CMSSW_13_0_13', 'cacheurl': 'https://cmsweb.cern.ch/S3/crabcache_prod', 'cachefilename': 'e773e9b45dc08abf0c180f18eba92bca11f5222e2e67a94eff750608c3ba2301.tar.gz', 'debugfilename': '26d846cd3e606bbaee1e880a7434f9c7817690c23273c48d9cf149d55d246f64.tar.gz'} 
DEBUG 2025-04-02 08:39:34.604 UTC: 	 Encoded data for curl request: dryrun=0&workflow=crab_W3j_LO_5f_LEGACY&saveoutput=1&savelogsflag=0&primarydataset=Validation&nonvaliddata=0&dbsurl=https%3A%2F%2Fcmsweb.cern.ch%2Fdbs%2Fprod%2Fglobal%2FDBSReader&useparent=0&ignorelocality=0&splitalgo=EventBased&algoargs=5000&totalunits=200000&lfn=%2Fstore%2Fuser%2Fchoij%2FCustomNanoGEN&publication=0&publishdbsurl=https%3A%2F%2Fcmsweb.cern.ch%2Fdbs%2Fprod%2Fphys03%2FDBSWriter&publishname2=Run3Summer23wmLHEGS&jobtype=PrivateMC&generator=pythia&maxjobruntime=1250&numcores=1&maxmemory=2000&priority=10&nonprodsw=0&asyncdest=T3_KR_KNU&requireaccelerator=0&oneEventMode=0&ignoreglobalblacklist=0&partialdataset=0&jobarch=el8_amd64_gcc11&jobminuarch=any&jobsw=CMSSW_13_0_13&cacheurl=https%3A%2F%2Fcmsweb.cern.ch%2FS3%2Fcrabcache_prod&cachefilename=e773e9b45dc08abf0c180f18eba92bca11f5222e2e67a94eff750608c3ba2301.tar.gz&debugfilename=26d846cd3e606bbaee1e880a7434f9c7817690c23273c48d9cf149d55d246f64.tar.gz&edmoutfiles=NANOGEN.root
DEBUG 2025-04-02 08:39:35.488 UTC: 	 Result: {'result': [{'RequestName': '250402_083935:choij_crab_W3j_LO_5f_LEGACY'}]}
INFO 2025-04-02 08:39:35.489 UTC: 	 Success: Your task has been delivered to the prod CRAB3 server.
INFO 2025-04-02 08:39:35.489 UTC: 	 Task name: 250402_083935:choij_crab_W3j_LO_5f_LEGACY
INFO 2025-04-02 08:39:35.489 UTC: 	 Project dir: crab_projects/crab_W3j_LO_5f_LEGACY
INFO 2025-04-02 08:39:35.489 UTC: 	 Please use ' crab status -d crab_projects/crab_W3j_LO_5f_LEGACY ' to check how the submission process proceeds.
DEBUG 2025-04-02 08:39:35.489 UTC: 	 About to return
INFO 2025-04-02 08:39:35.490 UTC: 	 Log file is /home/choij/workspace/CustomNanoGEN_CMSSW_13_0_13/src/Configuration/CustomNanoGEN/crab/crab_projects/crab_W3j_LO_5f_LEGACY/crab.log
