DEBUG 2025-04-02 08:31:59.702 UTC: 	 CRAB Client version: v3.250318
DEBUG 2025-04-02 08:31:59.702 UTC: 	 Running on: Linux private-snu 6.13.8-200.fc41.x86_64 #1 SMP PREEMPT_DYNAMIC Sun Mar 23 05:03:09 UTC 2025 x86_64 x86_64 x86_64 GNU/Linux
DEBUG 2025-04-02 08:31:59.702 UTC: 	 Using SINGULARITY image: private-el8.sif
DEBUG 2025-04-02 08:31:59.702 UTC: 	 Operating System: AlmaLinux 8.10 (Cerulean Leopard)
DEBUG 2025-04-02 08:31:59.702 UTC: 	 Executing command: 'submit'
DEBUG 2025-04-02 08:31:59.702 UTC: 	 Found CRAB cache file /home/choij/.crab3
INFO 2025-04-02 08:31:59.703 UTC: 	 Will use CRAB configuration file crab_config_W0j_LO_5f_CPPAVX2.py
DEBUG 2025-04-02 08:31:59.703 UTC: 	 Loading CRAB configuration file.
DEBUG 2025-04-02 08:32:01.759 UTC: 	 Will use CRAB plugin PRIVATEMC (i.e. will run an a MC generation job type).
DEBUG 2025-04-02 08:32:01.759 UTC: 	 Checking credentials
DEBUG 2025-04-02 08:32:01.759 UTC: 	 Found proxy file /tmp/x509up_u1000
DEBUG 2025-04-02 08:32:01.759 UTC: 	 Making sure it has proper VOMS extension
DEBUG 2025-04-02 08:32:01.759 UTC: 	 Executing command :
 voms-proxy-info --vo --file /tmp/x509up_u1000
DEBUG 2025-04-02 08:32:02.101 UTC: 	 output : cms

 error: 
 retcode : 0
DEBUG 2025-04-02 08:32:02.101 UTC: 	 Getting proxy life time left
DEBUG 2025-04-02 08:32:02.101 UTC: 	 Executing command :
 voms-proxy-info --actimeleft --timeleft --file /tmp/x509up_u1000
DEBUG 2025-04-02 08:32:02.429 UTC: 	 output : 593947
593947

 error: 
 retcode : 0
DEBUG 2025-04-02 08:32:02.429 UTC: 	 Proxy valid for 164:59:07 hours
DEBUG 2025-04-02 08:32:02.429 UTC: 	 Encoded data for curl request: subresource=delegatedn
DEBUG 2025-04-02 08:32:03.249 UTC: 	 Registering user credentials on myproxy for /DC=ch/DC=cern/OU=computers/CN=crab-(preprod|prod)-tw(01|02).cern.ch|/DC=ch/DC=cern/OU=computers/CN=crab-dev-tw(01|02|03|04).cern.ch|/DC=ch/DC=cern/OU=Organic Units/OU=Users/CN=cmscrab/CN=(817881|373708)/CN=Robot: cms crab|/DC=ch/DC=cern/OU=Organic Units/OU=Users/CN=crabint1/CN=373708/CN=Robot: CMS CRAB Integration 1
DEBUG 2025-04-02 08:32:03.249 UTC: 	 Executing command :
 voms-proxy-info --identity --file /tmp/x509up_u1000
DEBUG 2025-04-02 08:32:03.575 UTC: 	 output : /DC=ch/DC=cern/OU=Organic Units/OU=Users/CN=choij/CN=841389/CN=Jin Choi

 error: 
 retcode : 0
DEBUG 2025-04-02 08:32:03.575 UTC: 	 Getting myproxy life time left for 62145c27448958522230f1583fedca774537a25d
DEBUG 2025-04-02 08:32:03.575 UTC: 	 Executing command :
 myproxy-info -s myproxy.cern.ch -l 62145c27448958522230f1583fedca774537a25d
DEBUG 2025-04-02 08:32:05.172 UTC: 	 output : username: 62145c27448958522230f1583fedca774537a25d
owner: /DC=ch/DC=cern/OU=Organic Units/OU=Users/CN=choij/CN=841389/CN=Jin Choi
  renewal policy: /DC=ch/DC=cern/OU=computers/CN=crab-(preprod|prod)-tw(01|02).cern.ch|/DC=ch/DC=cern/OU=computers/CN=crab-dev-tw(01|02|03|04).cern.ch|/DC=ch/DC=cern/OU=Organic Units/OU=Users/CN=cmscrab/CN=(817881|373708)/CN=Robot: cms crab|/DC=ch/DC=cern/OU=Organic Units/OU=Users/CN=crabint1/CN=373708/CN=Robot: CMS CRAB Integration 1
  trusted retrieval policy: /DC=ch/DC=cern/OU=computers/CN=crab-(preprod|prod)-tw(01|02).cern.ch|/DC=ch/DC=cern/OU=computers/CN=crab-dev-tw(01|02|03|04).cern.ch|/DC=ch/DC=cern/OU=Organic Units/OU=Users/CN=cmscrab/CN=(817881|373708)/CN=Robot: cms crab|/DC=ch/DC=cern/OU=Organic Units/OU=Users/CN=crabint1/CN=373708/CN=Robot: CMS CRAB Integration 1
  timeleft: 524:43:59  (21.9 days)

 error: 
 retcode : 0
DEBUG 2025-04-02 08:32:05.172 UTC: 	 Myproxy is valid: 1888980
DEBUG 2025-04-02 08:32:05.172 UTC: 	 Result of myproxy credential check:
  Credential exists on myproxy: username: 62145c27448958522230f1583fedca774537a25d  - validity: 21 days, 20:43:00
DEBUG 2025-04-02 08:32:05.172 UTC: 	 Command use: submit
DEBUG 2025-04-02 08:32:05.172 UTC: 	 Options use: ['-c', 'crab_config_W0j_LO_5f_CPPAVX2.py']
DEBUG 2025-04-02 08:32:05.173 UTC: 	 Encoded data for curl request: subresource=version
DEBUG 2025-04-02 08:32:06.002 UTC: 	 CRABClient version: v3.250318
DEBUG 2025-04-02 08:32:06.002 UTC: 	 Instance is prod
DEBUG 2025-04-02 08:32:06.002 UTC: 	 Server base url is cmsweb.cern.ch
DEBUG 2025-04-02 08:32:06.002 UTC: 	 Command api workflow
DEBUG 2025-04-02 08:32:06.002 UTC: 	 Started submission
DEBUG 2025-04-02 08:32:06.002 UTC: 	 Working on /home/choij/workspace/CustomNanoGEN_CMSSW_13_0_13/src/Configuration/CustomNanoGEN/crab/crab_projects/crab_W0j_LO_5f_CPPAVX2
DEBUG 2025-04-02 08:32:06.002 UTC: 	 Encoded data for curl request: subresource=backendurls
DEBUG 2025-04-02 08:32:06.857 UTC: 	 Loading required information from the environment
DEBUG 2025-04-02 08:32:06.857 UTC: 	 Found CMSSW_13_0_13 for el8_amd64_gcc11 with base /home/choij/workspace/CustomNanoGEN_CMSSW_13_0_13
DEBUG 2025-04-02 08:32:06.857 UTC: 	 UNIQUE NAME: tarUUID 2ee528eb-45f7-4b18-a1b6-33c3da7516a6 
DEBUG 2025-04-02 08:32:06.857 UTC: 	 self.config: from WMCore.Configuration import Configuration
config = Configuration()
config.section_('General')
config.General.transferLogs = False
config.General.transferOutputs = True
config.General.workArea = 'crab_projects'
config.General.requestName = 'W0j_LO_5f_CPPAVX2'
config.section_('JobType')
config.JobType.numCores = 1
config.JobType.psetName = '../configs/Hadronizer_TuneCP5_13p6TeV_W0j_LO_5f_CPPAVX2_LHE_pythia8_cfg.py'
config.JobType.pluginName = 'PrivateMC'
config.JobType.allowUndistributedCMSSW = False
config.section_('Data')
config.Data.totalUnits = 200000
config.Data.unitsPerJob = 5000
config.Data.outLFNDirBase = '/store/user/choij/CustomNanoGEN'
config.Data.splitting = 'EventBased'
config.Data.publication = False
config.Data.outputDatasetTag = 'Run3Summer23wmLHEGS'
config.Data.outputPrimaryDataset = 'Validation'
config.section_('Site')
config.Site.storageSite = 'T3_KR_KNU'
config.section_('User')
config.section_('Debug')

DEBUG 2025-04-02 08:32:06.857 UTC: 	 self.config.JobType.psetName: ../configs/Hadronizer_TuneCP5_13p6TeV_W0j_LO_5f_CPPAVX2_LHE_pythia8_cfg.py
INFO 2025-04-02 08:32:06.857 UTC: 	 Importing CMSSW configuration ../configs/Hadronizer_TuneCP5_13p6TeV_W0j_LO_5f_CPPAVX2_LHE_pythia8_cfg.py
INFO 2025-04-02 08:32:07.527 UTC: 	 Finished importing CMSSW configuration ../configs/Hadronizer_TuneCP5_13p6TeV_W0j_LO_5f_CPPAVX2_LHE_pythia8_cfg.py
DEBUG 2025-04-02 08:32:07.527 UTC: 	 Writing CMSSW configuration to /home/choij/workspace/CustomNanoGEN_CMSSW_13_0_13/src/Configuration/CustomNanoGEN/crab/crab_projects/crab_W0j_LO_5f_CPPAVX2/inputs/PSet.py
DEBUG 2025-04-02 08:32:07.632 UTC: 	 The following EDM output files will be collected: ['NANOGEN.root']
DEBUG 2025-04-02 08:32:07.632 UTC: 	 The following TFile output files will be collected: []
DEBUG 2025-04-02 08:32:07.632 UTC: 	 The following user output files (not listed as PoolOuputModule or TFileService in the CMSSW PSet) will be collected: 
DEBUG 2025-04-02 08:32:07.632 UTC: 	 Loading required information from the environment
DEBUG 2025-04-02 08:32:07.632 UTC: 	 Found CMSSW_13_0_13 for el8_amd64_gcc11 with base /home/choij/workspace/CustomNanoGEN_CMSSW_13_0_13
DEBUG 2025-04-02 08:32:07.632 UTC: 	 Making tarball in /home/choij/workspace/CustomNanoGEN_CMSSW_13_0_13/src/Configuration/CustomNanoGEN/crab/crab_projects/crab_W0j_LO_5f_CPPAVX2/inputs/2ee528eb-45f7-4b18-a1b6-33c3da7516a6default.tgz
DEBUG 2025-04-02 08:32:07.632 UTC: 	 Checking directory /home/choij/workspace/CustomNanoGEN_CMSSW_13_0_13/bin
DEBUG 2025-04-02 08:32:07.632 UTC: 	 Adding directory /home/choij/workspace/CustomNanoGEN_CMSSW_13_0_13/bin to tarball
DEBUG 2025-04-02 08:32:07.634 UTC: 	 Checking directory /home/choij/workspace/CustomNanoGEN_CMSSW_13_0_13/python
DEBUG 2025-04-02 08:32:07.634 UTC: 	 Adding directory /home/choij/workspace/CustomNanoGEN_CMSSW_13_0_13/python to tarball
DEBUG 2025-04-02 08:32:07.636 UTC: 	 Checking directory /home/choij/workspace/CustomNanoGEN_CMSSW_13_0_13/cfipython
DEBUG 2025-04-02 08:32:07.636 UTC: 	 Adding directory /home/choij/workspace/CustomNanoGEN_CMSSW_13_0_13/cfipython to tarball
DEBUG 2025-04-02 08:32:07.636 UTC: 	 Checking directory /home/choij/workspace/CustomNanoGEN_CMSSW_13_0_13/lib
DEBUG 2025-04-02 08:32:07.636 UTC: 	 Adding directory /home/choij/workspace/CustomNanoGEN_CMSSW_13_0_13/lib to tarball
DEBUG 2025-04-02 08:32:07.637 UTC: 	 Checking directory /home/choij/workspace/CustomNanoGEN_CMSSW_13_0_13/biglib
DEBUG 2025-04-02 08:32:07.637 UTC: 	 Adding directory /home/choij/workspace/CustomNanoGEN_CMSSW_13_0_13/biglib to tarball
DEBUG 2025-04-02 08:32:07.637 UTC: 	 Checking directory /home/choij/workspace/CustomNanoGEN_CMSSW_13_0_13/module
DEBUG 2025-04-02 08:32:07.638 UTC: 	 Checking directory /home/choij/workspace/CustomNanoGEN_CMSSW_13_0_13/config/SCRAM/hooks
DEBUG 2025-04-02 08:32:07.638 UTC: 	 Adding directory /home/choij/workspace/CustomNanoGEN_CMSSW_13_0_13/config/SCRAM/hooks to tarball
DEBUG 2025-04-02 08:32:07.643 UTC: 	 Adding directory /home/choij/workspace/CustomNanoGEN_CMSSW_13_0_13/src/Configuration/CustomNanoGEN/python to tarball
DEBUG 2025-04-02 08:32:07.800 UTC: 	 Uploading archive /home/choij/workspace/CustomNanoGEN_CMSSW_13_0_13/src/Configuration/CustomNanoGEN/crab/crab_projects/crab_W0j_LO_5f_CPPAVX2/inputs/2ee528eb-45f7-4b18-a1b6-33c3da7516a6default.tgz (198 KB) to the CRAB cache. Using URI https://cmsweb.cern.ch/S3/crabcache_prod
DEBUG 2025-04-02 08:32:07.894 UTC: 	 Encoded data for curl request: subresource=upload&objecttype=sandbox&tarballname=3b4c8fa1390b16c5245fef3a4425769b81e9bcf768587feed3d36a81161d149c.tar.gz
DEBUG 2025-04-02 08:34:24.360 UTC: 	 Will execute:
curl -f -v -X POST  -H "User-Agent: CRAB" -F "key=choij/sandboxes/3b4c8fa1390b16c5245fef3a4425769b81e9bcf768587feed3d36a81161d149c.tar.gz" -F "AWSAccessKeyId=715203df6482458ba839e73e6dab634b" -F "policy=eyJleHBpcmF0aW9uIjogIjIwMjUtMDQtMDJUMDk6MzQ6MjRaIiwgImNvbmRpdGlvbnMiOiBbeyJidWNrZXQiOiAiY3JhYmNhY2hlX3Byb2QifSwgeyJrZXkiOiAiY2hvaWovc2FuZGJveGVzLzNiNGM4ZmExMzkwYjE2YzUyNDVmZWYzYTQ0MjU3NjliODFlOWJjZjc2ODU4N2ZlZWQzZDM2YTgxMTYxZDE0OWMudGFyLmd6In1dfQ==" -F "signature=z0zFnWEJGWnajv8LFumTbUsJcaw=" -F "file=@/home/choij/workspace/CustomNanoGEN_CMSSW_13_0_13/src/Configuration/CustomNanoGEN/crab/crab_projects/crab_W0j_LO_5f_CPPAVX2/inputs/2ee528eb-45f7-4b18-a1b6-33c3da7516a6default.tgz" "https://s3.cern.ch/crabcache_prod"
DEBUG 2025-04-02 08:34:26.082 UTC: 	 exitcode: 0
stdout: b''
DEBUG 2025-04-02 08:34:26.082 UTC: 	 upload to S3 of sandbox /home/choij/workspace/CustomNanoGEN_CMSSW_13_0_13/src/Configuration/CustomNanoGEN/crab/crab_projects/crab_W0j_LO_5f_CPPAVX2/inputs/2ee528eb-45f7-4b18-a1b6-33c3da7516a6default.tgz completed
DEBUG 2025-04-02 08:34:26.082 UTC: 	 make sure that object is ready for retrieve
DEBUG 2025-04-02 08:34:27.084 UTC: 	 Encoded data for curl request: subresource=download&objecttype=sandbox&tarballname=3b4c8fa1390b16c5245fef3a4425769b81e9bcf768587feed3d36a81161d149c.tar.gz&clientmethod=head_object
DEBUG 2025-04-02 08:34:27.905 UTC: 	 PreSignedUrl to download sandbox received OK
DEBUG 2025-04-02 08:34:27.908 UTC: 	 Will execute:
 curl -v -s -f -o /dev/null --head  "https://s3.cern.ch/crabcache_prod/choij/sandboxes/3b4c8fa1390b16c5245fef3a4425769b81e9bcf768587feed3d36a81161d149c.tar.gz?AWSAccessKeyId=715203df6482458ba839e73e6dab634b&Signature=QttnYyaoq%2Fi9ke7Kr4pOSPQceyw%3D&Expires=1743586467"
DEBUG 2025-04-02 08:34:28.733 UTC: 	 exitcode: 0
stdout: b''
DEBUG 2025-04-02 08:34:28.733 UTC: 	 sandbox /home/choij/workspace/CustomNanoGEN_CMSSW_13_0_13/src/Configuration/CustomNanoGEN/crab/crab_projects/crab_W0j_LO_5f_CPPAVX2/inputs/2ee528eb-45f7-4b18-a1b6-33c3da7516a6default.tgz successfully uploaded to S3
DEBUG 2025-04-02 08:34:28.733 UTC: 	 Loading required information from the environment
DEBUG 2025-04-02 08:34:28.733 UTC: 	 Found CMSSW_13_0_13 for el8_amd64_gcc11 with base /home/choij/workspace/CustomNanoGEN_CMSSW_13_0_13
DEBUG 2025-04-02 08:34:28.733 UTC: 	 Making tarball in /home/choij/workspace/CustomNanoGEN_CMSSW_13_0_13/src/Configuration/CustomNanoGEN/crab/crab_projects/crab_W0j_LO_5f_CPPAVX2/inputs/debugFiles.tgz
DEBUG 2025-04-02 08:34:28.736 UTC: 	 Uploading archive /home/choij/workspace/CustomNanoGEN_CMSSW_13_0_13/src/Configuration/CustomNanoGEN/crab/crab_projects/crab_W0j_LO_5f_CPPAVX2/inputs/debugFiles.tgz (3 KB) to the CRAB cache. Using URI https://cmsweb.cern.ch/S3/crabcache_prod
DEBUG 2025-04-02 08:34:28.737 UTC: 	 Encoded data for curl request: subresource=upload&objecttype=sandbox&tarballname=5719575f00f76c961236372c87c2082e5a56d25ab85aed73ce2919d83bc8a54a.tar.gz
DEBUG 2025-04-02 08:34:29.563 UTC: 	 Will execute:
curl -f -v -X POST  -H "User-Agent: CRAB" -F "key=choij/sandboxes/5719575f00f76c961236372c87c2082e5a56d25ab85aed73ce2919d83bc8a54a.tar.gz" -F "AWSAccessKeyId=715203df6482458ba839e73e6dab634b" -F "policy=eyJleHBpcmF0aW9uIjogIjIwMjUtMDQtMDJUMDk6MzQ6MjlaIiwgImNvbmRpdGlvbnMiOiBbeyJidWNrZXQiOiAiY3JhYmNhY2hlX3Byb2QifSwgeyJrZXkiOiAiY2hvaWovc2FuZGJveGVzLzU3MTk1NzVmMDBmNzZjOTYxMjM2MzcyYzg3YzIwODJlNWE1NmQyNWFiODVhZWQ3M2NlMjkxOWQ4M2JjOGE1NGEudGFyLmd6In1dfQ==" -F "signature=Vh3B1f6NOtranCN6XVAYfN6gQHg=" -F "file=@/home/choij/workspace/CustomNanoGEN_CMSSW_13_0_13/src/Configuration/CustomNanoGEN/crab/crab_projects/crab_W0j_LO_5f_CPPAVX2/inputs/debugFiles.tgz" "https://s3.cern.ch/crabcache_prod"
DEBUG 2025-04-02 08:34:30.405 UTC: 	 exitcode: 0
stdout: b''
DEBUG 2025-04-02 08:34:30.405 UTC: 	 upload to S3 of sandbox /home/choij/workspace/CustomNanoGEN_CMSSW_13_0_13/src/Configuration/CustomNanoGEN/crab/crab_projects/crab_W0j_LO_5f_CPPAVX2/inputs/debugFiles.tgz completed
DEBUG 2025-04-02 08:34:30.405 UTC: 	 make sure that object is ready for retrieve
DEBUG 2025-04-02 08:34:31.407 UTC: 	 Encoded data for curl request: subresource=download&objecttype=sandbox&tarballname=5719575f00f76c961236372c87c2082e5a56d25ab85aed73ce2919d83bc8a54a.tar.gz&clientmethod=head_object
DEBUG 2025-04-02 08:34:32.244 UTC: 	 PreSignedUrl to download sandbox received OK
DEBUG 2025-04-02 08:34:32.247 UTC: 	 Will execute:
 curl -v -s -f -o /dev/null --head  "https://s3.cern.ch/crabcache_prod/choij/sandboxes/5719575f00f76c961236372c87c2082e5a56d25ab85aed73ce2919d83bc8a54a.tar.gz?AWSAccessKeyId=715203df6482458ba839e73e6dab634b&Signature=KiS6gKEhaebzt6RLmkS%2BB1zwmVs%3D&Expires=1743586472"
DEBUG 2025-04-02 08:34:33.064 UTC: 	 exitcode: 0
stdout: b''
DEBUG 2025-04-02 08:34:33.064 UTC: 	 sandbox /home/choij/workspace/CustomNanoGEN_CMSSW_13_0_13/src/Configuration/CustomNanoGEN/crab/crab_projects/crab_W0j_LO_5f_CPPAVX2/inputs/debugFiles.tgz successfully uploaded to S3
DEBUG 2025-04-02 08:34:33.064 UTC: 	 Result uploading input files: 3b4c8fa1390b16c5245fef3a4425769b81e9bcf768587feed3d36a81161d149c.tar.gz 
DEBUG 2025-04-02 08:34:33.065 UTC: 	 submit() - self.configuration from WMCore.Configuration import Configuration
config = Configuration()
config.section_('General')
config.General.transferLogs = False
config.General.transferOutputs = True
config.General.workArea = 'crab_projects'
config.General.requestName = 'W0j_LO_5f_CPPAVX2'
config.section_('JobType')
config.JobType.numCores = 1
config.JobType.psetName = '../configs/Hadronizer_TuneCP5_13p6TeV_W0j_LO_5f_CPPAVX2_LHE_pythia8_cfg.py'
config.JobType.pluginName = 'PrivateMC'
config.JobType.allowUndistributedCMSSW = False
config.section_('Data')
config.Data.totalUnits = 200000
config.Data.unitsPerJob = 5000
config.Data.outLFNDirBase = '/store/user/choij/CustomNanoGEN'
config.Data.splitting = 'EventBased'
config.Data.publication = False
config.Data.outputDatasetTag = 'Run3Summer23wmLHEGS'
config.Data.outputPrimaryDataset = 'Validation'
config.section_('Site')
config.Site.storageSite = 'T3_KR_KNU'
config.section_('User')
config.section_('Debug')

DEBUG 2025-04-02 08:34:33.065 UTC: 	 submit() - self.configreq {'dryrun': 0, 'workflow': 'crab_W0j_LO_5f_CPPAVX2', 'saveoutput': 1, 'savelogsflag': 0, 'primarydataset': 'Validation', 'nonvaliddata': 0, 'userfiles': [], 'dbsurl': 'https://cmsweb.cern.ch/dbs/prod/global/DBSReader', 'useparent': 0, 'ignorelocality': 0, 'splitalgo': 'EventBased', 'algoargs': 5000, 'totalunits': 200000, 'lfn': '/store/user/choij/CustomNanoGEN', 'publication': 0, 'publishdbsurl': 'https://cmsweb.cern.ch/dbs/prod/phys03/DBSWriter', 'publishname2': 'Run3Summer23wmLHEGS', 'jobtype': 'PrivateMC', 'generator': 'pythia', 'addoutputfiles': [], 'maxjobruntime': 1250, 'numcores': 1, 'maxmemory': 2000, 'priority': 10, 'nonprodsw': 0, 'asyncdest': 'T3_KR_KNU', 'requireaccelerator': 0, 'oneEventMode': 0, 'extrajdl': [], 'ignoreglobalblacklist': 0, 'partialdataset': 0, 'inputblocks': []}
DEBUG 2025-04-02 08:34:33.065 UTC: 	 submit() - jobconfig {'addoutputfiles': [], 'tfileoutfiles': [], 'edmoutfiles': ['NANOGEN.root'], 'jobarch': 'el8_amd64_gcc11', 'jobminuarch': 'any', 'jobsw': 'CMSSW_13_0_13', 'cacheurl': 'https://cmsweb.cern.ch/S3/crabcache_prod', 'cachefilename': '3b4c8fa1390b16c5245fef3a4425769b81e9bcf768587feed3d36a81161d149c.tar.gz', 'debugfilename': '5719575f00f76c961236372c87c2082e5a56d25ab85aed73ce2919d83bc8a54a.tar.gz', 'jobtype': 'PrivateMC', 'primarydataset': 'Validation'}
INFO 2025-04-02 08:34:33.065 UTC: 	 Sending the request to the server at cmsweb.cern.ch
DEBUG 2025-04-02 08:34:33.065 UTC: 	 Submitting {'dryrun': 0, 'workflow': 'crab_W0j_LO_5f_CPPAVX2', 'saveoutput': 1, 'savelogsflag': 0, 'primarydataset': 'Validation', 'nonvaliddata': 0, 'userfiles': [], 'dbsurl': 'https://cmsweb.cern.ch/dbs/prod/global/DBSReader', 'useparent': 0, 'ignorelocality': 0, 'splitalgo': 'EventBased', 'algoargs': 5000, 'totalunits': 200000, 'lfn': '/store/user/choij/CustomNanoGEN', 'publication': 0, 'publishdbsurl': 'https://cmsweb.cern.ch/dbs/prod/phys03/DBSWriter', 'publishname2': 'Run3Summer23wmLHEGS', 'jobtype': 'PrivateMC', 'generator': 'pythia', 'addoutputfiles': [], 'maxjobruntime': 1250, 'numcores': 1, 'maxmemory': 2000, 'priority': 10, 'nonprodsw': 0, 'asyncdest': 'T3_KR_KNU', 'requireaccelerator': 0, 'oneEventMode': 0, 'extrajdl': [], 'ignoreglobalblacklist': 0, 'partialdataset': 0, 'inputblocks': [], 'tfileoutfiles': [], 'edmoutfiles': ['NANOGEN.root'], 'jobarch': 'el8_amd64_gcc11', 'jobminuarch': 'any', 'jobsw': 'CMSSW_13_0_13', 'cacheurl': 'https://cmsweb.cern.ch/S3/crabcache_prod', 'cachefilename': '3b4c8fa1390b16c5245fef3a4425769b81e9bcf768587feed3d36a81161d149c.tar.gz', 'debugfilename': '5719575f00f76c961236372c87c2082e5a56d25ab85aed73ce2919d83bc8a54a.tar.gz'} 
DEBUG 2025-04-02 08:34:33.065 UTC: 	 Encoded data for curl request: dryrun=0&workflow=crab_W0j_LO_5f_CPPAVX2&saveoutput=1&savelogsflag=0&primarydataset=Validation&nonvaliddata=0&dbsurl=https%3A%2F%2Fcmsweb.cern.ch%2Fdbs%2Fprod%2Fglobal%2FDBSReader&useparent=0&ignorelocality=0&splitalgo=EventBased&algoargs=5000&totalunits=200000&lfn=%2Fstore%2Fuser%2Fchoij%2FCustomNanoGEN&publication=0&publishdbsurl=https%3A%2F%2Fcmsweb.cern.ch%2Fdbs%2Fprod%2Fphys03%2FDBSWriter&publishname2=Run3Summer23wmLHEGS&jobtype=PrivateMC&generator=pythia&maxjobruntime=1250&numcores=1&maxmemory=2000&priority=10&nonprodsw=0&asyncdest=T3_KR_KNU&requireaccelerator=0&oneEventMode=0&ignoreglobalblacklist=0&partialdataset=0&jobarch=el8_amd64_gcc11&jobminuarch=any&jobsw=CMSSW_13_0_13&cacheurl=https%3A%2F%2Fcmsweb.cern.ch%2FS3%2Fcrabcache_prod&cachefilename=3b4c8fa1390b16c5245fef3a4425769b81e9bcf768587feed3d36a81161d149c.tar.gz&debugfilename=5719575f00f76c961236372c87c2082e5a56d25ab85aed73ce2919d83bc8a54a.tar.gz&edmoutfiles=NANOGEN.root
DEBUG 2025-04-02 08:36:48.235 UTC: 	 Result: {'result': [{'RequestName': '250402_083647:choij_crab_W0j_LO_5f_CPPAVX2'}]}
INFO 2025-04-02 08:36:48.236 UTC: 	 Success: Your task has been delivered to the prod CRAB3 server.
INFO 2025-04-02 08:36:48.236 UTC: 	 Task name: 250402_083647:choij_crab_W0j_LO_5f_CPPAVX2
INFO 2025-04-02 08:36:48.236 UTC: 	 Project dir: crab_projects/crab_W0j_LO_5f_CPPAVX2
INFO 2025-04-02 08:36:48.236 UTC: 	 Please use ' crab status -d crab_projects/crab_W0j_LO_5f_CPPAVX2 ' to check how the submission process proceeds.
DEBUG 2025-04-02 08:36:48.236 UTC: 	 About to return
INFO 2025-04-02 08:36:48.237 UTC: 	 Log file is /home/choij/workspace/CustomNanoGEN_CMSSW_13_0_13/src/Configuration/CustomNanoGEN/crab/crab_projects/crab_W0j_LO_5f_CPPAVX2/crab.log
