DEBUG 2025-04-02 08:34:37.986 UTC: 	 CRAB Client version: v3.250318
DEBUG 2025-04-02 08:34:37.986 UTC: 	 Running on: Linux private-snu 6.13.8-200.fc41.x86_64 #1 SMP PREEMPT_DYNAMIC Sun Mar 23 05:03:09 UTC 2025 x86_64 x86_64 x86_64 GNU/Linux
DEBUG 2025-04-02 08:34:37.986 UTC: 	 Using SINGULARITY image: private-el8.sif
DEBUG 2025-04-02 08:34:37.986 UTC: 	 Operating System: AlmaLinux 8.10 (Cerulean Leopard)
DEBUG 2025-04-02 08:34:37.986 UTC: 	 Executing command: 'submit'
DEBUG 2025-04-02 08:34:37.986 UTC: 	 Found CRAB cache file /home/choij/.crab3
INFO 2025-04-02 08:34:37.987 UTC: 	 Will use CRAB configuration file crab_config_W2j_LO_5f_CPPAVX2.py
DEBUG 2025-04-02 08:34:37.987 UTC: 	 Loading CRAB configuration file.
DEBUG 2025-04-02 08:34:39.658 UTC: 	 Will use CRAB plugin PRIVATEMC (i.e. will run an a MC generation job type).
DEBUG 2025-04-02 08:34:39.658 UTC: 	 Checking credentials
DEBUG 2025-04-02 08:34:39.658 UTC: 	 Found proxy file /tmp/x509up_u1000
DEBUG 2025-04-02 08:34:39.658 UTC: 	 Making sure it has proper VOMS extension
DEBUG 2025-04-02 08:34:39.658 UTC: 	 Executing command :
 voms-proxy-info --vo --file /tmp/x509up_u1000
DEBUG 2025-04-02 08:34:39.973 UTC: 	 output : cms

 error: 
 retcode : 0
DEBUG 2025-04-02 08:34:39.973 UTC: 	 Getting proxy life time left
DEBUG 2025-04-02 08:34:39.973 UTC: 	 Executing command :
 voms-proxy-info --actimeleft --timeleft --file /tmp/x509up_u1000
DEBUG 2025-04-02 08:34:40.290 UTC: 	 output : 593789
593789

 error: 
 retcode : 0
DEBUG 2025-04-02 08:34:40.290 UTC: 	 Proxy valid for 164:56:29 hours
DEBUG 2025-04-02 08:34:40.291 UTC: 	 Encoded data for curl request: subresource=delegatedn
DEBUG 2025-04-02 08:34:41.117 UTC: 	 Registering user credentials on myproxy for /DC=ch/DC=cern/OU=computers/CN=crab-(preprod|prod)-tw(01|02).cern.ch|/DC=ch/DC=cern/OU=computers/CN=crab-dev-tw(01|02|03|04).cern.ch|/DC=ch/DC=cern/OU=Organic Units/OU=Users/CN=cmscrab/CN=(817881|373708)/CN=Robot: cms crab|/DC=ch/DC=cern/OU=Organic Units/OU=Users/CN=crabint1/CN=373708/CN=Robot: CMS CRAB Integration 1
DEBUG 2025-04-02 08:34:41.117 UTC: 	 Executing command :
 voms-proxy-info --identity --file /tmp/x509up_u1000
DEBUG 2025-04-02 08:34:41.440 UTC: 	 output : /DC=ch/DC=cern/OU=Organic Units/OU=Users/CN=choij/CN=841389/CN=Jin Choi

 error: 
 retcode : 0
DEBUG 2025-04-02 08:34:41.441 UTC: 	 Getting myproxy life time left for 62145c27448958522230f1583fedca774537a25d
DEBUG 2025-04-02 08:34:41.441 UTC: 	 Executing command :
 myproxy-info -s myproxy.cern.ch -l 62145c27448958522230f1583fedca774537a25d
DEBUG 2025-04-02 08:34:43.019 UTC: 	 output : username: 62145c27448958522230f1583fedca774537a25d
owner: /DC=ch/DC=cern/OU=Organic Units/OU=Users/CN=choij/CN=841389/CN=Jin Choi
  renewal policy: /DC=ch/DC=cern/OU=computers/CN=crab-(preprod|prod)-tw(01|02).cern.ch|/DC=ch/DC=cern/OU=computers/CN=crab-dev-tw(01|02|03|04).cern.ch|/DC=ch/DC=cern/OU=Organic Units/OU=Users/CN=cmscrab/CN=(817881|373708)/CN=Robot: cms crab|/DC=ch/DC=cern/OU=Organic Units/OU=Users/CN=crabint1/CN=373708/CN=Robot: CMS CRAB Integration 1
  trusted retrieval policy: /DC=ch/DC=cern/OU=computers/CN=crab-(preprod|prod)-tw(01|02).cern.ch|/DC=ch/DC=cern/OU=computers/CN=crab-dev-tw(01|02|03|04).cern.ch|/DC=ch/DC=cern/OU=Organic Units/OU=Users/CN=cmscrab/CN=(817881|373708)/CN=Robot: cms crab|/DC=ch/DC=cern/OU=Organic Units/OU=Users/CN=crabint1/CN=373708/CN=Robot: CMS CRAB Integration 1
  timeleft: 524:41:21  (21.9 days)

 error: 
 retcode : 0
DEBUG 2025-04-02 08:34:43.019 UTC: 	 Myproxy is valid: 1888860
DEBUG 2025-04-02 08:34:43.019 UTC: 	 Result of myproxy credential check:
  Credential exists on myproxy: username: 62145c27448958522230f1583fedca774537a25d  - validity: 21 days, 20:41:00
DEBUG 2025-04-02 08:34:43.020 UTC: 	 Command use: submit
DEBUG 2025-04-02 08:34:43.020 UTC: 	 Options use: ['-c', 'crab_config_W2j_LO_5f_CPPAVX2.py']
DEBUG 2025-04-02 08:34:43.020 UTC: 	 Encoded data for curl request: subresource=version
DEBUG 2025-04-02 08:34:43.908 UTC: 	 CRABClient version: v3.250318
DEBUG 2025-04-02 08:34:43.908 UTC: 	 Instance is prod
DEBUG 2025-04-02 08:34:43.908 UTC: 	 Server base url is cmsweb.cern.ch
DEBUG 2025-04-02 08:34:43.908 UTC: 	 Command api workflow
DEBUG 2025-04-02 08:34:43.908 UTC: 	 Started submission
DEBUG 2025-04-02 08:34:43.908 UTC: 	 Working on /home/choij/workspace/CustomNanoGEN_CMSSW_13_0_13/src/Configuration/CustomNanoGEN/crab/crab_projects/crab_W2j_LO_5f_CPPAVX2
DEBUG 2025-04-02 08:34:43.908 UTC: 	 Encoded data for curl request: subresource=backendurls
DEBUG 2025-04-02 08:34:44.746 UTC: 	 Loading required information from the environment
DEBUG 2025-04-02 08:34:44.746 UTC: 	 Found CMSSW_13_0_13 for el8_amd64_gcc11 with base /home/choij/workspace/CustomNanoGEN_CMSSW_13_0_13
DEBUG 2025-04-02 08:34:44.746 UTC: 	 UNIQUE NAME: tarUUID 53391ed9-6499-41f0-a62f-31e07f405c12 
DEBUG 2025-04-02 08:34:44.746 UTC: 	 self.config: from WMCore.Configuration import Configuration
config = Configuration()
config.section_('General')
config.General.requestName = 'W2j_LO_5f_CPPAVX2'
config.General.transferOutputs = True
config.General.transferLogs = False
config.General.workArea = 'crab_projects'
config.section_('JobType')
config.JobType.numCores = 1
config.JobType.psetName = '../configs/Hadronizer_TuneCP5_13p6TeV_W2j_LO_5f_CPPAVX2_LHE_pythia8_cfg.py'
config.JobType.pluginName = 'PrivateMC'
config.JobType.allowUndistributedCMSSW = False
config.section_('Data')
config.Data.outputDatasetTag = 'Run3Summer23wmLHEGS'
config.Data.totalUnits = 200000
config.Data.splitting = 'EventBased'
config.Data.outputPrimaryDataset = 'Validation'
config.Data.unitsPerJob = 5000
config.Data.outLFNDirBase = '/store/user/choij/CustomNanoGEN'
config.Data.publication = False
config.section_('Site')
config.Site.storageSite = 'T3_KR_KNU'
config.section_('User')
config.section_('Debug')

DEBUG 2025-04-02 08:34:44.746 UTC: 	 self.config.JobType.psetName: ../configs/Hadronizer_TuneCP5_13p6TeV_W2j_LO_5f_CPPAVX2_LHE_pythia8_cfg.py
INFO 2025-04-02 08:34:44.746 UTC: 	 Importing CMSSW configuration ../configs/Hadronizer_TuneCP5_13p6TeV_W2j_LO_5f_CPPAVX2_LHE_pythia8_cfg.py
INFO 2025-04-02 08:34:45.356 UTC: 	 Finished importing CMSSW configuration ../configs/Hadronizer_TuneCP5_13p6TeV_W2j_LO_5f_CPPAVX2_LHE_pythia8_cfg.py
DEBUG 2025-04-02 08:34:45.356 UTC: 	 Writing CMSSW configuration to /home/choij/workspace/CustomNanoGEN_CMSSW_13_0_13/src/Configuration/CustomNanoGEN/crab/crab_projects/crab_W2j_LO_5f_CPPAVX2/inputs/PSet.py
DEBUG 2025-04-02 08:34:45.456 UTC: 	 The following EDM output files will be collected: ['NANOGEN.root']
DEBUG 2025-04-02 08:34:45.456 UTC: 	 The following TFile output files will be collected: []
DEBUG 2025-04-02 08:34:45.456 UTC: 	 The following user output files (not listed as PoolOuputModule or TFileService in the CMSSW PSet) will be collected: 
DEBUG 2025-04-02 08:34:45.456 UTC: 	 Loading required information from the environment
DEBUG 2025-04-02 08:34:45.456 UTC: 	 Found CMSSW_13_0_13 for el8_amd64_gcc11 with base /home/choij/workspace/CustomNanoGEN_CMSSW_13_0_13
DEBUG 2025-04-02 08:34:45.456 UTC: 	 Making tarball in /home/choij/workspace/CustomNanoGEN_CMSSW_13_0_13/src/Configuration/CustomNanoGEN/crab/crab_projects/crab_W2j_LO_5f_CPPAVX2/inputs/53391ed9-6499-41f0-a62f-31e07f405c12default.tgz
DEBUG 2025-04-02 08:34:45.456 UTC: 	 Checking directory /home/choij/workspace/CustomNanoGEN_CMSSW_13_0_13/bin
DEBUG 2025-04-02 08:34:45.456 UTC: 	 Adding directory /home/choij/workspace/CustomNanoGEN_CMSSW_13_0_13/bin to tarball
DEBUG 2025-04-02 08:34:45.458 UTC: 	 Checking directory /home/choij/workspace/CustomNanoGEN_CMSSW_13_0_13/python
DEBUG 2025-04-02 08:34:45.458 UTC: 	 Adding directory /home/choij/workspace/CustomNanoGEN_CMSSW_13_0_13/python to tarball
DEBUG 2025-04-02 08:34:45.460 UTC: 	 Checking directory /home/choij/workspace/CustomNanoGEN_CMSSW_13_0_13/cfipython
DEBUG 2025-04-02 08:34:45.460 UTC: 	 Adding directory /home/choij/workspace/CustomNanoGEN_CMSSW_13_0_13/cfipython to tarball
DEBUG 2025-04-02 08:34:45.461 UTC: 	 Checking directory /home/choij/workspace/CustomNanoGEN_CMSSW_13_0_13/lib
DEBUG 2025-04-02 08:34:45.461 UTC: 	 Adding directory /home/choij/workspace/CustomNanoGEN_CMSSW_13_0_13/lib to tarball
DEBUG 2025-04-02 08:34:45.461 UTC: 	 Checking directory /home/choij/workspace/CustomNanoGEN_CMSSW_13_0_13/biglib
DEBUG 2025-04-02 08:34:45.461 UTC: 	 Adding directory /home/choij/workspace/CustomNanoGEN_CMSSW_13_0_13/biglib to tarball
DEBUG 2025-04-02 08:34:45.462 UTC: 	 Checking directory /home/choij/workspace/CustomNanoGEN_CMSSW_13_0_13/module
DEBUG 2025-04-02 08:34:45.462 UTC: 	 Checking directory /home/choij/workspace/CustomNanoGEN_CMSSW_13_0_13/config/SCRAM/hooks
DEBUG 2025-04-02 08:34:45.462 UTC: 	 Adding directory /home/choij/workspace/CustomNanoGEN_CMSSW_13_0_13/config/SCRAM/hooks to tarball
DEBUG 2025-04-02 08:34:45.467 UTC: 	 Adding directory /home/choij/workspace/CustomNanoGEN_CMSSW_13_0_13/src/Configuration/CustomNanoGEN/python to tarball
DEBUG 2025-04-02 08:34:45.617 UTC: 	 Uploading archive /home/choij/workspace/CustomNanoGEN_CMSSW_13_0_13/src/Configuration/CustomNanoGEN/crab/crab_projects/crab_W2j_LO_5f_CPPAVX2/inputs/53391ed9-6499-41f0-a62f-31e07f405c12default.tgz (198 KB) to the CRAB cache. Using URI https://cmsweb.cern.ch/S3/crabcache_prod
DEBUG 2025-04-02 08:34:45.707 UTC: 	 Encoded data for curl request: subresource=upload&objecttype=sandbox&tarballname=1719bb84b3f1122b55e5597e6ae936362afd12080b5a0509dcbee758e121d3be.tar.gz
DEBUG 2025-04-02 08:34:46.550 UTC: 	 Will execute:
curl -f -v -X POST  -H "User-Agent: CRAB" -F "key=choij/sandboxes/1719bb84b3f1122b55e5597e6ae936362afd12080b5a0509dcbee758e121d3be.tar.gz" -F "AWSAccessKeyId=715203df6482458ba839e73e6dab634b" -F "policy=eyJleHBpcmF0aW9uIjogIjIwMjUtMDQtMDJUMDk6MzQ6NDZaIiwgImNvbmRpdGlvbnMiOiBbeyJidWNrZXQiOiAiY3JhYmNhY2hlX3Byb2QifSwgeyJrZXkiOiAiY2hvaWovc2FuZGJveGVzLzE3MTliYjg0YjNmMTEyMmI1NWU1NTk3ZTZhZTkzNjM2MmFmZDEyMDgwYjVhMDUwOWRjYmVlNzU4ZTEyMWQzYmUudGFyLmd6In1dfQ==" -F "signature=o+fxED5L/8iqv347oLSu+FBafv8=" -F "file=@/home/choij/workspace/CustomNanoGEN_CMSSW_13_0_13/src/Configuration/CustomNanoGEN/crab/crab_projects/crab_W2j_LO_5f_CPPAVX2/inputs/53391ed9-6499-41f0-a62f-31e07f405c12default.tgz" "https://s3.cern.ch/crabcache_prod"
DEBUG 2025-04-02 08:34:48.266 UTC: 	 exitcode: 0
stdout: b''
DEBUG 2025-04-02 08:34:48.266 UTC: 	 upload to S3 of sandbox /home/choij/workspace/CustomNanoGEN_CMSSW_13_0_13/src/Configuration/CustomNanoGEN/crab/crab_projects/crab_W2j_LO_5f_CPPAVX2/inputs/53391ed9-6499-41f0-a62f-31e07f405c12default.tgz completed
DEBUG 2025-04-02 08:34:48.266 UTC: 	 make sure that object is ready for retrieve
DEBUG 2025-04-02 08:34:49.267 UTC: 	 Encoded data for curl request: subresource=download&objecttype=sandbox&tarballname=1719bb84b3f1122b55e5597e6ae936362afd12080b5a0509dcbee758e121d3be.tar.gz&clientmethod=head_object
DEBUG 2025-04-02 08:34:50.101 UTC: 	 PreSignedUrl to download sandbox received OK
DEBUG 2025-04-02 08:34:50.105 UTC: 	 Will execute:
 curl -v -s -f -o /dev/null --head  "https://s3.cern.ch/crabcache_prod/choij/sandboxes/1719bb84b3f1122b55e5597e6ae936362afd12080b5a0509dcbee758e121d3be.tar.gz?AWSAccessKeyId=715203df6482458ba839e73e6dab634b&Signature=0RdXtkrTY2Kgij%2BEgx2hWzitCyA%3D&Expires=1743586489"
DEBUG 2025-04-02 08:34:50.921 UTC: 	 exitcode: 0
stdout: b''
DEBUG 2025-04-02 08:34:50.921 UTC: 	 sandbox /home/choij/workspace/CustomNanoGEN_CMSSW_13_0_13/src/Configuration/CustomNanoGEN/crab/crab_projects/crab_W2j_LO_5f_CPPAVX2/inputs/53391ed9-6499-41f0-a62f-31e07f405c12default.tgz successfully uploaded to S3
DEBUG 2025-04-02 08:34:50.921 UTC: 	 Loading required information from the environment
DEBUG 2025-04-02 08:34:50.921 UTC: 	 Found CMSSW_13_0_13 for el8_amd64_gcc11 with base /home/choij/workspace/CustomNanoGEN_CMSSW_13_0_13
DEBUG 2025-04-02 08:34:50.921 UTC: 	 Making tarball in /home/choij/workspace/CustomNanoGEN_CMSSW_13_0_13/src/Configuration/CustomNanoGEN/crab/crab_projects/crab_W2j_LO_5f_CPPAVX2/inputs/debugFiles.tgz
DEBUG 2025-04-02 08:34:50.924 UTC: 	 Uploading archive /home/choij/workspace/CustomNanoGEN_CMSSW_13_0_13/src/Configuration/CustomNanoGEN/crab/crab_projects/crab_W2j_LO_5f_CPPAVX2/inputs/debugFiles.tgz (3 KB) to the CRAB cache. Using URI https://cmsweb.cern.ch/S3/crabcache_prod
DEBUG 2025-04-02 08:34:50.925 UTC: 	 Encoded data for curl request: subresource=upload&objecttype=sandbox&tarballname=d165a74e701f6ffb4e03bd7cea93fbbf6cc42f1f4b90d96afaddaf3adfa0f27c.tar.gz
DEBUG 2025-04-02 08:34:51.761 UTC: 	 Will execute:
curl -f -v -X POST  -H "User-Agent: CRAB" -F "key=choij/sandboxes/d165a74e701f6ffb4e03bd7cea93fbbf6cc42f1f4b90d96afaddaf3adfa0f27c.tar.gz" -F "AWSAccessKeyId=715203df6482458ba839e73e6dab634b" -F "policy=eyJleHBpcmF0aW9uIjogIjIwMjUtMDQtMDJUMDk6MzQ6NTFaIiwgImNvbmRpdGlvbnMiOiBbeyJidWNrZXQiOiAiY3JhYmNhY2hlX3Byb2QifSwgeyJrZXkiOiAiY2hvaWovc2FuZGJveGVzL2QxNjVhNzRlNzAxZjZmZmI0ZTAzYmQ3Y2VhOTNmYmJmNmNjNDJmMWY0YjkwZDk2YWZhZGRhZjNhZGZhMGYyN2MudGFyLmd6In1dfQ==" -F "signature=9YPmh8be3mOLGvDjtueB2pdizkg=" -F "file=@/home/choij/workspace/CustomNanoGEN_CMSSW_13_0_13/src/Configuration/CustomNanoGEN/crab/crab_projects/crab_W2j_LO_5f_CPPAVX2/inputs/debugFiles.tgz" "https://s3.cern.ch/crabcache_prod"
DEBUG 2025-04-02 08:34:52.585 UTC: 	 exitcode: 0
stdout: b''
DEBUG 2025-04-02 08:34:52.585 UTC: 	 upload to S3 of sandbox /home/choij/workspace/CustomNanoGEN_CMSSW_13_0_13/src/Configuration/CustomNanoGEN/crab/crab_projects/crab_W2j_LO_5f_CPPAVX2/inputs/debugFiles.tgz completed
DEBUG 2025-04-02 08:34:52.585 UTC: 	 make sure that object is ready for retrieve
DEBUG 2025-04-02 08:34:53.587 UTC: 	 Encoded data for curl request: subresource=download&objecttype=sandbox&tarballname=d165a74e701f6ffb4e03bd7cea93fbbf6cc42f1f4b90d96afaddaf3adfa0f27c.tar.gz&clientmethod=head_object
DEBUG 2025-04-02 08:34:54.422 UTC: 	 PreSignedUrl to download sandbox received OK
DEBUG 2025-04-02 08:34:54.425 UTC: 	 Will execute:
 curl -v -s -f -o /dev/null --head  "https://s3.cern.ch/crabcache_prod/choij/sandboxes/d165a74e701f6ffb4e03bd7cea93fbbf6cc42f1f4b90d96afaddaf3adfa0f27c.tar.gz?AWSAccessKeyId=715203df6482458ba839e73e6dab634b&Signature=9FxiExfVR4B2qbRxGCRkf8Tpy%2B8%3D&Expires=1743586494"
DEBUG 2025-04-02 08:34:55.235 UTC: 	 exitcode: 0
stdout: b''
DEBUG 2025-04-02 08:34:55.236 UTC: 	 sandbox /home/choij/workspace/CustomNanoGEN_CMSSW_13_0_13/src/Configuration/CustomNanoGEN/crab/crab_projects/crab_W2j_LO_5f_CPPAVX2/inputs/debugFiles.tgz successfully uploaded to S3
DEBUG 2025-04-02 08:34:55.236 UTC: 	 Result uploading input files: 1719bb84b3f1122b55e5597e6ae936362afd12080b5a0509dcbee758e121d3be.tar.gz 
DEBUG 2025-04-02 08:34:55.236 UTC: 	 submit() - self.configuration from WMCore.Configuration import Configuration
config = Configuration()
config.section_('General')
config.General.requestName = 'W2j_LO_5f_CPPAVX2'
config.General.transferOutputs = True
config.General.transferLogs = False
config.General.workArea = 'crab_projects'
config.section_('JobType')
config.JobType.numCores = 1
config.JobType.psetName = '../configs/Hadronizer_TuneCP5_13p6TeV_W2j_LO_5f_CPPAVX2_LHE_pythia8_cfg.py'
config.JobType.pluginName = 'PrivateMC'
config.JobType.allowUndistributedCMSSW = False
config.section_('Data')
config.Data.outputDatasetTag = 'Run3Summer23wmLHEGS'
config.Data.totalUnits = 200000
config.Data.splitting = 'EventBased'
config.Data.outputPrimaryDataset = 'Validation'
config.Data.unitsPerJob = 5000
config.Data.outLFNDirBase = '/store/user/choij/CustomNanoGEN'
config.Data.publication = False
config.section_('Site')
config.Site.storageSite = 'T3_KR_KNU'
config.section_('User')
config.section_('Debug')

DEBUG 2025-04-02 08:34:55.236 UTC: 	 submit() - self.configreq {'dryrun': 0, 'workflow': 'crab_W2j_LO_5f_CPPAVX2', 'saveoutput': 1, 'savelogsflag': 0, 'primarydataset': 'Validation', 'nonvaliddata': 0, 'userfiles': [], 'dbsurl': 'https://cmsweb.cern.ch/dbs/prod/global/DBSReader', 'useparent': 0, 'ignorelocality': 0, 'splitalgo': 'EventBased', 'algoargs': 5000, 'totalunits': 200000, 'lfn': '/store/user/choij/CustomNanoGEN', 'publication': 0, 'publishdbsurl': 'https://cmsweb.cern.ch/dbs/prod/phys03/DBSWriter', 'publishname2': 'Run3Summer23wmLHEGS', 'jobtype': 'PrivateMC', 'generator': 'pythia', 'addoutputfiles': [], 'maxjobruntime': 1250, 'numcores': 1, 'maxmemory': 2000, 'priority': 10, 'nonprodsw': 0, 'asyncdest': 'T3_KR_KNU', 'requireaccelerator': 0, 'oneEventMode': 0, 'extrajdl': [], 'ignoreglobalblacklist': 0, 'partialdataset': 0, 'inputblocks': []}
DEBUG 2025-04-02 08:34:55.236 UTC: 	 submit() - jobconfig {'addoutputfiles': [], 'tfileoutfiles': [], 'edmoutfiles': ['NANOGEN.root'], 'jobarch': 'el8_amd64_gcc11', 'jobminuarch': 'any', 'jobsw': 'CMSSW_13_0_13', 'cacheurl': 'https://cmsweb.cern.ch/S3/crabcache_prod', 'cachefilename': '1719bb84b3f1122b55e5597e6ae936362afd12080b5a0509dcbee758e121d3be.tar.gz', 'debugfilename': 'd165a74e701f6ffb4e03bd7cea93fbbf6cc42f1f4b90d96afaddaf3adfa0f27c.tar.gz', 'jobtype': 'PrivateMC', 'primarydataset': 'Validation'}
INFO 2025-04-02 08:34:55.236 UTC: 	 Sending the request to the server at cmsweb.cern.ch
DEBUG 2025-04-02 08:34:55.236 UTC: 	 Submitting {'dryrun': 0, 'workflow': 'crab_W2j_LO_5f_CPPAVX2', 'saveoutput': 1, 'savelogsflag': 0, 'primarydataset': 'Validation', 'nonvaliddata': 0, 'userfiles': [], 'dbsurl': 'https://cmsweb.cern.ch/dbs/prod/global/DBSReader', 'useparent': 0, 'ignorelocality': 0, 'splitalgo': 'EventBased', 'algoargs': 5000, 'totalunits': 200000, 'lfn': '/store/user/choij/CustomNanoGEN', 'publication': 0, 'publishdbsurl': 'https://cmsweb.cern.ch/dbs/prod/phys03/DBSWriter', 'publishname2': 'Run3Summer23wmLHEGS', 'jobtype': 'PrivateMC', 'generator': 'pythia', 'addoutputfiles': [], 'maxjobruntime': 1250, 'numcores': 1, 'maxmemory': 2000, 'priority': 10, 'nonprodsw': 0, 'asyncdest': 'T3_KR_KNU', 'requireaccelerator': 0, 'oneEventMode': 0, 'extrajdl': [], 'ignoreglobalblacklist': 0, 'partialdataset': 0, 'inputblocks': [], 'tfileoutfiles': [], 'edmoutfiles': ['NANOGEN.root'], 'jobarch': 'el8_amd64_gcc11', 'jobminuarch': 'any', 'jobsw': 'CMSSW_13_0_13', 'cacheurl': 'https://cmsweb.cern.ch/S3/crabcache_prod', 'cachefilename': '1719bb84b3f1122b55e5597e6ae936362afd12080b5a0509dcbee758e121d3be.tar.gz', 'debugfilename': 'd165a74e701f6ffb4e03bd7cea93fbbf6cc42f1f4b90d96afaddaf3adfa0f27c.tar.gz'} 
DEBUG 2025-04-02 08:34:55.236 UTC: 	 Encoded data for curl request: dryrun=0&workflow=crab_W2j_LO_5f_CPPAVX2&saveoutput=1&savelogsflag=0&primarydataset=Validation&nonvaliddata=0&dbsurl=https%3A%2F%2Fcmsweb.cern.ch%2Fdbs%2Fprod%2Fglobal%2FDBSReader&useparent=0&ignorelocality=0&splitalgo=EventBased&algoargs=5000&totalunits=200000&lfn=%2Fstore%2Fuser%2Fchoij%2FCustomNanoGEN&publication=0&publishdbsurl=https%3A%2F%2Fcmsweb.cern.ch%2Fdbs%2Fprod%2Fphys03%2FDBSWriter&publishname2=Run3Summer23wmLHEGS&jobtype=PrivateMC&generator=pythia&maxjobruntime=1250&numcores=1&maxmemory=2000&priority=10&nonprodsw=0&asyncdest=T3_KR_KNU&requireaccelerator=0&oneEventMode=0&ignoreglobalblacklist=0&partialdataset=0&jobarch=el8_amd64_gcc11&jobminuarch=any&jobsw=CMSSW_13_0_13&cacheurl=https%3A%2F%2Fcmsweb.cern.ch%2FS3%2Fcrabcache_prod&cachefilename=1719bb84b3f1122b55e5597e6ae936362afd12080b5a0509dcbee758e121d3be.tar.gz&debugfilename=d165a74e701f6ffb4e03bd7cea93fbbf6cc42f1f4b90d96afaddaf3adfa0f27c.tar.gz&edmoutfiles=NANOGEN.root
DEBUG 2025-04-02 08:34:56.264 UTC: 	 Result: {'result': [{'RequestName': '250402_083455:choij_crab_W2j_LO_5f_CPPAVX2'}]}
INFO 2025-04-02 08:34:56.264 UTC: 	 Success: Your task has been delivered to the prod CRAB3 server.
INFO 2025-04-02 08:34:56.264 UTC: 	 Task name: 250402_083455:choij_crab_W2j_LO_5f_CPPAVX2
INFO 2025-04-02 08:34:56.264 UTC: 	 Project dir: crab_projects/crab_W2j_LO_5f_CPPAVX2
INFO 2025-04-02 08:34:56.264 UTC: 	 Please use ' crab status -d crab_projects/crab_W2j_LO_5f_CPPAVX2 ' to check how the submission process proceeds.
DEBUG 2025-04-02 08:34:56.264 UTC: 	 About to return
INFO 2025-04-02 08:34:56.266 UTC: 	 Log file is /home/choij/workspace/CustomNanoGEN_CMSSW_13_0_13/src/Configuration/CustomNanoGEN/crab/crab_projects/crab_W2j_LO_5f_CPPAVX2/crab.log
