DEBUG 2025-04-02 11:51:16.817 UTC: 	 CRAB Client version: v3.250318
DEBUG 2025-04-02 11:51:16.817 UTC: 	 Running on: Linux private-snu 6.13.8-200.fc41.x86_64 #1 SMP PREEMPT_DYNAMIC Sun Mar 23 05:03:09 UTC 2025 x86_64 x86_64 x86_64 GNU/Linux
DEBUG 2025-04-02 11:51:16.817 UTC: 	 Using SINGULARITY image: private-el9.sif
DEBUG 2025-04-02 11:51:16.817 UTC: 	 Operating System: AlmaLinux 9.5 (Teal Serval)
DEBUG 2025-04-02 11:51:16.817 UTC: 	 Executing command: 'submit'
DEBUG 2025-04-02 11:51:16.817 UTC: 	 Found CRAB cache file /home/choij/.crab3
INFO 2025-04-02 11:51:16.818 UTC: 	 Will use CRAB configuration file crab_config_DY3j_LO_5f_CPPNONE.py
DEBUG 2025-04-02 11:51:16.818 UTC: 	 Loading CRAB configuration file.
DEBUG 2025-04-02 11:51:20.353 UTC: 	 Will use CRAB plugin PRIVATEMC (i.e. will run an a MC generation job type).
DEBUG 2025-04-02 11:51:20.354 UTC: 	 Checking credentials
DEBUG 2025-04-02 11:51:20.354 UTC: 	 Found proxy file /tmp/x509up_u1000
DEBUG 2025-04-02 11:51:20.354 UTC: 	 Making sure it has proper VOMS extension
DEBUG 2025-04-02 11:51:20.354 UTC: 	 Executing command :
 voms-proxy-info --vo --file /tmp/x509up_u1000
DEBUG 2025-04-02 11:51:20.657 UTC: 	 output : cms

 error: 
 retcode : 0
DEBUG 2025-04-02 11:51:20.658 UTC: 	 Getting proxy life time left
DEBUG 2025-04-02 11:51:20.658 UTC: 	 Executing command :
 voms-proxy-info --actimeleft --timeleft --file /tmp/x509up_u1000
DEBUG 2025-04-02 11:51:20.970 UTC: 	 output : 581989
581989

 error: 
 retcode : 0
DEBUG 2025-04-02 11:51:20.970 UTC: 	 Proxy valid for 161:39:49 hours
DEBUG 2025-04-02 11:51:20.971 UTC: 	 Encoded data for curl request: subresource=delegatedn
DEBUG 2025-04-02 11:51:21.801 UTC: 	 Registering user credentials on myproxy for /DC=ch/DC=cern/OU=computers/CN=crab-(preprod|prod)-tw(01|02).cern.ch|/DC=ch/DC=cern/OU=computers/CN=crab-dev-tw(01|02|03|04).cern.ch|/DC=ch/DC=cern/OU=Organic Units/OU=Users/CN=cmscrab/CN=(817881|373708)/CN=Robot: cms crab|/DC=ch/DC=cern/OU=Organic Units/OU=Users/CN=crabint1/CN=373708/CN=Robot: CMS CRAB Integration 1
DEBUG 2025-04-02 11:51:21.801 UTC: 	 Executing command :
 voms-proxy-info --identity --file /tmp/x509up_u1000
DEBUG 2025-04-02 11:51:22.095 UTC: 	 output : /DC=ch/DC=cern/OU=Organic Units/OU=Users/CN=choij/CN=841389/CN=Jin Choi

 error: 
 retcode : 0
DEBUG 2025-04-02 11:51:22.095 UTC: 	 Getting myproxy life time left for 62145c27448958522230f1583fedca774537a25d
DEBUG 2025-04-02 11:51:22.096 UTC: 	 Executing command :
 myproxy-info -s myproxy.cern.ch -l 62145c27448958522230f1583fedca774537a25d
DEBUG 2025-04-02 11:51:23.704 UTC: 	 output : username: 62145c27448958522230f1583fedca774537a25d
owner: /DC=ch/DC=cern/OU=Organic Units/OU=Users/CN=choij/CN=841389/CN=Jin Choi
  renewal policy: /DC=ch/DC=cern/OU=computers/CN=crab-(preprod|prod)-tw(01|02).cern.ch|/DC=ch/DC=cern/OU=computers/CN=crab-dev-tw(01|02|03|04).cern.ch|/DC=ch/DC=cern/OU=Organic Units/OU=Users/CN=cmscrab/CN=(817881|373708)/CN=Robot: cms crab|/DC=ch/DC=cern/OU=Organic Units/OU=Users/CN=crabint1/CN=373708/CN=Robot: CMS CRAB Integration 1
  trusted retrieval policy: /DC=ch/DC=cern/OU=computers/CN=crab-(preprod|prod)-tw(01|02).cern.ch|/DC=ch/DC=cern/OU=computers/CN=crab-dev-tw(01|02|03|04).cern.ch|/DC=ch/DC=cern/OU=Organic Units/OU=Users/CN=cmscrab/CN=(817881|373708)/CN=Robot: cms crab|/DC=ch/DC=cern/OU=Organic Units/OU=Users/CN=crabint1/CN=373708/CN=Robot: CMS CRAB Integration 1
  timeleft: 521:24:41  (21.7 days)

 error: 
 retcode : 0
DEBUG 2025-04-02 11:51:23.704 UTC: 	 Myproxy is valid: 1877040
DEBUG 2025-04-02 11:51:23.704 UTC: 	 Result of myproxy credential check:
  Credential exists on myproxy: username: 62145c27448958522230f1583fedca774537a25d  - validity: 21 days, 17:24:00
DEBUG 2025-04-02 11:51:23.704 UTC: 	 Command use: submit
DEBUG 2025-04-02 11:51:23.704 UTC: 	 Options use: ['-c', 'crab_config_DY3j_LO_5f_CPPNONE.py']
DEBUG 2025-04-02 11:51:23.704 UTC: 	 Encoded data for curl request: subresource=version
DEBUG 2025-04-02 11:53:40.580 UTC: 	 CRABClient version: v3.250318
DEBUG 2025-04-02 11:53:40.580 UTC: 	 Instance is prod
DEBUG 2025-04-02 11:53:40.580 UTC: 	 Server base url is cmsweb.cern.ch
DEBUG 2025-04-02 11:53:40.580 UTC: 	 Command api workflow
DEBUG 2025-04-02 11:53:40.580 UTC: 	 Started submission
DEBUG 2025-04-02 11:53:40.580 UTC: 	 Working on /home/choij/workspace/CustomNanoGEN_CMSSW_13_0_13/src/Configuration/CustomNanoGEN/crab/crab_projects/crab_DY3j_LO_5f_CPPNONE
DEBUG 2025-04-02 11:53:40.580 UTC: 	 Encoded data for curl request: subresource=backendurls
DEBUG 2025-04-02 11:53:41.436 UTC: 	 Loading required information from the environment
DEBUG 2025-04-02 11:53:41.436 UTC: 	 Found CMSSW_13_0_13 for el9_amd64_gcc11 with base /home/choij/workspace/CustomNanoGEN_CMSSW_13_0_13
DEBUG 2025-04-02 11:53:41.436 UTC: 	 UNIQUE NAME: tarUUID 6e90abb3-ed9c-4b8b-8a96-f0fe6c27fae4 
DEBUG 2025-04-02 11:53:41.436 UTC: 	 self.config: from WMCore.Configuration import Configuration
config = Configuration()
config.section_('General')
config.General.transferLogs = False
config.General.requestName = 'DY3j_LO_5f_CPPNONE'
config.General.transferOutputs = True
config.General.workArea = 'crab_projects'
config.section_('JobType')
config.JobType.allowUndistributedCMSSW = False
config.JobType.pluginName = 'PrivateMC'
config.JobType.numCores = 1
config.JobType.maxMemoryMB = 5000
config.JobType.psetName = '../configs/Hadronizer_TuneCP5_13p6TeV_DY3j_LO_5f_CPPNONE_LHE_pythia8_cfg.py'
config.section_('Data')
config.Data.outLFNDirBase = '/store/user/choij/MG4GPU/Validation'
config.Data.outputPrimaryDataset = 'DY3j_LO_5f_CPPNONE'
config.Data.publication = False
config.Data.outputDatasetTag = 'Run3Summer23wmLHEGS'
config.Data.unitsPerJob = 4000
config.Data.splitting = 'EventBased'
config.Data.totalUnits = 160000
config.section_('Site')
config.Site.storageSite = 'T3_KR_KNU'
config.section_('User')
config.section_('Debug')

DEBUG 2025-04-02 11:53:41.436 UTC: 	 self.config.JobType.psetName: ../configs/Hadronizer_TuneCP5_13p6TeV_DY3j_LO_5f_CPPNONE_LHE_pythia8_cfg.py
INFO 2025-04-02 11:53:41.436 UTC: 	 Importing CMSSW configuration ../configs/Hadronizer_TuneCP5_13p6TeV_DY3j_LO_5f_CPPNONE_LHE_pythia8_cfg.py
INFO 2025-04-02 11:53:42.061 UTC: 	 Finished importing CMSSW configuration ../configs/Hadronizer_TuneCP5_13p6TeV_DY3j_LO_5f_CPPNONE_LHE_pythia8_cfg.py
DEBUG 2025-04-02 11:53:42.061 UTC: 	 Writing CMSSW configuration to /home/choij/workspace/CustomNanoGEN_CMSSW_13_0_13/src/Configuration/CustomNanoGEN/crab/crab_projects/crab_DY3j_LO_5f_CPPNONE/inputs/PSet.py
DEBUG 2025-04-02 11:53:42.162 UTC: 	 The following EDM output files will be collected: ['NANOGEN.root']
DEBUG 2025-04-02 11:53:42.162 UTC: 	 The following TFile output files will be collected: []
DEBUG 2025-04-02 11:53:42.162 UTC: 	 The following user output files (not listed as PoolOuputModule or TFileService in the CMSSW PSet) will be collected: 
DEBUG 2025-04-02 11:53:42.162 UTC: 	 Loading required information from the environment
DEBUG 2025-04-02 11:53:42.162 UTC: 	 Found CMSSW_13_0_13 for el9_amd64_gcc11 with base /home/choij/workspace/CustomNanoGEN_CMSSW_13_0_13
DEBUG 2025-04-02 11:53:42.162 UTC: 	 Making tarball in /home/choij/workspace/CustomNanoGEN_CMSSW_13_0_13/src/Configuration/CustomNanoGEN/crab/crab_projects/crab_DY3j_LO_5f_CPPNONE/inputs/6e90abb3-ed9c-4b8b-8a96-f0fe6c27fae4default.tgz
DEBUG 2025-04-02 11:53:42.162 UTC: 	 Checking directory /home/choij/workspace/CustomNanoGEN_CMSSW_13_0_13/bin
DEBUG 2025-04-02 11:53:42.162 UTC: 	 Adding directory /home/choij/workspace/CustomNanoGEN_CMSSW_13_0_13/bin to tarball
DEBUG 2025-04-02 11:53:42.164 UTC: 	 Checking directory /home/choij/workspace/CustomNanoGEN_CMSSW_13_0_13/python
DEBUG 2025-04-02 11:53:42.164 UTC: 	 Adding directory /home/choij/workspace/CustomNanoGEN_CMSSW_13_0_13/python to tarball
DEBUG 2025-04-02 11:53:42.166 UTC: 	 Checking directory /home/choij/workspace/CustomNanoGEN_CMSSW_13_0_13/cfipython
DEBUG 2025-04-02 11:53:42.166 UTC: 	 Adding directory /home/choij/workspace/CustomNanoGEN_CMSSW_13_0_13/cfipython to tarball
DEBUG 2025-04-02 11:53:42.166 UTC: 	 Checking directory /home/choij/workspace/CustomNanoGEN_CMSSW_13_0_13/lib
DEBUG 2025-04-02 11:53:42.166 UTC: 	 Adding directory /home/choij/workspace/CustomNanoGEN_CMSSW_13_0_13/lib to tarball
DEBUG 2025-04-02 11:53:42.167 UTC: 	 Checking directory /home/choij/workspace/CustomNanoGEN_CMSSW_13_0_13/biglib
DEBUG 2025-04-02 11:53:42.167 UTC: 	 Adding directory /home/choij/workspace/CustomNanoGEN_CMSSW_13_0_13/biglib to tarball
DEBUG 2025-04-02 11:53:42.167 UTC: 	 Checking directory /home/choij/workspace/CustomNanoGEN_CMSSW_13_0_13/module
DEBUG 2025-04-02 11:53:42.167 UTC: 	 Checking directory /home/choij/workspace/CustomNanoGEN_CMSSW_13_0_13/config/SCRAM/hooks
DEBUG 2025-04-02 11:53:42.167 UTC: 	 Adding directory /home/choij/workspace/CustomNanoGEN_CMSSW_13_0_13/config/SCRAM/hooks to tarball
DEBUG 2025-04-02 11:53:42.172 UTC: 	 Adding directory /home/choij/workspace/CustomNanoGEN_CMSSW_13_0_13/src/Configuration/CustomNanoGEN/python to tarball
DEBUG 2025-04-02 11:53:42.321 UTC: 	 Uploading archive /home/choij/workspace/CustomNanoGEN_CMSSW_13_0_13/src/Configuration/CustomNanoGEN/crab/crab_projects/crab_DY3j_LO_5f_CPPNONE/inputs/6e90abb3-ed9c-4b8b-8a96-f0fe6c27fae4default.tgz (198 KB) to the CRAB cache. Using URI https://cmsweb.cern.ch/S3/crabcache_prod
DEBUG 2025-04-02 11:53:42.409 UTC: 	 Encoded data for curl request: subresource=upload&objecttype=sandbox&tarballname=9931080a217a3a0ae6e58bc98718206ad62014c637c70e64dd799601ca1c2008.tar.gz
DEBUG 2025-04-02 11:55:55.769 UTC: 	 Will execute:
curl -f -v -X POST  -H "User-Agent: CRAB" -F "key=choij/sandboxes/9931080a217a3a0ae6e58bc98718206ad62014c637c70e64dd799601ca1c2008.tar.gz" -F "AWSAccessKeyId=715203df6482458ba839e73e6dab634b" -F "policy=eyJleHBpcmF0aW9uIjogIjIwMjUtMDQtMDJUMTI6NTU6NTVaIiwgImNvbmRpdGlvbnMiOiBbeyJidWNrZXQiOiAiY3JhYmNhY2hlX3Byb2QifSwgeyJrZXkiOiAiY2hvaWovc2FuZGJveGVzLzk5MzEwODBhMjE3YTNhMGFlNmU1OGJjOTg3MTgyMDZhZDYyMDE0YzYzN2M3MGU2NGRkNzk5NjAxY2ExYzIwMDgudGFyLmd6In1dfQ==" -F "signature=x58lO/7nMSGyIDOuk8XlSmH8pHw=" -F "file=@/home/choij/workspace/CustomNanoGEN_CMSSW_13_0_13/src/Configuration/CustomNanoGEN/crab/crab_projects/crab_DY3j_LO_5f_CPPNONE/inputs/6e90abb3-ed9c-4b8b-8a96-f0fe6c27fae4default.tgz" "https://s3.cern.ch/crabcache_prod"
DEBUG 2025-04-02 11:55:57.446 UTC: 	 exitcode: 0
stdout: b''
DEBUG 2025-04-02 11:55:57.446 UTC: 	 upload to S3 of sandbox /home/choij/workspace/CustomNanoGEN_CMSSW_13_0_13/src/Configuration/CustomNanoGEN/crab/crab_projects/crab_DY3j_LO_5f_CPPNONE/inputs/6e90abb3-ed9c-4b8b-8a96-f0fe6c27fae4default.tgz completed
DEBUG 2025-04-02 11:55:57.446 UTC: 	 make sure that object is ready for retrieve
DEBUG 2025-04-02 11:55:58.448 UTC: 	 Encoded data for curl request: subresource=download&objecttype=sandbox&tarballname=9931080a217a3a0ae6e58bc98718206ad62014c637c70e64dd799601ca1c2008.tar.gz&clientmethod=head_object
DEBUG 2025-04-02 11:55:59.296 UTC: 	 PreSignedUrl to download sandbox received OK
DEBUG 2025-04-02 11:55:59.299 UTC: 	 Will execute:
 curl -v -s -f -o /dev/null --head  "https://s3.cern.ch/crabcache_prod/choij/sandboxes/9931080a217a3a0ae6e58bc98718206ad62014c637c70e64dd799601ca1c2008.tar.gz?AWSAccessKeyId=715203df6482458ba839e73e6dab634b&Signature=3eLHtHjTE82wM1JWm57331EklhU%3D&Expires=1743598559"
DEBUG 2025-04-02 11:56:00.110 UTC: 	 exitcode: 0
stdout: b''
DEBUG 2025-04-02 11:56:00.111 UTC: 	 sandbox /home/choij/workspace/CustomNanoGEN_CMSSW_13_0_13/src/Configuration/CustomNanoGEN/crab/crab_projects/crab_DY3j_LO_5f_CPPNONE/inputs/6e90abb3-ed9c-4b8b-8a96-f0fe6c27fae4default.tgz successfully uploaded to S3
DEBUG 2025-04-02 11:56:00.111 UTC: 	 Loading required information from the environment
DEBUG 2025-04-02 11:56:00.111 UTC: 	 Found CMSSW_13_0_13 for el9_amd64_gcc11 with base /home/choij/workspace/CustomNanoGEN_CMSSW_13_0_13
DEBUG 2025-04-02 11:56:00.111 UTC: 	 Making tarball in /home/choij/workspace/CustomNanoGEN_CMSSW_13_0_13/src/Configuration/CustomNanoGEN/crab/crab_projects/crab_DY3j_LO_5f_CPPNONE/inputs/debugFiles.tgz
DEBUG 2025-04-02 11:56:00.113 UTC: 	 Uploading archive /home/choij/workspace/CustomNanoGEN_CMSSW_13_0_13/src/Configuration/CustomNanoGEN/crab/crab_projects/crab_DY3j_LO_5f_CPPNONE/inputs/debugFiles.tgz (3 KB) to the CRAB cache. Using URI https://cmsweb.cern.ch/S3/crabcache_prod
DEBUG 2025-04-02 11:56:00.115 UTC: 	 Encoded data for curl request: subresource=upload&objecttype=sandbox&tarballname=f85921e0d1fe55fdd645adaee7c903c31d30989ed58fc287059a2b707b09b717.tar.gz
DEBUG 2025-04-02 11:56:00.980 UTC: 	 Will execute:
curl -f -v -X POST  -H "User-Agent: CRAB" -F "key=choij/sandboxes/f85921e0d1fe55fdd645adaee7c903c31d30989ed58fc287059a2b707b09b717.tar.gz" -F "AWSAccessKeyId=715203df6482458ba839e73e6dab634b" -F "policy=eyJleHBpcmF0aW9uIjogIjIwMjUtMDQtMDJUMTI6NTY6MDBaIiwgImNvbmRpdGlvbnMiOiBbeyJidWNrZXQiOiAiY3JhYmNhY2hlX3Byb2QifSwgeyJrZXkiOiAiY2hvaWovc2FuZGJveGVzL2Y4NTkyMWUwZDFmZTU1ZmRkNjQ1YWRhZWU3YzkwM2MzMWQzMDk4OWVkNThmYzI4NzA1OWEyYjcwN2IwOWI3MTcudGFyLmd6In1dfQ==" -F "signature=OynnrNen6kOR1IKXBgrvLyJfeNA=" -F "file=@/home/choij/workspace/CustomNanoGEN_CMSSW_13_0_13/src/Configuration/CustomNanoGEN/crab/crab_projects/crab_DY3j_LO_5f_CPPNONE/inputs/debugFiles.tgz" "https://s3.cern.ch/crabcache_prod"
DEBUG 2025-04-02 11:56:01.815 UTC: 	 exitcode: 0
stdout: b''
DEBUG 2025-04-02 11:56:01.815 UTC: 	 upload to S3 of sandbox /home/choij/workspace/CustomNanoGEN_CMSSW_13_0_13/src/Configuration/CustomNanoGEN/crab/crab_projects/crab_DY3j_LO_5f_CPPNONE/inputs/debugFiles.tgz completed
DEBUG 2025-04-02 11:56:01.815 UTC: 	 make sure that object is ready for retrieve
DEBUG 2025-04-02 11:56:02.816 UTC: 	 Encoded data for curl request: subresource=download&objecttype=sandbox&tarballname=f85921e0d1fe55fdd645adaee7c903c31d30989ed58fc287059a2b707b09b717.tar.gz&clientmethod=head_object
DEBUG 2025-04-02 11:56:03.657 UTC: 	 PreSignedUrl to download sandbox received OK
DEBUG 2025-04-02 11:56:03.660 UTC: 	 Will execute:
 curl -v -s -f -o /dev/null --head  "https://s3.cern.ch/crabcache_prod/choij/sandboxes/f85921e0d1fe55fdd645adaee7c903c31d30989ed58fc287059a2b707b09b717.tar.gz?AWSAccessKeyId=715203df6482458ba839e73e6dab634b&Signature=9veQvIgz116yDDkrjrd4QXc3GRQ%3D&Expires=1743598563"
DEBUG 2025-04-02 11:56:04.481 UTC: 	 exitcode: 0
stdout: b''
DEBUG 2025-04-02 11:56:04.481 UTC: 	 sandbox /home/choij/workspace/CustomNanoGEN_CMSSW_13_0_13/src/Configuration/CustomNanoGEN/crab/crab_projects/crab_DY3j_LO_5f_CPPNONE/inputs/debugFiles.tgz successfully uploaded to S3
DEBUG 2025-04-02 11:56:04.481 UTC: 	 Result uploading input files: 9931080a217a3a0ae6e58bc98718206ad62014c637c70e64dd799601ca1c2008.tar.gz 
DEBUG 2025-04-02 11:56:04.481 UTC: 	 submit() - self.configuration from WMCore.Configuration import Configuration
config = Configuration()
config.section_('General')
config.General.transferLogs = False
config.General.requestName = 'DY3j_LO_5f_CPPNONE'
config.General.transferOutputs = True
config.General.workArea = 'crab_projects'
config.section_('JobType')
config.JobType.allowUndistributedCMSSW = False
config.JobType.pluginName = 'PrivateMC'
config.JobType.numCores = 1
config.JobType.maxMemoryMB = 5000
config.JobType.psetName = '../configs/Hadronizer_TuneCP5_13p6TeV_DY3j_LO_5f_CPPNONE_LHE_pythia8_cfg.py'
config.section_('Data')
config.Data.outLFNDirBase = '/store/user/choij/MG4GPU/Validation'
config.Data.outputPrimaryDataset = 'DY3j_LO_5f_CPPNONE'
config.Data.publication = False
config.Data.outputDatasetTag = 'Run3Summer23wmLHEGS'
config.Data.unitsPerJob = 4000
config.Data.splitting = 'EventBased'
config.Data.totalUnits = 160000
config.section_('Site')
config.Site.storageSite = 'T3_KR_KNU'
config.section_('User')
config.section_('Debug')

DEBUG 2025-04-02 11:56:04.481 UTC: 	 submit() - self.configreq {'dryrun': 0, 'workflow': 'crab_DY3j_LO_5f_CPPNONE', 'saveoutput': 1, 'savelogsflag': 0, 'primarydataset': 'DY3j_LO_5f_CPPNONE', 'nonvaliddata': 0, 'userfiles': [], 'dbsurl': 'https://cmsweb.cern.ch/dbs/prod/global/DBSReader', 'useparent': 0, 'ignorelocality': 0, 'splitalgo': 'EventBased', 'algoargs': 4000, 'totalunits': 160000, 'lfn': '/store/user/choij/MG4GPU/Validation', 'publication': 0, 'publishdbsurl': 'https://cmsweb.cern.ch/dbs/prod/phys03/DBSWriter', 'publishname2': 'Run3Summer23wmLHEGS', 'jobtype': 'PrivateMC', 'generator': 'pythia', 'addoutputfiles': [], 'maxjobruntime': 1250, 'numcores': 1, 'maxmemory': 5000, 'priority': 10, 'nonprodsw': 0, 'asyncdest': 'T3_KR_KNU', 'requireaccelerator': 0, 'oneEventMode': 0, 'extrajdl': [], 'ignoreglobalblacklist': 0, 'partialdataset': 0, 'inputblocks': []}
DEBUG 2025-04-02 11:56:04.481 UTC: 	 submit() - jobconfig {'addoutputfiles': [], 'tfileoutfiles': [], 'edmoutfiles': ['NANOGEN.root'], 'jobarch': 'el9_amd64_gcc11', 'jobminuarch': 'any', 'jobsw': 'CMSSW_13_0_13', 'cacheurl': 'https://cmsweb.cern.ch/S3/crabcache_prod', 'cachefilename': '9931080a217a3a0ae6e58bc98718206ad62014c637c70e64dd799601ca1c2008.tar.gz', 'debugfilename': 'f85921e0d1fe55fdd645adaee7c903c31d30989ed58fc287059a2b707b09b717.tar.gz', 'jobtype': 'PrivateMC', 'primarydataset': 'DY3j_LO_5f_CPPNONE'}
INFO 2025-04-02 11:56:04.481 UTC: 	 Sending the request to the server at cmsweb.cern.ch
DEBUG 2025-04-02 11:56:04.482 UTC: 	 Submitting {'dryrun': 0, 'workflow': 'crab_DY3j_LO_5f_CPPNONE', 'saveoutput': 1, 'savelogsflag': 0, 'primarydataset': 'DY3j_LO_5f_CPPNONE', 'nonvaliddata': 0, 'userfiles': [], 'dbsurl': 'https://cmsweb.cern.ch/dbs/prod/global/DBSReader', 'useparent': 0, 'ignorelocality': 0, 'splitalgo': 'EventBased', 'algoargs': 4000, 'totalunits': 160000, 'lfn': '/store/user/choij/MG4GPU/Validation', 'publication': 0, 'publishdbsurl': 'https://cmsweb.cern.ch/dbs/prod/phys03/DBSWriter', 'publishname2': 'Run3Summer23wmLHEGS', 'jobtype': 'PrivateMC', 'generator': 'pythia', 'addoutputfiles': [], 'maxjobruntime': 1250, 'numcores': 1, 'maxmemory': 5000, 'priority': 10, 'nonprodsw': 0, 'asyncdest': 'T3_KR_KNU', 'requireaccelerator': 0, 'oneEventMode': 0, 'extrajdl': [], 'ignoreglobalblacklist': 0, 'partialdataset': 0, 'inputblocks': [], 'tfileoutfiles': [], 'edmoutfiles': ['NANOGEN.root'], 'jobarch': 'el9_amd64_gcc11', 'jobminuarch': 'any', 'jobsw': 'CMSSW_13_0_13', 'cacheurl': 'https://cmsweb.cern.ch/S3/crabcache_prod', 'cachefilename': '9931080a217a3a0ae6e58bc98718206ad62014c637c70e64dd799601ca1c2008.tar.gz', 'debugfilename': 'f85921e0d1fe55fdd645adaee7c903c31d30989ed58fc287059a2b707b09b717.tar.gz'} 
DEBUG 2025-04-02 11:56:04.482 UTC: 	 Encoded data for curl request: dryrun=0&workflow=crab_DY3j_LO_5f_CPPNONE&saveoutput=1&savelogsflag=0&primarydataset=DY3j_LO_5f_CPPNONE&nonvaliddata=0&dbsurl=https%3A%2F%2Fcmsweb.cern.ch%2Fdbs%2Fprod%2Fglobal%2FDBSReader&useparent=0&ignorelocality=0&splitalgo=EventBased&algoargs=4000&totalunits=160000&lfn=%2Fstore%2Fuser%2Fchoij%2FMG4GPU%2FValidation&publication=0&publishdbsurl=https%3A%2F%2Fcmsweb.cern.ch%2Fdbs%2Fprod%2Fphys03%2FDBSWriter&publishname2=Run3Summer23wmLHEGS&jobtype=PrivateMC&generator=pythia&maxjobruntime=1250&numcores=1&maxmemory=5000&priority=10&nonprodsw=0&asyncdest=T3_KR_KNU&requireaccelerator=0&oneEventMode=0&ignoreglobalblacklist=0&partialdataset=0&jobarch=el9_amd64_gcc11&jobminuarch=any&jobsw=CMSSW_13_0_13&cacheurl=https%3A%2F%2Fcmsweb.cern.ch%2FS3%2Fcrabcache_prod&cachefilename=9931080a217a3a0ae6e58bc98718206ad62014c637c70e64dd799601ca1c2008.tar.gz&debugfilename=f85921e0d1fe55fdd645adaee7c903c31d30989ed58fc287059a2b707b09b717.tar.gz&edmoutfiles=NANOGEN.root
DEBUG 2025-04-02 11:56:05.336 UTC: 	 Result: {'result': [{'RequestName': '250402_115605:choij_crab_DY3j_LO_5f_CPPNONE'}]}
INFO 2025-04-02 11:56:05.337 UTC: 	 Success: Your task has been delivered to the prod CRAB3 server.
INFO 2025-04-02 11:56:05.337 UTC: 	 Task name: 250402_115605:choij_crab_DY3j_LO_5f_CPPNONE
INFO 2025-04-02 11:56:05.337 UTC: 	 Project dir: crab_projects/crab_DY3j_LO_5f_CPPNONE
INFO 2025-04-02 11:56:05.337 UTC: 	 Please use ' crab status -d crab_projects/crab_DY3j_LO_5f_CPPNONE ' to check how the submission process proceeds.
DEBUG 2025-04-02 11:56:05.337 UTC: 	 About to return
INFO 2025-04-02 11:56:05.339 UTC: 	 Log file is /home/choij/workspace/CustomNanoGEN_CMSSW_13_0_13/src/Configuration/CustomNanoGEN/crab/crab_projects/crab_DY3j_LO_5f_CPPNONE/crab.log
DEBUG 2025-04-02 14:14:15.371 UTC: 	 CRAB Client version: v3.250318
DEBUG 2025-04-02 14:14:15.371 UTC: 	 Running on: Linux private-snu 6.13.8-200.fc41.x86_64 #1 SMP PREEMPT_DYNAMIC Sun Mar 23 05:03:09 UTC 2025 x86_64 x86_64 x86_64 GNU/Linux
DEBUG 2025-04-02 14:14:15.371 UTC: 	 Using SINGULARITY image: private-el9.sif
DEBUG 2025-04-02 14:14:15.371 UTC: 	 Operating System: AlmaLinux 9.5 (Teal Serval)
DEBUG 2025-04-02 14:14:15.371 UTC: 	 Executing command: 'status'
DEBUG 2025-04-02 14:14:15.371 UTC: 	 Found CRAB cache file /home/choij/.crab3
DEBUG 2025-04-02 14:14:15.373 UTC: 	 Checking credentials
DEBUG 2025-04-02 14:14:15.374 UTC: 	 Found proxy file /tmp/x509up_u1000
DEBUG 2025-04-02 14:14:15.374 UTC: 	 Making sure it has proper VOMS extension
DEBUG 2025-04-02 14:14:15.374 UTC: 	 Executing command :
 voms-proxy-info --vo --file /tmp/x509up_u1000
DEBUG 2025-04-02 14:14:16.124 UTC: 	 output : cms

 error: 
 retcode : 0
DEBUG 2025-04-02 14:14:16.125 UTC: 	 Getting proxy life time left
DEBUG 2025-04-02 14:14:16.125 UTC: 	 Executing command :
 voms-proxy-info --actimeleft --timeleft --file /tmp/x509up_u1000
DEBUG 2025-04-02 14:14:16.728 UTC: 	 output : 573413
573413

 error: 
 retcode : 0
DEBUG 2025-04-02 14:14:16.728 UTC: 	 Proxy valid for 159:16:53 hours
DEBUG 2025-04-02 14:14:16.728 UTC: 	 Encoded data for curl request: subresource=delegatedn
DEBUG 2025-04-02 14:14:17.560 UTC: 	 Registering user credentials on myproxy for /DC=ch/DC=cern/OU=computers/CN=crab-(preprod|prod)-tw(01|02).cern.ch|/DC=ch/DC=cern/OU=computers/CN=crab-dev-tw(01|02|03|04).cern.ch|/DC=ch/DC=cern/OU=Organic Units/OU=Users/CN=cmscrab/CN=(817881|373708)/CN=Robot: cms crab|/DC=ch/DC=cern/OU=Organic Units/OU=Users/CN=crabint1/CN=373708/CN=Robot: CMS CRAB Integration 1
DEBUG 2025-04-02 14:14:17.560 UTC: 	 Executing command :
 voms-proxy-info --identity --file /tmp/x509up_u1000
DEBUG 2025-04-02 14:14:18.028 UTC: 	 output : /DC=ch/DC=cern/OU=Organic Units/OU=Users/CN=choij/CN=841389/CN=Jin Choi

 error: 
 retcode : 0
DEBUG 2025-04-02 14:14:18.029 UTC: 	 Getting myproxy life time left for 62145c27448958522230f1583fedca774537a25d
DEBUG 2025-04-02 14:14:18.029 UTC: 	 Executing command :
 myproxy-info -s myproxy.cern.ch -l 62145c27448958522230f1583fedca774537a25d
DEBUG 2025-04-02 14:14:23.105 UTC: 	 output : username: 62145c27448958522230f1583fedca774537a25d
owner: /DC=ch/DC=cern/OU=Organic Units/OU=Users/CN=choij/CN=841389/CN=Jin Choi
  renewal policy: /DC=ch/DC=cern/OU=computers/CN=crab-(preprod|prod)-tw(01|02).cern.ch|/DC=ch/DC=cern/OU=computers/CN=crab-dev-tw(01|02|03|04).cern.ch|/DC=ch/DC=cern/OU=Organic Units/OU=Users/CN=cmscrab/CN=(817881|373708)/CN=Robot: cms crab|/DC=ch/DC=cern/OU=Organic Units/OU=Users/CN=crabint1/CN=373708/CN=Robot: CMS CRAB Integration 1
  trusted retrieval policy: /DC=ch/DC=cern/OU=computers/CN=crab-(preprod|prod)-tw(01|02).cern.ch|/DC=ch/DC=cern/OU=computers/CN=crab-dev-tw(01|02|03|04).cern.ch|/DC=ch/DC=cern/OU=Organic Units/OU=Users/CN=cmscrab/CN=(817881|373708)/CN=Robot: cms crab|/DC=ch/DC=cern/OU=Organic Units/OU=Users/CN=crabint1/CN=373708/CN=Robot: CMS CRAB Integration 1
  timeleft: 519:01:41  (21.6 days)

 error: 
 retcode : 0
DEBUG 2025-04-02 14:14:23.105 UTC: 	 Myproxy is valid: 1868460
DEBUG 2025-04-02 14:14:23.105 UTC: 	 Result of myproxy credential check:
  Credential exists on myproxy: username: 62145c27448958522230f1583fedca774537a25d  - validity: 21 days, 15:01:00
DEBUG 2025-04-02 14:14:23.105 UTC: 	 Retrieving username ...
DEBUG 2025-04-02 14:14:23.105 UTC: 	 Retrieving username from CRIC...
DEBUG 2025-04-02 14:14:31.923 UTC: 	 username is choij
INFO 2025-04-02 14:14:33.002 UTC: 	 Rucio client intialized for account choij
DEBUG 2025-04-02 14:14:33.003 UTC: 	 Command use: status
DEBUG 2025-04-02 14:14:33.003 UTC: 	 Options use: ['-d', 'crab_projects/crab_DY3j_LO_5f_CPPNONE']
DEBUG 2025-04-02 14:14:33.003 UTC: 	 Encoded data for curl request: subresource=version
DEBUG 2025-04-02 14:14:33.833 UTC: 	 CRABClient version: v3.250318
DEBUG 2025-04-02 14:14:33.833 UTC: 	 Instance is prod
DEBUG 2025-04-02 14:14:33.833 UTC: 	 Server base url is cmsweb.cern.ch
DEBUG 2025-04-02 14:14:33.833 UTC: 	 Command api workflow
DEBUG 2025-04-02 14:14:33.833 UTC: 	 Encoded data for curl request: subresource=search&workflow=250402_115605%3Achoij_crab_DY3j_LO_5f_CPPNONE
DEBUG 2025-04-02 14:14:34.676 UTC: 	 Got information from server oracle database: {'desc': {'columns': ['tm_taskname', 'tm_activity', 'tm_task_status', 'tm_task_command', 'tm_start_time', 'tm_start_injection', 'tm_end_injection', 'tm_task_failure', 'tm_job_sw', 'tm_job_arch', 'tm_input_dataset', 'tm_nonvalid_input_dataset', 'tm_use_parent', 'tm_site_whitelist', 'tm_site_blacklist', 'tm_split_algo', 'tm_split_args', 'tm_user_sandbox', 'tm_cache_url', 'tm_username', 'tm_user_dn', 'tm_user_vo', 'tm_user_role', 'tm_user_group', 'tm_publish_name', 'tm_publish_groupname', 'tm_asyncdest', 'tm_dbs_url', 'tm_publish_dbs_url', 'tm_publication', 'tm_outfiles', 'tm_tfile_outfiles', 'tm_edm_outfiles', 'tm_job_type', 'tm_generator', 'tm_events_per_lumi', 'tm_arguments', 'tm_save_logs', 'tw_name', 'tm_user_infiles', 'tm_maxjobruntime', 'tm_numcores', 'tm_maxmemory', 'tm_priority', 'tm_output_dataset', 'tm_task_warnings', 'tm_user_webdir', 'tm_scriptexe', 'tm_scriptargs', 'tm_extrajdl', 'tm_collector', 'tm_schedd', 'tm_dry_run', 'tm_user_files', 'tm_transfer_outputs', 'tm_output_lfn', 'tm_ignore_locality', 'tm_fail_limit', 'tm_one_event_mode', 'tm_secondary_input_dataset', 'tm_primary_dataset', 'tm_last_publication', 'tm_debug_files', 'clusterid', 'tm_ignore_global_blacklist', 'tm_submitter_ip_addr', 'tm_totalunits', 'tm_ddm_reqid', 'tm_user_config', 'tm_transfer_container', 'tm_transfer_rule', 'tm_publish_rule', 'tm_multipub_rule', 'tm_job_min_microarch', 'tm_dagman_status', 'tm_num_jobs', 'tm_uploaded']}, 'result': ['250402_115605:choij_crab_DY3j_LO_5f_CPPNONE', 'None', 'SUBMITTED', 'SUBMIT', '2025-04-02 11:56:05.196427', 'None', '2025-04-02 11:57:37.813540', 'None', 'CMSSW_13_0_13', 'el9_amd64_gcc11', 'None', 'F', '0', '[]', '[]', 'EventBased', "{'halt_job_on_file_boundaries': False, 'splitOnRun': False, 'events_per_job': 4000, 'runs': [], 'lumis': []}", '9931080a217a3a0ae6e58bc98718206ad62014c637c70e64dd799601ca1c2008.tar.gz', 'https://cmsweb.cern.ch/S3/crabcache_prod', 'choij', '/DC=ch/DC=cern/OU=Organic Units/OU=Users/CN=choij/CN=841389/CN=Jin Choi', 'cms', 'None', 'None', 'Run3Summer23wmLHEGS-00000000000000000000000000000000', 'F', 'T3_KR_KNU', 'https://cmsweb.cern.ch/dbs/prod/global/DBSReader', 'https://cmsweb.cern.ch/dbs/prod/phys03/DBSWriter', 'F', '[]', '[]', "['NANOGEN.root']", 'PrivateMC', 'pythia', 'None', '{}', 'F', 'crab-prod-tw02', '[]', '1250', '1', '5000', '10', "['/FakeDataset/fakefile-FakePublish-5070e40f45eb688601c6a1016f361405/USER']", "['Task requests 5000 MB of memory, but only 2500 are guaranteed to be available. Jobs may not find a site where to run and stay idle forever.']", 'http://vocms0120.cern.ch/mon/choij/250402_115605:choij_crab_DY3j_LO_5f_CPPNONE', 'None', '[]', '[]', 'cmsgwms-collector-global.cern.ch:9620,cmsgwms-collector-global.fnal.gov:9620', 'crab3@vocms0120.cern.ch', 'F', '[]', 'T', '/store/user/choij/MG4GPU/Validation', 'F', 'None', 'F', 'None', 'DY3j_LO_5f_CPPNONE', 'None', 'f85921e0d1fe55fdd645adaee7c903c31d30989ed58fc287059a2b707b09b717.tar.gz', '120865485', 'F', '188.185.101.116', '160000.0', 'None', '{"partialdataset": false, "requireaccelerator": false, "acceleratorparams": null, "inputblocks": null}', 'None', 'None', 'None', 'None', 'any', 'NOT_READY', '0', 'F']}
INFO 2025-04-02 14:14:34.676 UTC: 	 CRAB project directory:		/home/choij/workspace/CustomNanoGEN_CMSSW_13_0_13/src/Configuration/CustomNanoGEN/crab/crab_projects/crab_DY3j_LO_5f_CPPNONE
INFO 2025-04-02 14:14:34.676 UTC: 	 Task name:			250402_115605:choij_crab_DY3j_LO_5f_CPPNONE
INFO 2025-04-02 14:14:34.676 UTC: 	 Grid scheduler - Task Worker:	crab3@vocms0120.cern.ch - crab-prod-tw02
INFO 2025-04-02 14:14:34.676 UTC: 	 Status on the CRAB server:	SUBMITTED
INFO 2025-04-02 14:14:34.676 UTC: 	 Task URL to use for HELP:	https://cmsweb.cern.ch/crabserver/ui/task/250402_115605%3Achoij_crab_DY3j_LO_5f_CPPNONE
INFO 2025-04-02 14:14:34.682 UTC: 	 Dashboard monitoring URL:	https://monit-grafana.cern.ch/d/cmsTMDetail/cms-task-monitoring-task-view?orgId=11&var-user=choij&var-task=250402_115605%3Achoij_crab_DY3j_LO_5f_CPPNONE&from=1743591365000&to=now
WARNING 2025-04-02 14:14:34.682 UTC: 	 Warning:			Task requests 5000 MB of memory, but only 2500 are guaranteed to be available. Jobs may not find a site where to run and stay idle forever.
DEBUG 2025-04-02 14:14:34.682 UTC: 	 The CRAB server submitted your task to the Grid scheduler (cluster ID: 120865485)
DEBUG 2025-04-02 14:14:34.682 UTC: 	 Webdir is located at http://vocms0120.cern.ch/mon/choij/250402_115605:choij_crab_DY3j_LO_5f_CPPNONE
DEBUG 2025-04-02 14:14:34.682 UTC: 	 Encoded data for curl request: subresource=webdirprx&workflow=250402_115605%3Achoij_crab_DY3j_LO_5f_CPPNONE
DEBUG 2025-04-02 14:14:35.517 UTC: 	 Proxied webdir is located at https://cmsweb.cern.ch:8443/scheddmon/0120/choij/250402_115605:choij_crab_DY3j_LO_5f_CPPNONE
DEBUG 2025-04-02 14:14:35.518 UTC: 	 Retrieving 'status_cache' file from https://cmsweb.cern.ch:8443/scheddmon/0120/choij/250402_115605:choij_crab_DY3j_LO_5f_CPPNONE/status_cache.pkl
DEBUG 2025-04-02 14:14:35.518 UTC: 	 Will execute:
curl -sS --capath /cvmfs/grid.cern.ch/etc/grid-security/certificates --cert /tmp/x509up_u1000 --key /tmp/x509up_u1000 -o /tmp/crab_status-cache-l00mdq0v.pkl -w %"{http_code}" "https://cmsweb.cern.ch:8443/scheddmon/0120/choij/250402_115605:choij_crab_DY3j_LO_5f_CPPNONE/status_cache.pkl"
DEBUG 2025-04-02 14:14:35.518 UTC: 	 Executing command :
 curl -sS --capath /cvmfs/grid.cern.ch/etc/grid-security/certificates --cert /tmp/x509up_u1000 --key /tmp/x509up_u1000 -o /tmp/crab_status-cache-l00mdq0v.pkl -w %"{http_code}" "https://cmsweb.cern.ch:8443/scheddmon/0120/choij/250402_115605:choij_crab_DY3j_LO_5f_CPPNONE/status_cache.pkl"
DEBUG 2025-04-02 14:14:36.605 UTC: 	 output : 200
 error: 
 retcode : 0
DEBUG 2025-04-02 14:14:36.605 UTC: 	 exitcode: 0
stdout: 200
stderr: 
error details: 
DEBUG 2025-04-02 14:14:36.605 UTC: 	 Got information from status cache file: {'19': {'Retries': 0, 'Restarts': 0, 'SiteHistory': ['Unknown', 'T2_CH_CERN', 'T2_CH_CERN'], 'ResidentSetSize': [3990372], 'SubmitTimes': [1743595126.0], 'StartTimes': [1743595542.0], 'EndTimes': [1743597987.0], 'TotalUserCpuTimeHistory': [1509], 'TotalSysCpuTimeHistory': [21], 'WallDurations': [8.0, 245.15482020378113, 2445.0], 'JobIds': ['120865494.0'], 'State': 'finished', 'RecordedSite': True}, '4': {'Retries': 0, 'Restarts': 0, 'SiteHistory': ['Unknown', 'T2_CH_CERN', 'T2_CH_CERN'], 'ResidentSetSize': [1612724], 'SubmitTimes': [1743595126.0], 'StartTimes': [1743595541.0], 'EndTimes': [1743597838.0], 'TotalUserCpuTimeHistory': [1549], 'TotalSysCpuTimeHistory': [16], 'WallDurations': [9.0, 246.15482020378113, 2297.0], 'JobIds': ['120865495.0'], 'State': 'finished', 'RecordedSite': True}, '18': {'Retries': 0, 'Restarts': 0, 'SiteHistory': ['Unknown', 'T2_CH_CERN', 'T2_CH_CERN'], 'ResidentSetSize': [4023824], 'SubmitTimes': [1743595126.0], 'StartTimes': [1743595542.0], 'EndTimes': [1743598750.0], 'TotalUserCpuTimeHistory': [2216], 'TotalSysCpuTimeHistory': [12], 'WallDurations': [8.0, 245.15482020378113, 3208.0], 'JobIds': ['120865496.0'], 'State': 'finished', 'RecordedSite': True}, '1': {'Retries': 0, 'Restarts': 0, 'SiteHistory': ['Unknown', 'T2_CH_CERN', 'T2_CH_CERN'], 'ResidentSetSize': [1047436], 'SubmitTimes': [1743595126.0], 'StartTimes': [1743595540.0], 'EndTimes': [1743597292.0], 'TotalUserCpuTimeHistory': [1200], 'TotalSysCpuTimeHistory': [7], 'WallDurations': [8.0, 247.15482020378113, 1752.0], 'JobIds': ['120865497.0'], 'State': 'finished', 'RecordedSite': True}, '9': {'Retries': 0, 'Restarts': 0, 'SiteHistory': ['Unknown', 'T2_CH_CERN', 'T2_CH_CERN'], 'ResidentSetSize': [1047324], 'SubmitTimes': [1743595126.0], 'StartTimes': [1743595540.0], 'EndTimes': [1743598217.0], 'TotalUserCpuTimeHistory': [1825], 'TotalSysCpuTimeHistory': [16], 'WallDurations': [8.0, 247.15482020378113, 2677.0], 'JobIds': ['120865498.0'], 'State': 'finished', 'RecordedSite': True}, '16': {'Retries': 0, 'Restarts': 0, 'SiteHistory': ['Unknown', 'T2_CH_CERN', 'T2_CH_CERN'], 'ResidentSetSize': [1036720], 'SubmitTimes': [1743595126.0], 'StartTimes': [1743595560.0], 'EndTimes': [1743597550.0], 'TotalUserCpuTimeHistory': [1351], 'TotalSysCpuTimeHistory': [14], 'WallDurations': [8.0, 227.15482020378113, 1990.0], 'JobIds': ['120865499.0'], 'State': 'finished', 'RecordedSite': True}, '2': {'Retries': 0, 'Restarts': 0, 'SiteHistory': ['Unknown', 'T2_CH_CERN', 'T2_CH_CERN'], 'ResidentSetSize': [1047068], 'SubmitTimes': [1743595126.0], 'StartTimes': [1743595244.0], 'EndTimes': [1743598038.0], 'TotalUserCpuTimeHistory': [1958], 'TotalSysCpuTimeHistory': [11], 'WallDurations': [8.0, 243.03855776786804, 2794.0], 'JobIds': ['120865500.0'], 'State': 'finished', 'RecordedSite': True}, '3': {'Retries': 0, 'Restarts': 0, 'SiteHistory': ['Unknown', 'T2_CH_CERN', 'T2_CH_CERN'], 'ResidentSetSize': [1051920], 'SubmitTimes': [1743595126.0], 'StartTimes': [1743595244.0], 'EndTimes': [1743598024.0], 'TotalUserCpuTimeHistory': [1925], 'TotalSysCpuTimeHistory': [11], 'WallDurations': [8.0, 243.03855776786804, 2780.0], 'JobIds': ['120865501.0'], 'State': 'finished', 'RecordedSite': True}, '7': {'Retries': 0, 'Restarts': 0, 'SiteHistory': ['Unknown', 'T2_CH_CERN', 'T2_CH_CERN'], 'ResidentSetSize': [1042796], 'SubmitTimes': [1743595126.0], 'StartTimes': [1743595541.0], 'EndTimes': [1743597908.0], 'TotalUserCpuTimeHistory': [1549], 'TotalSysCpuTimeHistory': [11], 'WallDurations': [9.0, 246.15482020378113, 2367.0], 'JobIds': ['120865502.0'], 'State': 'finished', 'RecordedSite': True}, '8': {'Retries': 0, 'Restarts': 0, 'SiteHistory': ['Unknown', 'T2_CH_CERN', 'T2_CH_CERN'], 'ResidentSetSize': [1014340], 'SubmitTimes': [1743595126.0], 'StartTimes': [1743595540.0], 'EndTimes': [1743597742.0], 'TotalUserCpuTimeHistory': [1448], 'TotalSysCpuTimeHistory': [10], 'WallDurations': [10.0, 247.15482020378113, 2202.0], 'JobIds': ['120865503.0'], 'State': 'finished', 'RecordedSite': True}, '14': {'Retries': 0, 'Restarts': 0, 'SiteHistory': ['Unknown', 'T2_CH_CERN', 'T2_CH_CERN'], 'ResidentSetSize': [4039092], 'SubmitTimes': [1743595126.0], 'StartTimes': [1743595541.0], 'EndTimes': [1743600359.0], 'TotalUserCpuTimeHistory': [3401], 'TotalSysCpuTimeHistory': [19], 'WallDurations': [9.0, 246.15482020378113, 4818.0], 'JobIds': ['120865504.0'], 'State': 'finished', 'RecordedSite': True}, '6': {'Retries': 0, 'Restarts': 0, 'SiteHistory': ['Unknown', 'T2_CH_CERN', 'T2_CH_CERN'], 'ResidentSetSize': [1025672], 'SubmitTimes': [1743595126.0], 'StartTimes': [1743595541.0], 'EndTimes': [1743597551.0], 'TotalUserCpuTimeHistory': [1396], 'TotalSysCpuTimeHistory': [8], 'WallDurations': [8.0, 246.15482020378113, 2010.0], 'JobIds': ['120865505.0'], 'State': 'finished', 'RecordedSite': True}, '11': {'Retries': 0, 'Restarts': 0, 'SiteHistory': ['Unknown', 'T2_CH_CERN', 'T2_CH_CERN'], 'ResidentSetSize': [1044496], 'SubmitTimes': [1743595126.0], 'StartTimes': [1743595540.0], 'EndTimes': [1743597311.0], 'TotalUserCpuTimeHistory': [1166], 'TotalSysCpuTimeHistory': [9], 'WallDurations': [8.0, 247.15482020378113, 1771.0], 'JobIds': ['120865506.0'], 'State': 'finished', 'RecordedSite': True}, '13': {'Retries': 0, 'Restarts': 0, 'SiteHistory': ['Unknown', 'T2_CH_CERN', 'T2_CH_CERN'], 'ResidentSetSize': [2905272], 'SubmitTimes': [1743595126.0], 'StartTimes': [1743595541.0], 'EndTimes': [1743597638.0], 'TotalUserCpuTimeHistory': [1388], 'TotalSysCpuTimeHistory': [9], 'WallDurations': [8.0, 246.15482020378113, 2097.0], 'JobIds': ['120865507.0'], 'State': 'finished', 'RecordedSite': True}, '12': {'Retries': 0, 'Restarts': 0, 'SiteHistory': ['Unknown', 'T2_CH_CERN', 'T2_CH_CERN'], 'ResidentSetSize': [4008148], 'SubmitTimes': [1743595126.0], 'StartTimes': [1743595541.0], 'EndTimes': [1743599742.0], 'TotalUserCpuTimeHistory': [2386], 'TotalSysCpuTimeHistory': [21], 'WallDurations': [9.0, 246.15482020378113, 4201.0], 'JobIds': ['120865508.0'], 'State': 'finished', 'RecordedSite': True}, '17': {'Retries': 0, 'Restarts': 0, 'SiteHistory': ['Unknown', 'T2_CH_CERN', 'T2_CH_CERN'], 'ResidentSetSize': [1036448], 'SubmitTimes': [1743595126.0], 'StartTimes': [1743595540.0], 'EndTimes': [1743597413.0], 'TotalUserCpuTimeHistory': [1266], 'TotalSysCpuTimeHistory': [9], 'WallDurations': [9.0, 247.15482020378113, 1873.0], 'JobIds': ['120865509.0'], 'State': 'finished', 'RecordedSite': True}, '5': {'Retries': 0, 'Restarts': 0, 'SiteHistory': ['Unknown', 'T2_CH_CERN', 'T2_CH_CERN'], 'ResidentSetSize': [1054744], 'SubmitTimes': [1743595126.0], 'StartTimes': [1743595243.0], 'EndTimes': [1743598046.0], 'TotalUserCpuTimeHistory': [1970], 'TotalSysCpuTimeHistory': [12], 'WallDurations': [9.0, 244.03855776786804, 2803.0], 'JobIds': ['120865510.0'], 'State': 'finished', 'RecordedSite': True}, '15': {'Retries': 0, 'Restarts': 0, 'SiteHistory': ['Unknown', 'T2_CH_CERN', 'T2_CH_CERN'], 'ResidentSetSize': [1012372], 'SubmitTimes': [1743595126.0], 'StartTimes': [1743595541.0], 'EndTimes': [1743597902.0], 'TotalUserCpuTimeHistory': [1496], 'TotalSysCpuTimeHistory': [13], 'WallDurations': [8.0, 246.15482020378113, 2361.0], 'JobIds': ['120865511.0'], 'State': 'finished', 'RecordedSite': True}, '20': {'Retries': 0, 'Restarts': 0, 'SiteHistory': ['Unknown', 'T2_CH_CERN', 'T2_CH_CERN'], 'ResidentSetSize': [1048852], 'SubmitTimes': [1743595126.0], 'StartTimes': [1743595542.0], 'EndTimes': [1743597230.0], 'TotalUserCpuTimeHistory': [1144], 'TotalSysCpuTimeHistory': [10], 'WallDurations': [8.0, 245.15482020378113, 1688.0], 'JobIds': ['120865512.0'], 'State': 'finished', 'RecordedSite': True}, '10': {'Retries': 0, 'Restarts': 0, 'SiteHistory': ['Unknown', 'T2_CH_CERN', 'T2_CH_CERN'], 'ResidentSetSize': [1035500], 'SubmitTimes': [1743595126.0], 'StartTimes': [1743595541.0], 'EndTimes': [1743597563.0], 'TotalUserCpuTimeHistory': [1391], 'TotalSysCpuTimeHistory': [11], 'WallDurations': [9.0, 246.15482020378113, 2022.0], 'JobIds': ['120865513.0'], 'State': 'finished', 'RecordedSite': True}, '24': {'Retries': 0, 'Restarts': 0, 'SiteHistory': ['Unknown', 'T2_CH_CERN', 'T2_CH_CERN'], 'ResidentSetSize': [3965980], 'SubmitTimes': [1743595126.0], 'StartTimes': [1743595541.0], 'EndTimes': [1743597471.0], 'TotalUserCpuTimeHistory': [1244], 'TotalSysCpuTimeHistory': [10], 'WallDurations': [8.0, 246.15482020378113, 1930.0], 'JobIds': ['120865514.0'], 'State': 'finished', 'RecordedSite': True}, '23': {'Retries': 0, 'Restarts': 0, 'SiteHistory': ['Unknown', 'T2_CH_CERN', 'T2_CH_CERN'], 'ResidentSetSize': [1014988], 'SubmitTimes': [1743595127.0], 'StartTimes': [1743595541.0], 'EndTimes': [1743598516.0], 'TotalUserCpuTimeHistory': [1537], 'TotalSysCpuTimeHistory': [19], 'WallDurations': [9.0, 246.15482020378113, 2975.0], 'JobIds': ['120865515.0'], 'State': 'finished', 'RecordedSite': True}, '25': {'Retries': 0, 'Restarts': 0, 'SiteHistory': ['Unknown', 'T2_CH_CERN', 'T2_CH_CERN'], 'ResidentSetSize': [3299052], 'SubmitTimes': [1743595127.0], 'StartTimes': [1743595541.0], 'EndTimes': [1743600513.0], 'TotalUserCpuTimeHistory': [2397], 'TotalSysCpuTimeHistory': [21], 'WallDurations': [9.0, 246.15482020378113, 4972.0], 'JobIds': ['120865517.0'], 'State': 'finished', 'RecordedSite': True}, '22': {'Retries': 0, 'Restarts': 0, 'SiteHistory': ['Unknown', 'T2_CH_CERN', 'T2_CH_CERN'], 'ResidentSetSize': [1042880], 'SubmitTimes': [1743595127.0], 'StartTimes': [1743595541.0], 'EndTimes': [1743597156.0], 'TotalUserCpuTimeHistory': [1104], 'TotalSysCpuTimeHistory': [7], 'WallDurations': [9.0, 246.15482020378113, 1615.0], 'JobIds': ['120865518.0'], 'State': 'finished', 'RecordedSite': True}, '28': {'Retries': 0, 'Restarts': 0, 'SiteHistory': ['Unknown', 'T2_CH_CERN', 'T2_CH_CERN'], 'ResidentSetSize': [2261868], 'SubmitTimes': [1743595127.0], 'StartTimes': [1743595541.0], 'EndTimes': [1743597561.0], 'TotalUserCpuTimeHistory': [1298], 'TotalSysCpuTimeHistory': [11], 'WallDurations': [8.0, 246.15482020378113, 2020.0], 'JobIds': ['120865519.0'], 'State': 'finished', 'RecordedSite': True}, '35': {'Retries': 0, 'Restarts': 0, 'SiteHistory': ['Unknown', 'T2_CH_CERN', 'T2_CH_CERN'], 'ResidentSetSize': [4039072], 'SubmitTimes': [1743595127.0], 'StartTimes': [1743595243.0], 'EndTimes': [1743600029.0], 'TotalUserCpuTimeHistory': [3377], 'TotalSysCpuTimeHistory': [13], 'WallDurations': [9.0, 244.03855776786804, 4786.0], 'JobIds': ['120865520.0'], 'State': 'finished', 'RecordedSite': True}, '30': {'Retries': 0, 'Restarts': 0, 'SiteHistory': ['Unknown', 'T2_CH_CERN', 'T2_CH_CERN'], 'ResidentSetSize': [4034496], 'SubmitTimes': [1743595127.0], 'StartTimes': [1743595541.0], 'EndTimes': [1743597611.0], 'TotalUserCpuTimeHistory': [1441], 'TotalSysCpuTimeHistory': [11], 'WallDurations': [8.0, 246.15482020378113, 2070.0], 'JobIds': ['120865521.0'], 'State': 'finished', 'RecordedSite': True}, '38': {'Retries': 0, 'Restarts': 0, 'SiteHistory': ['Unknown', 'T2_CH_CERN', 'T2_CH_CERN'], 'ResidentSetSize': [1056600], 'SubmitTimes': [1743595127.0], 'StartTimes': [1743595242.0], 'EndTimes': [1743599003.0], 'TotalUserCpuTimeHistory': [2032], 'TotalSysCpuTimeHistory': [10], 'WallDurations': [8.0, 245.03855776786804, 3761.0], 'JobIds': ['120865522.0'], 'State': 'finished', 'RecordedSite': True}, '37': {'Retries': 0, 'Restarts': 0, 'SiteHistory': ['Unknown', 'T2_CH_CERN', 'T2_CH_CERN'], 'ResidentSetSize': [1823860], 'SubmitTimes': [1743595127.0], 'StartTimes': [1743595541.0], 'EndTimes': [1743597539.0], 'TotalUserCpuTimeHistory': [1296], 'TotalSysCpuTimeHistory': [10], 'WallDurations': [9.0, 246.15482020378113, 1998.0], 'JobIds': ['120865523.0'], 'State': 'finished', 'RecordedSite': True}, '34': {'Retries': 0, 'Restarts': 0, 'SiteHistory': ['Unknown', 'T2_CH_CERN', 'T2_CH_CERN'], 'ResidentSetSize': [1043936], 'SubmitTimes': [1743595127.0], 'StartTimes': [1743595542.0], 'EndTimes': [1743597573.0], 'TotalUserCpuTimeHistory': [1400], 'TotalSysCpuTimeHistory': [10], 'WallDurations': [8.0, 245.15482020378113, 2031.0], 'JobIds': ['120865524.0'], 'State': 'finished', 'RecordedSite': True}, '31': {'Retries': 0, 'Restarts': 0, 'SiteHistory': ['Unknown', 'T2_CH_CERN', 'T2_CH_CERN'], 'ResidentSetSize': [3990000], 'SubmitTimes': [1743595127.0], 'StartTimes': [1743595541.0], 'EndTimes': [1743597454.0], 'TotalUserCpuTimeHistory': [1295], 'TotalSysCpuTimeHistory': [13], 'WallDurations': [8.0, 246.15482020378113, 1913.0], 'JobIds': ['120865525.0'], 'State': 'finished', 'RecordedSite': True}, '32': {'Retries': 0, 'Restarts': 0, 'SiteHistory': ['Unknown', 'T2_CH_CERN', 'T2_CH_CERN'], 'ResidentSetSize': [1055968], 'SubmitTimes': [1743595127.0], 'StartTimes': [1743595542.0], 'EndTimes': [1743598437.0], 'TotalUserCpuTimeHistory': [1764], 'TotalSysCpuTimeHistory': [14], 'WallDurations': [8.0, 245.15482020378113, 2895.0], 'JobIds': ['120865526.0'], 'State': 'finished', 'RecordedSite': True}, '36': {'Retries': 0, 'Restarts': 0, 'SiteHistory': ['Unknown', 'T2_CH_CERN', 'T2_CH_CERN'], 'ResidentSetSize': [1058312], 'SubmitTimes': [1743595127.0], 'StartTimes': [1743595541.0], 'EndTimes': [1743599487.0], 'TotalUserCpuTimeHistory': [2269], 'TotalSysCpuTimeHistory': [15], 'WallDurations': [10.0, 246.15482020378113, 3946.0], 'JobIds': ['120865527.0'], 'State': 'finished', 'RecordedSite': True}, '27': {'Retries': 0, 'Restarts': 0, 'SiteHistory': ['Unknown', 'T2_CH_CERN', 'T2_CH_CERN'], 'ResidentSetSize': [1035400], 'SubmitTimes': [1743595127.0], 'StartTimes': [1743595541.0], 'EndTimes': [1743597281.0], 'TotalUserCpuTimeHistory': [1217], 'TotalSysCpuTimeHistory': [11], 'WallDurations': [9.0, 246.15482020378113, 1740.0], 'JobIds': ['120865528.0'], 'State': 'finished', 'RecordedSite': True}, '26': {'Retries': 0, 'Restarts': 0, 'SiteHistory': ['Unknown', 'T2_CH_CERN', 'T2_CH_CERN'], 'ResidentSetSize': [1034280], 'SubmitTimes': [1743595127.0], 'StartTimes': [1743595541.0], 'EndTimes': [1743597709.0], 'TotalUserCpuTimeHistory': [1299], 'TotalSysCpuTimeHistory': [13], 'WallDurations': [9.0, 246.15482020378113, 2168.0], 'JobIds': ['120865529.0'], 'State': 'finished', 'RecordedSite': True}, '21': {'Retries': 0, 'Restarts': 0, 'SiteHistory': ['Unknown', 'T2_CH_CERN', 'T2_CH_CERN'], 'ResidentSetSize': [3929376], 'SubmitTimes': [1743595127.0], 'StartTimes': [1743595541.0], 'EndTimes': [1743598978.0], 'TotalUserCpuTimeHistory': [2115], 'TotalSysCpuTimeHistory': [16], 'WallDurations': [9.0, 246.15482020378113, 3437.0], 'JobIds': ['120865530.0'], 'State': 'finished', 'RecordedSite': True}, '33': {'Retries': 0, 'Restarts': 0, 'SiteHistory': ['Unknown', 'T2_CH_CERN', 'T2_CH_CERN'], 'ResidentSetSize': [1034728], 'SubmitTimes': [1743595127.0], 'StartTimes': [1743595541.0], 'EndTimes': [1743597290.0], 'TotalUserCpuTimeHistory': [1204], 'TotalSysCpuTimeHistory': [8], 'WallDurations': [9.0, 246.15482020378113, 1749.0], 'JobIds': ['120865531.0'], 'State': 'finished', 'RecordedSite': True}, '29': {'Retries': 0, 'Restarts': 0, 'SiteHistory': ['Unknown', 'T2_CH_CERN', 'T2_CH_CERN'], 'ResidentSetSize': [1034896], 'SubmitTimes': [1743595127.0], 'StartTimes': [1743595541.0], 'EndTimes': [1743597154.0], 'TotalUserCpuTimeHistory': [1087], 'TotalSysCpuTimeHistory': [8], 'WallDurations': [8.0, 246.15482020378113, 1613.0], 'JobIds': ['120865532.0'], 'State': 'finished', 'RecordedSite': True}, '39': {'Retries': 0, 'Restarts': 0, 'SiteHistory': ['Unknown', 'T2_CH_CERN', 'T2_CH_CERN'], 'ResidentSetSize': [1042116], 'SubmitTimes': [1743595127.0], 'StartTimes': [1743595542.0], 'EndTimes': [1743597044.0], 'TotalUserCpuTimeHistory': [1061], 'TotalSysCpuTimeHistory': [6], 'WallDurations': [8.0, 245.15482020378113, 1502.0], 'JobIds': ['120865533.0'], 'State': 'finished', 'RecordedSite': True}, '40': {'Retries': 0, 'Restarts': 0, 'SiteHistory': ['Unknown', 'T2_CH_CERN', 'T2_CH_CERN'], 'ResidentSetSize': [1055108], 'SubmitTimes': [1743595127.0], 'StartTimes': [1743595244.0], 'EndTimes': [1743597993.0], 'TotalUserCpuTimeHistory': [1914], 'TotalSysCpuTimeHistory': [12], 'WallDurations': [8.0, 243.03855776786804, 2749.0], 'JobIds': ['120865534.0'], 'State': 'finished', 'RecordedSite': True}}
INFO 2025-04-02 14:14:36.606 UTC: 	 Status on the scheduler:	COMPLETED
INFO 2025-04-02 14:14:36.606 UTC: 	 
Jobs status:                    finished     		100.0% (40/40)
INFO 2025-04-02 14:14:36.606 UTC: 	 
No publication information (publication has been disabled in the CRAB configuration file)
INFO 2025-04-02 14:14:36.606 UTC: 	 
Warning: the max jobs runtime is less than 30% of the task requested value (1250 min), please consider to request a lower value for failed jobs (allowed through crab resubmit) and/or improve the jobs splitting (e.g. config.Data.splitting = 'Automatic') in a new task.
INFO 2025-04-02 14:14:36.607 UTC: 	 
Summary of run jobs:
 * Memory: 1022MB min, 3944MB max, 1831MB ave
 * Runtime: 0:25:02 min, 1:22:52 max, 0:42:30 ave
 * CPU eff: 49% min, 71% max, 65% ave
 * Waste: 2:49:11 (9% of total)

INFO 2025-04-02 14:14:36.608 UTC: 	 Log file is /home/choij/workspace/CustomNanoGEN_CMSSW_13_0_13/src/Configuration/CustomNanoGEN/crab/crab_projects/crab_DY3j_LO_5f_CPPNONE/crab.log
